1684094183 131.07 56.99 2349.9 40713.8
1684094193 131.03 56.91 2341.64 44552.1
1684094203 130.74 56.91 2319.45 43887.6
1684094213 130.44 56.91 2344.36 44307.4
1684094223 130.61 56.91 2366.57 45275
1684094233 123.71 56.98 14281.1 44217.3
1684094243 130.22 56.98 2340.13 43980.2
1684094253 130.55 56.9 2341.25 44567.3
1684094263 130.31 56.9 2340.71 43482.2
1684094273 130.61 56.9 2338.97 44151.2
1684094283 130.8 56.9 2338.58 44569.9
1684094293 122.76 56.98 14161.9 44992.6
1684094303 130.55 56.98 2340.86 42665.4
1684094313 129.96 56.9 2320.23 44006.2
1684094323 130.87 56.98 2318.21 44108.3
1684094333 129.74 56.9 2316.45 43047.2
1684094343 130.45 56.9 2340.86 44454.5
1684094353 130.84 56.9 2366.15 44177.8
1684094363 125.58 56.98 16196.9 43010.9
1684094373 130.49 56.98 2336.7 44130.9
1684094383 130.51 56.9 2315.64 42936.4
1684094393 131.13 56.9 2340.86 44605.8
1684094403 130.32 56.9 2314.09 43607.8
1684094413 131.09 56.9 2363.46 44748.3
1684094423 130.54 56.9 2341.25 43801.6
1684094433 127.71 56.98 16835.4 43375.9
1684094443 131.33 56.98 2341.25 44146.7
1684094453 130.54 56.9 2315.95 44395.3
1684094463 130.38 56.9 2336.7 43569.3
1684094473 131.13 56.9 2340.86 44048.2
1684094483 131.62 56.9 2334.43 43999.2
1684094493 131.87 56.9 2325.36 44308.3
1684094503 130.39 56.98 17708.3 43236.1
1684094513 130.54 56.9 2340.86 44046.7
1684094523 130.7 56.9 2315.64 44045.9
1684094533 130.36 56.9 2315.95 44152.9
1684094543 131.42 56.9 2341.25 43804.7
1684094553 130 56.9 2354.7 44033.7
1684094563 122.94 56.98 15940.1 43580.2
1684094573 131.17 56.98 2336.7 44310.7
1684094583 130.57 56.9 2343.14 43761.6
1684094593 130.64 56.9 2316.34 43515.9
1684094603 129.83 56.9 2342.25 43532.6
1684094613 130.71 56.9 2388.73 44356.1
1684094623 130.55 56.9 2340.86 44096.9
1684094633 124.18 56.98 16086.3 43583.4
1684094643 130.68 56.98 2319.77 43603.9
1684094653 129.97 56.9 2318.69 44202.3
1684094663 130.93 56.9 2340.86 44319.5
1684094673 130.03 56.9 2314.09 43360.9
1684094683 130.81 56.9 2338.58 44070.8
1684094693 124.42 56.98 14496.9 44748.6
1684094703 130.9 56.98 2313.7 43390.5
1684094713 130.9 56.9 2314.09 43880.7
1684094723 129.93 56.9 2338.97 44217.7
1684094733 130.54 56.9 2366.15 43779.4
1684094743 130.89 56.9 2363.85 44138
1684094753 130.93 56.9 2340.86 43973.5
1684094763 126.73 56.98 16579.6 44199
1684094773 130.38 56.98 2343.14 43389.7
1684094783 130.16 56.9 2341.25 43805.4
1684094793 130.15 56.9 2340.86 43926.8
1684094803 130.45 56.9 2366.15 43849
1684094813 130.35 56.9 2347.09 44133.5
1684094823 122.27 56.98 14996.1 44340.9
1684094833 130.5 56.98 2396.91 42974.5
1684094843 130.16 56.9 2316.34 44381.3
1684094853 130.54 56.9 2340.86 43983.7
1684094863 130.89 56.9 2338.97 44812.8
1684094873 130.44 56.9 2340.86 44392.6
1684094883 130.51 56.9 2342.63 44050.4
1684094893 124.49 56.98 16031.9 43409.9
1684094903 130.84 56.98 2341.25 43793.4
1684094913 130.93 56.9 2366.15 43624.9
1684094923 130.64 56.9 2340.86 44134.6
1684094933 131.61 56.9 2366.15 44230.7
1684094943 130.81 56.9 2363.46 43940.1
1684094953 131.03 56.9 2366.15 44193.4
1684094963 126.14 56.98 16844.3 44249.2
1684094973 130.9 56.98 2338.97 42987.4
1684094983 130.48 56.9 2318.21 43765.5
1684094993 130.62 56.9 2338.97 44811.7
1684095003 130.8 56.9 2338.58 44287.7
1684095013 130.52 56.9 2338.97 43575.5
1684095023 131.1 56.9 2338.58 43877.9
1684095033 129.97 56.98 17153.7 43553.7
1684095043 130.74 56.9 2315.95 43296.1
1684095053 130.74 56.9 2317.9 44082.1
1684095063 130.03 56.9 2314.09 44173.4
1684095073 129.94 56.9 2316.07 43456.8
1684095083 130.61 56.9 2338.97 43974
1684095093 124.22 56.98 15870.4 44327.6
1684095103 130.77 56.98 2343.53 44025.3
1684095113 130.42 56.9 2313.7 43684
1684095123 129.67 56.9 2294.03 42931.8
1684095133 130.28 56.9 2320.54 43993.8
1684095143 130.16 56.9 2366.15 43151.4
1684095153 122.37 56.96 14257.6 44770.8
1684095163 130.25 56.98 16573.9 43937
1684095173 130.06 56.9 2291.05 43199.2
1684095183 129.97 56.9 2318.69 43640.1
1684095193 130.51 56.9 2338.58 43649
1684095203 130.65 56.9 2341.25 44322.2
1684095213 130.71 56.9 2338.58 44153.9
1684095223 128.59 56.98 15905.1 43026.5
1684095233 130.45 56.9 2316.34 43651.4
1684095243 130.65 56.9 2316.34 44135.4
1684095253 130.35 56.9 2341.25 44835.4
1684095263 131.16 56.9 2371.18 44946.4
1684095273 130.89 56.9 2338.97 44177.3
1684095283 127.14 56.98 15366.7 43727.4
1684095293 130.32 56.98 2314.09 43214.4
1684095303 130.61 56.9 2338.58 44562.5
1684095313 131.03 56.9 2366.15 43949
1684095323 130.15 56.9 2365.76 43607.4
1684095333 131.91 56.9 2366.15 44645.5
1684095343 126.17 56.98 15234.6 44173.2
1684095353 130.51 56.98 2338.58 43724.8
1684095363 130.54 56.9 2316.34 43576.3
1684095373 130.35 56.9 2342.42 43893
1684095383 131.06 56.9 2345.09 44188.5
1684095393 130.55 56.98 2341.25 43968.9
1684095403 123.91 56.98 14843.9 44115.1
1684095413 130.55 56.98 2341.25 43655.2
1684095423 130.13 56.9 2341.09 44135.5
1684095433 130.54 56.9 2365.76 44256
1684095443 131.09 56.9 2338.97 44602.1
1684095453 130.64 56.9 2315.95 44081.3
1684095463 130.21 56.9 2347.88 43959.8
1684095473 127.73 56.98 16291 43685.8
1684095483 131.26 56.98 2368.45 44377.8
1684095493 130.7 56.9 2363.46 44363.8
1684095503 130.64 56.9 2341.25 43608.2
1684095513 130.51 56.9 2338.97 43965.4
1684095523 130.22 56.9 2363.46 43970.8
1684095533 123.77 56.98 15450.4 44164.8
1684095543 130.65 56.98 2340.86 43277.4
1684095553 130.45 56.9 2341.25 44199.6
1684095563 131.38 56.9 2338.58 44117.8
1684095573 131.1 56.9 2314.09 43214.4
1684095583 130.32 56.9 2340.71 43662.4
1684095593 130.26 56.9 2341.25 43102.3
1684095603 125.19 56.98 16321.4 44059.9
1684095613 129.9 56.98 2271.56 42946.2
1684095623 130.38 56.9 2318.21 44017.1
1684095633 130.41 56.9 2314.09 44368.5
1684095643 130.32 56.9 2316.07 43655.4
1684095653 130.64 56.9 2316.34 43984.4
1684095663 122.25 56.98 14235.1 43067.8
1684095673 129.87 56.98 2294.03 43255.9
1684095683 129.77 56.9 2318.3 43884
1684095693 130.32 56.9 2338.97 44279.5
1684095703 131.09 56.9 2338.97 44321.9
1684095713 130.71 56.9 2338.58 43938.2
1684095723 122.84 56.98 13770.3 44344
1684095733 130.64 56.98 2315.95 43551.4
1684095743 130.87 56.9 2318.6 43954.4
1684095753 130.35 56.9 2315.95 44334.2
1684095763 131.3 56.9 2350.15 43981.4
1684095773 130.65 56.9 2340.86 44134.6
1684095783 130.44 56.9 2341.25 43786.8
1684095793 126.73 56.98 16192.4 44235.2
1684095803 129.89 56.98 2343.53 43172.7
1684095813 130.84 56.9 2315.95 44231.5
1684095823 129.89 56.9 2348.7 43297.2
1684095833 130.36 56.9 2365.76 44077
1684095843 130.64 56.9 2341.25 44635.8
1684095853 122.74 56.96 15039.1 44416.7
1684095863 130.22 56.98 17378 43928.9
1684095873 130.16 56.9 2366.15 44587.9
1684095883 131.55 56.9 2343.14 45171.6
1684095893 130.58 56.9 2311.85 43357.3
1684095903 131.25 56.9 2336.31 44107.2
1684095913 130.51 56.9 2363.85 43758.6
1684095923 123.54 56.98 15995.7 43534.2
1684095933 131.06 56.98 2368.45 44091.1
1684095943 129.97 56.9 2340.86 43298.4
1684095953 130.54 56.9 2366.15 45030.3
1684095963 131.03 56.9 2365.76 44097.7
1684095973 130.13 56.9 2338.97 43504.8
1684095983 130.87 56.9 2368.06 44360.7
1684095993 127.65 56.98 16677.7 43646
1684096003 130.15 56.98 2344.9 43579.2
1684096013 130.65 56.9 2340.86 44942
1684096023 130.64 56.9 2366.15 44670
1684096033 130.16 56.9 2365.76 43168.5
1684096043 130.45 56.9 2341.25 44719.5
1684096053 125.12 56.98 15383.5 44653.9
1684096063 130.16 56.98 2315.95 43427.6
1684096073 130.28 56.9 2343.53 43565.3
1684096083 131.32 56.9 2340.86 45220.6
1684096093 130.35 56.98 2316.34 43593.8
1684096103 130.82 56.9 2325.02 43704.7
1684096113 130.35 56.9 2341.25 43787.6
1684096123 127.34 56.98 16699.2 43145.5
1684096133 130.25 56.98 2316.34 43503.1
1684096143 129.84 56.9 2316.07 44245.6
1684096153 130.61 56.9 2338.97 44541.1
1684096163 131.39 56.9 2363.85 44656.2
1684096173 129.72 56.9 2329.92 43950.8
1684096183 117.02 56.96 15084.1 34068.1
1684096193 6.19 56.96 73.04 814.3

Execution duration: 00:33:34.34
