1684172775 100.57 56.83 0 0
1684172780 100.38 56.91 6.08 46.39
1684172785 100.38 56.83 0 0
1684172790 100.19 56.83 0 0
1684172795 100.38 56.83 0 0
1684172800 100.38 56.83 0 0
1684172805 100.38 56.83 0 0
1684172810 100.38 56.83 0 0
1684172815 100.38 56.83 0 0
1684172820 100.38 56.83 0 98.1
1684172825 101.14 56.83 0 0.76
1684172830 99.44 56.83 0 0
1684172835 100.76 56.83 0 0
1684172840 100.38 56.83 0 0
1684172845 100.38 56.83 0 0
1684172850 100.19 56.83 0 0
1684172855 100.38 56.83 0 0
1684172860 100.57 56.83 0 0
1684172865 100.38 56.83 0 0
1684172870 100.38 56.83 0 0
1684172875 100.38 56.83 0 0
1684172880 100.38 56.83 0 0
1684172885 100.38 56.83 0 0
1684172890 100.95 56.83 0 0
1684172895 99.44 56.83 0 0
1684172900 100.38 56.83 0 0
1684172905 100.38 56.83 0 0
1684172910 100.38 56.83 0 0
1684172915 100.38 56.83 0 0
1684172920 100.38 56.83 0 0
1684172925 100.57 56.83 0 0
1684172930 100.38 56.83 0 0
1684172935 100.19 56.83 0 0
1684172940 100.38 56.83 0 0
1684172945 100.38 56.83 0 0
1684172950 100.38 56.83 0 0
1684172955 100.38 56.83 0 0
1684172960 100.38 56.83 0 0
1684172965 100.38 56.83 0 0
1684172970 100.38 56.83 0 0
1684172975 100.38 56.83 0 0
1684172980 100.19 56.83 0 0
1684172985 100.19 56.83 0 0
1684172990 100.38 56.83 0 0
1684172995 100.57 56.83 0 0
1684173000 100.19 56.83 0 0
1684173005 100.38 56.83 0 0
1684173010 100.57 56.83 0 0
1684173015 100.38 56.83 0 0
1684173020 100.76 56.83 0 0
1684173025 100.19 56.83 0 0
1684173030 100.57 56.83 0 0
1684173035 100.38 56.83 0 0
1684173040 100.57 56.91 0 0
1684173045 100.19 56.83 0 0
1684173050 100.38 56.83 0 0
1684173055 100.38 56.83 0 0
1684173060 100.57 56.83 0 0
1684173065 100.38 56.83 0 0
1684173070 100.76 56.83 0 0
1684173075 99.81 56.83 0 0
1684173080 100.19 56.83 0 0
1684173085 99.26 56.83 0 0
1684173090 25.66 56.91 0 0.75

Execution duration: 00:05:20.20
