1684105811 114.49 56.88 0 255.07
1684105812 121.09 56.88 3.12 31.25
1684105813 118.9 56.88 0 3.15
1684105814 115.6 56.88 0 0
1684105815 125.2 56.88 0 0
1684105816 122.22 56.96 0 0
1684105817 123.81 56.88 0 0
1684105818 123.26 56.88 0 0
1684105819 117.83 56.88 0 0
1684105820 118.06 56.88 0 0
1684105821 116.92 56.88 0 0
1684105822 122.66 56.88 0 0
1684105823 121.88 56.88 0 0
1684105824 121.43 56.88 0 0
1684105825 113.79 56.88 0 0
1684105826 119.58 56.88 0 0
1684105827 128.8 56.88 0 0
1684105828 119.23 56.88 0 0
1684105829 115.75 56.88 0 0
1684105830 121.71 56.96 1116.28 1410.85
1684105831 36.92 56.96 1107.69 4575.38

Execution duration: 00:00:24.24
