1684112367 131.56 56.99 2351.46 41633
1684112377 131.33 56.91 2341.25 45363.8
1684112387 131.38 56.91 2319.92 44980.8
1684112397 131.26 56.91 2306.29 45405.6
1684112407 131.38 56.91 2341.69 46820.6
1684112417 124.59 56.98 14255.4 44857.5
1684112427 131.74 56.9 2286.99 44115.7
1684112437 131.58 56.9 2288.82 45246.3
1684112447 131.32 56.9 2315.95 45810.9
1684112457 131.33 56.9 2291.05 45406.2
1684112467 130.58 56.9 2289.23 43128.1
1684112477 123.15 56.9 0 43097.4
1684112487 131.17 56.98 16123.9 45492.4
1684112497 130.39 56.9 2289.23 42643.1
1684112507 131.09 56.9 2291.43 43309.7
1684112517 131.09 56.9 2338.58 44823.3
1684112527 131.58 56.9 2313.7 45406.4
1684112537 130.61 56.9 2340.71 44420
1684112547 125.65 56.98 15832.5 46003.5
1684112557 131.68 56.9 2338.58 45045.3
1684112567 131.28 56.9 2340.13 45666.9
1684112577 131.58 56.9 2338.58 46378.2
1684112587 131.77 56.9 2313.7 45514.5
1684112597 131.1 56.9 2338.58 45473.7
1684112607 131.09 56.9 2338.58 45400.6
1684112617 126.56 56.98 16464.3 43300.1
1684112627 130.61 56.9 2316.07 43225
1684112637 131.33 56.9 2340.86 45489.1
1684112647 131.42 56.9 2315.95 45453.3
1684112657 131.43 56.9 2365.76 46279
1684112667 131.48 56.9 2315.25 45320.5
1684112677 130.85 56.9 2327.27 44971.4
1684112687 128.79 56.98 17345.5 45233.5
1684112697 131.48 56.9 2313.7 45115.3
1684112707 130.58 56.9 2286.6 44869.5
1684112717 130.9 56.9 2316.07 43218.1
1684112727 130.91 56.9 2338.58 45112.9
1684112737 131.19 56.9 2338.58 45770.3
1684112747 131.68 56.9 2313.7 45463.6
1684112757 130.13 56.98 17779.6 45220.6
1684112767 131.29 56.9 2313.7 45579
1684112777 131.48 56.9 2313.7 45942.5
1684112787 131.36 56.9 2311.46 45436.5
1684112797 130.39 56.9 2329.53 45735.1
1684112807 131.19 56.9 2338.58 46099.9
1684112817 123.81 56.98 15760.2 46370.5
1684112827 131.03 56.98 2292.61 44864.2
1684112837 130.9 56.9 2313.7 45618.7
1684112847 130.93 56.9 2340.86 46127.6
1684112857 131.68 56.9 2263.95 44854.4
1684112867 130.67 56.9 2240 42313.1
1684112877 130.99 56.9 2243.7 42716.8
1684112887 131.1 56.98 16023.3 44219.6
1684112897 131.58 56.9 2288.82 44356.8
1684112907 131.26 56.9 2286.6 45040.8
1684112917 131.68 56.9 2288.82 44318.4
1684112927 130.04 56.9 2340.71 43312
1684112937 131.26 56.9 2392.99 46060.4
1684112947 125.15 56.98 15766.2 46111.1
1684112957 130.91 56.9 2306.98 45377.9
1684112967 130.62 56.9 2313.7 45352.8
1684112977 131.41 56.9 2340.86 46394.2
1684112987 131.03 56.9 2365.76 45725.7
1684112997 130.7 56.9 2366.57 45756.3
1684113007 130.84 56.9 2340.86 45394.6
1684113017 127.63 56.98 16541.2 45612.8
1684113027 130.96 56.9 2343.14 45555.2
1684113037 130.35 56.98 2318.3 43496.3
1684113047 131.14 56.9 2365.76 45873.9
1684113057 131.26 56.9 2368.06 45562.6
1684113067 131 56.9 2363.46 45781.2
1684113077 123.35 56.98 15400 45939.7
1684113087 130.83 56.98 2340.86 45269.7
1684113097 130.28 56.9 2318.21 44741.2
1684113107 129.77 56.9 2342.97 43589.6
1684113117 131.19 56.9 2363.46 46415.9
1684113127 130.35 56.9 2365.76 45350.6
1684113137 130.7 56.9 2388.34 46237.5
1684113147 123.73 56.98 16214.8 45300.4
1684113157 129.67 56.9 2318.3 43359.5
1684113167 130.93 56.9 2340.86 45635.8
1684113177 130.78 56.9 2354.31 45357.2
1684113187 130.38 56.9 2318.21 45276.7
1684113197 129.96 56.9 2342.97 43694
1684113207 130.29 56.9 2336.31 45438.1
1684113217 127.62 56.98 16452.8 43485.6
1684113227 130.61 56.9 2338.58 45370.3
1684113237 130.32 56.9 2338.58 45400.2
1684113247 130.97 56.9 2368.06 46248.9
1684113257 130.65 56.9 2365.76 45249
1684113267 131.16 56.9 2368.06 45413.1
1684113277 123.15 56.98 15447.1 46356.4
1684113287 131.13 56.98 2340.86 45720.6
1684113297 130.22 56.9 2363.46 45369.9
1684113307 131.16 56.9 2368.06 45940.4
1684113317 130.35 56.9 2365.76 45915.9
1684113327 131.23 56.9 2390.66 47145.5
1684113337 130.45 56.9 2340.86 45265
1684113347 128.3 56.98 16102.4 43444.5
1684113357 130.24 56.9 2331.78 44191.9
1684113367 130.87 56.9 2336.31 46305.2
1684113377 130.48 56.9 2343.14 45211.7
1684113387 131.06 56.9 2343.14 45899.1
1684113397 130.45 56.9 2340.86 44854.5
1684113407 127.98 56.98 15640.4 46111.2
1684113417 131.78 56.9 2338.58 46164
1684113427 130.81 56.9 2313.7 45437.1
1684113437 131.36 56.9 2369.62 45892.9
1684113447 130.45 56.9 2340.86 45753.7
1684113457 131.13 56.9 2365.76 45688.3
1684113467 126.73 56.98 15317 45654.4
1684113477 131 56.9 2338.58 45700.7
1684113487 131.49 56.9 2338.58 45998.8
1684113497 130.84 56.9 2365.76 45873.2
1684113507 131.36 56.9 2368.06 45786.9
1684113517 131.81 56.9 2340.86 46790.3
1684113527 124.83 56.98 15048.1 45865.2
1684113537 130.7 56.9 2338.58 45768.7
1684113548 130.61 56.9 2340.71 43780.6
1684113557 131.39 56.9 2338.58 46564
1684113567 130.7 56.9 2288.82 43858.1
1684113578 131.06 56.98 2341.54 44535.4
1684113587 123.23 56.98 14666.3 44678.3
1684113597 130.61 56.98 2537.61 45504.4
1684113607 130.78 56.9 2361.17 44222.9
1684113617 131.07 56.9 2361.17 45251.3
1684113627 130.91 56.9 2338.58 45415
1684113638 130.57 56.9 2345.23 44175.9
1684113647 130.65 56.9 2340.86 45282.5
1684113657 127.42 56.98 16238.7 45395.5
1684113667 131.04 56.9 2341.25 45146.3
1684113678 130.25 56.9 2342.97 44586.9
1684113687 131.39 56.9 2366.57 44995.9
1684113698 130.22 56.9 2347.49 43618.9
1684113707 131.39 56.9 2363.46 44988.5
1684113717 122.91 56.98 15306 44428
1684113727 130.87 56.98 2361.17 44519.6
1684113737 130.8 56.9 2363.46 45024.7
1684113747 131.01 56.9 2356.59 43838.8
1684113757 130.71 56.9 2338.58 44542.7
1684113767 131.2 56.9 2363.46 44791.1
1684113777 131.26 56.9 2336.31 44531.7
1684113787 124.69 56.98 16280.7 44471.5
1684113798 129.99 56.9 2320.54 42982.1
1684113807 131.1 56.9 2313.7 45092.3
1684113817 130.8 56.9 2313.7 43729.4
1684113827 131.03 56.9 2340.86 45182.5
1684113837 130.69 56.9 2314.57 44071.8
1684113847 123.32 56.98 14406.2 44354.9
1684113858 130.03 56.98 2291.43 43528
1684113867 130.61 56.89 2313.7 44302
1684113877 131.06 56.89 2311.46 45128.2
1684113887 131.2 56.89 2338.58 44686.5
1684113897 130.22 56.89 2338.58 44084
1684113907 123.42 56.97 13919.1 44248.8
1684113917 130.42 56.97 2313.7 44237.1
1684113928 130.42 56.89 2316.07 44042
1684113937 130.61 56.97 2363.46 44254.6
1684113947 130.49 56.89 2361.17 44623.3
1684113958 130.13 56.89 2365.35 43780.2
1684113967 130.94 56.89 2365.76 44919.1
1684113977 127.72 56.97 16482.1 44564.6
1684113988 130.65 56.89 2358.87 43494.5
1684113998 130.85 56.89 2328.82 43787.6
1684114008 130.58 56.89 2354.31 43848.2
1684114017 130.58 56.89 2386.02 43816.7
1684114027 131.01 56.89 2363.46 44469.6
1684114037 123.61 56.97 15437.1 44029.9
1684114047 130.71 56.97 2363.46 44233.2
1684114057 130.61 56.89 2363.46 44132.6
1684114067 130.61 56.89 2338.58 44057.9
1684114078 130.31 56.89 2340.71 43857.2
1684114087 131.23 56.89 2365.76 44145.9
1684114098 130.81 56.89 2388.34 44705.9
1684114108 126.24 56.97 16452.9 43884.6
1684114118 130.8 56.89 2363.46 44249.2
1684114128 130.1 56.89 2311.46 44620.6
1684114138 131.26 56.89 2361.17 44284.3
1684114148 130.19 56.89 2336.31 44030.7
1684114158 130.74 56.89 2365.76 44427.6
1684114168 129.96 56.89 2342.97 43753
1684114178 129.66 56.97 17134.2 44791.1
1684114188 130.85 56.89 2383.71 44204.8
1684114198 130.71 56.89 2338.58 43722.4
1684114208 131.09 56.89 2365.35 44339.9
1684114218 130.42 56.89 2363.46 44138.4
1684114228 130.93 56.89 2365.76 44526.8
1684114238 126.47 56.97 15722.8 43901.8
1684114248 130.14 56.89 2331.78 44195.3
1684114258 130.59 56.89 2336.31 43882.7
1684114268 130.96 56.89 2336.31 44252
1684114278 130.58 56.89 2336.31 44707.2
1684114288 130.32 56.89 2340.71 44019.6
1684114298 131.26 56.89 2325.83 45026.4
1684114308 130.1 56.97 17313 43805.1
1684114318 130.8 56.89 2338.58 44288.1
1684114328 130.61 56.89 2363.46 44210.3
1684114338 130.46 56.89 2358.87 44229.7
1684114348 130.03 56.89 2340.71 43844.1
1684114358 130.94 56.89 2340.86 45189.9
1684114368 80.39 56.95 15106 20421.4

Execution duration: 00:33:31.31
