1684098281 115.94 56.88 0 23215.2
1684098286 120.23 56.96 6.81 38465.8
1684098291 122.5 56.88 0.76 46043.1
1684098296 123.4 56.96 0.75 49597
1684098301 124.53 56.88 0.75 50680
1684098306 124.53 56.88 0 50741.9
1684098311 123.58 56.88 0.75 50667.2
1684098316 123.58 56.88 0.75 50697.4
1684098321 123.79 56.88 0 49976.2
1684098326 124.15 56.88 0.75 52549.4
1684098331 125.09 56.88 0.75 55462.6
1684098336 125.14 56.88 0 55567.5
1684098341 124.91 56.88 0.75 55548.7
1684098346 125.57 56.88 0 55625
1684098351 125.85 56.88 0.75 55514.7
1684098356 125.47 56.88 0.75 56731.3
1684098361 124.91 56.88 0 57794.8
1684098366 125.05 56.88 0.74 57547.3
1684098371 125.38 56.88 0.75 58447.4
1684098376 125 56.88 0 57961.2
1684098381 126.09 56.88 0.76 58700.2
1684098386 124.72 56.88 0.74 53470.6
1684098391 122.87 56.88 0 48136.1
1684098396 123.25 56.88 0.76 48356.1
1684098401 124.76 56.88 0.76 53514.6
1684098406 126.84 56.88 0 58753.9
1684098411 126.54 56.88 0.75 59067.7
1684098416 125.95 56.88 0.76 55289.4
1684098421 122.3 56.88 0 47599.3
1684098426 122.53 56.88 0.74 48978
1684098431 123.48 56.88 0 49274.2
1684098436 122.87 56.88 0.76 48353.9
1684098441 122.54 56.88 0 46752.3
1684098447 120.82 56.88 0.74 43470.6
1684098451 118.98 56.88 0 34116.9
1684098456 118.94 56.88 0.76 34197
1684098461 122.96 56.88 0 46914.6
1684098466 123.53 56.88 0.76 47111.2
1684098471 123.77 56.88 0 48917
1684098476 122.01 56.88 0.76 43203
1684098482 120.26 56.88 0 41037.9
1684098486 120.68 56.88 0.75 41554.9
1684098491 120.49 56.88 0 38441.8
1684098496 121.21 56.88 0.76 40860.6
1684098501 120.64 56.88 0 38816.7
1684098506 120.45 56.88 0.76 37972
1684098511 118.98 56.88 0 36507.5
1684098516 119.73 56.88 0.76 35168.9
1684098521 120.83 56.88 0 37225.8
1684098526 120.11 56.88 0.76 35714.6
1684098531 119.13 56.88 0 34986.4
1684098536 119.7 56.88 0.76 35867.4
1684098541 119.73 56.88 0.76 34734.7
1684098546 120.08 56.88 0 35876.5
1684098551 119.89 56.88 0 35328
1684098556 120.45 56.88 0 37043.9
1684098561 120.27 56.88 0 36890.2
1684098566 119.92 56.88 0 35637.9
1684098571 120.49 56.88 0 37572.7
1684098576 119.89 56.88 0 36779.6
1684098581 121.21 56.88 0 38401.5
1684098586 119.7 56.88 0 36678.8
1684098591 120.87 56.88 0 37495.3
1684098596 120.68 56.88 0 36541.9
1684098601 120.3 56.88 0 37514.2
1684098606 120.83 56.88 0 37549.2
1684098611 119.92 56.88 0 36962.4
1684098616 119.51 56.88 0 37022.7
1684098621 119.89 56.88 0 37481.8
1684098626 119.92 56.88 0 36781
1684098631 119.73 56.88 0 36520.7
1684098636 119.73 56.88 0 36343.1
1684098641 119.09 56.88 0 36249.5
1684098646 119.73 56.88 0 37014.8
1684098652 28.81 56.96 21.56 41386.6

Execution duration: 00:06:15.15
