1684105486 100.38 56.96 0 0
1684105491 99.81 56.96 6.05 45.37
1684105496 100.38 56.88 0 0
1684105501 100.19 56.88 0 0
1684105506 100.57 56.88 0 0
1684105511 100.38 56.88 0 0
1684105516 100.76 56.88 0 0
1684105521 100 56.88 0 0
1684105526 99.44 56.88 0 0
1684105531 100.19 56.88 0 0
1684105536 101.14 56.88 0 99.05
1684105541 99.44 56.88 0 0
1684105546 100.38 56.88 0 0
1684105551 101.33 56.88 0 0
1684105556 100 56.88 0 0
1684105561 100.19 56.88 0 0
1684105566 100.19 56.88 0 0
1684105571 100.38 56.88 0 0
1684105576 100.76 56.96 0 0
1684105581 100.57 56.96 0 0
1684105586 100.19 56.88 0 0
1684105591 100.38 56.88 0 0
1684105596 100.38 56.88 0 0
1684105601 100.38 56.88 0 0
1684105606 100.57 56.88 0 0
1684105611 100.76 56.88 0 0
1684105616 100.57 56.88 0 0
1684105621 100.38 56.88 0 0
1684105626 100.57 56.88 0 0
1684105631 100.38 56.88 0 0
1684105636 100.95 56.88 0 0
1684105641 99.81 56.88 0 0
1684105646 100.19 56.88 0 0
1684105651 100.38 56.88 0 0
1684105656 100.57 56.88 0 0
1684105661 100.38 56.88 0 0
1684105666 100.38 56.88 0 0
1684105671 100.57 56.88 0 0
1684105676 100.76 56.88 0 0
1684105681 101.14 56.88 0 0
1684105686 100.38 56.88 0 0
1684105691 100.76 56.88 0 0
1684105696 99.62 56.88 0 0
1684105701 100.38 56.88 0 0
1684105706 100.57 56.88 0 0
1684105711 100.38 56.88 0 0
1684105716 100.57 56.88 0 0
1684105721 100.19 56.88 0 0
1684105726 100.38 56.88 0 0
1684105731 100.38 56.88 0 0
1684105736 100.19 56.88 0 0
1684105741 100.57 56.88 0 0
1684105746 101.33 56.88 0 0
1684105751 100 56.88 0 0
1684105756 100.76 56.88 0 0
1684105761 100.38 56.88 0 0
1684105766 100.38 56.88 0 0
1684105771 100.38 56.88 0 0
1684105776 100.57 56.88 0 0
1684105781 101.14 56.88 0 0
1684105786 100.19 56.88 0 0
1684105791 100.19 56.88 0 0
1684105796 100.95 56.88 0 0
1684105801 65.18 56.96 0 0.74

Execution duration: 00:05:22.22
