1684127872 101.33 56.85 0 0
1684127877 100 56.93 6.82 46.21
1684127882 100.95 56.85 0 0
1684127887 99.81 56.85 0 0
1684127892 100.38 56.85 0 0
1684127897 100.38 56.85 0 0
1684127902 100.19 56.85 0 0
1684127907 100.38 56.85 0 0
1684127912 100.38 56.85 0 0
1684127917 100.38 56.85 0 0.76
1684127922 100.38 56.85 0 111.03
1684127927 100.38 56.85 0 0
1684127932 100.38 56.85 0 0
1684127937 100.38 56.85 0 0
1684127942 100.57 56.85 0 0
1684127947 100.38 56.85 0 0
1684127952 100.38 56.85 0 0
1684127957 100.38 56.85 0 0
1684127962 100.19 56.85 0 0
1684127967 100.38 56.85 0 0
1684127972 100.76 56.85 0 0
1684127977 100.38 56.85 0 0
1684127982 100.57 56.85 0 0
1684127987 100 56.85 0 0
1684127992 100.19 56.85 0 0
1684127997 100.38 56.85 0 0
1684128002 100.38 56.85 0 0
1684128007 100.38 56.85 0 0
1684128012 100.57 56.85 0 0
1684128017 100.57 56.85 0 0
1684128022 100.19 56.85 0 0
1684128027 100.57 56.85 0 0
1684128032 99.44 56.85 0 0
1684128037 100.57 56.85 0 0
1684128042 100.57 56.85 0 0
1684128047 100.38 56.85 0 0
1684128052 100.38 56.85 0 0
1684128057 101.14 56.85 0 0
1684128062 99.44 56.85 0 0
1684128067 100.38 56.85 0 0
1684128072 101.14 56.85 0 0
1684128077 100.57 56.85 0 0
1684128082 100.57 56.85 0 0
1684128087 100.38 56.85 0 0
1684128092 100.57 56.85 0 0
1684128097 100.38 56.85 0 0
1684128102 100.38 56.85 0 0
1684128107 100.38 56.85 0 0
1684128112 100.57 56.85 0 0
1684128117 99.44 56.85 0 0
1684128122 100.38 56.85 0 0
1684128127 100.38 56.85 0 0
1684128132 100.19 56.85 0 0
1684128137 100.38 56.85 0 0
1684128142 100.38 56.85 0 0
1684128147 100.57 56.85 0 0
1684128152 100.57 56.85 0 0
1684128157 100 56.85 0 0
1684128162 100.38 56.85 0 0
1684128167 100.38 56.85 0 0
1684128172 100.38 56.85 0 0
1684128177 100.57 56.85 0 0
1684128182 100.57 56.85 0 0
1684128187 61.9 56.93 0 0.76

Execution duration: 00:05:22.22
