1684167990 100.19 56.91 89.56 0
1684167995 100.38 56.83 3.03 57.58
1684168000 100.38 56.83 0 0
1684168005 100.57 56.83 0 0
1684168010 99.62 56.83 0 0
1684168015 100.95 56.83 0 0
1684168020 99.81 56.83 0 0
1684168025 100.57 56.83 0 0
1684168030 100.95 56.83 0 0
1684168035 100 56.83 0 122.5
1684168040 100.38 56.83 0 0
1684168045 100.38 56.83 0 0
1684168050 100.19 56.83 0 0
1684168055 100.19 56.83 0 0
1684168060 100.38 56.83 0 0
1684168065 100.38 56.83 0 0
1684168070 100.38 56.83 0 0
1684168075 100.38 56.83 0 0
1684168080 100.19 56.83 0 0
1684168085 100.19 56.83 0 0
1684168090 100.38 56.91 0 0
1684168095 100.38 56.83 0 0
1684168100 100.38 56.83 0 0
1684168105 100.19 56.83 0 0
1684168110 100.38 56.83 0 0
1684168115 100.38 56.83 0 0
1684168120 100.38 56.83 0 0
1684168125 100.19 56.83 0 0
1684168130 100.57 56.83 0 0
1684168135 100.57 56.83 0 0
1684168140 100.38 56.83 0 0
1684168145 100.38 56.83 0 0
1684168150 100.19 56.83 0 0
1684168155 100.38 56.83 0 0
1684168160 100.19 56.83 0 0
1684168165 100.38 56.83 0 0
1684168170 100.38 56.83 0 0
1684168175 100.38 56.83 0 0
1684168180 100.19 56.83 0 0
1684168185 100.19 56.83 0 0
1684168190 100.19 56.83 0 0
1684168195 100.57 56.83 0 0
1684168200 100.38 56.83 0 0
1684168205 100.19 56.83 0 0
1684168210 100.57 56.83 0 0
1684168215 100.95 56.83 0 0
1684168220 100.19 56.83 0 0
1684168225 100.38 56.83 0 0
1684168230 100.57 56.83 0 0
1684168235 100.57 56.83 0 0
1684168240 99.81 56.83 0 0
1684168245 100.57 56.83 0 0
1684168250 100.19 56.83 0 0
1684168255 100.19 56.83 0 0
1684168260 100.38 56.83 0 0
1684168265 100 56.83 0 0
1684168270 100.57 56.83 0 0
1684168275 100.95 56.83 0 0
1684168280 100 56.83 0 0
1684168285 100.57 56.83 0 0
1684168290 99.81 56.83 0 0
1684168295 100.38 56.83 0 0
1684168300 100.38 56.83 0 0
1684168305 100.38 56.83 0 0
1684168310 100.38 56.83 0 0
1684168315 100.38 56.83 0 0
1684168320 100.38 56.83 0 0
1684168325 100.57 56.83 0 0
1684168330 100 56.83 0 0
1684168335 100.19 56.83 0 0
1684168340 100.19 56.83 0 0
1684168345 100.38 56.83 0 0
1684168350 100.38 56.83 0 0
1684168355 100.56 56.83 0 0
1684168360 99.81 56.83 0 0
1684168365 100.38 56.83 0 0
1684168370 100.38 56.83 0 0
1684168375 100.38 56.83 0 0
1684168380 100.19 56.83 0 0
1684168385 100.38 56.83 0 0
1684168390 100.19 56.83 0 0
1684168395 100.38 56.83 0 0
1684168400 100.57 56.83 0 0
1684168405 100.95 56.83 0 0
1684168410 90.67 56.91 52.99 1384.33

Execution duration: 00:07:08.08
