1684173153 131.24 56.94 2335.97 41006.4
1684173163 131.29 56.86 2339.36 45318.6
1684173173 130.59 56.86 2316.12 43485.8
1684173183 131.81 56.86 2348.39 45812.2
1684173193 130.85 56.86 2361.97 45090.2
1684173203 123.47 56.93 14277.4 43875.1
1684173213 130.81 56.93 2338.58 45196.5
1684173223 130.65 56.85 2334.43 44528.4
1684173233 131.05 56.85 2327.27 43743.9
1684173243 131.07 56.85 2363.11 44429.1
1684173253 131.16 56.85 2337.86 44723.9
1684173263 123.42 56.93 14174.5 44111.2
1684173273 130.41 56.93 2313.7 44242.9
1684173283 130.97 56.85 2336.7 44931.7
1684173293 131.1 56.85 2338.58 45078.3
1684173303 130.38 56.85 2311.85 43250.5
1684173313 130.41 56.85 2347.49 43806.9
1684173323 130.32 56.85 2338.97 44266.3
1684173333 126.72 56.93 16230.9 44898.7
1684173343 130.68 56.93 2311.46 43332.4
1684173353 131.48 56.85 2363.85 44438.1
1684173363 130.97 56.85 2336.31 44054
1684173373 130.58 56.85 2363.46 43648.5
1684173383 130.56 56.85 2358.87 44008.5
1684173393 131.07 56.85 2361.56 43771.7
1684173403 129.35 56.93 17173.2 43981.7
1684173413 130.99 56.85 2363.85 44225.5
1684173423 130.94 56.85 2358.87 44272
1684173433 130.55 56.85 2334.43 43886.7
1684173443 130.39 56.85 2338.46 43440.8
1684173453 130.89 56.85 2365.4 43896.6
1684173463 122.06 56.93 15635.6 43918
1684173473 130.19 56.93 2363.46 43971.5
1684173483 131.55 56.85 2361.17 44055.9
1684173493 130.58 56.85 2311.85 43831.1
1684173503 130.1 56.85 2338.84 43937.3
1684173513 130.68 56.85 2361.17 44861.4
1684173523 131.16 56.85 2386.41 44964.7
1684173533 124.85 56.93 16345.6 43812
1684173543 130.78 56.93 2361.56 43514.6
1684173553 131.39 56.85 2363.46 43667.2
1684173563 130.87 56.85 2338.25 44271.1
1684173573 130.8 56.85 2363.46 44080.9
1684173583 130.56 56.85 2384.1 43518.1
1684173593 131.27 56.85 2361.17 44531.3
1684173603 126.53 56.93 16698.2 43230.7
1684173613 130.49 56.85 2347.18 43931.3
1684173623 131.19 56.85 2338.97 44110.8
1684173633 130.9 56.85 2363.46 43955.3
1684173643 130.71 56.85 2363.85 44077.4
1684173653 131.29 56.85 2388.73 44213.4
1684173663 127.1 56.93 15018.2 44682.3
1684173673 131.06 56.93 2336.7 43419.4
1684173683 131.29 56.85 2363.46 44368.1
1684173693 130.94 56.85 2334.43 44080.3
1684173703 129.81 56.85 2338.46 43209.6
1684173713 129.91 56.85 2338.84 44005
1684173723 131.39 56.85 2393 44427.6
1684173733 129.64 56.93 17224.9 43154.9
1684173743 130.68 56.85 2336.31 43313.4
1684173753 130.84 56.85 2334.43 43837.8
1684173763 131.35 56.85 2336.31 44573.2
1684173773 130.13 56.85 2341.09 43370.2
1684173783 130.37 56.85 2337.14 44187.8
1684173793 124.75 56.93 15689.3 43825.2
1684173803 130.58 56.93 2336.31 43673
1684173813 130.97 56.85 2361.56 44056.7
1684173823 130.31 56.85 2314.09 43974
1684173833 129.43 56.85 2313.85 43581.2
1684173843 130.84 56.85 2359.26 44259.9
1684173853 131.29 56.85 2391.45 44600.6
1684173863 127.87 56.93 16813.6 43650.9
1684173873 131 56.85 2363.46 44468
1684173883 131.09 56.85 2363.85 44133.3
1684173893 130.33 56.85 2363.46 43208.9
1684173903 130.81 56.85 2363.85 44043.2
1684173913 130.13 56.85 2365.35 43884.5
1684173923 130.87 56.85 2361.56 44005.8
1684173933 129.54 56.93 17693.3 43731.4
1684173943 130.39 56.85 2386.41 43876.5
1684173953 130.8 56.85 2363.46 44988.5
1684173963 130.82 56.85 2356.98 44124.8
1684173973 130.29 56.85 2363.46 44276.5
1684173983 131 56.85 2388.34 44302.4
1684173993 125.85 56.93 15841.8 44457.9
1684174003 130.5 56.93 2347.49 43932.1
1684174013 131.07 56.85 2339.81 44238.8
1684174023 130.54 56.85 2318.3 44230.4
1684174033 129.88 56.85 2352.42 44100.6
1684174043 130.06 56.85 2336.22 44041.1
1684174053 131.16 56.85 2361.56 43820.6
1684174063 129.15 56.93 16974.5 44872.7
1684174073 130.62 56.85 2338.97 44279.9
1684174083 131.55 56.85 2361.17 44999.6
1684174093 130.46 56.85 2359.26 43605.8
1684174103 130.2 56.85 2338.46 44240.4
1684174113 130.81 56.85 2338.37 44346.1
1684174123 126.08 56.93 15388.2 43871
1684174133 130.49 56.93 2361.56 44160.8
1684174143 131.07 56.85 2354.7 44252.5
1684174153 131 56.85 2338.58 44607.6
1684174163 130.19 56.85 2338.84 43962.7
1684174173 131.36 56.85 2361.17 44670.3
1684174183 125.44 56.93 14954.6 43350.7
1684174193 131.2 56.93 2338.58 44553.9
1684174203 129.87 56.85 2294.03 43215
1684174213 130.66 56.85 2355.12 44043.3
1684174223 130.78 56.85 2336.7 44501
1684174233 130.58 56.85 2361.17 44013.2
1684174243 124.7 56.93 14603.1 43718.6
1684174253 131 56.93 2338.58 44578
1684174263 130.61 56.85 2338.97 44279.9
1684174273 131.69 56.85 2363.46 45299.5
1684174283 130.94 56.85 2359.26 44346.8
1684174293 130.77 56.85 2336.7 43746.8
1684174303 121.63 56.93 14220 43419.6
1684174313 130.68 56.93 2329.92 44555.3
1684174323 131.26 56.85 2336.31 43949.9
1684174333 130.46 56.85 2346.84 44420.6
1684174343 131.36 56.85 2361.17 44469.1
1684174353 131.56 56.85 2338.64 43066
1684174363 131.79 56.85 2358.77 44322.5
1684174373 128.54 56.93 16260.2 44238.1
1684174383 131.36 56.85 2361.17 43809.3
1684174393 131.55 56.85 2361.56 44151.5
1684174403 130.97 56.85 2336.31 44796.5
1684174413 130.87 56.85 2336.7 44085.8
1684174423 131.1 56.85 2363.46 44534.1
1684174433 125.87 56.93 15605.4 44398.8
1684174443 131.14 56.93 2334.43 43955
1684174453 130.58 56.85 2336.7 44013.6
1684174463 131.26 56.85 2363.11 44742.5
1684174473 130.59 56.85 2336.31 43284.7
1684174483 131.58 56.85 2363.85 44321.9
1684174493 131.1 56.85 2388.34 44960.9
1684174503 129.84 56.93 16987.8 44410.5
1684174513 131.36 56.85 2386.02 44561.9
1684174523 131.25 56.85 2361.56 44742.5
1684174533 130.69 56.85 2361.17 44794.9
1684174543 130.69 56.85 2361.56 44175.2
1684174553 131.36 56.85 2361.17 44722.7
1684174563 123.33 56.93 15758.6 43691.3
1684174573 130.42 56.93 2338.58 44477
1684174583 130.9 56.85 2338.97 44557.4
1684174593 131.57 56.85 2363.46 45147.1
1684174603 130.68 56.85 2361.56 43646.2
1684174613 131.26 56.85 2357.79 43922.9
1684174623 130.61 56.85 2338.58 44098.7
1684174633 129.61 56.93 16207 43653.6
1684174643 130.68 56.85 2336.31 44480.4
1684174653 131.19 56.85 2338.97 44213
1684174663 130.52 56.85 2338.58 44122.8
1684174673 130.42 56.85 2338.97 44323
1684174683 130.93 56.85 2303.11 44342.8
1684174693 130.71 56.93 15785.4 44000.8
1684174703 130.42 56.85 2313.7 43433.6
1684174713 131.23 56.85 2359.26 44149
1684174723 130.56 56.85 2334.04 44105.5
1684174733 130.13 56.85 2341.09 44202.9
1684174743 131.42 56.85 2340.86 44593.4
1684174753 126.51 56.93 15978.2 44090.9
1684174763 131.46 56.93 2336.7 44657.5
1684174773 132.13 56.85 2314.57 43253.2
1684174783 131.79 56.85 2356.98 44228.7
1684174793 130.66 56.85 2352.03 43713.7
1684174803 131.36 56.85 2361.56 44188.7
1684174813 131.07 56.85 2386.02 44241.6
1684174823 130.22 56.93 17203.9 44145
1684174833 130.12 56.85 2347.49 43708.5
1684174843 131.07 56.85 2336.7 44088.9
1684174853 131 56.85 2363.46 44676
1684174863 131.1 56.85 2388.73 44492.9
1684174873 131 56.85 2363.46 44521.3
1684174883 124.88 56.93 15930.8 44438.5
1684174893 130.9 56.93 2338.58 44123.6
1684174903 129.7 56.85 2296.24 43272.9
1684174913 130.3 56.85 2338.84 44102.3
1684174923 130.8 56.85 2338.97 43565.4
1684174933 130.87 56.85 2361.56 44302.9
1684174943 130.8 56.85 2363.46 44005.1
1684174953 127.5 56.93 16556.7 44149.7
1684174963 131.97 56.85 2363.46 44140.3
1684174973 131.24 56.85 2334.43 44067.9
1684174983 130.55 56.85 2334.04 43763.3
1684174993 130.67 56.85 2370.3 44063.3
1684175003 131.38 56.85 2388.34 44514.7
1684175013 124.1 56.93 15219.8 43301.8
1684175023 130.61 56.93 2338.58 44024.9
1684175033 130.72 56.85 2350.15 43387.8
1684175043 130.87 56.85 2336.31 43980.6
1684175053 130.58 56.85 2336.7 43812.4
1684175063 129.69 56.85 2327.27 43854.6
1684175073 131 56.85 2338.97 44267.1
1684175083 127.89 56.93 16658.5 43109.8
1684175093 130.76 56.85 2334.43 44123
1684175103 130.01 56.85 2338.84 43564.6
1684175113 130.52 56.85 2388.34 44612.6
1684175123 131.55 56.85 2386.41 45026.8
1684175133 131.26 56.85 2361.17 43972.8
1684175143 116.61 56.91 15158.4 33338
1684175153 3.31 56.91 52.86 704.37

Execution duration: 00:33:24.24
