1684136784 116.18 56.83 2.94 288.24
1684136785 121.26 56.83 0 28.35
1684136786 123.44 56.91 0 0
1684136787 123.26 56.91 0 0
1684136788 121.43 56.83 0 0
1684136789 119.23 56.83 0 0
1684136790 112.5 56.83 0 0
1684136791 116.78 56.83 0 0
1684136792 123.81 56.83 0 0
1684136793 121.37 56.83 0 0
1684136794 130.71 56.83 0 0
1684136795 121.43 56.83 0 0
1684136796 119.08 56.83 0 0
1684136797 122.48 56.83 0 0
1684136798 125.4 56.83 0 0
1684136799 126.36 56.83 0 0
1684136800 128.91 56.83 0 0
1684136801 116.03 56.83 0 0
1684136802 112.75 56.83 0 0
1684136803 122.9 56.83 0 0
1684136804 137.01 56.83 0 0
1684136805 64.57 56.91 1502.36 4551.18

Execution duration: 00:00:25.25
