1684168477 131.04 56.94 2348.78 40114.4
1684168487 130.87 56.86 2337.09 45025.6
1684168497 131 56.86 2366.57 43260.6
1684168507 130.38 56.86 2339.81 43993
1684168517 130.9 56.86 2366.57 44508.8
1684168527 124.07 56.93 14335.9 43832.6
1684168537 130.38 56.93 2311.46 43963.1
1684168547 130.77 56.85 2361.56 44085.1
1684168557 130.71 56.85 2363.46 44113.9
1684168567 130.51 56.85 2363.85 43854.2
1684168577 130.57 56.85 2361.17 44769.7
1684168587 122.92 56.93 14232.2 43527.8
1684168597 130.3 56.93 2361.17 43681.2
1684168607 130.51 56.85 2338.97 44195.1
1684168617 130.52 56.85 2363.46 44486.3
1684168627 130.97 56.85 2336.7 43784.5
1684168637 130.1 56.85 2363.08 43976.9
1684168647 130.51 56.85 2363.85 44192
1684168657 126.21 56.93 16337.9 43495.2
1684168667 130.36 56.93 2302.51 42739.7
1684168677 130.29 56.85 2314.23 45817.3
1684168687 130.16 56.85 2315.95 43724.5
1684168697 130.32 56.85 2338.97 43406.8
1684168707 130.41 56.85 2363.46 43950.2
1684168717 130.89 56.85 2363.85 44825.3
1684168727 128.74 56.93 17106.8 43784.5
1684168737 130.61 56.93 2338.97 44134.5
1684168747 129.69 56.85 2337.76 43455.5
1684168757 130.91 56.85 2363.85 44601.4
1684168767 130.61 56.85 2363.46 44130.6
1684168777 130.81 56.85 2388.73 44536.1
1684168787 122.23 56.93 15646.6 43872.2
1684168797 130.9 56.93 2338.97 44523.2
1684168807 130.42 56.85 2363.46 44598.2
1684168817 131.14 56.85 2334.43 43686.1
1684168827 130.87 56.85 2336.7 44040.8
1684168837 129.98 56.85 2327.27 44853.4
1684168847 130.51 56.85 2340.52 43258.3
1684168857 123.59 56.93 16146.8 44374.8
1684168867 130.61 56.93 2363.85 44330.4
1684168877 131.19 56.85 2363.46 44283.4
1684168887 130.48 56.85 2338.25 44615.5
1684168897 130.78 56.85 2362.72 44589.1
1684168907 130.84 56.85 2366.15 44414.8
1684168917 130.48 56.85 2361.17 44176.7
1684168927 125.56 56.93 16499.1 44226.6
1684168937 130.74 56.93 2343.97 44575.1
1684168947 130.23 56.85 2314.09 44123.2
1684168957 130.58 56.85 2361.17 44582.9
1684168967 130.84 56.85 2341.25 44542.4
1684168977 130.48 56.85 2336.31 44105.6
1684168987 125.8 56.93 14780.6 44168
1684168997 130.2 56.93 2336.7 43860.6
1684169007 130.71 56.85 2363.46 44859.5
1684169017 131.09 56.85 2388.73 45057.7
1684169027 130.3 56.85 2336.31 43875.7
1684169037 130.29 56.85 2386.41 44836.1
1684169047 130.78 56.85 2389.13 44688.2
1684169057 128.38 56.93 17027.4 43658.3
1684169067 129.72 56.93 2289.23 44988.5
1684169077 130.44 56.85 2325.41 44877.7
1684169087 130.28 56.85 2311.46 44486.2
1684169097 130.45 56.85 2341.25 43719.5
1684169107 130.04 56.85 2291.93 44023.3
1684169117 123.46 56.94 15273.8 44866.9
1684169127 130.1 56.94 2311.46 43500.2
1684169137 130.09 56.86 2314.23 44525
1684169147 130.37 56.86 2359.26 44432.6
1684169157 130.62 56.86 2338.58 44291.2
1684169167 130.32 56.86 2338.97 44481.2
1684169177 130.3 56.86 2364.28 44603.1
1684169187 126.51 56.93 16492 44528.6
1684169197 129.87 56.93 2336.22 45263.4
1684169207 131.09 56.85 2363.85 44866.1
1684169217 130.42 56.85 2363.46 43734.5
1684169227 130.77 56.85 2361.56 45548
1684169237 130.22 56.85 2363.46 43968.9
1684169247 130.52 56.85 2388.73 43538.2
1684169257 128.13 56.93 17385.8 44197.5
1684169267 130.29 56.93 2361.56 43800.4
1684169277 130.31 56.85 2363.46 43921.5
1684169287 130.22 56.85 2338.97 44269.4
1684169297 130 56.85 2338.84 44771.5
1684169307 130.58 56.85 2361.17 44328.2
1684169317 123.78 56.94 15504.9 43852.8
1684169327 130.58 56.94 2361.17 43755.3
1684169337 130.64 56.86 2366.15 43668.1
1684169347 130.6 56.86 2365.01 44618.8
1684169357 130.39 56.86 2361.56 44415.2
1684169367 130.86 56.86 2345.23 44644.9
1684169377 130.8 56.86 2363.85 44901.5
1684169387 126.9 56.93 16635 43571.7
1684169397 130.55 56.93 2346.85 44117.2
1684169407 130.97 56.85 2361.17 46062.1
1684169417 130.32 56.85 2338.97 44549.7
1684169427 130.26 56.85 2336.22 44984.4
1684169437 130.58 56.85 2336.7 43843.9
1684169447 125.22 56.93 15079.4 45584.2
1684169457 130.22 56.93 2338.97 43517.2
1684169467 130.3 56.85 2311.85 43234.6
1684169477 129.71 56.85 2338.46 45818.8
1684169487 130.83 56.85 2366.15 45881.3
1684169497 130.58 56.85 2336.31 45512.2
1684169507 123.69 56.93 14507.2 43698.2
1684169517 130.51 56.93 2313.7 44288.4
1684169527 129.49 56.85 2287.41 44843.8
1684169537 129.99 56.85 2345.23 45421.4
1684169547 130.33 56.85 2366.96 43773.4
1684169557 130.8 56.85 2363.46 44847.8
1684169567 122.41 56.93 14072.3 45894.2
1684169577 130.7 56.93 2338.58 43517.2
1684169587 130.88 56.85 2336.7 44685.1
1684169597 130.71 56.85 2313.7 43714.7
1684169607 131.13 56.85 2341.25 45736.2
1684169617 130.61 56.85 2338.58 45745.4
1684169627 130.12 56.85 2314.09 43683.2
1684169637 128.5 56.93 16129.6 44238.5
1684169647 130.8 56.93 2363.46 43657.9
1684169657 131 56.85 2338.97 44508.1
1684169667 130.81 56.85 2341.69 44243.7
1684169677 130.19 56.85 2316.54 44610.4
1684169687 130.87 56.85 2319.62 45343.8
1684169697 126.92 56.93 15791.6 45208.6
1684169707 129.9 56.93 2311.46 43747.6
1684169717 129.93 56.85 2363.85 43910.2
1684169727 130.8 56.85 2338.58 46285.3
1684169737 130.71 56.85 2338.97 45523
1684169747 130.2 56.85 2311.46 43866.8
1684169757 123.35 56.93 14982.9 45284.8
1684169767 129.91 56.93 2336.31 42877.3
1684169777 130.8 56.85 2338.97 44975.3
1684169787 130.69 56.85 2336.31 44797.7
1684169797 129.65 56.85 2365.73 44886.2
1684169807 130.99 56.85 2391.84 46714.9
1684169817 130.32 56.85 2363.46 44224.7
1684169827 126.9 56.93 16326.6 45919.6
1684169837 130.32 56.93 2313.7 44129.8
1684169847 130.51 56.85 2338.97 43525
1684169857 129.81 56.85 2313.85 45021.9
1684169867 131.19 56.85 2338.97 43904
1684169877 130.94 56.85 2334.04 43777.3
1684169887 130.87 56.85 2336.7 44252.4
1684169897 128.54 56.93 17159.6 44273.8
1684169907 131.34 56.93 2309.6 44662.3
1684169917 130.8 56.85 2313.7 45481.8
1684169927 130.9 56.85 2338.97 46557.4
1684169937 131.16 56.85 2368.06 45984
1684169947 130.19 56.85 2336.7 43927
1684169957 125.85 56.93 15329.8 44438.5
1684169967 130.03 56.93 2314.09 43174
1684169977 129.65 56.85 2267.17 45095.7
1684169987 129.84 56.85 2291.43 45064.5
1684169997 130.54 56.85 2341.25 44011.7
1684170007 130.22 56.85 2338.58 44230.9
1684170017 126.14 56.93 14765.4 44102.2
1684170027 130.29 56.93 2336.31 44264.1
1684170037 130.7 56.85 2338.97 44140.7
1684170047 130.29 56.85 2336.7 44518.1
1684170057 130.71 56.85 2363.46 44775.9
1684170067 130.51 56.85 2363.85 43697.2
1684170077 122.02 56.93 14864.2 45699.2
1684170087 130.87 56.93 2311.85 43321.9
1684170097 129.81 56.85 2313.85 44714.2
1684170107 130.48 56.85 2336.7 45049.7
1684170117 130.35 56.85 2368.87 44053.3
1684170127 130.74 56.85 2366.15 46161.5
1684170137 130.3 56.85 2361.17 44109.1
1684170147 125.86 56.93 16134.1 44821.4
1684170157 130.65 56.93 2358.87 45370.7
1684170167 130.13 56.85 2314.09 43320.9
1684170177 130.39 56.85 2338.84 45801.9
1684170187 130.51 56.85 2363.46 45417.3
1684170197 130.21 56.85 2338.97 44375.9
1684170207 130.7 56.85 2338.58 43986.4
1684170217 127.95 56.93 16992.7 45015.1
1684170227 129.92 56.93 2313.7 43605.8
1684170237 130.16 56.85 2341.25 44072.4
1684170247 130.75 56.85 2334.04 45637.6
1684170257 130.07 56.85 2341.25 44198.4
1684170267 130.68 56.85 2361.17 45132
1684170277 123.62 56.93 15426.2 45411.1
1684170287 130.7 56.93 2338.58 45710
1684170297 130.12 56.85 2342.08 44123.2
1684170307 130.55 56.85 2340.86 43890.7
1684170317 131.13 56.85 2391.05 46908.9
1684170327 130.09 56.85 2361.56 45567
1684170337 130.39 56.85 2336.7 45074.9
1684170347 128.26 56.93 16298.8 45707.3
1684170357 129.81 56.93 2336.31 44064.8
1684170367 131 56.85 2338.97 46216.9
1684170377 130.22 56.85 2338.58 44682.6
1684170387 130.8 56.85 2363.85 45986.8
1684170397 129.91 56.85 2336.31 43671.1
1684170407 123.51 56.93 15563.9 44760.7
1684170417 130.3 56.93 2313.85 44801.9
1684170427 130.58 56.85 2311.85 45551.8
1684170437 130.65 56.85 2365.76 44306.2
1684170447 130.42 56.85 2388.73 46307.5
1684170457 130.51 56.85 2363.46 46508.8
1684170467 130.19 56.85 2336.7 44785.2
1684170477 55.01 56.91 15163.1 12475

Execution duration: 00:33:29.29
