1684067717 130.93 48.93 2327.62 41175.1
1684067727 130.22 49.07 2321.25 45563.7
1684067737 130.51 49.28 2320.86 45981.7
1684067747 130.97 49.49 2343.53 47013.8
1684067757 130.77 49.71 2343.14 46273.4
1684067767 123.06 49.98 14324.9 46133.1
1684067777 130.75 50.19 2340.86 46494.2
1684067787 130.64 50.34 2341.25 46045.9
1684067797 130.57 50.55 2343.14 46123.5
1684067807 130.96 50.76 2343.53 45779.2
1684067817 130.63 50.97 2342.97 45035.1
1684067827 122.26 51.25 14190.9 45216.3
1684067837 130.25 51.46 2340.86 45168.1
1684067847 130.35 51.6 2316.34 45288.7
1684067857 129.84 51.82 2316.07 45281.6
1684067867 131.03 52.03 2366.15 45975.1
1684067877 130.06 52.24 2340.86 45409.7
1684067887 131.06 52.45 2368.45 46114.1
1684067897 126.55 52.73 16344.7 45698.8
1684067907 130.26 52.88 2315.95 45146.7
1684067917 131.06 53.09 2368.45 45905.4
1684067927 130.22 53.3 2338.58 45991.8
1684067937 131.04 53.58 2391.05 46396.9
1684067947 130.96 53.72 2368.06 46400.4
1684067957 131.13 53.94 2366.15 46554.9
1684067967 129.35 54.22 17271.5 46042.4
1684067977 131.2 54.36 2363.46 45219.8
1684067987 129.81 54.57 2311.85 45427.2
1684067997 130.44 54.78 2340.86 45842.4
1684068007 130.13 55 2341.09 45573.1
1684068017 130.1 55.21 2338.46 45491.2
1684068027 122.9 55.49 15779.2 45941.4
1684068037 131.19 55.68 2363.46 46503.4
1684068047 130.51 55.77 2314.09 45790.9
1684068057 130.19 55.91 2338.84 45371.2
1684068067 130.41 56.03 2363.46 46200.2
1684068077 130.7 56.15 2363.85 46418.3
1684068087 129.79 56.27 2369.91 45153.7
1684068097 123.88 56.41 16395.7 46266.8
1684068107 130.51 56.4 2363.46 46242.6
1684068117 130.49 56.45 2361.56 46353.4
1684068127 130.8 56.5 2340.13 45807.6
1684068137 130.44 56.56 2350.15 44718.1
1684068147 131.29 56.6 2363.46 45969.7
1684068157 130.32 56.61 2363.85 46146.9
1684068167 126.85 56.68 16969.6 46259.1
1684068177 130.59 56.61 2364.28 45226
1684068187 130.03 56.61 2338.97 45208.9
1684068197 131 56.61 2388.34 46432.3
1684068207 130.22 56.62 2338.97 45655.2
1684068217 130.98 56.62 2386.02 46491.3
1684068227 127.12 56.69 15187.2 45748.5
1684068237 130.61 56.62 2363.46 45861.2
1684068247 130 56.62 2361.56 45659
1684068257 131.19 56.62 2388.34 46784.4
1684068267 130.51 56.62 2388.73 46058.7
1684068277 130.68 56.62 2392.23 47059.4
1684068287 130.2 56.62 2338.43 45849
1684068297 129.55 56.7 17451.5 45603.9
1684068307 130.7 56.63 2338.97 45580.9
1684068317 130.78 56.63 2311.85 45264.8
1684068327 131 56.63 2363.46 45850.7
1684068337 130.17 56.63 2352.42 45640.2
1684068347 131.09 56.63 2368.12 45804.5
1684068357 125.46 56.7 16003.1 45972.4
1684068367 130.39 56.63 2336.31 45207.8
1684068377 129.98 56.63 2336.6 45937.8
1684068387 131.23 56.63 2365.76 46643.6
1684068397 130.59 56.63 2361.56 46836.9
1684068407 130.93 56.63 2390.66 45907
1684068417 130.51 56.63 2366.96 46391.4
1684068427 128.67 56.7 17156.1 45564.2
1684068437 130.93 56.63 2366.15 46195.7
1684068447 130.51 56.63 2363.46 46326.9
1684068457 130.25 56.63 2366.15 46738.5
1684068467 130.71 56.63 2388.73 46493.3
1684068477 130.12 56.63 2363.85 46066.5
1684068487 121.6 56.68 15644 46495.7
1684068497 130.01 56.7 17996.1 45907.6
1684068507 130.31 56.63 2338.97 46244.1
1684068517 130.47 56.63 2320.54 45520.2
1684068527 131.06 56.63 2361.56 46418.6
1684068537 129.9 56.63 2313.85 45221.2
1684068547 130.37 56.7 2377.18 46121.5
1684068557 126.22 56.7 16130.5 45863.3
1684068567 130.54 56.63 2366.15 46045.9
1684068577 130.32 56.63 2349.46 45643.9
1684068587 130.67 56.63 2361.56 46328.2
1684068597 131.33 56.63 2390.66 45419.8
1684068607 131.1 56.63 2356.98 46407.8
1684068617 130.59 56.63 2338.46 45506.9
1684068627 130.01 56.7 17258.2 45297.5
1684068637 130.44 56.63 2336.6 44901.8
1684068647 130.69 56.63 2361.17 45448.2
1684068657 131.03 56.63 2366.15 45858
1684068667 130.48 56.63 2340 45240
1684068677 130.6 56.63 2363.85 46110.8
1684068687 127.5 56.7 15694.6 45725.4
1684068697 131.1 56.63 2363.85 46489
1684068707 131.26 56.63 2336.31 46193
1684068717 130.32 56.63 2338.97 45577.4
1684068727 131.13 56.63 2365.76 46975.1
1684068737 130.64 56.63 2341.25 45728.4
1684068747 126.36 56.7 15335.4 45843.2
1684068757 130.09 56.63 2361.17 45362.7
1684068767 131 56.63 2338.97 46413.6
1684068777 130.99 56.63 2341.69 46063.8
1684068787 130.26 56.63 2341.25 46249
1684068797 130.32 56.63 2363.46 45864.7
1684068807 125.07 56.7 15022 46608.8
1684068817 130.31 56.63 2363.46 45447.2
1684068827 130.06 56.63 2336.6 45014
1684068837 130.48 56.63 2386.02 45943.7
1684068847 131.23 56.63 2366.15 46483.7
1684068857 130.09 56.63 2336.31 46081.2
1684068867 123.91 56.7 14820.2 45913.3
1684068877 131.29 56.7 2363.85 45885.3
1684068887 129.9 56.64 2336.31 45178.2
1684068897 130.97 56.64 2391.07 46909.9
1684068907 131.39 56.64 2363.46 46157.1
1684068917 130.69 56.71 2349.81 45430.9
1684068927 132.13 56.64 2351.85 46356.5
1684068937 130.74 56.71 16898.5 46692.2
1684068947 130.71 56.64 2363.46 45844.5
1684068957 131.39 56.64 2363.85 46435
1684068967 131.26 56.64 2361.17 45817.1
1684068977 130.51 56.64 2363.85 45571.2
1684068987 131.53 56.64 2390.66 46187.9
1684068997 128.02 56.71 16227.6 45346.7
1684069007 130.77 56.64 2336.7 44923.1
1684069017 130.8 56.64 2363.46 46731.2
1684069027 130.58 56.64 2363.11 45887.4
1684069037 131.52 56.71 2390.66 46664.6
1684069047 130.26 56.64 2341.25 45368.9
1684069057 122.89 56.71 15183.1 45806.5
1684069067 130.54 56.71 2366.15 45687.2
1684069077 131.3 56.64 2381.4 46037.6
1684069087 131.19 56.64 2363.85 46699.3
1684069097 131.06 56.64 2361.17 45404.7
1684069107 130.19 56.64 2361.56 45414.4
1684069117 130.7 56.64 2363.46 46669.8
1684069127 124.85 56.71 16389.5 46001.6
1684069137 131 56.64 2338.97 45891.9
1684069147 130.59 56.64 2311.46 45464.1
1684069157 129.9 56.64 2361.56 45464.5
1684069167 130.54 56.64 2367.32 45963.4
1684069177 130.55 56.64 2352.42 45224.4
1684069187 123.79 56.71 14640.8 45993.4
1684069197 130.29 56.71 2336.7 45816.3
1684069207 132.06 56.64 2338.58 46227
1684069217 131.1 56.64 2314.09 45602.7
1684069227 131.16 56.64 2336.31 45533.6
1684069237 131.29 56.64 2363.85 46099.5
1684069247 124.58 56.71 14167.9 45662.2
1684069257 129.72 56.71 2314.23 45140
1684069267 130.12 56.64 2313.7 45111.4
1684069277 130.28 56.64 2320.93 45888.1
1684069287 130.61 56.64 2338.97 46515.1
1684069297 131.65 56.64 2336.7 46197.3
1684069307 130.4 56.64 2323.17 46017.8
1684069317 128.21 56.71 16682.9 45679.4
1684069327 131 56.64 2366.96 46259.3
1684069337 130.67 56.64 2336.31 45815.9
1684069347 131.09 56.64 2363.85 46340.9
1684069357 130.81 56.71 2363.46 45925.8
1684069368 129.96 56.64 2336.6 45022.1
1684069378 123.75 56.71 15446.1 45451.1
1684069387 130.2 56.71 2311.85 44524.3
1684069398 129.58 56.64 2311.62 44839.6
1684069407 130.23 56.64 2338.97 45824.3
1684069417 130.51 56.64 2363.46 45671.1
1684069427 131.26 56.64 2361.56 47038.1
1684069437 130.7 56.64 2338.58 45852.3
1684069447 125.78 56.71 16495 45980.7
1684069457 131.26 56.64 2361.56 45923.1
1684069467 130.02 56.64 2338.58 45782.7
1684069477 131.49 56.64 2363.85 46095.6
1684069487 131 56.64 2363.46 45842.6
1684069497 130.65 56.64 2366.15 46405.1
1684069507 130.9 56.64 2341.69 45443.7
1684069517 129.74 56.71 17317 45699.1
1684069527 130.87 56.64 2361.17 45539.4
1684069537 130.8 56.64 2363.85 45966.2
1684069547 130.94 56.64 2358.87 45576.7
1684069557 131.42 56.64 2391.05 45629.2
1684069567 131.09 56.64 2363.46 46095.6
1684069577 128.06 56.71 16110.7 46350.7
1684069587 130.93 56.64 2365.76 45790.7
1684069597 131.06 56.64 2336.7 46339
1684069607 130.98 56.64 2336.7 46173.6
1684069617 131.13 56.64 2365.76 46419.1
1684069627 130.52 56.65 2314.09 45865.5
1684069638 122.02 56.72 15178.8 44483.5
1684069647 130.45 56.72 2341.25 45711.3
1684069658 130.13 56.65 2340.71 44799.2
1684069667 130.51 56.65 2338.97 46165.2
1684069677 131.01 56.65 2388.34 46424.1
1684069687 130.9 56.65 2363.85 45718.9
1684069697 130.9 56.65 2363.46 45507.5
1684069707 68.22 56.7 15154.9 17340.3

Execution duration: 00:33:20.20
