1684085787 130.68 56.99 2352.62 42809.3
1684085797 130.26 56.91 2341.64 41549.4
1684085807 131.48 56.91 2341.69 47356.3
1684085817 130.13 56.91 2317.2 43791.6
1684085827 129.83 56.91 2319.15 45193.5
1684085837 123.61 56.98 14268.2 45075.6
1684085847 131.13 56.9 2341.25 46686.8
1684085857 130.02 56.9 2338.97 44184.7
1684085867 130.77 56.9 2368.06 44894.6
1684085877 131.14 56.9 2366.15 45466.2
1684085887 131.42 56.9 2340.86 46137
1684085897 122.35 56.98 14124.8 44070
1684085907 130.55 56.98 2365.76 44588.7
1684085917 130.71 56.9 2338.97 44978.4
1684085927 130.32 56.9 2288.82 45224.1
1684085937 129.96 56.9 2294.03 45598.1
1684085947 129.94 56.9 2316.07 45196.5
1684085957 131.1 56.9 2363.85 46663.9
1684085967 125.66 56.98 16156.3 45468.2
1684085977 130.35 56.9 2342.42 45820.6
1684085987 130.8 56.9 2340.52 46421.4
1684085997 130.67 56.9 2343.14 45162.6
1684086007 131.03 56.9 2341.25 45167.7
1684086017 130.71 56.9 2338.58 46058.7
1684086027 130.36 56.9 2341.25 46195.7
1684086037 128.3 56.98 17065.4 44623.3
1684086047 129.97 56.9 2334.43 45042.1
1684086057 130.74 56.9 2340.86 45743.2
1684086067 130.35 56.9 2341.25 45496.9
1684086077 130.61 56.9 2363.85 46559.4
1684086087 130.8 56.9 2340.13 45774.9
1684086097 122.23 56.98 15460.6 44935.5
1684086107 130.25 56.98 2415.56 44891.1
1684086117 130.51 56.9 2340.52 45877.6
1684086127 130.77 56.9 2368.45 46244.2
1684086137 130.1 56.9 2361.56 45744.5
1684086147 130.41 56.9 2363.85 46193.6
1684086157 130.64 56.9 2367.32 46027.2
1684086167 123.21 56.98 16122.3 46070.3
1684086177 130.31 56.9 2338.58 45676.6
1684086187 130.71 56.9 2314.09 45723.6
1684086197 130.65 56.9 2343.97 45978.6
1684086207 130.73 56.9 2341.25 46381.3
1684086217 130.93 56.9 2340.86 45634.2
1684086227 131.23 56.9 2366.15 45844.8
1684086237 124.78 56.98 16452.1 45482.2
1684086247 130.68 56.9 2364.67 45633.8
1684086257 130.23 56.9 2289.21 45035.2
1684086267 129.55 56.9 2340.71 44778.1
1684086277 130.8 56.9 2363.85 46243.3
1684086287 130.75 56.9 2358.87 46365.9
1684086297 124.29 56.98 14708.3 45926.5
1684086307 130.32 56.9 2338.58 46123.2
1684086317 130.51 56.9 2338.97 45811.1
1684086327 130.33 56.9 2363.46 46439.3
1684086337 130.57 56.98 2343.53 45721.5
1684086347 129.23 56.9 2290.77 43850.8
1684086357 130.61 56.9 2365.4 45967.7
1684086367 126.82 56.98 16801.5 45152.6
1684086377 130.02 56.9 2314.09 45125
1684086387 130.91 56.9 2313.7 45657.5
1684086397 129.94 56.9 2314.09 45248.2
1684086407 130.77 56.9 2336.31 46021.4
1684086417 130.06 56.9 2344.36 45720.2
1684086427 122.63 56.98 15192.2 45655.5
1684086437 130.49 56.98 2311.85 45099.8
1684086447 129.84 56.9 2314.09 45157.6
1684086457 129.36 56.9 2316.07 44634.1
1684086467 130.08 56.9 2359.26 45747.8
1684086477 130.29 56.9 2361.17 45698.2
1684086487 130.71 56.9 2371.62 46149.3
1684086497 125.27 56.98 16206 45629.2
1684086507 130.22 56.9 2314.09 45294.8
1684086517 129.74 56.9 2316.07 45427.9
1684086527 130.61 56.9 2338.97 46244.1
1684086537 130.23 56.9 2313.7 45408
1684086547 129.84 56.9 2341.09 45520.7
1684086557 130.42 56.9 2365.01 45483
1684086567 126.24 56.98 16994 45584.4
1684086577 130.06 56.9 2365.76 45359.9
1684086587 130.17 56.9 2334.43 45943.4
1684086597 130.03 56.9 2338.58 45419.2
1684086607 130.36 56.9 2341.25 46134.2
1684086617 130.45 56.9 2334.43 45957.3
1684086627 122.14 56.98 15030.7 45633.4
1684086637 130.45 56.98 2440.86 45472.8
1684086647 130.6 56.9 2346.35 45889.6
1684086657 130.22 56.9 2338.97 46152.4
1684086667 130.99 56.9 2363.46 46191.6
1684086677 131 56.9 2363.85 45691
1684086687 130.03 56.9 2338.58 45727.5
1684086697 124.78 56.98 16129.1 45882.6
1684086707 130.1 56.9 2286.6 45636.1
1684086717 129.93 56.9 2316.45 44826.6
1684086727 130.8 56.9 2363.46 45706.1
1684086737 130.77 56.9 2364.67 45792.6
1684086747 131 56.9 2363.46 45540.1
1684086757 122.72 56.98 14578.2 44527.4
1684086767 129.9 56.98 2286.6 45070.7
1684086777 129.54 56.9 2291.81 44923.6
1684086787 130.45 56.9 2316.34 45836.2
1684086797 130.48 56.9 2336.31 45611.3
1684086807 129.9 56.9 2311.85 44673
1684086817 130.6 56.9 2316.07 45726.7
1684086827 128.96 56.98 16138.4 45333.7
1684086837 130.45 56.9 2340.86 45807
1684086847 130.64 56.9 2319.45 45938.9
1684086857 130.64 56.9 2340.86 45815.9
1684086867 130.3 56.9 2336.7 46416.3
1684086877 130.75 56.9 2340.86 45945.9
1684086887 128.06 56.98 15749.9 45561.2
1684086897 130.35 56.9 2341.25 45221.4
1684086907 130.42 56.9 2340.71 45498
1684086917 130.54 56.9 2341.25 45218.7
1684086927 129.99 56.9 2320.54 45232.8
1684086937 130.23 56.9 2338.97 46017.9
1684086947 126.46 56.98 15431.9 45746.3
1684086957 130.57 56.9 2343.53 45661.9
1684086967 130.58 56.9 2347.81 45872.2
1684086977 130.32 56.9 2338.97 45985.2
1684086987 130.84 56.9 2340.86 46109.7
1684086997 130.61 56.9 2341.69 45641.2
1684087007 125.24 56.98 15075 45803.5
1684087017 130.22 56.9 2314.09 45162.3
1684087027 130.5 56.9 2316.07 44952.1
1684087037 130.41 56.9 2363.85 45955.7
1684087047 130.71 56.9 2363.85 45899.3
1684087057 130.58 56.9 2343.14 45765.9
1684087067 130 56.9 2336.7 45685.8
1684087077 128.38 56.98 16584.7 45540.5
1684087087 129.15 56.9 2273.75 44299.6
1684087097 130.79 56.9 2343.79 45800.2
1684087107 130.77 56.9 2368.45 46144.9
1684087117 131.13 56.9 2365.76 45685.6
1684087127 129.71 56.9 2336.7 45560.4
1684087137 123.61 56.98 15569.3 45422.3
1684087147 130.67 56.9 2320.93 45258.6
1684087157 130.42 56.9 2338.58 44920.9
1684087167 129.77 56.9 2316.34 45672
1684087177 130.55 56.9 2365.76 46649.8
1684087187 130.38 56.9 2336.7 45969.7
1684087197 129.97 56.9 2315.95 45608.9
1684087207 125.32 56.98 16346.1 45243.9
1684087217 129.97 56.9 2315.95 44658.8
1684087227 130.8 56.9 2338.97 45601.9
1684087237 130.25 56.9 2319.45 45605.8
1684087247 130.29 56.9 2311.46 45259
1684087257 129.74 56.9 2316.45 45143.4
1684087267 122.77 56.98 14467.9 44678.5
1684087277 130.42 56.98 2314.09 45436
1684087287 130.51 56.9 2288.82 45084.2
1684087297 130.54 56.9 2316.34 46114
1684087307 130.9 56.9 2363.46 45895.8
1684087317 131.26 56.9 2361.56 46572.4
1684087327 122.85 56.98 13941.1 44964.2
1684087337 129.84 56.9 2316.45 44590.2
1684087347 130.29 56.9 2336.31 45489.3
1684087357 130.03 56.9 2338.97 45448.4
1684087367 130.49 56.9 2336.31 46207
1684087377 130.42 56.9 2363.85 45752.4
1684087387 130.45 56.9 2340.86 45066.2
1684087397 127.21 56.98 16447.8 45123
1684087407 130.7 56.9 2363.85 46324.2
1684087417 130.42 56.9 2338.58 45485.7
1684087427 130.59 56.9 2361.56 45764.3
1684087437 130.36 56.9 2340.86 46180.9
1684087447 130.7 56.9 2363.85 45613.6
1684087457 123.33 56.98 15387.4 45767.5
1684087467 130.02 56.98 2338.97 45496.6
1684087477 130.13 56.9 2338.58 46376.7
1684087487 131.09 56.9 2314.09 46364.2
1684087497 130.58 56.9 2286.6 44910.3
1684087507 131.03 56.9 2341.25 45202.7
1684087517 129.71 56.9 2336.31 45591.5
1684087527 125.19 56.98 16270 46355.2
1684087537 130.22 56.9 2338.58 46092.5
1684087547 130.45 56.9 2341.25 45561.1
1684087557 130.75 56.9 2365.76 45954.5
1684087567 130.35 56.9 2341.25 45485.2
1684087577 130.02 56.9 2342.08 44959
1684087587 130.78 56.9 2361.17 46427.6
1684087597 128.38 56.98 16894.1 46033.4
1684087607 129.94 56.9 2338.58 46014.4
1684087617 130.71 56.9 2338.97 45493.1
1684087627 130.16 56.9 2365.76 46201.6
1684087637 130.41 56.9 2388.73 46577.3
1684087647 130.29 56.9 2361.17 46231.8
1684087657 125.85 56.98 15602.3 45953.7
1684087667 129.93 56.9 2338.58 45301.1
1684087677 130.02 56.9 2338.97 44696.2
1684087687 130.12 56.9 2338.58 45838.7
1684087697 130.71 56.9 2363.85 46129.4
1684087707 129.94 56.9 2338.58 45714.3
1684087717 131.39 56.9 2338.97 46591.2
1684087727 129.38 56.98 16998 45737.3
1684087737 131.07 56.9 2336.7 45488.5
1684087747 130.61 56.9 2316.45 45310.5
1684087757 130.15 56.9 2325.02 44844.1
1684087767 130.61 56.9 2363.85 46087.8
1684087777 130.25 56.9 2343.97 45896.1
1684087787 104.28 56.96 15145.6 30338.2

Execution duration: 00:33:33.33
