1684116453 116.15 56.87 0 270.77
1684116454 118.46 56.87 3.08 30.77
1684116455 122.31 56.87 0 3.08
1684116456 122.66 56.95 0 0
1684116457 120.93 56.87 0 0
1684116458 121.54 56.87 0 0
1684116459 121.26 56.87 0 0
1684116460 122.48 56.87 0 0
1684116461 123.62 56.87 0 0
1684116462 124.22 56.87 0 0
1684116463 127.56 56.87 0 0
1684116464 124.41 56.87 0 0
1684116465 117.69 56.87 0 0
1684116466 121.54 56.87 0 0
1684116467 124.22 56.87 0 0
1684116468 124.6 56.87 0 0
1684116469 124.14 56.87 0 0
1684116470 122.83 56.87 0 0
1684116471 122.31 56.87 0 0
1684116472 125.78 56.87 0 0
1684116473 91.34 56.95 1222.05 1429.92
1684116474 0.79 56.87 0 3250.39

Execution duration: 00:00:24.24
