1684075936 115.01 56.72 15.76 22604.9
1684075940 119.7 56.65 3.03 38691.7
1684075945 121.93 56.65 0.76 46713.8
1684075950 122.31 56.65 0 49584.9
1684075955 122.87 56.65 0.76 51011
1684075960 123.48 56.65 0 51159.8
1684075966 124.01 56.65 0.76 51116.8
1684075971 122.1 56.65 0.75 50536.3
1684075975 123.48 56.65 0 51136.4
1684075980 123.25 56.65 0.76 51923.6
1684075985 124.43 56.72 0.76 55675.8
1684075991 124.43 56.65 0 55717.4
1684075996 124.39 56.65 0.76 56569.4
1684076001 123.38 56.65 0.74 55520.6
1684076006 125.19 56.65 0 56945.4
1684076011 125 56.65 0.76 57192.4
1684076016 125.57 56.65 0.76 60013.6
1684076021 125.76 56.65 0 59025
1684076026 125.19 56.65 0.76 59131.8
1684076031 124.95 56.65 0.76 59666.5
1684076036 125.19 56.65 0 59089.4
1684076041 124.62 56.65 0.76 56150.8
1684076046 122.5 56.65 0.76 49789.8
1684076051 124.81 56.65 0 56400
1684076056 125.52 56.65 0.76 59703.6
1684076061 125.57 56.65 0.76 59974.2
1684076066 126.14 56.65 0 61554.6
1684076071 123.38 56.65 0.74 56831.9
1684076076 122.54 56.65 0.76 49487.9
1684076081 120.96 56.65 0 48899.4
1684076086 122.73 56.65 0.76 49392.4
1684076091 121.55 56.65 0 45590.2
1684076096 121.36 56.65 0.76 45218.9
1684076101 120.08 56.65 0.76 42588.6
1684076106 117.8 56.65 0 32551.5
1684076111 119.51 56.65 0.76 39043.9
1684076116 122.16 56.65 0 46542.4
1684076121 121.93 56.65 0.76 48436.3
1684076126 121.93 56.65 0 47840.4
1684076131 121.78 56.65 0.76 47043.2
1684076136 119.7 56.65 0.74 40651.3
1684076141 120.83 56.65 0 41897
1684076146 120.27 56.65 0.76 40831.8
1684076151 119.85 56.65 0 39843.5
1684076156 119.32 56.65 0.76 38581.8
1684076161 119.28 56.65 0 38811.3
1684076166 118.34 56.65 0.76 36305.5
1684076171 119.32 56.65 0 36354.6
1684076176 118.71 56.65 0.76 35114.6
1684076181 119.47 56.65 0 36693.4
1684076186 119.09 56.65 0.76 37891.9
1684076191 117.63 56.65 0 35510.9
1684076196 118.53 56.65 0.76 36100.6
1684076201 119.09 56.65 0 35968.2
1684076206 118.94 56.65 0 35390.9
1684076211 119.32 56.65 0 36705.3
1684076216 119.51 56.65 0 37750.8
1684076221 118.92 56.65 0 36234.5
1684076226 118.9 56.65 0 37887.3
1684076231 119.28 56.65 0 37862.4
1684076236 117.81 56.65 0 36288.7
1684076241 119.7 56.65 0 36081.8
1684076246 119.51 56.65 0 36618.9
1684076251 118.9 56.65 0 37128.9
1684076256 119.51 56.65 0 36431.1
1684076261 118.56 56.65 0 36396.2
1684076266 117.44 56.65 0 35926.5
1684076271 118.94 56.65 0 36530.3
1684076276 118.94 56.65 0 36047
1684076281 118.56 56.65 0 36085.6
1684076286 118.34 56.65 0 35229.5
1684076291 118.56 56.65 0 35974.2
1684076296 118.34 56.65 0 36331.9
1684076301 59.36 56.72 10.59 47842

Execution duration: 00:06:11.11
