1684087813 166.79 56.96 0 0
1684087818 159.29 56.96 6.69 45.35
1684087823 146.17 56.96 0 0
1684087828 100.19 56.88 0 0
1684087833 100.38 56.88 0 0
1684087838 100.38 56.88 0 0
1684087843 100.38 56.88 0 0
1684087848 100.38 56.88 0 123.19
1684087853 100.38 56.88 0 0
1684087858 100.19 56.88 0 0
1684087863 100.57 56.88 0 0
1684087868 100.38 56.88 0 0
1684087873 100.38 56.88 0 0
1684087878 100.38 56.88 0 0
1684087883 100.57 56.88 0 0
1684087888 99.63 56.88 0 0
1684087893 100.38 56.88 0 0
1684087898 100.38 56.88 0 0
1684087903 100.38 56.88 0 0
1684087908 100.38 56.88 0 0
1684087913 21.9 56.96 0 0

Execution duration: 00:01:45.45
