1684078382 100.19 56.66 182.51 0
1684078387 100.57 56.73 6.08 46.39
1684078392 100.57 56.66 0 0
1684078397 100.19 56.66 0 0
1684078402 100.19 56.66 0 0
1684078407 100.19 56.66 0 0
1684078412 100.95 56.66 0 0
1684078417 99.44 56.66 0 0
1684078422 100.38 56.66 0 0
1684078427 100.38 56.66 3.04 135.36
1684078432 100.19 56.66 0 0
1684078437 100.19 56.66 0 0
1684078442 100.76 56.66 0 0
1684078447 99.81 56.66 0 0
1684078452 101.33 56.66 0 0
1684078457 101.14 56.66 0 0
1684078462 100.19 56.66 0 0
1684078467 100.38 56.66 0 0
1684078472 100.19 56.66 0 0
1684078477 100 56.66 0 0
1684078482 100.57 56.66 0 0
1684078487 100.57 56.66 0 0
1684078492 100.38 56.66 0 0
1684078497 100.38 56.66 0 0
1684078502 100.19 56.66 0 0
1684078507 100.19 56.66 0 0
1684078512 100.38 56.66 0 0
1684078517 100.57 56.66 0 0
1684078522 100.57 56.66 0 0
1684078527 100.38 56.66 0 0
1684078532 100.38 56.66 0 0
1684078537 100.19 56.66 0 0
1684078542 100.57 56.67 0 0
1684078547 100.38 56.67 0 0
1684078552 100.38 56.67 0 0
1684078557 100.19 56.67 0 0
1684078562 100.38 56.68 0 0
1684078567 100.38 56.68 0 0
1684078573 99.81 56.69 0 0
1684078577 100.19 56.69 0 0
1684078582 100.57 56.69 0 0
1684078587 100.38 56.7 0 0
1684078593 99.63 56.7 0 0
1684078597 101.33 56.71 0 0
1684078602 100.38 56.71 0 0
1684078607 100.19 56.72 0 0
1684078612 100.38 56.72 0 0
1684078617 100.38 56.72 0 0
1684078623 99.44 56.73 0 0
1684078627 100.76 56.73 0 0
1684078632 99.81 56.74 0 0
1684078637 100.19 56.74 0 0
1684078642 100.19 56.74 0 0
1684078647 100.38 56.75 0 0
1684078652 100.19 56.75 0 0
1684078657 100.38 56.76 0 0
1684078662 100.38 56.76 0 0
1684078667 100 56.77 0 0
1684078672 101.33 56.77 0 0
1684078677 99.62 56.77 0 0
1684078682 100.19 56.78 0 0
1684078687 100.38 56.78 0 0
1684078692 100.38 56.79 0 0
1684078697 100.38 56.79 0 0
1684078702 100.19 56.8 0 0
1684078707 100.38 56.8 0 0
1684078712 101.33 56.8 0 0
1684078717 100.19 56.81 0 0
1684078722 100.38 56.81 0 0
1684078727 100.38 56.82 0 0
1684078732 100.38 56.82 0 0
1684078737 100.38 56.82 0 0
1684078742 100.19 56.83 0 0
1684078747 100.38 56.9 0 0
1684078752 100.19 56.84 0 0
1684078757 100.38 56.84 0 0
1684078762 100.38 56.84 0 0
1684078767 100.38 56.85 0 0
1684078772 100.38 56.85 0 0
1684078777 100.38 56.86 0 0
1684078782 100.38 56.86 0 0
1684078787 100.38 56.87 0 0
1684078792 100.19 56.87 0 0
1684078797 100.38 56.87 0 0
1684078802 100.19 56.88 0 0
1684078807 54.27 56.95 28.84 4176.09

Execution duration: 00:07:11.11
