1684103226 105.14 56.96 0 0
1684103230 105.7 56.96 6.08 47.15
1684103235 105.51 56.96 0 0
1684103241 103.97 56.96 0 0
1684103245 105.13 56.96 0 0
1684103250 105.12 56.96 0 0
1684103256 103.78 56.96 0 0
1684103260 104.94 56.96 0 0
1684103265 105.13 56.96 0 0
1684103270 104.75 56.96 0 0
1684103275 105.32 56.96 0 98.86
1684103280 106.07 56.96 0 0
1684103286 104.51 56.96 0 0
1684103290 105.13 56.96 0 0
1684103295 105.51 56.96 0 0
1684103300 104.94 56.96 0 0
1684103305 105.13 56.96 0 0
1684103310 104.94 56.96 0 0
1684103315 105.13 56.96 0 0
1684103320 104.75 56.96 0 0
1684103326 105.51 56.96 0 0
1684103331 104.94 56.96 0 0
1684103336 104.74 56.96 0 0
1684103341 104.94 56.96 0 0
1684103346 104.74 56.96 0 0
1684103351 104.55 56.96 0 0
1684103356 104.75 56.96 0 0
1684103361 104.94 56.96 0 0
1684103366 104.75 56.96 0 0
1684103371 104.75 56.96 0 0
1684103376 104.75 56.96 0 0
1684103381 104.93 56.96 0 0
1684103386 104.94 56.96 0 0
1684103391 104.94 56.96 0 0
1684103396 105.89 56.96 0 0
1684103401 104.94 56.96 0 0
1684103406 104.75 56.96 0 0
1684103411 69.01 56.96 0 0

Execution duration: 00:03:12.12
