1684069772 130.49 56.73 2351.46 41572.8
1684069782 130.32 56.66 2363.46 44173.4
1684069792 130.71 56.66 2342.08 44756.5
1684069802 130.13 56.66 2319.53 46197.1
1684069812 130.1 56.66 2340 45086.5
1684069822 123.83 56.72 14338.9 45946.3
1684069832 130.99 56.72 2316.81 46374.7
1684069842 130.23 56.65 2343.63 44054.4
1684069852 131.14 56.65 2365.76 45815.2
1684069862 130.36 56.65 2335.98 45143.4
1684069872 131.29 56.65 2363.46 46031.9
1684069882 122.93 56.72 14199.4 45933.5
1684069892 130.68 56.72 2336.31 45189.1
1684069902 130.81 56.65 2342.08 45348.5
1684069912 130.32 56.65 2338.58 45160
1684069922 130.32 56.65 2363.85 44254.6
1684069932 130.58 56.65 2389.13 44262.1
1684069942 130.61 56.65 2363.85 45807.2
1684069952 126.66 56.72 16397.7 46124.9
1684069962 129.93 56.72 2338.58 43264.9
1684069972 130.7 56.65 2365.4 46053.3
1684069982 130.45 56.65 2334.04 45648.1
1684069992 130.6 56.65 2350.96 45557.1
1684070002 130.7 56.65 2363.46 45347.3
1684070012 130.49 56.65 2364.67 45057.9
1684070022 129.41 56.72 17257.5 45563.1
1684070032 130.12 56.65 2338.97 45390.1
1684070042 131.06 56.65 2346.26 44615.4
1684070052 130.2 56.65 2361.56 45014.4
1684070062 130.91 56.65 2363.85 46325.4
1684070072 130.42 56.65 2372.79 44115.8
1684070082 123.82 56.72 15834.8 46406.2
1684070092 130.15 56.72 2365.76 44372
1684070102 131.13 56.65 2366.15 45032.7
1684070112 131.92 56.72 2334.04 45562
1684070122 131.06 56.65 2336.7 45972
1684070132 131.56 56.65 2361.17 46144.1
1684070142 131.48 56.65 2366.96 46904.6
1684070152 125.19 56.72 16478.6 46642.8
1684070162 129.95 56.72 2350.15 45387.1
1684070172 129.54 56.65 2340.71 45057.2
1684070182 131 56.65 2366.96 46915.4
1684070192 130.23 56.65 2338.97 45098.2
1684070202 130.84 56.65 2365.76 45963.4
1684070212 130.11 56.65 2347.88 45260.6
1684070222 126.82 56.72 16823.7 45528.5
1684070232 130.41 56.72 2370.07 44370.8
1684070242 130.3 56.65 2361.17 45739.8
1684070252 130.42 56.65 2363.85 45809.9
1684070262 130.89 56.65 2363.46 46783.3
1684070272 130.58 56.65 2386.41 46098.6
1684070282 127.14 56.72 15245.1 46422.2
1684070292 130.9 56.72 2338.97 45568.5
1684070302 131.09 56.65 2363.46 46348.7
1684070312 131.06 56.72 2368.45 46519.6
1684070322 130.52 56.65 2338.58 46092.1
1684070332 130 56.65 2363.46 45378.1
1684070342 130.23 56.65 2372.4 45960.3
1684070352 129.77 56.72 17466.9 45560.3
1684070362 130.52 56.65 2314.09 44856.8
1684070372 131.34 56.65 2313.85 45566.9
1684070382 130.51 56.65 2338.97 46136.1
1684070392 129.84 56.65 2365.35 46035.8
1684070402 130.7 56.65 2368.51 46302
1684070412 125.46 56.73 15951.4 45764
1684070422 130.55 56.73 2316.34 45375.1
1684070432 130.44 56.66 2318.3 44310.2
1684070442 129.84 56.66 2314.09 45704.6
1684070452 130.81 56.66 2363.46 45674.6
1684070462 130.55 56.66 2341.25 45438.5
1684070472 130.06 56.66 2342.42 45119.5
1684070482 128.35 56.73 16964.3 45735.5
1684070492 130.35 56.73 2340.86 45858.4
1684070502 130.65 56.66 2366.15 45762.3
1684070512 130.22 56.66 2363.85 46118.6
1684070522 130.42 56.66 2363.46 45883.8
1684070532 130.09 56.66 2363.46 45993.1
1684070542 130.84 56.66 2365.76 46403.9
1684070552 129.74 56.73 17843 45746.6
1684070562 130.74 56.66 2340.86 46112.8
1684070572 131.94 56.66 2343.53 46986.2
1684070582 130.51 56.66 2363.46 45754.7
1684070592 131.43 56.66 2366.15 46649
1684070602 130.64 56.66 2358.87 46018.2
1684070612 125.95 56.73 16025.3 46623.5
1684070622 131.23 56.73 2365.76 46591.4
1684070632 130.42 56.66 2340.52 46060.2
1684070642 130.42 56.66 2363.46 45729.1
1684070652 130.57 56.66 2386.41 45895.2
1684070662 130.8 56.66 2388.73 46469.6
1684070672 130.64 56.66 2390.66 46291.8
1684070682 129.09 56.73 17240.5 46227.2
1684070692 131.61 56.66 2340.86 45689.9
1684070702 131.1 56.66 2363.85 45427.4
1684070712 130.32 56.66 2363.46 45512.5
1684070722 131.09 56.66 2388.73 46903.8
1684070732 130 56.66 2362.72 45707.2
1684070742 127.6 56.73 15786.6 45706.1
1684070752 130.39 56.73 2361.17 45464.8
1684070762 130.8 56.66 2338.97 47160.7
1684070772 130.22 56.66 2363.46 46061.8
1684070782 130.45 56.66 2366.15 45931.9
1684070792 130.44 56.66 2365.76 46098.4
1684070802 126.44 56.73 15244.3 45943.2
1684070812 130.19 56.73 2336.7 45629.5
1684070822 130.74 56.66 2365.76 46053.7
1684070832 131.23 56.73 2366.15 46248.6
1684070842 130.71 56.66 2346.35 46306.7
1684070852 130.67 56.66 2361.56 45607
1684070862 125.55 56.73 15020 46506.9
1684070872 131.14 56.73 2366.15 45662.7
1684070882 130.61 56.66 2338.58 45813.8
1684070892 131.04 56.66 2391.05 46006.2
1684070902 130.38 56.66 2386.02 45722.3
1684070912 130.84 56.66 2366.15 46470.8
1684070922 124 56.74 14819.8 45912.5
1684070932 130.54 56.74 2341.25 45708.6
1684070943 130.1 56.67 2338.84 45973.1
1684070952 131.61 56.67 2392.61 46715.9
1684070962 130.23 56.67 2363.85 46245.7
1684070972 130.51 56.74 2367.35 46740.5
1684070982 123.03 56.71 14414 46697.8
1684070992 131.74 56.72 16913.4 45588.3
1684071002 130.68 56.65 2361.56 45995.3
1684071012 130.68 56.65 2336.31 46391.1
1684071022 130.19 56.65 2354.7 46307.8
1684071032 130.13 56.65 2363.46 45956.5
1684071042 131.03 56.65 2391.05 46686
1684071052 127.83 56.72 16302.3 46149.8
1684071062 130.38 56.72 2361.56 45863.3
1684071072 130.51 56.65 2338.58 46212.6
1684071083 130.32 56.65 2341.09 45406.3
1684071092 130.8 56.65 2363.85 46123.2
1684071102 130.84 56.65 2390.66 46212.4
1684071112 123.42 56.72 15445.3 45769.1
1684071122 131 56.72 2388.34 45800.2
1684071133 130.25 56.65 2318.69 45560.3
1684071143 130.21 56.65 2322.78 45791.5
1684071152 130.19 56.65 2386.41 46006.6
1684071162 130.68 56.65 2392.99 46694.1
1684071172 131.09 56.65 2388.73 46219.6
1684071182 125.17 56.73 16529.5 45542.1
1684071192 130.16 56.73 2341.25 45511.3
1684071202 130.83 56.66 2365.76 46917.1
1684071212 130.42 56.66 2338.97 45049.6
1684071222 130.51 56.66 2363.46 46392.2
1684071232 130.74 56.66 2392.61 46259.9
1684071242 123.8 56.73 14754.9 45740.7
1684071253 130.29 56.73 2289.23 45331.9
1684071263 130.1 56.66 2338.84 45468.5
1684071272 130.26 56.66 2340.86 45260.7
1684071282 130.77 56.66 2361.56 46595.7
1684071293 130.49 56.66 2363.08 45915
1684071302 124.87 56.73 14317.6 46840.8
1684071312 130.61 56.73 2338.58 46174.2
1684071322 131.1 56.66 2363.85 46460.6
1684071333 130.46 56.66 2358.87 46031
1684071342 130.51 56.66 2363.85 46290.8
1684071353 130.7 56.66 2388.34 45598.1
1684071363 130.51 56.66 2363.85 45999.2
1684071373 129.31 56.73 16783.4 45912.1
1684071383 130.61 56.66 2388.73 45387
1684071392 130.81 56.66 2365.4 45786.6
1684071403 130.55 56.66 2365.76 46082.9
1684071413 130.74 56.66 2366.15 46307.8
1684071423 130.58 56.66 2363.08 46143.1
1684071433 125.2 56.73 15925.7 46216.7
1684071443 131.23 56.73 2365.76 45933.8
1684071453 131.26 56.66 2311.85 46627.2
1684071463 130.88 56.66 2311.46 44885.1
1684071473 130.6 56.66 2341.09 45250.1
1684071483 130.58 56.66 2361.17 45922.3
1684071493 130.74 56.66 2366.15 46396.5
1684071503 127.67 56.73 16910.7 46266.4
1684071513 129.74 56.73 2341.09 45229.6
1684071523 130.19 56.66 2386.02 45972
1684071533 130.84 56.66 2391.05 46569.7
1684071543 130.94 56.66 2391.05 46303.9
1684071553 131.2 56.66 2363.46 45728.3
1684071563 122.76 56.73 15333.5 45392.5
1684071573 131.05 56.73 2390.77 45470.8
1684071583 130.87 56.66 2361.56 46036.1
1684071593 131.2 56.66 2363.46 46458.7
1684071603 130.9 56.66 2388.73 46192.4
1684071613 130.83 56.66 2390.66 47017.5
1684071623 131 56.66 2388.73 47093.5
1684071633 129.83 56.73 16623.5 45930.4
1684071643 130.81 56.66 2388.73 45619.8
1684071653 130.19 56.66 2361.17 46658.2
1684071663 130.61 56.66 2388.73 46313.7
1684071673 130.75 56.66 2366.15 46321.8
1684071683 130.81 56.66 2340.71 45930.3
1684071693 124.81 56.73 15807.7 45271.4
1684071703 130.22 56.73 2338.58 45375.3
1684071713 130.49 56.66 2305.13 46133.6
1684071723 130.3 56.66 2313.85 45391.9
1684071733 130.32 56.66 2365.73 45480.3
1684071743 131.43 56.66 2415.56 45861.5
1684071753 121.58 56.71 14530.2 45787.8
1684071763 35.84 56.71 641.54 4777.97

Execution duration: 00:33:17.17
