1684130498 131.96 56.96 2312.74 40459.8
1684130508 131.34 56.88 2285.16 44270.4
1684130518 130.71 56.88 2292.32 42365
1684130528 131.04 56.88 2337.53 43899.5
1684130538 131 56.88 2316.81 43608.9
1684130548 123.2 56.95 14090.5 43958
1684130558 131.39 56.95 2331.78 44995.3
1684130568 131.47 56.87 2354.7 43789.7
1684130578 131.26 56.87 2336.31 43831.8
1684130588 131.95 56.87 2336.7 44485.1
1684130598 131.19 56.87 2338.58 43937
1684130608 123.5 56.95 14062.9 43494.4
1684130618 130.83 56.95 2340.86 43833.1
1684130628 131.07 56.87 2336.7 43761.9
1684130638 131.36 56.87 2311.46 44629.9
1684130648 130.65 56.87 2309.6 43435.1
1684130658 130.1 56.87 2338.46 43438.8
1684130668 130.97 56.87 2349.13 43474.6
1684130678 126.19 56.95 16074.9 44191.3
1684130688 131.16 56.87 2336.7 43177.5
1684130698 131.26 56.87 2336.7 44368.9
1684130708 130.68 56.87 2311.46 43749.9
1684130718 129.91 56.87 2338.84 43740.8
1684130728 131.07 56.87 2361.17 43923.1
1684130738 130.92 56.87 2350.15 44219.5
1684130748 128.37 56.95 16974.1 43851.5
1684130758 130.24 56.87 2356.98 44067.4
1684130768 130.98 56.87 2311.46 44217.5
1684130778 130.42 56.87 2314.09 43105.2
1684130788 130.57 56.87 2345.23 43715.3
1684130798 130.99 56.87 2365.4 44532.9
1684130808 122.23 56.93 15422.9 44648.2
1684130818 129.64 56.95 17630.4 43012.1
1684130828 131.39 56.87 2365.4 44634.8
1684130838 130.87 56.87 2336.31 43652.4
1684130848 130.49 56.87 2311.85 43814.8
1684130858 129.91 56.87 2338.46 43756.5
1684130868 130.71 56.87 2365.4 43667.2
1684130878 123.13 56.95 16063 44319.5
1684130888 130.87 56.95 2336.7 43917.3
1684130898 129.84 56.87 2316.07 43415.2
1684130908 130.62 56.87 2371.62 43916
1684130918 130.61 56.87 2363.46 43944.8
1684130928 130.89 56.87 2363.85 44466.1
1684130938 130.51 56.87 2338.58 43954.9
1684130948 126.05 56.95 16374.7 44723.4
1684130958 131.11 56.87 2341.08 43501.6
1684130968 130.78 56.87 2311.85 44230.3
1684130978 130.66 56.87 2334.43 44175.4
1684130988 129.84 56.87 2316.45 43797.1
1684130998 130.13 56.87 2341.09 44382.3
1684131008 124.87 56.95 14659.7 44043.9
1684131018 130.97 56.87 2311.85 44420.2
1684131028 130.17 56.87 2309.21 43294.7
1684131038 130.99 56.87 2338.97 43911.4
1684131048 130.88 56.87 2336.31 43546.8
1684131058 131.16 56.87 2369.33 43826
1684131068 130.97 56.87 2336.31 44098.2
1684131078 127.5 56.95 16777.1 44012.8
1684131088 129.62 56.87 2304.74 42614.1
1684131098 131.06 56.87 2336.7 44812
1684131108 130.12 56.87 2338.58 44118.6
1684131118 130.56 56.87 2334.43 44435.3
1684131128 131.06 56.87 2338.25 43755.3
1684131138 122.94 56.95 15207 44135.3
1684131148 129.9 56.95 2314.23 43399.6
1684131158 130.39 56.87 2336.31 42727.4
1684131168 130.87 56.87 2361.56 44629.9
1684131178 130.58 56.87 2336.31 44041.2
1684131188 130.32 56.87 2341.09 43721.7
1684131198 130.9 56.87 2366.57 43950.2
1684131208 125.71 56.95 16226.2 43982.5
1684131218 130.29 56.87 2336.31 43316.5
1684131228 130.59 56.87 2354.7 45008.3
1684131238 130.19 56.87 2361.56 44317.7
1684131248 130.49 56.87 2336.31 44177.9
1684131258 130.76 56.87 2370.3 43930.6
1684131268 130.03 56.87 2366.57 43795.1
1684131278 126.7 56.95 17052 44054.8
1684131288 130.78 56.87 2311.46 43665.2
1684131298 130.38 56.87 2289.61 43273.1
1684131308 131.57 56.87 2314.09 42819.8
1684131318 130.59 56.87 2311.46 43262.9
1684131328 131.36 56.87 2311.85 43035.3
1684131338 131.04 56.87 2284.77 43349.8
1684131348 130.85 56.95 17126.7 43478.6
1684131358 130.61 56.87 2342.08 43589.9
1684131368 130.52 56.87 2313.7 43755.9
1684131378 130.8 56.87 2338.97 44507.3
1684131388 129.71 56.87 2338.46 43189.6
1684131398 130.89 56.87 2363.85 44861.8
1684131408 124.76 56.95 15939 44121.2
1684131418 130.68 56.87 2336.7 43487.4
1684131428 130.29 56.87 2361.17 43645.4
1684131438 131.06 56.87 2361.56 44015.2
1684131448 130.55 56.87 2358.87 44122.6
1684131458 130.64 56.87 2347.47 43989.9
1684131468 122.36 56.95 14417.9 44144.2
1684131478 131 56.95 2338.97 44127.9
1684131488 130.56 56.87 2334.43 44202.1
1684131498 130.71 56.87 2338.97 44476.6
1684131508 130.51 56.87 2314.09 44293.1
1684131518 131.19 56.87 2338.58 44371.6
1684131528 130.48 56.87 2336.7 44353
1684131538 129.45 56.95 16113.1 44105.3
1684131548 130.8 56.87 2338.97 43595.3
1684131558 130.49 56.87 2314.57 43353.4
1684131568 130.81 56.87 2282.56 43710.5
1684131578 130.65 56.87 2334.04 43145.3
1684131588 130.9 56.87 2314.09 44616.9
1684131598 128.5 56.95 15655.6 44325.7
1684131608 130.07 56.87 2309.6 43339.7
1684131618 130.55 56.87 2334.04 43862.7
1684131628 130.1 56.87 2338.84 43623.1
1684131638 131.06 56.87 2313.85 43760
1684131648 131.29 56.87 2338.97 45160
1684131658 126.34 56.95 15294.1 44193.2
1684131668 130.38 56.87 2320.93 42936.6
1684131678 130.1 56.95 2316.51 43366.2
1684131688 131 56.87 2363.46 44897.2
1684131698 131.29 56.87 2373.57 44974.5
1684131708 132.13 56.87 2356.12 43802.3
1684131718 123.4 56.95 14950.3 44487
1684131728 130.29 56.95 2336.31 43826
1684131738 130.42 56.87 2338.97 43303.4
1684131748 130.61 56.87 2316.07 44090.9
1684131758 130.77 56.87 2336.7 44509.9
1684131768 131 56.87 2363.46 43617.5
1684131778 130.51 56.87 2338.97 44166
1684131788 128.45 56.95 16469.9 43939.8
1684131798 131.19 56.87 2338.97 43827.8
1684131808 130.16 56.87 2335.59 43361
1684131818 129.89 56.87 2352.42 43288.6
1684131828 131.07 56.87 2361.17 44196.5
1684131838 130.32 56.87 2363.85 43919.9
1684131848 123.94 56.95 15535 44131.1
1684131858 130.58 56.95 2361.17 44048.2
1684131868 130.87 56.87 2361.56 44054
1684131878 130.71 56.87 2338.58 44103
1684131888 130.68 56.87 2336.7 44571.7
1684131898 130.61 56.87 2313.7 43528.9
1684131908 130.36 56.87 2334.43 44279.7
1684131918 125.94 56.95 16504.6 44253.1
1684131928 130.39 56.87 2311.85 43350.3
1684131938 129.58 56.87 2284.38 43246.2
1684131948 130.26 56.86 2309.6 43875.8
1684131958 130.51 56.86 2341.69 44197.5
1684131968 131.03 56.86 2316.34 44192.2
1684131978 123.4 56.94 14541.7 44129.3
1684131988 130.2 56.94 2311.46 43303.7
1684131998 130.38 56.86 2289.61 43650
1684132008 130.04 56.86 2306.98 43982.2
1684132018 130.87 56.86 2336.7 43885.4
1684132028 130.12 56.86 2322.78 43463.3
1684132038 123.81 56.94 13994.2 44014.8
1684132048 130.29 56.94 2286.6 43765.1
1684132058 130.65 56.86 2309.6 44337.9
1684132068 130.09 56.86 2311.46 43538.6
1684132078 129.9 56.86 2314.23 43807.3
1684132088 130.93 56.86 2340.86 43647.1
1684132098 130.03 56.86 2338.97 43808.8
1684132108 127.58 56.94 16325.8 43748.7
1684132118 130.02 56.86 2324.71 43201.5
1684132128 130.19 56.86 2313.85 43359.6
1684132138 129.95 56.86 2350.15 43617.8
1684132148 130.84 56.86 2366.15 44488.7
1684132158 130.71 56.86 2363.46 44278.3
1684132168 122.43 56.94 15198.8 43379.8
1684132178 130.1 56.94 2311.46 43137.1
1684132188 130.49 56.86 2361.56 43859
1684132198 130.39 56.86 2311.46 43997.3
1684132208 129.91 56.86 2314.23 42862.7
1684132218 130.19 56.86 2336.31 44148.3
1684132228 129.51 56.86 2345.62 43594.2
1684132238 124.76 56.94 16088.9 43979.8
1684132248 130.49 56.86 2336.7 44401.6
1684132258 130.29 56.86 2336.31 43323.1
1684132268 130.32 56.86 2338.97 44443.2
1684132278 130.68 56.86 2361.17 44007.8
1684132288 129.91 56.86 2361.56 43739.8
1684132298 130.61 56.86 2366.57 44483.6
1684132308 127.96 56.94 16778.2 44171.7
1684132318 131 56.86 2363.85 44267.1
1684132328 130.55 56.86 2358.87 43585.3
1684132338 130.87 56.86 2361.56 44084.7
1684132348 130.39 56.86 2336.31 43846.6
1684132358 130.25 56.86 2336.6 43417.9
1684132368 125.2 56.94 15467.7 44304.7
1684132378 130.39 56.86 2336.7 43590.7
1684132388 130.78 56.86 2311.46 43995.3
1684132398 129.76 56.86 2300.68 44195.6
1684132408 130.33 56.86 2340.71 43769
1684132418 130.41 56.86 2338.97 43964.6
1684132428 130.32 56.86 2338.58 44088.6
1684132438 128.77 56.94 16882.4 44599
1684132448 130.41 56.86 2338.58 43622.2
1684132458 130.42 56.86 2338.97 43504.8
1684132468 131.16 56.86 2336.31 44326.2
1684132478 129.81 56.86 2354.7 43227.1
1684132488 130.31 56.86 2338.97 43928.1
1684132498 107.1 56.92 15154.9 30335.9

Execution duration: 00:33:33.33
