1684065655 134.39 6.52 2238.11 41877
1684065665 129.14 6.67 2321.25 40678
1684065675 130.25 6.88 2322.73 43600
1684065685 130.23 7.09 2336.8 44241.8
1684065695 130.49 7.3 2334.12 45122.3
1684065705 122.47 7.57 14218.8 43864.4
1684065715 130.69 7.71 2334.12 44085.5
1684065725 130.58 7.92 2334.51 45169.4
1684065735 130.49 8.14 2334.12 44288.2
1684065745 130.71 8.35 2336.8 44817.3
1684065755 130.52 8.56 2336.41 44435.3
1684065765 121.71 8.84 14024.5 44143.7
1684065775 130.49 9.05 2409.41 43470.6
1684065785 131.01 9.19 2336.8 44652
1684065795 130.14 9.4 2311.29 43746
1684065805 131.02 9.61 2361.92 44300.3
1684065815 130.69 9.82 2334.12 44172.6
1684065825 131.37 10.04 2384.31 44891.8
1684065835 125.39 10.32 16196.9 44402.7
1684065845 130.07 10.46 2356.9 44599.4
1684065855 130.43 10.67 2361.92 43556.8
1684065865 130.97 10.89 2359.22 44931.4
1684065875 131.37 11.1 2359.61 44892.9
1684065885 130.29 11.31 2359.22 44463.9
1684065895 130.85 11.52 2357.29 44083.1
1684065905 127.82 11.8 17106 43889.1
1684065915 130.55 11.94 2356.9 43969.8
1684065925 131.08 12.16 2359.61 44521.2
1684065935 130.98 12.37 2334.12 44595.7
1684065945 130.17 12.58 2357.29 44681.7
1684065955 130.19 12.79 2384.31 44209
1684065965 122.63 13.08 15683.1 44830.2
1684065975 130.46 13.29 2407.05 43909.1
1684065985 130.19 13.43 2359.61 43904.7
1684065995 130.26 13.64 2356.9 44468.9
1684066005 130.45 13.85 2357.29 45283.8
1684066015 129.74 14.06 2338.97 44103.4
1684066025 130.04 14.28 2347.71 43385
1684066035 123.9 14.56 16239.4 44657.4
1684066045 129.97 14.7 2332.22 42971.2
1684066055 130.78 14.91 2359.22 44607.8
1684066065 130.82 15.12 2329.94 44091.2
1684066075 130.61 15.33 2338.58 45066.3
1684066085 131.04 15.54 2357.29 44309.1
1684066095 130.26 15.75 2332.22 43466
1684066105 124.27 16.03 16358.4 44152.2
1684066115 130.95 16.18 2357.29 44669.5
1684066125 130.36 16.38 2306.76 44177.9
1684066135 129.8 16.6 2336.7 43457.5
1684066145 130.23 16.81 2354.6 44357.7
1684066155 130.66 17.02 2357.29 44315
1684066165 125.37 17.3 14769.8 44420.8
1684066175 130.36 17.45 2332.22 44494
1684066185 130.73 17.73 2354.6 44169.9
1684066195 130.95 17.87 2382.37 44476.8
1684066205 130.14 18.08 2354.6 44475.2
1684066215 130.42 18.29 2354.99 44315.1
1684066225 130.29 18.51 2361.17 45330.1
1684066235 127.49 18.79 16967.1 44230.5
1684066245 130.2 18.93 2352.3 43814.3
1684066255 131.11 19.14 2329.94 45228.2
1684066265 130.14 19.35 2329.94 44639.1
1684066275 130.23 19.57 2354.6 43880.2
1684066285 130.43 19.78 2354.99 44721.7
1684066295 123.63 20.06 15429.3 44394.1
1684066305 129.93 20.2 2329.94 43996.9
1684066315 130.43 20.41 2304.5 44108.8
1684066325 129.81 20.63 2311.85 44113
1684066335 130.23 20.84 2354.6 43886.5
1684066345 130.92 21.05 2380.04 44916.6
1684066355 130.3 21.27 2352.3 44388.3
1684066365 126.12 21.55 16528.3 43913.4
1684066375 130.92 21.69 2354.6 44206.7
1684066385 129.94 21.9 2329.94 43686.1
1684066395 131.01 22.11 2379.65 45120.2
1684066405 129.74 22.33 2354.99 44087.7
1684066415 130.82 22.54 2380.04 45229.3
1684066425 130.01 22.75 2352.3 44333.1
1684066435 128.16 23.03 17419 44660.8
1684066445 130.4 23.17 2327.27 44145.1
1684066455 130.81 23.38 2329.94 44886.1
1684066465 130.5 23.6 2352.3 45455.3
1684066475 130.21 23.81 2327.66 44210
1684066485 130.04 24.02 2356.59 46015.9
1684066495 123.93 24.3 15394.1 43667.6
1684066505 131.18 24.44 2302.25 43982.4
1684066515 131.57 24.65 2327.66 44046.5
1684066525 131.08 24.86 2327.27 44062.9
1684066535 131.15 25.07 2350.39 43839.8
1684066545 131.06 25.28 2350 45130.9
1684066555 129.32 25.49 2320.93 44828.9
1684066565 125.39 25.77 16421.6 44362
1684066575 129.78 25.91 2357.29 44320.1
1684066585 130.85 26.12 2357.29 44370.6
1684066595 129.94 26.34 2354.99 44427.8
1684066605 130.82 26.55 2354.99 45316.6
1684066615 130.2 26.76 2352.3 43431.1
1684066625 123.88 27.04 14826.8 45741
1684066635 130.46 27.18 2331.83 44462.7
1684066645 130.26 27.39 2332.22 43704.6
1684066655 130.29 27.61 2336.31 46213.2
1684066665 130.66 27.82 2332.22 43954.9
1684066675 130.06 28.02 2306.76 43469.5
1684066685 122.14 28.31 14159.2 45467.6
1684066695 130.03 28.45 2329.55 43960.1
1684066705 129.64 28.66 2314.09 44996.3
1684066715 130.16 28.87 2306.76 44598.2
1684066725 130.39 29.09 2336.7 45594.6
1684066735 130.33 29.29 2354.6 44937
1684066745 130.53 29.51 2354.99 45429
1684066755 128.95 29.79 16173.8 43843.1
1684066765 129.97 29.93 2309.6 45463.1
1684066775 130.52 30.14 2329.94 46350.7
1684066785 130.92 30.35 2329.55 46049.3
1684066795 130.79 30.56 2302.64 43779.1
1684066805 129.97 30.77 2334.04 44980
1684066815 127.77 31.05 15833 45640.7
1684066825 130.33 31.19 2329.55 43975.7
1684066835 130.3 31.41 2377.71 44383.6
1684066845 130.79 31.62 2352.3 44411.7
1684066855 130.49 31.83 2352.69 45797.5
1684066865 130.21 32.05 2345.81 45492.8
1684066875 124.53 32.33 15370.1 43975
1684066885 130.08 32.47 2359.26 45243.1
1684066895 130.01 32.68 2352.3 43740.4
1684066905 130.59 32.9 2352.69 45921
1684066915 131.02 33.11 2354.99 46109.6
1684066925 130.43 33.32 2354.6 44208.6
1684066935 122.11 33.58 14620.7 44432.1
1684066945 130.2 33.81 17008.4 44159.1
1684066955 129.76 33.96 2356.98 46154.3
1684066965 130.89 34.17 2352.3 46869.6
1684066975 130.43 34.38 2354.99 43742.1
1684066985 129.91 34.6 2361.17 45770.9
1684066995 130.82 34.81 2380.04 44730.3
1684067005 125.71 35.09 16261.2 44554.4
1684067015 130.5 35.23 2377.71 44328.4
1684067025 130.17 35.45 2375 45005.5
1684067035 131.21 35.66 2354.99 46507.2
1684067045 130.4 35.87 2352.3 44097.8
1684067055 130.86 36.09 2375.39 44506.6
1684067065 130.99 36.3 2352.69 44875.1
1684067075 128.23 36.58 17360.2 43918
1684067085 130.98 36.73 2352.69 45814.7
1684067095 130.01 36.94 2327.27 44001.6
1684067105 130.2 37.15 2327.66 44267.1
1684067115 130.69 37.36 2327.27 46005.1
1684067125 129.43 37.57 2311.85 45762.7
1684067135 125.98 37.85 15451.6 44310.2
1684067145 130.88 38 2327.66 45562.5
1684067155 130.47 38.21 2325 44452.3
1684067165 130.2 38.42 2327.66 45202
1684067175 130.37 38.63 2375 43932.8
1684067185 131.06 38.85 2350.39 46304.3
1684067195 127.05 39.13 14987.1 45211.7
1684067205 130.18 39.27 2325.39 44597.3
1684067215 130.18 39.48 2350 43724.2
1684067225 130.67 39.69 2350.39 44799.6
1684067235 131.15 39.91 2375.39 46146.9
1684067245 130.4 40.12 2377.32 44905.6
1684067255 122.83 40.4 15207 45895.4
1684067265 130.03 40.55 2363.46 45738
1684067275 129.99 40.76 2343.53 45099.1
1684067285 130.25 40.97 2347.71 46033.9
1684067295 130.37 41.18 2350.39 45791.8
1684067305 130.59 41.39 2354.31 44804.3
1684067315 130.47 41.6 2325.39 45609
1684067325 126.02 41.88 16253.8 44964.4
1684067335 129.49 42.03 2327.66 44258
1684067345 129.88 42.24 2327.27 45670
1684067355 131.34 42.52 2354.3 46396.1
1684067365 132.03 42.73 2358.98 45653.5
1684067375 129.71 42.94 2354.7 45737.1
1684067385 130.41 43.15 2345.81 45621.1
1684067395 129.3 43.36 17483.6 45793
1684067405 130.77 43.58 2318.6 45314.9
1684067415 130.86 43.72 2350 46073.4
1684067425 130.61 43.93 2345.81 45640.9
1684067435 130.38 44.14 2343.14 45265
1684067445 130.15 44.35 2348.1 46120.6
1684067455 123.8 44.63 15835.3 46224.4
1684067465 130.89 44.78 2370.76 46013.7
1684067475 130.44 44.99 2347.71 45475.9
1684067485 130.63 45.2 2348.1 45928.6
1684067495 130.51 45.41 2370.37 45834.7
1684067505 130.6 45.62 2345.81 45256.5
1684067515 130.02 45.83 2345.42 45670.2
1684067525 129.04 46.11 16621.1 45776.6
1684067535 130.51 46.26 2345.42 45976.6
1684067545 130.73 46.47 2325.85 46369.2
1684067555 130.32 46.68 2345.81 45890.8
1684067565 130.77 46.89 2343.53 46277.7
1684067575 130.15 47.11 2325.41 45046.6
1684067585 124.43 47.39 15707.1 45240.7
1684067595 130.63 47.53 2323.12 45665.2
1684067605 130.22 47.74 2345.42 45930.6
1684067615 130.7 47.95 2345.81 45980.1
1684067625 130.18 48.16 2343.14 46308.9
1684067635 130.31 48.37 2345.81 45997.3
1684067645 129.89 48.58 2343.14 45986
1684067655 47.47 48.66 15127.5 9754.78

Execution duration: 00:33:28.28
