1684170749 131.94 56.94 2352.23 42083.1
1684170759 131.14 56.86 2316.73 44649
1684170769 130.5 56.86 2333.59 44757.5
1684170779 131.17 56.86 2314.96 46050.1
1684170789 130.99 56.86 2366.57 46874.2
1684170799 123.79 56.93 14290.9 46119.2
1684170809 130.64 56.93 2311.62 44992.1
1684170819 130.2 56.85 2314.23 45247.7
1684170829 130.94 56.85 2365.76 46643.6
1684170839 131.56 56.85 2336.7 46104.5
1684170849 130.98 56.85 2354.31 45972.9
1684170859 123.25 56.93 14238.1 45980.2
1684170869 130.78 56.93 2336.31 44832.6
1684170879 131.22 56.85 2312 45034.4
1684170889 130.81 56.85 2288.82 45899.3
1684170899 130.89 56.85 2316.45 44948.6
1684170909 130.61 56.85 2363.46 45530
1684170919 130.77 56.85 2361.56 45593.4
1684170929 125.85 56.93 16207.6 46134.5
1684170939 130.96 56.85 2313.85 44912.3
1684170949 131.07 56.85 2336.7 45672.2
1684170959 130.58 56.85 2338.46 45494.6
1684170969 131.39 56.85 2363.85 45994.6
1684170979 130.78 56.85 2361.17 45878.1
1684170989 130.78 56.85 2338.84 45310.8
1684170999 129.03 56.93 17155 45495.9
1684171009 131.1 56.85 2363.85 45501.7
1684171019 130.74 56.85 2340.86 45201.9
1684171029 131.09 56.85 2363.85 45424.3
1684171039 130.52 56.85 2363.46 45058.9
1684171049 131.39 56.85 2365.4 46045.9
1684171059 122.55 56.93 15686.7 45211.3
1684171069 130.3 56.93 2338.84 45444.2
1684171079 131 56.85 2363.46 45894.7
1684171089 131.03 56.85 2373.93 46605.1
1684171099 130.71 56.85 2363.85 46393.4
1684171109 131.48 56.85 2388.34 46038.1
1684171119 131.45 56.85 2361.56 46049.3
1684171129 124.53 56.93 16188.5 45146.1
1684171139 130.17 56.85 2302.9 45150.5
1684171149 130.06 56.85 2311.62 45200
1684171159 130.62 56.85 2338.97 45799
1684171169 130.77 56.85 2338.46 44849.2
1684171179 132.03 56.85 2361.56 46166.6
1684171189 130.54 56.85 2340.86 45663.4
1684171199 126.27 56.93 16463.5 45105.3
1684171209 130.94 56.85 2342.42 46086.4
1684171219 130.99 56.85 2338.97 45480.7
1684171229 131.65 56.85 2368.06 46449.1
1684171239 130.49 56.85 2361.56 45851.7
1684171249 131.52 56.85 2366.15 46054.1
1684171259 126.56 56.93 14945.1 46454.1
1684171269 130.2 56.85 2311.85 44252
1684171279 129.93 56.85 2316.07 44623.7
1684171289 131.62 56.85 2341.25 46325.7
1684171299 131.13 56.85 2340.86 45696.5
1684171309 130.78 56.85 2336.7 45341.4
1684171319 130.32 56.85 2342.25 45031.8
1684171329 128.54 56.93 17010.9 46019.4
1684171339 130.49 56.85 2311.46 45201.9
1684171350 130.51 56.85 2316.45 44809.6
1684171359 131.32 56.85 2340.86 46201.9
1684171370 130.01 56.85 2314.23 44970
1684171379 130.83 56.85 2367.32 46272
1684171389 124.3 56.93 15479.1 45820.8
1684171400 129.81 56.85 2289.23 44182.3
1684171410 130.23 56.85 2316.45 44155.9
1684171419 130.81 56.85 2338.58 45699.1
1684171430 130.13 56.85 2341.09 44650.6
1684171439 131.01 56.85 2363.85 45909.4
1684171449 131.03 56.85 2371.99 46110.1
1684171459 127.31 56.93 16579.6 45048.8
1684171469 130.61 56.85 2363.46 45457.3
1684171479 130.9 56.85 2338.97 45205.1
1684171490 130.45 56.85 2367.63 45111.8
1684171499 131.19 56.85 2363.85 46156.3
1684171509 131.33 56.85 2390.66 46653.7
1684171519 131.56 56.85 2361.56 46865.2
1684171529 128.71 56.93 17432.4 45324.9
1684171539 130.51 56.85 2314.09 45543.2
1684171550 130.42 56.85 2316.07 44277.6
1684171559 130.64 56.85 2341.25 45293.4
1684171569 130.51 56.85 2313.7 45060.8
1684171580 130.48 56.85 2338.84 44619.2
1684171589 124.22 56.93 15408.6 45602.7
1684171599 130.42 56.93 2338.97 45504.8
1684171609 131.04 56.85 2341.25 45915.9
1684171619 131.23 56.85 2365.76 46239.7
1684171629 131.19 56.85 2338.97 46061
1684171640 130.29 56.85 2338.46 44459.6
1684171649 131.19 56.85 2388.73 45956.5
1684171659 127.53 56.93 16567.7 46114.4
1684171669 130.61 56.85 2338.97 45481.4
1684171679 131 56.85 2363.46 45300.7
1684171689 130.68 56.85 2361.56 45643.1
1684171699 130.8 56.85 2338.58 45657.1
1684171709 130.96 56.85 2336.7 45652.4
1684171719 124.58 56.93 15015 45169.7
1684171729 131.33 56.85 2366.15 45913.6
1684171739 130.91 56.85 2338.58 45290.6
1684171749 131.16 56.85 2336.7 45760
1684171759 130.59 56.85 2336.7 45184.8
1684171769 131.81 56.85 2365.76 46118.3
1684171779 123.4 56.93 14432.6 45014.4
1684171790 129.46 56.93 2300.29 44600.6
1684171799 131 56.85 2314.09 45551
1684171809 131.09 56.85 2338.58 46255.4
1684171819 130.94 56.85 2316.34 46169.3
1684171830 130.19 56.85 2313.85 43370
1684171840 122.13 56.91 13892.9 45591.9
1684171849 130.58 56.93 16319 45563.4
1684171859 131.13 56.85 2341.25 46489.5
1684171869 131.38 56.85 2363.46 46160.9
1684171879 131.1 56.85 2338.97 46236
1684171890 130.38 56.85 2338.46 43868.8
1684171899 130.21 56.85 2338.97 45556.1
1684171909 129.08 56.93 16056 45326.1
1684171919 131.2 56.85 2338.97 45412.6
1684171929 130.33 56.85 2340.52 45288.6
1684171940 130.09 56.85 2295.85 44386.5
1684171950 129.79 56.85 2297.39 44133.1
1684171960 131.48 56.85 2369.29 45633
1684171970 127.5 56.93 15608.9 45692.9
1684171980 131.43 56.85 2340.86 46642.8
1684171990 130.97 56.85 2361.56 46258.6
1684171999 130.81 56.85 2338.58 46085.9
1684172009 130.9 56.85 2363.85 45775.3
1684172020 131.62 56.85 2358.87 46261.1
1684172030 122.33 56.93 14903.7 46312.2
1684172039 131.52 56.93 2340.86 45865
1684172050 131.14 56.85 2359.26 45123.2
1684172060 130.77 56.85 2348.74 45677.7
1684172070 130.81 56.85 2338.97 45179.8
1684172080 130.91 56.85 2338.58 45389.7
1684172090 130.3 56.85 2338.84 44068.5
1684172100 126.35 56.93 16045 43500.8
1684172110 130.52 56.85 2363.85 45623.7
1684172120 130.94 56.85 2366.15 46342
1684172130 131.23 56.85 2365.76 46146.3
1684172140 130.78 56.85 2336.7 46151.1
1684172150 131.09 56.85 2363.46 45528.5
1684172160 130.45 56.85 2316.34 45953.7
1684172170 126.92 56.93 16970 43562.3
1684172180 129.43 56.85 2289.61 42506.9
1684172190 129.91 56.85 2289.23 43112.7
1684172200 130.7 56.85 2338.97 45816.9
1684172210 130.61 56.85 2349.46 45860.4
1684172220 130.29 56.85 2286.99 45195.3
1684172230 125.41 56.93 15056 44260.6
1684172240 131.23 56.85 2341.25 45568.1
1684172250 131.42 56.85 2340.86 45681.7
1684172260 131.29 56.85 2314.09 46475
1684172270 131.22 56.85 2341.25 45778.6
1684172280 130.42 56.85 2363.46 44847.4
1684172290 125.48 56.93 14560 43090
1684172300 130.45 56.85 2315.95 45524.1
1684172310 129.44 56.85 2289.21 44758.4
1684172320 130.3 56.85 2286.6 45128.5
1684172330 131.23 56.85 2341.25 45799.2
1684172340 130.87 56.85 2311.46 45001.9
1684172350 130.61 56.85 2338.97 45583.3
1684172360 129.64 56.93 16963.7 45353.6
1684172370 130.52 56.85 2315.64 45933.9
1684172380 130.9 56.93 2338.58 46299.3
1684172390 131.1 56.85 2363.85 46122.4
1684172400 130.59 56.85 2361.17 45708
1684172410 130.8 56.85 2388.73 46032.3
1684172420 125.53 56.93 15919.2 46591.8
1684172430 131.01 56.85 2338.97 45956.1
1684172440 131.31 56.85 2282.56 45467.4
1684172450 129.96 56.85 2294.03 43793.4
1684172460 130.74 56.85 2316.34 45336.2
1684172470 129.67 56.85 2293.64 43107.9
1684172480 130.68 56.85 2336.7 46450.9
1684172490 127.41 56.93 16726.5 45938.2
1684172500 130.9 56.85 2314.09 46371.6
1684172510 129.75 56.85 2316.07 43165.3
1684172520 131.43 56.85 2341.25 46707.4
1684172530 130.78 56.85 2361.17 45961.9
1684172540 130.52 56.85 2338.97 45566.2
1684172550 121.96 56.91 15034 45972.4
1684172560 129.53 56.93 17236.9 43424.2
1684172570 130.81 56.85 2338.58 45816.5
1684172580 130.77 56.85 2336.7 45862.1
1684172590 131.68 56.85 2363.46 45462.8
1684172600 131.58 56.85 2338.97 45905.2
1684172610 131.48 56.85 2338.58 45986
1684172620 127.09 56.93 15889.7 44226.7
1684172630 131.09 56.85 2338.97 46089.4
1684172640 130.71 56.85 2340.71 43770.6
1684172650 131.1 56.85 2363.85 45900.1
1684172660 130.38 56.85 2311.46 45450.1
1684172670 130.55 56.85 2312 43521.2
1684172680 118.86 56.91 15041 44725
1684172690 130.74 56.93 17421.8 45428.4
1684172700 131.2 56.85 2313.7 44664.7
1684172710 129.68 56.85 2316.34 45369.7
1684172720 130.1 56.85 2336.31 45683.9
1684172730 130.51 56.85 2338.97 45252.9
1684172740 130.39 56.85 2336.31 44954.6
1684172750 83.56 56.91 14955 21574.6

Execution duration: 00:33:31.31
