1684157222 131.88 56.94 2328.86 40479.7
1684157232 130.8 56.86 2314.48 43604.3
1684157242 131.14 56.86 2342.81 44054.5
1684157252 131 56.86 2317.2 44633.2
1684157262 130.9 56.86 2316.81 43912.9
1684157272 123.32 56.93 14206.4 43401
1684157282 131.23 56.93 2340.86 43906.6
1684157292 130.55 56.85 2316.34 43490.3
1684157302 130.94 56.85 2340.86 44055.6
1684157312 130.8 56.85 2338.97 44075.4
1684157322 130.83 56.85 2315.95 44286.4
1684157332 121.84 56.93 13890.3 43817.9
1684157342 130.41 56.93 2421.62 43293.4
1684157352 130.45 56.85 2316.34 43568.1
1684157362 131.13 56.85 2315.95 43798.8
1684157372 131.51 56.85 2341.25 44553.3
1684157382 130.46 56.85 2352.03 43373.7
1684157392 130.45 56.85 2291.44 43696.9
1684157402 124.93 56.93 15875.6 43602.7
1684157412 130.9 56.93 2314.09 42951.6
1684157422 131.23 56.85 2329.2 43754.7
1684157432 130.64 56.93 2291.05 43458.8
1684157442 130.29 56.85 2338.25 44415.5
1684157452 130.9 56.85 2363.46 44100.7
1684157462 130.4 56.85 2311.85 43868.7
1684157472 128.28 56.93 16824.9 43975.1
1684157482 130.97 56.85 2336.7 44341.8
1684157492 131.68 56.85 2338.58 44803.1
1684157502 130.93 56.85 2316.34 44017.9
1684157512 129.51 56.85 2320.54 42992.9
1684157522 130.01 56.85 2356.25 44148.7
1684157532 130.26 56.85 2358.87 43472.7
1684157542 129.47 56.93 17619.9 43806.2
1684157552 130.74 56.85 2340.86 43752.5
1684157562 131.03 56.85 2341.25 43602.3
1684157572 130.75 56.85 2365.76 44487.2
1684157582 130.9 56.85 2338.97 44423.7
1684157592 130.16 56.85 2340.86 43852.5
1684157602 122.37 56.93 15854.9 43724.9
1684157612 130.62 56.93 2332.17 43957
1684157622 130.45 56.85 2340.86 43524.9
1684157632 130.25 56.85 2343.36 44368.4
1684157642 130.55 56.85 2365.76 43266.5
1684157652 130.81 56.85 2338.97 44178.4
1684157662 130.51 56.85 2340.71 43718.6
1684157672 124.31 56.93 16116.7 43382.9
1684157682 129.63 56.93 2301.16 43519.7
1684157692 131.06 56.85 2343.53 44386.4
1684157702 130.54 56.85 2340.86 43717.1
1684157712 130.74 56.85 2341.25 43891.8
1684157722 130.32 56.85 2313.7 43319.3
1684157732 123.39 56.93 14172.5 43599.2
1684157742 130.81 56.93 2338.58 44764.6
1684157752 131.03 56.85 2341.25 43745.1
1684157762 130.93 56.85 2340.86 44371.2
1684157772 130.61 56.85 2363.85 43795.1
1684157782 130.64 56.85 2366.15 43882.5
1684157792 131.43 56.85 2360.42 44859.4
1684157802 126.31 56.93 16437.7 43916.9
1684157812 130.2 56.85 2336.31 43832.6
1684157822 130.57 56.85 2318.6 43826.7
1684157832 131.13 56.85 2340.86 44887.2
1684157842 130.71 56.85 2338.97 43602.3
1684157852 130.51 56.85 2338.58 43364.8
1684157862 131.42 56.85 2341.25 44553.7
1684157872 129.34 56.93 17147.1 43916
1684157882 130.64 56.85 2341.25 43493
1684157892 130.42 56.85 2338.58 44508.4
1684157902 130.16 56.85 2318.69 43371.5
1684157912 130.13 56.85 2313.7 44112.3
1684157922 130.35 56.85 2343.36 43216.6
1684157932 124.19 56.93 15834.4 43892.3
1684157942 130.22 56.93 2316.45 43631.6
1684157952 130.35 56.85 2316.34 43275.5
1684157962 130.64 56.85 2343.36 43892.5
1684157972 131.19 56.85 2338.97 44702.8
1684157982 130.97 56.85 2343.14 44743.9
1684157992 130.42 56.85 2363.85 43772.2
1684158002 125.93 56.93 16605.8 43555.7
1684158012 130.34 56.93 2316.34 43340.9
1684158022 129.86 56.85 2318.3 43339.5
1684158032 131.1 56.85 2338.97 44562.1
1684158042 130.74 56.85 2340.86 43045.1
1684158052 130.7 56.85 2338.97 44329.2
1684158062 131.19 56.85 2338.58 44705.5
1684158072 128.57 56.93 16911.6 43916.4
1684158082 130.44 56.85 2340.86 43533.8
1684158092 130.93 56.93 2316.34 43973.9
1684158102 130.84 56.85 2340.86 43527.6
1684158112 130.64 56.85 2341.25 44459.1
1684158122 131.62 56.85 2365.76 44624.1
1684158132 123.42 56.93 15681.2 44396.1
1684158142 130.33 56.93 2363.85 43680.5
1684158152 130.45 56.85 2340.86 43723.7
1684158162 131.04 56.85 2341.25 44466.9
1684158172 129.89 56.85 2320.54 42886
1684158182 130.31 56.85 2316.45 43745.9
1684158192 130.64 56.85 2340.86 44468.9
1684158202 129.74 56.93 16408.5 44396.9
1684158212 130.03 56.85 2316.07 43307
1684158222 130.67 56.85 2311.85 43970.1
1684158232 130.84 56.85 2340.86 44252.5
1684158242 130.35 56.85 2316.34 43451.8
1684158252 130.61 56.85 2266.79 43139.9
1684158262 127.98 56.93 15665.7 43801
1684158272 129.62 56.85 2313.85 42290.4
1684158282 131.23 56.85 2316.34 44666.9
1684158292 130.58 56.85 2341.36 43524.7
1684158302 130.65 56.85 2340.86 43388.7
1684158312 130.8 56.85 2338.97 44247.6
1684158322 126.84 56.93 15222.9 43817.8
1684158332 130.25 56.85 2291.44 42943.6
1684158342 130.18 56.85 2320.54 43222.4
1684158352 131.04 56.85 2366.15 43967.7
1684158362 130.26 56.85 2315.95 43546.3
1684158372 130.64 56.85 2341.25 44156
1684158382 124 56.93 14796.5 43428.6
1684158392 130.35 56.93 2291.44 43447.5
1684158402 130.59 56.85 2336.31 43593
1684158412 131.09 56.85 2366.96 44977.7
1684158422 131.39 56.85 2342.08 44170.3
1684158432 131.52 56.85 2347.47 43707.8
1684158442 131.26 56.85 2339.81 43930.9
1684158452 128.48 56.94 16534.8 43386.9
1684158462 131.1 56.86 2338.58 43297.6
1684158472 130.51 56.86 2314.09 43354.7
1684158482 131.19 56.86 2338.97 44474.6
1684158492 130.32 56.86 2314.09 44029.9
1684158502 130.19 56.86 2336.7 43699.8
1684158512 126.66 56.93 15828.8 43943.2
1684158522 130.34 56.93 2307.37 43642.6
1684158532 130.04 56.85 2316.07 42591.7
1684158542 130.65 56.85 2342.81 44253.7
1684158552 130.13 56.85 2363.85 43279.3
1684158562 131.19 56.85 2363.46 44211.9
1684158572 130.42 56.85 2338.97 43902.8
1684158582 130.52 56.93 17012.2 43187.2
1684158592 130.56 56.85 2309.6 43635.3
1684158602 130.32 56.85 2291.43 43427.9
1684158612 130.32 56.85 2316.45 43422.1
1684158622 130.55 56.85 2315.95 42947.5
1684158632 130.71 56.85 2314.09 43500.5
1684158642 121.99 56.91 15474.7 43475.9
1684158652 130.35 56.93 17791 43664.2
1684158662 131.04 56.85 2291.05 43350.2
1684158672 130.04 56.93 2316.45 43813.7
1684158682 130.42 56.85 2338.58 43805.6
1684158692 130.51 56.85 2317.2 44075
1684158702 130.03 56.85 2313.7 43928.5
1684158712 128.24 56.93 15880.4 43404.9
1684158722 130.32 56.85 2288.82 43021.2
1684158732 130.42 56.85 2289.21 44061.8
1684158742 130.11 56.85 2298.46 43784.9
1684158752 131 56.85 2338.97 44122.1
1684158762 130.09 56.85 2286.99 43311.8
1684158772 127.33 56.93 15041.8 43438.7
1684158782 131.26 56.85 2318.6 44643.8
1684158792 130.64 56.85 2340.86 43494.6
1684158802 130.74 56.85 2316.34 43844.8
1684158812 130.23 56.85 2316.07 44082
1684158822 130.71 56.85 2363.85 43426.2
1684158832 122.84 56.93 15247 43646.7
1684158842 130.23 56.93 2307.37 43210.8
1684158852 130.64 56.85 2342.42 43630
1684158862 130.78 56.85 2336.7 44720.8
1684158872 130.45 56.85 2315.95 43856
1684158882 130.03 56.85 2316.45 43158.8
1684158892 130.51 56.85 2363.46 43655.2
1684158902 126.63 56.93 16333.1 43979
1684158912 130.61 56.85 2338.58 43248.2
1684158922 130.45 56.85 2291.44 43409.7
1684158932 129.64 56.85 2291.43 43228.9
1684158942 130.29 56.85 2336.7 43762.7
1684158952 130.35 56.85 2341.25 43940.5
1684158962 130.8 56.85 2313.7 44158.2
1684158972 128.1 56.93 16910.9 42488.9
1684158982 130.97 56.85 2311.46 43274.9
1684158992 131.26 56.85 2286.99 43196.5
1684159002 131.17 56.85 2286.6 43786.4
1684159012 130.99 56.85 2338.97 43534.7
1684159022 130.81 56.85 2338.58 44226.2
1684159032 122.35 56.93 15252.1 43108.7
1684159042 130.55 56.93 2315.95 44191.1
1684159052 130.32 56.85 2314.09 43124.6
1684159062 129.96 56.85 2342.97 43667.4
1684159072 130.93 56.85 2366.15 44287.6
1684159082 130.23 56.85 2338.58 43775.3
1684159092 130.02 56.85 2338.97 43776.1
1684159102 126.78 56.93 16033.9 42702.9
1684159112 130.41 56.93 2316.45 43933
1684159122 130.77 56.85 2343.14 43570
1684159132 131 56.85 2338.97 44138.8
1684159142 130.64 56.85 2316.34 43479
1684159152 130.41 56.85 2338.58 43182.1
1684159162 122.28 56.93 15205.4 44720.2
1684159172 130.58 56.93 2410.87 44287.4
1684159182 129.74 56.85 2316.45 42996
1684159192 130.32 56.85 2338.58 44291.9
1684159202 129.74 56.85 2341.09 43406.7
1684159212 130.51 56.85 2338.58 44198.6
1684159222 130.32 56.85 2341.09 43618.9
1684159232 79.3 56.91 15125.4 19717

Execution duration: 00:33:41.41
