1684132525 163.69 56.92 0 0
1684132530 159.12 56.92 6.84 46.39
1684132535 150.1 56.92 0 0
1684132540 99.81 56.84 0 0
1684132545 100.38 56.84 0 0
1684132550 100.76 56.84 0 0
1684132555 99.44 56.84 0 0
1684132560 99.62 56.84 0 0
1684132565 100.38 56.84 0 0.76
1684132570 100.76 56.84 0 123.19
1684132575 99.62 56.84 0 0
1684132580 99.44 56.84 0 0
1684132585 99.81 56.84 0 0
1684132590 99.63 56.84 0 0
1684132595 99.62 56.84 0 0
1684132600 100.38 56.84 0 0
1684132605 101.33 56.84 0 0
1684132610 100 56.84 0 0
1684132615 100.38 56.84 0 0
1684132620 100.19 56.84 0 0
1684132625 35.67 56.92 0 0

Execution duration: 00:01:45.45
