1684130280 100.19 56.93 0 0
1684130285 100.38 56.85 6.07 45.54
1684130290 100.19 56.85 0 0
1684130295 101.33 56.85 0 0
1684130300 99.26 56.85 0 0
1684130305 100.57 56.85 0 0
1684130310 100.57 56.85 0 0
1684130315 100.19 56.85 0 0
1684130320 100.38 56.85 0 0
1684130325 100.38 56.85 0 0
1684130330 100.38 56.85 0 110.82
1684130335 100.57 56.85 0 0
1684130340 100.38 56.85 0 0
1684130345 100.38 56.85 0 0
1684130350 100.19 56.85 0 0
1684130355 100.38 56.85 0 0
1684130360 99.44 56.85 0 0
1684130365 100.19 56.85 0 0
1684130370 99.44 56.85 0 0
1684130375 100.38 56.85 0 0
1684130380 100.38 56.85 0 0
1684130385 100.19 56.85 0 0
1684130390 100.38 56.85 0 0
1684130395 100.19 56.85 0 0
1684130400 100.38 56.85 0 0
1684130405 100.37 56.85 0 0
1684130410 100 56.85 0 0
1684130415 100.57 56.85 0 0
1684130420 99.63 56.85 0 0
1684130425 100.57 56.85 0 0
1684130430 100.75 56.85 0 0
1684130435 66.92 56.93 0 0.76

Execution duration: 00:02:42.42
