1684123501 116.92 56.87 0 1993.85
1684123502 118.46 56.87 0 1673.85
1684123503 119.23 56.87 0 1280
1684123504 121.26 56.87 3.15 182.68
1684123505 125.4 56.87 0 28.57
1684123506 122.48 56.95 0 0
1684123507 123.26 56.87 0 0
1684123508 118.46 56.87 0 0
1684123509 120.77 56.87 0 0
1684123510 124.03 56.87 0 0
1684123511 119.23 56.87 0 0
1684123512 125.2 56.87 0 0
1684123513 125 56.87 0 0
1684123514 124.41 56.87 0 0
1684123515 127.48 56.87 0 0
1684123516 128.35 56.87 0 0
1684123517 120.93 56.87 0 0
1684123518 125.2 56.87 0 0
1684123519 124.62 56.87 0 0
1684123520 124.41 56.87 0 0
1684123521 81.06 56.95 1066.67 4103.03

Execution duration: 00:00:24.24
