1684152895 122.83 56.83 3.15 283.46
1684152896 116.92 56.83 3.08 33.85
1684152897 122.31 56.91 0 3.08
1684152898 122.31 56.83 0 0
1684152899 121.71 56.83 0 0
1684152900 122.31 56.83 0 0
1684152901 120.16 56.83 0 0
1684152902 125.2 56.83 0 0
1684152903 124.03 56.83 0 0
1684152904 125 56.83 0 0
1684152905 128.35 56.83 0 0
1684152906 120.61 56.83 0 0
1684152907 128.68 56.83 0 0
1684152908 122.48 56.83 0 0
1684152909 135.94 56.83 0 0
1684152910 121.88 56.83 0 0
1684152911 125.98 56.83 0 0
1684152912 112.58 56.83 0 0
1684152913 119.08 56.83 0 0
1684152914 124.03 56.83 0 0
1684152915 120.61 56.83 0 0
1684152916 114.62 56.91 1369.23 1443.08
1684152917 23.26 56.91 710.08 3990.7

Execution duration: 00:00:26.26
