1684092061 118.25 56.88 3.17 285.71
1684092062 119.29 56.88 0 25.71
1684092063 118.75 56.88 0 0
1684092064 123.81 56.88 0 0
1684092065 116.92 56.88 0 0
1684092066 117.83 56.96 0 0
1684092067 119.23 56.88 0 0
1684092068 125.2 56.88 0 0
1684092069 117.69 56.88 0 0
1684092070 115.49 56.88 0 0
1684092071 126.4 56.88 0 0
1684092072 121.71 56.88 0 0
1684092073 117.83 56.88 0 0
1684092074 120 56.88 0 0
1684092075 125.98 56.88 0 0
1684092076 118.46 56.88 0 0
1684092077 127.78 56.88 0 0
1684092078 122.48 56.88 0 0
1684092079 118.46 56.88 0 0
1684092080 69.53 56.96 1253.12 2518.75

Execution duration: 00:00:23.23
