1684155144 131.34 56.94 2317.21 39617
1684155154 130.94 56.86 2316.73 46585.2
1684155164 130.64 56.86 2322.56 45898.4
1684155174 130.55 56.86 2319.45 45702.3
1684155184 130.5 56.86 2339.38 45780.3
1684155194 123.32 56.93 14230.9 45554.5
1684155204 130.15 56.93 2282.17 45906.6
1684155214 130.35 56.85 2341.25 45618.3
1684155224 130.84 56.85 2340.86 45416.3
1684155234 130.61 56.85 2314.09 45550.6
1684155244 130.55 56.85 2315.95 44911.7
1684155254 121.75 56.91 13862.5 45751.8
1684155264 129.91 56.93 16198.5 45575.9
1684155274 130.84 56.85 2316.34 45521.8
1684155284 130.74 56.85 2340.86 45684.8
1684155294 130.65 56.85 2341.25 46265.4
1684155304 130.54 56.85 2340.86 45488.3
1684155314 130.35 56.85 2341.25 44809.7
1684155324 125.39 56.93 15998.8 46138.1
1684155334 131.28 56.93 2338.97 45073.3
1684155344 129.78 56.85 2316.34 44891.4
1684155354 130.35 56.85 2318.3 44712.9
1684155364 130.84 56.85 2328.79 45984.4
1684155374 130.52 56.85 2313.7 45391.2
1684155384 130.9 56.85 2338.97 45229.2
1684155394 127.67 56.93 16670.4 45668.7
1684155404 129.87 56.93 2341.25 45056.4
1684155414 130.35 56.85 2340.86 45352.1
1684155424 130.55 56.85 2341.25 45462.3
1684155434 130.75 56.85 2365.76 45135.4
1684155444 130.35 56.85 2369.26 45940.5
1684155454 131.42 56.85 2365.76 46798.1
1684155464 130.16 56.93 17567 45712.9
1684155474 130.84 56.85 2365.76 45934.6
1684155484 130.35 56.85 2366.15 46043.6
1684155494 130.51 56.85 2363.85 46393
1684155504 130.16 56.85 2366.15 45839.3
1684155514 131.42 56.85 2367.71 46859.5
1684155524 122.93 56.93 15888.8 45855
1684155534 129.77 56.93 2341.25 45638.1
1684155544 130.87 56.85 2343.14 45610.5
1684155554 130.09 56.85 2324.83 45904.6
1684155564 130.51 56.85 2340.71 45757.5
1684155574 130.41 56.85 2338.97 46208.8
1684155584 130.9 56.85 2363.46 46155.5
1684155594 125.41 56.93 16182.3 45278.7
1684155604 130.92 56.93 2328.11 44567
1684155614 131.22 56.85 2316.34 45763.8
1684155624 130.93 56.85 2340.86 45598.4
1684155634 130.83 56.85 2341.25 45738.5
1684155644 130.55 56.85 2340.86 45590.7
1684155654 123.59 56.93 14346 45567.4
1684155664 130.51 56.93 2313.7 45219.8
1684155674 130.83 56.85 2343.36 44750.7
1684155684 130.42 56.85 2338.97 45636.5
1684155694 130.64 56.93 2365.76 46094.2
1684155704 130.29 56.85 2368.45 45475.4
1684155714 130.84 56.85 2375.1 45390.3
1684155724 126.87 56.93 16426.4 45195
1684155734 130.28 56.93 2318.21 45667.8
1684155744 130.35 56.85 2294.03 45141
1684155754 129.97 56.85 2291.05 45574.7
1684155764 131.13 56.85 2341.25 46065.8
1684155774 130.55 56.85 2319.06 46081.3
1684155784 130.7 56.85 2314.09 45809.9
1684155794 129.83 56.93 17095.8 45477.9
1684155804 130.19 56.85 2318.6 44794.2
1684155814 130.06 56.85 2318.3 45008.9
1684155824 130.83 56.85 2366.15 45479
1684155834 130.74 56.85 2340.86 45498.4
1684155844 130.8 56.85 2342.08 45641.6
1684155854 124.32 56.93 15850.2 45049.8
1684155864 130.09 56.93 2318.6 46280.8
1684155874 130.16 56.85 2341.25 45828.4
1684155884 130.42 56.85 2338.58 45497
1684155894 130.35 56.85 2341.25 46179.8
1684155904 130.03 56.85 2316.07 45394.8
1684155914 130.01 56.85 2352.51 44995.8
1684155924 124.81 56.93 16614.8 45473.5
1684155934 130.84 56.93 2341.25 44979.8
1684155944 131.03 56.85 2340.86 45893
1684155954 130.65 56.85 2316.34 45191.1
1684155964 130.7 56.85 2363.46 45907.5
1684155974 130.54 56.85 2341.25 46018.3
1684155984 131.33 56.93 2340.86 46153.7
1684155994 128.77 56.93 16886.7 45180.2
1684156004 130.48 56.85 2346.26 45016.2
1684156014 130.64 56.85 2341.25 45844.8
1684156024 131.13 56.85 2365.76 45407.8
1684156034 130.22 56.85 2338.97 45127.3
1684156044 130.83 56.85 2366.15 46044.4
1684156054 123.71 56.93 15656 45712.3
1684156064 130.84 56.93 2316.34 45006.6
1684156074 130.7 56.85 2313.7 46142.3
1684156084 130.8 56.85 2338.97 45559.6
1684156094 131.07 56.85 2344.7 45517.8
1684156104 130.8 56.85 2314.09 45329.8
1684156114 130.2 56.85 2304.74 45502.8
1684156124 129.28 56.93 16349.8 45386
1684156134 130.84 56.85 2315.95 46093
1684156144 129.93 56.85 2316.45 45074.1
1684156154 131.13 56.85 2340.86 45881.7
1684156164 130.71 56.85 2314.09 45770.7
1684156174 131.28 56.85 2314.09 45512.9
1684156184 128.09 56.93 15620.2 45107.1
1684156194 130.51 56.93 2314.09 44806.2
1684156204 130.81 56.85 2291.93 45320.9
1684156214 131.29 56.85 2338.97 46462.6
1684156224 130.49 56.85 2336.31 45637.7
1684156234 130.54 56.85 2341.25 45572.8
1684156244 126.46 56.93 15207.4 45413.2
1684156254 131.23 56.93 2316.34 45272
1684156264 130.61 56.85 2313.7 45111.4
1684156274 130.87 56.85 2318.6 46033.1
1684156284 130.94 56.85 2315.95 45168.9
1684156294 131.04 56.85 2341.25 45274.3
1684156304 124 56.93 14745.6 45151
1684156314 131.04 56.93 2340.86 46502.3
1684156324 131.26 56.85 2351.32 45591.4
1684156334 131 56.93 2338.58 46044.3
1684156344 131.03 56.85 2366.15 45733.5
1684156354 131.16 56.93 2313.79 45921.9
1684156364 131.98 56.85 2329.09 44102.5
1684156374 130.15 56.93 16663.4 45546.3
1684156384 131.23 56.85 2316.34 45270
1684156394 130.41 56.85 2313.7 45399.4
1684156404 130.55 56.85 2341.25 45596.9
1684156414 131.03 56.85 2340.86 45928.8
1684156424 130.44 56.85 2341.25 45529.6
1684156434 126.56 56.93 15854.1 45629.2
1684156444 130.55 56.93 2341.25 45030.7
1684156454 131.23 56.85 2368.87 45174.3
1684156464 130.51 56.85 2314.09 45652.1
1684156474 130.42 56.85 2316.45 43653.5
1684156484 131.78 56.85 2338.58 45503.2
1684156494 130.58 56.85 2336.7 44958.1
1684156504 130.54 56.93 17103.5 45344.4
1684156514 131.88 56.85 2314.09 45108.3
1684156524 131.68 56.85 2338.58 45335.7
1684156534 131.78 56.85 2314.09 46194.8
1684156544 131.68 56.85 2313.7 45335.3
1684156554 131.48 56.85 2314.09 45057.3
1684156564 122.52 56.93 15593.8 45996.5
1684156574 130.28 56.93 2394.99 43985.7
1684156584 131.26 56.85 2318.21 46010.9
1684156594 131.36 56.85 2325.83 46248.5
1684156604 130.64 56.85 2315.95 45655.6
1684156614 130.97 56.93 2318.6 45692.7
1684156624 130.25 56.85 2318.3 43385.7
1684156634 128.96 56.93 15949.1 45420.4
1684156644 130.17 56.85 2253 44298.3
1684156654 130 56.85 2265 43074.2
1684156664 131.91 56.85 2341.25 46487.9
1684156674 130.22 56.85 2314.09 44986.6
1684156684 130.25 56.85 2318.69 43465.1
1684156694 128.57 56.93 15337.2 45600.8
1684156704 131.19 56.85 2338.97 45805.6
1684156714 130.71 56.85 2313.7 45434.8
1684156724 130.54 56.85 2316.34 46307.4
1684156734 130.84 56.85 2365.76 46303.1
1684156744 130.81 56.85 2338.97 46033.4
1684156754 125.19 56.93 15514 45864.6
1684156764 131.39 56.93 2338.97 45877.2
1684156774 132.42 56.85 2311.46 44951.8
1684156784 131 56.85 2338.97 45713.9
1684156794 130.32 56.85 2313.7 45163.1
1684156804 130.93 56.85 2341.25 45556
1684156814 130.67 56.85 2318.21 45402.1
1684156824 127.14 56.93 16447 44316.1
1684156834 130.54 56.93 2315.95 44748.2
1684156844 129.7 56.85 2296.24 43188.8
1684156854 130.6 56.85 2338.97 45905.2
1684156864 130.34 56.85 2325.02 43724.4
1684156874 131.43 56.85 2366.15 46628.4
1684156884 131.2 56.85 2363.46 45765.6
1684156894 129.16 56.93 17398.6 44845.5
1684156904 129.86 56.85 2318.3 43167.2
1684156914 130.68 56.85 2311.85 45941.8
1684156924 130.93 56.85 2365.76 45340.5
1684156934 131 56.85 2365.4 45954.9
1684156944 130.94 56.85 2340.86 46233.1
1684156954 124.29 56.93 15726.7 45536.6
1684156964 130.94 56.93 2365.76 45151
1684156974 131.03 56.85 2366.15 45750.2
1684156984 130.81 56.85 2338.58 45508.7
1684156994 130.65 56.85 2341.25 45794.2
1684157004 130.1 56.85 2338.46 43875
1684157014 130.87 56.85 2343.53 45166.9
1684157024 128.61 56.93 16502.5 43314.8
1684157034 130.25 56.85 2318.69 42749.9
1684157044 130.93 56.85 2291.44 45813.2
1684157054 130.26 56.85 2291.05 45262.3
1684157064 130.13 56.85 2316.45 43722.8
1684157074 131 56.85 2338.58 45539
1684157084 124.42 56.93 15678.6 45156.4
1684157094 130.8 56.93 2313.7 45224.9
1684157104 130.8 56.85 2314.09 44647.2
1684157114 131.23 56.85 2365.76 46169.3
1684157124 130.55 56.85 2341.25 45579.8
1684157134 131.55 56.85 2364.28 45791.8
1684157144 130.9 56.85 2314.09 45821.6
1684157154 53.31 56.91 15166.5 11993

Execution duration: 00:33:39.39
