1684085737 116.92 56.88 3.08 301.54
1684085738 118.46 56.88 3.08 33.85
1684085739 115.11 56.88 0 0
1684085740 121.26 56.88 0 0
1684085741 116.92 56.88 0 0
1684085742 122.05 56.88 0 0
1684085743 116.03 56.88 0 0
1684085744 118.46 56.88 0 0
1684085745 120.47 56.88 0 0
1684085746 118.32 56.96 0 0
1684085747 118.6 56.88 0 0
1684085748 119.08 56.88 0 0
1684085749 119.53 56.88 0 0
1684085750 119.01 56.88 0 0
1684085751 116.92 56.88 0 0
1684085752 117.69 56.88 0 0
1684085753 119.85 56.88 0 0
1684085754 117.32 56.96 1080.31 4507.09
1684085755 19.08 56.96 522.14 4033.58

Execution duration: 00:00:22.22
