1684163474 131.86 56.94 2311.2 40844.8
1684163484 129.97 56.86 2309.99 43073.5
1684163494 131.26 56.86 2314.96 43886.6
1684163504 130.75 56.86 2312.7 44471
1684163514 130.35 56.86 2319.84 43859.7
1684163524 123.25 56.93 14061.5 43185.8
1684163534 130.21 56.93 2299.61 43570.7
1684163544 130.13 56.85 2314.09 43230.3
1684163554 130.68 56.85 2313.85 43881.5
1684163564 130.55 56.85 2334.43 43906.9
1684163574 130.67 56.85 2336.31 44024.8
1684163584 131.14 56.85 2275.07 43441.3
1684163594 129.15 56.93 16029 42471.8
1684163604 129.96 56.85 2313.54 42620.9
1684163614 130.75 56.85 2309.21 43974.4
1684163624 130.3 56.85 2286.99 43273.8
1684163634 129.61 56.85 2295.85 43083.1
1684163644 130.26 56.93 2312 43496.2
1684163654 124.42 56.93 15761.6 43507.8
1684163664 129.81 56.93 2311.85 43304.5
1684163674 130.94 56.85 2334.04 44339.1
1684163684 130.3 56.85 2311.85 43689.3
1684163694 130.39 56.85 2338.25 43501
1684163704 130.49 56.85 2313.85 43346.9
1684163714 131.2 56.85 2332.17 43210.8
1684163724 126.74 56.93 16453.5 43238.4
1684163734 131.1 56.93 2282.56 43104.7
1684163744 130.57 56.85 2313.85 42992.3
1684163754 130.48 56.85 2311.85 43367.8
1684163764 129.69 56.85 2311.62 43110.1
1684163774 129.52 56.85 2338.84 43438.1
1684163784 130.45 56.85 2358.87 44568.8
1684163794 127.47 56.93 17136.7 43503.3
1684163804 130.87 56.85 2336.31 43445.8
1684163814 130.7 56.85 2340.52 43933.5
1684163824 130.48 56.85 2336.31 43266.8
1684163834 130.49 56.85 2361.56 44096.7
1684163844 130.29 56.85 2361.17 43879.6
1684163854 130.91 56.85 2332.17 44722.9
1684163864 127.69 56.93 17445.4 42492.7
1684163874 129.8 56.85 2314.23 43008.5
1684163884 130.38 56.85 2315.77 43375.4
1684163894 130.49 56.93 2313.4 43700.6
1684163904 129.92 56.85 2323.17 42946.7
1684163914 130.19 56.85 2286.6 43612.8
1684163924 122.19 56.93 15326.8 43924.3
1684163934 129.9 56.93 2361.17 43328.9
1684163944 131.19 56.85 2338.97 44429.5
1684163954 129.54 56.85 2298.07 42678.4
1684163964 131.04 56.85 2309.6 43830.8
1684163974 130.79 56.85 2291.43 43053.3
1684163984 130.59 56.85 2338.25 44255.9
1684163994 129.23 56.93 15858.6 43937.9
1684164004 129.97 56.85 2287.41 42995.2
1684164014 131.06 56.85 2361.17 43999.6
1684164024 130.38 56.85 2336.7 44127.8
1684164034 131.16 56.85 2361.17 43427.2
1684164044 130.29 56.85 2336.7 43780.6
1684164054 124.38 56.93 15708.5 44000
1684164064 130.76 56.93 2284.77 44046.9
1684164074 130.61 56.85 2313.7 43991.1
1684164084 130.58 56.85 2311.85 43877.3
1684164094 130.58 56.85 2336.7 43495.5
1684164104 129.81 56.85 2313.01 42770.9
1684164114 130.58 56.85 2311.85 44977.1
1684164124 126.63 56.93 16299.7 43799
1684164134 130.51 56.93 2338.97 43849.9
1684164144 130.97 56.85 2311.46 43773.6
1684164154 130.65 56.85 2309.6 43848.7
1684164164 130.48 56.85 2336.31 43320.8
1684164174 130.01 56.85 2338.25 43416.3
1684164184 131 56.85 2338.58 44462.6
1684164194 129.13 56.93 17236.1 42763.9
1684164204 130 56.85 2311.46 43429.9
1684164214 130.39 56.85 2311.85 44157.3
1684164224 130.36 56.85 2360.81 43741
1684164234 130.67 56.85 2336.7 43751.5
1684164244 130.2 56.85 2311.46 43535.2
1684164254 122.84 56.91 15625.7 44682.6
1684164264 130.23 56.93 17939 43239.7
1684164274 129.93 56.85 2338.97 43261
1684164284 130.81 56.85 2338.97 44442
1684164294 129.95 56.85 2300.29 43188.8
1684164304 131.58 56.85 2363.85 44844.7
1684164314 131.2 56.85 2356.59 44414.3
1684164324 125.73 56.93 15952.2 43290.1
1684164334 129.99 56.93 2311.46 43656.7
1684164344 130.58 56.85 2338.25 43715.3
1684164354 130.97 56.85 2336.31 43980.6
1684164364 130 56.85 2286.99 42761.6
1684164374 130.29 56.85 2313.85 44125
1684164384 131.16 56.85 2361.56 44382.9
1684164394 127.57 56.93 16883.5 42984.9
1684164404 130.17 56.93 2334.43 43365.7
1684164414 130.97 56.85 2361.17 44215.5
1684164424 130.01 56.85 2336.7 43663.3
1684164434 130.39 56.85 2361.17 43280.4
1684164444 130.51 56.85 2365.4 44723
1684164454 125.31 56.93 15333.5 43769.9
1684164464 130.61 56.93 2314.09 43577.4
1684164474 130.38 56.85 2311.85 43223.7
1684164484 130.09 56.85 2286.6 43835.3
1684164494 130.58 56.85 2311.85 43998.8
1684164504 130.87 56.85 2286.6 43932.4
1684164514 124.34 56.93 14567.6 43074.7
1684164524 131.29 56.93 2338.58 44461.8
1684164534 130.14 56.93 2289.21 43306.5
1684164544 130.26 56.85 2290.1 43361.8
1684164554 130.27 56.85 2309.6 44255.7
1684164564 129.91 56.85 2313.85 43336.5
1684164574 122.84 56.93 14148.1 43888.4
1684164584 130.16 56.93 2315.95 43223
1684164594 129.4 56.85 2312 42724.3
1684164604 130.97 56.85 2336.31 44130.1
1684164614 130.87 56.85 2336.7 44278.4
1684164624 130.78 56.85 2311.46 42977.5
1684164634 131.26 56.85 2286.99 43548.3
1684164644 127.44 56.93 15785.9 43071.4
1684164654 130.33 56.85 2314.09 43112.5
1684164664 131.15 56.85 2322.08 44075.2
1684164674 130.1 56.85 2336.7 43561.6
1684164684 131 56.85 2338.97 44653.8
1684164694 130.58 56.85 2316.51 42895.2
1684164704 125.61 56.93 15371.2 43998.5
1684164714 130.26 56.93 2316.73 43403.5
1684164724 130.49 56.85 2311.85 43632.6
1684164734 130.48 56.85 2311.46 43958.1
1684164744 129.95 56.85 2300.68 43645.2
1684164754 129.87 56.85 2309.21 43250.4
1684164764 130.9 56.85 2338.97 44012.4
1684164774 129.45 56.93 16833.8 43912.2
1684164784 130.68 56.85 2336.7 43943.3
1684164794 131.28 56.85 2365.01 44305.5
1684164804 130.8 56.85 2338.97 43960
1684164814 130.81 56.85 2338.58 43581.3
1684164824 130.1 56.85 2336.7 43087.8
1684164834 124.88 56.93 15793.2 44962.1
1684164844 130.75 56.93 2334.43 43710.6
1684164854 130.51 56.85 2363.46 43878.3
1684164864 130.46 56.85 2334.43 44245.6
1684164874 130.36 56.85 2309.6 43125.5
1684164884 130.97 56.85 2336.31 43664.5
1684164894 130.75 56.85 2359.26 43873.1
1684164904 126.41 56.93 16687.4 43706.4
1684164914 130.58 56.93 2311.85 43478.4
1684164924 130.23 56.85 2313.7 44403.5
1684164934 130.29 56.85 2311.85 43748.3
1684164944 131.14 56.85 2338.7 43717.9
1684164954 130.28 56.85 2311.85 43234.9
1684164964 124.05 56.93 14573.8 43898.5
1684164974 130.13 56.93 2289.21 43313.1
1684164984 130.61 56.85 2288.82 43281.6
1684164994 130.05 56.85 2300.68 43259.1
1684165004 130.05 56.85 2306.98 43650.8
1684165014 130.3 56.85 2311.85 44316.1
1684165024 122.93 56.93 13892.9 43263.3
1684165034 130.42 56.93 2314.09 43467.8
1684165044 130.51 56.85 2288.82 43359
1684165054 130.32 56.85 2289.21 43095.4
1684165064 130.97 56.85 2361.56 44780.6
1684165074 130.22 56.85 2338.97 43920.7
1684165084 129.81 56.85 2311.85 43481.6
1684165094 127.31 56.93 16316.8 43836.7
1684165104 130.04 56.93 2316.45 42875.5
1684165114 130.33 56.85 2341.69 44052.5
1684165124 130.33 56.85 2338.97 43762.1
1684165134 130.46 56.85 2309.21 43915.4
1684165144 129.49 56.85 2336.6 43420.9
1684165154 121.94 56.93 15148.7 44170.1
1684165164 130.51 56.93 2413.61 43202.3
1684165174 130.29 56.85 2311.46 43274.9
1684165184 130.03 56.85 2314.09 43642.4
1684165194 130.87 56.85 2336.31 43796.1
1684165204 130.61 56.85 2338.97 43960.3
1684165214 130.61 56.85 2363.46 43487.3
1684165224 124.48 56.93 15930.8 44443.2
1684165234 130.13 56.93 2293.48 43617.1
1684165244 129.72 56.85 2314.23 43144.2
1684165254 130.09 56.85 2336.7 44719.2
1684165264 130.32 56.85 2338.97 43329.8
1684165274 129.4 56.85 2336.6 43391.3
1684165284 130.7 56.85 2363.46 44008.2
1684165294 127.4 56.93 16524 45013.4
1684165304 130.1 56.93 2361.17 43527
1684165314 130.59 56.85 2361.56 43890.5
1684165324 130.87 56.85 2386.02 44432.6
1684165334 129.98 56.85 2334.43 43946.5
1684165344 129.97 56.85 2360.81 43028.6
1684165354 124 56.93 15204.3 43856.9
1684165364 130.42 56.93 2338.58 44095.2
1684165374 129.93 56.85 2314.09 43464.7
1684165384 130.51 56.85 2313.7 43436.3
1684165394 130.1 56.85 2311.85 44455.9
1684165404 130.42 56.85 2338.58 43496.6
1684165414 130.71 56.85 2338.97 44384.1
1684165424 127 56.93 16517.7 43488.6
1684165434 130.1 56.93 2336.7 43495.5
1684165444 130.51 56.85 2314.09 44037.3
1684165454 130.38 56.85 2336.31 44576.3
1684165464 130.48 56.85 2336.7 43546.4
1684165474 130.39 56.85 2338.46 44542.3
1684165484 117.67 56.91 14929.7 36541.4
1684165494 12.34 56.91 214.18 1271.91

Execution duration: 00:33:45.45
