1684078817 117.69 56.88 0 984.62
1684078818 122.48 56.88 0 893.02
1684078819 117.69 56.88 0 1230.77
1684078820 120.61 56.88 0 1221.37
1684078821 121.09 56.88 0 775
1684078822 120.47 56.88 3.15 182.68
1684078823 113.38 56.88 0 25.35
1684078824 119.08 56.88 0 0
1684078825 119.85 56.95 0 0
1684078826 121.09 56.88 0 0
1684078827 125 56.88 0 0
1684078828 121.54 56.88 0 0
1684078829 116.92 56.88 0 0
1684078830 114.79 56.88 0 0
1684078831 120.31 56.88 0 0
1684078832 125 56.88 0 0
1684078833 118.46 56.88 0 0
1684078834 122.66 56.88 0 0
1684078835 89.06 56.95 1171.88 4196.88
1684078836 1.57 56.88 0 3124.41

Execution duration: 00:00:22.22
