1684175392 131.49 56.94 2326.92 41813.8
1684175402 130.48 56.86 2318.99 43881.6
1684175412 130.39 56.86 2339.81 43765.4
1684175422 131.1 56.86 2376.29 44149.7
1684175432 131.33 56.86 2368.87 45477.4
1684175442 123.92 56.93 14244.2 45657.9
1684175452 130.45 56.93 2340.86 44008.6
1684175462 130.32 56.85 2316.45 45452.2
1684175472 130.53 56.85 2374.49 45330.6
1684175482 130.84 56.85 2366.15 43903.1
1684175492 131.32 56.85 2340.86 45911.3
1684175502 122.37 56.93 14137.7 45585.3
1684175512 131.09 56.93 2365.01 44665.9
1684175522 131.42 56.85 2341.25 44474.7
1684175532 130.84 56.85 2334.04 43996.5
1684175542 131.1 56.85 2338.97 46050.9
1684175552 130.84 56.85 2340.86 46077
1684175562 129.99 56.85 2361.56 43966.6
1684175572 126.44 56.93 16355.3 43899.3
1684175582 130.78 56.85 2336.31 45594.9
1684175592 130.22 56.85 2338.97 43732.9
1684175602 130.33 56.85 2356.59 44883.7
1684175612 130.51 56.85 2363.85 43851.5
1684175622 130.71 56.85 2413.22 44903
1684175632 131.1 56.85 2338.97 44229
1684175642 129.03 56.93 17139.2 44336.5
1684175652 129.99 56.85 2336.7 43521.9
1684175662 130.62 56.85 2313.7 44063
1684175672 130.13 56.85 2291.81 45490.3
1684175682 130.1 56.85 2338.46 45552.3
1684175692 130.52 56.85 2373.18 44188.1
1684175702 123.03 56.93 15786.2 43987.6
1684175712 128.86 56.93 2363.85 45108.7
1684175722 130.13 56.85 2363.85 43389.7
1684175732 130.77 56.85 2361.17 44629.9
1684175742 129.76 56.85 2366.15 44749.4
1684175752 130.9 56.85 2388.34 45823.5
1684175762 130.36 56.85 2342.81 44446.3
1684175772 123.85 56.93 16237.7 45580
1684175782 130.19 56.93 2363.46 45324.2
1684175792 130.3 56.85 2361.17 45228.3
1684175802 131.13 56.85 2366.15 45536.6
1684175812 131.09 56.85 2366.57 46320.3
1684175822 130.23 56.85 2338.97 43263
1684175832 130.71 56.85 2338.58 45393.2
1684175842 126.64 56.93 16644.6 44837.7
1684175852 130.23 56.85 2342.08 44105.7
1684175862 130.8 56.85 2338.58 45786.6
1684175872 130.93 56.85 2316.34 46169.3
1684175882 130.02 56.85 2347.49 45028.2
1684175892 131.13 56.85 2366.15 45523
1684175902 126.53 56.93 15057.7 45816.5
1684175912 131.38 56.85 2342.08 44623.5
1684175922 131.27 56.85 2361.17 46137.1
1684175932 130.58 56.85 2336.7 45583.3
1684175942 130.42 56.85 2363.46 44209.1
1684175952 130.89 56.85 2388.73 44231.7
1684175962 130.8 56.85 2389.89 45256.8
1684175972 129.44 56.93 17299.5 45016.1
1684175982 130.75 56.85 2334.04 45345.9
1684175992 130.32 56.85 2316.45 45704.3
1684176002 130.35 56.85 2341.25 44695.3
1684176012 131.04 56.85 2365.76 44426.1
1684176022 130.85 56.85 2362.36 45672.9
1684176032 125 56.93 15844 46424.1
1684176042 130.68 56.93 2361.56 45448.2
1684176052 130.74 56.85 2340.86 45488.7
1684176062 130.93 56.85 2316.34 45717.9
1684176072 129.81 56.85 2264.62 44958.8
1684176082 129.55 56.85 2316.45 44693
1684176092 129.48 56.85 2294.03 45001.2
1684176102 126.85 56.94 16708.8 45505.3
1684176112 130.43 56.86 2332.17 45396.9
1684176122 131.1 56.86 2363.46 45959.2
1684176132 130.13 56.86 2338.97 45029
1684176142 129.93 56.86 2340.71 44667.9
1684176152 131.23 56.86 2366.15 46438.5
1684176162 130.84 56.86 2365.76 45773.9
1684176172 129.18 56.93 17662.6 45643.6
1684176182 130.09 56.85 2341.36 44797.7
1684176192 130.35 56.85 2365.76 46035.8
1684176202 130.32 56.85 2363.85 45600.4
1684176212 131.12 56.85 2365.76 45249.8
1684176222 130.25 56.85 2366.15 46108.2
1684176232 124.87 56.93 15767.2 45687.8
1684176242 129.99 56.93 2345.23 45557.6
1684176252 130.16 56.85 2366.15 44673.2
1684176262 130.42 56.85 2341.69 46344.8
1684176272 130.61 56.85 2341.09 45026.4
1684176282 130.32 56.85 2363.46 45752.4
1684176292 130.84 56.85 2391.05 45845.9
1684176302 127.99 56.93 16924.8 45496.6
1684176312 129.74 56.85 2341.09 44735.3
1684176322 131.23 56.85 2366.15 46412.1
1684176332 130.51 56.85 2363.46 45501.7
1684176342 130.77 56.85 2368.45 46202.1
1684176352 130.39 56.85 2361.17 46094
1684176362 126.17 56.93 15504.7 45923.3
1684176372 131.13 56.85 2365.76 46084.8
1684176382 130.25 56.85 2341.25 45864.6
1684176392 130.61 56.85 2338.58 45634.2
1684176402 129.93 56.85 2341.09 46401.2
1684176412 131.1 56.85 2388.34 46075.8
1684176422 125.07 56.93 14969.1 45506.3
1684176432 130.93 56.93 2340.86 45975.5
1684176442 129.9 56.85 2293.67 45578.6
1684176452 129.86 56.85 2318.3 45572.2
1684176462 130.87 56.85 2368.45 46308.9
1684176472 130.35 56.85 2369.26 45701.9
1684176482 124.22 56.93 14634.6 45279.4
1684176492 130.58 56.93 2361.56 45804.7
1684176502 131.04 56.85 2365.76 45844.4
1684176512 130.64 56.85 2366.15 45519.8
1684176522 130.51 56.85 2338.58 46012.4
1684176532 131 56.85 2363.85 46056.8
1684176542 122.37 56.93 14437.4 46253.7
1684176552 130.65 56.93 2341.25 45857.6
1684176562 130.31 56.85 2340.71 45668.9
1684176572 130.35 56.85 2341.25 45693.8
1684176582 130.91 56.85 2364.63 45920.3
1684176592 131.12 56.85 2352.6 44839.7
1684176602 132.17 56.85 2369.29 46481.2
1684176612 127.57 56.93 16382.5 44884.3
1684176622 130.97 56.85 2361.56 45817.1
1684176632 130.71 56.85 2363.46 46268.6
1684176642 130.78 56.85 2361.56 46544.1
1684176652 130.6 56.85 2388.34 46709.8
1684176662 130.31 56.85 2338.97 45947.9
1684176672 125.02 56.93 15611.9 45995
1684176682 130.31 56.85 2338.97 45437.1
1684176692 131.09 56.85 2338.58 46065.3
1684176702 129.69 56.85 2352.42 45509.5
1684176712 130.44 56.85 2340.86 45466.2
1684176722 130.03 56.85 2344.17 45309.3
1684176732 130.26 56.85 2365.76 45815.6
1684176742 128.29 56.93 16898.2 44860.4
1684176752 129.65 56.85 2340.71 44915.9
1684176762 130.67 56.85 2368.45 45859.4
1684176772 130.16 56.85 2342.97 45579.2
1684176782 131.13 56.85 2366.15 45942.8
1684176792 130.16 56.85 2366.15 45966.9
1684176802 123.54 56.93 15849.8 46677
1684176812 130.26 56.93 2341.25 45448.6
1684176822 130.51 56.85 2338.58 45905.9
1684176832 130.96 56.85 2368.45 46233.3
1684176842 130.06 56.85 2340.86 45435.4
1684176852 130.35 56.85 2366.15 46428.8
1684176862 126.75 56.85 2241.25 44712.1
1684176872 129.13 56.93 16076 44554.3
1684176882 130.22 56.85 2313.7 45755.1
1684176892 129.26 56.85 2316.45 44871.6
1684176902 129.38 56.85 2341.25 45786
1684176912 130.01 56.85 2329.92 45875.7
1684176922 130.67 56.85 2345.62 46122.7
1684176932 129.63 56.93 15706.8 45605.8
1684176942 129.74 56.85 2316.45 45504.5
1684176952 130.84 56.85 2340.86 46407.4
1684176962 130.35 56.85 2341.25 45582.5
1684176972 130.36 56.85 2365.76 46524.1
1684176982 130.03 56.85 2363.85 45793.2
1684176992 126.26 56.93 15909.3 46397.3
1684177002 130.32 56.85 2314.09 45959.2
1684177012 129.83 56.85 2316.07 45417.1
1684177022 129.86 56.85 2343.36 45363.8
1684177032 131.06 56.85 2394.55 46554.2
1684177042 130.76 56.85 2370.3 45627.4
1684177052 130.35 56.85 2366.15 45796.9
1684177062 129.73 56.93 17178.6 45570.5
1684177072 130.16 56.85 2341.25 44900.8
1684177082 129.95 56.85 2300.29 44972.4
1684177092 131.42 56.85 2366.15 46688.7
1684177102 130.54 56.85 2365.76 45767.7
1684177112 131.1 56.85 2363.85 46081.6
1684177122 122.9 56.93 15714.4 45476.7
1684177132 130.45 56.93 2341.25 46076.3
1684177142 130.54 56.85 2315.95 45308.9
1684177152 130.35 56.85 2318.69 45712.5
1684177162 129.91 56.85 2354.31 46267.6
1684177172 130.75 56.85 2366.15 46016.7
1684177182 131.1 56.85 2340.71 45068.3
1684177192 126.61 56.93 16455.1 46221.8
1684177202 131.09 56.85 2363.46 45799.4
1684177212 130.51 56.85 2342.08 45774.9
1684177222 130.74 56.85 2391.05 46296.1
1684177232 130.87 56.85 2368.06 46284.7
1684177242 130.16 56.85 2359.26 46798.4
1684177252 124.41 56.93 15218.7 46445.9
1684177262 130.13 56.93 2341.09 45366.3
1684177272 130.42 56.85 2338.58 45603.5
1684177282 130.48 56.85 2368.45 46860
1684177292 131.35 56.85 2343.14 45983.6
1684177302 130.5 56.85 2316.45 45449.9
1684177312 131.06 56.85 2368.06 47034.1
1684177322 127.55 56.93 16690.9 45878.1
1684177332 130.64 56.85 2365.76 45889.9
1684177342 130.73 56.85 2341.25 46008.2
1684177352 131.07 56.85 2368.06 45992.2
1684177362 130.55 56.85 2391.05 45654.9
1684177372 130.67 56.85 2393.38 46233.3
1684177382 111.49 56.91 15184.4 32939.4

Execution duration: 00:33:24.24
