1684128250 131.43 56.96 2299.51 41313.3
1684128260 130.44 56.88 2319.07 45393.1
1684128270 130.65 56.88 2317.9 45257.6
1684128280 131.09 56.88 2342.08 46347.1
1684128290 130.7 56.88 2319.15 45235.4
1684128300 124.19 56.95 14252.3 45553.7
1684128310 130.61 56.95 2289.21 45384.7
1684128320 130.7 56.87 2314.09 45037.5
1684128330 130.25 56.87 2318.3 44822
1684128340 131.23 56.87 2352.14 46363.8
1684128350 130.42 56.87 2288.82 45507.9
1684128360 122.38 56.95 13890.8 45625.8
1684128370 130.45 56.95 2369.17 45623.5
1684128380 130.44 56.87 2316.34 44800.4
1684128390 130.9 56.87 2313.7 45528.9
1684128400 130.61 56.87 2341.09 45482.6
1684128410 131.2 56.87 2363.46 45743.4
1684128420 130.25 56.87 2316.34 46301.9
1684128430 125.97 56.95 16020.6 44975.1
1684128440 130.81 56.87 2338.97 44868.8
1684128450 130.55 56.87 2317.9 45019.1
1684128460 130.47 56.87 2320.54 44894.5
1684128470 130.35 56.87 2366.15 46066.2
1684128480 131.13 56.87 2340.86 46369.3
1684128490 130.42 56.87 2314.09 45883.8
1684128500 127.53 56.95 16663 45290.1
1684128510 131.07 56.87 2336.7 45616.3
1684128520 130.49 56.87 2311.46 45492.8
1684128530 132 56.87 2291.44 45287.9
1684128540 130.17 56.87 2304.98 43517.2
1684128550 130.8 56.87 2368.51 46495.2
1684128560 130.78 56.87 2361.17 45760.4
1684128570 128.86 56.95 17528.1 45193
1684128580 130.75 56.87 2340.86 45323.7
1684128590 130.52 56.87 2363.85 45273.9
1684128600 131 56.87 2338.58 44970.7
1684128610 130.13 56.87 2314.09 45271.9
1684128620 130.59 56.87 2336.31 46220.2
1684128630 122.45 56.93 15665.3 45769.1
1684128640 130.42 56.95 18003.9 44552
1684128650 130.42 56.87 2338.58 45663.4
1684128660 130.61 56.87 2317.2 45379.2
1684128670 130.2 56.87 2313.85 45083.1
1684128680 131.33 56.87 2366.15 45644.4
1684128690 130.41 56.87 2338.58 45430.9
1684128700 124.36 56.95 15986 45592.2
1684128710 131.1 56.95 2343.24 45416.5
1684128720 130.42 56.87 2289.21 45517.6
1684128730 130.01 56.87 2338.46 45443.1
1684128740 130.41 56.87 2363.85 45509.8
1684128750 130.91 56.87 2363.46 46009.7
1684128760 123.7 56.95 14223.3 45474.9
1684128770 130.12 56.95 2338.58 45076.8
1684128780 130.91 56.87 2338.97 45705
1684128790 130.99 56.87 2338.58 45253.6
1684128800 130.9 56.87 2338.97 45414.6
1684128810 130.47 56.87 2327.66 45209.7
1684128820 131.1 56.87 2342.08 45898.2
1684128830 126.05 56.95 16182.7 44850
1684128840 130.62 56.87 2338.58 44679.9
1684128850 130.9 56.87 2289.21 45403.7
1684128860 130.03 56.87 2291.43 44441.6
1684128870 131.23 56.87 2341.25 46230.3
1684128880 130.9 56.87 2341.69 45435.6
1684128890 130.49 56.87 2336.7 45676.5
1684128900 129.15 56.95 16973 45361.3
1684128910 131.1 56.87 2338.97 46117
1684128920 130.8 56.87 2313.7 46059.5
1684128930 129.94 56.87 2316.45 44945.1
1684128940 129.91 56.87 2313.85 44168.1
1684128950 130.87 56.87 2339.81 45096.3
1684128960 123.89 56.95 15623.1 45089.8
1684128970 130.42 56.95 2314.09 45235.4
1684128980 129.74 56.87 2316.07 44261.8
1684128990 132.02 56.95 2909.23 44568.8
1684129000 130.22 56.87 2314.09 44676.4
1684129010 131.38 56.87 2363.46 45581.7
1684129020 129.98 56.87 2309.6 45190.7
1684129030 124.35 56.95 16266.4 44086.6
1684129040 131.19 56.95 2363.85 45798.6
1684129050 130.65 56.87 2340.86 45846.3
1684129060 131.78 56.87 2338.97 46310.6
1684129070 131.29 56.87 2338.58 46076.6
1684129080 130.51 56.87 2338.97 44629.3
1684129090 130.9 56.87 2338.58 45241.6
1684129100 128.45 56.95 16671.4 44965.1
1684129110 130.94 56.87 2340.86 45878.6
1684129120 130.42 56.87 2317.99 45309.3
1684129130 131.58 56.87 2338.58 46075
1684129140 130.89 56.87 2363.85 45500.9
1684129150 131.1 56.87 2338.58 45827.4
1684129160 122.84 56.95 15482.2 45603.1
1684129170 130.51 56.95 2363.85 45713.5
1684129180 130.9 56.87 2338.97 45141.7
1684129190 131.63 56.87 2334.43 45999.2
1684129200 131.17 56.87 2336.31 45771.3
1684129210 131.29 56.87 2338.97 45772.6
1684129220 130.51 56.87 2344.8 45376.9
1684129230 128.67 56.95 16184.6 45481.8
1684129240 130.13 56.87 2291.43 44271.8
1684129250 131.13 56.87 2316.34 46119.8
1684129260 129.9 56.87 2289.23 43485.8
1684129270 129.82 56.87 2265 43003.1
1684129280 129.82 56.87 2289.23 43515.4
1684129290 126.15 56.95 15304.6 42874.6
1684129300 130.99 56.87 2298.07 44808.9
1684129310 130.13 56.87 2289.21 45080.3
1684129320 130.03 56.87 2343.79 43991.9
1684129330 131.19 56.87 2338.97 45434.4
1684129340 130.61 56.87 2338.58 45890
1684129350 125.56 56.95 15043.7 45320.9
1684129360 130.8 56.87 2314.09 45249
1684129370 130.49 56.87 2311.46 44880.4
1684129380 130.55 56.87 2316.34 45194.6
1684129390 130.57 56.87 2313.85 44003.1
1684129400 130.05 56.87 2307.37 45397.3
1684129410 124 56.95 14645.7 45515.3
1684129420 130.1 56.95 2314.23 43399.2
1684129430 130.77 56.87 2311.46 45835.7
1684129440 131.29 56.87 2370.07 46103
1684129450 131.27 56.87 2339.42 45919.2
1684129460 131.61 56.87 2343.74 45092.1
1684129470 131.06 56.87 2361.17 45653.2
1684129480 128.93 56.95 16506.8 45048.2
1684129490 129.91 56.87 2336.31 44961.9
1684129500 131.22 56.87 2341.25 45745.5
1684129510 131.68 56.87 2313.7 44976.9
1684129520 130.99 56.87 2314.09 44177.3
1684129530 130.9 56.87 2313.7 45601.9
1684129540 125.19 56.95 15548.1 43084.6
1684129550 130.8 56.87 2338.97 44828.8
1684129560 131.07 56.87 2336.31 46031.1
1684129570 130.84 56.87 2341.25 44947.1
1684129580 130.81 56.87 2365.01 45439.8
1684129590 130.36 56.87 2352.42 44622.8
1684129600 130.29 56.87 2313.85 43741.5
1684129610 128.99 56.95 16914 45518.8
1684129620 131.38 56.87 2363.46 45969.3
1684129630 131.14 56.87 2334.43 45382.7
1684129640 130.71 56.87 2313.7 45697.2
1684129650 130.65 56.87 2341.25 44923
1684129660 130.29 56.87 2311.46 45377.9
1684129670 122.38 56.95 15649.4 45258.8
1684129680 131.17 56.95 2435.73 45011.7
1684129690 131.2 56.87 2314.09 45167.3
1684129700 131.14 56.87 2315.95 45928
1684129710 131.09 56.87 2338.97 45336.4
1684129720 131 56.87 2342.08 46410.1
1684129730 131.09 56.87 2314.09 45664.9
1684129740 128.98 56.95 15989.5 45173.5
1684129750 130.77 56.87 2311.46 44937.1
1684129760 130.99 56.87 2289.21 45924.2
1684129770 130.42 56.87 2313.7 45364.8
1684129780 131.07 56.87 2361.56 46607.4
1684129790 131.07 56.87 2336.31 45749.9
1684129800 129.35 56.95 15412.2 45952.2
1684129810 130.69 56.87 2311.46 46143.7
1684129820 131.19 56.87 2338.97 46315.3
1684129830 130.54 56.87 2316.34 45900.8
1684129840 129.93 56.87 2316.07 43635
1684129850 130.65 56.87 2341.25 45211.3
1684129860 124.71 56.95 15430.4 44407.7
1684129870 130.87 56.95 2311.85 45160.8
1684129880 130.49 56.87 2311.46 45484.7
1684129890 130.51 56.87 2342.08 45291
1684129900 130.9 56.87 2363.46 45414.6
1684129910 130.64 56.87 2366.15 45910.1
1684129920 130.41 56.87 2314.09 46305.5
1684129930 126.93 56.95 16554.2 42948.1
1684129940 130.71 56.87 2363.85 45812.2
1684129950 130.51 56.87 2313.7 45559.6
1684129960 130.51 56.87 2314.09 45993
1684129970 130.13 56.87 2340.71 43339
1684129980 130.32 56.87 2338.97 45207
1684129990 130.95 56.87 2310.64 45265.4
1684130000 130.16 56.95 17565 45052.1
1684130010 129.71 56.87 2313.85 43170
1684130020 131.03 56.87 2341.25 45940.5
1684130030 130.61 56.87 2338.58 45026.6
1684130040 130.03 56.87 2341.09 44426.6
1684130050 131.07 56.87 2361.17 45370.1
1684130060 125.56 56.95 15973.6 45912.5
1684130070 130.61 56.87 2316.81 44964
1684130080 130.9 56.87 2338.97 45528.5
1684130090 131 56.87 2363.85 46036.5
1684130100 131.42 56.87 2366.15 46323
1684130110 131.09 56.87 2363.85 45548.7
1684130120 122.13 56.95 14642.3 45913.4
1684130130 130.47 56.95 2419.68 43825.7
1684130140 130.19 56.87 2286.6 44877.3
1684130150 129.83 56.87 2316.45 43615.4
1684130160 131 56.87 2313.7 45251.3
1684130170 130.09 56.87 2320.93 43665.2
1684130180 130.42 56.87 2313.7 45000.2
1684130190 125.36 56.95 15961.9 46173.4
1684130200 130.77 56.87 2311.46 44976.7
1684130210 130.9 56.87 2316.45 44717.6
1684130220 130.64 56.87 2340.86 44902.3
1684130230 131 56.87 2363.85 45879.1
1684130240 131.62 56.87 2365.76 46042.4
1684130250 121.85 56.93 14516.1 45857.1
1684130260 36.63 56.93 660.46 5263.56

Execution duration: 00:33:37.37
