1684098661 129.37 56.88 0 22076.2
1684098662 127.48 56.88 0 4888.55
1684098663 120.31 56.88 3.12 5003.12
1684098664 125.4 56.88 0 5082.54
1684098665 129.13 56.96 0 5042.52
1684098666 120.77 56.96 0 4926.15
1684098667 123.26 56.88 0 4964.34
1684098668 123.62 56.88 0 5042.52
1684098669 122.9 56.88 0 4888.55
1684098670 123.85 56.88 0 4926.15
1684098671 124.6 56.88 0 5082.54
1684098672 120.93 56.88 0 4964.34
1684098673 113.79 56.88 0 4416.55
1684098674 123.61 56.88 0 4447.22
1684098675 129.92 56.88 0 5042.52
1684098676 121.71 56.88 0 4964.34
1684098677 124.81 56.88 0 4964.34
1684098678 127.13 56.88 0 4964.34
1684098679 117.27 56.88 0 4607.19
1684098680 85.27 56.96 948.84 5482.17

Execution duration: 00:00:23.23
