1684152731 101.33 56.91 0 0
1684152736 100.76 56.83 6.08 46.39
1684152741 101.33 56.83 0 0
1684152746 100.76 56.83 0 0
1684152751 100.95 56.83 0 0
1684152756 99.44 56.83 0 0
1684152761 100.57 56.83 0 135.62
1684152766 100.38 56.83 0 0
1684152771 100.19 56.83 0 0
1684152776 100.19 56.83 0 0
1684152781 100.38 56.83 0 0
1684152786 100.57 56.83 0 0
1684152791 100.38 56.83 0 0
1684152796 100.57 56.83 0 0
1684152801 99.81 56.83 0 0
1684152806 100.38 56.83 0 0
1684152811 100.38 56.83 0 0
1684152816 100.38 56.83 0 0
1684152821 100.38 56.83 0 0
1684152826 100.19 56.83 0 0
1684152831 100.38 56.83 0 0
1684152836 100.38 56.83 0 0
1684152841 100.38 56.83 0 0
1684152846 100.19 56.83 0 0
1684152851 100.38 56.83 0 0
1684152856 100.57 56.83 0 0
1684152861 100.38 56.83 0 0
1684152866 100.38 56.83 0 0
1684152871 99.63 56.83 0 0
1684152876 100 56.83 0 0
1684152881 100.19 56.83 0 0
1684152886 48.19 56.91 0 26.66

Execution duration: 00:02:41.41
