1684100729 100.19 56.96 89.9 0
1684100734 100.57 56.88 6.1 47.24
1684100739 100.38 56.88 0 0
1684100744 100.38 56.88 0 0
1684100749 100.38 56.88 0 0
1684100754 100.19 56.88 0 0
1684100759 100.19 56.88 0 0
1684100764 100.19 56.88 0 0
1684100769 100.57 56.88 0 0
1684100774 100.57 56.88 0 123.43
1684100779 100.57 56.88 0 0
1684100784 100.38 56.88 0 0
1684100789 100.19 56.88 0 0
1684100794 100.38 56.88 0 0
1684100799 100.57 56.88 0 0
1684100804 100.38 56.88 0 0
1684100809 100.57 56.88 0 0
1684100814 100.19 56.88 0 0
1684100819 100.19 56.88 0 0
1684100824 100.19 56.88 0 0
1684100829 100.38 56.88 0 0
1684100834 100.38 56.88 0 0
1684100839 100.38 56.88 0 0
1684100844 100.38 56.88 0 0
1684100849 100.38 56.88 0 0
1684100854 100.38 56.88 0 0
1684100859 100.19 56.88 0 0
1684100864 100.38 56.88 0 0
1684100869 100.57 56.88 0 0
1684100874 101.33 56.88 0 0
1684100879 100.19 56.88 0 0
1684100884 100.38 56.88 0 0
1684100889 100.38 56.88 0 0
1684100894 100.38 56.88 0 0
1684100899 100.38 56.88 0 0
1684100904 100.38 56.88 0 0
1684100909 100.76 56.88 0 0
1684100914 99.81 56.88 0 0
1684100919 100.19 56.88 0 0
1684100924 100.38 56.88 0 0
1684100929 100.19 56.88 0 0
1684100934 100.57 56.88 0 0
1684100939 99.81 56.88 0 0
1684100944 100.38 56.88 0 0
1684100949 100.38 56.88 0 0
1684100954 100.38 56.88 0 0
1684100959 100.38 56.88 0 0
1684100964 100.57 56.88 0 0
1684100969 99.81 56.88 0 0
1684100974 100.57 56.88 0 0
1684100979 100.57 56.88 0 0
1684100984 100.38 56.88 0 0
1684100989 100.37 56.88 0 0
1684100994 101.14 56.88 0 0
1684100999 100.38 56.88 0 0
1684101004 100.19 56.88 0 0
1684101009 100.57 56.88 0 0
1684101014 100.38 56.88 0 0
1684101019 100.38 56.88 0 0
1684101024 100.38 56.88 0 0
1684101029 100.38 56.96 0 0
1684101034 100.19 56.88 0 0
1684101039 99.44 56.88 0 0
1684101044 100.57 56.88 0 0
1684101049 100.38 56.88 0 0
1684101054 99.26 56.88 0 0
1684101059 100.19 56.88 0 0
1684101064 99.44 56.88 0 0
1684101069 100.19 56.88 0 0
1684101074 100 56.88 0 0
1684101079 99.44 56.88 0 0
1684101084 100.19 56.88 0 0
1684101089 100.19 56.88 0 0
1684101094 100.38 56.88 0 0
1684101099 100.37 56.88 0 0
1684101104 100.57 56.88 0 0
1684101109 100.38 56.88 0 0
1684101114 100.38 56.88 0 0
1684101119 100.57 56.88 0 0
1684101124 100.38 56.88 0 0
1684101129 100.38 56.88 0 0
1684101134 100.19 56.88 0 0
1684101139 100.19 56.88 0 0
1684101144 100.38 56.88 0 0
1684101149 49.52 56.96 15.24 2997.33

Execution duration: 00:07:06.06
