1684134708 118.46 56.83 3.08 276.92
1684134709 124.22 56.83 0 28.12
1684134710 118.46 56.83 0 0
1684134711 122.83 56.83 0 0
1684134712 121.21 56.83 0 0
1684134713 125.2 56.83 0 0
1684134714 116.79 56.83 0 0
1684134715 121.26 56.83 0 0
1684134716 120.14 56.91 0 0
1684134717 120 56.91 0 0
1684134718 124.22 56.83 0 0
1684134719 122.66 56.83 0 0
1684134720 122.9 56.83 0 0
1684134721 123.66 56.83 0 0
1684134722 124.62 56.83 0 0
1684134723 122.07 56.83 0 0
1684134724 122.9 56.83 0 0
1684134725 117.56 56.83 0 0
1684134726 122.48 56.83 0 0
1684134727 120.77 56.83 0 0
1684134728 122.31 56.91 1492.31 1406.16
1684134729 18.84 56.83 0 2971.01

Execution duration: 00:00:25.25
