1684152949 131.63 56.94 2324.34 40850.1
1684152959 130.42 56.86 2314.48 43036.3
1684152969 131.1 56.86 2315.64 45577.1
1684152979 130.78 56.86 2338.25 43637.3
1684152989 131.26 56.86 2336.31 44097.9
1684152999 123.33 56.93 14281.4 43967.3
1684153009 131.35 56.93 2343.14 44881.4
1684153019 130.55 56.85 2341.25 43468.5
1684153029 130.64 56.85 2315.95 43724.5
1684153039 130.45 56.85 2341.25 44142.8
1684153049 131.03 56.85 2342.42 43780.5
1684153059 122.84 56.93 14048.6 44445.1
1684153069 130.54 56.93 2315.95 43406.2
1684153079 130.21 56.85 2323.17 43853.3
1684153089 130.55 56.85 2315.95 43165.4
1684153099 129.84 56.85 2314.09 43588.7
1684153109 130.51 56.85 2338.97 44532.9
1684153119 130.74 56.93 2365.76 44621
1684153129 124.95 56.93 16017.9 43452.4
1684153139 130.81 56.85 2338.58 44431.1
1684153149 130.61 56.85 2314.09 43521.1
1684153159 130.7 56.85 2313.7 43854.6
1684153169 131.1 56.85 2338.97 42971
1684153179 130.87 56.85 2361.17 44075.3
1684153189 130.93 56.85 2366.15 44612.4
1684153199 127.69 56.93 16823.3 44080.1
1684153209 129.89 56.85 2296.24 43587.7
1684153219 130.74 56.85 2317.51 44278.2
1684153229 130.51 56.85 2314.09 43422.7
1684153239 130.03 56.85 2340.71 43702
1684153249 131.1 56.85 2363.85 44678.3
1684153259 130.64 56.85 2340.86 43882.1
1684153269 129.67 56.93 17594.9 44275.5
1684153279 130.62 56.85 2363.85 43952.6
1684153289 130.6 56.85 2338.58 44013.6
1684153299 129.83 56.85 2338.97 43958.8
1684153309 130.42 56.85 2338.58 44604.1
1684153319 130.97 56.85 2321.72 43934.2
1684153329 121.46 56.93 15686.6 43439.8
1684153339 130.14 56.93 2431.4 43253.9
1684153349 130.13 56.85 2313.7 43367.9
1684153359 130.42 56.93 2319.53 44195.2
1684153369 131.07 56.85 2336.31 44495.5
1684153379 129.83 56.85 2314.09 42912.3
1684153389 130.23 56.85 2340.71 43929.2
1684153399 124.38 56.93 16026.4 43755.5
1684153409 130.93 56.93 2375.1 44124.5
1684153419 130.87 56.85 2336.7 44033
1684153429 130.6 56.85 2363.46 44371.6
1684153439 130.32 56.85 2338.97 43689.8
1684153449 131.13 56.85 2365.76 43903.5
1684153459 123.9 56.93 14310.2 43753.2
1684153469 130.54 56.93 2316.34 44069.3
1684153479 130.02 56.85 2313.7 43121.5
1684153489 130.36 56.85 2309.6 44085.3
1684153499 129.65 56.85 2316.07 43393.3
1684153509 130.15 56.85 2318.69 43593.8
1684153519 130.07 56.85 2348.64 43781.3
1684153529 125.78 56.93 16345.1 44692.6
1684153539 130.59 56.85 2336.31 43745.2
1684153549 130.06 56.85 2291.44 44104.3
1684153559 130.03 56.85 2316.07 42805.4
1684153569 130.54 56.85 2341.25 43873.2
1684153579 130.03 56.85 2344.8 43731.8
1684153589 130.93 56.85 2366.15 44865
1684153599 129.76 56.93 17039.3 44136.2
1684153609 130.31 56.85 2314.09 43903.2
1684153619 130.81 56.85 2338.58 44442
1684153629 130.12 56.85 2338.97 43656
1684153639 130.64 56.85 2291.05 43766.2
1684153649 129.76 56.85 2353.24 43505.3
1684153659 123.42 56.93 15710.4 43269.2
1684153669 130.55 56.93 2315.95 44267.3
1684153679 130.65 56.85 2316.34 43411.3
1684153689 130.06 56.85 2340.86 43370
1684153699 130.39 56.85 2361.56 44188.7
1684153709 130.41 56.85 2338.97 43780.8
1684153719 130.52 56.85 2338.58 43831.3
1684153729 123.97 56.93 16293 42702.2
1684153739 130.12 56.85 2291.81 43628.1
1684153749 131.16 56.85 2336.7 43869.5
1684153759 131.13 56.85 2316.34 43891.4
1684153769 130.45 56.85 2340.86 44127.2
1684153779 131.33 56.85 2366.15 44330.7
1684153789 130.41 56.85 2338.58 43636.2
1684153799 128.01 56.93 16654.1 44136.6
1684153809 130.36 56.85 2326.84 43064.2
1684153819 130.17 56.85 2327.66 44171.8
1684153829 130.55 56.85 2340.86 43814.8
1684153839 129.84 56.85 2316.45 43394.4
1684153849 130.66 56.85 2368.06 44306.1
1684153859 122.44 56.93 15392.6 43969.3
1684153870 129.93 56.93 2316.45 43009.1
1684153879 130.45 56.85 2340.86 44231.9
1684153889 130.29 56.85 2336.7 44048.9
1684153900 130.03 56.85 2340.71 43247.7
1684153909 130.8 56.85 2365.4 44663.6
1684153919 130.83 56.85 2365.76 44394.6
1684153929 128.5 56.93 16150.6 43815.9
1684153939 130.74 56.85 2340.86 43536.2
1684153949 130.03 56.85 2314.09 43731
1684153959 129.99 56.85 2336.31 43964.3
1684153969 130.51 56.85 2338.97 44115.8
1684153979 129.83 56.85 2313.7 43049.6
1684153989 127.24 56.93 15506.6 44579
1684153999 130.32 56.85 2314.09 43448
1684154009 130.13 56.85 2288.82 43923
1684154019 130.15 56.85 2319.45 44202.7
1684154029 130.65 56.85 2365.76 44209.3
1684154039 130.32 56.85 2314.09 43856.6
1684154049 125.16 56.93 15018.5 43104.4
1684154059 130.6 56.85 2314.09 43640.8
1684154069 130.84 56.85 2340.86 44349
1684154079 130.64 56.85 2366.15 44777
1684154089 130.77 56.85 2368.06 44568.3
1684154099 130.38 56.85 2361.56 44200
1684154109 123.32 56.93 14695.4 43661.4
1684154120 129.8 56.93 2296.24 43303.8
1684154129 129.89 56.93 2334.04 43341.6
1684154139 130.7 56.85 2366.96 44638.3
1684154149 130.93 56.85 2343.19 43572.8
1684154159 131.52 56.85 2323.34 43542
1684154169 131.1 56.85 2318.75 44306.7
1684154179 128.99 56.93 16563.8 43844
1684154189 130.44 56.85 2341.25 43309.7
1684154199 129.96 56.85 2315.95 43473.2
1684154209 130.26 56.85 2366.15 44126.8
1684154219 130.94 56.85 2365.76 44465
1684154229 130.42 56.85 2363.85 44119.7
1684154239 126.07 56.93 15779.4 42700.4
1684154249 130.06 56.85 2291.44 44296.5
1684154260 129.94 56.85 2316.07 43276.2
1684154269 130.61 56.85 2342.08 43920.7
1684154280 129.83 56.85 2347.49 43814.7
1684154290 129.8 56.85 2345.62 43502
1684154299 130.64 56.85 2365.76 43909.3
1684154309 129.18 56.93 17079 43672.8
1684154319 130.8 56.85 2363.85 43748.9
1684154329 129.93 56.85 2338.58 43896.6
1684154339 130.28 56.93 2368.45 44357.2
1684154349 130.45 56.85 2365.76 44330
1684154359 130.1 56.85 2336.7 44194.9
1684154370 122.62 56.93 15606.5 44236
1684154379 130.94 56.93 2316.34 44135.4
1684154389 130.51 56.85 2288.82 43419.2
1684154399 130.84 56.85 2341.25 44438.9
1684154409 130.87 56.85 2340.97 43240
1684154419 130.22 56.85 2314.09 43899.3
1684154429 131 56.85 2313.7 43280.5
1684154439 128.99 56.93 16039.3 45016.7
1684154450 129.4 56.85 2327.27 43499.8
1684154459 130.26 56.85 2316.34 44626.1
1684154469 130.25 56.85 2340.86 44313.2
1684154479 130.51 56.85 2363.85 44772.4
1684154489 130.94 56.85 2341.25 44616.3
1684154500 128.52 56.93 15481.3 42403.9
1684154509 131.03 56.85 2316.34 44073.9
1684154519 130.26 56.85 2315.95 43410.5
1684154529 130.74 56.85 2341.25 44158
1684154540 130.52 56.85 2338.58 43750.8
1684154550 130.87 56.85 2336.7 43530.1
1684154559 124.03 56.93 15587.2 43964.2
1684154569 130.84 56.85 2341.25 44281.3
1684154580 130.45 56.85 2317.51 43919.8
1684154590 129.93 56.85 2341.09 44276.8
1684154600 130.32 56.85 2363.46 43372.2
1684154610 130.94 56.85 2366.15 44251.8
1684154620 130.9 56.85 2363.46 44497.2
1684154630 128.09 56.93 16781 43720.5
1684154640 129.99 56.85 2343.14 43639.3
1684154650 130.51 56.85 2338.97 43775.3
1684154660 130.32 56.85 2338.97 44607.6
1684154670 130.45 56.85 2340.86 43704.3
1684154680 130.42 56.85 2338.97 43944.8
1684154690 121.67 56.91 15308.5 44340.1
1684154700 130.16 56.93 17664.6 43755.2
1684154710 129.93 56.85 2313.7 43300.3
1684154720 130.25 56.85 2316.34 43445.9
1684154730 129.84 56.93 2340.71 44078.9
1684154740 130.45 56.85 2341.25 44248.2
1684154750 129.83 56.85 2338.58 43324.8
1684154760 125.09 56.93 15942.4 44348.2
1684154770 130.54 56.85 2315.95 43878.2
1684154780 129.36 56.85 2341.09 43071.4
1684154790 130.45 56.85 2340.86 44235.8
1684154800 129.45 56.85 2341.09 43841.4
1684154810 129.64 56.85 2338.58 43320.1
1684154820 122.57 56.91 14521.8 44052.9
1684154830 129.16 56.93 16796.9 43712.8
1684154840 130.51 56.85 2338.97 44338.2
1684154850 130.22 56.85 2338.97 43774.2
1684154860 130.67 56.85 2336.31 43806.6
1684154870 130.13 56.85 2341.09 44577.9
1684154880 130.74 56.85 2340.86 44794.2
1684154890 124.2 56.93 15912.1 43208.9
1684154900 130.31 56.85 2313.7 43769.9
1684154910 130.02 56.85 2338.97 43371
1684154920 130.44 56.85 2365.76 44057.6
1684154930 130.22 56.85 2338.97 43787
1684154940 130.03 56.85 2338.58 43977.8
1684154950 121.89 56.91 14502.3 44645.1
1684154960 40.04 56.91 15145.6 6733.92

Execution duration: 00:33:38.38
