1684136838 130.66 56.94 2308.96 40471.8
1684136847 130.84 56.86 2316.73 45212.4
1684136857 131.26 56.86 2342.52 45753.8
1684136867 131.19 56.86 2366.96 46008.6
1684136877 131.65 56.86 2364.28 47050.5
1684136887 123.72 56.93 14305.1 45580.2
1684136897 131.23 56.85 2344.75 45885.2
1684136907 131.3 56.85 2332.17 44993.4
1684136917 131.3 56.85 2338.58 45523
1684136927 130.68 56.85 2311.85 44447.8
1684136938 131.24 56.85 2352.42 44496.7
1684136947 122.66 56.93 14111.7 44574.7
1684136957 130.84 56.93 2341.25 45800.4
1684136967 131.29 56.85 2340.13 45922.2
1684136977 130.6 56.85 2338.97 45137.8
1684136987 130.88 56.85 2336.31 44758.1
1684136997 130.78 56.85 2336.7 45204.3
1684137007 131.36 56.85 2361.17 45213.6
1684137017 125.83 56.93 16140.6 44038.1
1684137027 131.29 56.85 2338.58 44918.2
1684137037 130.97 56.85 2338.25 44192.2
1684137047 130.91 56.85 2313.7 45244.3
1684137058 130.32 56.85 2316.45 42786.1
1684137067 130.89 56.85 2338.58 45334.1
1684137077 131.1 56.85 2314.09 46128.7
1684137087 128.29 56.93 16949.3 45292.1
1684137097 130.84 56.85 2366.15 45050.2
1684137107 131.19 56.85 2338.97 45724.4
1684137117 131.33 56.85 2366.15 45066.5
1684137128 131.29 56.85 2338.97 45167.7
1684137138 130.63 56.85 2369.17 43873.6
1684137147 130.52 56.85 2300.88 44509.2
1684137158 129.55 56.93 17603.9 43478.3
1684137168 130.99 56.85 2314.09 43800.2
1684137178 130.61 56.85 2340.71 43799
1684137188 131.17 56.85 2336.7 44318.8
1684137198 130.46 56.85 2334.04 44371.3
1684137208 131 56.85 2363.85 44636
1684137218 124.03 56.93 16011.7 45297.3
1684137228 130.51 56.93 2314.09 43685.9
1684137238 130.71 56.85 2316.07 43591.2
1684137248 130.58 56.85 2288.54 43381.8
1684137258 131 56.85 2338.58 44861.4
1684137268 131 56.85 2363.85 43965.4
1684137278 131.48 56.85 2363.46 45024.3
1684137288 125.23 56.93 16186.4 44345.6
1684137298 130.13 56.85 2291.81 43254.7
1684137308 130.48 56.85 2311.46 43050.5
1684137318 130.8 56.85 2338.97 43823.9
1684137328 131.19 56.85 2338.58 44679.5
1684137338 130.16 56.85 2318.69 42662.8
1684137348 123.97 56.93 14424.9 44272.6
1684137358 131.23 56.85 2341.25 44134.6
1684137368 130.95 56.85 2334.04 44247.5
1684137378 130 56.85 2338.84 44152.3
1684137388 130.97 56.85 2361.17 43542.5
1684137398 131.87 56.85 2338.97 44129.8
1684137408 130.97 56.85 2336.31 44060.6
1684137418 127.8 56.93 16579.6 44760
1684137428 131.26 56.85 2311.46 43344.8
1684137438 130.87 56.85 2286.99 43612.8
1684137448 131.09 56.85 2313.7 42960.2
1684137458 130.32 56.85 2289.21 43889.6
1684137468 131.1 56.85 2315.25 43659.9
1684137478 130.81 56.85 2293.49 43788.5
1684137488 130.88 56.93 17129.3 43527.4
1684137498 130.81 56.85 2288.82 43753.9
1684137508 130.74 56.85 2291.44 44156.4
1684137518 130.26 56.85 2309.21 43444.4
1684137528 130.22 56.85 2341.09 43414.1
1684137538 130.97 56.85 2362.72 43468
1684137548 124.29 56.93 15836.4 43574.7
1684137558 129.94 56.85 2338.58 43710.8
1684137568 131.1 56.85 2338.97 45097.4
1684137578 131.3 56.93 2338.58 43308.1
1684137588 131.48 56.85 2314.09 43589.5
1684137598 130.7 56.85 2340.71 43372.9
1684137608 131.23 56.85 2341.25 44228.8
1684137618 125.07 56.93 16570.7 43892.3
1684137628 131.23 56.85 2341.25 43864.2
1684137638 130.52 56.85 2314.09 43352
1684137648 130.8 56.85 2338.97 44110.8
1684137658 129.57 56.85 2300.68 43788.6
1684137668 130.23 56.85 2316.07 43104.9
1684137678 130.83 56.85 2343.36 43782.7
1684137688 129.26 56.93 16838.5 43243.2
1684137698 129.92 56.85 2273.36 42609.7
1684137708 130.51 56.85 2290.76 43403.3
1684137718 130.74 56.85 2334.04 43705.5
1684137728 131.43 56.85 2341.25 43984.8
1684137738 130.42 56.85 2313.7 44179.2
1684137748 123.52 56.93 15507.1 44029.5
1684137758 130.71 56.93 2338.58 43780.8
1684137768 131.19 56.85 2363.85 44311.4
1684137778 130.68 56.85 2361.17 44379.8
1684137788 130.74 56.85 2341.25 43800.4
1684137798 130.32 56.85 2342.25 43919.5
1684137808 131.48 56.85 2363.85 43943.6
1684137818 129.06 56.93 16234 43126.9
1684137828 131.03 56.85 2341.25 43712.4
1684137838 130.9 56.85 2338.97 43936.2
1684137848 130.41 56.85 2313.7 43519.9
1684137858 130.81 56.85 2338.97 44270.9
1684137868 130.56 56.85 2334.04 44614.2
1684137878 127.64 56.93 15514.3 43594.6
1684137888 131.1 56.85 2338.58 44123.6
1684137898 130.7 56.85 2314.09 43177.8
1684137908 130.42 56.85 2319.15 43538.8
1684137918 130.24 56.85 2325.41 43457.8
1684137928 131.29 56.85 2338.58 44494.1
1684137938 125.77 56.93 15065.6 42818.9
1684137948 130.32 56.85 2313.7 43433.6
1684137958 131.09 56.85 2338.97 43822
1684137968 130.7 56.85 2338.58 44239.5
1684137978 130.74 56.85 2341.25 44306.2
1684137988 130.71 56.85 2338.58 42949.7
1684137998 123.94 56.93 14695.4 43678.8
1684138008 130.65 56.85 2334.04 43170.1
1684138018 131.27 56.85 2364.67 43955.3
1684138028 130.7 56.85 2317.2 44349.5
1684138038 130.9 56.85 2338.97 44222.7
1684138048 132.03 56.85 2344.08 44448.2
1684138058 131.97 56.85 2368.51 44739
1684138068 130.06 56.93 16687.9 43442.4
1684138078 130.74 56.85 2315.95 43184.4
1684138088 131.39 56.85 2338.97 43584.4
1684138098 130.49 56.85 2311.46 43614.4
1684138108 131.19 56.85 2338.97 44402.7
1684138118 130.48 56.85 2336.31 43508.3
1684138128 125.85 56.93 15838.3 44047.4
1684138138 130.21 56.85 2347.49 43965.6
1684138148 131.81 56.85 2366.15 44650.2
1684138158 130.9 56.85 2338.58 43453.8
1684138168 130.65 56.85 2359.26 43693.9
1684138178 131.3 56.85 2363.46 44435
1684138188 130.8 56.85 2338.97 43791.6
1684138198 129.91 56.93 17120.2 43558.6
1684138208 131.51 56.85 2341.25 44034.6
1684138218 131.09 56.85 2338.97 44632.8
1684138228 130.61 56.85 2338.58 43275.8
1684138238 131.1 56.85 2338.97 43925
1684138248 130.74 56.85 2340.86 43486.8
1684138258 123.54 56.93 15823.7 44051.8
1684138268 130.51 56.93 2288.82 42589.3
1684138278 129.93 56.85 2316.45 43490.7
1684138288 130.97 56.85 2336.31 44148.7
1684138298 130.22 56.85 2314.09 43425.8
1684138308 131.01 56.85 2338.58 44981.5
1684138318 130.32 56.85 2314.09 43132.4
1684138328 129.28 56.93 16113.6 43620.6
1684138338 130.84 56.85 2316.34 43607
1684138348 130.59 56.85 2311.46 43867.2
1684138358 130.59 56.85 2305.13 43931.8
1684138368 130.04 56.85 2291.43 43396
1684138378 129.77 56.85 2269.37 43284.8
1684138388 128.42 56.93 15377.3 42577.3
1684138398 131.19 56.85 2338.58 44154.3
1684138408 130.81 56.85 2314.09 43867.4
1684138418 130.94 56.85 2365.76 44303.5
1684138428 130.51 56.85 2338.97 43434
1684138438 130.94 56.85 2334.04 44171.5
1684138448 125.09 56.93 15635.8 44061.5
1684138458 130.44 56.85 2334.88 43553.5
1684138468 130.29 56.85 2311.85 43527
1684138478 130.16 56.85 2318.3 43526.4
1684138488 130.81 56.85 2363.85 44102.6
1684138498 131.14 56.85 2334.04 44117.9
1684138508 131 56.85 2289.21 42613.8
1684138518 128.32 56.93 16623.9 43274.1
1684138528 131.16 56.85 2286.99 43111.8
1684138538 131.06 56.85 2261.75 42953.8
1684138548 130.42 56.85 2338.97 43374.5
1684138558 130.7 56.85 2338.58 44089.4
1684138568 130.04 56.93 2316.45 42978.6
1684138578 130.64 56.85 2342.81 44400
1684138588 129.86 56.93 17417.1 44345.5
1684138598 130.42 56.85 2314.09 43845.7
1684138608 130.91 56.85 2331.78 43820.5
1684138618 130.13 56.85 2289.21 43746.6
1684138628 131.02 56.85 2318.3 43748
1684138638 130.42 56.85 2342.08 43447.2
1684138648 124.41 56.93 15714.8 44503.1
1684138658 131.42 56.85 2366.15 44238.5
1684138668 130.58 56.85 2361.17 43509.9
1684138678 130.09 56.85 2361.56 44215.9
1684138688 131.03 56.85 2365.76 43839.7
1684138698 130.35 56.85 2343.36 43900.6
1684138708 130.91 56.85 2338.58 44800
1684138718 129.32 56.93 16631.1 42788.3
1684138728 130.7 56.85 2338.58 43717.8
1684138738 130.91 56.85 2314.09 44239.5
1684138748 130.62 56.85 2338.58 43368.3
1684138758 130.74 56.85 2316.34 43910.1
1684138768 131.19 56.85 2314.09 43798.6
1684138778 124.87 56.93 15687.9 43388.2
1684138788 131.09 56.85 2338.97 43353.9
1684138798 130.78 56.85 2336.31 44223.3
1684138808 131 56.85 2338.97 43703
1684138818 130.97 56.85 2361.17 43999.6
1684138828 130.84 56.85 2341.25 43868.5
1684138838 130.8 56.85 2316.81 43783.5
1684138848 52.18 56.91 15111.4 9916.43

Execution duration: 00:33:39.39
