1684120987 118.6 56.95 0 4967.44
1684120988 126.77 56.87 0 24746.5
1684120989 123.85 56.87 0 9849.23
1684120990 124.03 56.87 0 9925.58
1684120991 119.69 56.87 0 5042.52
1684120992 121.88 56.87 0 5003.12
1684120993 121.13 56.87 0 9016.9
1684120994 121.09 56.87 0 5003.12
1684120995 122.83 56.87 0 5042.52
1684120996 116.67 56.87 0 8891.67
1684120997 125.2 56.87 0 5042.52
1684120998 126.98 56.87 0 5082.54
1684120999 125 56.87 0 5003.12
1684121000 125.38 56.87 0 4926.15
1684121001 126.77 56.87 0 5042.52
1684121002 122.14 56.87 0 4888.55
1684121003 128.46 56.87 0 9849.23
1684121004 122.31 56.87 0 4926.15
1684121005 126.56 56.87 0 5003.12
1684121006 126.77 56.87 0 5042.52
1684121007 89.06 56.95 1212.5 6446.87
1684121008 7.14 56.87 0 4165.08

Execution duration: 00:00:24.24
