1684116506 131.21 56.9 2313.43 40132.2
1684116516 130.87 56.9 2311.85 43551.1
1684116526 129.8 56.9 2289.71 44067.2
1684116536 130.29 56.9 2332.63 44628.1
1684116546 129.74 56.9 2317.61 44221.4
1684116556 123.23 56.97 14279.9 43752.4
1684116566 130.1 56.89 2313.01 43858.2
1684116576 129.62 56.89 2313.85 43119.6
1684116586 131.42 56.89 2315.95 44604.3
1684116596 130.67 56.89 2286.6 43203.1
1684116606 130.42 56.89 2338.58 44538.8
1684116616 122.58 56.97 14061.9 44234.6
1684116626 131.1 56.89 2462.97 44753.3
1684116636 129.92 56.89 2315.25 43619.8
1684116646 130.51 56.89 2338.58 44676.4
1684116656 129.84 56.89 2338.58 43551.4
1684116666 130.42 56.89 2338.58 43816.5
1684116676 130.06 56.89 2365.76 43933.1
1684116686 125.05 56.97 16115.3 44484.3
1684116696 129.81 56.89 2340.97 43635.7
1684116706 130.51 56.89 2343.24 43230.3
1684116716 130.45 56.89 2340.86 43622.6
1684116726 130.31 56.89 2313.7 44469.6
1684116736 129.71 56.89 2311.46 43887.8
1684116746 130.31 56.89 2338.58 43774.2
1684116756 128.09 56.97 16949.3 44714.1
1684116766 130.12 56.89 2338.58 43958.8
1684116776 130.61 56.89 2313.7 43830.9
1684116786 130.34 56.89 2349.76 44084.2
1684116796 129.74 56.89 2363.46 43877.2
1684116806 130.68 56.89 2386.02 43916.1
1684116816 129.9 56.89 2298.25 43442.7
1684116826 130.42 56.97 17750 43568.5
1684116836 130.8 56.89 2365.01 43736.8
1684116846 131.29 56.89 2313.7 44263.9
1684116856 130.41 56.89 2365.35 43224.6
1684116866 131.59 56.89 2363.46 44424.1
1684116876 131.49 56.89 2363.46 43580.6
1684116886 122.64 56.97 16014.8 44604.9
1684116896 130.84 56.89 2365.76 43998.4
1684116906 130.03 56.89 2288.82 43691.3
1684116916 129.58 56.89 2344.51 43371.5
1684116926 130.54 56.89 2365.76 44693.8
1684116936 130.12 56.89 2313.7 43636.5
1684116946 129.54 56.89 2340.71 43821.8
1684116956 124.8 56.97 16292.2 43628
1684116966 129.97 56.89 2318.3 43130.6
1684116976 130.26 56.89 2291.05 44058.8
1684116986 130.13 56.89 2340.71 44502.8
1684116996 130.61 56.89 2313.7 44117.8
1684117006 129.74 56.89 2316.07 44023.1
1684117016 123.9 56.97 14507.3 44085.5
1684117026 129.54 56.89 2316.07 43326.7
1684117036 130.45 56.89 2340.86 43859.5
1684117046 129.86 56.89 2342.97 44097.1
1684117056 130.55 56.89 2340.86 43979.8
1684117066 129.74 56.89 2342.25 43187.3
1684117076 130.51 56.89 2365.01 44527.5
1684117086 127.21 56.97 16703.6 43293.7
1684117096 130.23 56.89 2338.58 43411.9
1684117106 130.06 56.89 2291.05 43701.2
1684117116 129.84 56.89 2316.07 43263.5
1684117126 130.84 56.89 2340.86 44537
1684117136 130.13 56.89 2318.36 44239.8
1684117146 122.33 56.97 14935.5 43820.2
1684117156 130.28 56.89 2311.46 43015.9
1684117166 131.23 56.89 2315.95 43670.4
1684117176 131.23 56.89 2309.21 43683
1684117186 130.35 56.89 2365.76 44042.8
1684117196 130.55 56.89 2365.76 44967.7
1684117206 130.42 56.89 2340.13 44250.3
1684117216 124.39 56.97 16081.6 44430.3
1684117226 130.62 56.89 2363.46 44011.7
1684117236 130.18 56.89 2343.14 43779.9
1684117246 130.51 56.89 2388.34 44741.3
1684117256 130.51 56.89 2363.46 44264.3
1684117266 130.74 56.89 2365.76 44799.2
1684117276 130.41 56.89 2363.46 44343.6
1684117286 126.63 56.97 16943.8 44312.2
1684117296 129.88 56.89 2327.27 43904.1
1684117306 130.22 56.89 2338.58 44186.2
1684117316 130.16 56.89 2315.95 44254.5
1684117326 130.32 56.89 2316.07 43931.5
1684117336 130.35 56.89 2365.76 43869.7
1684117346 122.06 56.97 15022 43999.2
1684117356 130.22 56.97 2413.22 43568.9
1684117366 130.61 56.89 2338.58 44630.1
1684117376 130.31 56.89 2338.58 43474.4
1684117386 130.35 56.89 2340.86 43172.8
1684117396 130.26 56.89 2340.86 44598.1
1684117406 130.73 56.89 2340.86 43540.5
1684117416 124.68 56.97 16054 44360.3
1684117426 130.35 56.89 2365.76 43551.8
1684117436 130.54 56.89 2365.76 43834.2
1684117446 130.13 56.89 2313.7 43964.2
1684117456 130.55 56.89 2340.86 44467.7
1684117466 130.65 56.89 2368.87 44684.8
1684117476 122.72 56.97 14553 44322.7
1684117486 130.32 56.89 2338.58 43806
1684117496 130.84 56.89 2340.86 44016.3
1684117506 130.45 56.89 2291.05 43331.1
1684117516 129.93 56.89 2313.7 43237.3
1684117526 129.87 56.89 2340.86 44001.2
1684117536 130.13 56.89 2338.58 44496.8
1684117546 129.55 56.97 16114.7 43872.1
1684117556 130.02 56.89 2313.7 43650.2
1684117566 130.32 56.89 2288.82 43353.6
1684117576 129.65 56.89 2317.61 43056
1684117586 130.35 56.89 2340.86 44618.7
1684117596 130.75 56.89 2315.95 43916.3
1684117606 127.53 56.97 15590 42723
1684117616 130.06 56.89 2315.95 43552.9
1684117626 130.54 56.89 2340.86 44415.6
1684117636 131.32 56.89 2365.76 44703.9
1684117646 130.29 56.89 2311.46 43751.5
1684117656 130.94 56.89 2340.86 44885.6
1684117666 126.34 56.97 15392 43972
1684117676 130.42 56.89 2313.7 43981.7
1684117686 129.83 56.89 2338.58 43685.1
1684117696 131.19 56.89 2363.46 44389.1
1684117706 130.32 56.89 2316.07 43661.6
1684117716 130.34 56.89 2343.19 43368.5
1684117726 124.39 56.97 14966.4 43785
1684117736 130.02 56.89 2316.07 43508
1684117746 130.22 56.89 2338.58 43729.4
1684117756 130.39 56.89 2336.31 44459.8
1684117766 130.52 56.89 2338.58 43791.6
1684117776 130.42 56.89 2338.58 44277.9
1684117786 131.17 56.89 2361.17 44549.5
1684117796 128.74 56.97 16444.7 43461
1684117806 130.87 56.89 2368.06 43674.4
1684117816 130.64 56.89 2365.76 44331.1
1684117826 130.24 56.89 2382.95 43744.6
1684117836 130.22 56.89 2338.58 44157.1
1684117846 130.6 56.89 2388.34 43783.5
1684117856 123.93 56.97 15584.4 44219.1
1684117866 130.16 56.89 2315.95 43211.3
1684117876 130.25 56.89 2365.76 43874.7
1684117886 130.94 56.89 2340.86 44512.8
1684117896 130.68 56.89 2336.31 43891.7
1684117906 130.65 56.89 2340.86 44616.7
1684117916 130.06 56.89 2340.86 44691.8
1684117926 125.56 56.97 16529.5 43833.6
1684117936 130.26 56.89 2315.95 43514.4
1684117946 130.61 56.89 2313.7 44821
1684117956 130.77 56.89 2343.14 44628.2
1684117966 130.03 56.89 2319.92 43549.5
1684117976 129.42 56.89 2313.85 43805.8
1684117986 123.2 56.98 14514 43002.1
1684117996 129.87 56.9 2329.18 43457.6
1684118006 130.35 56.9 2315.95 43698.8
1684118016 130.61 56.9 2313.7 44050.5
1684118026 129.71 56.9 2311.46 44379.8
1684118036 130.1 56.9 2361.17 44407
1684118046 124.13 56.97 14118.7 43890.7
1684118056 130.02 56.89 2288.82 43432.1
1684118066 129.65 56.89 2291.43 43804
1684118076 130.13 56.89 2316.07 43619.2
1684118086 129.97 56.89 2315.95 43542.8
1684118096 129.96 56.89 2342.97 43404.2
1684118106 130.7 56.89 2338.58 44106.1
1684118116 127.28 56.98 16480 43332.4
1684118126 130.38 56.9 2322.88 43783.4
1684118136 130.57 56.9 2318.21 43857.8
1684118146 130.32 56.9 2326.14 44666.3
1684118156 130.41 56.9 2363.46 43128.9
1684118166 130.13 56.9 2313.7 43648.6
1684118176 121.46 56.97 15175.7 43437.9
1684118186 130.26 56.89 2315.95 44196.5
1684118196 129.84 56.97 2291.43 43108.4
1684118206 130.71 56.89 2313.7 44571.4
1684118216 130.42 56.89 2338.58 44060.6
1684118226 130.54 56.89 2365.76 44477
1684118236 130.7 56.89 2363.46 43654
1684118246 124.19 56.97 16194.4 43962.3
1684118256 130.22 56.89 2338.58 43393.6
1684118266 129.83 56.89 2316.07 43280.5
1684118276 130.28 56.89 2336.31 44099.4
1684118286 130.31 56.89 2338.58 43755.5
1684118296 130.45 56.89 2365.76 44327.2
1684118306 130.51 56.89 2370.85 43935.9
1684118316 127.6 56.97 16794.2 43650.2
1684118326 130.09 56.89 2343.14 43842.3
1684118336 130.16 56.89 2340.86 43788.7
1684118346 130.06 56.89 2365.76 43846.7
1684118356 130.64 56.89 2390.66 44377.8
1684118366 130.89 56.89 2388.34 44240.2
1684118376 124.88 56.97 15527.3 43362.1
1684118386 130.7 56.89 2338.58 43837.1
1684118396 130.32 56.89 2313.7 43770.7
1684118406 130.34 56.89 2315.95 44577
1684118416 130.45 56.89 2342.97 43304.1
1684118426 130.42 56.89 2338.58 44527.1
1684118436 130.13 56.89 2338.58 44071.9
1684118446 128.5 56.97 16898.4 44184.1
1684118456 129.55 56.89 2313.7 43292.5
1684118466 130.64 56.89 2340.86 43763
1684118476 130.12 56.89 2313.7 43694.1
1684118486 130.9 56.89 2363.46 44414.4
1684118496 130.42 56.89 2313.7 44099.1
1684118506 107.77 56.95 15095.5 30798.1

Execution duration: 00:33:33.33
