1684087921 116.54 56.88 3.15 31.5
1684087922 118.75 56.88 0 3.12
1684087923 118.75 56.88 0 0
1684087924 117.69 56.88 0 0
1684087925 117.73 56.96 0 0
1684087926 121.88 56.96 0 0
1684087927 120.31 56.88 0 0
1684087928 120.63 56.88 0 0
1684087929 118.6 56.88 0 0
1684087930 124.6 56.88 0 0
1684087931 119.69 56.88 0 0
1684087932 118.32 56.88 0 0
1684087933 122.05 56.88 0 0
1684087934 119.85 56.88 0 0
1684087935 118.75 56.88 0 0
1684087936 120 56.88 0 0
1684087937 123.02 56.88 0 0
1684087938 123.62 56.88 0 0
1684087939 84.5 56.96 1386.05 4471.32
1684087940 1.57 56.88 0 377.95

Execution duration: 00:00:22.22
