1684107869 100.76 56.96 0 0
1684107874 100.76 56.88 6.08 45.63
1684107879 100.38 56.88 0 0
1684107884 100.38 56.88 0 0
1684107889 100.19 56.88 0 0
1684107894 100.38 56.88 0 0
1684107899 100.57 56.88 0 0
1684107904 100.38 56.88 0 0
1684107909 100.38 56.88 0 0
1684107914 100.38 56.88 0 0
1684107919 100.38 56.88 0 111.03
1684107924 100.57 56.88 0 0
1684107929 100.38 56.88 0 0
1684107934 100.38 56.88 0 0
1684107939 100.38 56.88 0 0
1684107944 100 56.88 0 0
1684107949 100.76 56.88 0 0
1684107954 99.81 56.88 0 0
1684107959 100.57 56.88 0 0
1684107964 99.44 56.88 0 0
1684107969 100.38 56.88 0 0
1684107974 100.38 56.88 0 0
1684107979 100.19 56.88 0 0
1684107984 100 56.88 0 0
1684107989 100.57 56.88 0 0
1684107994 99.81 56.88 0 0
1684107999 100.38 56.88 0 0
1684108004 100.38 56.88 0 0
1684108009 100.76 56.88 0 0
1684108014 100.57 56.88 0 0
1684108019 100.38 56.88 0 0
1684108024 59.13 56.96 0 0.76

Execution duration: 00:02:42.42
