1684150318 100.38 56.91 0 0
1684150323 100.57 56.83 0 47.15
1684150328 100.19 56.83 0 0
1684150333 100.19 56.83 0 0
1684150338 100.38 56.83 0 0
1684150343 101.14 56.83 0 0
1684150348 100 56.83 0 0
1684150353 100.57 56.83 0 123.43
1684150358 100.57 56.83 0 0
1684150363 100 56.83 0 0
1684150368 100.38 56.83 0 0
1684150373 100.38 56.83 0 0
1684150378 100.38 56.83 0 0
1684150383 100 56.83 0 0
1684150388 100.38 56.83 0 0
1684150393 100.38 56.83 0 0
1684150398 100.19 56.83 0 0
1684150403 100.57 56.83 0 0
1684150408 100.38 56.83 0 0
1684150413 100.38 56.83 0 0
1684150418 100.19 56.83 0 0
1684150423 100.38 56.83 0 0
1684150428 100.19 56.83 0 0
1684150433 100.38 56.83 0 0
1684150438 100.19 56.83 0 0
1684150443 100.38 56.83 0 0
1684150448 100.38 56.83 0 0
1684150453 100.38 56.83 0 0
1684150458 100.57 56.83 0 0
1684150463 100.19 56.83 0 0
1684150468 100.19 56.83 0 0
1684150473 100.76 56.83 0 0
1684150478 100.19 56.83 0 0
1684150483 100.76 56.83 0 0
1684150488 99.63 56.83 0 0
1684150493 99.44 56.83 0 0
1684150498 100.38 56.83 0 0
1684150503 99.63 56.83 0 0
1684150508 100.38 56.83 0 0
1684150513 100.57 56.83 0 0
1684150518 101.33 56.83 0 0
1684150523 101.14 56.83 0 0
1684150528 99.62 56.83 0 0
1684150533 100.38 56.83 0 0
1684150538 100.38 56.83 0 0
1684150543 100.95 56.83 0 0
1684150548 99.81 56.83 0 0
1684150553 100 56.83 0 0
1684150558 101.14 56.83 0 0
1684150563 101.14 56.83 0 0
1684150568 101.33 56.83 0 0
1684150573 100.38 56.83 0 0
1684150578 100.57 56.83 0 0
1684150583 99.81 56.83 0 0
1684150588 100.57 56.83 0 0
1684150593 100.57 56.83 0 0
1684150598 100.38 56.83 0 0
1684150603 100.57 56.83 0 0
1684150608 100.38 56.83 0 0
1684150613 100.38 56.83 0 0
1684150618 100.57 56.83 0 0
1684150623 100 56.83 0 0
1684150628 100.19 56.83 0 0
1684150633 65.78 56.91 0 0.76

Execution duration: 00:05:22.22
