1684101210 131.77 56.99 2353.35 40170.3
1684101220 131.29 56.91 2339.36 44005.4
1684101230 131.19 56.91 2341.69 44011.7
1684101240 131.03 56.91 2341.25 44547.5
1684101250 130.74 56.91 2342.42 44506.6
1684101260 123.73 56.98 14363.8 44600
1684101270 130.55 56.98 2365.76 44310.1
1684101280 130.51 56.9 2363.85 44296.6
1684101290 130.64 56.9 2340.86 44734.2
1684101300 131.03 56.9 2366.15 44503.9
1684101310 130.74 56.9 2365.76 44955.2
1684101320 123.42 56.99 14345.6 44049.8
1684101330 130.99 56.99 2363.46 44049.4
1684101340 131.29 56.91 2338.97 44410.9
1684101350 130.15 56.91 2340.86 43500
1684101360 131.14 56.91 2391.05 45318.3
1684101370 130.35 56.91 2341.25 43469.7
1684101380 130.64 56.91 2367.63 43890.2
1684101390 127.31 56.98 16505.7 44187.8
1684101400 130.55 56.9 2340.86 43333.8
1684101410 130.87 56.9 2343.53 44516.1
1684101420 130.48 56.9 2368.06 43820.4
1684101430 130.94 56.9 2366.15 45170.8
1684101440 130.74 56.9 2391.05 43970.4
1684101450 130.1 56.9 2336.31 43642.3
1684101460 129.26 56.98 17279.3 43568.8
1684101470 130.58 56.9 2368.06 43659.6
1684101480 130.51 56.9 2340.52 44295
1684101490 130 56.9 2338.46 43222.3
1684101500 130.44 56.9 2368.02 44062.4
1684101510 129.71 56.9 2361.17 43617.5
1684101520 123.83 56.98 16027.6 43946.3
1684101530 130.97 56.98 2368.06 44663.7
1684101540 130.7 56.9 2363.85 44454
1684101550 130.71 56.9 2363.85 43912.9
1684101560 131.13 56.9 2391.05 45079.8
1684101570 131.23 56.9 2366.15 44488.3
1684101580 131.14 56.9 2335.98 44507.5
1684101590 125.39 56.98 16702.7 44394.2
1684101600 130.33 56.98 2338.97 43584.8
1684101610 130.39 56.9 2338.46 44676.5
1684101620 130.33 56.9 2363.85 44423.3
1684101630 130.41 56.9 2393 43903.6
1684101640 130.94 56.98 2366.15 44526.8
1684101650 130.64 56.9 2366.15 44688.7
1684101660 127.79 56.98 17097.4 43879.5
1684101670 130.99 56.9 2365.4 43854.6
1684101680 130.84 56.9 2340.86 44238.9
1684101690 130.45 56.9 2366.15 44128
1684101700 131.1 56.9 2363.46 44731.6
1684101710 130.94 56.9 2341.25 43675.5
1684101720 128.3 56.98 15442.8 44101.6
1684101730 130.9 56.9 2342.08 43846.4
1684101740 131.16 56.9 2336.31 43897.9
1684101750 130.48 56.9 2336.7 43373.2
1684101760 130.89 56.9 2363.85 44214.2
1684101770 131.19 56.9 2363.46 43703.8
1684101780 122.16 56.98 15338.8 44078.5
1684101790 131.33 56.98 2415.56 43982.1
1684101800 130.03 56.9 2289.21 43048.4
1684101810 131.15 56.9 2313.85 45947.3
1684101820 130.61 56.9 2314.09 43836.3
1684101830 131.25 56.9 2313.85 43871.9
1684101840 131.84 56.9 2336.7 43862.9
1684101850 126.07 56.98 16001.2 43820.6
1684101860 130.93 56.98 2316.34 43779
1684101870 130.13 56.9 2316.07 43462.2
1684101880 130.7 56.9 2338.97 44235.6
1684101890 130.1 56.9 2338.46 43334.2
1684101900 131.13 56.9 2366.15 44819.8
1684101910 131.71 56.9 2365.76 45086.4
1684101920 128.96 56.98 17057 44258.5
1684101930 131.48 56.9 2363.85 43973.2
1684101940 131.38 56.9 2289.21 43353.6
1684101950 130.58 56.9 2338.84 43368.8
1684101960 130.99 56.9 2363.46 44256.9
1684101970 130.87 56.9 2336.7 44122.3
1684101980 129.94 56.9 2340.71 43245.4
1684101990 129.74 56.98 17816.5 44117
1684102000 131.29 56.9 2341.69 44258.5
1684102010 129.74 56.9 2338.97 43721.3
1684102020 131.39 56.9 2363.46 44432.3
1684102030 130.28 56.9 2336.7 43576.7
1684102040 131.77 56.9 2363.46 44262.8
1684102050 125.55 56.98 15843.3 42749.5
1684102060 130.84 56.98 2340.86 43990.7
1684102070 130.38 56.9 2343.53 44792.6
1684102080 130.84 56.9 2365.76 44804.7
1684102090 130 56.9 2329.92 43780.8
1684102100 130.52 56.9 2363.85 45377.3
1684102110 130.83 56.9 2341.25 44281.7
1684102120 127.94 56.98 16877.1 45240.1
1684102130 130.13 56.9 2338.58 43525.8
1684102140 130.07 56.9 2334.43 44645.6
1684102150 130.94 56.9 2365.76 44659.9
1684102160 130.25 56.9 2341.25 43484.1
1684102170 131.13 56.9 2365.76 45118.3
1684102180 126.19 56.98 15493.3 43524.8
1684102190 131.27 56.9 2320.69 44194.8
1684102200 131.46 56.9 2336.7 44397.7
1684102210 130.84 56.9 2365.76 43942
1684102220 130.32 56.9 2338.97 44042
1684102230 130.41 56.9 2340.71 46396.5
1684102240 125 56.98 14884 44361.1
1684102250 131.04 56.98 2365.76 44422.2
1684102260 130.78 56.9 2336.7 44518.8
1684102270 131.19 56.9 2338.97 45200.4
1684102280 130.55 56.9 2365.76 44460.7
1684102290 130.7 56.9 2374.73 44548.5
1684102300 125.12 56.98 14648.9 44151.1
1684102310 131.13 56.98 2341.25 43954.1
1684102320 130.36 56.9 2340.86 43919.5
1684102330 130.64 56.9 2366.15 44677.4
1684102340 130.64 56.9 2390.66 44300.4
1684102350 130.18 56.9 2343.53 44110.6
1684102360 123.04 56.98 14421.8 44299.7
1684102370 130.42 56.98 2363.85 43833.6
1684102380 130.67 56.9 2318.21 43859.8
1684102390 129.82 56.9 2363.46 43460
1684102400 130.71 56.9 2363.46 44860.2
1684102410 129.91 56.9 2343.46 43503.5
1684102420 132.07 56.9 2350.24 43853.4
1684102430 127.53 56.98 16192.1 43451.8
1684102440 130.13 56.9 2340.71 44577.9
1684102450 130.19 56.9 2336.7 43810.5
1684102460 130.35 56.9 2340.86 43846.3
1684102470 129.8 56.9 2338.84 43693.8
1684102480 131.06 56.9 2336.31 44231.8
1684102490 124.42 56.98 15509.7 43437.1
1684102500 130.61 56.98 2363.46 43989.9
1684102510 130.54 56.9 2341.25 44107.8
1684102520 131.06 56.9 2368.06 44564.8
1684102530 130.42 56.9 2363.85 43862.8
1684102540 130.32 56.9 2363.46 44322.6
1684102550 130.84 56.9 2369.26 44222.6
1684102560 129.26 56.98 17063.5 44007.4
1684102570 130.54 56.9 2391.05 43312.4
1684102580 130.36 56.9 2391.05 44887.6
1684102590 130.8 56.9 2388.34 44498.3
1684102600 130.64 56.9 2341.25 44729.2
1684102610 130.51 56.9 2363.46 44178
1684102620 122.95 56.98 15760.5 43935.2
1684102630 130.51 56.98 2338.58 45028.2
1684102640 130.16 56.9 2341.25 44158.4
1684102650 130.84 56.9 2340.86 44708.9
1684102660 130.47 56.9 2343.53 43603.1
1684102670 130.87 56.9 2386.02 44335.9
1684102680 130.06 56.9 2341.25 43775.1
1684102690 129.54 56.98 16371.6 43939.4
1684102700 130.15 56.9 2344.36 44251
1684102710 130.18 56.9 2318.21 44357.9
1684102720 130.03 56.9 2341.09 44284.1
1684102730 130.03 56.9 2363.85 43491.2
1684102740 121.87 56.98 13551.8 44569.9
1684102750 130.87 56.98 2343.53 43904.2
1684102760 130.45 56.9 2315.95 44098.8
1684102770 132 56.9 2341.25 43903.1
1684102780 130.94 56.9 2365.76 44637
1684102790 130.32 56.9 2363.85 44859.9
1684102800 130.9 56.9 2363.46 44705.2
1684102810 126.32 56.98 16127.4 43949.1
1684102820 130.51 56.9 2363.46 44473.5
1684102830 130.96 56.9 2393.38 44632.5
1684102840 130.94 56.9 2365.76 44393.4
1684102850 130.24 56.9 2350.15 45625.1
1684102860 129.7 56.9 2348.32 43303
1684102870 121.67 56.96 15039.5 44422.6
1684102880 130.35 56.98 17444.8 44118.7
1684102890 130.64 56.9 2340.86 44164.2
1684102900 130.26 56.9 2341.25 44458
1684102910 130.93 56.9 2390.66 44431.9
1684102920 130.71 56.9 2363.85 44930.6
1684102930 131.42 56.9 2365.76 44528.4
1684102940 123.98 56.98 16015 43839.7
1684102950 131 56.98 2375.9 45064.3
1684102960 131.19 56.9 2338.97 43768.3
1684102970 130.64 56.9 2340.86 44756
1684102980 130.99 56.9 2363.85 44849
1684102990 130.71 56.9 2363.46 43977.8
1684103000 130.74 56.9 2366.15 44640.9
1684103010 127.72 56.98 16860.3 43366.2
1684103020 130.33 56.9 2341.09 45750.9
1684103030 130.03 56.9 2338.97 44046.3
1684103040 130.04 56.9 2368.43 45969.6
1684103050 130.52 56.9 2381.79 44308.5
1684103060 131.04 56.9 2365.76 44868.5
1684103070 125.68 56.98 15546.3 44496.5
1684103080 130.65 56.98 2365.76 44210.1
1684103090 130.89 56.9 2338.97 44509.2
1684103100 130.35 56.9 2340.86 44154.9
1684103110 129.52 56.9 2338.84 45098.8
1684103120 130.04 56.9 2325.02 44218.4
1684103130 130.22 56.9 2363.85 44094.5
1684103140 129.67 56.98 17147.5 44585.2
1684103150 130.37 56.9 2368.45 43673.6
1684103160 130.62 56.9 2363.46 44164
1684103170 130.71 56.9 2363.85 44237.9
1684103180 130.45 56.9 2366.15 44702.3
1684103190 130.64 56.9 2340.86 43895.7
1684103200 89.13 56.96 15015.2 24205.6

Execution duration: 00:33:22.22
