1684110246 116.15 56.96 3.08 276.92
1684110247 118.46 56.96 0 27.69
1684110248 122.83 56.88 0 3.15
1684110249 121.54 56.88 0 0
1684110250 116.41 56.88 0 0
1684110251 121.09 56.88 0 0
1684110252 121.09 56.88 0 0
1684110253 116.3 56.88 0 0
1684110254 113.99 56.88 0 0
1684110255 123.08 56.88 0 0
1684110256 126.19 56.88 0 0
1684110257 123.08 56.88 0 0
1684110258 117.97 56.88 0 0
1684110259 117.93 56.88 0 0
1684110260 122.4 56.88 0 0
1684110261 123.31 56.88 0 0
1684110262 125.38 56.88 0 0
1684110263 119.53 56.88 0 0
1684110264 122.66 56.88 0 0
1684110265 120.93 56.88 837.21 598.45
1684110266 58.46 56.96 1492.31 4461.54

Execution duration: 00:00:24.24
