1684132686 131.04 56.94 2324.34 41391.7
1684132696 130.81 56.86 2364.24 45998.1
1684132706 130.7 56.86 2316.81 45371.4
1684132716 130.93 56.86 2344.36 45494.2
1684132726 131.19 56.86 2338.58 46536.8
1684132736 123.47 56.94 14150 45431.9
1684132746 131.33 56.94 2341.25 46629.2
1684132756 130.48 56.86 2336.7 45415.5
1684132766 130.96 56.86 2318.21 46226.3
1684132776 131.32 56.86 2341.25 45880.5
1684132786 130.41 56.86 2340.13 45587.2
1684132796 122.74 56.94 14098.4 45961.9
1684132806 130.31 56.94 2288.82 45236.5
1684132816 130.8 56.86 2316.45 45341.3
1684132826 130.64 56.86 2340.86 45834.6
1684132836 130.9 56.86 2363.85 46139.2
1684132846 130.55 56.86 2342.42 46584.4
1684132856 130.31 56.86 2363.85 45603.1
1684132866 126.17 56.94 16171.6 46169.7
1684132876 130.15 56.94 2325.41 45144
1684132886 130.26 56.86 2341.25 44926.1
1684132896 131.1 56.86 2338.58 45415
1684132906 130.22 56.86 2338.97 44945.4
1684132916 130.65 56.86 2315.95 46663
1684132926 130.2 56.86 2314.23 45451.9
1684132936 128.08 56.94 16947.7 45846.8
1684132946 130.61 56.94 2338.97 45821.6
1684132956 130.48 56.86 2315.39 45253.5
1684132966 130.48 56.86 2318.6 45773.7
1684132976 131.56 56.86 2361.17 46089.3
1684132986 130.59 56.86 2336.7 45278.1
1684132996 130.94 56.86 2327.63 45593.4
1684133006 129.95 56.94 17712.8 45236.1
1684133016 131.07 56.86 2336.31 45316.1
1684133026 130.12 56.86 2314.09 45508.3
1684133036 131.49 56.86 2363.46 46221.6
1684133046 130.22 56.86 2338.97 45664.1
1684133056 130.13 56.86 2340.52 45516
1684133066 123.71 56.94 15989.9 45672.7
1684133076 130.09 56.94 2311.85 45230.7
1684133086 131.07 56.86 2336.31 45319.2
1684133096 131.23 56.86 2344.36 46053.7
1684133106 130.87 56.86 2343.14 45799.4
1684133116 131.24 56.86 2334.43 45260.5
1684133126 130.03 56.86 2338.58 45338.8
1684133136 124.88 56.94 16225.5 45725.6
1684133146 130.94 56.94 2287.48 45190.7
1684133156 130.74 56.86 2316.34 44762.7
1684133166 130.25 56.86 2340.86 45304.7
1684133176 130.65 56.86 2363.43 46333.5
1684133186 130.45 56.86 2340.86 45635.4
1684133196 124.76 56.94 14372.4 45365.1
1684133206 130.02 56.94 2313.7 45283.6
1684133216 130.98 56.86 2361.56 45394.2
1684133226 130.88 56.86 2311.85 44879.6
1684133236 130.48 56.86 2345.23 45185
1684133246 130.33 56.86 2338.97 46232.5
1684133256 130.61 56.94 2371.23 46226.6
1684133266 126.36 56.94 16430.6 45794.6
1684133276 130.24 56.94 2325.02 45101.4
1684133286 130.97 56.86 2336.7 45944.1
1684133296 130.69 56.86 2336.7 46296.7
1684133306 130.7 56.86 2363.85 46197.9
1684133316 130.6 56.86 2342.08 45947.1
1684133326 122.18 56.92 14897.7 46509.3
1684133336 130.68 56.94 17205.4 45170.5
1684133346 130.22 56.86 2288.82 44817.9
1684133356 130.31 56.86 2341.09 44879.3
1684133366 131.58 56.86 2363.46 45661.4
1684133376 130.61 56.86 2338.97 45732.2
1684133386 131.29 56.86 2341.69 45245.9
1684133396 125.14 56.94 15918.8 44794.2
1684133406 130.06 56.94 2318.3 45299
1684133416 131.68 56.86 2314.09 44642.9
1684133426 130.88 56.86 2336.31 45179.8
1684133436 130.54 56.86 2341.25 45498.4
1684133446 130.49 56.86 2336.31 45370.9
1684133456 131.33 56.86 2327.66 45373.7
1684133466 126.14 56.94 16698.2 45614
1684133476 130.12 56.94 2338.97 45664.1
1684133486 131 56.86 2338.97 45446.8
1684133496 130.77 56.86 2311.46 45623.3
1684133506 129.42 56.86 2314.23 44753.1
1684133516 130.13 56.86 2316.07 45523
1684133526 130.32 56.86 2363.85 45734.9
1684133536 129.74 56.94 17060.5 46037.7
1684133546 131.1 56.94 2338.97 45055.8
1684133556 131.07 56.86 2316.12 45414.4
1684133566 131.17 56.86 2361.56 45466.8
1684133576 131.23 56.86 2365.76 46438.1
1684133586 131.07 56.86 2336.7 45485.8
1684133596 124.19 56.94 15831.7 46591.2
1684133606 132.01 56.94 2341.25 45605.4
1684133616 130.32 56.86 2338.58 45054.6
1684133626 130.87 56.86 2354.7 45364.6
1684133636 131 56.86 2363.46 45781.2
1684133646 130.9 56.86 2363.85 45305
1684133656 122.47 56.92 14261.1 46126.1
1684133666 130.23 56.94 16582.3 45301.8
1684133676 131.13 56.86 2316.34 45404.3
1684133686 131.13 56.86 2315.95 45935.4
1684133696 130.84 56.86 2341.25 45685.6
1684133706 130.59 56.86 2311.46 45111.8
1684133716 130.42 56.86 2338.97 44929.1
1684133726 127.59 56.94 15721.2 43874.2
1684133736 130.39 56.94 2314.23 43885
1684133746 130.93 56.86 2315.95 45701.6
1684133756 130.62 56.86 2342.08 46038.1
1684133766 131.38 56.86 2341.69 45779.2
1684133776 130.81 56.86 2314.09 45505.5
1684133786 126.9 56.94 15347 44872.9
1684133796 130.9 56.94 2314.09 45019.6
1684133806 131.07 56.86 2336.31 45854
1684133816 130.7 56.86 2338.97 45036.3
1684133826 130.32 56.86 2314.09 45111.8
1684133836 131.33 56.86 2366.15 45989.9
1684133846 125.46 56.94 15118.7 45970.5
1684133856 130.84 56.94 2340.86 45659.5
1684133866 130.44 56.86 2341.25 45901.9
1684133876 130.94 56.86 2344.75 45300
1684133886 131.43 56.86 2340.64 45480.5
1684133896 131.56 56.86 2342.14 45386.8
1684133906 122.55 56.94 14732.8 44801.9
1684133916 130.94 56.94 2334.04 45414.9
1684133926 130.64 56.86 2341.25 44781.3
1684133936 130.74 56.86 2315.95 45972
1684133946 131.19 56.86 2314.09 45480.3
1684133956 131.1 56.86 2338.58 45846.8
1684133966 130.97 56.86 2311.85 45078.4
1684133976 127.48 56.94 16171.3 45706.8
1684133986 130.42 56.94 2314.09 45400.2
1684133996 130.13 56.86 2316.07 44786.1
1684134006 130.8 56.86 2363.85 45868.2
1684134016 130.8 56.86 2340.52 45355.5
1684134026 130.1 56.86 2338.46 44446.5
1684134036 122.94 56.94 15196.5 45123.4
1684134046 130.51 56.94 2338.58 44874.2
1684134056 130.94 56.86 2341.25 44894.2
1684134066 130.31 56.86 2313.7 45437.5
1684134076 130.94 56.86 2316.34 44932.7
1684134086 130.87 56.86 2311.46 45704.5
1684134096 131.58 56.86 2338.97 45837.5
1684134106 123.98 56.94 16016.3 45401.2
1684134116 130.77 56.94 2293.67 44857.2
1684134126 130.8 56.86 2288.82 45463.6
1684134136 130.65 56.86 2316.34 45507
1684134146 130.14 56.86 2325.02 45582.2
1684134156 130.9 56.86 2338.97 45180.2
1684134166 130.61 56.86 2316.81 45687.8
1684134176 130.35 56.94 16288.3 46256.4
1684134186 131.29 56.94 2314.09 45711.6
1684134196 130.51 56.86 2313.7 45240
1684134206 130.65 56.86 2352.42 46446.8
1684134216 131 56.86 2313.7 46031.5
1684134226 130.1 56.86 2311.85 45324.3
1684134236 128.97 56.94 15559.2 43506.8
1684134246 130.15 56.94 2316.34 45381.3
1684134256 130.45 56.86 2315.95 45312.4
1684134266 130.1 56.86 2338.84 43356.2
1684134276 130.93 56.86 2315.95 46093
1684134286 130.78 56.86 2361.56 45528.9
1684134296 126.02 56.94 15828.7 46294.8
1684134306 130.35 56.94 2341.25 44938.1
1684134316 130.39 56.86 2361.17 45757.7
1684134326 131.16 56.86 2370.01 46215.8
1684134336 131.07 56.86 2361.17 45952.6
1684134346 130.62 56.86 2363.85 45595.7
1684134356 130.91 56.86 2338.97 45741.1
1684134366 128.96 56.94 17029.3 45556.5
1684134376 130.48 56.94 2343.53 45512.8
1684134386 130.22 56.86 2316.07 43677.8
1684134396 130.35 56.86 2316.34 45293
1684134406 129.8 56.86 2345.23 44346
1684134416 131 56.86 2363.85 46122.8
1684134426 122.72 56.94 15567 45287.4
1684134436 130.73 56.93 2316.34 45114.4
1684134446 131.16 56.85 2336.31 45418.6
1684134456 130.49 56.85 2311.85 46098.6
1684134466 130.28 56.85 2336.31 45703.7
1684134476 131.07 56.93 2361.56 45901.8
1684134486 130.59 56.93 2336.31 45294.4
1684134496 126.17 56.93 16203.9 45206.6
1684134506 130.94 56.93 2343.97 45242.8
1684134516 131.19 56.85 2363.85 45861.2
1684134526 131.62 56.85 2359.26 46164.1
1684134536 130.58 56.85 2361.56 45421
1684134546 130.68 56.85 2361.56 45137.9
1684134556 122.91 56.93 14816.3 46157.3
1684134566 131.29 56.93 2338.97 45822
1684134576 130.64 56.85 2315.95 45439.3
1684134586 130.23 56.85 2314.09 45442.9
1684134596 130.39 56.85 2361.17 45297.1
1684134606 130.59 56.85 2311.85 46299.4
1684134616 130.39 56.85 2329.53 45705.3
1684134626 126.36 56.93 16176.6 45021
1684134636 129.72 56.93 2338.46 42621.9
1684134646 130.61 56.85 2363.85 45422.3
1684134656 131.19 56.85 2363.46 46477
1684134666 130.41 56.85 2338.97 45582.5
1684134676 130.58 56.85 2361.17 45958.1
1684134686 120.4 56.91 14698.5 43097.8
1684134696 26.05 56.91 472.3 2144.61

Execution duration: 00:33:36.36
