1684098713 130.9 56.99 2354.52 41134.3
1684098723 131.3 56.91 2364.24 46418.7
1684098733 130.06 56.91 2319.06 42359.1
1684098743 130.12 56.91 2319.53 44647.2
1684098753 129.65 56.91 2319.15 45733.2
1684098763 123.91 56.98 14300.1 44417.9
1684098773 130.32 56.98 2341.09 45971.9
1684098783 130.7 56.9 2363.85 43921.5
1684098793 131 56.9 2363.46 46107.3
1684098803 130.96 56.9 2343.53 46061.2
1684098813 130.44 56.9 2342.42 43647.5
1684098823 123.23 56.98 14221.2 44491.7
1684098833 129.64 56.98 2340.71 44589
1684098843 131.1 56.9 2363.85 46123.6
1684098853 130.89 56.9 2313.7 45940.1
1684098863 130.8 56.9 2338.97 44962.5
1684098873 130.52 56.9 2340.52 44115.8
1684098883 131.32 56.9 2365.76 46061.5
1684098893 125.85 56.98 16353.7 43781.2
1684098903 131.13 56.98 2365.76 43993.8
1684098913 131.03 56.9 2341.25 44895.7
1684098923 130.52 56.9 2338.58 45813.8
1684098933 130.02 56.9 2363.85 44293.5
1684098943 131.32 56.9 2365.76 44495.3
1684098953 130.13 56.9 2341.09 46170.9
1684098963 129.64 56.98 17324 45508.7
1684098973 130.52 56.98 2338.97 43671.9
1684098983 130.81 56.9 2344.8 45989.5
1684098993 129.44 56.9 2323.17 44521.2
1684099003 130.8 56.9 2363.46 46474.2
1684099013 130.35 56.9 2366.15 45494.2
1684099023 122.57 56.98 15825.3 43836.6
1684099033 130.61 56.98 2338.58 45556.5
1684099043 130.25 56.9 2316.34 44179
1684099053 130.39 56.9 2361.17 44308
1684099063 130.41 56.9 2363.85 43673.1
1684099073 130.54 56.9 2365.76 44824.9
1684099083 130.81 56.9 2365.4 46131.4
1684099093 123.77 56.98 16293 44810.4
1684099103 130.87 56.98 2368.45 43987.2
1684099113 131.03 56.9 2340.86 45444.8
1684099123 130.13 56.9 2338.97 43671.5
1684099133 130.74 56.9 2365.76 45049.8
1684099143 130.93 56.9 2366.15 44768.9
1684099153 130.8 56.9 2363.46 44590.1
1684099163 127.14 56.98 16739.3 43477
1684099173 130.51 56.98 2338.97 44105
1684099183 130.51 56.9 2289.21 43893.9
1684099193 129.94 56.9 2341.09 45653.1
1684099203 131.23 56.9 2390.66 46933.5
1684099213 130.45 56.9 2341.25 43233.5
1684099223 126.53 56.98 15053.1 44367.3
1684099233 131.19 56.98 2338.97 44467.6
1684099243 131.56 56.9 2336.31 46908
1684099253 130.06 56.9 2341.25 43829.2
1684099263 130.26 56.9 2340.86 44372.4
1684099273 130.54 56.9 2366.15 44410.5
1684099283 129.54 56.9 2340.71 45638.1
1684099293 129.74 56.98 17274.6 46331.2
1684099303 130.45 56.9 2315.95 45994.9
1684099313 130.16 56.9 2316.34 44510.1
1684099323 131.04 56.9 2340.86 45171.6
1684099333 130.9 56.9 2363.85 44859.9
1684099343 131.23 56.9 2366.15 45396.9
1684099353 124.88 56.99 15803.7 44705.2
1684099363 131.04 56.99 2366.15 45751.8
1684099373 131 56.91 2338.58 46352.6
1684099383 130.23 56.91 2314.09 44083.2
1684099393 130.33 56.99 2340.71 45590
1684099403 131.1 56.91 2363.85 46238.3
1684099413 129.93 56.91 2340.13 44075
1684099423 128.34 56.98 16912.6 46130.1
1684099433 130.41 56.98 2338.58 46201
1684099443 131 56.9 2338.97 46351.4
1684099453 130.74 56.9 2365.76 44123.3
1684099463 130.74 56.9 2391.05 44201.2
1684099473 130.64 56.9 2340.86 44754.5
1684099483 129.93 56.9 2341.09 45303.2
1684099493 129.67 56.98 17787.2 46296.9
1684099503 130.31 56.9 2338.97 44114.7
1684099513 129.9 56.9 2311.85 44493.6
1684099523 130.42 56.9 2365.35 45317
1684099533 130.84 56.9 2366.15 45462.3
1684099543 130.77 56.9 2368.06 44379.4
1684099553 125.66 56.98 15868.2 46748.3
1684099563 130.9 56.98 2338.58 46361.5
1684099573 130.71 56.9 2343.63 44273.7
1684099583 130.84 56.9 2365.76 44869.7
1684099593 131.35 56.9 2393.38 46285.1
1684099603 130.71 56.98 2338.58 45280.5
1684099613 130.64 56.9 2366.15 44707.8
1684099623 128.41 56.98 17042.4 44651.4
1684099633 130.7 56.9 2388.73 45757.4
1684099643 130.13 56.9 2338.58 44003.1
1684099653 130.32 56.9 2338.97 44810.9
1684099663 130.61 56.9 2341.09 45011.4
1684099673 130.42 56.9 2344.8 45563.8
1684099683 125.98 56.98 15412.9 45163.4
1684099693 130.38 56.98 2336.31 44848.9
1684099703 130.45 56.9 2341.25 44233.1
1684099713 130.67 56.9 2361.17 45545.2
1684099723 130.35 56.9 2341.25 44042.4
1684099733 131.06 56.9 2368.06 46070.1
1684099743 125.07 56.99 14944.2 43935.9
1684099753 130.64 56.99 2340.86 44235.8
1684099763 130.77 56.91 2343.53 44403.5
1684099773 130.62 56.91 2366.57 45064.3
1684099783 130.55 56.91 2341.25 44489.5
1684099793 130.13 56.91 2340.71 45037.2
1684099803 124.6 56.98 14659.9 45618.3
1684099813 130.34 56.98 2341.25 43973.2
1684099823 130.9 56.9 2363.46 44197.5
1684099833 131.58 56.9 2363.85 46013.6
1684099843 130.54 56.9 2365.76 45621.4
1684099853 130.9 56.9 2388.73 46118.6
1684099863 122.98 56.98 14449.9 44674.2
1684099873 131.13 56.98 2366.15 45435.8
1684099883 130.45 56.9 2340.86 44761.1
1684099893 130.94 56.9 2369.26 46218.3
1684099903 130.71 56.9 2338.58 45881.4
1684099913 130.05 56.9 2351.31 46209.1
1684099923 132.98 56.9 2377.43 46114.8
1684099933 128.21 56.98 16414.8 44335
1684099943 130.9 56.9 2363.46 46174.2
1684099953 130.45 56.9 2341.25 46532.3
1684099963 130.74 56.9 2341.25 46590.3
1684099973 131.35 56.9 2393.38 44989.3
1684099983 130.51 56.9 2388.73 46541.1
1684099993 125.78 56.98 15779 46158.4
1684100003 130.45 56.98 2366.15 44938.1
1684100013 130.51 56.9 2338.97 45739.9
1684100023 130.58 56.9 2361.56 45859.4
1684100033 130.51 56.9 2363.46 45914.1
1684100043 130.61 56.9 2363.85 45727.5
1684100053 130.52 56.9 2331.78 45262.4
1684100063 130.03 56.98 17186.8 45899.3
1684100073 130.32 56.9 2363.46 45397.1
1684100083 130.38 56.9 2343.53 45357
1684100093 131.49 56.9 2363.46 46333.9
1684100103 131 56.9 2338.97 45993.8
1684100113 130.35 56.9 2340.86 46118.7
1684100123 123.06 56.99 15873.5 45908.9
1684100133 129.55 56.99 2316.07 45678.5
1684100143 130.83 56.91 2316.34 46066.2
1684100153 130.71 56.91 2313.7 45276.2
1684100163 130.42 56.91 2314.09 45556.8
1684100173 130.64 56.91 2347.47 46636.6
1684100183 130.26 56.91 2316.34 45875.9
1684100193 128.67 56.98 16165.2 45389.4
1684100203 130.35 56.9 2315.95 45712.8
1684100213 130.04 56.9 2316.45 45812.1
1684100223 130.74 56.9 2365.76 46588.7
1684100233 130.84 56.9 2341.25 45728.8
1684100243 121.71 56.96 13522.5 46146.4
1684100253 129.84 56.98 15860.1 46184.3
1684100263 129.91 56.9 2338.46 44766.5
1684100273 130.84 56.9 2341.25 45851
1684100283 130.8 56.9 2363.46 46513.9
1684100293 130.96 56.9 2368.45 45903.8
1684100303 130.53 56.9 2349.76 45978
1684100313 126.53 56.98 16068.4 45661.8
1684100323 130.03 56.98 2340.71 45196.9
1684100333 130.84 56.9 2344.36 45948.2
1684100343 130.6 56.9 2365.73 45693.2
1684100353 130.25 56.9 2365.76 45783.3
1684100363 130.03 56.9 2365.73 46001.2
1684100373 130.36 56.9 2328.4 45966.5
1684100383 129.53 56.98 17194.2 45705
1684100393 130.06 56.9 2365.76 46192.2
1684100403 130.25 56.9 2316.34 45748.2
1684100413 129.74 56.9 2340.71 45673.9
1684100423 130.13 56.9 2363.85 46295.4
1684100433 130.71 56.9 2363.46 46858.7
1684100443 124.88 56.98 16080.1 46176.5
1684100453 130.71 56.98 2338.58 46042
1684100463 129.89 56.9 2296.24 45364.3
1684100473 129.93 56.9 2340.71 45753.2
1684100483 130.84 56.9 2391.05 46987.6
1684100493 130.32 56.9 2338.97 45161.9
1684100503 129.89 56.9 2345.23 44755.3
1684100513 128.21 56.98 16814 46449.8
1684100523 130.16 56.98 2340.86 45504.7
1684100533 130.78 56.9 2361.56 45652.4
1684100543 130.45 56.9 2365.76 45202.3
1684100553 130.36 56.9 2366.15 46400
1684100563 130.41 56.9 2363.46 45653.3
1684100573 125.91 56.98 15467 46010.4
1684100583 130.31 56.98 2338.58 45360.5
1684100593 130.68 56.9 2361.56 46322.3
1684100603 130.94 56.9 2365.76 46430
1684100613 130.55 56.9 2341.25 46436.2
1684100623 131.36 56.9 2368.06 46185
1684100633 130.39 56.9 2336.7 45965.4
1684100643 129.26 56.98 17056.6 46446.7
1684100653 130.7 56.9 2338.58 45810.3
1684100663 130.22 56.9 2363.85 46061
1684100673 130.31 56.9 2338.58 45641.2
1684100683 129.99 56.9 2370.3 45762.8
1684100693 130.67 56.9 2343.14 46593.2
1684100703 94.9 56.96 15051 27019.8

Execution duration: 00:33:22.22
