1684080891 104.74 56.96 0 0
1684080896 105.13 56.96 6.08 47.91
1684080901 105.31 56.96 0 0
1684080906 104.73 56.96 0 0
1684080911 104.93 56.96 0 0
1684080916 104.93 56.96 0 0
1684080921 103.96 56.96 0 0
1684080926 104.93 56.96 0 0
1684080931 104.93 56.96 0 0
1684080936 105.31 56.96 0 0
1684080941 104.74 56.96 0 110.82
1684080946 102.59 56.96 0 0
1684080951 104.73 56.96 0 0
1684080956 104.92 56.96 0 0
1684080961 105.88 56.96 0 0
1684080966 104.54 56.96 0 0
1684080971 105.12 56.96 0 0
1684080976 104.92 56.96 0 0
1684080981 104.93 56.96 0 0
1684080986 104.93 56.96 0 0
1684080991 105.31 56.96 0 0
1684080996 102.98 56.96 0 0
1684081001 104.74 56.96 0 0
1684081006 104.93 56.96 0 0
1684081011 104.73 56.96 0 0
1684081016 104.92 56.96 0 0
1684081021 104.93 56.96 0 0
1684081026 105.31 56.96 0 0
1684081031 104.93 56.96 0 0
1684081036 104.74 56.96 0 0
1684081041 105.7 56.96 0 0
1684081046 106.07 56.96 0 0
1684081051 106.25 56.96 0 0
1684081056 105.5 56.96 0 0
1684081061 104.93 56.96 0 0
1684081066 104.93 56.96 0 0
1684081071 106.08 56.96 0 0
1684081076 90.41 56.96 0 0

Execution duration: 00:03:13.13
