1684092113 130.9 56.99 2351.8 40956.3
1684092123 130.81 56.91 2364.24 44137.6
1684092133 131.06 56.91 2347.18 44043.1
1684092143 130.99 56.91 2317.2 44688.8
1684092153 130.32 56.91 2341.69 43759
1684092163 123.74 56.98 14338.9 44154.9
1684092173 131.68 56.98 2351.02 44654.2
1684092183 129.81 56.9 2338.25 42963.5
1684092193 130.39 56.9 2336.31 44166.2
1684092203 130.71 56.9 2338.97 44155.5
1684092213 129.67 56.9 2318.3 43331.8
1684092223 122.45 56.98 14099.4 43355.3
1684092233 130.99 56.98 2338.58 43954.5
1684092243 131.1 56.9 2340.52 44551.6
1684092253 130.01 56.9 2336.7 43459
1684092263 131.03 56.9 2365.76 44511.7
1684092273 130.94 56.9 2366.15 44393.4
1684092283 130.45 56.9 2340.86 43990.3
1684092293 126.73 56.98 16330.4 44011.3
1684092303 130.39 56.98 2336.31 44057.9
1684092313 130.52 56.9 2365.4 44255
1684092323 130.61 56.9 2313.7 44382.9
1684092333 130.91 56.9 2356.98 43741.9
1684092343 130.53 56.9 2356.59 44467.8
1684092353 131 56.9 2338.97 44271.3
1684092363 128.97 56.98 17172.9 44018.6
1684092373 130.71 56.9 2338.97 44364.2
1684092383 130.94 56.9 2340.86 44505.8
1684092393 130.26 56.9 2359.26 44318.1
1684092403 130.78 56.9 2361.17 44453.2
1684092413 130.84 56.9 2366.15 44726.1
1684092423 122.42 56.98 15707 43579.2
1684092433 130.61 56.98 2363.46 44374.7
1684092443 130.71 56.9 2363.85 43722.8
1684092453 130.09 56.9 2337.86 43937.9
1684092463 131.09 56.9 2363.85 44647.6
1684092473 130.52 56.9 2338.58 43163.1
1684092483 130.25 56.9 2366.15 44438.5
1684092493 124.49 56.98 16462.6 43579
1684092503 130.9 56.98 2363.85 44542.7
1684092513 130.89 56.9 2363.46 43698.3
1684092523 130.67 56.9 2338.25 44977.1
1684092533 130.44 56.9 2342.97 44156.4
1684092543 130.9 56.9 2363.85 44077.8
1684092553 130.1 56.9 2361.17 43930.5
1684092563 126.64 56.98 16774.3 43857.3
1684092573 129.84 56.98 2316.45 43888.3
1684092583 129.9 56.9 2311.46 43341
1684092593 130.31 56.9 2363.85 44721.5
1684092603 130.32 56.9 2363.46 43949.5
1684092613 130.91 56.9 2338.97 43944
1684092623 126.63 56.98 15130.8 44350.6
1684092633 130 56.98 2336.7 43671.1
1684092643 129.64 56.9 2316.07 43260.4
1684092653 130.25 56.9 2343.36 44936
1684092663 130.81 56.9 2338.58 43659.5
1684092673 130.69 56.9 2347.88 43727.8
1684092683 130.14 56.9 2356.59 44517.8
1684092693 129.1 56.98 17247.3 44180
1684092703 131.09 56.9 2338.58 43722.8
1684092713 129.93 56.9 2289.21 43670.8
1684092723 130.25 56.9 2318.3 43778.8
1684092733 129.76 56.9 2325.41 43414.9
1684092743 130.51 56.9 2340.52 44008.9
1684092753 124.97 56.98 15702.6 44950.1
1684092763 130.13 56.98 2316.45 43024.1
1684092773 130.2 56.9 2313.85 43194.2
1684092783 130.13 56.9 2314.09 43737.2
1684092793 131.04 56.9 2340.86 44882.9
1684092803 131.03 56.9 2366.15 45079.4
1684092813 130.09 56.9 2339.42 43909.9
1684092823 127.7 56.98 16778.6 44321.9
1684092833 130.23 56.98 2338.58 43636.9
1684092843 130.41 56.9 2314.09 43729.4
1684092853 129.96 56.9 2325.02 43911.1
1684092863 130.52 56.9 2363.85 44041.2
1684092873 130.12 56.9 2363.46 43861.6
1684092883 129.74 56.9 2341.09 43408.7
1684092893 128.28 56.98 17516 43946.4
1684092903 129.91 56.9 2286.99 42807
1684092913 129.74 56.9 2291.81 43821.8
1684092923 131 56.9 2338.97 43707.3
1684092933 129.83 56.9 2338.97 43323.6
1684092943 130.8 56.9 2338.58 44981.2
1684092953 123.59 56.98 15453.6 43773.6
1684092963 130.99 56.98 2338.58 44423.7
1684092973 130.03 56.9 2314.09 43811.9
1684092983 130.63 56.9 2343.97 43677.8
1684092993 130.71 56.9 2363.85 44865.3
1684093003 130.02 56.9 2338.58 43211.7
1684093013 130.42 56.9 2363.85 44215
1684093023 126.73 56.98 16526.7 43831.7
1684093033 130.54 56.98 2341.25 43568.9
1684093043 130.65 56.9 2341.25 43495.7
1684093053 130.59 56.9 2336.31 44076.9
1684093063 130.32 56.9 2338.97 43597.3
1684093073 129.95 56.9 2325.02 43850.8
1684093083 123.93 56.98 14875.6 43653.5
1684093093 130.35 56.98 2316.34 43217.5
1684093103 129.79 56.9 2302.51 43949.7
1684093113 129.84 56.9 2316.45 43008.3
1684093123 129.29 56.98 2293.64 42900.6
1684093133 130.65 56.9 2316.34 44638.5
1684093143 121.75 56.98 14087 42909.7
1684093153 129.94 56.98 2316.45 43550.7
1684093163 130.42 56.9 2338.58 43916.4
1684093173 129.88 56.9 2309.6 43291.6
1684093183 130.2 56.9 2329.53 44370.6
1684093193 131 56.9 2340.52 43830.1
1684093203 129.97 56.9 2309.21 43760.6
1684093213 129.44 56.98 16042 44395.3
1684093223 130.32 56.9 2313.7 43385
1684093233 129.37 56.9 2300.68 43426.1
1684093243 130.15 56.9 2318.3 42945.7
1684093253 129.57 56.9 2318.69 43759.2
1684093263 130 56.9 2336.31 44154.9
1684093273 127.02 56.98 15641.2 44043.5
1684093283 130.9 56.98 2338.97 44691.2
1684093293 130.87 56.9 2343.14 43968.1
1684093303 130.75 56.9 2341.25 43607.8
1684093313 130.18 56.9 2346.77 43695.3
1684093323 131.33 56.9 2370.04 44466.5
1684093333 125.43 56.98 15248.9 43525.8
1684093343 130.54 56.98 2341.25 43984.8
1684093353 130.61 56.9 2338.58 43581.3
1684093363 130.71 56.9 2314.09 44573.4
1684093373 131.03 56.9 2340.86 43419.5
1684093383 130.99 56.98 2314.09 43826.2
1684093393 131.29 56.9 2313.7 44002.7
1684093403 129.06 56.98 16735.1 42991.6
1684093413 130.9 56.9 2363.46 44134.5
1684093423 130.74 56.9 2366.15 43945.1
1684093433 130.36 56.9 2358.87 44435.3
1684093443 131.03 56.9 2369.26 44208.9
1684093453 130.56 56.9 2334.43 43838.6
1684093463 124.4 56.98 15696 43558
1684093473 130.07 56.98 2334.43 43619
1684093483 131.58 56.9 2338.58 44858.7
1684093493 130.51 56.9 2338.97 44393
1684093503 130.45 56.9 2340.86 43593.8
1684093513 130.71 56.9 2314.09 44028
1684093523 129.93 56.9 2316.07 43533
1684093533 125.58 56.98 16720.2 43789.5
1684093543 130.74 56.98 2315.95 43362.3
1684093553 130.06 56.9 2316.34 43367.3
1684093563 130.9 56.9 2338.58 44848.6
1684093573 129.96 56.9 2316.34 43293
1684093583 130.22 56.9 2338.58 44517
1684093593 124.02 56.98 14797.3 43895.3
1684093603 131.03 56.98 2315.95 43189.5
1684093613 130.13 56.9 2314.09 43305.7
1684093623 130.64 56.9 2315.95 44244.8
1684093633 130.45 56.9 2316.34 43887.2
1684093643 130.25 56.9 2318.69 43860.5
1684093653 124.02 56.98 14231.5 44303.9
1684093663 130.87 56.98 2318.6 44077.9
1684093673 130.71 56.9 2313.7 44136.1
1684093683 130.42 56.9 2314.09 43804.9
1684093693 130.35 56.9 2340.86 43739.7
1684093703 131.35 56.9 2343.53 44629.4
1684093713 130.36 56.9 2340.86 43183.3
1684093723 128.15 56.98 16574.8 43910.3
1684093733 130.51 56.98 2313.7 43553.3
1684093743 130.41 56.9 2338.97 43251.7
1684093753 130.54 56.9 2348.64 44252.1
1684093763 130.06 56.9 2318.69 43836.6
1684093773 130.54 56.98 2349.76 44246.2
1684093783 123.25 56.98 15452.5 43542
1684093793 131 56.98 2338.58 43820
1684093803 130.81 56.9 2338.97 43424.3
1684093813 130.32 56.9 2314.09 44056
1684093823 130.77 56.9 2343.53 44315.5
1684093833 130.54 56.9 2366.15 44144.8
1684093843 130.35 56.9 2318.3 44115.2
1684093853 125.09 56.98 16319.9 43865
1684093863 130.61 56.98 2338.97 43663.8
1684093873 130.32 56.9 2288.82 44210.7
1684093883 130.37 56.9 2320.93 43160.3
1684093893 130.58 56.9 2368.45 43977.4
1684093903 130.67 56.9 2343.14 44291.7
1684093913 130.45 56.9 2341.25 43584.4
1684093923 128.18 56.98 16918.6 43767.2
1684093933 130.35 56.9 2345.92 43452.9
1684093943 131.12 56.9 2345.53 45144
1684093953 130.16 56.9 2341.25 43561.5
1684093963 130.57 56.9 2368.06 44194
1684093973 130.81 56.9 2363.85 44216.1
1684093983 126.06 56.98 15592.2 44287.2
1684093993 130.48 56.98 2286.99 43299.4
1684094003 129.86 56.9 2318.69 43143
1684094013 130.25 56.9 2315.95 43954.5
1684094023 130.34 56.9 2343.36 43570.7
1684094033 130.52 56.9 2313.7 44400
1684094043 129.6 56.9 2327.66 43337.3
1684094053 128.5 56.98 16926.5 43659.5
1684094063 130.12 56.9 2313.7 43713.9
1684094073 130.16 56.9 2340.86 43730.7
1684094083 130.64 56.9 2341.25 44103.1
1684094093 130.54 56.9 2341.25 43540.1
1684094103 131.03 56.9 2340.86 43875.9
1684094113 107.58 56.96 15100.5 30380.2

Execution duration: 00:33:33.33
