1684118577 131.46 56.98 2325.05 41455.9
1684118587 130.51 56.9 2314.09 45415
1684118597 131.45 56.9 2314.57 45424.8
1684118607 130.45 56.9 2319.06 45626.8
1684118617 131.1 56.9 2366.57 47046.1
1684118627 123.81 56.97 14280.3 46133.3
1684118637 130.35 56.89 2342.81 45663.4
1684118647 130.41 56.89 2316.07 46053.1
1684118657 130.61 56.89 2338.58 45699.9
1684118667 130.51 56.89 2338.58 45324.4
1684118677 130.16 56.89 2365.76 45814
1684118687 122.84 56.97 14098 45738.8
1684118697 130.9 56.97 2338.58 44805.1
1684118707 130.25 56.89 2342.42 45308.6
1684118717 131.13 56.89 2340.86 46740.1
1684118727 129.92 56.89 2313.7 45454.2
1684118737 130.74 56.89 2340.86 46289.5
1684118747 130.03 56.89 2340.71 45442.5
1684118757 125.95 56.97 16106.1 45907.5
1684118767 130.5 56.89 2298.07 44229.3
1684118777 130.44 56.89 2325.02 45499.1
1684118787 129.94 56.89 2316.07 45122.2
1684118797 130.42 56.89 2340.13 46520.5
1684118807 130.35 56.89 2365.76 45345.9
1684118817 130.8 56.89 2363.46 46365.8
1684118827 128.59 56.97 16940.9 45585.6
1684118837 130.7 56.89 2338.58 44767.7
1684118847 130.71 56.89 2313.7 45514.1
1684118857 130.41 56.89 2313.7 45264.1
1684118867 130.54 56.89 2340.86 45979.8
1684118877 130.55 56.89 2340.86 45493.8
1684118887 129.83 56.89 2327.62 44424.6
1684118897 130.22 56.97 17700.3 45862.8
1684118907 130.74 56.89 2340.86 45766.2
1684118917 130.84 56.89 2340.86 45854.9
1684118927 130.91 56.89 2363.46 46043.5
1684118937 130.42 56.89 2313.7 45207
1684118947 131 56.89 2363.46 45484.9
1684118957 122.66 56.97 15930.8 45136.2
1684118967 129.93 56.97 2340.71 45346.7
1684118977 130.41 56.89 2363.46 45619.4
1684118987 130.51 56.89 2340.13 46299.3
1684118997 131.04 56.89 2365.76 45954.1
1684119007 130.36 56.89 2340.86 45123.3
1684119017 131.14 56.89 2365.76 46152.9
1684119027 124.68 56.97 16276.4 45792.8
1684119037 130.65 56.89 2315.95 45034.6
1684119047 130.51 56.89 2313.7 45798.2
1684119057 130.54 56.89 2340.86 46016.3
1684119067 130.91 56.89 2338.58 46002.3
1684119077 130.45 56.89 2365.76 45863.8
1684119087 124.32 56.97 14546.3 45703.9
1684119097 130.45 56.89 2315.95 45360.7
1684119107 130.8 56.89 2338.58 45866.3
1684119117 130.42 56.89 2363.46 45636.9
1684119127 130.74 56.89 2365.76 45824.5
1684119137 131 56.89 2388.34 45893.1
1684119147 130.93 56.97 2365.76 46116.7
1684119157 127.72 56.97 16769.6 45985.6
1684119167 130.45 56.89 2340.86 45694.6
1684119177 130.9 56.89 2338.58 45905.2
1684119187 130.84 56.89 2315.95 45956
1684119197 129.94 56.89 2313.7 45632.7
1684119207 129.67 56.89 2296.72 43915.6
1684119217 122.96 56.98 15145.1 45485.6
1684119227 131.52 56.98 2340.86 45832.3
1684119237 130.87 56.9 2311.46 45828.7
1684119247 130.55 56.9 2315.95 45731.1
1684119257 130.55 56.9 2340.86 45015.2
1684119267 130.84 56.9 2340.86 45513.2
1684119277 130.45 56.9 2345.53 44941.6
1684119287 125.15 56.97 16016.2 44260.1
1684119297 130.52 56.89 2338.58 45005.6
1684119307 130.7 56.89 2313.7 45923
1684119317 131 56.89 2338.58 46448.6
1684119327 131.26 56.89 2336.31 45726.6
1684119337 131.38 56.89 2363.46 46297.4
1684119347 130.42 56.89 2338.58 45562.7
1684119357 126.58 56.97 16927 45944.3
1684119367 130.84 56.89 2340.86 45351.4
1684119377 130.26 56.89 2340.86 45241.2
1684119387 130.8 56.89 2363.46 46001.9
1684119397 130.06 56.89 2340.86 45235
1684119407 130.8 56.89 2363.46 45591.1
1684119417 122.38 56.95 14912.1 46096.5
1684119427 130.26 56.97 17228 45013.2
1684119437 130.35 56.89 2317.51 45006.6
1684119447 130.31 56.89 2340.71 44382.3
1684119457 131.17 56.89 2361.17 45848.9
1684119467 131.1 56.89 2363.46 45470.6
1684119477 130.54 56.89 2340.86 45347.9
1684119487 124.71 56.98 15945.1 45469.7
1684119497 129.83 56.9 2316.07 43472.6
1684119507 130.71 56.9 2363.46 45561.9
1684119517 130.8 56.9 2338.58 45657.5
1684119527 130.26 56.9 2358.87 45326.9
1684119537 130.45 56.9 2378.21 45320.2
1684119547 122.96 56.97 14456.8 45852.9
1684119557 131.52 56.97 2340.86 45546.7
1684119567 130.51 56.89 2313.7 45348.1
1684119577 130.04 56.89 2313.7 45520.3
1684119587 130.61 56.89 2363.46 45384.3
1684119597 129.93 56.89 2313.7 45392.4
1684119607 130.15 56.89 2318.3 43475.5
1684119617 128.76 56.97 16013.6 45159.2
1684119627 130.65 56.89 2340.86 45296.5
1684119637 130.58 56.89 2313.01 45337.9
1684119647 130.04 56.89 2313.7 46107.3
1684119657 130.51 56.89 2313.7 45769.5
1684119667 130.35 56.89 2291.05 45308.6
1684119677 126.69 56.97 15480.2 43312.5
1684119687 131.19 56.89 2338.58 45458.9
1684119697 130.88 56.89 2286.6 45176.7
1684119707 130.78 56.89 2336.31 45522.3
1684119717 130.42 56.89 2313.7 44912.7
1684119727 130.67 56.89 2343.14 45933.8
1684119737 125.07 56.97 15168.1 45670.8
1684119747 129.55 56.89 2340.71 42890.1
1684119757 130.99 56.89 2365.01 46098.3
1684119767 131.03 56.89 2365.76 46289.1
1684119777 130.81 56.89 2338.58 45889.2
1684119787 131.19 56.97 2340.91 46070
1684119797 123.93 56.97 14865.4 45552.9
1684119807 129.84 56.97 2316.07 43502.6
1684119817 130.52 56.89 2338.58 45033.2
1684119827 130.56 56.89 2352.03 45174.5
1684119837 130.84 56.89 2315.95 46196.5
1684119847 131.58 56.89 2338.58 45807.2
1684119857 130.89 56.89 2338.58 45659.9
1684119867 128.79 56.97 16352.1 46647.5
1684119877 130.83 56.89 2340.86 45947.9
1684119887 130.83 56.89 2366.15 45622.2
1684119897 130.23 56.89 2338.58 45653.6
1684119907 131.36 56.89 2343.14 45956
1684119917 130.93 56.89 2365.76 46004.7
1684119927 123.82 56.97 15395.1 45761.3
1684119937 131.2 56.89 2338.58 45937.8
1684119947 130.68 56.89 2311.46 45551.8
1684119957 129.93 56.89 2338.58 44997.1
1684119967 130.51 56.89 2338.58 44830.3
1684119977 130.16 56.89 2315.95 45516.3
1684119987 130.35 56.89 2342.97 43763
1684119997 124.78 56.97 16255.8 45194.2
1684120007 130.22 56.89 2313.7 45463.9
1684120017 130.35 56.89 2317.12 45452.1
1684120027 130.93 56.89 2315.95 45876.3
1684120037 130.26 56.89 2315.95 45282.5
1684120047 130.71 56.89 2338.58 45987.6
1684120057 123.03 56.97 14381.3 45353.9
1684120067 130.25 56.97 2291.05 44824.1
1684120077 130.7 56.89 2313.7 44874.6
1684120087 130.49 56.89 2311.46 45817.9
1684120097 129.97 56.89 2315.95 45891.4
1684120107 130.25 56.89 2342.97 43623.5
1684120117 123.03 56.97 13769.9 45298.7
1684120127 130.45 56.97 2340.86 45307.8
1684120137 130.55 56.89 2340.86 46133.1
1684120147 129.77 56.89 2293.64 43024.7
1684120157 130.45 56.89 2365.76 45132.7
1684120167 130.54 56.89 2365.76 45869.7
1684120177 130.9 56.89 2338.58 45697.6
1684120187 126.66 56.97 16208.2 44907.8
1684120197 130.13 56.89 2316.81 45174
1684120207 130.64 56.89 2340.86 45835.8
1684120217 130.12 56.89 2313.7 45701.8
1684120227 129.96 56.89 2318.3 42767.6
1684120237 130.1 56.89 2311.46 45534.8
1684120247 130.16 56.89 2340.86 45695.3
1684120257 130.06 56.97 17270 45482.1
1684120267 130.45 56.89 2315.95 44302.7
1684120277 130.8 56.89 2313.7 46076.2
1684120287 130.59 56.89 2322.78 43877.6
1684120297 130.9 56.89 2313.7 45723.6
1684120307 130.05 56.89 2325.02 43209.7
1684120317 123.12 56.97 15756.3 44970.3
1684120327 130.32 56.89 2288.82 46166.4
1684120337 129.94 56.89 2291.43 42662.9
1684120347 130.22 56.89 2288.82 44835.4
1684120357 131.1 56.89 2338.58 45504.4
1684120367 130.32 56.89 2338.58 45123.4
1684120377 130.03 56.89 2317.59 45277.4
1684120387 125.3 56.97 16112.4 43343.2
1684120397 130.22 56.89 2340.71 42764.2
1684120407 130.28 56.89 2336.31 45200.4
1684120417 130.33 56.89 2363.46 45668
1684120427 130.61 56.89 2363.46 45180.9
1684120437 130.83 56.89 2340.86 45633.1
1684120447 122.49 56.97 14708.9 42874.2
1684120457 130.1 56.89 2329.53 43452.5
1684120467 130.1 56.89 2311.46 44220.6
1684120477 130.7 56.89 2338.58 44907.3
1684120487 130.58 56.89 2336.31 45153.8
1684120497 130.13 56.89 2313.7 45112.5
1684120507 130.93 56.89 2316.34 44901.2
1684120517 125.66 56.97 16160.5 44170.7
1684120527 129.87 56.89 2318.3 42764.2
1684120537 130.29 56.89 2311.46 44062.5
1684120547 131 56.89 2363.46 45586.4
1684120557 130.38 56.89 2361.17 44201.2
1684120567 130.41 56.89 2338.58 44603.3
1684120577 120.8 56.95 14655.8 42624.3
1684120587 28.77 56.95 485.9 2620.41

Execution duration: 00:33:36.36
