1684078868 131.79 56.98 2314.98 40488.5
1684078878 131.27 56.91 2337.09 44291.7
1684078888 131.27 56.91 2362.72 44743.3
1684078898 131.36 56.91 2339.81 44876.1
1684078908 131.12 56.91 2351.31 44182
1684078918 122.65 56.97 14200.8 43061.7
1684078928 130.88 56.97 2336.31 44744.5
1684078938 130.9 56.9 2363.85 44050.9
1684078948 130.81 56.9 2338.58 44030.3
1684078958 130.85 56.9 2334.43 44087.3
1684078968 130.04 56.9 2316.07 43544.9
1684078978 123.38 56.97 14168.8 43743.9
1684078988 131.55 56.97 2336.31 44098.6
1684078998 131.1 56.9 2307.37 43564.7
1684079008 130.31 56.9 2313.7 43895.4
1684079018 131 56.9 2363.85 44546.2
1684079028 130.2 56.9 2336.31 43961.2
1684079038 131.37 56.9 2361.56 44263.3
1684079048 127.19 56.97 16244.7 44446.2
1684079058 130.29 56.9 2311.46 42772.8
1684079068 131.35 56.9 2336.7 44121.2
1684079078 130.81 56.9 2338.58 43387
1684079088 131.16 56.9 2336.7 43775.9
1684079098 131.39 56.9 2313.7 43336.8
1684079108 131.23 56.9 2334.43 43736.6
1684079118 128.52 56.97 16939.7 42963.3
1684079128 130.68 56.9 2336.7 44162.3
1684079138 131.11 56.9 2326.57 44529.5
1684079148 130.2 56.9 2311.85 43008.2
1684079158 130.42 56.9 2340.71 44689.1
1684079168 131.75 56.9 2354.7 44863.1
1684079178 122.97 56.95 15393 44384.9
1684079188 130.17 56.97 17742.4 43460.7
1684079198 131 56.9 2363.46 43727.5
1684079208 130.96 56.9 2361.56 44295.2
1684079218 130.88 56.9 2361.56 43884.3
1684079228 130.78 56.9 2361.17 44421.4
1684079238 131.04 56.9 2362.36 43720.3
1684079248 123.49 56.97 16098.6 43761.2
1684079258 129.68 56.97 2309.6 43567
1684079268 130.05 56.9 2349.76 43379.7
1684079278 130.19 56.9 2338.25 44012
1684079288 130.9 56.9 2363.46 43907.1
1684079298 130.16 56.9 2334.43 43852.2
1684079308 130.31 56.9 2347.49 43883
1684079318 125.73 56.97 16416.3 43693.2
1684079328 129.59 56.9 2290.1 43521.6
1684079338 129.72 56.9 2314.23 42837.7
1684079348 130.68 56.9 2361.17 44431.1
1684079358 130.4 56.9 2347.88 43530.1
1684079368 130.97 56.9 2386.02 45071.8
1684079378 125.46 56.97 14737.8 44529.1
1684079388 129.88 56.9 2334.43 43872.4
1684079398 130.32 56.9 2363.46 43058.1
1684079408 130.68 56.9 2361.56 44261.8
1684079418 130.36 56.9 2383.71 44086.9
1684079428 130.39 56.9 2361.56 44220.6
1684079438 130 56.9 2364.28 43416.3
1684079448 128.03 56.97 16943.2 43979.8
1684079458 129.98 56.9 2309.21 43455.7
1684079468 130.03 56.9 2314.09 43459.3
1684079478 130.55 56.9 2358.87 43841.7
1684079488 130.1 56.9 2311.85 44118.4
1684079498 130.6 56.9 2350.58 44200.4
1684079508 122.88 56.97 15349.8 43775.4
1684079518 130.68 56.97 2336.31 44492.8
1684079528 130.62 56.9 2332.17 44264.7
1684079538 130.29 56.9 2361.56 44369.7
1684079548 130.71 56.97 2363.85 44368.9
1684079558 129.88 56.9 2334.43 44634.3
1684079568 130.46 56.9 2363.53 44221.1
1684079578 126.12 56.97 16465.6 43658.6
1684079588 130.32 56.9 2338.58 44330.8
1684079598 130.02 56.9 2314.09 43616.3
1684079608 129.83 56.9 2347.49 44027
1684079618 130.8 56.9 2388.73 44832.3
1684079628 130.09 56.9 2361.17 44231.1
1684079638 130.38 56.9 2361.56 44146
1684079648 127.02 56.97 17136.9 43667.3
1684079658 130.41 56.9 2347.88 43280.3
1684079668 129.81 56.9 2336.31 43459
1684079678 130.31 56.9 2363.85 43955.3
1684079688 130.38 56.9 2361.17 44495.9
1684079698 129.61 56.9 2345.62 43390.6
1684079708 122.95 56.97 15276.8 43639.3
1684079718 130.17 56.97 2334.04 43551.1
1684079728 129.74 56.9 2345.71 43791.3
1684079738 130.87 56.9 2361.17 44610.9
1684079748 130.29 56.9 2336.7 43556.5
1684079758 129.78 56.9 2358.87 43245
1684079768 130.1 56.9 2361.56 44512.6
1684079778 125.83 56.97 16487.4 44619.4
1684079788 130.46 56.9 2384.1 44434.9
1684079798 130.71 56.9 2363.46 44148.1
1684079808 130.15 56.9 2356.98 44068.6
1684079818 130.1 56.9 2361.17 44258.2
1684079828 131.09 56.9 2366.96 44821
1684079838 124.56 56.97 15050.1 43678.4
1684079848 130.08 56.9 2334.43 43389.7
1684079858 129.83 56.9 2338.58 43516.4
1684079868 130.07 56.9 2359.26 43851.4
1684079878 130.2 56.9 2336.7 44120.4
1684079888 130.86 56.9 2320.54 44436.3
1684079898 122.89 56.97 14420.2 43516.2
1684079908 130.55 56.97 2340.86 43733.8
1684079918 130.39 56.9 2336.7 44074.2
1684079928 130.16 56.9 2358.87 43653.5
1684079938 130.1 56.9 2339.81 44421.4
1684079948 130.1 56.9 2313.85 43412.3
1684079958 121.73 56.97 14098.9 43394.4
1684079968 129.9 56.97 2410.87 44247.8
1684079978 130.29 56.9 2361.56 43741.4
1684079988 130.41 56.9 2338.58 44020.2
1684079998 129.93 56.9 2363.85 43851.9
1684080008 130.48 56.9 2336.31 43923.9
1684080018 130.54 56.9 2343.36 43627.8
1684080028 128.06 56.97 16098.2 44226
1684080038 130.71 56.9 2338.97 44074.6
1684080048 130.69 56.9 2314.96 44243.1
1684080058 129.91 56.9 2311.46 44397.7
1684080068 130.48 56.9 2341.15 43576.2
1684080078 131.27 56.9 2342.14 43840.4
1684080088 126.48 56.97 15677.6 43290
1684080098 130.2 56.97 2336.31 43317.7
1684080108 130.75 56.9 2334.43 44237.1
1684080118 129.64 56.9 2340.71 43383.6
1684080128 130.8 56.9 2363.85 44632.5
1684080138 130.09 56.9 2361.17 43319.2
1684080148 122.33 56.97 14904.1 44489.3
1684080158 130.04 56.97 2316.07 43543.4
1684080168 130.99 56.9 2338.97 44207.6
1684080178 130.6 56.9 2316.81 44070.8
1684080188 129.93 56.9 2341.09 43259.3
1684080198 129.81 56.9 2338.84 43893.1
1684080208 130.99 56.9 2363.85 43541.3
1684080218 126.31 56.97 16225.6 44227.2
1684080228 130.07 56.9 2334.04 42898.6
1684080238 130.03 56.9 2338.97 44084
1684080248 130.29 56.9 2336.31 44523.1
1684080258 131.1 56.9 2338.97 44664.3
1684080268 131 56.9 2338.58 43812.6
1684080278 130.38 56.9 2320.93 44288.5
1684080288 127.57 56.97 17159.6 43268.3
1684080298 130.23 56.9 2314.09 43914.5
1684080308 130.48 56.9 2311.46 44578.2
1684080318 130.8 56.9 2338.97 44753.7
1684080328 130.03 56.9 2343.24 43745.4
1684080338 130.22 56.9 2338.97 43417.3
1684080348 125.46 56.97 15301.9 43906.7
1684080358 129.91 56.9 2311.85 44002.3
1684080368 129.96 56.9 2293.64 43129.9
1684080378 129.66 56.9 2300.68 43709.4
1684080388 130.32 56.9 2363.85 44208
1684080398 130.16 56.9 2318.3 42875.9
1684080408 125.54 56.97 14751.1 43600.4
1684080418 130.12 56.9 2338.58 44814.4
1684080428 130.71 56.9 2338.97 44371.6
1684080438 129.45 56.9 2338.58 44201.8
1684080448 129.87 56.9 2341.25 43982.1
1684080458 130.16 56.9 2318.3 44027.8
1684080468 121.36 56.97 14909.5 43723.9
1684080478 130.12 56.97 2421.62 43940.9
1684080488 129.97 56.9 2319.45 43503.1
1684080498 130.52 56.9 2363.46 43773.8
1684080508 130.84 56.9 2366.15 44232.7
1684080518 130.16 56.9 2340.86 43008.2
1684080528 130.17 56.9 2334.43 44210.3
1684080538 124.98 56.97 16059.1 43150.2
1684080548 130.49 56.9 2361.56 44568.9
1684080558 130.41 56.9 2338.97 44469.2
1684080568 130.12 56.9 2338.58 44251.1
1684080578 130.64 56.9 2366.15 44386.8
1684080588 130.12 56.9 2338.58 44241.8
1684080598 130.22 56.9 2338.97 44286.5
1684080608 126.7 56.97 16958.8 43547.6
1684080618 130 56.9 2361.56 44087.4
1684080628 130.35 56.9 2365.76 44153.7
1684080638 130.35 56.9 2366.15 45189.1
1684080648 130.69 56.9 2361.17 44162.7
1684080658 130.71 56.9 2338.97 44613.8
1684080668 122.64 56.97 15383.9 43366.8
1684080678 129.73 56.97 2338.97 43715.8
1684080688 130.51 56.9 2363.46 44334.3
1684080698 130.03 56.9 2338.97 43495.4
1684080708 129.8 56.9 2361.17 44105.6
1684080718 130.35 56.9 2366.15 44041.6
1684080728 130.13 56.9 2341.09 43871.4
1684080738 127.38 56.97 16307.6 42966.2
1684080748 129.74 56.9 2316.45 43559.6
1684080758 130.1 56.9 2336.31 44024.5
1684080768 130 56.9 2336.7 44535.9
1684080778 130.22 56.9 2363.46 44311.8
1684080788 130.6 56.9 2363.85 43852.7
1684080798 122.72 56.97 15474.2 43304.5
1684080808 130.42 56.97 2363.46 43944
1684080818 130.35 56.9 2341.25 44075.9
1684080828 130.03 56.9 2338.58 44007.8
1684080838 130.51 56.9 2388.73 43907.9
1684080848 129.74 56.9 2338.58 43322.1
1684080858 129.46 56.9 2316.45 43938.8
1684080868 60.2 56.95 15135.5 13338.6

Execution duration: 00:33:29.29
