1684105863 131.2 56.99 2351.8 40723.8
1684105873 130.74 56.91 2366.54 43003.5
1684105883 130.41 56.91 2341.69 43920.7
1684105893 131.71 56.91 2369.26 46021
1684105903 130.35 56.91 2343.97 43932.7
1684105913 124.12 56.98 14419.1 44764.6
1684105923 131.19 56.98 2338.58 45145.6
1684105933 131.13 56.9 2366.15 44677
1684105943 130.84 56.9 2340.86 43850.2
1684105953 130.68 56.9 2361.56 44255.2
1684105963 130.99 56.9 2363.46 44286.9
1684105973 124.34 56.98 14375.1 44362.6
1684105983 131 56.98 2363.46 44734.3
1684105993 130.54 56.9 2341.25 43957.2
1684106003 130.47 56.9 2345.62 44776.9
1684106013 130.71 56.9 2388.73 44438.5
1684106023 130.94 56.9 2391.05 45081.7
1684106033 130.9 56.9 2363.46 45856.6
1684106043 127.92 56.98 16595.3 45839.7
1684106053 130.58 56.98 2361.17 43612.8
1684106063 130.65 56.9 2341.25 44617.9
1684106073 130.2 56.9 2338.46 45744.6
1684106083 130.8 56.9 2388.73 44472.7
1684106093 130.89 56.9 2388.34 44511.9
1684106103 122.57 56.99 15297.7 44392.6
1684106113 130.54 56.99 2441.62 45761.8
1684106123 130.26 56.91 2366.15 44394.2
1684106133 130.89 56.91 2363.46 46417.9
1684106143 130.71 56.91 2338.97 45452.3
1684106153 130.57 56.91 2370.3 46153.1
1684106163 130.9 56.99 2365.01 44712.9
1684106173 124.48 56.98 16236 44491.3
1684106183 130.19 56.98 2338.46 45106.9
1684106193 130.32 56.9 2338.97 43863.6
1684106203 129.84 56.9 2340.71 45325.5
1684106213 131.03 56.9 2391.05 45979.8
1684106223 130.42 56.9 2363.46 44081.2
1684106233 130.68 56.9 2379.48 44100.3
1684106243 126.07 56.98 16925.7 44150.2
1684106253 130.91 56.98 2363.46 46709
1684106263 130.31 56.9 2338.97 44061.4
1684106273 130.61 56.9 2366.57 44656.6
1684106284 130.39 56.9 2363.46 46133.5
1684106293 132.04 56.9 2386.02 47201.6
1684106303 130.42 56.9 2363.85 44161.7
1684106313 129.09 56.98 17336.6 45884.4
1684106323 130.35 56.9 2319.45 43974.3
1684106333 130.3 56.9 2336.31 44291.7
1684106343 130.74 56.9 2341.25 44815.2
1684106354 131.02 56.9 2355.3 45405
1684106363 131.23 56.9 2366.15 44275.9
1684106373 128.93 56.98 15664.5 45510.3
1684106383 130.64 56.98 2341.25 44029.6
1684106393 131.58 56.9 2363.85 44438.9
1684106403 130.8 56.9 2363.46 44866.5
1684106413 130.87 56.9 2393.38 44312
1684106423 130.51 56.9 2363.46 44414
1684106434 123.1 56.98 15574.6 45841.4
1684106443 130.61 56.98 2363.46 45295.2
1684106453 130.42 56.9 2363.85 44696.2
1684106463 130.35 56.9 2365.76 44075.1
1684106473 130.41 56.9 2363.85 44204.1
1684106484 130.13 56.9 2365.35 46043.1
1684106493 130.93 56.9 2394.16 44694.2
1684106503 127.91 56.98 16616 44338.9
1684106513 130.51 56.98 2363.85 44895.2
1684106523 130.7 56.9 2363.85 43986
1684106533 130.42 56.9 2388.34 44269.8
1684106543 130.87 56.98 2393.38 44542.9
1684106553 130.97 56.9 2392.99 44228.2
1684106563 123.35 56.98 15579.4 44770.8
1684106573 131 56.98 2363.46 46288.4
1684106583 130.61 56.9 2363.85 45385
1684106593 130.7 56.9 2363.46 44511.6
1684106603 131.33 56.9 2366.15 45593.8
1684106614 129.84 56.9 2365.35 45925.3
1684106623 130.94 56.9 2391.05 44752.1
1684106633 124.87 56.98 16524 44490.6
1684106644 130.03 56.98 2344.17 45712.4
1684106653 131.03 56.9 2390.66 46156.8
1684106663 129.94 56.9 2338.97 44584.3
1684106673 131.32 56.9 2391.05 46927.2
1684106683 130.94 56.9 2365.76 45226.8
1684106693 130.41 56.9 2363.85 44261.2
1684106703 129.18 56.98 17027.2 44220.6
1684106713 130.32 56.9 2363.85 43446.4
1684106723 130.44 56.9 2365.76 44872.8
1684106733 131.48 56.9 2398.06 47015.3
1684106743 131.03 56.9 2365.76 46587.9
1684106753 130.25 56.9 2366.15 44439.7
1684106763 124.73 56.98 15960.7 44483
1684106774 130.09 56.98 2370.3 45301.4
1684106783 130.32 56.9 2388.34 44657.3
1684106794 130.55 56.9 2359.26 45605.8
1684106803 130.87 56.9 2368.45 45306.3
1684106813 131.32 56.9 2391.05 45745.5
1684106823 123.42 56.98 14524 46386.8
1684106833 130.67 56.98 2336.31 44665.6
1684106843 130.41 56.9 2363.85 43956.5
1684106853 130.36 56.9 2340.86 44450.6
1684106864 130.13 56.9 2341.09 45926.5
1684106874 131 56.9 2363.46 45148.7
1684106883 131.19 56.9 2330.81 45092.7
1684106894 130.64 56.98 16303.1 44891.4
1684106903 131.13 56.9 2366.15 45581.3
1684106914 130.6 56.9 2338.58 43803.3
1684106924 131.33 56.9 2366.15 46217.1
1684106934 130.02 56.9 2365.01 44087.1
1684106943 131.42 56.9 2366.15 46301.9
1684106954 129.8 56.98 16048.2 45842.7
1684106964 130.74 56.9 2341.25 45990.7
1684106974 130.77 56.9 2368.45 44627.5
1684106984 130.81 56.9 2388.34 44555.1
1684106994 131.16 56.9 2393.38 46268
1684107004 130.51 56.9 2363.46 44393.4
1684107014 127.73 56.98 15855.6 44247.9
1684107024 130.41 56.98 2340.71 45526.5
1684107034 131.35 56.9 2393.38 46042.4
1684107044 130.83 56.9 2340.86 45941.2
1684107054 130.4 56.9 2353.28 45647.5
1684107064 130.66 56.9 2326.33 45138.7
1684107074 126.16 56.98 15468.1 46031.9
1684107084 130.74 56.98 2390.66 44735
1684107094 131.03 56.9 2391.05 44791.4
1684107104 131.03 56.9 2341.25 45513.2
1684107114 130.61 56.9 2365.35 45794.8
1684107124 130.93 56.9 2391.05 45988.3
1684107134 122.84 56.98 15041.8 44205.6
1684107144 131.35 56.98 2368.45 46890.8
1684107154 130.27 56.9 2343.14 45100.3
1684107164 130.32 56.9 2365.73 45672.8
1684107174 130.8 56.9 2388.34 46447
1684107184 130.87 56.9 2429.22 44412.1
1684107194 131.13 56.9 2415.56 45023.7
1684107204 128.16 56.98 16623.3 46106
1684107214 130.8 56.98 2363.46 45481.8
1684107224 130.74 56.9 2391.05 44418.7
1684107234 131.16 56.9 2392.99 45100.3
1684107244 130.94 56.9 2391.05 44925.7
1684107254 130.64 56.9 2391.05 44941.6
1684107264 130.94 56.9 2326.07 45644.8
1684107274 129.81 56.98 17585.8 45542.3
1684107284 130.12 56.9 2316.07 45194.2
1684107294 130.74 56.9 2341.25 46379
1684107304 130.45 56.9 2340.86 45240.9
1684107314 131.42 56.9 2366.15 46589.9
1684107324 130.44 56.98 2340.86 45666.9
1684107334 128.3 56.98 16017.5 44781.3
1684107344 130.28 56.98 2336.31 45882.7
1684107354 130.78 56.9 2343.53 46198.6
1684107364 130.83 56.9 2365.76 45973.5
1684107374 130.44 56.9 2341.25 45010.5
1684107384 130.64 56.9 2366.15 44925.7
1684107394 129.76 56.98 15701.2 46102.7
1684107404 130.77 56.9 2336.7 46578.2
1684107414 130.23 56.9 2340.71 45333.2
1684107424 130.32 56.9 2338.97 46178.8
1684107434 129.84 56.9 2365.35 46121.7
1684107444 130.74 56.9 2366.15 46372.4
1684107454 125.48 56.98 15910 45957.2
1684107464 129.83 56.98 2341.09 45847.9
1684107474 130.1 56.9 2379.09 46117.7
1684107484 131.45 56.9 2393.38 46996.7
1684107494 130.97 56.9 2421.04 46182.3
1684107504 131 56.9 2413.61 45886.1
1684107514 121.67 56.96 15039.5 46768.5
1684107524 130.55 56.98 17444.8 46199.6
1684107534 130.45 56.9 2366.15 45696.5
1684107544 131.25 56.9 2368.06 46123.5
1684107554 130.32 56.9 2363.85 45871.3
1684107564 130.87 56.9 2392.99 46241.9
1684107574 131.27 56.9 2361.56 46083.9
1684107584 124.33 56.98 16094.6 45620.5
1684107594 131.09 56.98 2363.85 46790.3
1684107604 130.12 56.9 2338.58 45249.4
1684107614 130.7 56.9 2338.97 45810.3
1684107624 130.61 56.9 2365.35 46118.6
1684107634 130.44 56.9 2391.05 46107
1684107644 130.61 56.9 2388.34 46410.5
1684107654 128.6 56.98 17059.9 46008.6
1684107664 131.42 56.9 2391.05 46384.4
1684107674 131.04 56.9 2355.12 45128.4
1684107684 130.25 56.98 2366.15 45761.1
1684107694 131.09 56.9 2365.35 45412.1
1684107704 129.6 56.9 2320.93 44917.3
1684107714 126.08 56.98 15648.9 44930.9
1684107724 129.75 56.98 2307.37 44368.6
1684107734 130.41 56.9 2313.7 45784.3
1684107744 130.03 56.9 2338.97 45595.3
1684107754 130.25 56.9 2340.86 46152.9
1684107764 130.03 56.9 2338.97 45638.1
1684107774 130.61 56.9 2363.46 46296.6
1684107784 128.57 56.99 17156.1 45908.7
1684107794 130.41 56.91 2363.46 45999.2
1684107804 129.83 56.91 2314.09 45693.7
1684107814 130.45 56.91 2340.86 45799.6
1684107824 129.45 56.91 2341.09 45106.1
1684107834 130.64 56.91 2366.15 45936.2
1684107844 91.06 56.96 15139.4 25268.8

Execution duration: 00:33:12.12
