1684170499 104.56 56.91 0 0
1684170504 105.32 56.91 6.08 46.39
1684170509 104.53 56.91 0 0
1684170514 102.22 56.91 0 0
1684170519 105.89 56.91 0 0
1684170524 104.74 56.91 0 0
1684170529 104.74 56.91 0 0
1684170534 104.93 56.91 0 0
1684170539 105.13 56.91 0 0
1684170544 104.75 56.91 0 0
1684170549 104.93 56.91 0 98.67
1684170554 104.74 56.91 0 0
1684170559 104.93 56.91 0 0
1684170564 104.93 56.91 0 0
1684170569 105.83 56.91 0 0
1684170574 105.32 56.91 0 0
1684170579 108.54 56.91 0 0
1684170584 104.16 56.91 0 0
1684170589 106.27 56.91 0 0
1684170594 105.12 56.91 0 0
1684170599 105.31 56.91 0 0
1684170604 104.93 56.91 0 0
1684170609 105.13 56.91 0 0
1684170614 104.94 56.91 0 0
1684170619 104.93 56.91 0 0
1684170624 104.55 56.91 0 0
1684170629 104.93 56.91 0 0
1684170634 104.33 56.91 0 0
1684170639 105.13 56.91 0 0
1684170644 104.94 56.91 0 0
1684170649 106.25 56.91 0 0
1684170654 105.32 56.91 0 0
1684170659 104.73 56.91 0 0
1684170664 105.12 56.91 0 0
1684170669 105.7 56.91 0 0
1684170674 104.94 56.91 0 0
1684170679 105.12 56.91 0 0
1684170684 50.48 56.91 0 0

Execution duration: 00:03:11.11
