1684159248 119.05 56.83 3.17 311.11
1684159249 120.42 56.83 0 25.35
1684159250 119.69 56.83 0 0
1684159251 120.61 56.83 0 0
1684159252 120.63 56.83 0 0
1684159253 114.58 56.83 0 0
1684159254 120.16 56.83 0 0
1684159255 116.55 56.83 0 0
1684159256 126.92 56.83 0 0
1684159257 120 56.83 0 0
1684159258 125.2 56.83 0 0
1684159259 124.62 56.83 0 0
1684159260 122.31 56.83 0 0
1684159261 122.83 56.83 0 0
1684159262 119.85 56.83 0 0
1684159263 126.92 56.83 0 0
1684159264 117.73 56.83 0 0
1684159265 129.13 56.83 0 0
1684159266 125.19 56.83 0 0
1684159267 131.54 56.83 0 0
1684159268 127.69 56.83 0 0
1684159269 125.19 56.83 564.89 500.76
1684159270 60.16 56.91 1100 4596.88

Execution duration: 00:00:26.26
