1684096203 117.97 56.88 0 275
1684096204 121.09 56.88 3.12 31.25
1684096205 120.47 56.96 0 3.15
1684096206 118.32 56.96 0 0
1684096207 117.97 56.88 0 0
1684096208 118.57 56.88 0 0
1684096209 119.69 56.88 0 0
1684096210 120.47 56.88 0 0
1684096211 126.36 56.88 0 0
1684096212 123.62 56.88 0 0
1684096213 117.69 56.88 0 0
1684096214 125.2 56.88 0 0
1684096215 123.62 56.88 0 0
1684096216 118.6 56.88 0 0
1684096217 120 56.88 0 0
1684096218 120.31 56.88 0 0
1684096219 122.83 56.88 0 0
1684096220 120.77 56.88 0 0
1684096221 114.62 56.96 1240 1366.15
1684096222 22.39 56.96 200 3537.32

Execution duration: 00:00:23.23
