1684103421 119.53 56.88 3.12 281.25
1684103422 118.6 56.88 0 27.91
1684103423 125.4 56.88 0 0
1684103424 119.53 56.88 0 0
1684103425 125.78 56.88 0 0
1684103426 121.09 56.96 0 0
1684103427 118.6 56.88 0 0
1684103428 127.78 56.88 0 0
1684103429 123.44 56.88 0 0
1684103430 120.31 56.88 0 0
1684103431 121.71 56.88 0 0
1684103432 128.57 56.88 0 0
1684103433 121.43 56.88 0 0
1684103434 122.31 56.88 0 0
1684103435 126.98 56.88 0 0
1684103436 122.48 56.88 0 0
1684103437 120.31 56.88 0 0
1684103438 119.23 56.88 0 0
1684103439 115.75 56.88 0 0
1684103440 98.45 56.96 1426.36 1413.95
1684103441 5.47 56.88 0 3275

Execution duration: 00:00:23.23
