1684114437 130.73 56.99 2313.43 39906.9
1684114447 130.18 56.91 2320.93 43450.7
1684114457 130.51 56.91 2341.69 44200.2
1684114467 130.7 56.91 2349.46 45462
1684114477 130.64 56.91 2368.87 44288.7
1684114487 123.81 56.98 14255.4 43802.9
1684114497 130.71 56.9 2340.13 43796.7
1684114507 130.8 56.9 2363.46 43758.6
1684114517 130.41 56.9 2338.58 44909.6
1684114527 130.32 56.9 2340.71 43180
1684114537 130.91 56.9 2363.46 44226.6
1684114547 122.45 56.98 14122.8 43944
1684114557 130.84 56.98 2365.76 43645.1
1684114567 130.74 56.9 2343.97 44071.6
1684114577 130.84 56.9 2315.95 43797.3
1684114587 130.09 56.9 2261.75 42289.7
1684114597 129.93 56.9 2340.71 44321.1
1684114607 130.19 56.9 2361.17 44150.7
1684114617 125.49 56.98 16108.9 43777.9
1684114627 130.51 56.9 2313.7 43339.2
1684114637 130.31 56.9 2315.25 43706.9
1684114647 129.54 56.9 2322.78 43407.3
1684114657 130.41 56.9 2338.58 44618.8
1684114667 130 56.9 2338.46 43899.6
1684114677 130.26 56.9 2365.76 44041.6
1684114687 128.79 56.98 16965.8 44332.7
1684114697 130.55 56.9 2340.86 44033.1
1684114707 130.61 56.9 2313.7 44080.1
1684114717 130.03 56.9 2313.7 43454.2
1684114727 130.6 56.9 2388.34 43944.4
1684114737 130.9 56.9 2388.34 44391.8
1684114747 122.74 56.9 0 43960.7
1684114757 129.84 56.98 17774.9 43818.8
1684114767 130.74 56.9 2390.66 44217.5
1684114777 130.65 56.9 2340.86 44126.8
1684114787 131.13 56.9 2390.66 44182.9
1684114797 129.69 56.9 2309.21 43129.4
1684114807 129.84 56.9 2340.71 44095.5
1684114817 122.52 56.98 15934.6 43856.8
1684114827 130.62 56.9 2363.46 44024.9
1684114837 130.59 56.9 2304.74 43809.9
1684114847 130.22 56.9 2342.25 44370.7
1684114857 130.06 56.9 2365.76 43574.3
1684114867 131.03 56.9 2390.66 44508.6
1684114877 130.12 56.9 2363.46 44090.6
1684114887 125.07 56.98 16424.1 43478.7
1684114897 131.33 56.98 2342.42 44432.7
1684114907 130.15 56.9 2315.95 43447.9
1684114917 130.45 56.9 2365.76 44120.2
1684114927 130.74 56.9 2340.86 44124.9
1684114937 130.94 56.9 2365.76 44737.3
1684114947 123.6 56.98 14661.5 42631.3
1684114957 130.87 56.9 2343.14 44164.4
1684114967 130.25 56.9 2340.86 43827.6
1684114977 130.35 56.9 2365.76 44561.1
1684114987 130.32 56.9 2363.46 43867.8
1684114997 130.65 56.9 2365.76 44483.7
1684115007 130.32 56.9 2338.58 44433.8
1684115017 127.69 56.98 16877.7 43344.6
1684115027 129.84 56.9 2316.07 44226
1684115037 130.16 56.9 2315.95 44161.5
1684115047 130.58 56.9 2336.31 44657.5
1684115057 130.32 56.9 2338.58 44181.5
1684115067 130.65 56.9 2343.97 43707.8
1684115077 123.03 56.98 15331 43710.8
1684115087 130.28 56.9 2336.31 43588
1684115097 130.36 56.9 2327.27 43768.3
1684115107 130.17 56.9 2334.04 43934.4
1684115117 130.65 56.9 2365.76 44464.2
1684115127 130.23 56.9 2363.46 44088.2
1684115137 131.02 56.9 2367.32 43986
1684115147 125.97 56.98 16446.3 43951.8
1684115157 130.42 56.9 2363.46 44258.9
1684115167 131.13 56.9 2365.76 44487.2
1684115177 130.83 56.9 2365.76 44857.2
1684115187 130.26 56.9 2340.86 43558
1684115197 130.05 56.9 2349.76 43829.6
1684115207 129.36 56.9 2316.07 42758
1684115217 127.21 56.98 17267.2 44026.1
1684115227 129.83 56.9 2363.46 43456.2
1684115237 130.25 56.9 2365.76 44352.9
1684115247 130.25 56.9 2365.76 43711.3
1684115257 130.2 56.9 2354.31 44017.8
1684115267 130.26 56.9 2365.76 43698.1
1684115277 123.33 56.98 15368.7 44024.9
1684115287 129.94 56.9 2340.71 43619.6
1684115297 129.96 56.9 2370.43 43526.1
1684115307 130.83 56.9 2340.86 44384.4
1684115317 130.13 56.9 2313.7 43729.4
1684115327 130.62 56.9 2363.46 44288.8
1684115337 130.64 56.9 2365.76 44624.5
1684115347 126.75 56.98 16469.7 44399.2
1684115357 130.28 56.9 2336.31 43497.5
1684115367 130.13 56.9 2338.58 44054
1684115377 131.03 56.9 2365.76 44817.9
1684115387 129.83 56.9 2338.58 43993.8
1684115397 130.74 56.9 2367.32 44259.9
1684115407 124.7 56.98 14956.4 44380.6
1684115417 130.25 56.9 2340.86 43156.4
1684115427 130.06 56.9 2315.95 44030.3
1684115437 131.52 56.9 2340.86 44486
1684115447 130.16 56.9 2315.95 43614.4
1684115457 130.32 56.9 2340.71 44281
1684115467 123.11 56.98 14259.8 43591.5
1684115477 130.36 56.98 2315.95 43683.3
1684115487 130.45 56.9 2315.95 44193.8
1684115497 131.26 56.9 2337.86 44792.6
1684115507 130.74 56.9 2340.86 44888.3
1684115517 129.26 56.9 2316.07 43034.1
1684115527 130.13 56.9 2316.07 44018.9
1684115537 129.28 56.98 16130.3 43659.5
1684115547 130.41 56.9 2340.71 43310.1
1684115557 130.54 56.9 2340.86 43507.4
1684115567 130.23 56.9 2338.58 44016.7
1684115577 130.94 56.9 2365.76 44434.2
1684115587 130.25 56.9 2315.95 44394.6
1684115597 128.11 56.98 15805.5 44834.6
1684115607 130.03 56.9 2313.7 43123.8
1684115617 131.19 56.9 2341.69 44501.5
1684115627 130.06 56.9 2315.95 43663.8
1684115637 130.03 56.9 2316.07 43571.9
1684115647 131.62 56.89 2345.92 44003.5
1684115657 125.49 56.98 15428 43583.7
1684115667 130.35 56.9 2341.25 43880.5
1684115677 130.44 56.9 2340.86 43290.7
1684115687 130.51 56.9 2313.7 44088.6
1684115697 129.36 56.9 2340.71 43652.7
1684115707 130.51 56.9 2338.58 43466.7
1684115717 130.45 56.9 2307.78 44720.2
1684115727 129.64 56.97 16958.2 43813
1684115737 130.74 56.89 2340.86 44016.7
1684115747 130.13 56.89 2338.58 44417.1
1684115757 130.61 56.89 2363.46 44018.7
1684115767 129.83 56.89 2340.71 43046.4
1684115777 130.93 56.89 2390.66 44108.9
1684115787 125.01 56.97 16007.8 43660.3
1684115797 129.94 56.89 2356.59 43268.2
1684115807 130.54 56.89 2365.76 44505.1
1684115817 129.9 56.89 2336.31 43536.3
1684115827 131.1 56.89 2338.58 43591.1
1684115837 130.57 56.89 2318.21 44715.1
1684115847 130.32 56.89 2363.46 44247.2
1684115857 126.61 56.97 16935.9 44200.8
1684115867 130.65 56.89 2340.86 43298.8
1684115877 129.93 56.89 2313.7 44266.7
1684115887 130.52 56.89 2313.7 44252.7
1684115897 130.1 56.89 2331.08 44661.4
1684115907 130.48 56.89 2336.31 43834.9
1684115917 125.37 56.97 15077.9 44534.9
1684115927 129.93 56.89 2313.7 43350.8
1684115937 130.64 56.89 2315.95 44162.7
1684115947 130.54 56.89 2340.86 44100.8
1684115957 130.71 56.89 2363.46 44410.5
1684115967 129.83 56.89 2338.58 43731.8
1684115977 125.66 56.97 14566 43859.7
1684115987 129.93 56.89 2314.09 43229.5
1684115997 129.31 56.89 2293.28 43429.8
1684116007 129.84 56.89 2316.07 43314
1684116017 130.26 56.89 2315.95 44751
1684116027 130.1 56.89 2311.46 43668.3
1684116037 129.77 56.89 2293.64 43747.6
1684116047 129.26 56.97 16913.9 44232.5
1684116057 129.96 56.89 2317.51 43389.5
1684116067 129.46 56.89 2316.07 42849.3
1684116077 130.35 56.89 2340.86 44237.7
1684116087 130.26 56.89 2340.86 44237.3
1684116097 129.85 56.89 2349.76 43527
1684116107 124.77 56.97 15810.3 44258.1
1684116117 130.12 56.89 2313.7 43278.9
1684116127 130.31 56.89 2313.7 44154.7
1684116137 130.74 56.89 2340.86 43772
1684116147 129.84 56.89 2338.58 43635.4
1684116157 130.8 56.97 2363.46 44883.2
1684116167 131.16 56.89 2336.31 44178.2
1684116177 125.73 56.97 16571.4 43725.7
1684116187 130.32 56.89 2363.46 43668.4
1684116197 130.45 56.89 2315.95 43585.2
1684116207 129.45 56.89 2316.07 43388.3
1684116217 130.33 56.89 2363.46 44008.2
1684116227 130.42 56.89 2363.46 44262.4
1684116237 130.39 56.89 2339.03 43772.8
1684116247 130.06 56.97 17358.4 43824.1
1684116257 130.42 56.89 2388.34 43688.2
1684116267 130.51 56.89 2338.58 44408.9
1684116277 130.06 56.89 2340.86 43759.1
1684116287 130.21 56.89 2388.34 44050.9
1684116297 129.94 56.89 2363.46 43924.2
1684116307 126.62 56.97 16012.4 43712.7
1684116317 130.26 56.89 2365.76 43683.7
1684116327 129.83 56.89 2313.7 43931.6
1684116337 130.7 56.89 2338.58 43608.6
1684116347 129.83 56.89 2313.7 44043.5
1684116357 129.74 56.89 2316.07 43187.3
1684116367 122.36 56.97 15190.3 44794.9
1684116377 130.36 56.97 2440.47 44161.1
1684116387 130.09 56.89 2336.31 43437.3
1684116397 130.02 56.89 2316.07 44220.2
1684116407 130.23 56.89 2363.46 44541.1
1684116417 130.22 56.89 2363.46 44007.8
1684116427 130.03 56.89 2338.58 44417.1
1684116437 71.94 56.95 15087.4 17921.2

Execution duration: 00:33:30.30
