1684083493 117.27 56.88 2.88 258.99
1684083494 120.93 56.88 0 27.91
1684083495 116.92 56.96 0 0
1684083496 118.6 56.88 0 0
1684083497 116.92 56.88 0 0
1684083498 117.69 56.88 0 0
1684083499 120.77 56.88 0 0
1684083500 120.47 56.88 0 0
1684083501 124.81 56.88 0 0
1684083502 116.92 56.88 0 0
1684083503 119.01 56.88 0 0
1684083504 116.92 56.88 0 0
1684083505 123.08 56.88 0 0
1684083506 117.83 56.88 0 0
1684083507 120.93 56.88 0 0
1684083508 121.09 56.88 0 0
1684083509 126.77 56.88 0 0
1684083510 120 56.88 0 0
1684083511 95.31 56.96 987.5 1375
1684083512 1.53 56.88 0 2931.3

Execution duration: 00:00:22.22
