1684143424 117.86 56.83 0 28508.6
1684143425 123.85 56.83 0 25775.4
1684143426 116.2 56.83 0 4509.86
1684143427 115.97 56.91 0 4447.22
1684143428 121.54 56.91 0 4926.15
1684143429 123.62 56.83 3.15 5042.52
1684143430 124.41 56.83 0 5042.52
1684143431 119.31 56.83 0 4416.55
1684143432 130.71 56.83 0 5042.52
1684143433 129.13 56.83 0 5042.52
1684143434 126.77 56.83 0 5042.52
1684143435 122.14 56.83 0 4888.55
1684143436 134.38 56.83 0 5003.12
1684143437 121.54 56.83 0 4926.15
1684143438 124.83 56.83 0 8593.29
1684143439 123.44 56.83 0 5003.12
1684143440 130.47 56.83 0 5003.12
1684143441 129.13 56.83 0 5042.52
1684143442 135.38 56.83 0 9849.23
1684143443 126.77 56.83 0 5042.52
1684143444 134.88 56.83 0 9925.58
1684143445 120 56.83 0 4926.15
1684143446 48.88 56.91 656.18 4107.87

Execution duration: 00:00:26.26
