1684108086 131.1 56.91 2336.63 40852.5
1684108096 130.07 56.91 2284.77 42213.8
1684108106 130.68 56.91 2314.96 43402.7
1684108116 131.68 56.91 2315.64 44262.8
1684108126 130.81 56.91 2316.81 43394.4
1684108136 123.42 56.98 14131 43963.8
1684108146 130.22 56.9 2291.43 43317.4
1684108156 129.54 56.9 2291.81 42843.5
1684108166 130.46 56.9 2284.38 43864.2
1684108176 130.87 56.9 2313.4 43316.9
1684108186 130.88 56.9 2337.86 43702.5
1684108196 130.23 56.9 2315.64 42980.4
1684108206 130.23 56.98 15991.9 43731
1684108216 130.19 56.9 2286.99 43219
1684108226 131 56.9 2288.82 42979.2
1684108236 130.97 56.9 2286.99 43352.2
1684108246 130.28 56.9 2320.54 43661.3
1684108256 130.17 56.9 2284.77 42653
1684108266 123.49 56.98 15458.7 43313.2
1684108276 130.71 56.9 2313.7 42940.3
1684108286 130.2 56.9 2286.99 43017.1
1684108296 131.13 56.9 2309.21 44400.8
1684108306 130.67 56.9 2311.85 43527
1684108316 131.36 56.9 2336.31 43822.9
1684108326 130.29 56.9 2311.85 43661
1684108336 125.41 56.98 16246 43219
1684108346 130.35 56.9 2334.43 43707.9
1684108356 131.07 56.9 2311.46 43508.7
1684108366 130.25 56.9 2294.03 43116.8
1684108376 130.69 56.9 2336.31 43920
1684108386 131.28 56.9 2340.52 44026
1684108396 130.58 56.9 2336.31 43224.5
1684108406 126.8 56.98 16889.7 43611.3
1684108416 130.31 56.9 2322.78 43068.3
1684108426 130.68 56.9 2336.7 43468.3
1684108436 130.25 56.9 2315.95 43517.5
1684108446 130.8 56.9 2314.09 43409.5
1684108456 130.7 56.9 2341.69 44578.4
1684108466 131.13 56.9 2335.98 44159.1
1684108476 127.77 56.98 17265.6 43300.2
1684108486 129.93 56.9 2316.07 42473.5
1684108496 130.61 56.9 2290.76 44038.1
1684108506 130.38 56.9 2311.46 43605.8
1684108516 130.3 56.9 2323.17 42584.2
1684108526 130.02 56.9 2298.07 43428.6
1684108536 130.71 56.9 2338.97 43334.1
1684108546 128.96 56.98 17347.7 43284.4
1684108556 131.28 56.9 2314.09 44314.5
1684108566 131.46 56.9 2311.46 43265.6
1684108576 130.3 56.9 2311.85 43144.1
1684108586 130.61 56.9 2313.7 43221
1684108596 131.48 56.9 2317.2 44003.5
1684108606 128.07 56.98 15414.4 42732.8
1684108616 130.51 56.9 2289.21 42862.2
1684108626 130.52 56.9 2316.07 43873.7
1684108636 130.87 56.9 2336.7 43166.6
1684108646 130.3 56.9 2286.6 43275.7
1684108656 129.65 56.9 2319.53 43089.9
1684108666 130.24 56.9 2331.78 43754.3
1684108676 129.61 56.98 17332.4 43221.4
1684108686 130.53 56.98 2306.98 43617.8
1684108696 130.55 56.9 2284.77 44026.8
1684108706 130.32 56.9 2314.09 43361.7
1684108716 130.58 56.9 2297.86 43345.6
1684108726 129.81 56.9 2289.61 42880.4
1684108736 123.91 56.98 15604.7 43396.3
1684108746 130.27 56.9 2309.6 43433.9
1684108756 130.46 56.9 2309.21 43782
1684108766 130.51 56.9 2314.09 44223.5
1684108776 131.39 56.9 2313.7 44004.3
1684108786 131.1 56.9 2320.31 43608.9
1684108796 130.52 56.9 2313.7 42843.5
1684108806 126.32 56.98 16417.8 43698.4
1684108816 129.74 56.9 2316.07 43021
1684108826 130.49 56.9 2288.09 42831.8
1684108836 130.55 56.9 2315.95 43835.8
1684108846 130.85 56.9 2334.04 43498
1684108856 130.9 56.9 2338.58 44290.8
1684108866 130.61 56.9 2316.81 43188.3
1684108876 127.51 56.98 17068.2 43944
1684108886 130.39 56.9 2286.6 42679.6
1684108896 130.68 56.9 2304.74 42909.6
1684108906 130.19 56.9 2286.6 43508.3
1684108916 130.19 56.9 2313.85 43462.3
1684108926 130.13 56.9 2288.82 42469.2
1684108936 129.42 56.9 2283.08 43194.2
1684108946 129.64 56.98 17110.2 43164.6
1684108956 130.17 56.9 2316.97 43647.3
1684108966 130.04 56.9 2306.98 43503.5
1684108976 131.03 56.9 2315.95 43607.4
1684108986 130.68 56.98 2311.46 43096.7
1684108996 130.57 56.9 2336.31 44134
1684109006 123.49 56.98 15715.3 43798.1
1684109016 130.52 56.9 2313.7 43352.8
1684109026 130.94 56.9 2309.21 43202.3
1684109036 130.83 56.9 2315.95 44001.9
1684109046 130.9 56.9 2341.69 43631.9
1684109056 130.78 56.9 2311.46 43955.7
1684109066 130.37 56.9 2302.51 42982.6
1684109076 129.12 56.98 16292.8 43836.9
1684109086 130.87 56.9 2311.46 43655.9
1684109096 130.61 56.9 2313.7 43642
1684109106 130.13 56.9 2313.7 43290.6
1684109116 130.26 56.9 2309.21 43933.3
1684109126 130.48 56.9 2311.46 43810.1
1684109136 127.26 56.98 15510.8 42808.9
1684109146 130.1 56.9 2279.96 43419.9
1684109156 130.1 56.9 2284.61 43583.3
1684109166 130.88 56.9 2286.6 44436.1
1684109176 130.59 56.9 2286.6 43443.9
1684109186 130.3 56.9 2286.6 43067.6
1684109196 125.05 56.98 14929.3 43374
1684109206 130.07 56.9 2277.76 42184.1
1684109216 129.54 56.9 2266.79 42996.7
1684109226 130.29 56.9 2336.31 43687.8
1684109236 130.58 56.9 2336.31 43734
1684109246 130.9 56.9 2338.58 43763.7
1684109256 123.5 56.98 14468.3 43674.9
1684109266 130.17 56.9 2309.21 43489.8
1684109276 130.13 56.9 2323.03 42723.8
1684109286 130.13 56.9 2282.17 43469
1684109296 129.83 56.9 2316.07 43233.5
1684109306 131.46 56.9 2342.52 43541
1684109316 130.95 56.9 2315.42 42886.9
1684109326 127.54 56.98 16132.2 42985.5
1684109336 130.97 56.9 2336.7 44339.4
1684109346 130.71 56.9 2288.82 43975.5
1684109356 129.41 56.9 2296.24 42596.3
1684109366 131 56.9 2338.58 43749.3
1684109376 130.7 56.9 2314.09 43096.6
1684109386 123.73 56.98 15222.1 43327.1
1684109396 129.94 56.9 2291.81 43057.2
1684109406 129.75 56.9 2319.15 43166.9
1684109416 130.88 56.9 2336.7 43871.1
1684109426 130.19 56.9 2311.46 43192.6
1684109436 130.59 56.9 2336.7 43563.1
1684109446 130.65 56.9 2334.04 43601.9
1684109456 126.8 56.98 16399.6 43638.8
1684109466 131 56.9 2313.7 43413.4
1684109476 130.43 56.9 2332.17 43850
1684109486 131.48 56.9 2338.58 44103.8
1684109496 130.22 56.9 2289.21 43003.3
1684109506 130.82 56.9 2325.41 43190.3
1684109516 130.29 56.9 2311.46 43649.7
1684109526 127.83 56.98 17078.7 43371.6
1684109536 130.1 56.9 2286.6 42836.9
1684109546 130.41 56.9 2289.21 43407.6
1684109556 131.04 56.9 2287.48 43785.4
1684109566 130.49 56.9 2286.99 43120
1684109576 130.49 56.9 2286.6 43043.1
1684109586 124.98 56.98 14995.2 43493.1
1684109596 130.59 56.9 2286.6 43264.5
1684109606 130.29 56.9 2286.99 43157.7
1684109616 130.52 56.9 2288.82 43402.9
1684109626 130.75 56.9 2334.43 44262.7
1684109636 130.71 56.9 2313.7 43399
1684109646 124.64 56.98 14339.5 42998.6
1684109656 130.85 56.9 2277.76 43520.7
1684109666 130.58 56.9 2311.85 43046.2
1684109676 130.22 56.9 2288.82 43706.5
1684109686 130.48 56.9 2336.7 43344.1
1684109696 130.13 56.9 2340.71 43858.7
1684109706 129.81 56.9 2262.14 43491.3
1684109716 127.66 56.98 16513.3 42872.3
1684109726 130.84 56.9 2341.25 43935.4
1684109736 129.17 56.9 2300.68 43157.5
1684109746 130.09 56.9 2336.31 43430.3
1684109756 130.58 56.9 2336.7 44254.8
1684109766 131.39 56.9 2338.58 43626.4
1684109776 121.74 56.98 15249.1 42969.7
1684109786 129.16 56.9 2291.43 42288.3
1684109796 130.26 56.9 2316.34 43369.3
1684109806 130.61 56.9 2313.7 44056.4
1684109816 130.13 56.9 2338.97 43638.1
1684109826 130.42 56.9 2338.58 43752.4
1684109836 130.16 56.9 2316.34 43678.2
1684109846 124.27 56.98 16026.7 43145.5
1684109856 130.71 56.9 2314.09 43964.2
1684109866 129.45 56.9 2316.07 42913.2
1684109876 130.87 56.9 2311.85 44169.7
1684109886 130.29 56.9 2336.31 43621
1684109896 130.65 56.9 2344.36 44280.9
1684109906 131.1 56.9 2314.09 43915.7
1684109916 127.5 56.98 16595.1 42946.9
1684109926 130.8 56.9 2289.21 43104.4
1684109936 130.74 56.9 2284.38 42672.4
1684109946 131.19 56.9 2314.09 44106.1
1684109956 130.96 56.9 2311.46 42825.2
1684109966 131.58 56.9 2289.21 43314.7
1684109976 124.39 56.98 14955.1 42933.3
1684109986 130.19 56.9 2286.99 42436.9
1684109996 130.27 56.9 2234.72 42751.5
1684110006 130.31 56.9 2249.04 42636.3
1684110016 130.68 56.9 2261.75 42612
1684110026 130.07 56.9 2284.77 43098.3
1684110036 130.51 56.9 2288.82 43084.2
1684110046 124.35 56.98 15906.1 43461.1
1684110056 130.13 56.9 2313.7 43918
1684110066 129.06 56.9 2291.81 42794.2
1684110076 130 56.9 2336.31 43820.2
1684110086 130.59 56.9 2336.7 44929.7
1684110096 129.75 56.9 2331.78 43449.6
1684110106 122.52 56.9 3.5 43602.7
1684110116 43.97 56.96 15188.3 7163.82

Execution duration: 00:33:58.58
