1684087972 130.39 56.98 2351.46 40010.5
1684087982 131.03 56.9 2341.64 44491.1
1684087992 131.07 56.9 2339.42 46034.2
1684088002 130.51 56.9 2366.96 42431.9
1684088012 130.71 56.9 2338.58 43958.8
1684088022 122.65 56.98 14180.4 43289
1684088032 129.64 56.98 2316.07 44194
1684088042 130.42 56.9 2363.85 44536.8
1684088052 130.64 56.9 2340.86 43512.1
1684088062 130.77 56.9 2336.7 44108
1684088072 130.35 56.9 2342.42 44808.9
1684088082 122.65 56.98 14123.2 43471.3
1684088092 130.65 56.98 2340.86 44764.6
1684088102 130.02 56.9 2314.09 42766.2
1684088112 130.42 56.9 2313.7 43707.7
1684088122 130.45 56.9 2316.34 44385.2
1684088132 129.36 56.9 2293.35 43743.6
1684088142 129.62 56.9 2338.84 43606.2
1684088152 125.66 56.99 16156.3 44439.3
1684088162 130.97 56.99 2311.46 43451.7
1684088172 130.84 56.91 2341.25 43963
1684088182 130.12 56.91 2338.58 43615.6
1684088192 130.89 56.91 2338.97 44171
1684088202 130.65 56.91 2365.76 43940.1
1684088212 130.03 56.91 2338.97 43755.9
1684088222 127.98 56.98 16999 43668
1684088232 131.04 56.9 2341.25 43852.9
1684088242 130.13 56.9 2316.81 44574.5
1684088252 130.06 56.9 2366.15 43698.4
1684088262 130.61 56.9 2338.97 44260.4
1684088272 130.16 56.9 2316.34 44463.4
1684088282 129.83 56.9 2300.88 43491.6
1684088292 129.77 56.98 17768.9 43622.6
1684088302 130.13 56.9 2365.4 43568.5
1684088312 130.65 56.9 2365.76 43973.9
1684088322 130.22 56.9 2338.97 43673.1
1684088332 130.13 56.9 2340.71 43197.3
1684088342 130.83 56.9 2344.36 44493.8
1684088352 123.2 56.98 15859.1 45235.4
1684088362 130.32 56.98 2338.97 43027.4
1684088372 130.9 56.9 2288.82 43482.6
1684088382 129.93 56.9 2342.08 43664.9
1684088392 130.03 56.9 2363.46 44456
1684088402 129.64 56.9 2316.45 43822.9
1684088412 130.21 56.9 2338.97 43686.7
1684088422 124.78 56.98 16175.3 43894.3
1684088432 129.83 56.98 2317.2 43970.1
1684088442 130.58 56.9 2343.14 43320.7
1684088452 130.07 56.9 2309.6 44095.1
1684088462 130.81 56.9 2338.58 44046.3
1684088472 130.25 56.9 2366.15 43796.1
1684088482 123.51 56.98 14437.3 44369.7
1684088492 130.16 56.98 2341.25 43817.9
1684088502 130.51 56.9 2363.46 44726.9
1684088512 130.44 56.9 2341.25 44028.4
1684088522 130.35 56.9 2340.86 43692.2
1684088532 130.07 56.9 2341.25 43563
1684088542 130.03 56.9 2366.57 43933.9
1684088552 126.25 56.98 16578 44118.9
1684088562 130.2 56.98 2336.31 43890.9
1684088572 130.22 56.9 2338.97 43673.5
1684088582 130.2 56.9 2311.85 44112.2
1684088592 129.84 56.9 2316.07 43473.7
1684088602 129.83 56.9 2342.08 44444.3
1684088612 121.98 56.98 15020.6 43483.7
1684088622 129.93 56.98 2415.01 43330.1
1684088632 130.16 56.9 2340.86 44417.9
1684088642 130.67 56.9 2343.53 44263.3
1684088652 129.93 56.9 2313.7 43493.5
1684088662 129.74 56.9 2316.45 44394.2
1684088672 129.77 56.9 2346.05 43927.2
1684088682 124.76 56.98 16041.5 43813.2
1684088692 130.38 56.98 2343.14 43493.3
1684088702 129.64 56.9 2341.09 43898.8
1684088712 130.93 56.9 2340.86 44238.5
1684088722 129.84 56.9 2338.97 43759
1684088732 130.54 56.9 2365.76 43502.7
1684088742 130.12 56.9 2338.97 44638.7
1684088752 125.95 56.98 16829.2 43566.2
1684088762 129.84 56.98 2316.07 43767.1
1684088772 129.93 56.9 2338.97 43650.9
1684088782 130.54 56.9 2340.86 44805.1
1684088792 130.41 56.9 2363.85 44077.8
1684088802 131.13 56.9 2365.76 44107.4
1684088812 129.84 56.9 2338.97 43684.3
1684088822 129.54 56.98 17135.1 43491.6
1684088832 130.44 56.9 2350.59 44040.5
1684088842 130.22 56.9 2347.91 43358.6
1684088852 130.81 56.9 2338.97 44493.3
1684088862 131.23 56.9 2340.86 44616.7
1684088872 130.32 56.9 2338.97 44260.4
1684088882 124.1 56.98 15929.6 44118.2
1684088892 130.22 56.98 2314.09 43298
1684088902 131.1 56.9 2338.58 44134.1
1684088912 130.61 56.9 2314.09 43392.8
1684088922 130.7 56.9 2314.09 44878.9
1684088932 129.9 56.9 2338.25 43482.3
1684088942 121.87 56.96 14244.1 43200
1684088952 130.23 56.98 16582.3 43574.3
1684088962 129.81 56.9 2311.85 43266.8
1684088972 130.35 56.9 2315.95 43632.3
1684088982 129.65 56.9 2267.17 43168.4
1684088992 129.45 56.9 2316.07 42881.2
1684089002 130.48 56.9 2336.7 44749.1
1684089012 128.15 56.98 15824.1 43170.5
1684089022 130.41 56.9 2314.09 43750.1
1684089032 130.51 56.9 2266.79 44416.2
1684089042 130.03 56.9 2319.53 43158.8
1684089052 130.64 56.9 2340.86 43391.8
1684089062 130.41 56.9 2289.21 43695.2
1684089072 126.46 56.98 15406.6 44361.9
1684089082 129.93 56.98 2338.97 43645.5
1684089092 130.41 56.9 2338.58 44458.7
1684089102 130.12 56.9 2338.97 43206.2
1684089112 130.58 56.9 2336.31 44848.5
1684089122 130.03 56.9 2338.97 42950.1
1684089132 124.66 56.98 15004.7 43776.3
1684089142 129.91 56.98 2313.85 44910.4
1684089152 130.06 56.9 2349.03 44090.3
1684089162 130.84 56.9 2348.64 43873.5
1684089172 130.25 56.9 2341.25 44053.7
1684089182 130.55 56.9 2342.42 43331.9
1684089192 123.54 56.96 14435.4 44402.7
1684089202 130.03 56.98 16896 44050.9
1684089212 130.12 56.9 2314.09 43613.6
1684089222 130.44 56.9 2315.95 43916.3
1684089232 129.42 56.9 2289.61 44700.4
1684089242 130.09 56.9 2313.85 44775.4
1684089252 130.19 56.9 2311.85 43143.7
1684089262 126.08 56.98 15883.4 44073.5
1684089272 131.23 56.98 2316.34 44459.5
1684089282 130.17 56.9 2309.21 45555
1684089292 130.67 56.9 2350.68 45219.8
1684089302 130.52 56.9 2313.7 44231.7
1684089312 130.61 56.9 2338.97 44248.4
1684089322 130.8 56.9 2338.97 46048.6
1684089332 129.64 56.98 17186.4 44523.6
1684089342 130.05 56.9 2300.68 44738.9
1684089352 129.73 56.9 2338.58 43033.6
1684089362 130.55 56.9 2341.25 44079.8
1684089372 130.26 56.9 2340.86 43469.7
1684089382 131.23 56.9 2341.25 44999.6
1684089392 122.94 56.98 15783.1 43751.6
1684089402 131.61 56.98 2316.34 44355.2
1684089412 129.24 56.9 2289.23 44058.1
1684089422 130.42 56.9 2314.09 44088.6
1684089432 130.51 56.9 2316.81 44363.5
1684089442 130.19 56.9 2311.85 43865.2
1684089452 130.32 56.9 2340.71 46431.9
1684089462 130.36 56.98 16100.1 45354.8
1684089472 130.25 56.9 2291.05 43560.7
1684089482 130.71 56.9 2314.09 44204.5
1684089492 130.22 56.9 2313.7 43464.7
1684089502 130.12 56.9 2338.97 44138
1684089512 129.52 56.9 2314.23 44842.3
1684089522 129.06 56.98 15536.2 44169.5
1684089532 130.06 56.9 2316.34 43582.5
1684089542 130.35 56.9 2315.95 43949.8
1684089552 130.8 56.9 2338.97 44653.1
1684089562 130.74 56.9 2334.04 44266.2
1684089572 130.12 56.9 2314.09 43448.8
1684089582 124.54 56.98 15519.2 45153.4
1684089592 130.34 56.98 2307.37 42930.6
1684089602 130.51 56.9 2298.15 44028
1684089612 129.75 56.9 2316.45 45027.1
1684089622 130.81 56.9 2338.58 45370.7
1684089632 130.09 56.9 2311.85 43070.3
1684089642 131.13 56.98 2340.86 46136.2
1684089652 126.78 56.98 16713.9 42849.5
1684089662 130.03 56.9 2363.46 43401.8
1684089672 130.9 56.9 2338.97 45763.3
1684089682 130.03 56.9 2313.7 43681.6
1684089692 129.81 56.9 2338.84 45109.6
1684089702 130.19 56.9 2336.7 43946
1684089712 130.61 56.9 2363.46 44368.1
1684089722 129.84 56.98 17572.8 43978.6
1684089732 130.12 56.9 2338.58 43211.7
1684089742 130.74 56.9 2341.25 46200.8
1684089752 130.8 56.9 2338.58 45596.5
1684089762 130.32 56.9 2338.97 44053.6
1684089772 130.74 56.9 2365.76 44180.2
1684089782 125.17 56.98 15926.9 44719.2
1684089792 130.41 56.98 2338.58 43508.7
1684089802 130.71 56.9 2338.97 44545.4
1684089812 130.23 56.9 2363.46 43950.2
1684089822 130.84 56.9 2391.05 46308.9
1684089832 130.51 56.9 2363.46 44122.1
1684089842 122.16 56.98 14657 44359.2
1684089852 130.06 56.98 2440.86 43984.8
1684089862 130.65 56.9 2341.25 46001.2
1684089872 129.93 56.9 2314.09 43759.8
1684089882 130.22 56.9 2313.7 44140.7
1684089892 130.16 56.9 2318.69 45124.9
1684089902 130.85 56.98 2340.86 46172.8
1684089912 125.46 56.98 16036.5 45717
1684089922 129.65 56.98 2338.58 42744.4
1684089932 130.12 56.9 2338.97 43640.8
1684089942 130.45 56.9 2315.95 44430
1684089952 130.02 56.9 2363.85 44104.2
1684089962 130.45 56.9 2365.76 43352.1
1684089972 121.09 56.96 14551.6 43807.6
1684089982 33.79 56.96 607.16 3565.54

Execution duration: 00:33:37.37
