1684073903 130.51 56.75 2326.92 40753
1684073913 130.09 56.68 2312.24 43578.2
1684073923 130.44 56.68 2294.55 43947.1
1684073933 130.65 56.68 2311.15 43733.5
1684073943 130.51 56.68 2316.81 44223.1
1684073953 122.7 56.74 14117.2 43364.5
1684073963 129.44 56.74 2274.9 42822.8
1684073973 130.97 56.67 2263.69 43274.6
1684073983 130.26 56.67 2309.21 43441.7
1684073993 130.35 56.67 2316.34 43377.4
1684074003 130.59 56.67 2311.46 43796.9
1684074013 130.19 56.67 2311.85 43565.4
1684074023 129.03 56.74 15998.1 42913.4
1684074033 130 56.67 2313.4 43139
1684074043 130.42 56.67 2313.7 44213
1684074053 129.74 56.67 2338.97 43709.6
1684074063 130.12 56.67 2313.7 44075
1684074073 130.77 56.67 2336.7 44005.8
1684074083 124.05 56.74 15677.6 43580.6
1684074093 130.08 56.74 2309.6 43018.4
1684074103 130.39 56.67 2313.01 43748.7
1684074113 129.81 56.74 2311.85 43501.4
1684074123 130.52 56.67 2338.97 43244.3
1684074133 129.88 56.67 2309.21 43774.6
1684074143 130.38 56.67 2336.7 43984.8
1684074153 125.02 56.74 16345.3 42938.9
1684074163 130.77 56.74 2336.7 44001.2
1684074173 130.42 56.67 2288.82 43491.2
1684074183 129.91 56.67 2286.99 43264.8
1684074193 129.9 56.67 2311.46 42697.1
1684074203 130.22 56.67 2363.85 44645.7
1684074213 130.19 56.67 2336.31 43293.2
1684074223 127 56.74 16962.7 44288.2
1684074233 130.32 56.74 2313.7 43308.8
1684074243 129.45 56.67 2338.97 42939.2
1684074253 130.29 56.67 2336.31 44509.1
1684074263 130.48 56.67 2336.7 43256.3
1684074273 130.66 56.67 2309.21 43961.6
1684074283 129.84 56.67 2332.17 43374.8
1684074293 128.16 56.74 17389.5 43851.7
1684074303 130.03 56.74 2314.09 43703
1684074313 130.42 56.67 2313.7 43882.6
1684074323 130.32 56.67 2338.97 44236.7
1684074333 130.35 56.67 2334.43 43639.2
1684074343 129.8 56.67 2336.31 43039.2
1684074353 129.97 56.67 2334.43 44169.2
1684074363 128.93 56.75 17531.3 43783.3
1684074373 130.25 56.68 2316.34 43593
1684074383 130.13 56.68 2313.7 43673.1
1684074393 129.9 56.68 2336.7 43376.7
1684074403 129.81 56.68 2336.31 43757.3
1684074413 129.9 56.68 2338.25 43962.7
1684074423 128.37 56.74 15724.8 43881.1
1684074433 129.88 56.74 2309.6 43090.6
1684074443 130.71 56.67 2338.58 43869.8
1684074453 130.19 56.67 2336.7 43491.3
1684074463 130.01 56.67 2336.31 44043.1
1684074473 130.2 56.67 2336.7 43708
1684074483 123.03 56.74 15532.8 44553.2
1684074493 129.74 56.74 2289.21 43130.8
1684074504 129.9 56.67 2320.54 42894.5
1684074513 130.19 56.67 2311.85 44160
1684074523 130.19 56.67 2336.7 43957.3
1684074533 130.52 56.67 2340.52 44294.7
1684074543 129.81 56.67 2311.85 42965.8
1684074553 125.92 56.74 16134.8 43826
1684074563 129.61 56.74 2286.99 43221.8
1684074574 130.1 56.67 2304.74 43501.7
1684074584 129.38 56.67 2325.41 43723.3
1684074593 130.07 56.67 2334.04 44441.9
1684074603 130.33 56.67 2340.52 43795.5
1684074613 130.58 56.67 2336.31 43560.8
1684074623 127.86 56.74 17062.1 43292.4
1684074633 129.7 56.74 2336.31 43654
1684074643 130.71 56.67 2338.97 44321.5
1684074654 129.4 56.67 2352.03 43949.3
1684074663 130.9 56.67 2363.85 44529.4
1684074673 130.68 56.67 2361.17 44391.5
1684074683 130.1 56.67 2338.25 43816.3
1684074693 128.54 56.74 17798.8 43310.7
1684074703 130.41 56.67 2338.97 43553.7
1684074713 130.03 56.67 2289.21 43413.8
1684074723 130.59 56.67 2336.31 43820.2
1684074733 130.49 56.67 2336.7 44570.1
1684074744 130.14 56.67 2331.78 43937.2
1684074754 123.92 56.74 15660.7 43311.4
1684074763 130.29 56.74 2337.86 43786.4
1684074773 130.12 56.67 2314.09 43960.7
1684074784 130.1 56.67 2336.31 43857.9
1684074794 130 56.67 2361.56 43984.8
1684074804 130.19 56.67 2361.17 43928.2
1684074814 130.07 56.67 2334.43 43664.8
1684074824 127.11 56.74 16850.1 43888.4
1684074834 130.52 56.74 2338.97 43738.4
1684074843 130.22 56.67 2338.97 44297
1684074854 129.72 56.67 2336.31 44290.1
1684074864 129.79 56.67 2360.81 44235.1
1684074874 130.51 56.67 2363.85 43695.2
1684074884 125.37 56.74 15254.6 44364.8
1684074894 131.87 56.74 2289.21 43829
1684074904 131.49 56.67 2288.82 43887.7
1684074914 130.2 56.67 2336.7 44039.2
1684074924 130.71 56.67 2338.58 43652.5
1684074934 130.29 56.67 2311.85 43424.8
1684074944 123.88 56.74 14533.2 44035.3
1684074954 129.9 56.74 2311.85 43914.9
1684074964 130.05 56.67 2283.72 44146.5
1684074974 129.42 56.67 2265 42889.6
1684074984 129.96 56.67 2311.62 43891.3
1684074994 130 56.67 2336.7 43896.7
1684075004 122.13 56.74 14109.1 43428
1684075014 130.1 56.74 2411.26 43224.5
1684075024 130.32 56.67 2338.58 43856.2
1684075034 130.07 56.67 2341.25 43624.1
1684075044 130.49 56.67 2361.17 44817.1
1684075054 130.61 56.67 2363.85 44307.9
1684075064 129.93 56.67 2363.85 44146.9
1684075074 128.41 56.74 16084.4 44285.2
1684075084 130.48 56.74 2313.4 43800
1684075094 129.86 56.67 2318.3 43782.7
1684075104 130.22 56.67 2338.97 43511.8
1684075114 130.55 56.67 2334.04 43880.5
1684075124 131 56.67 2349.08 44163.7
1684075134 126.31 56.74 15653.6 43215.2
1684075144 129.81 56.74 2315.39 43728.5
1684075154 130.58 56.67 2336.31 43798.8
1684075164 130.51 56.67 2314.09 44422.6
1684075174 129.77 56.67 2334.04 44027.9
1684075184 129.81 56.67 2336.7 43651.3
1684075194 122.17 56.74 14868 44379.4
1684075204 129.72 56.74 2314.23 42964.2
1684075214 130.31 56.67 2315.25 43714.7
1684075224 130.68 56.67 2361.56 43716.9
1684075234 129.9 56.67 2361.17 43983.3
1684075244 130.71 56.67 2363.85 44162.1
1684075254 130.07 56.67 2334.43 44371.3
1684075264 125.65 56.74 16191.2 43600.4
1684075274 130.51 56.74 2338.97 44263.6
1684075284 130.39 56.67 2361.17 44264.8
1684075294 130.75 56.67 2334.43 43982.9
1684075304 130.16 56.67 2334.04 43969.7
1684075314 130.63 56.67 2341.25 44147.1
1684075324 130.8 56.67 2363.46 44160.9
1684075334 127.02 56.74 17126.9 43098.2
1684075344 130 56.74 2311.46 43787.2
1684075354 130.61 56.67 2314.09 43558.4
1684075364 130.49 56.67 2311.46 44601.2
1684075374 130.58 56.67 2336.7 43693.2
1684075384 130.29 56.67 2336.31 44410.1
1684075394 125.17 56.74 15202.7 43631.9
1684075404 130.35 56.74 2315.95 43821.4
1684075414 129.81 56.67 2289.61 43755.4
1684075424 130.29 56.67 2311.85 43328.9
1684075434 129.61 56.67 2304.74 44094.9
1684075444 129.38 56.67 2343.36 43307.1
1684075454 126.22 56.74 14651.3 44274.6
1684075464 129.65 56.74 2314.09 43584.8
1684075474 130.45 56.67 2340.86 43955.2
1684075484 130.08 56.67 2359.65 43577.9
1684075494 130.32 56.67 2363.46 44401.2
1684075504 131.1 56.67 2363.85 44484
1684075514 121.72 56.72 14674.5 43947.5
1684075524 128.94 56.74 16958.5 43115
1684075534 130.87 56.67 2361.17 44686.6
1684075544 130.13 56.67 2338.97 43736.4
1684075554 130.55 56.67 2365.76 44410.5
1684075564 130.49 56.67 2361.56 44816.3
1684075574 130.51 56.67 2363.46 43813
1684075584 124.98 56.74 16059.5 44389.1
1684075594 130.12 56.74 2363.85 44602.5
1684075604 129.93 56.67 2338.58 44044.7
1684075614 130.42 56.67 2363.85 44842.8
1684075624 130.68 56.67 2354.31 45038.5
1684075634 129.91 56.67 2361.56 44036.9
1684075644 131.1 56.67 2363.46 44987.4
1684075654 127.79 56.74 17027 43911.4
1684075664 130.81 56.74 2338.97 44731.2
1684075674 129.42 56.67 2313.85 43238.1
1684075684 130.48 56.67 2361.56 44241.6
1684075694 130.61 56.67 2391.84 44276.8
1684075704 130.17 56.67 2383.71 44838.8
1684075714 123.33 56.74 15500.9 44281.1
1684075724 130.65 56.74 2334.04 43957.7
1684075734 130.31 56.67 2338.97 44106.1
1684075744 130.38 56.67 2336.31 43812.8
1684075754 130.68 56.67 2361.56 44149.5
1684075764 130.19 56.67 2336.31 43930.9
1684075774 129.82 56.67 2338.84 43581.2
1684075784 129.05 56.74 16522.5 43978.6
1684075794 130.95 56.74 2352.42 45959.4
1684075804 129.71 56.67 2311.85 43492.4
1684075814 130.8 56.67 2363.46 44129.4
1684075824 129.9 56.67 2311.85 43841.9
1684075834 129.91 56.67 2338.46 45597.7
1684075844 124 56.74 15664.9 43361.7
1684075854 130.42 56.74 2313.7 43825.1
1684075864 129.84 56.67 2338.58 43343.8
1684075874 130.8 56.67 2338.97 44750.6
1684075884 130.17 56.67 2358.87 43349
1684075894 129.55 56.67 2340.52 43306.1
1684075904 130.42 56.67 2363.46 44831.9
1684075914 51.07 56.72 15118.3 10343.6

Execution duration: 00:33:38.38
