1684125834 131.5 56.97 2321.71 39500.8
1684125844 130.26 56.89 2285.16 43908.8
1684125854 130.52 56.89 2315.64 43135.1
1684125864 130.81 56.89 2317.2 45444.5
1684125874 131.22 56.89 2343.97 43640.1
1684125884 123.45 56.96 14195 43804.3
1684125894 130.06 56.96 2315.95 44166.2
1684125904 131.03 56.88 2316.34 43873.2
1684125914 130.61 56.88 2313.7 44118.9
1684125924 130.41 56.88 2340.52 43640.8
1684125934 130.65 56.88 2315.95 43773.2
1684125944 121.77 56.94 13876 43586.4
1684125954 129.84 56.96 16189.3 43343.1
1684125964 130.54 56.88 2316.34 44069.7
1684125974 131.06 56.88 2336.31 44574.8
1684125984 130.35 56.88 2316.34 43919.1
1684125994 129.57 56.88 2318.3 43483.6
1684126004 129.66 56.88 2350.15 42828.2
1684126014 125.3 56.96 15949 44338.9
1684126024 129.93 56.96 2316.45 43640.4
1684126034 130.51 56.88 2338.97 43339.9
1684126044 130.74 56.88 2341.25 45073.2
1684126054 131.23 56.88 2366.15 44800
1684126064 130.35 56.88 2340.86 43463.8
1684126074 129.74 56.88 2291.81 43103
1684126084 127.04 56.96 16587.5 43280.5
1684126094 129.46 56.96 2316.45 42842
1684126104 130.52 56.88 2338.58 43797.1
1684126114 130.71 56.88 2314.09 44041.2
1684126124 130.07 56.88 2340.86 43819.5
1684126134 130.71 56.88 2340.52 44503
1684126144 130.45 56.88 2315.95 43291.8
1684126154 128.93 56.96 17486.2 44379
1684126164 130.61 56.88 2363.46 43065.9
1684126174 130.52 56.88 2338.97 44131
1684126184 130.35 56.88 2315.95 43861.1
1684126194 131.06 56.88 2343.53 44639.5
1684126204 130.32 56.88 2338.58 43859.7
1684126214 122.14 56.94 15650.1 44436.9
1684126224 129.26 56.96 17855.2 43338.2
1684126234 130.51 56.88 2338.58 43422.7
1684126244 130.68 56.88 2336.7 44887.4
1684126254 131.23 56.88 2340.86 44764.6
1684126264 130.55 56.88 2316.34 43718.3
1684126274 129.9 56.88 2311.46 43838.8
1684126284 123.35 56.96 16017.1 43452.5
1684126294 130.51 56.96 2340.13 43939.8
1684126304 130.42 56.88 2338.97 43495
1684126314 130.54 56.88 2315.95 44798.4
1684126324 130.42 56.88 2338.97 44325
1684126334 130.74 56.88 2365.76 43800.4
1684126344 123.32 56.96 14234 43768.3
1684126354 129.93 56.96 2313.7 43392
1684126364 131.03 56.88 2341.25 44310.5
1684126374 130.38 56.88 2311.46 43175.2
1684126384 130.55 56.88 2341.25 43752.5
1684126394 130.03 56.88 2338.58 43480.7
1684126404 130.75 56.88 2342.81 44096.9
1684126414 125.73 56.96 16265.2 43815.5
1684126424 130.7 56.96 2313.7 43619.1
1684126434 130.07 56.88 2341.25 43072.4
1684126444 131 56.88 2338.58 44420.2
1684126454 130.52 56.88 2307.37 43765.5
1684126464 130.77 56.88 2344.7 44707.7
1684126474 130.25 56.88 2341.25 43426.8
1684126484 129.03 56.96 16905.2 43767.8
1684126494 129.73 56.88 2289.21 43320.9
1684126504 130.32 56.88 2288.82 43598.1
1684126514 130.22 56.88 2316.45 44142.4
1684126524 130.22 56.88 2338.58 43851.9
1684126534 130.74 56.88 2367.71 44331.5
1684126544 122.65 56.96 15608.9 43261
1684126554 129.64 56.96 2316.45 43323.6
1684126564 130.8 56.88 2338.58 43859.3
1684126574 130.93 56.88 2366.15 44310.5
1684126584 131.17 56.88 2361.56 44332.8
1684126594 130.55 56.88 2365.76 43312.8
1684126604 130.13 56.88 2338.97 43888.4
1684126614 124.27 56.96 16357.3 44278.8
1684126624 130.52 56.96 2314.09 43313.5
1684126634 130.94 56.88 2309.21 43564.7
1684126644 130.06 56.88 2291.44 43391.1
1684126654 130.26 56.88 2315.95 43837.7
1684126664 130.68 56.88 2311.85 42999.2
1684126674 130.6 56.88 2288.82 43572.8
1684126684 127.37 56.96 16472.6 42946.4
1684126694 130.71 56.96 2363.46 43919.5
1684126704 129.97 56.88 2316.34 43747.5
1684126714 130.74 56.88 2340.86 44139.7
1684126724 130.84 56.88 2341.25 43880.2
1684126734 130.23 56.96 2340.13 44035.4
1684126744 122.28 56.94 15223.3 44299.6
1684126754 129.74 56.96 17497 43328.3
1684126764 130.65 56.88 2316.34 43698.8
1684126774 129.92 56.88 2323.17 43829
1684126784 130.41 56.88 2338.97 44015.2
1684126794 130.06 56.88 2341.25 43702.3
1684126804 131.32 56.88 2340.86 43718.3
1684126814 128.35 56.96 15895.5 43594.6
1684126824 130.68 56.96 2293.28 43235.4
1684126834 131.62 56.88 2316.34 44395.7
1684126844 130.59 56.88 2336.31 43452.8
1684126854 130.93 56.88 2341.25 43664.2
1684126864 130.71 56.88 2338.58 44426.4
1684126874 126.05 56.96 15193 43554.9
1684126884 129.92 56.96 2288.82 43208.2
1684126894 131.72 56.88 2291.44 43782.5
1684126904 130.58 56.88 2286.6 42990.3
1684126914 130.84 56.88 2291.44 44558.4
1684126924 129.74 56.88 2316.07 42860.8
1684126934 123.79 56.96 14518.7 44964.2
1684126944 130.03 56.96 2313.7 44061
1684126954 130.23 56.88 2332.17 43852.7
1684126964 131.94 56.88 2361.17 44939.8
1684126974 130.94 56.88 2309.6 43198.4
1684126984 130.13 56.88 2314.09 43364.4
1684126994 121.56 56.94 14038.1 43982.7
1684127004 130.55 56.96 16529.6 44514.4
1684127014 129.84 56.88 2288.82 43439.8
1684127024 130.25 56.88 2317.9 43986.4
1684127034 130.45 56.88 2340.86 43861.5
1684127044 130.23 56.88 2314.09 43292.1
1684127054 131.56 56.88 2332.82 43583.8
1684127064 127.31 56.96 16078.5 43845.3
1684127074 129.94 56.96 2306.98 43129.5
1684127084 131.19 56.88 2338.97 44457.9
1684127094 130.61 56.88 2288.82 43245.5
1684127104 130.91 56.88 2338.97 43872.1
1684127114 129.83 56.88 2338.58 43483.4
1684127124 123.51 56.96 15217.5 43616.3
1684127134 130.9 56.96 2338.58 44753
1684127144 130.19 56.88 2336.7 43877.3
1684127154 130.03 56.88 2341.69 43801.8
1684127164 130.45 56.88 2341.25 43993
1684127174 130.39 56.88 2361.56 43669.9
1684127184 130.81 56.88 2338.58 44127.5
1684127194 127.59 56.96 16490.2 43305.3
1684127204 130.89 56.96 2338.58 43528.5
1684127214 130.97 56.88 2311.85 43801.6
1684127224 130.7 56.88 2291.43 44458.9
1684127234 130.77 56.88 2286.99 43337.1
1684127244 131 56.88 2313.7 43498.5
1684127254 130.92 56.88 2325.41 43712.1
1684127264 128.08 56.96 17201.2 43385
1684127274 130.8 56.96 2264.34 42692.3
1684127284 130.13 56.88 2266.79 42262.9
1684127294 130.68 56.88 2311.85 43582.5
1684127304 130.35 56.88 2269.26 43475.9
1684127314 129.91 56.88 2289.61 43124.6
1684127324 125.07 56.96 15127.7 43582.1
1684127334 130.62 56.96 2314.09 43705.7
1684127344 130.45 56.88 2315.95 43820.6
1684127354 130.42 56.87 2291.16 44474.6
1684127364 130.15 56.87 2340.86 43441.2
1684127374 130.6 56.87 2338.97 44256.2
1684127384 125 56.95 14387.7 44452.3
1684127394 129.65 56.95 2291.43 44413.9
1684127404 130.16 56.87 2316.34 43959.5
1684127414 130.41 56.87 2313.7 43659.1
1684127424 129.64 56.87 2316.45 43741.7
1684127434 130.8 56.87 2338.58 43691.3
1684127444 131.42 56.87 2334.43 45130.2
1684127454 128.96 56.95 16889 43283.6
1684127464 129.76 56.87 2326.95 43769.3
1684127474 131.23 56.87 2340.86 44474.7
1684127484 130.64 56.87 2341.25 44079.4
1684127494 130.55 56.87 2340.86 43498.4
1684127504 129.74 56.87 2314.09 43544.8
1684127514 124.39 56.95 15735.7 43732.2
1684127524 130.64 56.95 2316.34 43869.7
1684127534 130.26 56.87 2315.95 43583.3
1684127544 129.64 56.87 2314.09 43731.8
1684127554 129.77 56.87 2316.34 43995.3
1684127564 129.48 56.87 2343.36 43992.3
1684127574 130.19 56.87 2361.56 44188.3
1684127584 126.43 56.95 16602.1 44425.3
1684127594 129.55 56.95 2338.97 43342.7
1684127604 130.45 56.87 2340.86 44195.7
1684127614 130.71 56.87 2314.09 44648.4
1684127624 129.55 56.87 2316.07 43786.7
1684127634 129.65 56.87 2365.73 44250.6
1684127644 130.8 56.87 2368.12 44491
1684127654 129.21 56.95 17282.2 43346.8
1684127664 130.19 56.87 2343.14 43101.5
1684127674 130.13 56.87 2338.97 44404.7
1684127684 130.19 56.87 2343.14 43625.3
1684127694 130.07 56.87 2359.26 43530.2
1684127704 131.09 56.87 2338.58 43996.1
1684127714 127.21 56.95 15776.5 42862.6
1684127724 130.48 56.95 2240 43183.1
1684127734 131.98 56.87 2251.21 44472.3
1684127744 131.02 56.87 2226.09 42385.3
1684127754 130.7 56.87 2338.97 43648.2
1684127764 131.48 56.87 2289.21 43894.7
1684127774 130.67 56.87 2311.46 43450.1
1684127784 128.01 56.95 16849 43259.5
1684127794 129.85 56.95 2300.29 44763.3
1684127804 130.6 56.87 2338.97 44534.5
1684127814 130.16 56.87 2340.86 43510.9
1684127824 130.06 56.87 2341.25 44501.2
1684127834 130.7 56.87 2338.58 43825.8
1684127844 113.7 56.93 15119.5 32483.2
1684127854 0.97 56.93 3.09 649.28

Execution duration: 00:33:44.44
