1684157168 118.11 56.83 3.15 31.5
1684157169 120.31 56.83 0 3.12
1684157170 118.46 56.83 0 0
1684157171 120.77 56.83 0 0
1684157172 128.57 56.83 0 0
1684157173 121.09 56.83 0 0
1684157174 124.6 56.83 0 0
1684157175 118.06 56.83 0 0
1684157176 120.77 56.83 0 0
1684157177 128.8 56.83 0 0
1684157178 124.22 56.83 0 0
1684157179 131.75 56.83 0 0
1684157180 121.09 56.83 0 0
1684157181 126.56 56.83 0 0
1684157182 125 56.83 0 0
1684157183 124.6 56.83 0 0
1684157184 121.54 56.83 0 0
1684157185 119.38 56.83 0 0
1684157187 119.33 56.83 0 0
1684157187 133.86 56.83 0 0
1684157188 133.85 56.83 716.92 501.54
1684157189 68.46 56.91 1553.85 4532.31

Execution duration: 00:00:25.25
