1684110298 131.43 56.99 2299.12 40339.9
1684110308 130.7 56.91 2339.36 46232.5
1684110318 130.8 56.91 2342.08 46283.8
1684110328 130.64 56.91 2344.36 45888.3
1684110338 130.41 56.91 2338.58 45358.6
1684110348 123.7 56.98 14255 45336.4
1684110358 130.8 56.98 2338.58 45784.3
1684110368 130.61 56.9 2314.09 45002.9
1684110378 130.6 56.9 2338.58 45688.2
1684110388 130.39 56.9 2336.7 45775.2
1684110398 130.71 56.9 2340.13 44975.7
1684110408 122.76 56.98 14037.4 45732.3
1684110418 130.87 56.98 2435.73 45882.7
1684110428 131.03 56.9 2341.25 46278.2
1684110438 130.28 56.9 2318.21 45374.9
1684110448 130.71 56.9 2338.58 45292.5
1684110458 131 56.9 2338.58 45717
1684110468 130.78 56.9 2336.31 46054
1684110478 125.1 56.98 16100 45233.1
1684110488 130.65 56.9 2340.86 45423
1684110498 130.36 56.9 2302.51 45439.5
1684110508 130.17 56.9 2309.21 44773.6
1684110518 130.32 56.9 2298.07 44679.2
1684110528 130.71 56.9 2338.58 45472.5
1684110538 130.35 56.9 2315.95 45296.5
1684110548 127.91 56.98 16839.7 45681.7
1684110558 130.39 56.9 2336.31 45937.5
1684110568 130.7 56.9 2340.13 45764.4
1684110578 130.52 56.9 2338.58 44974.9
1684110588 130.51 56.9 2363.46 45452.7
1684110598 131.13 56.9 2390.66 46653.7
1684110608 130.81 56.9 2338.58 45342.3
1684110618 129.96 56.98 17644.4 45893.8
1684110628 130.22 56.9 2341.69 44984.7
1684110638 130.23 56.9 2313.7 45005.2
1684110648 129.64 56.9 2316.07 44092.4
1684110658 130.61 56.9 2338.58 44931
1684110668 130.54 56.9 2345.53 45425.7
1684110678 122.06 56.98 15789.3 45626.1
1684110688 130.62 56.98 2406.2 45468.6
1684110698 130.8 56.9 2338.58 44894.5
1684110708 130.75 56.9 2343.97 45688.3
1684110718 130.71 56.9 2338.58 46065.7
1684110728 130.24 56.9 2349.76 45596.5
1684110738 130.61 56.9 2338.58 46206.4
1684110748 124.51 56.98 16091.4 46415.9
1684110758 130.64 56.9 2319.06 44957.2
1684110768 130.9 56.9 2313.7 45987.2
1684110778 130.23 56.9 2313.7 45637.3
1684110788 129.33 56.9 2289.23 42401.9
1684110798 129.91 56.9 2313.85 44067.7
1684110808 123.44 56.98 14272.4 45926.8
1684110818 130.51 56.98 2338.58 45147.5
1684110828 130.55 56.9 2365.76 44618.7
1684110838 131.29 56.9 2363.46 46177.3
1684110848 130.94 56.9 2340.86 45628
1684110858 131.13 56.9 2368.87 45473.5
1684110868 130.7 56.9 2366.57 46016.7
1684110878 126.76 56.98 16444.4 45454.5
1684110888 130.11 56.9 2304.74 45049.4
1684110898 130.32 56.9 2338.58 45352.4
1684110908 131 56.9 2313.7 45664.1
1684110918 130.84 56.9 2340.86 45717.5
1684110928 130.65 56.9 2319.06 46352.1
1684110938 131.03 56.9 2340.86 46419.1
1684110948 130.55 56.98 17138.9 45559.5
1684110958 130.69 56.9 2336.31 46448.2
1684110968 130.71 56.9 2338.58 45752.8
1684110978 130.6 56.9 2313.7 45320.5
1684110988 130.71 56.9 2338.58 46343.6
1684110998 131.32 56.9 2373.54 45790.7
1684111008 124.97 56.98 15935.5 45525.4
1684111018 130.41 56.9 2338.58 45271.5
1684111028 130.54 56.9 2340.86 45801.9
1684111038 129.74 56.9 2340.71 44211
1684111048 130.12 56.9 2338.58 45051.1
1684111058 129.54 56.9 2340.71 43573.8
1684111068 131.07 56.9 2368.06 45390.8
1684111078 126.24 56.98 16730.8 46049.8
1684111088 131.16 56.9 2361.17 45634.9
1684111098 130.12 56.9 2313.7 45572.8
1684111108 129.93 56.9 2316.07 43721.7
1684111118 131.29 56.9 2338.58 45804.1
1684111128 131.29 56.9 2214.19 45062.4
1684111138 132.01 56.9 2221.79 43291.4
1684111148 128.89 56.98 16803.1 45482.9
1684111158 130.71 56.9 2340.13 45376.5
1684111168 130.29 56.9 2336.31 45812.8
1684111178 130.49 56.9 2311.46 45179.4
1684111188 130.04 56.9 2316.07 43749.8
1684111198 131.65 56.9 2343.14 45981.3
1684111208 123.23 56.98 15556.5 45237.7
1684111218 130.9 56.98 2338.58 45661.8
1684111228 130.51 56.9 2338.58 45434.4
1684111238 130.72 56.9 2306.98 46243
1684111248 129.55 56.9 2316.07 43397.1
1684111258 130.9 56.9 2319.15 43588.8
1684111268 131.97 56.9 2313.7 45667.2
1684111278 129.51 56.98 16168.5 44817.9
1684111288 130.94 56.9 2340.86 45851.4
1684111298 131.07 56.9 2336.31 46194.9
1684111308 131.2 56.9 2338.58 46677.2
1684111318 130.51 56.9 2313.7 45591.8
1684111328 130.1 56.9 2311.46 45288.5
1684111338 127.46 56.98 15431.2 44487.5
1684111348 131.16 56.9 2361.17 45438.8
1684111358 131.33 56.98 2340.86 45785.6
1684111368 130.58 56.9 2339.42 45857.1
1684111378 129.84 56.9 2291.43 43244.3
1684111388 130.31 56.9 2322.78 43516.2
1684111398 126.41 56.98 15177.9 45739
1684111408 130.68 56.9 2336.31 45396.5
1684111418 130.68 56.9 2336.31 45451.3
1684111428 130.7 56.9 2338.58 45708.1
1684111438 130.37 56.9 2327.27 44875.8
1684111448 131.03 56.9 2340.86 45497.7
1684111458 124.18 56.98 14790 43897.9
1684111468 130.93 56.9 2366.15 45603.9
1684111478 131.97 56.9 2349.08 45476
1684111488 131.1 56.9 2344.02 45552.2
1684111498 130.31 56.9 2347.49 44232.4
1684111508 131.23 56.9 2365.76 45924.9
1684111518 122.18 56.96 14423.7 45847.1
1684111528 130.94 56.98 16937.8 45576.7
1684111538 130.35 56.9 2340.86 45206.2
1684111548 130.49 56.9 2336.31 45837.3
1684111558 129.74 56.9 2340.71 43806
1684111568 130.7 56.9 2338.58 45081.8
1684111578 130.54 56.9 2342.97 44672.8
1684111588 127.41 56.98 16211.9 45303
1684111598 131.29 56.9 2363.46 46102.2
1684111608 130.03 56.9 2318.36 45519.5
1684111618 130.32 56.9 2365.35 43678.2
1684111628 130.91 56.9 2363.46 45876
1684111638 129.81 56.9 2379.09 43987.2
1684111648 124.03 56.98 15335.4 46759.5
1684111658 130.45 56.98 2340.86 45166.2
1684111668 130.42 56.9 2363.46 45960.7
1684111678 130.74 56.9 2365.76 45364.6
1684111688 131.23 56.9 2340.86 45758
1684111698 130.61 56.9 2338.58 44849.4
1684111708 130.99 56.9 2363.46 46559
1684111718 124.97 56.98 16330.4 45636.2
1684111728 130.64 56.9 2318.3 43263.6
1684111738 130.64 56.9 2315.95 45738.9
1684111748 130.41 56.9 2313.7 45405.6
1684111758 130.13 56.9 2343.79 44377.7
1684111768 130.91 56.9 2363.46 46356.5
1684111778 122.57 56.98 14393.8 43298.4
1684111788 130.74 56.98 2340.86 45746.7
1684111798 130.8 56.9 2338.58 45607
1684111808 130.94 56.9 2315.95 45911.3
1684111818 131.23 56.9 2340.86 46081.3
1684111828 131.2 56.9 2363.46 45406
1684111838 123.65 56.98 13982.5 45110.9
1684111848 130.55 56.98 2340.86 46089.9
1684111858 130.74 56.9 2340.86 46418.7
1684111868 130.8 56.9 2338.58 45432.8
1684111878 130.9 56.9 2388.34 46256.6
1684111888 130.35 56.9 2365.76 45399.2
1684111898 130.82 56.9 2349.76 44814.3
1684111908 128.23 56.98 16548 45281
1684111918 130.22 56.9 2343.79 43683.2
1684111928 130.54 56.9 2340.86 45810.1
1684111938 131 56.9 2388.34 45825.1
1684111948 130.6 56.9 2338.58 45088.1
1684111958 130.09 56.9 2320.54 43867.3
1684111968 123.33 56.98 15437.1 45746.2
1684111978 130.61 56.98 2363.46 44946.9
1684111988 130.03 56.9 2316.07 43154.2
1684111998 131.06 56.9 2361.17 45629.1
1684112008 131.57 56.9 2363.46 46142.3
1684112018 130.32 56.9 2340.71 44271.8
1684112028 130.71 56.9 2363.46 45373.8
1684112038 125.77 56.98 16419.1 45369.3
1684112048 130.16 56.9 2318.3 43690.2
1684112058 130.51 56.9 2313.7 45700.3
1684112068 130.71 56.9 2313.7 45250.9
1684112078 130.9 56.9 2316.07 43491.1
1684112088 129.74 56.9 2316.07 43408.3
1684112098 130.36 56.9 2343.97 45833.1
1684112108 129.09 56.98 16944.2 43685
1684112118 129.99 56.9 2345.23 43940.2
1684112128 131.26 56.9 2386.02 45156.1
1684112138 130.33 56.9 2363.46 45629.9
1684112148 130.68 56.9 2386.02 44777.9
1684112158 130.97 56.9 2361.17 44569.7
1684112168 127.63 56.98 15841.2 45673.5
1684112178 131.04 56.9 2340.86 45596.9
1684112188 130.61 56.9 2313.7 44243.3
1684112198 130.97 56.9 2336.31 44878.4
1684112208 131.23 56.9 2358.87 44208.7
1684112218 130.75 56.9 2334.04 43839.8
1684112228 130.74 56.9 2318.3 44480.2
1684112238 129.93 56.98 17230.3 43970.8
1684112248 130.54 56.9 2340.86 45044.4
1684112258 130.7 56.9 2363.46 44807
1684112268 130.67 56.9 2361.17 44438.4
1684112278 130.61 56.9 2363.46 44072.3
1684112288 131.29 56.9 2338.58 44599.4
1684112298 85.88 56.96 15193.8 23503

Execution duration: 00:33:31.31
