1684138915 130.94 56.94 2323.95 40249.5
1684138925 130.31 56.86 2292.2 43126.8
1684138935 131.38 56.86 2342.08 44553.9
1684138945 131.84 56.86 2339.81 45037.3
1684138955 131.88 56.94 2334.88 43876.4
1684138965 123.58 56.93 14142.8 43460.2
1684138975 131.13 56.93 2315.95 43793.8
1684138985 130.71 56.85 2314.09 43326.7
1684138995 131.36 56.85 2311.46 43730.1
1684139005 130.98 56.85 2311.85 43546
1684139015 131.42 56.85 2315.95 43410.1
1684139025 124.1 56.85 0.39 43842.2
1684139035 130.35 56.93 16180.2 44117.1
1684139045 130.71 56.85 2314.09 43447.6
1684139055 130.52 56.85 2313.7 43383.9
1684139065 131.27 56.85 2336.7 43927
1684139075 130.97 56.85 2336.31 43579
1684139085 130.52 56.85 2338.97 44268.2
1684139095 125.07 56.93 15883.8 43511
1684139105 130.61 56.93 2289.21 43267.2
1684139115 129.73 56.85 2291.43 43067.9
1684139125 131.26 56.85 2336.7 44461
1684139135 130.78 56.85 2311.85 43538.2
1684139145 130.61 56.85 2338.58 43545.2
1684139155 131.07 56.85 2329.92 43682.5
1684139165 127.78 56.93 16536.7 44228.1
1684139175 130.62 56.93 2338.97 43101.7
1684139185 131.17 56.85 2336.31 44130.9
1684139195 130.99 56.85 2338.97 43921.5
1684139205 130.29 56.85 2336.31 43547.2
1684139215 131.13 56.85 2345.92 44304.3
1684139225 130.39 56.85 2329.53 43350.2
1684139235 129.35 56.93 17329.1 43859.7
1684139245 130.49 56.93 2311.46 42541
1684139255 131.19 56.85 2338.97 44176.5
1684139265 130.75 56.85 2334.04 43302
1684139275 129.75 56.85 2316.45 43255.4
1684139285 130.67 56.85 2336.31 43857.1
1684139295 130.87 56.85 2336.7 44553.8
1684139305 129.35 56.93 17729.8 42786.8
1684139315 130.78 56.85 2311.85 43475.7
1684139325 130.97 56.85 2311.85 43648.2
1684139335 130.6 56.85 2322.78 43552.9
1684139345 129.51 56.85 2296.24 43336.2
1684139355 130.77 56.85 2361.17 43848.9
1684139365 123.01 56.93 15614.8 43266.4
1684139375 131 56.93 2315.25 43367.5
1684139385 130.75 56.85 2309.6 43598.8
1684139395 129.9 56.85 2286.6 43627.2
1684139405 130.1 56.85 2311.85 42849.3
1684139415 130.42 56.85 2313.7 44532.2
1684139425 130.58 56.85 2311.85 43548.7
1684139435 129.64 56.93 16001.6 43685.9
1684139445 130.48 56.85 2305.13 43405.6
1684139455 130.73 56.85 2349.76 43711.3
1684139465 130.88 56.85 2336.7 44165.8
1684139475 130.64 56.85 2340.86 43609.7
1684139485 130.8 56.85 2365.4 44444.3
1684139495 124.07 56.94 15817.5 43895.2
1684139505 130.39 56.94 2324.27 44226.4
1684139515 130.19 56.86 2311.85 43297.9
1684139525 129.69 56.86 2278.15 43230.9
1684139535 130.49 56.86 2336.7 44029.1
1684139545 129.94 56.86 2313.7 43358.2
1684139555 131.09 56.86 2314.09 44131.8
1684139565 126.92 56.94 16399.2 43168.5
1684139575 130.41 56.94 2314.09 43912.9
1684139585 130.6 56.86 2298.07 43326.6
1684139595 130.5 56.86 2323.17 43691.9
1684139605 130.52 56.86 2313.7 44299.3
1684139615 130.09 56.86 2311.85 43228
1684139625 131.09 56.86 2338.58 44236
1684139635 129.15 56.93 17326 43337.2
1684139645 130.9 56.85 2338.58 43753.9
1684139655 130.13 56.85 2289.21 43863.2
1684139665 130.03 56.85 2316.07 43367.8
1684139675 130.41 56.85 2338.97 43647.8
1684139685 130.43 56.85 2306.98 43179.1
1684139695 122.5 56.91 15595.3 43309.8
1684139705 130.52 56.93 17914.1 43979.4
1684139715 130.67 56.85 2311.85 43609.7
1684139725 129.9 56.85 2286.99 43876.9
1684139735 130.03 56.85 2338.97 44040.4
1684139745 130.29 56.85 2336.7 43371.7
1684139755 130.81 56.85 2338.58 44190.9
1684139765 124.95 56.93 15851.3 43427.2
1684139775 130.9 56.93 2313.7 44221.2
1684139785 130.14 56.85 2307.37 43218.2
1684139795 131.29 56.85 2338.58 44511.9
1684139805 130.1 56.85 2311.85 43501.8
1684139815 130.41 56.85 2313.7 43854.6
1684139825 130.42 56.85 2291.81 43185.8
1684139835 127.09 56.93 16759.2 43870.3
1684139845 130.58 56.93 2336.7 43108.7
1684139855 130.29 56.85 2336.31 43744.5
1684139865 129.97 56.85 2359.26 43927.8
1684139875 130.1 56.85 2336.31 43308.3
1684139885 131.55 56.85 2341.36 44263.7
1684139895 124.5 56.93 15189.1 43207.8
1684139905 129.62 56.93 2289.61 42912.7
1684139915 130.02 56.85 2313.7 43625.7
1684139925 130.2 56.85 2336.7 43972.8
1684139935 130.02 56.85 2289.21 44213.4
1684139945 130.42 56.85 2313.7 43960.7
1684139955 122.72 56.93 14434.2 43115.7
1684139965 130.02 56.93 2338.58 43290.2
1684139975 130.39 56.85 2311.85 43975.2
1684139985 130.87 56.85 2311.46 43975.2
1684139995 130.03 56.85 2308.92 43679.5
1684140005 130.27 56.85 2327.27 43933.5
1684140015 131.11 56.93 2330.81 44279.1
1684140025 129.42 56.93 16196.9 43035.7
1684140035 131.06 56.85 2311.85 44073.8
1684140045 130.79 56.85 2304.74 44049.6
1684140055 130.29 56.85 2361.56 44158.4
1684140065 130.22 56.85 2313.7 43184.8
1684140075 130.02 56.85 2314.09 43557.2
1684140085 127.9 56.93 15815 44040
1684140095 130.58 56.93 2311.85 44145.6
1684140105 130.84 56.85 2334.04 43943.7
1684140115 130.41 56.85 2324.97 42921.3
1684140125 130.61 56.85 2289.21 43719.3
1684140135 130.18 56.85 2301.25 43606.2
1684140145 125.27 56.93 15313.5 43944.4
1684140155 130.24 56.93 2325.02 42457.6
1684140165 129.72 56.85 2286.99 43672.2
1684140175 130.23 56.85 2313.7 43705
1684140185 130.1 56.85 2286.99 44021.4
1684140195 130.12 56.93 2313.7 43350.1
1684140205 130.19 56.85 2336.7 43818.6
1684140215 129.15 56.93 16709.4 43848
1684140225 129.99 56.85 2311.85 43236.5
1684140235 130.31 56.85 2322.78 44230.1
1684140245 130.29 56.85 2339.81 43878.1
1684140255 129.81 56.85 2311.46 43327
1684140265 130.18 56.85 2345.62 43157.6
1684140275 123.9 56.94 15643.9 44072.3
1684140285 129.91 56.94 2311.85 43224.8
1684140295 129.42 56.86 2311.46 42527
1684140305 130.02 56.86 2314.09 43734.5
1684140315 130.19 56.86 2311.46 44059.8
1684140325 130.48 56.86 2336.7 43640.4
1684140335 129.52 56.86 2289.61 42935
1684140345 124.98 56.93 16380.6 43836
1684140355 130.67 56.93 2311.85 43999.6
1684140365 130.35 56.85 2315.95 43124.5
1684140375 129.52 56.85 2286.99 43270.7
1684140385 130.23 56.85 2313.7 44312.9
1684140395 130.2 56.85 2314.96 43897.9
1684140405 121.96 56.93 14256.7 43155.7
1684140415 130.32 56.93 2314.09 43398.2
1684140425 130.58 56.85 2286.6 43544.5
1684140435 129.71 56.85 2262.14 42963.9
1684140445 129.06 56.85 2298.07 43201.9
1684140455 129.64 56.85 2316.45 43168.1
1684140465 122.72 56.93 13681.9 43751.8
1684140475 130.04 56.93 2289.21 43996.9
1684140485 129.35 56.85 2291.43 43172.3
1684140495 130.38 56.85 2336.7 44559.6
1684140505 130.8 56.85 2363.46 44755.7
1684140515 130.51 56.85 2363.85 44431.5
1684140525 129.58 56.85 2309.21 43187.2
1684140535 125.93 56.93 16052.8 43588.3
1684140545 130.13 56.93 2338.97 43400.6
1684140555 130 56.85 2337.86 43629.5
1684140565 130.29 56.85 2338.25 44209.7
1684140575 130.13 56.85 2313.7 43708.8
1684140585 129.93 56.85 2338.97 43597.7
1684140595 130.39 56.85 2361.17 43847
1684140605 128.91 56.93 17096 43196.5
1684140615 129.69 56.85 2309.21 43867.7
1684140625 130 56.85 2311.85 43684.7
1684140635 129.47 56.85 2318.3 43075.9
1684140645 129.56 56.85 2332.17 44015.9
1684140655 130.52 56.85 2363.46 43579.4
1684140665 122.51 56.93 15626.8 44078.8
1684140675 129.67 56.93 2294.03 43124.1
1684140685 130.02 56.85 2314.09 43495
1684140695 130.39 56.85 2311.85 44184.5
1684140705 129.63 56.85 2313.7 42975.7
1684140715 129.96 56.85 2318.69 43438.2
1684140725 130.29 56.85 2336.31 43967.8
1684140735 126.24 56.93 16172.6 44386.4
1684140745 129.45 56.93 2288.82 43110.6
1684140755 129.13 56.85 2314.23 43417.3
1684140765 129.94 56.85 2338.58 43901.7
1684140775 130.2 56.85 2336.7 43785.6
1684140785 129.91 56.85 2338.46 43362.7
1684140795 121.65 56.93 14717.3 43523.5
1684140805 129.79 56.93 2295.85 43367.4
1684140815 130.25 56.85 2316.34 43301.2
1684140825 130.55 56.85 2315.95 44777
1684140835 130.2 56.93 2311.85 43618.6
1684140845 129.84 56.85 2313.7 43586.4
1684140855 129.64 56.85 2314.09 43117.6
1684140865 124.83 56.93 15955.8 43890.2
1684140875 130.35 56.93 2315.95 43917.1
1684140885 129.51 56.85 2296.24 43849.2
1684140895 130.69 56.85 2336.31 44319.6
1684140905 130.42 56.85 2338.97 43627.6
1684140915 129.68 56.85 2334.04 43833.9
1684140925 121.38 56.91 14488.2 44103.4
1684140935 39.11 56.91 648.94 5422.74

Execution duration: 00:33:48.48
