1684165951 131.26 56.93 2301.36 40861
1684165961 130.49 56.85 2287.38 44704.1
1684165971 130.48 56.85 2290.1 43581
1684165981 130.46 56.85 2337.53 44296.4
1684165991 131.27 56.85 2337.86 45733.6
1684166001 123.01 56.93 14142.1 43362.3
1684166011 130.29 56.93 2289.23 45638.1
1684166021 130.9 56.85 2338.97 46143.1
1684166031 130.29 56.85 2336.31 43643.5
1684166041 131.07 56.85 2336.7 45569.7
1684166051 130.14 56.85 2308.53 43728.7
1684166061 122.74 56.85 0.39 44077.8
1684166071 130.09 56.93 16147.2 43456.3
1684166081 130.31 56.85 2298.46 45839.8
1684166091 130.39 56.85 2261.75 43646.6
1684166101 129.9 56.85 2314.23 44820
1684166111 130.29 56.85 2336.31 43419.4
1684166121 130.49 56.85 2336.7 44268.3
1684166131 124.15 56.93 15776.9 43312.1
1684166141 129.91 56.93 2314.23 45254.6
1684166151 130.9 56.85 2338.58 45839.8
1684166161 130.58 56.85 2336.7 44881.2
1684166171 130.36 56.85 2334.43 43843.3
1684166181 130.48 56.85 2336.31 43316.9
1684166191 130 56.85 2338.84 45693.1
1684166201 126.94 56.93 16602.3 45475.2
1684166211 129.81 56.85 2286.99 42767
1684166221 130 56.85 2290.77 44545.4
1684166231 130.87 56.85 2311.85 45398.1
1684166241 130.85 56.85 2334.04 44169.5
1684166251 131.29 56.85 2363.85 43925.4
1684166261 131.09 56.85 2338.58 44262.4
1684166271 128.16 56.93 17310.7 43495.5
1684166281 130.81 56.85 2338.58 44091
1684166291 130.29 56.85 2311.85 43942.1
1684166301 129.62 56.85 2313.85 45486.9
1684166311 129.87 56.85 2318.69 45182.3
1684166321 130.6 56.85 2365.01 45399.4
1684166331 130.01 56.85 2336.7 45120.4
1684166341 128.66 56.93 17617.7 44874.2
1684166351 130.13 56.85 2314.09 43821.2
1684166361 130.58 56.85 2336.7 45554.2
1684166371 130.22 56.85 2313.7 44156.3
1684166381 130.9 56.85 2338.97 44460.6
1684166391 130.03 56.85 2338.58 43343.1
1684166401 122.84 56.93 15727.9 43958.8
1684166411 130.61 56.93 2313.7 43676.6
1684166421 130.7 56.85 2314.09 45582.9
1684166431 130.19 56.85 2311.46 44074.9
1684166441 131.06 56.85 2361.56 45803.1
1684166451 130.51 56.85 2338.58 45575.9
1684166461 122.07 56.93 13933.9 45171.2
1684166471 129.74 56.93 2363.46 43016.9
1684166481 131.19 56.85 2338.97 45880.7
1684166491 130.78 56.85 2311.46 44504.8
1684166501 130.1 56.85 2311.85 43887
1684166511 130.13 56.85 2338.58 43250.2
1684166521 130.78 56.85 2336.7 45183.7
1684166531 124.66 56.93 15940.2 44531.3
1684166541 131 56.93 2338.97 46141.9
1684166551 130.61 56.85 2338.97 44325.8
1684166561 130.39 56.85 2336.31 44669.9
1684166571 130.39 56.85 2311.85 45383.7
1684166581 130.44 56.85 2342.97 44410
1684166591 130.59 56.85 2336.7 45567
1684166601 127.79 56.93 16602.9 44259.3
1684166611 130.32 56.85 2338.97 44952
1684166621 130.58 56.85 2311.46 45436.1
1684166631 130.1 56.85 2311.85 44272.6
1684166641 130.61 56.85 2313.7 44640.6
1684166651 129.74 56.85 2291.81 44854.3
1684166661 121.44 56.93 15148.5 45328.8
1684166671 130.02 56.93 17549.9 43999.2
1684166681 130.69 56.85 2336.31 43692.4
1684166691 130.39 56.85 2336.7 45273
1684166701 131.07 56.85 2361.17 45850.5
1684166711 130.23 56.85 2338.97 43954.9
1684166721 130.33 56.85 2356.59 46007
1684166731 123.41 56.93 16084.4 45702.2
1684166741 130.77 56.93 2336.7 45109.1
1684166751 129.99 56.85 2311.46 45420.6
1684166761 129.81 56.85 2289.61 45341.5
1684166771 130.51 56.85 2338.58 45245.9
1684166781 129.81 56.85 2314.23 44837.3
1684166791 131.09 56.85 2338.58 44980.4
1684166801 126.12 56.94 16225.6 45761.9
1684166811 130.58 56.86 2336.31 45246.6
1684166821 130.3 56.86 2315.77 45849.2
1684166831 130.46 56.86 2358.87 45622.1
1684166841 130.8 56.86 2363.85 45169.3
1684166851 130.74 56.86 2340.86 45364.2
1684166861 130.03 56.86 2314.09 45299.5
1684166871 129.25 56.93 17273.1 45219.8
1684166881 130.8 56.85 2338.97 45243.2
1684166891 130.38 56.85 2311.46 45632.6
1684166901 130.1 56.85 2314.23 45196.9
1684166911 130.94 56.85 2350.2 45091.1
1684166921 129.93 56.85 2316.45 44920.1
1684166931 126.73 56.93 15662.2 44682.2
1684166941 130.8 56.85 2338.58 46465.3
1684166951 130.72 56.85 2307.37 45684.9
1684166961 129.81 56.85 2313.85 45528.5
1684166971 130.31 56.85 2338.97 44330
1684166981 131.77 56.85 2338.58 45743.4
1684166991 125.44 56.93 14929.7 44854.4
1684167001 130.51 56.85 2313.7 45196.9
1684167011 130.68 56.85 2311.85 45001.6
1684167021 130 56.85 2289.71 45144.5
1684167031 131.19 56.85 2314.09 45896.2
1684167041 129.77 56.85 2291.05 44858
1684167051 123.33 56.93 14396.9 45098.5
1684167061 129.8 56.93 2295.85 45036.4
1684167071 130.61 56.85 2338.97 45103.6
1684167081 130.2 56.85 2336.31 45662.9
1684167091 130.71 56.85 2314.09 45277
1684167101 129.8 56.85 2295.85 44644.2
1684167111 130 56.85 2314.23 45075.4
1684167121 128.83 56.93 16197.7 44969.3
1684167131 129.42 56.85 2289.61 45074.6
1684167141 129.66 56.85 2303.77 45299.7
1684167151 130.42 56.85 2338.58 45467.1
1684167161 130.68 56.85 2313.01 46106
1684167171 131.57 56.85 2321.47 45400.6
1684167181 126.54 56.93 15732.9 45657.5
1684167191 130.19 56.85 2337.09 45586
1684167201 130.33 56.85 2338.97 45432.8
1684167211 130.38 56.85 2311.46 45457.1
1684167221 129.62 56.85 2289.61 45018.1
1684167231 130.2 56.85 2313.85 44823.5
1684167241 122.26 56.93 14893.7 44843.5
1684167251 129.61 56.93 2311.46 44455.2
1684167261 130.29 56.85 2311.85 44739.4
1684167271 130.39 56.85 2314.57 46018.2
1684167281 130 56.85 2311.85 44819
1684167291 130.71 56.93 2313.7 45706.1
1684167301 131 56.85 2314.09 45502.4
1684167311 126.24 56.93 16042 45472.9
1684167321 130.19 56.85 2336.7 45095.9
1684167331 130.51 56.85 2338.97 45563.8
1684167341 130.77 56.85 2336.31 44966.2
1684167351 130.61 56.85 2338.97 45459.7
1684167361 130.23 56.85 2313.7 45589.5
1684167371 130.3 56.85 2311.85 45934.4
1684167381 126.44 56.93 16748.5 45201.9
1684167391 130.22 56.85 2314.09 45216.7
1684167401 130.81 56.85 2313.7 45656
1684167411 130.19 56.85 2311.85 45128.9
1684167421 130.84 56.85 2342.42 45193.8
1684167431 130.03 56.85 2289.21 45275
1684167441 124.52 56.93 14746.1 44754.6
1684167451 130.42 56.93 2314.09 45477.2
1684167461 130.13 56.85 2288.82 45565
1684167471 130.78 56.85 2311.85 46552.2
1684167481 130.71 56.85 2338.58 45654.8
1684167491 130.39 56.85 2336.7 45632.2
1684167501 124.1 56.93 14242.9 45521.9
1684167511 130 56.93 2311.46 44564.3
1684167521 130.81 56.85 2314.09 45956.8
1684167531 130.94 56.85 2309.21 45911.2
1684167541 131.04 56.85 2334.43 45080.5
1684167551 130.9 56.85 2363.46 45444.5
1684167561 130.9 56.85 2314.09 44735.5
1684167571 128.37 56.93 16567.1 44852.5
1684167581 131.58 56.85 2342.08 45984.1
1684167591 129.91 56.85 2311.46 45881.6
1684167601 130.68 56.85 2338.84 45787.3
1684167611 130.13 56.85 2338.58 45408
1684167621 130.9 56.85 2363.85 45888.8
1684167631 123.42 56.93 15412.2 45354.3
1684167641 130 56.93 2289.61 44461.5
1684167651 130 56.85 2289.23 45106.5
1684167661 130.61 56.85 2314.09 45279.7
1684167671 129.81 56.85 2311.46 45367.4
1684167681 130.63 56.85 2356.98 44910.5
1684167691 130.82 56.85 2325.41 45807.9
1684167701 124.58 56.93 16154.7 45224.5
1684167711 130.68 56.93 2336.7 45527.8
1684167721 130.29 56.85 2286.6 45240.8
1684167731 129.78 56.85 2287.41 44410.8
1684167741 130.22 56.85 2316.07 45617.7
1684167751 130.29 56.85 2338.84 45146.9
1684167761 130.52 56.85 2366.57 46015.6
1684167771 128.05 56.93 16753.4 45116.9
1684167781 130.39 56.85 2336.31 45148.3
1684167791 130.68 56.85 2336.7 46354.9
1684167801 129.77 56.85 2334.04 45308.6
1684167811 130.78 56.85 2338.84 45113.1
1684167821 130.6 56.85 2363.46 45478.3
1684167831 124.27 56.94 15338.6 45577.5
1684167841 130 56.94 2289.23 44999.6
1684167851 130.51 56.86 2338.97 46482.4
1684167861 130.38 56.86 2336.31 46330.5
1684167871 130.9 56.86 2363.85 46063.8
1684167881 130.29 56.86 2311.85 45771.3
1684167891 130.19 56.86 2311.46 44444.7
1684167901 127.96 56.93 16692 45577.1
1684167911 130.09 56.85 2336.31 45259.8
1684167921 130.51 56.85 2338.97 45930.8
1684167931 130.38 56.85 2336.31 45440
1684167941 130.23 56.93 2314.09 45609.7
1684167951 129.87 56.85 2311.62 45366.8
1684167961 115.84 56.91 15107.1 34514.7
1684167971 6.53 56.91 87.99 1004.8

Execution duration: 00:33:44.44
