1684123554 131.34 56.98 2323.95 40201.8
1684123563 130.81 56.9 2339.36 43570.1
1684123573 130.75 56.9 2319.06 44177.4
1684123584 129.55 56.9 2319.53 44004.6
1684123593 130.9 56.9 2365.01 44660.1
1684123603 123.33 56.97 14275.2 44439.3
1684123613 131.19 56.97 2338.58 44453.6
1684123624 130.1 56.89 2336.7 43655.9
1684123633 130.68 56.89 2361.17 44281.9
1684123643 130.9 56.89 2338.97 44886.3
1684123654 130.33 56.89 2306.98 43489.9
1684123664 122.71 56.97 13985.7 43851.4
1684123673 130.51 56.97 2313.7 43328.3
1684123683 130.68 56.89 2336.7 43871.1
1684123694 130.48 56.89 2336.31 44376.3
1684123704 131.09 56.89 2363.85 44408.9
1684123713 130.12 56.89 2338.58 44120.5
1684123723 130.12 56.89 2363.85 43779.6
1684123734 125.53 56.97 16113.8 44222.5
1684123744 130.23 56.97 2316.45 43532.6
1684123754 130.51 56.89 2338.97 44028.4
1684123764 130.62 56.89 2338.58 44887.8
1684123774 131.42 56.89 2366.15 43511.7
1684123784 130.12 56.89 2338.58 44078.9
1684123794 130.71 56.89 2338.97 43840.6
1684123804 128.25 56.97 16982.5 44038.8
1684123814 129.9 56.89 2311.85 43290.5
1684123824 130.59 56.89 2337.86 44329.3
1684123834 131.38 56.89 2338.97 45088.4
1684123844 129.71 56.89 2336.31 43360.4
1684123854 130.64 56.89 2341.25 44105.8
1684123864 130.61 56.97 2300.49 43617.9
1684123874 129.51 56.97 17734.8 43734.8
1684123884 129.73 56.89 2322.78 43044
1684123894 130.54 56.89 2325.41 43517.7
1684123904 129.93 56.89 2338.58 44074.2
1684123914 130.48 56.89 2361.56 43856.7
1684123924 130.32 56.89 2338.97 43142.1
1684123934 122.74 56.97 15913.7 44106.9
1684123944 129.73 56.97 2338.97 43493.5
1684123954 130.32 56.89 2338.58 43660.6
1684123964 130.77 56.89 2336.7 43925.8
1684123974 130.1 56.89 2339.42 44062.5
1684123984 131.03 56.89 2341.25 44105.4
1684123994 130.32 56.89 2338.58 44341.7
1684124004 124.07 56.97 16160 42700.2
1684124014 130.3 56.97 2335.73 43522.2
1684124024 129.93 56.89 2289.21 43390.5
1684124034 130.1 56.89 2311.46 44392.2
1684124044 131.04 56.97 2316.34 43499.6
1684124054 129.73 56.89 2313.7 43423.5
1684124064 123.81 56.97 14339.8 43624.5
1684124074 130.02 56.97 2313.7 43675.8
1684124084 131.1 56.89 2338.97 44477.4
1684124094 130.31 56.89 2338.58 43976.3
1684124104 131.23 56.89 2341.25 43687.2
1684124114 130.96 56.89 2286.99 43086.6
1684124124 130.68 56.89 2314.57 43601.9
1684124134 126.41 56.97 16314.9 42563.9
1684124144 131.04 56.97 2284.38 43425
1684124154 129.42 56.89 2305.13 42788.4
1684124164 130.22 56.89 2313.7 44079.7
1684124174 130 56.89 2336.7 43774.4
1684124184 130.41 56.89 2338.58 44206.8
1684124194 130.33 56.89 2317.2 43703.8
1684124204 129.32 56.97 16906.8 43702.9
1684124214 130.13 56.89 2338.97 43861.2
1684124224 130.23 56.89 2313.7 43140.5
1684124234 131.43 56.89 2366.15 45132.3
1684124244 130.42 56.89 2363.46 44460.6
1684124254 130.9 56.89 2363.85 44061
1684124264 123.71 56.97 15710 43677
1684124274 129.93 56.97 2338.97 44513.9
1684124284 130.29 56.89 2336.7 43849.3
1684124294 130.58 56.89 2336.31 44089.3
1684124304 130.42 56.89 2338.97 44518.6
1684124314 130.7 56.89 2338.58 43594.9
1684124324 130.08 56.97 2359.26 44269.6
1684124334 125.24 56.97 16509.5 44960.8
1684124344 130.1 56.97 2339.81 43350.7
1684124354 130.29 56.89 2336.31 43364.3
1684124364 130.25 56.89 2294.03 43534.1
1684124374 131.28 56.89 2313.7 43862.8
1684124384 130.17 56.89 2359.26 44033
1684124394 130 56.89 2336.31 44092
1684124404 128.45 56.97 16659.2 43726.1
1684124414 129.9 56.89 2311.46 43566.2
1684124424 130.16 56.89 2339.08 44315
1684124434 130.42 56.89 2363.46 43357.8
1684124444 129.81 56.89 2311.85 43119.2
1684124454 129.92 56.89 2323.17 44288.8
1684124464 123.23 56.97 15482.2 44243
1684124474 129.48 56.97 2309.6 43006
1684124484 129.86 56.89 2325.02 44149.2
1684124494 130.26 56.89 2359.26 44207.6
1684124504 130.16 56.89 2342.97 43250.1
1684124514 130.41 56.89 2338.97 44270.6
1684124524 130.49 56.89 2340.97 43464.5
1684124534 127.49 56.97 16061.3 43314.6
1684124544 129.57 56.89 2293.64 43585.4
1684124554 130.35 56.89 2316.34 43807
1684124564 130 56.89 2311.46 43900.6
1684124574 130.38 56.89 2296.24 43244.7
1684124584 130.42 56.89 2338.58 44077.4
1684124594 126.92 56.97 15466.7 44038.1
1684124604 130.29 56.97 2336.31 43933.2
1684124614 130.09 56.89 2311.85 44110.7
1684124624 130.62 56.89 2313.7 44569.1
1684124634 130.15 56.89 2346.44 43670.5
1684124644 130.7 56.89 2338.97 44595.9
1684124654 125.46 56.97 15093.1 43651.7
1684124664 130.52 56.97 2338.97 44007.4
1684124674 130.59 56.89 2311.46 44157.7
1684124684 130.51 56.89 2338.97 43478.7
1684124694 129.77 56.89 2318.3 44010
1684124704 130.12 56.89 2338.97 43730.2
1684124714 123.69 56.97 14755.7 43589.9
1684124724 129.64 56.97 2341.09 43291.6
1684124734 130.51 56.89 2313.7 44673.3
1684124744 130.18 56.89 2320.93 43362.4
1684124754 130.61 56.89 2366.57 44536.1
1684124764 130.7 56.89 2340.13 43379.2
1684124774 133.01 56.89 2354.44 44546.1
1684124784 129.37 56.96 16665.4 43876.7
1684124794 130.1 56.88 2311.46 43014.8
1684124804 130.3 56.88 2311.85 44501.4
1684124814 129.98 56.88 2327.66 43427.5
1684124824 129.77 56.88 2342.97 43043.6
1684124834 130.54 56.88 2366.15 44583.7
1684124844 125.37 56.96 15838.7 43455.8
1684124854 130.51 56.96 2341.09 44110.9
1684124864 129.8 56.88 2286.6 42935.5
1684124874 130.03 56.88 2316.45 43111.8
1684124884 130.52 56.88 2341.69 44639.1
1684124894 130.48 56.88 2336.7 43670.7
1684124904 129.94 56.88 2340.71 44167.1
1684124914 129.84 56.96 17113.7 43860.1
1684124924 130.36 56.88 2309.21 43036.7
1684124934 130.09 56.88 2296.24 43487
1684124944 130.74 56.88 2340.86 43403.5
1684124954 131.3 56.88 2338.97 44448.6
1684124964 130.38 56.88 2311.46 43572.4
1684124974 122.47 56.96 15563 43739.2
1684124984 130.46 56.96 2309.21 42433.8
1684124994 130.19 56.88 2262.14 43377.1
1684125004 130.32 56.88 2314.09 44033
1684125014 130.37 56.88 2334.43 44827.6
1684125024 130.9 56.88 2314.09 42976.1
1684125034 131.04 56.88 2329.38 43918.5
1684125044 128.37 56.96 15924.2 43924.6
1684125054 130.51 56.88 2313.7 43439.8
1684125064 130.45 56.88 2291.44 44439.3
1684125074 130.23 56.88 2313.7 43850.3
1684125084 129.84 56.88 2316.45 43173.1
1684125094 130.51 56.88 2313.7 44359.2
1684125104 127.34 56.96 15214.6 43027.9
1684125114 130.34 56.88 2300.29 43705.1
1684125124 130.39 56.88 2336.7 44109.9
1684125134 130.12 56.88 2338.58 44295
1684125144 129.74 56.88 2341.09 43523.4
1684125154 131 56.88 2363.46 43925.8
1684125164 124.01 56.96 15411.4 43476.1
1684125174 130.15 56.96 2315.95 43893.4
1684125184 130.22 56.88 2291.81 43470.3
1684125194 130.51 56.88 2322.61 43689.7
1684125204 129.88 56.88 2334.04 44154.8
1684125214 129.94 56.88 2338.97 43787.8
1684125224 130.88 56.88 2311.46 43746
1684125234 127.63 56.96 16548.2 43897.7
1684125244 130.55 56.96 2315.95 43511.3
1684125254 129.93 56.88 2289.21 43808.8
1684125264 129.46 56.88 2340.71 43206.5
1684125274 130.12 56.88 2363.85 44088.2
1684125284 130.9 56.88 2338.58 44590.9
1684125294 129.84 56.88 2338.97 43869.4
1684125304 129.38 56.96 17440.1 44022.2
1684125314 130.22 56.88 2314.09 43655.6
1684125324 130.07 56.88 2334.04 43345.9
1684125334 130.64 56.88 2341.25 44876.3
1684125344 130.74 56.88 2365.76 44608.6
1684125354 130.35 56.88 2341.25 43602.3
1684125364 124.66 56.96 15758.8 44416.7
1684125374 129.74 56.96 2316.45 43132.6
1684125384 129.55 56.88 2344.17 43919.2
1684125394 130.45 56.88 2365.76 44527.2
1684125404 130.81 56.88 2388.73 43850.7
1684125414 130.38 56.88 2361.17 43495.5
1684125424 130.16 56.88 2341.25 43674.7
1684125434 129.57 56.96 16737.7 44008.6
1684125444 130.22 56.88 2316.45 43468.7
1684125454 130.23 56.88 2313.7 43924.2
1684125464 130.31 56.88 2314.09 43987.2
1684125474 130.64 56.96 2340.86 44089.1
1684125484 130.71 56.88 2338.97 44040
1684125494 124.2 56.96 15762.5 43606.6
1684125504 129.75 56.96 2332.17 43530.2
1684125514 130.51 56.88 2338.58 44160.5
1684125524 130.59 56.88 2336.7 43717.3
1684125534 129.92 56.88 2338.58 43664.9
1684125544 130.77 56.88 2368.45 44320.9
1684125554 130.31 56.88 2363.85 44593.6
1684125564 46.21 56.94 15160.3 8069.65

Execution duration: 00:33:38.38
