1684128197 116.28 56.93 3.1 31.01
1684128198 119.29 56.85 0 2.86
1684128199 118.9 56.85 0 0
1684128200 119.23 56.85 0 0
1684128201 119.38 56.85 0 0
1684128202 116.92 56.85 0 0
1684128203 123.08 56.85 0 0
1684128204 120.93 56.85 0 0
1684128205 124.8 56.85 0 0
1684128206 126.56 56.85 0 0
1684128207 124.6 56.85 0 0
1684128208 125.4 56.85 0 0
1684128209 120.77 56.85 0 0
1684128210 125.38 56.85 0 0
1684128211 119.23 56.85 0 0
1684128212 124.41 56.85 0 0
1684128213 129.37 56.85 0 0
1684128214 122.31 56.85 0 0
1684128215 128.91 56.85 0 0
1684128216 120.16 56.85 0 0
1684128217 100 56.93 1017.32 2815.75
1684128218 1.54 56.85 0 1501.54

Execution duration: 00:00:24.24
