1684143039 115.72 56.91 0 24665.9
1684143044 120.45 56.83 6.69 36023.1
1684143049 122.26 56.83 0 43217.1
1684143054 125 56.83 0.75 47680.4
1684143059 125.99 56.83 0.75 48112.2
1684143064 126.47 56.83 0 48381.8
1684143069 125.8 56.83 0.75 48174.8
1684143074 125.84 56.83 0.74 52785.1
1684143079 126.21 56.83 0 52765.8
1684143084 126.26 56.83 0.74 52877.5
1684143089 128.06 56.83 0.75 53434.3
1684143094 128.87 56.83 0.75 53584.2
1684143099 128.11 56.83 0.75 53584.2
1684143104 129.19 56.83 0 57232.4
1684143109 129.19 56.83 0.75 57292.7
1684143114 129.43 56.83 0.75 57430.2
1684143119 127.64 56.83 0 56540.3
1684143124 129.57 56.83 0.75 57198.5
1684143129 129.62 56.83 0.75 57427.2
1684143134 127.12 56.83 0 50809
1684143139 127.92 56.83 0.75 53586.4
1684143144 127.31 56.83 0.75 52061
1684143149 129.19 56.83 0 56950.7
1684143154 129 56.83 0.75 57430.5
1684143159 128.39 56.83 0.74 58994.4
1684143164 127.31 56.83 0 48489.6
1684143169 126.79 56.83 0.75 51653.6
1684143174 127.31 56.83 0.75 52398.5
1684143179 128.25 56.83 0 53830.5
1684143184 127.12 56.83 0.75 52653.9
1684143189 126.6 56.83 0 52778.1
1684143194 120.59 56.83 0.74 40368.8
1684143199 121.47 56.83 0 42018.8
1684143204 120.04 56.83 0.74 39781.1
1684143209 121.47 56.83 0 38412.1
1684143214 125.09 56.83 0 48879.2
1684143219 125.85 56.83 0.75 48739.6
1684143224 123.54 56.83 0 40930.3
1684143229 120.15 56.83 0.75 40190.3
1684143234 123.21 56.83 0.75 42366.8
1684143239 123.4 56.83 0.75 42168.3
1684143244 122.45 56.83 0.75 39461.1
1684143249 122.41 56.83 0 42078.3
1684143254 121.7 56.83 0.75 38623.4
1684143259 118.92 56.83 0 37068.7
1684143264 121.36 56.83 0.76 36460.5
1684143269 120.94 56.83 0 37560
1684143274 119.03 56.83 0.75 36812.7
1684143279 121.13 56.83 0 35978.9
1684143284 117.84 56.83 0.74 32159.1
1684143289 119.62 56.83 0 35209.8
1684143294 119.77 56.83 0.75 35127.7
1684143299 119.62 56.83 0 34580.4
1684143304 120.98 56.83 0.76 36913.4
1684143309 120.23 56.83 0 35550.1
1684143314 119.25 56.83 0 33748.7
1684143319 120.38 56.83 0 35859.6
1684143324 118.49 56.83 0 35375.1
1684143329 119.96 56.83 0 35584.2
1684143334 119.33 56.83 0 37121.9
1684143339 120.57 56.83 0 37587.2
1684143344 119.81 56.83 0 36442.3
1684143349 119.43 56.83 0 36393.2
1684143354 118.55 56.83 0 36137.3
1684143359 118.83 56.83 0 33667
1684143364 119.59 56.83 0 37169.1
1684143369 119.25 56.83 0 35702.4
1684143374 118.61 56.83 0 36304.5
1684143379 119.06 56.83 0 36483.8
1684143384 119.77 56.83 0 36802.3
1684143389 120.15 56.83 0 36668.2
1684143394 118.83 56.83 0 36504.7
1684143399 118.74 56.83 0 35199.3
1684143404 117.84 56.83 0 34571
1684143409 119.09 56.91 13.61 47789
1684143414 19.81 56.91 46.79 36422.6

Execution duration: 00:06:19.19
