1684083166 100 56.96 0 0
1684083171 100 56.88 37.12 46.21
1684083176 99.81 56.88 0 0
1684083181 100.19 56.88 0 0
1684083186 100.38 56.88 0 0
1684083191 101.33 56.88 3.04 146.77
1684083196 100.38 56.88 3.04 147.25
1684083201 100.19 56.88 0 0
1684083206 100.19 56.88 0 0
1684083211 100.57 56.88 0 0
1684083216 100 56.88 0 0
1684083221 99.81 56.88 0 0
1684083226 100.38 56.88 0 0
1684083231 100.38 56.88 0 0
1684083236 100.57 56.88 0 0
1684083241 100.38 56.88 0 0
1684083246 100 56.88 0 0
1684083251 100.38 56.88 0 0
1684083256 100.38 56.88 0 0
1684083261 100.57 56.88 0 0
1684083266 100.38 56.88 0 0
1684083271 100.38 56.88 0 0
1684083276 100.38 56.88 0 0
1684083281 100.38 56.88 0 0
1684083286 100.38 56.88 0 0
1684083291 100 56.88 0 0
1684083296 101.33 56.88 0 0
1684083301 100.38 56.88 0 0
1684083306 100.38 56.88 0 0
1684083311 100.38 56.88 0 0
1684083316 100.38 56.88 0 0
1684083321 100.38 56.88 0 0
1684083326 100.19 56.88 0 0
1684083331 100.38 56.88 0 0
1684083336 100.38 56.88 0 0
1684083341 100.38 56.88 0 0
1684083346 100.19 56.88 0 0
1684083351 100.57 56.88 0 0
1684083356 100.38 56.88 0 0
1684083361 100.38 56.88 0 0
1684083366 100.19 56.88 0 0
1684083371 100.38 56.88 0 0
1684083376 100.19 56.88 0 0
1684083381 100.38 56.88 0 0
1684083386 100.76 56.88 0 0
1684083392 99.62 56.88 0 0
1684083396 100.38 56.88 0 0
1684083402 100.38 56.88 0 0
1684083407 100.19 56.88 0 0
1684083412 100.38 56.88 0 0
1684083417 100.38 56.88 0 0
1684083422 100.57 56.88 0 0
1684083427 100.57 56.88 0 0
1684083432 99.81 56.88 0 0
1684083437 100.38 56.88 0 0
1684083442 100.95 56.88 0 0
1684083447 99.62 56.88 0 0
1684083452 100.57 56.88 0 0
1684083457 100.38 56.88 0 0
1684083462 100.57 56.88 0 0
1684083467 100.38 56.88 0 0
1684083472 100.57 56.88 0 0
1684083477 100.38 56.88 0 0
1684083482 85.93 56.96 2.28 0.76

Execution duration: 00:05:23.23
