1684145943 122.66 56.83 0 250
1684145944 123.26 56.83 3.1 204.65
1684145945 120.61 56.83 0 27.48
1684145946 121.88 56.83 0 0
1684145947 125 56.91 0 0
1684145948 125.19 56.83 0 0
1684145949 117.61 56.83 0 0
1684145950 128.91 56.83 0 0
1684145951 119.85 56.83 0 0
1684145952 122.66 56.83 0 0
1684145953 124.6 56.83 0 0
1684145954 126.77 56.83 0 0
1684145955 132.28 56.83 0 0
1684145956 126.92 56.83 0 0
1684145957 125.2 56.83 0 0
1684145958 126.72 56.83 0 0
1684145959 127.56 56.83 0 0
1684145960 116.79 56.83 0 0
1684145962 114 56.83 0 0
1684145962 121.37 56.83 0 0
1684145963 127.13 56.83 0 0
1684145964 123.26 56.91 1231.01 2390.7
1684145965 27.01 56.91 452.55 2131.39

Execution duration: 00:00:26.26
