1684173098 119.23 56.91 3.08 301.54
1684173099 118.9 56.83 3.15 34.65
1684173101 113.99 56.83 0 2.8
1684173101 120.77 56.83 0 0
1684173102 120.31 56.83 0 0
1684173103 122.48 56.83 0 0
1684173104 126.15 56.83 0 0
1684173105 123.62 56.83 0 0
1684173106 121.37 56.83 0 0
1684173107 127.13 56.83 0 0
1684173108 120.77 56.83 0 0
1684173109 124.03 56.83 0 0
1684173110 125.98 56.83 0 0
1684173111 121.97 56.83 0 0
1684173112 120.61 56.83 0 0
1684173114 123.18 56.83 0 0
1684173114 126.98 56.83 0 0
1684173115 129.69 56.83 0 0
1684173116 124.41 56.83 0 0
1684173117 133.07 56.83 0 0
1684173118 123.44 56.83 0 0
1684173119 132.54 56.91 1393.65 4688.88
1684173120 31.25 56.91 868.75 4815.62

Execution duration: 00:00:26.26
