1684143478 131.26 56.94 2326.61 41394.9
1684143488 130.81 56.86 2314.48 44574.2
1684143498 130.9 56.86 2328.08 42807.4
1684143508 132.07 56.86 2342.08 44610.3
1684143518 132.07 56.86 2331.78 44465.1
1684143528 122.92 56.93 14188 43650.5
1684143538 131.36 56.93 2336.7 43963.9
1684143548 130.58 56.85 2286.99 42882.3
1684143558 130.19 56.85 2313.85 43958.1
1684143568 130.74 56.85 2359.26 43261.7
1684143578 130.91 56.85 2333.33 44717.8
1684143588 123.11 56.93 14008.5 43748
1684143598 130.74 56.93 2408.54 43825.4
1684143608 130.72 56.85 2307.37 43601.6
1684143618 131.09 56.85 2338.58 44191.2
1684143628 130.75 56.85 2309.6 43305.9
1684143638 130.15 56.93 2325.02 44168.5
1684143648 130.66 56.85 2359.26 44498.6
1684143658 125.75 56.93 16007 43663
1684143668 130.84 56.85 2309.21 43447.1
1684143678 130.71 56.85 2338.97 43098.2
1684143688 130.8 56.85 2338.58 44178.4
1684143698 130.58 56.85 2311.85 44205.4
1684143708 130.3 56.85 2313.85 43870.8
1684143718 131.13 56.85 2359.26 44555.2
1684143728 128.12 56.93 16792.2 44444.2
1684143738 129.77 56.85 2294.03 42884.8
1684143748 130.84 56.85 2294.16 43306.6
1684143758 130.46 56.85 2309.6 44533.5
1684143768 130.48 56.85 2338.46 43580
1684143778 131.36 56.85 2336.7 44898.2
1684143788 130.12 56.85 2322.78 43874.1
1684143798 129.32 56.93 17511.1 43731.7
1684143808 130.66 56.85 2334.04 42758.1
1684143818 130.85 56.85 2334.43 44603.7
1684143828 131.36 56.85 2361.17 44050.9
1684143838 130.56 56.85 2334.43 43998.1
1684143848 130.74 56.85 2335.98 43508.8
1684143858 121.44 56.91 15500.8 43308.1
1684143868 130.4 56.93 17963.1 44128.6
1684143878 130.87 56.85 2311.46 43424.8
1684143888 131.24 56.85 2302.9 43476.2
1684143898 131.29 56.85 2338.58 43888.1
1684143908 131.13 56.85 2334.43 43492.9
1684143918 130.02 56.85 2322.78 43514.7
1684143928 124.27 56.93 15886.6 43571.3
1684143938 131.03 56.85 2334.04 43447.9
1684143948 130.39 56.85 2311.85 43937.5
1684143958 131.26 56.85 2336.31 44079.2
1684143968 130.65 56.85 2334.43 43453.7
1684143978 130.94 56.85 2358.87 44385.3
1684143988 123.47 56.93 14080.7 44032.6
1684143998 130.58 56.93 2336.31 42630.3
1684144008 131.17 56.85 2336.7 44537.5
1684144018 130.87 56.85 2336.31 43438.4
1684144028 130.82 56.85 2356.98 43974
1684144038 130.36 56.85 2359.26 43898.3
1684144048 130.88 56.85 2336.31 44452.8
1684144058 125.55 56.93 16067.2 44168.3
1684144068 131.19 56.85 2338.58 44589.3
1684144078 130.58 56.85 2311.85 43445.8
1684144088 131.04 56.85 2309.21 43875.5
1684144098 130.56 56.85 2309.6 43854.9
1684144108 131.01 56.85 2338.58 43790.9
1684144118 130.62 56.85 2307.37 43683.3
1684144128 129.15 56.93 16847 43353.2
1684144138 130.81 56.85 2314.09 43716.6
1684144148 130.85 56.85 2334.04 43801
1684144158 130.1 56.85 2311.85 42874.6
1684144168 129.91 56.85 2313.85 43487.7
1684144178 130.84 56.85 2337.53 44346.8
1684144188 122.81 56.93 15494.4 43390.3
1684144198 131.1 56.93 2363.85 43486.1
1684144208 130.07 56.85 2309.21 42550.5
1684144218 129.58 56.85 2318.69 43627.8
1684144228 129.87 56.85 2318.69 44234.7
1684144238 130.85 56.85 2334.04 43992.6
1684144248 130.58 56.85 2363.46 43850.4
1684144258 124.34 56.93 16194 44115.2
1684144268 130.16 56.85 2309.6 43186.8
1684144278 130.39 56.85 2336.31 43792.2
1684144288 130.2 56.85 2289.61 43510.8
1684144298 129.95 56.85 2325.02 43213.1
1684144308 131.07 56.85 2361.56 44783.3
1684144318 131.2 56.85 2338.58 43500.1
1684144328 128.21 56.93 16396.1 43976
1684144338 129.69 56.85 2305.6 42475.4
1684144348 129.5 56.85 2327.66 44350.9
1684144358 130.34 56.85 2349.76 43732.9
1684144368 130.45 56.85 2359.26 44535.8
1684144378 131.07 56.85 2361.17 44269.1
1684144388 130.62 56.85 2321.48 44531.4
1684144398 129.59 56.93 17388 43283.9
1684144408 130.97 56.85 2336.7 43727.4
1684144418 131.21 56.85 2356.98 44178.3
1684144428 130.48 56.85 2311.46 44089.3
1684144438 130.62 56.85 2335.27 43764.7
1684144448 130.46 56.85 2334.04 43501.1
1684144458 127.1 56.93 15814.5 43605
1684144468 130.77 56.85 2311.46 44472.2
1684144478 130.99 56.85 2323.17 43863.7
1684144488 130.61 56.85 2338.58 44098.7
1684144498 131.06 56.85 2361.56 44361.2
1684144508 130.76 56.85 2334.04 44566.4
1684144518 126.5 56.93 15252.8 43114.2
1684144528 130.01 56.85 2289.23 43213.1
1684144538 130.95 56.85 2287.87 43831.2
1684144548 131.14 56.85 2312.31 44011.6
1684144558 130.34 56.85 2300.68 43513.4
1684144568 129.86 56.85 2300.29 44011.2
1684144578 125.2 56.93 14719.7 43964.9
1684144588 131.07 56.85 2336.7 43215.5
1684144598 130.13 56.85 2313.7 43521.5
1684144608 130.78 56.85 2336.7 43710.7
1684144618 130.37 56.85 2320.54 44396.1
1684144628 130.46 56.85 2334.43 43877.4
1684144638 122.31 56.93 14318.5 43963.1
1684144648 130.62 56.93 2314.09 43775.3
1684144658 130.75 56.85 2315.42 43262.1
1684144668 130.59 56.85 2311.85 43581.4
1684144678 130.84 56.85 2334.04 43862.3
1684144688 129.97 56.85 2315.46 43523.9
1684144698 131.45 56.85 2344.85 43981
1684144708 127.15 56.93 16181.2 43304
1684144718 130.85 56.85 2334.04 43418.4
1684144728 129.62 56.85 2314.23 43220.8
1684144738 130.97 56.85 2336.31 44682.3
1684144748 130.85 56.85 2359.26 43711
1684144758 129.61 56.85 2320.54 42914.9
1684144768 124.36 56.93 15316.6 43910.3
1684144778 130.19 56.85 2311.85 42937.9
1684144788 130.58 56.85 2336.31 43586.8
1684144798 130.74 56.85 2337.53 44117.6
1684144808 130.8 56.85 2363.46 43703.4
1684144818 130.55 56.85 2359.26 44095.4
1684144828 131.39 56.85 2363.46 43707.7
1684144838 127.47 56.93 16673 43370.1
1684144848 130.75 56.85 2334.04 44336.4
1684144858 130.81 56.85 2332.17 43763.6
1684144868 130.56 56.85 2334.04 44465.6
1684144878 130.7 56.85 2338.97 43240
1684144888 131.29 56.85 2313.7 42554.7
1684144898 129.88 56.85 2309.6 43633.4
1684144908 129.9 56.93 17507.6 44220.2
1684144918 130.19 56.85 2311.85 42809.7
1684144928 130.97 56.85 2311.46 44399.6
1684144938 129.65 56.85 2285.66 43258.1
1684144948 130.28 56.85 2336.31 44384.5
1684144958 130.49 56.85 2311.85 43774.8
1684144968 126.25 56.93 15435.8 43395.4
1684144978 130.85 56.85 2309.21 43828.5
1684144988 128.9 56.85 2269.37 43033.9
1684144998 129.53 56.85 2313.85 44256.9
1684145008 130.1 56.85 2314.23 44144.2
1684145018 130.07 56.85 2334.04 43981.8
1684145028 127 56.93 14974.8 43948.7
1684145038 130 56.85 2336.31 43805.8
1684145048 130.27 56.85 2334.43 43750.9
1684145058 130.1 56.85 2311.46 43955.3
1684145068 130.94 56.85 2359.26 44029.1
1684145078 129.95 56.85 2331.78 43262.4
1684145088 122.52 56.93 15058.6 44371.7
1684145098 130.4 56.93 2350.58 43637.1
1684145108 130 56.85 2311.85 43968.2
1684145118 130.2 56.85 2313.85 43976.2
1684145128 129.88 56.85 2334.43 43539.9
1684145138 130.71 56.85 2363.46 44178.8
1684145148 130.14 56.85 2356.98 44096.9
1684145158 125.94 56.93 16133.1 42976.7
1684145168 129.93 56.85 2313.7 43643.9
1684145178 130.19 56.85 2296.24 43549.5
1684145188 129.32 56.85 2311.46 43155.7
1684145198 130.61 56.85 2338.97 44242.6
1684145208 129.99 56.85 2311.46 43372.8
1684145218 129.8 56.85 2320.93 43787.5
1684145228 126.91 56.93 16869 43409.8
1684145238 129.61 56.85 2320.93 43780.5
1684145248 130.48 56.85 2336.31 44285.1
1684145258 129.68 56.85 2334.43 43476.6
1684145268 130.12 56.85 2338.58 44058.7
1684145278 130.35 56.85 2337.53 43549.6
1684145288 121.92 56.93 15246.9 43277.6
1684145298 130.8 56.93 2338.97 44539.2
1684145308 130.23 56.85 2338.58 43681.6
1684145318 130.67 56.85 2336.7 44343.3
1684145328 129.74 56.85 2338.58 44031.9
1684145338 130.22 56.85 2338.97 43471.3
1684145348 130.67 56.85 2361.56 43835.3
1684145358 127.76 56.93 16183.3 44101
1684145368 129.54 56.85 2298.46 43257.5
1684145378 130.71 56.85 2313.7 44416.3
1684145388 130.61 56.93 2338.97 44345.6
1684145398 130.02 56.85 2338.58 43848.8
1684145408 130.03 56.85 2314.09 44068
1684145418 122.72 56.93 15275 45025.6
1684145428 129.93 56.93 2314.09 43198.1
1684145438 130.46 56.85 2334.04 43357.1
1684145448 129.69 56.85 2334.43 43541.4
1684145458 130.29 56.85 2361.17 44115.7
1684145468 130.29 56.85 2361.56 44049.3
1684145478 129.71 56.85 2314.57 44196.9
1684145488 74.98 56.91 15164.7 18248.3

Execution duration: 00:33:41.41
