1684108034 119.53 56.88 3.12 31.25
1684108035 117.97 56.88 0 3.12
1684108036 119.69 56.96 0 0
1684108037 114.18 56.88 0 0
1684108038 118.32 56.88 0 0
1684108039 120.63 56.88 0 0
1684108040 121.26 56.88 0 0
1684108041 128.57 56.88 0 0
1684108042 120.93 56.88 0 0
1684108043 120.93 56.88 0 0
1684108044 122.66 56.88 0 0
1684108045 123.02 56.88 0 0
1684108046 121.37 56.88 0 0
1684108047 124.41 56.88 0 0
1684108048 123.48 56.88 0 0
1684108049 126.77 56.88 0 0
1684108050 124.81 56.88 0 0
1684108051 121.88 56.88 0 0
1684108052 116.44 56.88 0 0
1684108053 117.19 56.96 1253.12 1406.25
1684108054 19.23 56.96 126.15 3396.92

Execution duration: 00:00:24.24
