1684177516 123.62 56.83 0 25.2
1684177517 118.6 56.83 3.1 31.01
1684177518 123.02 56.91 0 3.17
1684177519 123.08 56.83 0 0
1684177520 125.6 56.83 0 0
1684177521 119.23 56.83 0 0
1684177522 122.48 56.83 0 0
1684177523 123.26 56.83 0 0
1684177524 119.23 56.83 0 0
1684177525 114.38 56.83 0 0
1684177526 125.58 56.83 0 0
1684177527 122.66 56.83 0 0
1684177528 129.23 56.83 0 0
1684177529 126.98 56.83 0 0
1684177530 134.13 56.83 0 0
1684177531 138.4 56.83 0 0
1684177532 122.05 56.83 0 0
1684177533 124.62 56.83 0 0
1684177534 127.34 56.83 0 0
1684177536 116.56 56.83 0 0
1684177537 125.17 56.83 0 0
1684177537 126.98 56.83 450.79 269.84
1684177538 67.44 56.91 1206.2 4468.22

Execution duration: 00:00:26.26
