1684154981 168.1 56.91 0 0
1684154986 159.59 56.91 2.98 57.36
1684154991 146.65 56.91 0 0
1684154996 99.81 56.83 0 0
1684155001 100 56.83 0 0
1684155006 100.57 56.83 0 0
1684155011 100 56.83 0 0
1684155016 99.62 56.83 0 0
1684155021 100.19 56.83 0 0
1684155026 99.63 56.83 0 0
1684155031 100.57 56.83 0 99.05
1684155036 100.38 56.83 0 0
1684155041 101.33 56.83 0 0
1684155046 99.81 56.83 0 0
1684155051 100.57 56.83 0 0
1684155056 101.14 56.83 0 0
1684155061 100.38 56.83 0 0
1684155066 100.38 56.83 0 0
1684155071 100.57 56.83 0 0
1684155076 100.19 56.83 0 0
1684155081 32.51 56.91 0 0

Execution duration: 00:01:45.45
