1684175337 118.9 56.83 3.15 31.5
1684175338 118.46 56.91 0 3.08
1684175339 116.08 56.83 0 0
1684175340 128.12 56.83 0 0
1684175341 120 56.83 0 0
1684175342 122.31 56.83 0 0
1684175343 120.16 56.83 0 0
1684175344 117.24 56.83 0 0
1684175345 126.36 56.83 0 0
1684175346 128.68 56.83 0 0
1684175347 117.69 56.83 0 0
1684175348 123.85 56.83 0 0
1684175349 123.62 56.83 0 0
1684175350 123.48 56.83 0 0
1684175351 133.07 56.83 0 0
1684175352 122.83 56.83 0 0
1684175353 120 56.83 0 0
1684175354 125.38 56.83 0 0
1684175355 133.86 56.83 0 0
1684175356 123.44 56.83 0 0
1684175357 130.95 56.83 0 0
1684175358 124.43 56.83 0 0
1684175359 77.69 56.91 1181.54 4587.7

Execution duration: 00:00:26.26
