1684175171 100.38 56.91 0 0
1684175176 100.38 56.83 6.08 45.63
1684175181 100.38 56.83 0 0
1684175186 100.57 56.83 0 0
1684175191 100.19 56.83 0 0
1684175196 100.38 56.83 0 0
1684175201 100.57 56.83 0 0
1684175206 100.57 56.83 0 0
1684175211 100.38 56.83 0 0
1684175216 100.57 56.83 0.76 99.62
1684175221 100.38 56.83 0 0
1684175226 100.57 56.83 0 0
1684175231 100.38 56.83 0 0
1684175236 100.38 56.83 0 0
1684175241 100.57 56.83 0 0
1684175246 100.57 56.83 0 0
1684175251 100.38 56.83 0 0
1684175256 100.38 56.83 0 0
1684175261 100.57 56.83 0 0
1684175266 100.38 56.83 0 0
1684175271 100.38 56.83 0 0
1684175276 99.63 56.83 0 0
1684175281 100.19 56.83 0 0
1684175286 100.38 56.83 0 0
1684175291 100.19 56.83 0 0
1684175296 100.38 56.83 0 0
1684175301 100.19 56.83 0 0
1684175306 101.33 56.83 0 0
1684175311 99.44 56.83 0 0
1684175316 100.57 56.83 0 0
1684175321 100.19 56.83 0 0
1684175326 69.58 56.91 0 0.76

Execution duration: 00:02:42.42
