1684121039 131.31 56.97 2315.36 42351.7
1684121049 130.41 56.89 2314.48 43451.1
1684121059 130.94 56.89 2293 46094.2
1684121069 130.78 56.89 2314.57 44862.1
1684121079 131.06 56.89 2321.33 46062.7
1684121089 123.43 56.97 14204.9 45328.7
1684121099 130.55 56.97 2316.34 45237.3
1684121109 130.8 56.89 2363.46 45924.6
1684121119 130.68 56.89 2336.31 45433.4
1684121129 130.22 56.89 2316.07 45568.8
1684121139 132.11 56.89 2342.42 46672.4
1684121149 122.13 56.97 14009.7 45280.8
1684121159 130.31 56.97 2396.91 45721.2
1684121169 131.01 56.89 2338.58 45256.4
1684121179 130.12 56.89 2288.82 44595.5
1684121189 129.55 56.89 2316.07 45560
1684121199 130.25 56.89 2345.53 45752.9
1684121209 129.55 56.89 2340.71 45883
1684121219 124.98 56.97 16029.9 46175.3
1684121229 130.32 56.89 2338.58 44742.5
1684121239 130.35 56.89 2340.86 45402.7
1684121249 130.25 56.89 2315.95 45786.8
1684121259 130.35 56.89 2291.05 45087.9
1684121269 129.84 56.89 2316.07 44191.3
1684121279 130.42 56.89 2340.13 45970.1
1684121289 127.51 56.97 16824.9 45396.7
1684121299 130.41 56.89 2338.58 45771.8
1684121309 130.45 56.89 2342.42 45498.4
1684121319 130.25 56.89 2340.86 45359.1
1684121329 130.35 56.89 2365.76 45665.4
1684121339 131.23 56.89 2365.76 45913.2
1684121349 130.32 56.89 2338.58 44963.3
1684121359 128.97 56.97 17431.4 45256.2
1684121369 130.23 56.89 2338.58 46038.9
1684121379 130.54 56.89 2340.86 45637.7
1684121389 130.61 56.89 2340.71 45897.6
1684121399 130.06 56.89 2340.86 45964.6
1684121409 130.13 56.89 2343.79 44896.6
1684121419 122.64 56.97 15840.6 45655.2
1684121429 130.54 56.97 2315.95 45525.7
1684121439 131.08 56.89 2304.74 45138.4
1684121449 130.42 56.89 2313.7 45597.7
1684121459 130.32 56.89 2338.58 45766.8
1684121469 130.55 56.89 2340.86 44874.7
1684121479 129.79 56.89 2320.54 45362.4
1684121489 124.12 56.97 16041.6 45636.6
1684121499 130.06 56.97 2315.95 45187.6
1684121509 130.88 56.89 2286.6 45276.5
1684121519 130.81 56.89 2313.7 45808
1684121529 130.35 56.89 2318.3 44808.1
1684121539 130.51 56.89 2363.46 45928.1
1684121549 122.74 56.97 14182.3 45447.2
1684121559 130.07 56.97 2309.21 44540.8
1684121569 130.32 56.89 2313.7 45432.8
1684121579 130.83 56.89 2340.86 45635.8
1684121589 130.26 56.89 2340.86 45419.5
1684121599 130.74 56.89 2365.76 45814.8
1684121609 130.52 56.89 2313.7 45853.4
1684121619 125.83 56.97 16213.6 45944.1
1684121629 130.9 56.89 2313.7 45562.3
1684121639 130.61 56.89 2338.58 45230.3
1684121649 129.94 56.89 2313.7 45018.5
1684121659 130.84 56.89 2340.86 45667.3
1684121669 130.06 56.89 2340.86 45780.2
1684121679 130.93 56.89 2340.86 46286.4
1684121689 129.32 56.97 16880.4 46108.7
1684121699 130.89 56.89 2338.58 45713.9
1684121709 130.52 56.89 2288.82 45465.1
1684121719 130.06 56.89 2315.95 45661.1
1684121729 130.42 56.89 2338.58 45821.2
1684121739 131.22 56.89 2367.32 45706.6
1684121749 122.96 56.97 15649 44677
1684121759 130.51 56.97 2338.58 45584.8
1684121769 130.51 56.89 2347.49 45327.8
1684121779 130.35 56.89 2365.76 45988.7
1684121789 130.84 56.89 2340.86 46519.1
1684121799 130.84 56.89 2365.76 45392.6
1684121809 130.49 56.89 2386.02 45285.4
1684121819 124.97 56.97 16449.4 45918.4
1684121829 130.61 56.89 2313.7 44966.4
1684121839 130.03 56.89 2338.58 44882.4
1684121849 130.35 56.89 2315.95 44788.7
1684121859 130.16 56.97 2315.95 45692.6
1684121869 130.74 56.89 2340.86 45695.7
1684121879 129.92 56.89 2313.7 45521.5
1684121889 127.82 56.97 16680.2 44835.8
1684121899 130.52 56.89 2338.58 46155.1
1684121909 130.8 56.89 2341.69 46008.9
1684121919 130.9 56.89 2363.46 45678.9
1684121929 130.45 56.89 2340.86 45259.1
1684121939 130.12 56.89 2338.58 45277.4
1684121949 123.45 56.97 15472 46348.2
1684121959 130.38 56.97 2336.31 44601.2
1684121969 130.99 56.89 2363.46 45552.2
1684121979 130.84 56.89 2315.95 45815.6
1684121989 130.34 56.89 2325.02 45338.7
1684121999 130.7 56.89 2343.24 45581.7
1684122009 130.61 56.89 2363.46 45563.1
1684122019 128.4 56.97 16175.1 45952.9
1684122029 130.61 56.89 2338.58 45650.2
1684122039 130.04 56.89 2313.7 46344.8
1684122049 130.61 56.89 2338.58 44786.4
1684122059 130.22 56.89 2316.07 45488
1684122069 130.22 56.89 2313.7 45413.4
1684122079 127.14 56.97 15391.3 44582.5
1684122089 129.86 56.89 2315.95 45131.5
1684122099 129.91 56.89 2311.46 45805.4
1684122109 130.19 56.89 2314.57 46146
1684122119 130.13 56.89 2316.07 45473.7
1684122129 130.35 56.89 2315.95 45302.7
1684122139 125.99 56.97 14947.8 45585.4
1684122149 129.83 56.89 2313.7 44804.7
1684122159 130.52 56.89 2338.58 45181.3
1684122169 130.33 56.89 2338.58 46227.8
1684122179 130.74 56.89 2365.76 45857.2
1684122189 131.03 56.89 2340.86 46308.2
1684122199 124.06 56.97 14741.4 45667.5
1684122209 130.45 56.97 2340.86 46010.9
1684122219 130.54 56.89 2315.95 46064.2
1684122229 130.71 56.89 2351.02 45439.8
1684122239 130.35 56.89 2340.86 45317.1
1684122249 131.19 56.89 2341.3 45636.5
1684122259 131.72 56.89 2325.29 45802.7
1684122269 128.96 56.97 16622.7 45288.6
1684122279 131.03 56.89 2315.95 45856.4
1684122289 131.01 56.89 2313.7 46263.6
1684122299 130.67 56.89 2318.21 45844.2
1684122309 130.03 56.89 2313.7 45107.1
1684122319 130.8 56.89 2313.7 45558.8
1684122329 125.21 56.97 15636.6 44656.4
1684122339 129.94 56.89 2316.07 44875.8
1684122349 130.13 56.89 2338.58 45290.6
1684122359 130.44 56.89 2319.06 45132.3
1684122369 130.42 56.89 2316.07 44459.7
1684122379 130.12 56.89 2338.58 45272.3
1684122389 130.45 56.89 2365.76 45742.4
1684122399 129.47 56.97 17053.7 46378.6
1684122409 130.87 56.89 2361.17 44914.2
1684122419 130.32 56.88 2363.46 45230.3
1684122429 130.84 56.88 2340.86 46390.3
1684122439 130.25 56.88 2365.76 45396.9
1684122449 130.9 56.88 2338.58 46044.3
1684122459 122.62 56.96 15606.5 45514.1
1684122469 130.26 56.96 2315.95 46352.1
1684122479 130.8 56.88 2288.82 45500.1
1684122489 129.86 56.88 2291.05 45147.5
1684122499 130.99 56.88 2321.47 45221.4
1684122509 130.04 56.88 2313.7 45287.1
1684122519 130.54 56.88 2315.95 45128.8
1684122529 129.61 56.96 16057.9 45480
1684122539 129.84 56.88 2313.7 44751.8
1684122549 130.06 56.88 2315.95 45866.2
1684122559 131.42 56.88 2365.76 46167.3
1684122569 130.25 56.88 2315.95 46203.1
1684122579 130.22 56.88 2313.7 45671.5
1684122589 129.28 56.96 15501.6 45371.2
1684122599 130.02 56.88 2288.82 45476.8
1684122609 130.77 56.88 2311.46 45260.6
1684122619 129.74 56.88 2313.7 45427
1684122629 130.12 56.88 2338.58 45806
1684122639 130.55 56.88 2315.95 45397.3
1684122649 124.26 56.96 15420.6 45122.6
1684122659 130.45 56.96 2340.86 44999.6
1684122669 131.05 56.88 2323.63 45192.3
1684122679 131.06 56.88 2343.14 45788.9
1684122689 130.74 56.88 2340.86 45771.2
1684122699 130.36 56.88 2309.21 45148
1684122709 130.32 56.88 2340.71 45014.8
1684122719 126.83 56.96 16631.7 45013.8
1684122729 129.93 56.88 2338.58 44951.6
1684122739 130.13 56.88 2314.09 45504.8
1684122749 130.22 56.88 2316.45 44945.9
1684122759 129.74 56.88 2316.45 44617.5
1684122769 130.45 56.96 2341.25 44837
1684122779 130.54 56.88 2340.86 46022.2
1684122789 130 56.96 17456.3 45279.6
1684122799 130.25 56.88 2315.95 44108.9
1684122809 130.61 56.88 2316.45 45517.6
1684122819 130.54 56.88 2340.86 45475.9
1684122829 131.36 56.88 2361.56 46292
1684122839 130.26 56.88 2365.76 46060.7
1684122849 124.39 56.96 15852.3 45600
1684122859 130.26 56.88 2315.95 45013.2
1684122869 130.03 56.88 2316.45 44731.1
1684122879 131 56.88 2338.97 45675.8
1684122889 131.58 56.88 2338.97 45219.8
1684122899 130.55 56.88 2366.15 45609.7
1684122909 130.65 56.88 2340.86 44658.4
1684122919 129.45 56.96 16585.6 45116.8
1684122929 130.51 56.88 2338.58 45928.5
1684122939 130.51 56.88 2314.09 45063.6
1684122949 130.48 56.88 2320.93 45239.3
1684122959 130.71 56.88 2338.58 46156.7
1684122969 130.41 56.88 2314.09 45771.8
1684122979 124.8 56.96 15877.4 45328
1684122989 130.47 56.88 2302.9 45583.4
1684122999 130.35 56.88 2315.95 45525.7
1684123009 131.16 56.88 2343.53 46120.3
1684123019 130.32 56.88 2340.71 44837.7
1684123029 131.1 56.88 2338.97 45789.7
1684123039 130.52 56.88 2320.7 45294.1
1684123049 46.36 56.94 15176.7 9478.32

Execution duration: 00:33:38.38
