1684076312 116.06 56.65 0 4677.37
1684076313 122.9 56.65 0 20229
1684076314 122.14 56.65 0 4888.55
1684076315 117.56 56.65 0 4888.55
1684076316 122.14 56.72 0 4888.55
1684076317 119.08 56.65 0 4888.55
1684076318 115.38 56.65 0 4478.32
1684076319 124.81 56.65 0 4964.34
1684076320 122.14 56.65 0 4888.55
1684076321 118.46 56.65 0 4926.15
1684076322 121.88 56.65 0 5006.25
1684076323 122.83 56.65 0 5045.67
1684076324 123.88 56.65 0 4779.1
1684076325 120.31 56.65 0 5006.25
1684076326 122.05 56.65 0 5045.67
1684076327 120.45 56.65 0 4851.52
1684076328 119.08 56.65 0 4888.55
1684076329 121.37 56.65 885.5 5383.21
1684076330 55.38 56.72 1295.38 5923.08

Execution duration: 00:00:22.22
