1684130445 117.56 56.85 3.05 274.81
1684130446 121.26 56.93 0 28.35
1684130447 120.16 56.85 0 0
1684130448 120.31 56.85 0 0
1684130449 121.09 56.85 0 0
1684130450 125.38 56.85 0 0
1684130451 123.85 56.85 0 0
1684130452 124.41 56.85 0 0
1684130453 122.31 56.85 0 0
1684130455 112.95 56.85 0 0
1684130455 120.77 56.85 0 0
1684130456 124.62 56.85 0 0
1684130457 122.83 56.85 0 0
1684130458 130.95 56.85 0 0
1684130459 120.77 56.85 0 0
1684130460 123.26 56.85 0 0
1684130461 119.38 56.85 0 0
1684130463 122.14 56.85 0 0
1684130464 122.9 56.85 0 0
1684130464 121.88 56.85 0 0
1684130466 93.46 56.93 917.65 3775.16
1684130467 17.39 56.85 0 2901.45

Execution duration: 00:00:25.25
