1684090045 130.52 56.99 2351.8 42211.9
1684090055 130.94 56.91 2341.64 45464.6
1684090065 130.9 56.91 2341.69 45690.2
1684090075 130.71 56.91 2340.52 46588.9
1684090085 130.97 56.91 2347.18 45918.8
1684090095 123.45 56.98 14308.1 45288.4
1684090105 130.83 56.98 2342.42 46133.8
1684090115 130.39 56.9 2354.7 45673.6
1684090125 130.94 56.9 2340.86 46434.2
1684090135 130.23 56.9 2363.85 45674.6
1684090145 130.9 56.9 2363.46 46528.3
1684090155 124.2 56.98 14270.9 46367.3
1684090165 130.45 56.98 2315.95 44817.9
1684090175 131.13 56.9 2341.25 45305.1
1684090185 130.51 56.9 2338.58 45415
1684090195 129.44 56.9 2347.49 45326.2
1684090205 130.78 56.9 2361.56 45425.6
1684090215 130.22 56.9 2338.58 45682.8
1684090225 125.85 56.98 16328.9 45484.2
1684090235 130.63 56.98 2342.97 45161.8
1684090245 130.51 56.9 2340.52 46139.6
1684090255 130.55 56.9 2340.86 46183.3
1684090265 130.69 56.9 2361.56 45920
1684090275 130.81 56.9 2363.46 45888.1
1684090285 130.2 56.9 2311.85 46495.9
1684090295 129.25 56.98 17221.4 45858.5
1684090305 130.22 56.98 2338.97 45147.1
1684090315 130.83 56.9 2341.25 46442.4
1684090325 130.13 56.9 2338.97 46238.3
1684090335 130.84 56.9 2366.15 45576.7
1684090345 130.59 56.9 2363.08 45064.6
1684090355 123.04 56.98 15735.3 45436.7
1684090365 130.39 56.98 2336.31 45179.8
1684090375 130.36 56.9 2366.15 45024.5
1684090385 130.48 56.9 2361.17 46041.6
1684090395 130.47 56.9 2352.42 44979.1
1684090405 130.71 56.9 2363.46 45892.3
1684090415 130.32 56.9 2338.97 45956.8
1684090425 124.12 56.98 16327.6 45608.6
1684090435 130.91 56.98 2338.97 46367.7
1684090445 130.32 56.9 2338.58 45225.3
1684090455 130.51 56.9 2365.4 46259.3
1684090465 130.26 56.9 2365.76 45919.8
1684090475 130.87 56.9 2361.56 46062.5
1684090485 130.45 56.9 2366.15 45333.8
1684090495 126.85 56.98 16689.1 45926.8
1684090505 130.55 56.98 2316.34 45286
1684090515 130.23 56.9 2313.7 45435.6
1684090525 130.74 56.9 2366.15 46324.5
1684090535 130.23 56.9 2338.58 45836.7
1684090545 130.07 56.9 2309.6 45648.9
1684090555 125.6 56.98 14812.7 45924.9
1684090565 130.52 56.98 2314.09 45090.4
1684090575 130.06 56.9 2318.3 45489.4
1684090585 129.87 56.9 2359.26 45392.1
1684090595 130.6 56.9 2363.46 45963.1
1684090605 130.55 56.9 2366.15 45501.6
1684090615 129.96 56.9 2315.95 45009.7
1684090625 129.13 56.98 17059 46095.9
1684090635 130.51 56.98 2338.58 45687.8
1684090645 131.03 56.9 2341.25 45816.3
1684090655 129.92 56.9 2314.09 45024.7
1684090665 131.04 56.9 2340.86 46284.4
1684090675 130.32 56.9 2340.52 46127.5
1684090685 124.61 56.98 15520.2 46183.7
1684090695 130.48 56.98 2343.53 45607.8
1684090705 130.45 56.9 2315.95 45905.8
1684090715 129.64 56.9 2291.81 45529.2
1684090725 130.22 56.9 2316.07 45568.8
1684090735 130.64 56.9 2366.15 45586
1684090745 130.87 56.9 2362.72 46153.8
1684090755 126.1 56.98 16462 44478.2
1684090765 130.93 56.98 2340.86 45803.5
1684090775 130.16 56.9 2316.34 45207.4
1684090785 130.35 56.9 2340.86 45849.8
1684090795 130.06 56.98 2366.15 45003.1
1684090805 131.22 56.98 2390.66 46096.5
1684090815 130.84 56.9 2366.15 45722.2
1684090825 128.01 56.98 17408.9 45419.8
1684090835 130.64 56.98 2341.25 45748.2
1684090845 130.15 56.9 2300.68 45497.6
1684090855 129.64 56.9 2316.07 45167.3
1684090865 130.74 56.9 2341.25 46059.9
1684090875 130.51 56.9 2288.82 44609.1
1684090885 123.65 56.98 15265.3 44885.3
1684090895 130.06 56.98 2340.86 45504.7
1684090905 130.51 56.9 2342.08 45502.4
1684090915 130.55 56.9 2341.25 45875.9
1684090925 130.44 56.9 2341.25 45890.7
1684090935 130.83 56.9 2341.25 45433.5
1684090945 130.54 56.9 2341.25 45866.9
1684090955 125.48 56.98 16370 44960.3
1684090965 130.35 56.98 2343.36 45326
1684090975 130.61 56.9 2338.58 45456.9
1684090985 130.9 56.9 2338.97 46133.7
1684090995 130.99 56.9 2372.2 45500.4
1684091005 130.22 56.9 2340.52 45995.3
1684091015 123.93 56.98 14905.1 45794.2
1684091025 130.93 56.98 2366.15 45923.7
1684091035 130.74 56.9 2315.95 45514.4
1684091045 130.16 56.9 2316.34 45598.1
1684091055 130.41 56.9 2338.97 46036.5
1684091065 130.54 56.9 2340.86 45698.4
1684091075 122.45 56.98 14272.5 44576.5
1684091085 130.55 56.9 2318.3 44899
1684091095 130.28 56.9 2318.6 45573.5
1684091105 130.87 56.9 2318.21 45716.5
1684091115 130.15 56.9 2317.9 45498.1
1684091125 130.65 56.9 2340.86 46513.6
1684091135 130.97 56.98 2336.7 45958.4
1684091145 129.87 56.98 16178.6 45198.1
1684091155 130.16 56.98 2341.25 44811.7
1684091165 131.45 56.9 2343.14 46379.4
1684091175 130.74 56.9 2316.34 45254.1
1684091185 130.51 56.9 2338.58 45658.7
1684091195 130.51 56.9 2338.97 45595.3
1684091205 128.18 56.98 15839.8 46266.7
1684091215 130.06 56.98 2341.25 45938.5
1684091225 131.13 56.9 2342.81 46175.9
1684091235 130.35 56.9 2341.25 45496.9
1684091245 131.16 56.9 2343.92 46136.7
1684091255 131.82 56.9 2346.31 46430.3
1684091265 126.01 56.98 15377.3 44858.2
1684091275 130.94 56.98 2365.76 45984.8
1684091285 130.45 56.9 2341.25 45670.4
1684091295 131.13 56.9 2340.86 46438.9
1684091305 130.42 56.9 2338.97 46293.5
1684091315 130.54 56.9 2365.76 46226.8
1684091325 122.45 56.98 14793.8 46190.9
1684091335 130.64 56.98 2415.56 45898.4
1684091345 131.06 56.9 2343.53 45535.7
1684091355 130.38 56.9 2318.21 45531.4
1684091365 130.52 56.9 2365.4 46047
1684091375 131.1 56.9 2363.46 45367.9
1684091385 130.8 56.9 2338.97 45908.3
1684091395 125.46 56.98 16092.1 45025.8
1684091405 130.54 56.98 2365.76 45359.1
1684091415 130.74 56.9 2341.25 46603.5
1684091425 130.51 56.9 2338.58 46641.4
1684091435 130.74 56.9 2366.15 46094.9
1684091445 130.8 56.9 2338.58 45759.8
1684091455 130.74 56.9 2341.25 46390.7
1684091465 130.83 56.98 17118.3 45707.8
1684091475 132.92 56.98 2311.85 45045.4
1684091485 132.3 56.9 2340.86 45586.4
1684091495 133.86 56.9 2316.34 45453.3
1684091505 133.08 56.9 2342.42 45302.3
1684091515 133.43 56.9 2363.85 45806.8
1684091525 126.05 56.98 15252.1 45551.4
1684091535 130.06 56.98 2291.44 44927.2
1684091545 130.68 56.9 2318.21 45872.2
1684091555 130.58 56.9 2293.67 46325.6
1684091565 130.22 56.9 2316.45 45148.4
1684091575 130.37 56.9 2320.54 45164.9
1684091585 126.36 56.98 14705.1 45787.9
1684091595 130.07 56.98 2334.04 44575.8
1684091605 130.65 56.9 2341.25 46294.9
1684091615 130.3 56.9 2311.46 45742.1
1684091625 130.52 56.9 2363.85 45505.9
1684091635 130.41 56.9 2338.58 45774.5
1684091645 122.38 56.96 14790.7 46148.2
1684091655 130.42 56.99 17139.3 45182.9
1684091665 130.35 56.99 2344.36 45619.5
1684091675 129.46 56.91 2331.78 45273.6
1684091685 130.44 56.91 2341.25 45186
1684091695 130.84 56.91 2309.21 45103
1684091705 130.61 56.91 2338.97 45320.9
1684091715 125.68 56.98 16000 45687.9
1684091725 130.13 56.98 2338.97 45116.4
1684091735 130.25 56.9 2318.69 44846.6
1684091745 130.35 56.9 2318.3 45383
1684091755 130.22 56.9 2338.97 45509.4
1684091765 130.6 56.9 2363.46 45808.8
1684091775 130.42 56.9 2363.85 45744.6
1684091785 127.41 56.98 16925.5 45885.7
1684091795 130.16 56.98 2316.34 45241.6
1684091805 130.94 56.9 2334.04 45242.7
1684091815 130.8 56.9 2338.97 46019.1
1684091825 130.33 56.9 2338.58 45603.1
1684091835 130.9 56.9 2363.85 45576.3
1684091845 122.15 56.98 15279.7 45297.2
1684091855 130.35 56.9 2341.25 46392.2
1684091865 130.55 56.9 2365.76 45700.4
1684091875 131.42 56.9 2366.15 46000.4
1684091885 130.58 56.9 2343.14 45963
1684091895 130.22 56.9 2341.09 45362.8
1684091905 131.19 56.98 2363.85 46382.9
1684091915 128.28 56.98 16248.8 44882.4
1684091925 130.48 56.9 2318.6 45016.2
1684091935 130.67 56.9 2318.21 45990.7
1684091945 131.09 56.9 2338.97 46020.2
1684091955 130.9 56.9 2338.58 46073.9
1684091965 130.9 56.9 2314.09 45147.9
1684091975 123.18 56.98 15177.3 44199.6
1684091985 130.67 56.9 2343.53 46278.1
1684091995 130.65 56.9 2334.04 45579.1
1684092005 130.64 56.9 2341.25 45957.6
1684092015 130 56.9 2379.09 45439.7
1684092025 131.39 56.9 2363.85 46211.9
1684092035 130.32 56.9 2338.58 46287.3
1684092045 68.71 56.96 15108.6 16874.6

Execution duration: 00:33:30.30
