1684089995 120.93 56.88 3.1 279.07
1684089996 119.69 56.96 0 28.35
1684089997 117.56 56.88 0 0
1684089998 118.46 56.88 0 0
1684089999 119.05 56.88 0 0
1684090000 114.29 56.88 0 0
1684090001 115 56.88 0 0
1684090002 116.92 56.88 0 0
1684090003 117.69 56.88 0 0
1684090004 117.02 56.88 0 0
1684090005 124.6 56.88 0 0
1684090006 116.92 56.88 0 0
1684090007 121.43 56.88 0 0
1684090008 118.18 56.88 0 0
1684090009 122.83 56.88 0 0
1684090010 118.32 56.88 0 0
1684090011 120.47 56.88 0 0
1684090012 123.02 56.88 0 0
1684090013 72.09 56.96 1178.29 4679.07

Execution duration: 00:00:22.22
