1684081088 117.32 56.88 3.15 31.5
1684081089 119.23 56.88 0 3.08
1684081090 117.83 56.88 0 0
1684081091 117.99 56.88 0 0
1684081092 116.92 56.88 0 0
1684081093 116.92 56.88 0 0
1684081094 115.11 56.88 0 0
1684081095 117.69 56.88 0 0
1684081096 123.26 56.96 0 0
1684081097 116.92 56.88 0 0
1684081098 123.08 56.88 0 0
1684081099 116.92 56.88 0 0
1684081100 119.23 56.88 0 0
1684081101 120.31 56.88 0 0
1684081102 123.08 56.88 0 0
1684081103 119.53 56.88 0 0
1684081104 121.26 56.88 0 0
1684081105 118.32 56.88 0 0
1684081106 61.81 56.96 1022.22 3916.67

Execution duration: 00:00:22.22
