1684165513 115.69 56.83 0 26784.9
1684165518 118.3 56.91 6.65 41934.9
1684165523 122.16 56.83 0 47429.6
1684165528 122.08 56.83 0.74 55570.3
1684165533 123.63 56.83 0 51687.7
1684165538 122.63 56.83 0.74 56121
1684165543 124.01 56.83 0.76 53330.1
1684165548 125.33 56.83 0 55897.2
1684165553 125.23 56.83 0.74 62096.5
1684165558 125.38 56.83 0.76 56632.6
1684165563 125.57 56.83 0 57159.8
1684165568 125.33 56.83 0.76 58237.4
1684165573 125.71 56.83 0.76 58805.3
1684165578 126.65 56.83 0 61305.9
1684165583 127.46 56.83 0.76 68224.2
1684165588 127.08 56.91 0.76 65760.6
1684165593 126.65 56.83 0 62863.5
1684165598 126.28 56.83 0.76 62835.5
1684165603 123.93 56.83 0.74 61464.9
1684165608 122.87 56.83 0.76 52166.3
1684165613 124.95 56.83 0.76 57395.8
1684165618 127.22 56.83 0 65162.2
1684165623 126.52 56.83 0.76 60682.6
1684165628 126.89 56.83 0.76 64630.3
1684165633 125.52 56.83 0 60189
1684165638 123.82 56.83 0.76 55273.3
1684165643 123.44 56.83 0.76 52759.9
1684165648 124.91 56.83 0.75 60908.7
1684165653 125.14 56.83 0 60310
1684165658 125.19 56.83 0.76 61450.8
1684165663 124.01 56.83 0 58159.6
1684165668 120.6 56.83 0.76 47239.3
1684165673 121.55 56.83 0 50842.3
1684165678 122.68 56.83 0 52266.9
1684165683 121.93 56.83 0.76 54164.1
1684165688 122.59 56.83 0 58824.4
1684165693 123.11 56.83 0.76 54030.3
1684165698 121.21 56.83 0 47429.6
1684165703 120.6 56.83 0.76 47159.2
1684165708 122.31 56.83 0 50773.5
1684165713 121.93 56.83 0.76 50295.7
1684165718 121.17 56.83 0.76 49128.9
1684165723 121.4 56.83 0.76 48062.1
1684165728 120.6 56.83 0.76 45803.4
1684165733 121.21 56.83 0 44593.2
1684165738 120.52 56.83 0.75 44572.4
1684165743 119.85 56.83 0 43384.5
1684165748 119.32 56.83 0.75 42741.5
1684165753 118.9 56.83 0.76 40160.3
1684165758 118.92 56.83 0.74 39490.9
1684165763 119.7 56.83 0 40953
1684165768 120.04 56.83 0.74 38964.8
1684165773 119.09 56.83 0 40714.6
1684165778 119.66 56.83 0.76 42577.7
1684165783 119.47 56.83 0 41252.2
1684165788 119.47 56.83 0 40967.9
1684165793 120.08 56.83 0 41614.4
1684165798 118.81 56.83 0 42217.5
1684165803 120.45 56.83 0 43871.2
1684165808 119.85 56.83 0 42989.8
1684165813 119.66 56.83 0 42877.9
1684165818 120 56.83 0 44083
1684165823 119.85 56.83 0 42793.9
1684165828 119.51 56.83 0 42362.1
1684165833 119.89 56.83 0 42972.7
1684165838 119.09 56.83 0 41958.4
1684165843 120.04 56.83 0 44016.6
1684165848 119.62 56.83 0 43811.3
1684165853 120.79 56.83 0 43046.5
1684165858 120.27 56.83 0 43686.4
1684165863 120.23 56.83 0 44136.1
1684165868 119.66 56.83 0 42406.8
1684165873 119.28 56.83 0 41891.9
1684165878 119.47 56.83 0 42080.2
1684165883 107.95 56.91 34.09 61171.2

Execution duration: 00:06:18.18
