1684150643 120.63 56.83 3.17 285.71
1684150644 119.23 56.83 3.08 33.85
1684150645 116.78 56.83 0 2.8
1684150646 129.13 56.83 0 0
1684150647 118.46 56.91 0 0
1684150648 125.58 56.83 0 0
1684150649 119.23 56.83 0 0
1684150650 126.19 56.83 0 0
1684150651 125 56.83 0 0
1684150652 123.62 56.83 0 0
1684150653 117.01 56.83 0 0
1684150654 128.35 56.83 0 0
1684150655 123.66 56.83 0 0
1684150656 130.16 56.83 0 0
1684150657 123.66 56.83 0 0
1684150658 122.48 56.83 0 0
1684150659 125.58 56.83 0 0
1684150660 116.06 56.83 0 0
1684150661 114 56.83 0 0
1684150662 116.56 56.83 0 0
1684150663 126.77 56.83 0 0
1684150664 118.46 56.91 1366.15 1375.39
1684150665 24.63 56.91 785.07 3904.48

Execution duration: 00:00:26.26
