1684103473 131.55 56.98 2384.08 40744.8
1684103483 130.51 56.9 2314.48 43224.9
1684103493 130.39 56.9 2341.54 43981.2
1684103503 131.33 56.9 2344.36 44959.1
1684103513 130.13 56.9 2343.79 43513.8
1684103523 124 56.98 14374.7 44290
1684103533 131.3 56.98 2363.46 45041.4
1684103543 131.42 56.9 2341.25 44667.3
1684103553 131.26 56.9 2361.17 44723.1
1684103563 131.59 56.9 2388.73 44204.9
1684103573 130.7 56.9 2338.58 44842.8
1684103583 123.71 56.98 14348.7 43966.6
1684103593 130.23 56.98 2338.58 44188.9
1684103603 130.54 56.9 2366.15 44200.8
1684103613 130.84 56.9 2366.15 44800.8
1684103623 130.96 56.9 2368.06 44315.5
1684103633 129.91 56.9 2354.7 43393.6
1684103643 131.13 56.9 2365.76 44334.2
1684103653 127.51 56.98 16481.2 44487.1
1684103663 130 56.98 2361.17 43440.4
1684103673 131.13 56.9 2366.15 44403.9
1684103683 130.42 56.9 2363.46 44081.6
1684103693 131.74 56.9 2393.38 45549.8
1684103703 131.94 56.9 2361.17 44975.5
1684103713 130.65 56.9 2321.79 44178.2
1684103723 130.42 56.98 17495 44542.3
1684103733 131.36 56.9 2393.38 44449.1
1684103743 131.09 56.9 2363.85 44979.6
1684103753 130.77 56.9 2368.06 44464.3
1684103763 131.04 56.9 2391.05 44210.1
1684103773 130.78 56.9 2363.11 44111.8
1684103783 124.1 56.99 16011.6 44015.8
1684103793 131.27 56.99 2386.41 44478.1
1684103803 130.61 56.91 2363.46 43787
1684103813 130.84 56.91 2366.15 44289.9
1684103823 130.94 56.91 2390.66 45071.2
1684103833 131.13 56.91 2391.05 44926.5
1684103843 131.43 56.91 2415.56 44716.3
1684103853 126.7 56.98 16844.7 45351.8
1684103863 131.58 56.98 2363.85 44608.8
1684103873 130.16 56.9 2340.86 43965
1684103883 131 56.9 2388.73 44555.5
1684103893 130.8 56.9 2388.34 44524.4
1684103903 130.93 56.9 2391.05 44968.1
1684103913 130.65 56.9 2365.76 44300.8
1684103923 129.22 56.98 17303.3 44558.4
1684103933 130.48 56.9 2369.62 44698.7
1684103943 130.8 56.9 2338.97 43976.7
1684103953 130.2 56.9 2363.08 43627.3
1684103963 130.99 56.9 2388.73 44562.9
1684103973 131.46 56.9 2361.17 44497.9
1684103983 129.05 56.98 15728.3 43957.2
1684103993 130.7 56.9 2338.58 44099.9
1684104003 130.71 56.9 2363.85 43588.7
1684104013 129.92 56.9 2363.85 43460.8
1684104023 130.51 56.9 2363.46 44629.3
1684104033 130.03 56.9 2365.73 43379.8
1684104043 123.67 56.98 15628.3 44703.4
1684104053 130.12 56.98 2338.97 43765.6
1684104063 130.74 56.9 2365.76 44643.6
1684104073 130.1 56.9 2336.7 43796.5
1684104083 131.03 56.9 2365.76 44517.5
1684104093 130.99 56.9 2338.97 44461
1684104103 130.32 56.9 2347.91 43836.7
1684104113 127.33 56.98 16415.6 44724.1
1684104123 131.23 56.98 2340.86 44124.1
1684104133 130.55 56.9 2341.25 43498.4
1684104143 130.54 56.9 2340.86 44423
1684104153 131.42 56.9 2366.15 44459.9
1684104163 130.61 56.9 2363.85 44230.9
1684104173 130.06 56.9 2305.84 43903.9
1684104183 129.55 56.98 17331.7 43582.7
1684104193 130.5 56.9 2322.78 43447.1
1684104203 130.12 56.9 2363.85 43659.1
1684104213 131.04 56.9 2390.66 45310.9
1684104223 131.3 56.9 2363.85 44710.6
1684104233 130.16 56.9 2360.81 44286.3
1684104243 123.64 56.98 16117.1 44024.9
1684104253 130.61 56.98 2338.58 43966.6
1684104263 130.23 56.9 2332.17 44197.3
1684104273 130.22 56.9 2340.71 43924.2
1684104283 131.46 56.9 2386.41 44497.5
1684104293 130.84 56.9 2340.86 43959.5
1684104303 131.1 56.9 2363.85 44123.6
1684104313 127.63 56.98 16479.4 43890.3
1684104323 130.32 56.98 2338.97 43863.2
1684104333 130.94 56.9 2341.25 44175.5
1684104343 131.09 56.9 2363.46 44513.1
1684104353 130.61 56.9 2363.85 43507.9
1684104363 130.61 56.9 2363.46 44000
1684104373 121.86 56.98 15332.9 44628.6
1684104383 130.67 56.98 2417.92 44505.6
1684104393 130.45 56.98 2341.25 44065
1684104403 130.64 56.9 2340.86 45117.9
1684104413 129.94 56.9 2365.73 43701.2
1684104423 131.06 56.9 2392.99 44879.4
1684104433 130.69 56.9 2363.11 44402.3
1684104443 128.86 56.98 16184.2 44275.6
1684104453 130.97 56.9 2343.53 44281.6
1684104463 130.69 56.9 2336.31 44175.9
1684104473 130.13 56.9 2341.09 43482.2
1684104483 130.51 56.9 2363.85 44446.7
1684104493 130.9 56.9 2388.34 44520.1
1684104503 128.08 56.98 15690.6 44436.5
1684104513 130.87 56.98 2368.06 44250.1
1684104523 131.07 56.9 2343.53 45036
1684104533 130.94 56.9 2365.76 44289.9
1684104543 130.61 56.9 2338.97 44389.1
1684104553 130.21 56.9 2338.58 44438.5
1684104563 126.24 56.98 15278.5 43805.4
1684104573 130.84 56.98 2341.25 44075.9
1684104583 130.13 56.9 2338.58 43993.4
1684104593 130.94 56.9 2391.05 45125.3
1684104603 131.39 56.9 2363.46 44054.8
1684104613 130.04 56.9 2356.98 44122.9
1684104623 125.48 56.98 15209.3 44043.6
1684104633 130.89 56.98 2363.85 44007
1684104643 130.66 56.9 2369.91 44737.1
1684104653 131.62 56.9 2391.05 44865.4
1684104663 131.2 56.9 2365.01 44451.3
1684104673 130.73 56.9 2333.72 43661.6
1684104683 124.91 56.98 14956 44055.6
1684104693 130.32 56.98 2338.97 43697.6
1684104703 130.42 56.9 2363.46 43441.8
1684104713 130.84 56.9 2341.25 44902.3
1684104723 130.38 56.9 2368.45 44260.2
1684104733 130.8 56.9 2388.34 44850.2
1684104743 130.54 56.9 2341.25 44550.2
1684104753 128.59 56.98 16575.9 44809.7
1684104763 130.58 56.9 2361.56 44240.4
1684104773 130.71 56.9 2363.46 43998.1
1684104783 129.75 56.9 2365.73 43277
1684104793 130.6 56.9 2372.2 44489.2
1684104803 129.93 56.9 2363.85 43500.1
1684104813 125.1 56.98 15758.8 44481.3
1684104823 130.62 56.98 2363.85 43861.6
1684104833 131 56.9 2363.46 44304.8
1684104843 130.65 56.9 2341.25 44192.6
1684104853 130.42 56.9 2338.97 44008.2
1684104863 130.26 56.9 2352.03 43362.1
1684104873 130.74 56.9 2366.15 45119.1
1684104883 126.31 56.98 16761.9 43758.8
1684104893 130.64 56.98 2341.25 43997.7
1684104903 130.68 56.9 2311.46 44607
1684104913 130.38 56.9 2311.85 44654.4
1684104923 130.87 56.9 2343.14 44259.8
1684104933 130.7 56.9 2363.85 44174.9
1684104943 124.7 56.98 14946.3 44212.4
1684104953 129.93 56.98 2314.09 43912.2
1684104963 130.73 56.9 2340.86 43946.7
1684104973 130.36 56.9 2334.43 44858.2
1684104983 130.61 56.9 2340.71 44515.9
1684104993 130.7 56.9 2363.85 44583.9
1684105003 125.25 56.98 14477.7 43760.8
1684105013 131.39 56.98 2338.97 44452.9
1684105023 130.8 56.9 2314.09 44517
1684105033 130.41 56.9 2313.7 44192
1684105043 131.22 56.9 2374.71 44674.3
1684105053 130.89 56.9 2363.46 44625.5
1684105063 130.99 56.9 2338.97 44646.4
1684105073 130.16 56.98 17005.1 43762.7
1684105083 130.94 56.9 2366.15 44677.8
1684105093 130.41 56.9 2363.46 43869.4
1684105103 129.74 56.9 2317.99 43096.8
1684105113 130.61 56.9 2388.34 44656.6
1684105123 131.13 56.9 2391.05 44793.8
1684105133 124.68 56.98 15934.7 43787
1684105143 129.64 56.98 2341.09 43974.6
1684105153 130.23 56.9 2363.46 44426.8
1684105163 130.61 56.9 2338.97 43850.3
1684105173 130.5 56.9 2365.73 45923
1684105183 130.45 56.9 2365.76 44423
1684105193 130.52 56.9 2363.85 44494.5
1684105203 127.22 56.98 16950.4 43429
1684105213 131.03 56.98 2366.15 44602.3
1684105223 130.78 56.9 2336.31 44123.5
1684105233 130.84 56.9 2341.25 43990.3
1684105243 130.97 56.9 2368.06 44148.4
1684105253 130.38 56.9 2343.53 43995.3
1684105263 123.23 56.98 15326.3 44083.2
1684105273 130.24 56.98 2325.41 43670.3
1684105283 130.42 56.9 2358.14 43724.4
1684105293 130.48 56.9 2336.7 43748.7
1684105303 129.94 56.9 2340.71 43089.9
1684105313 130.93 56.9 2366.15 44780.9
1684105323 131.33 56.9 2341.25 45047.9
1684105333 128.98 56.98 16314.8 44006.2
1684105343 130.94 56.98 2341.25 44706.6
1684105353 131.09 56.9 2363.46 44364.2
1684105363 130.58 56.9 2318.6 44220.4
1684105373 130.35 56.9 2340.86 44433.5
1684105383 130.32 56.9 2341.09 45369.4
1684105393 122.84 56.98 15439.1 44764.6
1684105403 130.51 56.98 2363.85 44285.7
1684105413 130.06 56.98 2340.86 43796.1
1684105423 130.64 56.9 2366.15 44886
1684105433 131.26 56.9 2392.99 45101.5
1684105443 130.78 56.9 2386.41 44317.7
1684105453 130.71 56.9 2363.46 44269.4
1684105463 59.19 56.96 15140.9 13153.7

Execution duration: 00:33:19.19
