1684083544 130.72 56.98 2327.91 41368.2
1684083554 131 56.9 2339.36 45053.1
1684083564 130.55 56.9 2319.45 44275.1
1684083574 131.33 56.9 2344.36 45477.4
1684083584 130.74 56.9 2315.95 45220.6
1684083594 123.52 56.98 14255.4 45574
1684083604 131.1 56.98 2338.58 45972.8
1684083614 130.87 56.9 2338.25 45663.3
1684083624 131.29 56.9 2338.58 46162.1
1684083634 130.22 56.9 2317.99 44564.4
1684083644 130.71 56.9 2340.13 45348.1
1684083654 122.86 56.98 14112.1 46307.8
1684083664 131.26 56.98 2336.31 45532
1684083674 131.33 56.9 2334.43 45350.5
1684083684 131.38 56.9 2338.58 45564.2
1684083694 131.33 56.9 2309.6 45194.2
1684083704 131.28 56.9 2313.7 45462
1684083714 130.61 56.9 2338.97 45484.2
1684083724 126.04 56.98 16107.7 45605.4
1684083734 130.71 56.98 2313.7 45401.4
1684083744 131.38 56.9 2338.97 45682.4
1684083754 131.03 56.9 2365.76 45881.7
1684083764 130.78 56.9 2361.56 45882.7
1684083774 130.61 56.9 2363.46 46002.7
1684083784 131.19 56.9 2363.85 46535.3
1684083794 128.95 56.98 16947.7 45940.1
1684083804 131 56.98 2338.97 45537.8
1684083814 130.48 56.9 2338.25 45380.2
1684083824 130.54 56.9 2340.86 45656.4
1684083834 130.74 56.9 2366.15 45273.2
1684083844 130.9 56.9 2388.34 45477.6
1684083854 130.68 56.9 2298.64 45208.2
1684083864 130 56.98 17734.4 44820.6
1684083874 130.62 56.9 2338.97 44285.7
1684083884 129.89 56.9 2320.54 43401.3
1684083894 130.61 56.9 2351.41 46250.3
1684083904 130.77 56.9 2336.31 44676.1
1684083914 131.23 56.9 2335.98 44599.8
1684083924 122.32 56.98 15848.1 43597.3
1684083934 130.03 56.98 2340.71 43146.5
1684083944 131.29 56.9 2338.97 45033.2
1684083954 130.91 56.9 2307.37 43949.6
1684083964 131.07 56.9 2347.18 44753.4
1684083974 131.26 56.9 2336.7 43982.1
1684083984 131.16 56.9 2336.31 44775.2
1684083994 124.19 56.98 16150.8 44836.5
1684084004 130.32 56.98 2324.15 42850.8
1684084014 130.29 56.9 2286.6 43038.4
1684084024 130.29 56.9 2338.84 44074.2
1684084034 130.9 56.9 2338.58 44508.1
1684084044 131.36 56.9 2386.41 44505.6
1684084054 123.99 56.98 14372 44081.9
1684084064 130.9 56.98 2289.21 43890
1684084074 130.09 56.9 2313.85 43006.9
1684084084 130.87 56.9 2336.7 44763.9
1684084094 130.74 56.9 2340.86 44365.4
1684084104 130.49 56.9 2338.84 44226.9
1684084114 130.2 56.9 2339.42 43347.2
1684084124 126.7 56.98 16442.3 43764.3
1684084134 130.8 56.98 2338.58 44001.6
1684084144 130.68 56.9 2336.7 44387.2
1684084154 130.94 56.9 2334.04 44132.3
1684084164 130.93 56.9 2341.25 44387.6
1684084174 130.19 56.9 2336.31 43565.4
1684084184 123.01 56.9 3.5 44200.4
1684084194 130.2 56.98 17180.6 43971.3
1684084204 130.88 56.9 2336.31 43172
1684084214 130.81 56.9 2314.09 44424.9
1684084224 131.23 56.9 2340.86 44500
1684084234 130.78 56.9 2336.7 44450.9
1684084244 130.9 56.9 2363.46 44536.8
1684084254 124.46 56.98 15918.8 43377.1
1684084264 129.91 56.98 2313.85 44126.2
1684084274 130.88 56.9 2336.7 43416.7
1684084284 131.29 56.9 2338.58 44449.4
1684084294 130.71 56.9 2338.97 43957.2
1684084304 131.16 56.9 2361.17 43961.9
1684084314 130.67 56.9 2336.7 44071.1
1684084324 126.41 56.98 16706.8 43395.3
1684084334 130.8 56.98 2338.97 43320.5
1684084344 130.59 56.9 2336.31 44015.2
1684084354 130.9 56.9 2338.97 44477
1684084364 130.84 56.9 2341.25 44662.3
1684084374 130.71 56.9 2338.58 43683.2
1684084384 130.78 56.9 2336.7 44689.3
1684084394 129.83 56.98 17035.6 43767.2
1684084404 130.87 56.9 2336.7 43347.2
1684084414 130.13 56.9 2319.15 43775.9
1684084424 131.48 56.9 2363.85 44106.5
1684084434 131.52 56.9 2358.87 44446.2
1684084444 130.61 56.9 2338.97 43825.8
1684084454 124.69 56.98 15809.9 44162.1
1684084464 130.51 56.98 2316.45 43834.1
1684084474 131.37 56.9 2361.17 44740.2
1684084484 130.46 56.9 2334.43 43190.3
1684084494 130.26 56.9 2318.3 43620.4
1684084504 131.06 56.9 2336.7 44298.6
1684084514 130.61 56.9 2330.03 43032.5
1684084524 129.35 56.98 16421.2 44119.7
1684084534 130.68 56.9 2336.7 43782.9
1684084544 131.37 56.9 2336.31 44259.4
1684084554 130.49 56.9 2336.7 43528.5
1684084564 131.01 56.9 2338.58 44083.6
1684084574 130.58 56.9 2311.85 43790.7
1684084584 128.74 56.98 15873.8 43525.4
1684084594 130.61 56.98 2338.97 44118.6
1684084604 130.97 56.9 2336.31 44528.9
1684084614 130.71 56.9 2358.53 43791.1
1684084624 131.19 56.9 2338.58 43520.7
1684084634 130.29 56.9 2311.85 43953.4
1684084644 127.87 56.98 15552.2 43837.3
1684084654 130.55 56.98 2334.43 43032.8
1684084664 131.38 56.9 2363.46 44988.1
1684084674 130.8 56.9 2363.85 43893.9
1684084684 130.8 56.9 2388.34 44517.8
1684084694 130.78 56.9 2336.7 44382.5
1684084704 125.83 56.98 15278.1 44297.5
1684084714 130.77 56.98 2361.17 44438.4
1684084724 131.26 56.9 2336.7 43445.1
1684084734 130.81 56.9 2344.8 44456.8
1684084744 130.87 56.9 2361.56 44513.8
1684084754 131.55 56.9 2338.64 44554.2
1684084764 124.16 56.98 14822.3 43461.4
1684084774 131.36 56.98 2312.24 43345.6
1684084784 130.74 56.9 2334.04 43621.7
1684084794 131.26 56.9 2361.56 44358.8
1684084804 131.61 56.9 2365.76 45204.3
1684084814 130.91 56.9 2363.85 43927.3
1684084824 131.06 56.9 2361.17 43987.2
1684084834 129.03 56.98 16494.8 43888.9
1684084844 131.37 56.98 2336.31 44248.9
1684084854 130.97 56.9 2361.56 44116.9
1684084864 131.17 56.9 2364.67 43783.7
1684084874 130.64 56.9 2343.97 43657.2
1684084884 131.07 56.9 2361.56 44224.8
1684084894 123.98 56.98 15529.3 44736.7
1684084904 130.29 56.98 2336.7 42572.8
1684084914 130.7 56.9 2363.46 44107.7
1684084924 130.78 56.9 2361.56 44571.7
1684084934 131.16 56.98 2336.31 45041.6
1684084944 130.78 56.9 2336.7 44170.5
1684084954 131.07 56.9 2336.31 43969.3
1684084964 125.87 56.98 16481.8 44196.9
1684084974 130.25 56.98 2291.05 43098.8
1684084984 130.3 56.9 2314.23 43930.4
1684084994 130.88 56.9 2337.86 43991.1
1684085004 130.43 56.9 2356.98 44225.6
1684085014 130.74 56.9 2346.7 43947.5
1684085024 123.78 56.98 14616.3 43767
1684085034 130.61 56.98 2314.09 43925
1684085044 130.77 56.9 2311.46 43788.7
1684085054 130.1 56.9 2289.61 43167.3
1684085064 130.17 56.9 2309.21 43897.6
1684085074 131.13 56.9 2391.05 44851
1684085084 124.32 56.98 14082.1 43852.9
1684085094 130.32 56.98 2314.09 43310.4
1684085104 131.01 56.9 2331.78 44534.9
1684085114 130.39 56.9 2286.99 43697.9
1684085124 130.63 56.9 2356.59 43424.8
1684085134 130.6 56.9 2363.85 44010.5
1684085144 130.31 56.9 2338.58 43753.2
1684085154 127.44 56.98 16357.3 43472.2
1684085164 130.19 56.98 2336.31 43902.1
1684085174 130.2 56.9 2338.84 43209.6
1684085184 130.78 56.9 2364.28 43714.6
1684085194 130.32 56.9 2338.97 44077
1684085204 130.22 56.9 2341.09 43537.6
1684085214 123.6 56.98 15397.3 43906
1684085224 131.07 56.98 2336.7 44413.6
1684085234 130.61 56.9 2313.7 43630.3
1684085244 130.3 56.9 2311.85 44668.3
1684085254 130.08 56.9 2358.87 44060.1
1684085264 129.26 56.9 2316.45 43699.3
1684085274 130.09 56.9 2320.54 43582.6
1684085284 125.66 56.98 16279.1 44246.8
1684085294 130.87 56.98 2336.31 43247.8
1684085304 130.46 56.9 2334.43 44232.8
1684085314 131.3 56.98 2363.46 44272.9
1684085324 130.68 56.9 2336.7 43380.2
1684085334 129.78 56.9 2327.27 43348.9
1684085344 130.27 56.9 2352.42 44105.6
1684085354 128.37 56.98 16893.7 44155.9
1684085364 130.87 56.98 2342.91 43840.4
1684085374 130.39 56.9 2336.7 43624.8
1684085384 131.09 56.9 2363.46 44561.3
1684085394 130.84 56.9 2334.43 43628.3
1684085404 131.28 56.9 2363.46 43841.8
1684085414 125.72 56.98 15512.6 43288.5
1684085424 130.58 56.98 2336.31 43809.3
1684085434 130.2 56.9 2336.7 43329.3
1684085444 130.69 56.9 2329.53 44280.7
1684085454 130.74 56.9 2366.15 44369.7
1684085464 130.56 56.9 2334.04 44518.7
1684085474 130.77 56.9 2336.7 44010.5
1684085484 128.25 56.98 16890.5 43458.2
1684085494 131 56.98 2338.97 44765.8
1684085504 131.04 56.9 2334.04 43904.2
1684085514 130.6 56.9 2338.97 43499.7
1684085524 130.48 56.9 2336.31 43917.3
1684085534 130.67 56.9 2311.85 43822.9
1684085544 107.99 56.96 15007.5 29694.3

Execution duration: 00:33:33.33
