1684165896 123.91 56.83 0 28365.2
1684165897 125.18 56.91 0 28164
1684165898 122.48 56.91 0 9928.68
1684165899 122.48 56.83 0 9928.68
1684165900 121.53 56.83 0 8894.44
1684165901 122.31 56.83 0 9852.31
1684165902 130.47 56.83 0 10006.2
1684165903 122.48 56.83 0 9928.68
1684165904 122.14 56.83 0 9777.1
1684165905 124.43 56.83 0 9777.1
1684165906 127.34 56.83 0 10006.2
1684165907 125 56.83 0 10006.2
1684165908 120.13 56.83 0 4300.67
1684165909 126.36 56.83 0 9928.68
1684165910 123.66 56.83 0 9777.1
1684165911 123.66 56.83 0 9777.1
1684165912 126.72 56.83 0 9777.1
1684165913 124.62 56.83 0 9852.31
1684165914 133.33 56.83 0 9928.68
1684165915 126.72 56.83 0 9777.1
1684165916 128.68 56.83 0 9928.68
1684165917 116.13 56.83 485.16 4531.61
1684165918 73.28 56.91 1325.19 10714.5

Execution duration: 00:00:26.26
