1684123071 100.38 56.95 89.73 0
1684123076 100.38 56.87 6.07 46.3
1684123081 100.76 56.87 0 0
1684123086 100.38 56.87 0 0
1684123091 100.57 56.87 0 0
1684123096 100.19 56.87 0 0
1684123101 100.38 56.87 0 0
1684123106 100.19 56.87 0 0
1684123111 100.38 56.87 0 0
1684123116 100.57 56.87 0.76 135.86
1684123121 100.38 56.87 0 0
1684123126 100.38 56.87 0 0
1684123131 100.38 56.87 0 0
1684123136 100.19 56.87 0 0
1684123141 100.38 56.87 0 0
1684123146 100.19 56.87 0 0
1684123151 100.38 56.87 0 0
1684123156 100.19 56.87 0 0
1684123161 100.38 56.87 0 0
1684123166 100.19 56.87 0 0
1684123171 100.38 56.87 0 0
1684123176 100 56.87 0 0
1684123181 100.19 56.87 0 0
1684123186 100.38 56.87 0 0
1684123191 100.57 56.87 0 0
1684123196 100.38 56.87 0 0
1684123201 100.57 56.87 0 0
1684123206 100.19 56.87 0 0
1684123211 100.57 56.87 0 0
1684123216 100.57 56.87 0 0
1684123221 100.38 56.87 0 0
1684123226 100.38 56.87 0 0
1684123231 100.57 56.87 0 0
1684123236 100.38 56.87 0 0
1684123241 100.19 56.87 0 0
1684123246 100 56.87 0 0
1684123251 100.57 56.87 0 0
1684123256 100.57 56.87 0 0
1684123261 100.57 56.87 0 0
1684123266 100.19 56.87 0 0
1684123271 100.38 56.87 0 0
1684123276 100 56.87 0 0
1684123281 100.19 56.87 0 0
1684123286 100.38 56.87 0 0
1684123291 100.57 56.87 0 0
1684123296 100.38 56.87 0 0
1684123301 100.38 56.87 0 0
1684123306 100.19 56.87 0 0
1684123311 100.38 56.87 0 0
1684123316 100.19 56.87 0 0
1684123321 100.57 56.87 0 0
1684123326 100.38 56.87 0 0
1684123331 100.19 56.87 0 0
1684123336 100.19 56.87 0 0
1684123341 100.38 56.87 0 0
1684123346 100.38 56.87 0 0
1684123351 100.38 56.87 0 0
1684123356 100.57 56.87 0 0
1684123361 100.38 56.87 0 0
1684123366 100.38 56.87 0 0
1684123371 100.19 56.87 0 0
1684123376 100.38 56.87 0 0
1684123381 100.38 56.87 0 0
1684123386 100.38 56.87 0 0
1684123391 100.38 56.87 0 0
1684123396 100.57 56.87 0 0
1684123401 99.62 56.87 0 0
1684123406 100.19 56.87 0 0
1684123411 101.14 56.87 0 0
1684123416 99.44 56.87 0 0
1684123421 100.38 56.87 0 0
1684123426 100.38 56.87 0 0
1684123431 99.63 56.87 0 0
1684123436 100.38 56.87 0 0
1684123441 100.38 56.87 0 0
1684123446 100.19 56.87 0 0
1684123451 100.38 56.87 0 0
1684123456 101.33 56.87 0 0
1684123461 99.81 56.87 0 0
1684123466 100.38 56.87 0 0
1684123471 100.38 56.87 0 0
1684123476 100.19 56.87 0 0
1684123481 100.19 56.87 0 0
1684123486 100.19 56.87 0 0
1684123491 69.01 56.95 56.27 2965.78

Execution duration: 00:07:07.07
