1684094132 116.92 56.88 3.08 30.77
1684094133 119.38 56.88 0 27.91
1684094134 124.22 56.88 0 0
1684094135 119.53 56.88 0 0
1684094136 121.26 56.96 0 0
1684094137 118.75 56.88 0 0
1684094138 123.81 56.88 0 0
1684094139 121.88 56.88 0 0
1684094140 117.16 56.88 0 0
1684094141 116.43 56.88 0 0
1684094142 125.78 56.88 0 0
1684094143 116.92 56.88 0 0
1684094144 121.88 56.88 0 0
1684094145 123.44 56.88 0 0
1684094146 122.83 56.88 0 0
1684094147 122.83 56.88 0 0
1684094148 127.56 56.88 0 0
1684094149 123.26 56.88 0 0
1684094150 120 56.96 1513.85 1384.62
1684094151 30 56.96 1513.85 4904.62

Execution duration: 00:00:23.23
