1684145998 131.4 56.94 2320.16 40200.4
1684146008 130.8 56.86 2314.48 44263.9
1684146018 130.58 56.86 2265.25 42092
1684146028 130.97 56.86 2291.15 44281.5
1684146038 130.71 56.94 2313.7 44130.6
1684146048 123.13 56.93 14152.4 44163.3
1684146058 130.68 56.85 2336.31 44261.4
1684146068 130.29 56.85 2286.99 43828.3
1684146078 130.34 56.85 2318.3 44002.7
1684146088 130.58 56.85 2311.85 44216.7
1684146098 130.43 56.85 2326.57 43784.3
1684146108 121.75 56.91 13861 43967.4
1684146118 129.9 56.93 16196.9 43037.7
1684146128 129.93 56.85 2338.97 44326.9
1684146138 130.61 56.85 2313.7 44609.5
1684146148 129.72 56.85 2314.23 43505.4
1684146158 130.67 56.85 2337.86 44165.1
1684146168 129.81 56.85 2314.23 43273.1
1684146178 124.75 56.93 15916.5 43776.7
1684146188 129.91 56.85 2314.23 43296.9
1684146198 130.13 56.85 2313.7 43566.2
1684146208 129.72 56.85 2289.61 43228.1
1684146218 129.62 56.85 2338.84 43166.5
1684146228 130.8 56.85 2363.46 44411.3
1684146238 130.33 56.85 2315.64 44284.6
1684146248 126.74 56.93 16546.9 43404.6
1684146258 130.22 56.85 2338.97 43559.2
1684146268 130.68 56.85 2336.31 44697.5
1684146278 130.8 56.85 2338.97 43928.1
1684146288 130.29 56.85 2361.17 43770.5
1684146298 130.51 56.85 2363.85 44484
1684146308 130.58 56.85 2361.17 43835.3
1684146318 129.12 56.93 17486.2 43295.9
1684146328 130.61 56.85 2341.69 43749.7
1684146338 130.38 56.85 2345.62 44022.4
1684146348 131.2 56.85 2363.46 44580.8
1684146358 130.78 56.85 2361.56 44133.2
1684146368 130.77 56.85 2364.28 43742.9
1684146378 122.37 56.91 15680.5 44997.3
1684146388 129.71 56.93 17986.4 43426.8
1684146398 130.47 56.85 2327.27 43536.9
1684146408 130.68 56.85 2338.25 44966.2
1684146418 131.06 56.85 2361.17 44409.3
1684146428 130.22 56.85 2338.97 43325.6
1684146438 130.52 56.85 2363.46 43619.1
1684146448 124.22 56.93 16068.5 44953.7
1684146458 130.42 56.85 2351.02 43074.8
1684146468 130.15 56.85 2291.44 43703.9
1684146478 129.94 56.85 2316.07 43663.9
1684146488 130.12 56.85 2338.97 43890.8
1684146498 129.9 56.85 2338.46 43345
1684146508 123.33 56.93 14235.6 44004.3
1684146518 130.73 56.85 2340.86 43783.3
1684146528 129.83 56.85 2338.97 43383.1
1684146538 130.32 56.85 2363.46 44354.1
1684146548 130.48 56.85 2361.56 44050.9
1684146558 130.12 56.85 2338.97 43894.3
1684146568 130.47 56.85 2349.37 43840.3
1684146578 125.79 56.93 16272.2 43725.5
1684146588 130.22 56.85 2313.7 42886.7
1684146598 129.84 56.85 2291.81 43713.2
1684146608 130.32 56.85 2313.7 43923.8
1684146618 130.64 56.85 2316.34 43955.2
1684146628 130.1 56.85 2316.93 43180
1684146638 130.19 56.85 2311.85 44055.5
1684146648 129.06 56.93 16997.8 43855
1684146658 130.06 56.85 2316.34 43833.5
1684146668 129.33 56.85 2289.23 43613.5
1684146678 129.74 56.85 2316.45 43753.2
1684146688 130.12 56.85 2363.46 43385.4
1684146698 130.71 56.85 2368.51 44366.6
1684146708 123.33 56.93 15733.3 44112.7
1684146718 130.9 56.85 2338.97 44108.8
1684146728 130 56.85 2313.85 43081.2
1684146738 131.33 56.85 2366.15 44758
1684146748 130.35 56.85 2366.15 43853.3
1684146758 130.65 56.85 2358.87 43920.1
1684146768 130.32 56.85 2314.09 44339.8
1684146778 125.02 56.93 16341.9 43479.1
1684146788 130.03 56.85 2338.97 43182.9
1684146798 130.32 56.85 2338.58 43813.4
1684146808 129.55 56.85 2316.45 43675.8
1684146818 130.48 56.85 2336.31 44301.8
1684146828 130.62 56.85 2338.97 44082
1684146838 130.51 56.85 2338.58 44574.5
1684146848 129.2 56.93 16729.8 44165.7
1684146858 130.45 56.85 2348.64 43711.3
1684146868 129.93 56.85 2289.21 43294.5
1684146878 129.62 56.85 2313.85 43050.4
1684146888 130.25 56.85 2341.25 44615.9
1684146898 129.43 56.85 2313.85 43367.7
1684146908 122.64 56.93 15457.3 44337.4
1684146918 130.61 56.93 2313.7 43840.6
1684146928 130.44 56.85 2341.25 43381.3
1684146938 130.12 56.85 2314.09 43248.2
1684146948 130.31 56.85 2338.58 44104.6
1684146958 130.9 56.85 2366.96 44503
1684146968 130.32 56.85 2338.58 43884.2
1684146978 128.47 56.93 16159.8 43592.6
1684146988 129.84 56.85 2316.07 44139
1684146998 129.88 56.85 2309.6 43851
1684147008 130.55 56.93 2340.86 44233.8
1684147018 130.48 56.85 2311.85 43845.4
1684147028 130.57 56.85 2320.54 43246.7
1684147038 127.43 56.93 15506.6 43965.4
1684147048 130.55 56.85 2315.95 43812.1
1684147058 130 56.85 2262.14 44059.8
1684147068 129.65 56.85 2319.15 43856
1684147078 130.42 56.85 2338.97 44225.1
1684147088 130.29 56.85 2314.23 43891.5
1684147098 125.36 56.93 15068.2 43124.2
1684147108 129.96 56.85 2316.34 43321.4
1684147118 130.58 56.85 2336.31 44297.1
1684147128 129.75 56.85 2316.45 43779
1684147138 129.74 56.85 2316.07 43442.5
1684147148 130.48 56.85 2336.7 43519.2
1684147158 123.81 56.93 14670.5 44333.1
1684147168 130.26 56.85 2316.34 43591.1
1684147178 130.45 56.85 2361.97 43326.1
1684147188 130.9 56.85 2338.97 44198.2
1684147198 130.26 56.85 2315.95 43188.7
1684147208 130.84 56.85 2310.37 44478
1684147218 131.7 56.85 2329.86 43398.1
1684147228 128.6 56.93 16539.3 44163.8
1684147238 131.07 56.85 2336.31 43327.4
1684147248 129.97 56.85 2341.25 44093.8
1684147258 130.45 56.85 2340.86 43782.5
1684147268 130.22 56.85 2338.97 43964.2
1684147278 130.33 56.85 2338.97 43919.1
1684147288 125.43 56.93 15748.7 43250.5
1684147298 130.22 56.85 2338.97 44237.1
1684147308 129.96 56.85 2340.86 43609.7
1684147318 130.65 56.85 2369.26 44617.9
1684147328 130.94 56.85 2358.87 44360
1684147338 129.97 56.85 2366.15 43705.1
1684147348 130.44 56.85 2340.86 43923.3
1684147358 128.65 56.93 16906.5 43220.4
1684147368 130.09 56.85 2336.31 43072.6
1684147378 130.31 56.85 2314.09 44498.3
1684147388 130.88 56.85 2336.31 44354.6
1684147398 129.73 56.85 2338.97 43357.8
1684147408 130.97 56.93 2343.14 43970.4
1684147418 122.4 56.93 15628.7 44316.6
1684147428 130.61 56.93 2338.58 43743.4
1684147438 130.35 56.85 2291.44 43437.7
1684147448 130 56.85 2289.61 42999.2
1684147458 129.94 56.85 2300.09 44276.4
1684147468 130.16 56.85 2336.6 43889.3
1684147478 129.84 56.85 2313.7 43109.8
1684147488 128.57 56.94 15949.1 43778.4
1684147498 130.55 56.86 2315.95 43754.1
1684147508 129.81 56.86 2262.14 42913.8
1684147518 130.1 56.86 2313.85 43733.8
1684147528 130.55 56.86 2341.25 44111.3
1684147538 130.31 56.86 2316.07 43175.8
1684147548 127.69 56.93 15287.8 43472.1
1684147558 130.23 56.85 2313.7 44653.8
1684147568 130.48 56.85 2311.85 43615.5
1684147578 129.65 56.85 2316.07 44031.9
1684147588 130.54 56.85 2341.25 45138.5
1684147598 130.02 56.85 2338.58 43779.2
1684147608 124.03 56.93 15436.6 43733.1
1684147618 130.22 56.85 2316.07 43238.1
1684147628 130.22 56.85 2317.2 43865.9
1684147638 130.22 56.85 2314.09 43671.1
1684147648 129.91 56.85 2314.23 43883.5
1684147658 129.74 56.85 2338.97 42990.9
1684147668 130.49 56.93 2336.31 44124.7
1684147678 126.66 56.93 16348.4 43175.4
1684147688 130.09 56.85 2311.46 43183.7
1684147698 130.33 56.85 2314.09 44244.9
1684147708 130.03 56.85 2313.7 44297.8
1684147718 130.39 56.85 2336.7 43411.7
1684147728 129.93 56.85 2313.7 43968.9
1684147738 130.42 56.85 2338.97 43575.1
1684147748 128.84 56.93 17306.8 44208.2
1684147758 130.13 56.85 2338.97 43623.7
1684147768 129.46 56.85 2316.07 43043.7
1684147778 130.52 56.85 2338.97 44190.1
1684147788 130.42 56.85 2363.46 44248.8
1684147798 129.97 56.85 2341.25 43730.7
1684147808 123.81 56.93 15651.3 44749.5
1684147818 130.54 56.85 2366.15 44069.3
1684147828 129.73 56.85 2338.97 44051.7
1684147838 130.8 56.85 2388.34 43726.7
1684147848 130.03 56.85 2338.97 44091
1684147858 130.32 56.85 2363.46 43838.3
1684147868 130.17 56.85 2359.26 44218.4
1684147878 128.1 56.93 16465.1 43064.5
1684147888 130.41 56.85 2314.09 43297.6
1684147898 129.71 56.85 2286.6 43701.4
1684147908 129.74 56.85 2338.97 43905.9
1684147918 130.45 56.85 2340.86 44635
1684147928 130.03 56.85 2338.97 44215.7
1684147938 123.29 56.93 15536.9 43511.1
1684147948 129.91 56.85 2336.7 43967
1684147958 129.91 56.85 2311.46 43580.6
1684147968 131.04 56.85 2341.25 44117.1
1684147978 129.9 56.85 2336.31 43507.6
1684147988 130.55 56.85 2366.15 44104.3
1684147998 129.87 56.85 2341.25 43159.1
1684148008 53.75 56.91 15172.4 11817.7

Execution duration: 00:33:39.39
