1684161389 132.01 56.94 2348.39 41084.4
1684161399 131.1 56.86 2314.09 44931
1684161409 130.49 56.86 2314.57 44970.1
1684161419 131.35 56.86 2339.81 46584.5
1684161429 131.68 56.86 2342.08 46581.9
1684161439 124.03 56.93 14264.6 45210.5
1684161449 130.9 56.85 2292.32 44667.8
1684161459 130.67 56.85 2288.15 45331.3
1684161469 131.16 56.85 2311.85 45876.1
1684161479 130.68 56.85 2286.6 45209.7
1684161489 131.1 56.85 2314.09 44973.8
1684161499 131.58 56.85 2313.7 46410.9
1684161509 130.72 56.93 16113.5 44835.8
1684161519 130.67 56.85 2313.01 45170.1
1684161529 131.14 56.85 2309.6 45318.3
1684161539 130.68 56.85 2286.6 44962.7
1684161549 131.33 56.85 2334.43 45968.6
1684161559 132.11 56.85 2334.04 45505.7
1684161569 125.29 56.93 15848.2 45692.6
1684161579 130.39 56.85 2286.6 44857.1
1684161589 130.62 56.85 2315.64 45350.8
1684161599 130.61 56.85 2313.7 44993.2
1684161609 130.68 56.85 2311.85 44944.1
1684161619 129.91 56.85 2313.85 43041.5
1684161629 131.13 56.85 2316.34 46067.3
1684161639 126.83 56.94 16526.7 45436
1684161649 131.1 56.86 2363.46 46121.7
1684161659 131.16 56.86 2336.7 45667.6
1684161669 130.64 56.86 2309.21 44930.4
1684161679 130.85 56.86 2352.42 43789.2
1684161689 130.81 56.86 2338.58 45223.7
1684161699 130.97 56.86 2336.7 45704.1
1684161709 128.15 56.93 17078.2 43583.9
1684161719 131.17 56.85 2338.25 44637.7
1684161729 131.07 56.85 2311.46 45462.1
1684161739 130.17 56.85 2302.9 43423.2
1684161749 130.76 56.85 2334.04 45013.4
1684161759 130.65 56.85 2359.26 44864.8
1684161769 130.09 56.85 2289.23 42898.8
1684161779 128.67 56.93 17562.5 43721.6
1684161789 130.64 56.85 2318.3 43538.7
1684161799 131.17 56.85 2329.92 44403.9
1684161809 131.71 56.85 2363.53 44664.6
1684161819 130.3 56.85 2336.7 45358.1
1684161829 131.19 56.85 2363.85 46077.4
1684161839 122.99 56.93 15599.2 43929.4
1684161849 130.38 56.93 2289.61 42818.1
1684161859 130.21 56.85 2248.65 43522.4
1684161869 130.32 56.85 2291.81 43700.5
1684161879 130.87 56.85 2336.31 44934
1684161889 130.77 56.85 2311.85 44533.6
1684161899 130.78 56.85 2311.46 44990.3
1684161909 129.32 56.93 15802.9 42716.7
1684161919 130.97 56.85 2336.31 44828.7
1684161929 131.05 56.85 2334.43 44581.6
1684161939 130.55 56.85 2334.04 43716.8
1684161949 130.97 56.85 2361.56 44924.3
1684161959 130.58 56.85 2336.31 43858.6
1684161969 123.27 56.93 15591.9 43157.3
1684161979 130.77 56.85 2311.46 43860.2
1684161989 131.26 56.85 2336.7 43750.7
1684161999 130.29 56.85 2286.6 43624.1
1684162009 130.78 56.85 2286.99 43880.4
1684162019 130.29 56.85 2289.23 43158.1
1684162029 131.45 56.85 2313.4 43840.8
1684162039 127.09 56.93 16284.3 43995.3
1684162049 131 56.85 2338.58 44542.7
1684162059 130.77 56.85 2336.7 43711.5
1684162069 130.77 56.85 2336.31 44679.6
1684162079 130.62 56.85 2356.98 43553.9
1684162089 131.17 56.85 2336.31 44183.7
1684162099 130.58 56.85 2316.51 43779
1684162109 129.71 56.93 17234.2 43506
1684162119 130.46 56.85 2309.6 43200
1684162129 130.75 56.85 2309.21 43716.8
1684162139 130.39 56.85 2314.23 43822.3
1684162149 131.26 56.85 2336.31 44305.6
1684162159 130.81 56.85 2314.09 43404.9
1684162169 131 56.85 2290.38 44152.4
1684162179 130.94 56.93 17882.8 44471.4
1684162189 130.78 56.85 2336.31 43956.9
1684162199 131.85 56.85 2311.85 45166.6
1684162209 130.65 56.85 2309.21 43049.1
1684162219 131.48 56.85 2363.85 44477.4
1684162229 130.87 56.85 2336.7 43694
1684162239 126.11 56.93 15902.1 43543.3
1684162249 131.06 56.85 2311.85 43751.1
1684162259 130.45 56.85 2313.87 43429.3
1684162269 130.92 56.85 2332.17 43603.9
1684162279 130.78 56.85 2336.31 43709.5
1684162289 131.03 56.85 2359.26 44328.6
1684162299 131.26 56.85 2336.31 43664.5
1684162309 127.6 56.93 16696.9 43819.6
1684162319 130.62 56.85 2306.98 43451.9
1684162329 130.87 56.85 2336.7 43643.9
1684162339 131.03 56.85 2336.22 44207.1
1684162349 130.49 56.85 2336.7 43478.1
1684162359 130.58 56.85 2337.86 43552.6
1684162369 126.14 56.93 15239.3 44298.2
1684162379 130.33 56.85 2263.95 43226.8
1684162389 130.15 56.85 2269.37 43072.4
1684162399 130.98 56.85 2311.46 43538.6
1684162409 130.19 56.85 2289.61 43041.5
1684162419 130.68 56.85 2311.85 44047
1684162429 123.67 56.93 14400 43464.6
1684162439 131.06 56.93 2311.85 43852.8
1684162449 130.8 56.85 2316.07 43078.7
1684162459 130.75 56.85 2309.6 43989.9
1684162469 131.02 56.85 2336.43 43753.9
1684162479 130.63 56.85 2294.03 43507.5
1684162489 123.09 56.93 0 43690
1684162499 130.1 56.93 16200.4 42645.4
1684162509 130.78 56.85 2311.46 43907.2
1684162519 130.88 56.85 2311.85 43704.5
1684162529 130.3 56.85 2311.46 43695.2
1684162539 130.65 56.85 2309.6 43406.8
1684162549 131.1 56.85 2313.7 43557.2
1684162559 127.97 56.93 15725.4 43291.3
1684162569 131.16 56.85 2336.31 43570.1
1684162579 131.06 56.85 2286.99 43729.3
1684162589 130.49 56.85 2313.01 43461.4
1684162599 130 56.85 2314.23 43198.1
1684162609 131.43 56.85 2339.08 43633.4
1684162619 125.75 56.93 15226.7 43172.9
1684162629 130.98 56.85 2311.85 43791.1
1684162639 130.43 56.85 2307.37 43624.4
1684162649 131.37 56.85 2311.85 44243.1
1684162659 130.71 56.85 2313.7 43023.9
1684162669 130.22 56.85 2316.45 43371.3
1684162679 131.07 56.85 2336.31 45044.7
1684162689 129.36 56.93 16637.2 43293.8
1684162699 131.17 56.85 2329.53 43962.8
1684162709 130.23 56.85 2316.45 43433.3
1684162719 131.35 56.85 2361.17 44392.6
1684162729 131.19 56.85 2363.85 44145.8
1684162739 130.68 56.85 2361.17 43937.9
1684162749 125.31 56.93 15688.5 43535.2
1684162759 130.38 56.85 2320.54 43257.9
1684162769 131.14 56.85 2309.6 43661.3
1684162779 131.82 56.85 2334.04 44255.7
1684162789 131.62 56.85 2309.6 43617.5
1684162799 131.74 56.85 2336.31 44092.8
1684162809 131.14 56.85 2309.6 43127.1
1684162819 126.21 56.93 16538.6 44091.7
1684162829 131.33 56.85 2309.6 43733.1
1684162839 130.53 56.85 2300.68 43539.7
1684162849 131.04 56.85 2309.21 43645.8
1684162859 131.39 56.85 2314.09 44483.2
1684162869 131.11 56.85 2333.33 43449.6
1684162879 124.39 56.93 14630.5 44120.1
1684162889 131.13 56.85 2259.55 42916.8
1684162899 130.16 56.85 2262.82 43175.8
1684162909 131.16 56.85 2311.46 43675.3
1684162919 130.71 56.85 2338.97 43565.4
1684162929 130.3 56.85 2311.46 43412.4
1684162939 122.99 56.93 13846.1 43243.5
1684162949 130.87 56.85 2311.46 44110.3
1684162959 130.49 56.93 2289.61 43404.2
1684162969 130.73 56.85 2300.29 43998.8
1684162979 130.28 56.85 2311.85 43344.5
1684162989 130.59 56.85 2336.31 43399.6
1684162999 131.29 56.85 2338.97 44686.1
1684163009 127.64 56.93 16285.5 43208.2
1684163019 130.48 56.85 2336.7 43685.1
1684163029 130.59 56.85 2305.13 43892
1684163039 131.36 56.85 2337.86 43930.9
1684163049 131.1 56.85 2313.7 43685.1
1684163059 130.74 56.85 2334.04 43915.8
1684163069 122.21 56.91 15010.3 43938.3
1684163079 130.78 56.93 17385.6 43326.2
1684163089 131.59 56.85 2332.17 44357.8
1684163099 130.97 56.85 2336.7 43784.1
1684163109 130.88 56.85 2329.53 43409.1
1684163119 131.16 56.85 2336.7 44177.5
1684163129 130.97 56.85 2311.46 43678.8
1684163139 124.7 56.93 15909.3 43462.4
1684163149 129.6 56.85 2295.85 43235.1
1684163159 130.87 56.85 2336.7 44955.3
1684163169 131.58 56.85 2338.58 43919.5
1684163179 130.68 56.85 2336.7 43848.5
1684163189 131.14 56.85 2334.04 44223.1
1684163199 130.26 56.85 2336.6 43867.8
1684163209 127.55 56.93 16513.3 43814.9
1684163219 130.65 56.93 2337.53 43343.2
1684163229 130.97 56.85 2354.7 43358
1684163239 131.35 56.85 2361.56 44348
1684163249 131.14 56.85 2359.26 43917.8
1684163259 130.49 56.85 2336.31 43987.6
1684163269 124.34 56.93 15150 43050.2
1684163279 130.19 56.85 2313.85 43339.6
1684163289 131.35 56.85 2311.85 44118.1
1684163299 131.2 56.85 2314.09 43825.1
1684163309 130.68 56.85 2311.46 42913
1684163319 131.13 56.85 2334.43 44797.7
1684163329 130.63 56.85 2300.29 43913
1684163339 126.85 56.93 16364.1 43144.7
1684163349 129.66 56.85 2300.29 43402.5
1684163359 130.81 56.85 2338.97 43430.1
1684163369 130.81 56.85 2356.59 44221.7
1684163379 130.94 56.85 2334.43 44010.9
1684163389 130.87 56.93 2336.31 43775.9
1684163399 118.93 56.91 14867.6 37876.5
1684163409 16.57 56.91 282.94 1351.94

Execution duration: 00:33:45.45
