1684125585 104.75 56.94 0 0
1684125590 104.75 56.94 6.08 46.39
1684125595 104.75 56.94 0 0
1684125600 105.32 56.94 0 0
1684125605 104.74 56.94 0 0
1684125610 107.41 56.94 0 0
1684125615 104.56 56.94 0 0
1684125620 104.75 56.94 0 0
1684125625 104.94 56.94 0 0
1684125630 105.13 56.94 0 0
1684125635 104.74 56.94 3.04 110.82
1684125640 104.94 56.94 0 0
1684125645 104.93 56.94 0 0
1684125650 104.95 56.94 0 0
1684125655 105.13 56.94 0 0
1684125660 105.13 56.94 0 0
1684125665 105.12 56.94 0 0
1684125670 104.75 56.94 0 0
1684125675 104.94 56.94 0 0
1684125680 104.73 56.94 0 0
1684125685 104.95 56.94 0 0
1684125690 105.13 56.94 0 0
1684125695 104.55 56.94 0 0
1684125700 104.75 56.94 0 0
1684125705 104.93 56.94 0 0
1684125710 104.94 56.94 0 0
1684125715 104.55 56.94 0 0
1684125720 105.32 56.94 0 0
1684125725 104.54 56.94 0 0
1684125730 104.56 56.94 0 0
1684125735 104.94 56.94 0 0
1684125740 104.74 56.94 0 0
1684125745 104.55 56.94 0 0
1684125750 105.31 56.94 0 0
1684125755 105.13 56.94 0 0
1684125760 104.94 56.94 0 0
1684125765 105.13 56.94 0 0
1684125770 80.99 56.94 0 0

Execution duration: 00:03:13.13
