1684120607 116.1 56.95 0 24230.3
1684120612 121.63 56.87 7.59 43974.9
1684120617 124.05 56.87 0 53674.2
1684120622 125.38 56.87 0.76 57455.3
1684120627 125.19 56.87 0.76 57798.5
1684120632 124.81 56.87 0 59362.9
1684120637 126.89 56.87 0.76 62505.3
1684120642 126.33 56.87 0.76 62501.5
1684120647 126.57 56.87 0 62604.2
1684120652 126.89 56.87 0.76 62487.9
1684120657 126.19 56.87 0.76 62484.2
1684120662 125.46 56.87 0 56964.3
1684120667 128.22 56.87 0.76 67454.6
1684120672 127.65 56.87 0.76 67312.9
1684120677 127.89 56.87 0.76 67992.4
1684120682 128.08 56.87 0.76 67771.5
1684120687 128.46 56.87 0.76 68592.8
1684120692 126.02 56.87 0.74 60515.2
1684120697 128.98 56.87 0.76 70350
1684120702 128.41 56.87 0 70890.1
1684120707 128.03 56.87 0.76 70866.7
1684120712 128.79 56.87 0.76 70889.4
1684120717 129.41 56.87 0 71578.8
1684120722 126.94 56.87 0.76 64677.8
1684120727 124.62 56.95 0.76 56753.8
1684120732 125.38 56.87 0.76 60039.4
1684120737 127.84 56.87 0.76 68683.3
1684120742 129.55 56.87 0.76 71406.1
1684120747 128.81 56.87 0.75 69323.5
1684120752 126.52 56.87 0 64584.8
1684120757 124.24 56.87 0.76 56468.9
1684120762 123.44 56.87 0.76 54893
1684120767 123.67 56.87 0 54146.2
1684120772 124.81 56.87 0.76 55056.8
1684120777 127.03 56.87 0 62923.2
1684120782 124.15 56.87 0.75 51715.5
1684120787 120.98 56.87 0 40872.6
1684120792 122.31 56.87 0.76 42467.3
1684120797 122.79 56.87 0 46148.4
1684120802 123.44 56.87 0.76 49789
1684120807 123.25 56.87 0 50678.3
1684120812 123.44 56.87 0.76 49333.8
1684120817 121.19 56.87 0 39261.7
1684120822 122.31 56.87 0.76 43516.1
1684120827 119.85 56.87 0 38023
1684120832 120.72 56.87 0.75 39663.3
1684120837 120.26 56.87 0 35681.8
1684120842 120.6 56.87 0.76 40268.4
1684120847 120.19 56.87 0.75 35737.4
1684120852 120.45 56.87 0.76 38678
1684120857 120.23 56.87 0.76 38560.3
1684120862 120.07 56.87 0 35816.4
1684120867 119.85 56.87 0.76 36941.4
1684120872 121.17 56.87 0 38500.6
1684120877 120.38 56.87 0 35597.7
1684120882 120.6 56.87 0 37673.3
1684120887 120.98 56.87 0 38752.4
1684120892 120.79 56.87 0 39123.6
1684120897 121.51 56.87 0 38215.1
1684120902 120.38 56.87 0 38558.5
1684120907 120.42 56.87 0 37962.9
1684120912 119.85 56.87 0 35872.2
1684120917 120.27 56.87 0 37903
1684120922 120.94 56.87 0 37558.5
1684120927 120.79 56.87 0 37323.2
1684120932 121.17 56.87 0 36868.8
1684120937 120.42 56.87 0 36958.8
1684120942 120.98 56.87 0 36936.9
1684120947 120.23 56.87 0 36874.9
1684120952 120.04 56.87 0 35247.6
1684120957 120.04 56.87 0 34949.7
1684120962 120.04 56.87 0 36050.7
1684120967 119.09 56.87 0 34010.6
1684120972 119.47 56.87 0 34580.7
1684120977 32.71 56.95 9.67 40888.5

Execution duration: 00:06:15.15
