1684141002 131.05 56.93 2308.96 41708.8
1684141011 131.23 56.85 2316.73 45233.8
1684141021 130.35 56.85 2294.55 43988.7
1684141032 130.52 56.85 2342.08 44344.8
1684141041 131.04 56.85 2370.43 46477
1684141051 123.64 56.93 14266.5 45528
1684141062 130.42 56.93 2291.93 43571.6
1684141072 129.81 56.85 2289.61 44445
1684141082 129.23 56.85 2289.23 44581.2
1684141092 130.58 56.85 2336.7 44471.8
1684141102 130.23 56.85 2338.58 43803.3
1684141112 122.16 56.91 13872.9 44894.1
1684141122 130.12 56.93 16236 43608.9
1684141132 130.48 56.85 2324.28 43548.3
1684141142 130.97 56.85 2336.31 45527.8
1684141152 129.9 56.85 2336.7 44838.8
1684141162 130.25 56.85 2340.86 44172
1684141172 130.54 56.85 2341.25 44414.8
1684141182 125.83 56.93 16015.9 45711.8
1684141192 130.22 56.93 2314.09 43502
1684141202 130.52 56.85 2308.92 44955.8
1684141212 130.8 56.85 2313.7 43422
1684141222 131.19 56.85 2338.97 46080.9
1684141232 130.97 56.85 2336.31 43845.8
1684141242 130.89 56.85 2338.97 43640.8
1684141252 127.41 56.93 16775.1 43709.2
1684141262 131.14 56.85 2366.15 44282.9
1684141272 130.1 56.85 2336.31 43471.1
1684141282 130.29 56.85 2336.7 44224.5
1684141292 130.8 56.85 2338.58 44000
1684141302 130.7 56.85 2338.97 43853.4
1684141312 130.87 56.85 2336.31 43530.9
1684141322 129.22 56.93 17509.5 44100.6
1684141332 130.1 56.85 2313.85 44721.5
1684141342 130.29 56.85 2336.7 45335.5
1684141352 129.93 56.93 2313.7 43657.1
1684141362 129.32 56.85 2314.23 44984.2
1684141372 129.83 56.85 2316.07 45543
1684141382 122.06 56.91 15666.9 44297.8
1684141392 130.32 56.93 18005.4 45332.9
1684141402 129.94 56.85 2313.7 43486.9
1684141412 130.13 56.85 2314.09 43752.8
1684141422 129.91 56.85 2341.54 44875
1684141432 130.45 56.85 2366.15 45795.3
1684141442 130.32 56.85 2338.58 45035.6
1684141452 123.62 56.93 15953.4 45679.7
1684141462 130.23 56.93 2313.7 45070.6
1684141472 129.93 56.85 2314.09 43330.6
1684141482 130.8 56.85 2313.7 45545.6
1684141492 130.15 56.85 2316.34 43356.8
1684141502 130.94 56.85 2340.86 45369.7
1684141512 122.03 56.93 13955.2 44934.5
1684141522 129.59 56.93 2311.62 44977.9
1684141532 130.8 56.85 2338.97 45760.5
1684141542 130.13 56.85 2338.58 44109.6
1684141552 130.65 56.85 2341.25 44484.4
1684141562 130.84 56.85 2340.86 45223.3
1684141572 130.12 56.85 2338.97 43437.9
1684141582 125.65 56.93 16181.5 45834
1684141592 130.12 56.93 2313.7 44902.6
1684141602 130.16 56.85 2291.44 42963.8
1684141612 130.46 56.85 2309.21 45558.1
1684141622 130.39 56.93 2314.23 45711.2
1684141632 129.97 56.85 2315.95 44167.7
1684141642 130.52 56.85 2340.52 45119.1
1684141652 127.8 56.93 16773.9 43420
1684141662 130.23 56.85 2338.97 43805.2
1684141672 130.42 56.85 2338.58 45125.8
1684141682 130.28 56.85 2336.7 45659.4
1684141692 129.33 56.85 2313.85 45380.8
1684141702 129.53 56.85 2347.88 44770.3
1684141712 123.35 56.93 15526.1 45744
1684141722 130.07 56.93 2341.25 43696.9
1684141732 130.48 56.85 2361.17 45278.1
1684141742 130.13 56.85 2338.97 44100.3
1684141752 130.51 56.85 2363.46 46019.1
1684141762 129.93 56.85 2314.09 44809.3
1684141772 130.06 56.85 2316.34 44368.5
1684141782 123.81 56.93 16223.9 45053.1
1684141792 130.87 56.93 2311.85 44926.2
1684141802 130.42 56.85 2338.58 44208
1684141812 130.1 56.85 2311.85 45527
1684141822 130.31 56.85 2363.46 45022
1684141832 130.26 56.85 2341.25 45453.7
1684141842 129.91 56.85 2313.85 45975.4
1684141852 127.44 56.93 16464.4 45760.2
1684141862 130.32 56.85 2338.58 44894.8
1684141872 130.51 56.85 2315.64 45345
1684141882 130.42 56.85 2338.58 45343.8
1684141892 129.45 56.85 2314.09 44733.9
1684141902 130.42 56.85 2338.58 45266.5
1684141912 130.45 56.85 2341.25 45472.4
1684141922 129.25 56.93 17372.6 44959
1684141932 130.41 56.85 2314.09 45138.6
1684141942 129.62 56.85 2313.85 45414.6
1684141952 130.42 56.85 2314.09 45757.4
1684141962 130.32 56.85 2316.45 45676.2
1684141972 130.71 56.85 2341.69 45614.4
1684141982 126.72 56.93 15761.7 44557.4
1684141992 129.23 56.93 2289.23 44903.1
1684142002 129.63 56.85 2314.09 44163.7
1684142012 130.49 56.85 2286.6 45036.5
1684142022 129.93 56.85 2289.21 45084.9
1684142032 130.32 56.85 2291.43 45508
1684142042 124.85 56.93 14906.4 44567.8
1684142052 130.34 56.93 2300.29 45902.2
1684142062 130.42 56.85 2314.09 44893.3
1684142072 130.07 56.85 2302.51 45042.2
1684142082 130.61 56.85 2342.08 46024.5
1684142092 131 56.85 2338.58 45716.2
1684142102 124.56 56.93 14483.9 45105.2
1684142112 130.39 56.93 2236.89 43920
1684142122 130.97 56.85 2262.14 44371.7
1684142132 130.58 56.85 2261.75 44276.9
1684142142 131.1 56.85 2314.09 45310.4
1684142152 129.67 56.85 2291.05 45117.1
1684142162 129.63 56.85 2298.46 45423.6
1684142172 128.38 56.94 16139.9 44618.8
1684142182 130.9 56.86 2338.97 45818.8
1684142192 129.72 56.86 2311.85 45273.8
1684142202 130.97 56.86 2339.42 46020.2
1684142212 130.51 56.86 2314.48 45217.9
1684142222 131.48 56.86 2321.09 45600.4
1684142232 126.61 56.93 15694.8 44835.3
1684142242 129.79 56.93 2327.27 44847.6
1684142252 129.84 56.85 2314.09 45533.5
1684142262 130.03 56.85 2338.58 45221
1684142272 130.32 56.85 2338.97 46515.4
1684142282 130.74 56.93 2340.86 45355.2
1684142292 122.64 56.93 14763.8 45327.2
1684142302 130.12 56.93 2338.58 44823.7
1684142312 129.91 56.85 2336.7 45213.2
1684142322 130.51 56.85 2338.58 46470.8
1684142332 130.2 56.85 2361.56 46296.7
1684142342 130.35 56.85 2365.76 45240.5
1684142352 130.71 56.85 2363.85 46187.4
1684142362 125.06 56.93 16125.8 44845.1
1684142372 130.45 56.93 2341.25 45320.2
1684142382 129.93 56.85 2314.09 45007.6
1684142392 130.7 56.85 2313.7 45958.4
1684142402 130.77 56.85 2311.85 45853.6
1684142412 130.32 56.85 2338.58 45649.4
1684142422 130.97 56.85 2336.7 45868
1684142432 126.82 56.93 16977.3 44759.6
1684142442 130.41 56.85 2314.09 45467.1
1684142452 129.91 56.85 2286.6 45319.2
1684142462 130.61 56.85 2291.81 45208.5
1684142472 130.65 56.85 2340.86 45685.2
1684142482 129.84 56.85 2317.2 45065.9
1684142492 124.59 56.93 15003.3 45157.6
1684142502 129.83 56.93 2289.21 45326.3
1684142512 129.83 56.85 2288.82 45249.8
1684142522 130.49 56.85 2289.61 45566.9
1684142532 129.92 56.85 2338.58 44875.8
1684142542 130.75 56.85 2341.25 46147.1
1684142552 125.17 56.93 14391.8 45259.5
1684142562 130.14 56.93 2307.37 44579.1
1684142572 130.58 56.85 2311.85 45815.5
1684142582 130.88 56.85 2336.31 46024.5
1684142592 130.31 56.85 2338.97 46359.2
1684142602 130.94 56.85 2340.86 45732.3
1684142612 129.84 56.85 2314.09 45242.4
1684142622 128.86 56.93 16739.7 45734.5
1684142632 129.8 56.85 2336.7 44779
1684142642 130.29 56.85 2337.86 45462.9
1684142652 130.25 56.85 2341.25 45625.3
1684142662 130.26 56.85 2340.86 46010.1
1684142672 130.74 56.85 2341.25 45977.8
1684142682 123.22 56.93 15561.9 44805.4
1684142692 130.04 56.93 2306.98 44898.4
1684142702 130.81 56.85 2363.85 45642.4
1684142712 130.61 56.85 2313.7 45014.2
1684142722 130.32 56.85 2338.97 45727.1
1684142732 130.51 56.85 2338.58 45299.5
1684142742 129.93 56.85 2291.81 44145.1
1684142752 125.01 56.93 16205 45041.9
1684142762 130.02 56.93 2314.09 45272.3
1684142772 129.61 56.85 2289.23 45253.5
1684142782 130.22 56.85 2338.97 46199.4
1684142792 130.58 56.85 2336.7 45322.3
1684142802 130.51 56.85 2338.97 45204.3
1684142812 129.45 56.85 2314.09 44757.2
1684142822 127.98 56.93 16715 44673.1
1684142832 129.91 56.85 2341.92 44954.6
1684142842 129.45 56.85 2313.7 44668.6
1684142852 130.41 56.85 2363.85 45841.4
1684142862 131.01 56.85 2388.34 45934.7
1684142872 130.41 56.85 2338.97 45852.7
1684142882 125.04 56.93 15512.2 44898.6
1684142892 129.9 56.93 2311.85 45449.3
1684142902 130.42 56.85 2313.7 45886.1
1684142912 129.61 56.85 2311.46 45743.7
1684142922 130.03 56.85 2338.97 45817.7
1684142932 130.16 56.85 2315.95 45420.2
1684142942 130.02 56.85 2298.46 44933.2
1684142952 127.79 56.93 16605 44848.1
1684142962 129.74 56.85 2314.09 44755.3
1684142972 130.03 56.85 2313.7 45511
1684142982 130.32 56.85 2341.09 45646.2
1684142992 130.22 56.93 2363.46 45581.7
1684143002 130.35 56.85 2341.25 45473.2
1684143012 115.29 56.91 14937.7 34089.2
1684143022 3.89 56.91 52.87 781.34

Execution duration: 00:33:44.44
