1684071824 131.23 56.74 2347.23 41874.7
1684071835 130.51 56.67 2341.48 45676.6
1684071844 130.74 56.67 2343.97 44227.6
1684071854 130.97 56.67 2389.52 46383.7
1684071864 130.8 56.67 2389.89 44478.9
1684071874 124.39 56.73 14528.7 44715.7
1684071884 131.61 56.73 2392.22 45540.1
1684071894 131.13 56.73 2391.05 44637
1684071904 131.35 56.66 2386.02 44871.5
1684071914 131.84 56.66 2386.41 45409.3
1684071924 131.34 56.66 2358.87 45661.7
1684071935 123.58 56.73 14455.4 45918
1684071944 131.07 56.73 2368.06 44961.6
1684071954 130.71 56.66 2340.52 44597.5
1684071965 130.03 56.66 2341.09 45928
1684071974 130.94 56.66 2365.76 45139.7
1684071984 130.87 56.66 2361.56 44730.9
1684071995 130 56.66 2363.08 45722.7
1684072004 127.67 56.73 16813.2 45494.8
1684072014 130.13 56.73 2363.46 44623.9
1684072024 130.45 56.66 2369.26 45774.7
1684072034 129.93 56.66 2313.7 44463
1684072045 129.32 56.66 2338.84 45248.1
1684072054 130.32 56.66 2388.34 44568.7
1684072064 122.45 56.73 15455.4 44064.1
1684072074 130.61 56.73 2363.85 44728.5
1684072084 130.25 56.66 2341.25 44328.4
1684072095 129.74 56.66 2316.45 45450.2
1684072104 130.7 56.66 2388.34 45631.9
1684072114 130.39 56.66 2361.56 46019
1684072124 129.99 56.66 2361.17 44596.5
1684072134 124.59 56.73 16357.2 45650.2
1684072144 130 56.73 2336.31 46061.4
1684072154 129.62 56.66 2336.7 44834.2
1684072164 130.7 56.66 2389.89 46357.2
1684072174 130.32 56.66 2363.85 45067.8
1684072184 130 56.66 2361.17 44773.6
1684072194 130.39 56.66 2311.85 45322.3
1684072205 125.17 56.73 16821.7 45403.7
1684072215 129.23 56.73 2314.23 44681.5
1684072224 130.29 56.73 2336.31 45978.2
1684072235 130 56.73 2320.93 45461.9
1684072244 130.36 56.66 2360.81 45890.6
1684072254 130.2 56.66 2336.31 45044.3
1684072264 130.1 56.66 2336.7 45805.1
1684072274 127.89 56.73 17122.2 45221.8
1684072284 129.62 56.73 2313.4 44501
1684072294 131 56.66 2338.58 45710.4
1684072304 129.83 56.66 2338.97 44587.4
1684072314 130.19 56.66 2336.31 46193.8
1684072324 130.42 56.66 2314.09 45361.7
1684072335 126.03 56.73 15151.6 44477.2
1684072345 130 56.73 2341.36 44847
1684072354 130.33 56.66 2338.58 45420.8
1684072364 130.42 56.66 2338.97 45806
1684072375 129.61 56.66 2313.85 44988.5
1684072385 130.58 56.66 2336.7 45696.3
1684072395 129.58 56.66 2311.62 45059.4
1684072404 129.22 56.73 17358.8 44725.8
1684072415 130.38 56.73 2311.46 45384.5
1684072425 131.07 56.66 2336.7 46123.9
1684072435 130 56.66 2311.85 45175.2
1684072445 130.09 56.66 2336.31 45483.9
1684072455 130.71 56.66 2338.97 46045.5
1684072465 123.85 56.73 15673.7 44565.3
1684072475 129.67 56.73 2318.69 44585
1684072485 129.9 56.66 2311.46 45802.7
1684072495 130.1 56.66 2311.85 45748
1684072505 130.42 56.66 2338.58 45516.8
1684072515 130.46 56.66 2334.43 45508.4
1684072525 129.81 56.66 2311.46 45627.6
1684072535 126.99 56.74 16638.1 45847.8
1684072545 129.91 56.74 2311.46 45219.8
1684072555 130.12 56.67 2338.97 45615.6
1684072565 130.58 56.67 2336.31 45827.6
1684072575 130.84 56.67 2309.6 44438.8
1684072585 131.1 56.68 2306.98 45577.1
1684072595 130.68 56.68 2286.99 44361.6
1684072605 127.25 56.74 17159.3 45089.4
1684072615 129.61 56.74 2336.7 44384.8
1684072625 130.49 56.74 2311.46 45422.1
1684072635 130.23 56.74 2338.97 44946.9
1684072645 130.65 56.67 2359.26 45687.7
1684072655 129.99 56.67 2311.46 45231.5
1684072665 122.12 56.75 15117.4 45415.7
1684072675 130.32 56.75 2363.46 44508.8
1684072685 129.54 56.68 2314.09 44746
1684072695 130.42 56.68 2289.21 46025.7
1684072705 129.75 56.68 2315.93 44815.7
1684072715 130.39 56.68 2361.56 45648.9
1684072725 130 56.68 2311.85 45512.6
1684072735 124.66 56.74 16088.2 45405.8
1684072745 129.3 56.74 2309.6 45046.4
1684072755 130.03 56.67 2338.58 45684.3
1684072765 130.78 56.67 2336.7 46459
1684072775 129.98 56.67 2334.04 44855.1
1684072785 130.52 56.67 2338.97 45424.7
1684072795 122.45 56.74 14419.4 45758.2
1684072805 130.45 56.74 2311.15 45525.9
1684072815 130.29 56.67 2311.46 45144.1
1684072825 129.53 56.67 2314.23 44510
1684072835 129.98 56.67 2309.21 45251.6
1684072845 130.16 56.67 2287.41 45222.7
1684072855 130.71 56.74 2338.58 45337.6
1684072865 128.22 56.74 15863.4 44756.9
1684072875 130.94 56.74 2284.38 44864.8
1684072885 130.65 56.67 2284.77 44733.3
1684072895 129.42 56.67 2286.6 44666.4
1684072905 129.81 56.67 2311.85 45278.8
1684072915 130 56.67 2342.91 45618.6
1684072925 126.42 56.74 15352.2 45813.2
1684072935 129.4 56.74 2287.41 43761.4
1684072945 130.19 56.67 2311.46 45094.8
1684072955 130.51 56.67 2338.97 45344.6
1684072965 130.45 56.67 2309.21 45769.2
1684072975 130.29 56.67 2336.7 44710.7
1684072985 124.34 56.74 14915.2 44708.1
1684072995 129.8 56.74 2286.99 45114.9
1684073005 129.74 56.67 2313.7 45245.5
1684073015 130.71 56.67 2338.97 45459.7
1684073025 130.32 56.67 2313.7 45062.4
1684073035 130.28 56.67 2338.25 45876.9
1684073045 130.87 56.67 2315.73 45107.2
1684073055 130.42 56.74 16693.5 45079.5
1684073065 130.39 56.74 2311.46 44686.2
1684073075 130.13 56.67 2314.09 45099.3
1684073085 130.2 56.67 2311.46 44464.1
1684073095 129.71 56.67 2311.85 45556.5
1684073105 130.27 56.67 2334.04 44971.5
1684073115 125.73 56.75 15749.1 45397.7
1684073125 130.66 56.75 2334.43 45257
1684073135 130.41 56.68 2338.97 45758.6
1684073145 130.09 56.68 2336.7 44819.8
1684073155 130.42 56.68 2338.58 44794.9
1684073165 129.81 56.68 2336.7 45102.1
1684073175 130.51 56.68 2340.13 44956.3
1684073185 127.99 56.74 16913.1 45387
1684073195 129.68 56.74 2334.04 44471.4
1684073205 130.29 56.67 2311.85 46313
1684073215 130.49 56.67 2336.31 45634.6
1684073225 130.68 56.67 2336.7 44887.4
1684073235 130.06 56.67 2309.21 44943.2
1684073245 130.35 56.67 2326.46 46314
1684073255 129.49 56.74 17689.2 45557.3
1684073265 129.81 56.74 2286.99 44756.9
1684073275 130.12 56.67 2263.95 45185.2
1684073285 129.88 56.67 2287.41 44755
1684073295 130.98 56.67 2311.46 46287
1684073305 130.75 56.67 2284.77 45079.7
1684073315 126.74 56.74 15509.2 44186.9
1684073325 130.29 56.74 2290.1 45040.4
1684073335 129.81 56.67 2286.6 44998.4
1684073345 129.97 56.67 2287.41 44900.7
1684073355 130.51 56.67 2338.97 45561.1
1684073365 129.78 56.67 2309.21 45247.7
1684073375 126.54 56.74 14989.3 45348.5
1684073385 129.9 56.74 2311.46 45193.8
1684073395 130.42 56.67 2314.09 45542.5
1684073405 129.44 56.67 2298.07 44750.2
1684073415 129.97 56.67 2334.43 45458
1684073425 130.09 56.67 2336.31 45458.2
1684073435 122.59 56.74 14979.8 45998.8
1684073445 129.9 56.74 2311.46 44587.6
1684073455 130.29 56.67 2311.85 45019.8
1684073465 129.62 56.67 2304.74 45607.7
1684073475 130.17 56.67 2309.6 44920.7
1684073485 130 56.67 2336.31 44881.6
1684073495 129.71 56.67 2313.4 45041.9
1684073505 125.21 56.74 15978.3 45659
1684073515 130.41 56.74 2314.09 44671.3
1684073525 129.81 56.67 2286.6 45514.6
1684073535 129.91 56.67 2289.61 44696.5
1684073545 128.91 56.67 2277.76 44511.4
1684073555 129.55 56.67 2316.45 45233.5
1684073565 130.07 56.67 2334.43 45561.6
1684073575 126.34 56.74 16728.1 45300.3
1684073585 129.84 56.74 2314.09 44933.3
1684073595 130.12 56.67 2313.7 45399.8
1684073605 130.78 56.67 2336.7 45524.7
1684073615 129.77 56.67 2309.21 44731.7
1684073625 129.71 56.67 2311.85 45695.9
1684073635 130.51 56.67 2363.46 45801
1684073645 129.22 56.74 17200.8 44960.4
1684073655 129.71 56.74 2311.46 44137.1
1684073665 131.11 56.67 2332.17 45748.4
1684073675 129.9 56.67 2337.86 46079.6
1684073685 130.32 56.67 2363.85 45445.7
1684073695 130.01 56.67 2336.31 45662.1
1684073705 126.41 56.74 15761.2 45825.2
1684073715 130.26 56.74 2309.21 44386
1684073725 130.68 56.67 2286.99 44314.9
1684073735 130.68 56.67 2311.46 45469.5
1684073745 131.06 56.67 2286.99 44273.8
1684073755 130.59 56.67 2286.6 44746.4
1684073765 130.1 56.67 2336.7 44952.2
1684073775 127.67 56.74 16892.4 44695.5
1684073785 130 56.74 2286.6 44800
1684073795 129.89 56.67 2296.24 45034.5
1684073805 129.71 56.67 2311.46 44639.2
1684073815 129.81 56.67 2336.7 45221.4
1684073825 130.42 56.67 2338.58 45037.5
1684073835 113.8 56.72 15107.1 33315.8
1684073845 1.65 56.72 3.1 695.64

Execution duration: 00:33:44.44
