1684081138 130.84 56.99 2331.13 41521
1684081148 130.48 56.91 2343.92 43774.5
1684081158 130.32 56.91 2317.2 42632.8
1684081168 130.32 56.91 2294.89 43508.4
1684081178 130.71 56.91 2316.81 43324.4
1684081188 123.33 56.98 14155.9 44199.8
1684081198 130.8 56.98 2291.43 43889.5
1684081208 130.13 56.9 2314.09 43851.5
1684081218 130.73 56.9 2340.86 44105.1
1684081228 130.61 56.9 2365.4 44076.2
1684081238 130.26 56.9 2342.42 43935
1684081248 122.18 56.96 13889.5 44349.4
1684081258 129.87 56.98 16253.3 43320.6
1684081268 130.55 56.9 2342.81 43833.5
1684081278 130.54 56.9 2340.86 44070.4
1684081288 130.25 56.9 2341.25 43870
1684081298 130.61 56.9 2363.85 44483.2
1684081308 130.42 56.9 2338.58 43373
1684081318 125.1 56.98 16025.7 43931.5
1684081328 130.64 56.9 2340.86 43428.8
1684081338 129.83 56.9 2314.09 43688.6
1684081348 130.93 56.9 2365.76 44642
1684081358 130.52 56.9 2363.85 44084.7
1684081368 130.32 56.9 2338.58 43142.5
1684081378 131 56.9 2338.97 44596.3
1684081388 127.4 56.98 16849.8 42966
1684081398 129.84 56.9 2316.45 43712
1684081408 129.29 56.9 2318.3 42349.1
1684081418 130.51 56.9 2338.97 44353.7
1684081428 129.84 56.9 2316.07 44098.9
1684081438 129.36 56.9 2317.99 42934
1684081448 129.75 56.9 2291.43 43316.7
1684081458 128.8 56.98 17450.1 43326.4
1684081468 129.58 56.9 2318.69 43338.3
1684081478 129.36 56.9 2316.45 43739.8
1684081488 130.13 56.9 2341.09 43605.8
1684081498 130.03 56.9 2338.58 43235.4
1684081508 130.83 56.9 2366.15 44214.8
1684081518 121.96 56.98 15818.9 43399
1684081528 129.83 56.98 2413.61 43538.2
1684081538 130.35 56.9 2340.86 44265.8
1684081548 130.22 56.9 2363.85 44492.5
1684081558 130.36 56.9 2365.76 44051
1684081568 131.03 56.9 2341.25 44050.2
1684081578 130.42 56.9 2338.58 43962.7
1684081588 123.53 56.98 16068.5 43671.6
1684081598 131.13 56.98 2342.42 44273.9
1684081608 129.73 56.9 2314.09 43182.1
1684081618 130.54 56.9 2340.86 44199.2
1684081628 130.71 56.9 2338.97 43741.5
1684081638 130.55 56.9 2340.86 43849
1684081648 123.6 56.98 14318.1 43723.5
1684081658 130.16 56.98 2316.34 43438.1
1684081668 130.51 56.9 2338.58 44468
1684081678 130.45 56.9 2341.25 43731.1
1684081688 130.42 56.9 2338.58 44129.4
1684081698 130.55 56.9 2342.81 43501.2
1684081708 130.16 56.9 2340.86 43715.2
1684081718 126.04 56.98 16405.4 43851.5
1684081728 129.96 56.9 2315.95 43388.3
1684081738 130.45 56.9 2341.25 43939.7
1684081748 130.26 56.9 2291.05 43831.9
1684081758 129.45 56.9 2291.81 43966.5
1684081768 129.74 56.9 2317.61 43394.8
1684081778 130.93 56.9 2316.34 44207.4
1684081788 129.71 56.98 17029.5 43332
1684081798 130.77 56.9 2343.53 44018.3
1684081808 130.51 56.9 2313.7 43222.2
1684081818 130.38 56.9 2318.6 44334.2
1684081828 130.7 56.9 2363.85 44395.7
1684081838 130.52 56.9 2363.85 44566.4
1684081848 123.83 56.98 15800.4 44106.2
1684081858 130.84 56.98 2340.86 44047.9
1684081868 130.35 56.9 2316.34 43242.8
1684081878 130.33 56.9 2363.46 44496.4
1684081888 130.45 56.9 2366.15 44293.8
1684081898 130.71 56.9 2363.46 44993.6
1684081908 130.42 56.9 2365.4 44264.7
1684081918 124.78 56.98 16645.3 43958.4
1684081928 130.75 56.9 2341.25 44314
1684081938 129.77 56.9 2291.05 43121
1684081948 129.55 56.9 2316.45 43213.9
1684081958 130.22 56.9 2338.58 43801
1684081968 129.93 56.9 2341.09 43519.5
1684081978 130.03 56.9 2338.58 44683.8
1684081988 128.62 56.98 16944.5 43961.8
1684081998 130.15 56.9 2340.86 43600.8
1684082008 130.45 56.9 2341.25 44177
1684082018 130.93 56.9 2366.15 44049.4
1684082028 130.55 56.9 2340.86 43516.3
1684082038 130.26 56.9 2341.25 43710.9
1684082048 122.86 56.98 15671.2 43905.4
1684082058 130.61 56.98 2363.85 43603.9
1684082068 130.45 56.9 2365.76 44055.2
1684082078 130.8 56.9 2363.85 44244.1
1684082088 130.91 56.9 2363.46 43829.7
1684082098 129.83 56.9 2338.97 43757.1
1684082108 130.35 56.9 2365.76 44152.9
1684082118 129.25 56.98 16483.2 43483.4
1684082128 130.45 56.9 2340.86 44116.7
1684082138 130.8 56.9 2338.97 44775.9
1684082148 130.03 56.9 2313.7 43619.8
1684082158 129.57 56.9 2318.69 43956.1
1684082168 130.89 56.9 2338.97 44232.1
1684082178 127.6 56.98 15839.8 43246.3
1684082188 130.45 56.9 2341.25 43637
1684082198 130.54 56.9 2326.84 44135.4
1684082208 129.77 56.9 2341.25 43645.1
1684082218 130.51 56.9 2363.46 43829.3
1684082228 130.51 56.9 2338.97 44169.9
1684082238 127.14 56.98 15481.3 43331.9
1684082248 130.45 56.9 2341.25 44137
1684082258 131.03 56.9 2365.76 43946.3
1684082268 130.03 56.9 2338.97 43372.2
1684082278 131.19 56.9 2338.58 44226.6
1684082288 130.45 56.9 2341.25 44242.4
1684082298 124.49 56.98 15118.4 43968.5
1684082308 130.36 56.9 2345.92 43391.8
1684082318 130.42 56.9 2338.58 44595.1
1684082328 130.84 56.9 2341.25 44499.2
1684082338 130.42 56.9 2338.58 44134.5
1684082348 130.6 56.9 2365.4 43713.1
1684082358 123.79 56.98 14755.7 43499.8
1684082368 130.06 56.98 2342.97 43577.3
1684082378 130.25 56.9 2366.15 43434.2
1684082388 130.65 56.9 2340.86 44860.3
1684082398 130.42 56.9 2363.85 44598.6
1684082408 130.02 56.9 2363.85 43373.4
1684082418 130.8 56.9 2338.58 44442.4
1684082428 127 56.98 16320.8 43298.2
1684082438 130.45 56.9 2369.26 43784.8
1684082448 130.68 56.98 2368.06 43887.8
1684082458 130.83 56.9 2391.05 44204.7
1684082468 130.45 56.9 2340.86 43578.2
1684082478 129.84 56.9 2341.09 43251.2
1684082488 123.32 56.98 15395.1 44690
1684082498 131.1 56.98 2363.85 44054.8
1684082508 129.96 56.9 2315.95 43586.4
1684082518 129.48 56.9 2318.69 43609.2
1684082528 130.13 56.9 2316.07 45204.6
1684082538 130.33 56.9 2338.97 44011.3
1684082548 130.51 56.9 2363.46 43447.6
1684082558 124.42 56.98 16245.2 43549.8
1684082568 131.13 56.9 2316.34 44015.6
1684082578 130.33 56.9 2288.82 43257.1
1684082588 130.6 56.9 2298.54 43887.7
1684082598 130.35 56.9 2340.86 43871.6
1684082608 130.74 56.9 2341.25 44450.6
1684082618 121.78 56.98 14281.3 43292.1
1684082628 130.54 56.98 2341.25 43961.1
1684082638 130.06 56.9 2315.95 43559.9
1684082648 130.28 56.9 2318.6 43450.1
1684082658 130.25 56.9 2340.86 43784.8
1684082668 130.61 56.9 2363.85 44558.6
1684082678 122.52 56.98 13735.9 44461.2
1684082688 130.93 56.98 2316.34 44622.6
1684082698 130.87 56.9 2311.46 44073.4
1684082708 131 56.9 2338.97 44027.2
1684082718 130.11 56.9 2354.31 44050.3
1684082728 129.83 56.9 2338.97 44427.6
1684082738 130.64 56.9 2341.25 44215.6
1684082748 126.62 56.98 16242.6 43889.2
1684082758 129.83 56.9 2363.85 43202.3
1684082768 130.48 56.9 2343.14 44549.6
1684082778 129.86 56.9 2343.36 44164.6
1684082788 130.06 56.9 2340.86 43737.3
1684082798 130.94 56.9 2366.15 43812.4
1684082808 121.65 56.98 15148.7 43633.4
1684082818 130.26 56.98 2408.93 43650.8
1684082828 130.35 56.9 2315.95 43946.7
1684082838 129.83 56.9 2289.21 42596.3
1684082848 130.94 56.9 2340.86 43673.5
1684082858 130.42 56.9 2314.09 43801
1684082868 130.32 56.9 2313.7 43602.7
1684082878 123.51 56.98 15930.8 44034.2
1684082888 130.99 56.98 2338.58 44547.7
1684082898 130.56 56.9 2334.43 43556.6
1684082908 129.93 56.9 2313.7 43863.2
1684082918 130.71 56.9 2363.85 44457.9
1684082928 130.71 56.9 2340.52 44681.1
1684082938 130.32 56.9 2363.46 44029.2
1684082948 127.72 56.98 16611.7 43819.5
1684082958 130.23 56.9 2338.58 44207.2
1684082968 131.1 56.9 2363.85 44043.2
1684082978 130.68 56.9 2336.31 43236.1
1684082988 130.32 56.9 2363.85 43721.7
1684082998 130.71 56.9 2363.46 44308.3
1684083008 123.79 56.98 15189.5 43782.5
1684083018 130.45 56.98 2340.86 44217.1
1684083028 130.22 56.9 2338.97 44240.6
1684083038 129.54 56.9 2291.43 43502.6
1684083048 129.74 56.9 2341.09 43257
1684083058 130.25 56.9 2340.86 43663.4
1684083068 130.3 56.9 2311.85 44078.4
1684083078 126.37 56.98 16423.9 43048.7
1684083088 130.42 56.9 2338.97 43912.2
1684083098 130.12 56.9 2338.97 43163.8
1684083108 130.71 56.9 2363.46 44527.1
1684083118 129.93 56.9 2338.97 43287.8
1684083128 130.32 56.9 2340.13 44386
1684083138 117.21 56.96 15002.9 36341.3
1684083148 10.51 56.96 203.11 1213.23

Execution duration: 00:33:35.35
