1684114385 117.69 56.87 3.08 30.77
1684114385 122.05 56.87 0 28.35
1684114387 118.46 56.95 0 0
1684114387 118.6 56.87 0 0
1684114389 118.46 56.87 0 0
1684114390 117.69 56.87 0 0
1684114390 125.2 56.87 0 0
1684114392 120.77 56.87 0 0
1684114393 118.46 56.87 0 0
1684114394 118.46 56.87 0 0
1684114395 122.31 56.87 0 0
1684114396 122.31 56.87 0 0
1684114397 123.08 56.87 0 0
1684114398 121.88 56.87 0 0
1684114398 121.26 56.87 0 0
1684114400 128.68 56.87 0 0
1684114400 120.63 56.87 0 0
1684114402 126.72 56.87 0 0
1684114403 123.26 56.87 0 0
1684114404 118.46 56.87 615.38 510.77
1684114405 53.08 56.96 1264.62 4538.46

Execution duration: 00:00:24.24
