1684138862 118.6 56.83 3.1 328.68
1684138863 121.43 56.83 0 28.57
1684138864 120.77 56.83 0 0
1684138865 119.53 56.83 0 0
1684138866 118.31 56.91 0 0
1684138867 123.62 56.91 0 0
1684138868 122.48 56.83 0 0
1684138869 121.43 56.83 0 0
1684138870 113.89 56.83 0 0
1684138871 122.66 56.83 0 0
1684138872 124.6 56.83 0 0
1684138873 123.62 56.83 0 0
1684138874 124.6 56.83 0 0
1684138875 122.31 56.83 0 0
1684138876 123.02 56.83 0 0
1684138877 125.95 56.83 0 0
1684138878 130.95 56.83 0 0
1684138879 120.61 56.83 0 0
1684138880 119.23 56.83 0 0
1684138881 119.23 56.83 0 0
1684138882 89.15 56.91 1426.36 1441.86

Execution duration: 00:00:24.24
