1684125781 118.9 56.86 3.15 308.66
1684125782 119.53 56.86 0 28.12
1684125783 117.02 56.86 0 0
1684125784 116.15 56.86 0 0
1684125785 114.08 56.86 0 0
1684125786 125 56.94 0 0
1684125787 120.63 56.86 0 0
1684125788 120.45 56.86 0 0
1684125789 122.22 56.86 0 0
1684125790 123.81 56.86 0 0
1684125791 123.08 56.86 0 0
1684125792 128.35 56.86 0 0
1684125793 124.62 56.86 0 0
1684125794 122.83 56.86 0 0
1684125795 131.5 56.86 0 0
1684125796 117.97 56.86 0 0
1684125797 114.97 56.86 0 0
1684125798 119.23 56.86 0 0
1684125799 114.97 56.86 0 0
1684125800 121.54 56.86 0 0
1684125801 128.57 56.94 911.11 2720.63
1684125802 40.15 56.94 869.7 4296.97

Execution duration: 00:00:25.25
