1684148030 104.94 56.91 0 0
1684148035 104.94 56.91 3.04 58.56
1684148040 105.13 56.91 0 0
1684148045 105.12 56.91 0 0
1684148050 105.13 56.91 0 0
1684148055 105.32 56.91 0 0
1684148060 105.89 56.91 0 0
1684148065 104.94 56.91 0 0
1684148070 104.94 56.91 0 0
1684148075 105.13 56.91 0 0
1684148080 104.73 56.91 0 122.73
1684148085 105.31 56.91 0 0
1684148090 103.56 56.91 0 0
1684148095 104.75 56.91 0 0
1684148100 104.37 56.91 0 0
1684148105 102.41 56.91 0 0
1684148110 104.93 56.91 0 0
1684148115 104.35 56.91 0 0
1684148120 106.46 56.91 0 0
1684148125 105.13 56.91 0 0
1684148130 104.94 56.91 0 0
1684148135 105.13 56.91 0 0
1684148140 104.94 56.91 0 0
1684148145 105.89 56.91 0 0
1684148150 105.13 56.91 0 0
1684148155 107.03 56.91 0 0
1684148160 105.7 56.91 0 0
1684148165 106.84 56.91 0 0
1684148170 104.75 56.91 0 0
1684148175 104.75 56.91 0 0
1684148180 104.93 56.91 0 0
1684148185 104.56 56.91 0 0
1684148190 106.27 56.91 0 0
1684148195 104.94 56.91 0 0
1684148200 104.36 56.91 0 0
1684148205 104.94 56.91 0 0
1684148210 105.51 56.91 0 0
1684148215 105.31 56.91 0 0
1684148220 10.82 56.91 0 0

Execution duration: 00:03:14.14
