1684076362 131.47 56.75 2311.97 42301.9
1684076372 131.02 56.68 2319.07 44407.3
1684076382 131.23 56.68 2337.14 43229.1
1684076392 131.33 56.68 2359.26 43321.8
1684076402 130.56 56.68 2352.03 43664.2
1684076412 124.67 56.74 14379 44202.7
1684076422 131.29 56.74 2363.46 45141.7
1684076432 130.88 56.67 2336.7 43918.1
1684076442 131.14 56.67 2334.04 44195.9
1684076452 130.26 56.67 2335.98 44322.4
1684076462 131.26 56.67 2361.17 44838.1
1684076472 123.38 56.74 14244.8 44223.1
1684076482 131.46 56.74 2329.53 43448.6
1684076492 131.42 56.67 2334.43 43573.2
1684076502 131.1 56.67 2338.58 44125.9
1684076512 130.65 56.67 2359.26 44661.5
1684076522 130.78 56.67 2387.96 44092.4
1684076532 131.29 56.67 2363.46 44491.3
1684076542 127.63 56.74 16445.9 44977
1684076552 131.1 56.74 2363.46 44327.7
1684076562 131.24 56.67 2327.66 44477.8
1684076572 131.56 56.67 2361.17 44834.2
1684076582 130.84 56.67 2334.43 44196.7
1684076592 131.36 56.67 2386.02 44269.1
1684076602 130.81 56.67 2340.52 44478.5
1684076612 129.89 56.74 17286.7 44071.6
1684076622 131.16 56.67 2361.56 44450.5
1684076632 130.69 56.67 2311.46 44236.5
1684076642 131.2 56.67 2356.98 44009.7
1684076652 131.53 56.67 2358.87 44043.8
1684076662 130.91 56.67 2350.15 44611.8
1684076672 123.57 56.74 15881.7 43837.8
1684076682 131.88 56.74 2356.59 44763.2
1684076692 130.72 56.67 2307.37 43215.5
1684076702 130.39 56.67 2364.62 44263.8
1684076712 130.46 56.67 2359.26 43588.4
1684076722 130.65 56.67 2383.71 44637.1
1684076732 130.78 56.67 2386.41 44605.4
1684076742 125.56 56.74 16562.1 44283.4
1684076752 130.08 56.74 2345.62 43990
1684076762 131.04 56.67 2358.87 44753.8
1684076772 130.85 56.67 2334.43 44333.7
1684076782 130.75 56.67 2360.42 43877
1684076792 130.98 56.67 2361.56 43471.1
1684076802 131.28 56.67 2363.46 44553.9
1684076812 127.41 56.74 16923.6 43886.1
1684076822 130.9 56.74 2363.85 44201
1684076832 131.06 56.67 2336.31 43810.1
1684076842 131.43 56.67 2359.26 44591.3
1684076852 130.6 56.67 2363.46 43492.3
1684076862 130.9 56.67 2363.85 44050.9
1684076872 127.94 56.74 15272.2 44866.7
1684076882 131.06 56.74 2361.56 43579
1684076892 131.07 56.67 2361.17 43610.5
1684076902 130.58 56.67 2338.84 44831.5
1684076912 131.46 56.68 2361.17 44330.9
1684076922 131.23 56.68 2384.1 43207.4
1684076932 122.19 56.73 15143.4 44378.3
1684076942 130.81 56.75 17549.9 44674.1
1684076952 130.73 56.68 2325.02 43812.6
1684076962 129.89 56.68 2345.62 44568.6
1684076972 130.77 56.68 2336.7 44011.7
1684076982 130.2 56.68 2354.7 44084.8
1684076992 131.48 56.68 2338.97 43723.2
1684077002 127.01 56.75 15939.2 43866.4
1684077012 130.49 56.75 2336.7 43283.9
1684077022 130.97 56.68 2336.31 44262.5
1684077032 130.68 56.68 2361.56 43990.7
1684077042 130.94 56.68 2334.04 43996.9
1684077052 130.22 56.68 2365.73 43690.5
1684077062 130.29 56.68 2365.83 43869.5
1684077072 128.53 56.75 17019.3 43318.8
1684077082 131.08 56.68 2322.78 43495.4
1684077092 130.63 56.68 2325.41 44438.7
1684077102 130.85 56.68 2358.87 44235.9
1684077112 130.94 56.68 2359.26 43857.6
1684077122 129.91 56.68 2363.46 43971.2
1684077132 122.72 56.73 15610.1 44866
1684077142 130.39 56.75 17974.8 43318.4
1684077152 131.17 56.68 2386.02 44514.2
1684077162 131.04 56.68 2334.43 44375.2
1684077172 130.68 56.68 2361.17 43568.2
1684077182 130.65 56.68 2359.26 44416.3
1684077192 131.11 56.68 2349.76 44384.2
1684077202 126.21 56.75 16074.9 43327.8
1684077212 130 56.75 2338.46 44108.8
1684077222 131.42 56.68 2359.26 44451.6
1684077232 130.26 56.68 2337.14 43600.4
1684077242 130.54 56.68 2368.02 44048.2
1684077252 130.97 56.68 2361.17 43043.1
1684077262 131.28 56.68 2363.85 44361.1
1684077272 129.12 56.75 17157.3 43837.7
1684077282 130.38 56.68 2311.46 43120.8
1684077292 131.36 56.68 2361.56 44455.9
1684077302 130.78 56.68 2311.46 43429.5
1684077312 130.49 56.68 2265 42648.1
1684077322 130.91 56.68 2306.98 43413.6
1684077332 126.91 56.75 15424.1 43284.5
1684077342 131.75 56.75 2311.46 44071.5
1684077352 130.68 56.68 2336.7 43937.5
1684077362 130.28 56.68 2345.23 44558.2
1684077372 130.1 56.68 2311.85 44305.2
1684077382 130.71 56.68 2363.46 44210.3
1684077392 125.71 56.75 14865.6 44889.6
1684077402 130.61 56.75 2313.7 43285.5
1684077412 129.97 56.68 2318.69 43739.1
1684077422 130.76 56.68 2334.04 45066.9
1684077432 131.45 56.68 2363.11 44818.2
1684077442 129.99 56.68 2338.25 43510.3
1684077452 123.82 56.75 14540.6 44319.8
1684077462 130.65 56.75 2359.26 44422.5
1684077472 130.07 56.68 2334.04 43940.6
1684077482 130.18 56.68 2327.66 44190.3
1684077492 130.29 56.68 2311.46 43754.6
1684077503 130 56.68 2338.84 44031.5
1684077512 122.06 56.75 14272.5 44436.9
1684077522 130.29 56.75 2386.41 43678.4
1684077532 130.87 56.68 2361.17 43787.2
1684077542 130 56.68 2336.7 43563.9
1684077552 130.71 56.68 2366.96 44239.1
1684077562 130.55 56.68 2358.87 43484.8
1684077572 131.65 56.75 2312.63 44163.5
1684077582 128.8 56.75 16182 43021.9
1684077592 130.78 56.75 2361.56 43942.5
1684077602 130.09 56.68 2336.31 44281.2
1684077612 130.48 56.68 2336.7 44130.5
1684077623 130 56.68 2363.08 43523.8
1684077632 129.79 56.68 2359.26 43686.9
1684077642 124.46 56.75 15499.4 44127.8
1684077652 130.32 56.75 2363.85 44031.1
1684077662 130.29 56.68 2336.31 43639.2
1684077672 130.23 56.68 2363.85 44259.7
1684077683 130.18 56.68 2369.91 44049.4
1684077692 130.6 56.68 2391.84 44011.7
1684077702 130.69 56.68 2361.56 43939
1684077712 128.25 56.75 16921.2 43567.4
1684077722 130.55 56.68 2359.26 44293.7
1684077732 130.65 56.68 2358.87 43700.9
1684077742 129.55 56.68 2307.37 43726
1684077753 129.81 56.68 2338.46 43330
1684077762 130.1 56.68 2336.7 43715.7
1684077772 122.79 56.75 15629.9 44844.2
1684077782 129.69 56.75 2309.6 42606.4
1684077793 129.91 56.68 2313.85 43631.2
1684077802 130.42 56.68 2338.97 44132.9
1684077812 130.1 56.68 2336.31 44549.9
1684077822 130.45 56.68 2334.43 43892.5
1684077832 130.68 56.68 2336.31 44373.2
1684077842 128.33 56.75 16020.6 43808
1684077852 130.32 56.68 2338.58 44088.2
1684077862 130.1 56.68 2311.85 44292.4
1684077872 130.7 56.68 2363.85 44282.6
1684077882 130.1 56.68 2336.31 44666.8
1684077892 130.38 56.68 2336.7 43987.2
1684077902 128.73 56.75 15521.2 44268
1684077912 130.45 56.68 2334.43 43995.3
1684077923 130.62 56.68 2331.78 44207
1684077933 130.46 56.68 2359.26 44286.7
1684077942 130.12 56.68 2363.46 44362.7
1684077952 130.32 56.68 2363.85 44374
1684077962 125.26 56.75 15744.6 44247.2
1684077972 130.4 56.75 2336.7 44295.2
1684077983 130.29 56.68 2336.31 44089.7
1684077993 130.29 56.68 2336.7 44139
1684078002 130.8 56.68 2341.69 43869.4
1684078012 130.29 56.75 2361.56 43881.2
1684078023 130.09 56.68 2336.31 43363.5
1684078033 128.35 56.75 16864.1 43979.8
1684078043 130.48 56.68 2336.7 43725.4
1684078053 129.79 56.68 2302.51 44196.9
1684078063 130.19 56.68 2336.7 43866
1684078073 129.52 56.68 2338.46 44278.5
1684078083 130.09 56.68 2361.56 43649.7
1684078093 122.77 56.75 15487.2 44783.7
1684078103 129.91 56.75 2336.7 43550.3
1684078113 130.13 56.68 2306.98 43793.8
1684078123 130.58 56.68 2311.85 44430.3
1684078133 130.2 56.68 2336.31 44213.2
1684078143 130.19 56.68 2361.56 43913
1684078153 130.35 56.68 2334.04 43699.3
1684078163 125.15 56.75 16082.3 44070.3
1684078173 129.43 56.75 2338.84 43006.2
1684078183 130.2 56.68 2365.83 44475.7
1684078193 129.65 56.68 2341.09 43155.7
1684078203 130.35 56.68 2383.71 43877.8
1684078213 130.48 56.68 2386.41 44869.1
1684078223 122.79 56.75 14801.9 44112.5
1684078233 130.48 56.75 2336.7 44088.9
1684078243 130.17 56.68 2334.43 43670.2
1684078253 130.48 56.68 2336.31 44239.2
1684078263 130.29 56.68 2336.7 44195.7
1684078273 129.91 56.68 2311.46 43401.9
1684078283 130.19 56.68 2336.7 44647.4
1684078293 125.81 56.75 16228.5 44351.5
1684078303 129.39 56.75 2309.6 43575.2
1684078313 130.38 56.68 2336.31 44164.7
1684078323 130.52 56.68 2363.85 44599.8
1684078333 130.42 56.68 2363.85 43547.1
1684078343 130.68 56.68 2338.46 44467.3
1684078353 120.25 56.73 14700.8 40505.8
1684078363 23.52 56.73 458.09 2278.42

Execution duration: 00:33:26.26
