1684134761 130.94 56.94 2347.62 40085.3
1684134771 130.61 56.86 2339.36 43638.5
1684134781 131.19 56.86 2341.69 44345.2
1684134791 131.38 56.86 2365.4 46170.7
1684134801 130.29 56.86 2314.57 44457.9
1684134811 123.82 56.93 14276.8 44288.4
1684134821 131.17 56.93 2337.86 45666
1684134831 130.3 56.85 2311.85 43964.7
1684134841 130.8 56.85 2338.58 44354.9
1684134851 130.42 56.85 2338.97 43561.1
1684134861 131 56.85 2338.58 45504.8
1684134871 122.91 56.93 14083.1 45831.8
1684134881 130.19 56.93 2336.31 44092
1684134891 130.61 56.85 2340.52 45163.1
1684134901 130.32 56.85 2313.7 43455
1684134911 131.04 56.85 2309.6 42943.9
1684134921 131.58 56.85 2313.7 45246.7
1684134931 131.04 56.85 2284.77 44095.1
1684134941 124.85 56.93 15914.9 43039.2
1684134951 130.87 56.93 2336.7 44299.4
1684134961 130.69 56.85 2313.4 45688.2
1684134971 130.45 56.85 2316.34 45175.1
1684134981 130.23 56.85 2338.97 43384.3
1684134991 130.07 56.85 2352.03 43283.2
1684135001 130.8 56.85 2338.97 44681.4
1684135011 126.23 56.93 16532.6 43782.1
1684135021 130.39 56.85 2336.7 44333.2
1684135031 130.61 56.85 2338.97 44113.1
1684135041 130.61 56.85 2313.7 44052.1
1684135051 129.81 56.85 2314.23 45453.1
1684135061 130.8 56.85 2363.46 44215.7
1684135071 130.51 56.85 2363.85 44288.4
1684135081 129.03 56.93 17484.3 43960.4
1684135091 130.49 56.85 2361.56 45469.5
1684135101 130.61 56.85 2338.58 45645.9
1684135111 130.71 56.85 2338.97 45099.7
1684135121 130.74 56.85 2340.86 45449.4
1684135131 130.42 56.85 2363.85 45616.3
1684135141 130.12 56.85 2305.15 43657.1
1684135151 129.03 56.93 17765.8 44551.9
1684135161 130.9 56.85 2338.58 45320.5
1684135171 130.7 56.85 2314.09 45531.2
1684135181 130.78 56.85 2261.75 43205.4
1684135191 130.49 56.85 2338.84 44691.5
1684135201 130.23 56.85 2363.46 43790.9
1684135211 123.56 56.93 15821.5 44583.9
1684135221 130.38 56.93 2336.7 43400.8
1684135231 130.71 56.85 2313.7 44033.4
1684135241 130.64 56.85 2341.25 43865
1684135251 130.59 56.85 2361.17 44282.7
1684135261 130.87 56.85 2361.56 44419.4
1684135271 123.13 56.93 14110.8 44021.8
1684135281 131.03 56.93 2334.43 45190.3
1684135291 130.45 56.85 2340.86 43324.5
1684135301 130.62 56.85 2363.85 45840.2
1684135311 130.41 56.85 2338.58 43548.3
1684135321 130.81 56.85 2338.97 45687.1
1684135331 130.37 56.85 2334.04 44676.6
1684135341 124.81 56.93 16033.5 45585
1684135351 130.91 56.93 2331.78 45781.4
1684135361 130.13 56.85 2314.09 43596.1
1684135371 130.94 56.85 2341.25 45729.2
1684135381 129.92 56.85 2313.7 43759.4
1684135391 130.81 56.85 2340.52 44043.5
1684135401 130.31 56.85 2338.58 44637.1
1684135411 128.57 56.93 16847.4 44085.1
1684135421 130.38 56.85 2286.6 43571.7
1684135431 129.81 56.85 2289.61 44948.1
1684135441 130.28 56.85 2313.85 45365.8
1684135451 129.74 56.85 2338.97 43063.6
1684135461 130.61 56.85 2363.46 44545
1684135471 123.3 56.93 15600.4 44102.9
1684135481 130.85 56.93 2309.21 44049.3
1684135491 130 56.85 2289.61 44009.2
1684135501 129.95 56.85 2349.76 45419.1
1684135511 130.78 56.85 2336.7 46000.8
1684135521 130.45 56.85 2340.86 45074.3
1684135531 130.19 56.85 2336.7 43659.8
1684135541 124.26 56.93 16306 44213.2
1684135551 130.58 56.93 2336.7 43975.5
1684135561 130.59 56.85 2361.56 45185.6
1684135571 130.51 56.85 2338.58 45604.3
1684135581 130.12 56.85 2363.85 44538.8
1684135591 131.06 56.85 2361.17 44826.8
1684135601 130.39 56.85 2361.56 44490.5
1684135611 127.77 56.93 16621.4 44158.1
1684135621 130.17 56.85 2334.43 44211.8
1684135631 130.51 56.85 2366.57 45604.3
1684135641 130.33 56.85 2338.97 43963.1
1684135651 130.54 56.85 2342.97 44772.2
1684135661 130.77 56.85 2361.56 46226.4
1684135671 122.33 56.93 15418.6 43779.8
1684135681 130.7 56.93 2338.97 43573.6
1684135691 130.78 56.85 2336.31 44152.2
1684135701 130.7 56.85 2363.85 44489
1684135711 130.71 56.85 2363.46 44054
1684135721 130.49 56.85 2363.11 44704.1
1684135731 130.39 56.85 2363.11 43769.7
1684135741 129.15 56.93 16260.4 44435.8
1684135751 129.81 56.85 2336.7 43479.2
1684135761 130.94 56.85 2340.86 45979.4
1684135771 130.55 56.85 2341.25 45179
1684135781 130.13 56.85 2313.7 44319.5
1684135791 131.04 56.85 2316.34 45649
1684135801 127.24 56.93 15465.3 44213.7
1684135811 130.96 56.85 2311.85 45461
1684135821 130.28 56.85 2293.28 43116.3
1684135831 131 56.85 2342.08 45981.7
1684135841 130.45 56.85 2315.95 44609.3
1684135851 130.19 56.85 2320.93 45431.4
1684135861 126.33 56.93 15167.7 45070.9
1684135871 130.51 56.85 2314.09 45952.6
1684135881 130.67 56.85 2318.21 45610.1
1684135891 130.25 56.85 2366.15 44865.8
1684135901 130.65 56.85 2341.25 44020.2
1684135911 129.94 56.85 2316.07 45392.5
1684135921 124.23 56.93 14836.2 45279
1684135931 129.79 56.93 2327.27 45251.4
1684135941 129.64 56.85 2316.45 44383.4
1684135951 130.51 56.85 2340.13 45077.9
1684135961 130.23 56.85 2363.85 43764.4
1684135971 131.29 56.85 2339.36 46239.8
1684135981 131.71 56.85 2303.11 45053.7
1684135991 128.26 56.93 16520 44666.1
1684136001 130.9 56.85 2338.97 45208.2
1684136011 130.45 56.85 2315.95 44351.4
1684136021 130.71 56.85 2338.97 45398.2
1684136031 129.93 56.85 2338.58 44054
1684136041 130.35 56.85 2341.25 45205.8
1684136051 126.36 56.93 15903.5 45414.4
1684136061 130.9 56.85 2363.85 45797.9
1684136071 130.42 56.85 2338.97 45204.3
1684136081 131.3 56.85 2338.97 46049
1684136091 130.8 56.85 2338.97 45797.1
1684136101 130.02 56.85 2313.7 45294.5
1684136111 129.71 56.85 2314.23 44629.6
1684136121 128.78 56.93 16996.3 45276.6
1684136131 130.77 56.85 2361.56 45575.2
1684136141 130.51 56.85 2338.58 46074.6
1684136151 130.41 56.85 2338.97 45563.1
1684136161 130.03 56.85 2313.7 45341.5
1684136171 130.41 56.85 2314.09 45346.9
1684136181 122.82 56.93 15631.2 44436.6
1684136191 130.36 56.93 2303.89 45527.6
1684136201 129.84 56.85 2291.43 44605.2
1684136211 130.7 56.85 2314.09 46422.2
1684136221 130.38 56.85 2311.46 45398.8
1684136231 131.33 56.85 2367.71 46033.8
1684136241 130.32 56.85 2313.7 45811.1
1684136251 127.6 56.93 15878.8 43910
1684136261 130.23 56.85 2291.81 45356.7
1684136271 130.77 56.85 2311.85 45975.5
1684136281 131.04 56.85 2341.25 45498.8
1684136291 130.04 56.85 2313.7 44920.5
1684136301 130.61 56.85 2316.45 44779.2
1684136311 128.86 56.93 15436.7 45049.6
1684136321 130.87 56.85 2331.06 45874.6
1684136331 130.78 56.85 2311.46 45224.8
1684136341 129.91 56.85 2314.23 45648.1
1684136351 131.01 56.85 2338.58 46540.7
1684136361 130.8 56.85 2338.97 45307.7
1684136371 124.61 56.93 15585.6 46126.1
1684136381 130.41 56.93 2338.97 46177.3
1684136391 130.15 56.85 2333.33 45032.6
1684136401 130.55 56.85 2334.43 45140.2
1684136411 130.99 56.85 2363.46 45814.2
1684136421 131.37 56.85 2361.56 46121.2
1684136431 130.19 56.85 2336.31 45038.8
1684136441 127.82 56.93 16747.5 45132.7
1684136451 129.96 56.85 2343.36 45186.5
1684136461 130.32 56.85 2338.58 45715.1
1684136471 130.84 56.85 2341.25 46046.7
1684136481 129.9 56.85 2336.31 45783.3
1684136491 130.71 56.85 2363.85 46530.2
1684136501 122.08 56.91 15323.4 45746.7
1684136511 130.23 56.93 17647.4 45522.3
1684136521 130.13 56.85 2313.7 45884.9
1684136531 130.22 56.85 2314.09 45761.3
1684136541 130.29 56.85 2338.46 45516.9
1684136551 130.35 56.85 2341.25 44975.5
1684136561 130.32 56.85 2338.58 45417.3
1684136571 125 56.93 15967.3 45313.2
1684136581 130.25 56.93 2315.95 45300
1684136591 130.52 56.85 2316.45 45339
1684136601 130.14 56.85 2331.78 45919
1684136611 130.65 56.85 2341.25 45429.2
1684136621 130.84 56.85 2366.15 45494.9
1684136631 121.79 56.91 14521.4 45205.4
1684136641 130.03 56.93 16871.1 45318.2
1684136651 130.52 56.85 2313.7 45840.2
1684136661 129.77 56.85 2318.69 45382.3
1684136671 130.32 56.85 2363.46 45557.2
1684136681 130.94 56.85 2366.15 45710.9
1684136691 131.07 56.85 2336.31 46406.6
1684136701 125.12 56.94 15968.1 45233.5
1684136711 131.32 56.94 2340.86 45257.2
1684136721 130.58 56.86 2311.85 45506.8
1684136731 130.36 56.86 2340.86 45893.4
1684136741 130.69 56.86 2336.7 45789.9
1684136751 130.01 56.86 2311.46 45409.7
1684136761 121.99 56.91 14374.9 45780.1
1684136771 40.47 56.91 15122.9 6390.67

Execution duration: 00:33:38.38
