1684140949 114.18 56.83 2.84 278.01
1684140949 122.05 56.83 3.15 34.65
1684140950 122.05 56.83 0 3.15
1684140951 123.44 56.83 0 0
1684140952 119.23 56.83 0 0
1684140953 124.41 56.83 0 0
1684140954 123.26 56.83 0 0
1684140956 121.92 56.83 0 0
1684140956 123.81 56.91 0 0
1684140957 124.41 56.91 0 0
1684140958 123.62 56.83 0 0
1684140959 123.48 56.83 0 0
1684140960 119.08 56.83 0 0
1684140961 123.26 56.83 0 0
1684140962 127.78 56.83 0 0
1684140963 125.78 56.83 0 0
1684140964 123.44 56.83 0 0
1684140965 131.5 56.83 0 0
1684140966 120.61 56.83 0 0
1684140967 129.13 56.83 0 0
1684140968 124.41 56.91 970.08 1310.24
1684140970 20.25 56.83 0 2829.45

Execution duration: 00:00:25.25
