1684101159 121.26 56.88 3.15 812.6
1684101160 123.02 56.88 3.17 31.75
1684101161 123.02 56.88 0 0
1684101162 117.69 56.88 0 0
1684101163 118.6 56.88 0 0
1684101164 120 56.88 0 0
1684101165 119.08 56.88 0 0
1684101166 121.88 56.96 0 0
1684101167 120.63 56.88 0 0
1684101168 123.66 56.88 0 0
1684101169 123.08 56.88 0 0
1684101170 121.54 56.88 0 0
1684101171 119.23 56.88 0 0
1684101172 123.08 56.88 0 0
1684101173 123.02 56.88 0 0
1684101174 126.98 56.88 0 0
1684101175 121.71 56.88 0 0
1684101176 122.22 56.88 0 0
1684101177 125.78 56.88 0 0
1684101178 71.43 56.96 946.03 4714.29

Execution duration: 00:00:23.23
