1684148282 131.43 56.94 2290.91 40768.7
1684148292 131.03 56.86 2316.73 43800.8
1684148302 130.94 56.86 2312.7 44463.2
1684148312 130.8 56.86 2317.2 44327.7
1684148322 129.95 56.86 2303.38 45058.9
1684148332 122.24 56.93 14041.2 44288
1684148342 129.94 56.93 2291.43 45812.1
1684148352 130.22 56.85 2338.97 44189.3
1684148362 130.84 56.85 2365.76 44811.7
1684148372 130.77 56.85 2336.7 43933.2
1684148382 130.57 56.85 2336.31 44131.3
1684148392 122.45 56.93 14000.4 44648
1684148402 130.79 56.93 2403.87 44561.9
1684148412 130.54 56.85 2291.44 44370.4
1684148422 130.22 56.85 2288.82 44072.7
1684148432 130.29 56.85 2314.23 45362.3
1684148442 129.84 56.85 2313.7 43770.7
1684148452 130.71 56.85 2338.97 43777.7
1684148462 125 56.93 15922.6 44662.3
1684148472 129.93 56.93 2314.09 43359
1684148482 131 56.85 2323.42 44841.2
1684148492 130.69 56.85 2311.46 43366.6
1684148502 131.29 56.85 2338.97 45659.1
1684148512 129.93 56.85 2313.7 43167.3
1684148522 131.23 56.85 2341.25 44224.9
1684148532 127.45 56.93 16593.6 45315.2
1684148542 129.46 56.85 2300.68 43937
1684148552 129.76 56.85 2300.29 43332.6
1684148562 130.77 56.85 2336.7 46418.6
1684148572 130.13 56.85 2363.46 44272.9
1684148582 131.03 56.85 2367.71 45790.7
1684148592 129.8 56.85 2336.31 43712.2
1684148602 128.36 56.93 17286.7 43598.8
1684148612 130.42 56.85 2313.7 43052.7
1684148622 129.64 56.85 2291.81 45250.8
1684148632 129.52 56.85 2338.46 45652.7
1684148642 130.59 56.85 2311.85 44136.7
1684148652 129.81 56.85 2338.46 44493.5
1684148662 130.64 56.85 2341.25 44281.3
1684148672 130.07 56.93 17847.1 44908.6
1684148682 129.83 56.85 2313.7 44030.7
1684148692 130.52 56.85 2289.21 43730.2
1684148702 129.94 56.85 2316.07 45200.8
1684148712 130.71 56.85 2338.97 43902.8
1684148722 131.08 56.85 2361.17 45854.8
1684148732 123.35 56.93 15769.7 45497.7
1684148742 130.16 56.93 2350.2 43270.8
1684148752 130.51 56.85 2338.97 43735.7
1684148762 130.71 56.85 2338.58 44189.3
1684148772 130.58 56.85 2361.56 45570.5
1684148782 130.74 56.85 2340.86 46298.1
1684148792 122.46 56.93 13983.7 44452.9
1684148802 130.93 56.93 2315.95 45242.4
1684148812 130.51 56.85 2314.09 43402.9
1684148822 130.9 56.85 2338.58 45105.9
1684148832 130.6 56.85 2338.97 45594.6
1684148842 130.41 56.85 2340.13 43835.2
1684148852 130.84 56.85 2366.15 44652.5
1684148862 125.58 56.93 16121 45709.3
1684148872 130.55 56.93 2315.95 45868.5
1684148882 130.55 56.85 2316.34 45913.2
1684148892 129.96 56.85 2291.05 43686
1684148902 129.84 56.85 2341.09 45124.9
1684148912 130.42 56.85 2340.13 43640.8
1684148922 130.13 56.85 2341.09 44744.9
1684148932 128.47 56.93 16724.2 45631.1
1684148942 130.7 56.85 2314.09 45266.9
1684148952 130.32 56.93 2313.7 43927.3
1684148962 130.22 56.85 2338.97 43630.3
1684148972 130.99 56.85 2338.58 45664.9
1684148982 130.44 56.85 2341.25 43559.1
1684148992 122.78 56.93 15439.9 44394.6
1684149002 130.68 56.93 2343.53 44114.9
1684149012 130.15 56.85 2340.86 42923.7
1684149022 130.26 56.85 2341.25 44129.2
1684149032 131.03 56.85 2341.25 45719.8
1684149042 129.95 56.85 2343.36 45672.8
1684149052 130.51 56.85 2365.4 44859.1
1684149062 123.41 56.93 16197.5 43406.8
1684149072 130.13 56.93 2316.45 45288.6
1684149082 130.7 56.85 2338.58 44878.1
1684149092 130.22 56.85 2289.21 44463
1684149102 130.75 56.85 2365.76 45624.1
1684149112 130.42 56.85 2338.97 45413
1684149122 130.86 56.85 2318.21 45754.6
1684149132 126.86 56.93 16430 42909.7
1684149142 131.23 56.85 2365.76 46346.3
1684149152 130.52 56.85 2314.09 45681.2
1684149162 130.68 56.85 2311.46 45267.6
1684149172 129.81 56.85 2314.23 44991.2
1684149182 130.51 56.85 2338.58 44051.7
1684149192 130.15 56.85 2366.15 44215.9
1684149202 129.76 56.93 17414.4 45237.7
1684149212 130.32 56.85 2314.09 43539.8
1684149222 130.94 56.85 2366.15 46139.7
1684149232 129.97 56.85 2316.34 43582.5
1684149242 129.91 56.85 2338.84 45296.2
1684149252 130.41 56.85 2363.46 43881.4
1684149262 128.01 56.93 15876.7 45933.5
1684149272 130.13 56.85 2313.7 43801.8
1684149282 130.9 56.85 2338.97 46068.4
1684149292 129.71 56.85 2336.31 44814.4
1684149302 131.13 56.85 2316.34 44768.1
1684149312 132.62 56.85 2268.35 44947.6
1684149322 127 56.93 15029.1 43995.7
1684149332 132.14 56.93 2261.75 44035.3
1684149342 131.46 56.85 2243.49 42599.2
1684149352 131.26 56.85 2286.6 45119.6
1684149362 131.17 56.85 2280.35 45203.9
1684149372 131 56.85 2313.7 44829.5
1684149382 123.91 56.93 14421.8 45314.7
1684149392 130.36 56.93 2315.95 43932.3
1684149402 130.29 56.85 2361.56 45168.2
1684149412 130.8 56.85 2338.58 45753.2
1684149422 130.45 56.85 2316.34 44737.3
1684149432 130.32 56.85 2338.97 45176.7
1684149442 130.12 56.85 2363.46 44903.8
1684149452 129.76 56.93 16378.6 46007.8
1684149462 130.35 56.85 2292.61 45936.2
1684149472 130 56.85 2314.23 44519.6
1684149482 130.71 56.85 2313.7 45784.3
1684149492 130.01 56.85 2315 44781.5
1684149502 131.09 56.85 2324.15 44544.4
1684149512 127.24 56.93 15898.1 45541.2
1684149522 130.7 56.93 2338.58 45174
1684149532 130.42 56.85 2314.09 46028.8
1684149542 130.71 56.85 2338.58 45829.3
1684149552 131.62 56.85 2359.26 45812.2
1684149562 130.8 56.85 2313.7 45285.9
1684149572 123.73 56.93 15082.5 44352.5
1684149582 131.26 56.93 2311.46 45440.4
1684149592 131.1 56.85 2317.2 45980.9
1684149602 129.83 56.85 2316.07 44813.1
1684149612 129.76 56.85 2325.41 45096.8
1684149622 130.35 56.85 2341.25 45273.2
1684149632 130.03 56.85 2365.35 45428.7
1684149642 126.73 56.93 16316 46127.1
1684149652 130.98 56.93 2336.31 45777.1
1684149662 130.94 56.85 2316.34 45135.8
1684149672 129.93 56.85 2288.82 44765.8
1684149682 129.65 56.85 2316.45 44902.4
1684149692 130.51 56.85 2313.7 45092.7
1684149702 130.32 56.85 2338.97 45692.1
1684149712 127.5 56.93 17151.4 44967.9
1684149722 130.35 56.85 2291.44 45375.1
1684149732 129.84 56.85 2291.43 45177.3
1684149742 130.93 56.85 2344.36 46501.9
1684149752 131.62 56.85 2340.86 46068.1
1684149762 130.32 56.85 2314.09 45548.3
1684149772 126.24 56.93 15227.2 45532.4
1684149782 130.42 56.93 2314.09 44810.5
1684149792 130.45 56.85 2315.95 45331.5
1684149802 131.35 56.85 2318.6 45827.5
1684149812 129.97 56.85 2316.34 44751
1684149822 130.84 56.85 2341.25 46187.9
1684149832 125.97 56.93 14655.3 44621.8
1684149842 129.92 56.93 2288.82 45159.2
1684149852 130.35 56.85 2341.25 45824.5
1684149862 130.41 56.85 2288.82 45780.4
1684149872 129.65 56.85 2316.45 44771.1
1684149882 129.9 56.85 2345.23 45402.9
1684149892 130.41 56.85 2338.97 45661
1684149902 129.54 56.93 17015 45553.3
1684149912 130.22 56.85 2363.85 45516.4
1684149922 130.61 56.85 2338.58 45997.3
1684149932 131.09 56.85 2341.09 45694.3
1684149942 130.35 56.85 2340.86 45533.8
1684149952 130.94 56.85 2366.15 45891.4
1684149962 124.73 56.93 15941.2 46191.6
1684149972 130.84 56.93 2341.25 46025.7
1684149982 130.52 56.85 2314.09 45857.7
1684149992 129.93 56.85 2313.7 45407.6
1684150002 129.64 56.85 2316.45 45219.6
1684150012 130.71 56.85 2351.02 45633.4
1684150022 129.93 56.85 2338.97 45401.4
1684150032 126.63 56.94 16726.5 45972
1684150042 130.25 56.86 2341.25 45761.9
1684150052 130.36 56.86 2309.21 45663.2
1684150062 129.72 56.86 2338.84 45634.2
1684150072 130.33 56.86 2338.58 45706.9
1684150082 131 56.86 2351.87 45472.9
1684150092 129.94 56.86 2314.87 45851.5
1684150102 129.94 56.93 17317 45702.6
1684150112 130.88 56.85 2361.17 45444.3
1684150122 130.29 56.85 2336.7 45471.1
1684150132 130.64 56.85 2365.76 46080.9
1684150142 130.51 56.85 2363.85 46103.8
1684150152 130.81 56.85 2363.85 46374.3
1684150162 126.99 56.93 15984.5 46275.3
1684150172 130.94 56.93 2341.25 45967.7
1684150182 130.69 56.85 2311.46 45014.8
1684150192 130.9 56.85 2314.09 45489.6
1684150202 130.64 56.85 2315.95 45258.8
1684150212 129.9 56.85 2336.7 45241.2
1684150222 130.31 56.85 2328.09 45935.1
1684150232 130.13 56.93 17330.2 46318
1684150242 130.32 56.85 2338.58 45781.5
1684150252 130.22 56.85 2314.09 45840.6
1684150262 131.09 56.85 2322.78 45295
1684150272 130.22 56.85 2338.97 45253.3
1684150282 129.74 56.85 2290.76 45250.5
1684150293 88.64 56.91 14979.8 24299.5

Execution duration: 00:33:42.42
