1684163420 119.38 56.83 6.2 310.08
1684163421 118.32 56.83 0 27.48
1684163422 122.9 56.83 0 0
1684163423 122.14 56.83 0 0
1684163424 118.46 56.83 0 0
1684163425 123.45 56.83 0 0
1684163426 124.22 56.83 0 0
1684163427 125.58 56.83 0 0
1684163428 126.52 56.91 0 0
1684163429 127.13 56.83 0 0
1684163430 130.47 56.83 0 0
1684163431 127.34 56.83 0 0
1684163432 132.03 56.83 0 0
1684163433 128.12 56.83 0 0
1684163434 124.03 56.83 0 0
1684163435 129.01 56.83 0 0
1684163436 133.59 56.83 0 0
1684163437 117.56 56.83 0 0
1684163438 115.69 56.83 0 0
1684163439 130.47 56.83 0 0
1684163440 130.47 56.83 0 0
1684163441 124.43 56.91 1474.81 2400
1684163442 26.62 56.91 515.11 2425.9

Execution duration: 00:00:26.26
