1684155090 118.75 56.83 3.12 281.25
1684155091 122.83 56.83 0 28.35
1684155092 121.71 56.83 0 0
1684155093 121.6 56.83 0 0
1684155094 128.12 56.83 0 0
1684155095 117.69 56.83 0 0
1684155096 124.03 56.83 0 0
1684155097 125.98 56.91 0 0
1684155098 118.25 56.91 0 0
1684155099 119.18 56.83 0 0
1684155100 119.53 56.83 0 0
1684155101 112.93 56.83 0 0
1684155102 118.46 56.83 0 0
1684155103 123.44 56.83 0 0
1684155104 123.08 56.83 0 0
1684155105 130.47 56.83 0 0
1684155106 120.93 56.83 0 0
1684155107 130.16 56.83 0 0
1684155108 121.71 56.83 0 0
1684155109 129.13 56.83 0 0
1684155110 125.98 56.83 0 0
1684155111 120.61 56.91 1221.37 1395.42
1684155112 23.26 56.91 381.4 3689.92

Execution duration: 00:00:26.26
