1684112315 118.46 56.88 0 27.69
1684112316 118.75 56.96 0 28.12
1684112317 116.92 56.88 0 0
1684112318 123.81 56.88 0 0
1684112319 123.62 56.88 0 0
1684112320 122.05 56.88 0 0
1684112321 116.92 56.88 0 0
1684112322 118.31 56.88 0 0
1684112323 124 56.88 0 0
1684112324 121.54 56.88 0 0
1684112325 122.48 56.88 0 0
1684112326 117.69 56.88 0 0
1684112327 120 56.88 0 0
1684112328 122.83 56.88 0 0
1684112329 127.91 56.88 0 0
1684112330 124.6 56.88 0 0
1684112331 120.16 56.88 0 0
1684112332 126.77 56.88 0 0
1684112333 124.81 56.88 0 0
1684112334 113.85 56.96 1344.62 1430.77
1684112335 25.58 56.96 756.59 4179.84

Execution duration: 00:00:24.24
