1684110138 167.54 56.96 0 0
1684110143 161.9 56.96 5.95 46.1
1684110148 145.98 56.96 0 0
1684110153 100 56.88 0 0
1684110158 100.57 56.96 0 0
1684110163 100.76 56.88 0 0
1684110168 100 56.88 0 0
1684110173 100.57 56.88 0 135.36
1684110178 99.62 56.88 0 0
1684110183 100.38 56.88 0 0
1684110188 100.57 56.88 0 0
1684110193 100.38 56.88 0 0
1684110198 100.38 56.88 0 0
1684110203 100.38 56.88 0 0
1684110208 100.38 56.88 0 0
1684110213 100.38 56.88 0 0
1684110218 100.38 56.88 0 0
1684110223 100.57 56.88 0 0
1684110228 100.38 56.88 0 0
1684110233 100.38 56.88 0 0
1684110238 8.37 56.96 0 0

Execution duration: 00:01:44.44
