1684150697 132.26 56.94 2336.63 41510.6
1684150707 129.64 56.86 2289.6 41051.9
1684150717 130.68 56.86 2315.77 45231.9
1684150727 131.36 56.86 2366.22 44558.8
1684150737 130.94 56.86 2340.86 44404.7
1684150747 124.07 56.93 14267.2 43997.7
1684150757 130.9 56.85 2338.58 44374.3
1684150767 130.61 56.85 2314.09 43570.5
1684150777 130.02 56.85 2338.58 43603.5
1684150787 130.44 56.85 2316.34 44010.1
1684150797 129.74 56.85 2317.61 43581.1
1684150807 122.84 56.93 14023.7 43832.8
1684150817 130.62 56.93 2413.22 43912.9
1684150827 130.7 56.85 2338.97 44030.3
1684150837 130.85 56.85 2334.04 44253.3
1684150847 130.51 56.85 2338.97 44096
1684150857 129.84 56.85 2316.07 43032.5
1684150867 130.39 56.85 2336.7 44224.5
1684150877 125.08 56.93 16011.3 43660.6
1684150887 130.28 56.85 2320.93 43255.2
1684150897 130.17 56.85 2309.6 43575.9
1684150907 131.09 56.85 2338.58 44449.8
1684150917 130.35 56.85 2341.25 43044
1684150927 130.82 56.85 2331.78 44466.7
1684150937 130.9 56.85 2363.85 44576.1
1684150947 127.49 56.93 16824.9 43686.7
1684150957 130.22 56.85 2314.09 44199.8
1684150967 130.22 56.85 2316.07 45628.5
1684150977 130.15 56.85 2316.34 43108.9
1684150987 131 56.85 2338.58 44398.8
1684150997 129.9 56.85 2345.62 43566.4
1684151007 129.93 56.85 2347.49 42997.3
1684151017 129.2 56.93 17568.6 43592.6
1684151027 130.26 56.85 2365.76 44200.8
1684151037 130.81 56.85 2332.17 43696.9
1684151047 130.3 56.85 2361.17 43855.5
1684151057 130.51 56.85 2338.97 44899.9
1684151067 130.42 56.85 2366.96 44607.2
1684151077 122.33 56.93 15850.5 43843.5
1684151087 130.41 56.85 2338.97 43683.6
1684151097 130.8 56.85 2338.58 44209.5
1684151107 131.46 56.85 2338.25 43964.7
1684151117 130.94 56.85 2291.05 43638.9
1684151127 131.09 56.85 2314.09 43416.1
1684151137 129.54 56.85 2322.78 43465.6
1684151147 124.29 56.93 16051.3 44503.4
1684151157 130.04 56.85 2322.23 42964
1684151167 131.07 56.85 2336.7 43541.4
1684151177 130.29 56.85 2343.14 43765.9
1684151187 130.87 56.85 2343.53 44673.8
1684151197 130.35 56.85 2358.87 43666.3
1684151207 123.33 56.93 14260.4 44045.1
1684151217 130.58 56.85 2289.23 45110.8
1684151227 130.49 56.85 2311.85 43453.2
1684151237 130.87 56.85 2361.17 44056.3
1684151247 130.26 56.85 2341.25 43920.6
1684151257 130.32 56.85 2390.28 43754.3
1684151267 131.14 56.85 2365.76 43984.8
1684151277 126.34 56.93 16403.9 44331.6
1684151287 130.68 56.85 2311.46 43803.1
1684151297 130.51 56.85 2338.97 43813
1684151307 130.42 56.85 2338.58 43837.9
1684151317 130.29 56.85 2361.56 43598.8
1684151327 130.71 56.85 2346.35 44756.1
1684151337 130.64 56.85 2316.34 44658
1684151347 128.82 56.93 16968.3 42331.1
1684151357 130.01 56.85 2305.13 43704.9
1684151367 130.07 56.85 2315.95 43234.6
1684151377 130.71 56.85 2338.97 44735.1
1684151387 129.96 56.85 2315.95 43433.8
1684151397 130.7 56.85 2340.52 44337.8
1684151407 122.81 56.93 15642.1 42884.6
1684151417 129.52 56.85 2314.23 42980.8
1684151427 130.65 56.85 2334.04 44313.1
1684151437 130.51 56.85 2289.21 43416.5
1684151447 130.03 56.85 2341.09 44013.1
1684151457 130.99 56.85 2363.46 44611.1
1684151467 129.9 56.85 2339.81 43501
1684151477 124.42 56.93 16462.3 43700.8
1684151487 130.28 56.85 2336.7 43641.6
1684151497 131.13 56.85 2340.86 44011.3
1684151507 129.93 56.85 2314.09 44248.4
1684151517 130.96 56.85 2361.17 44155.7
1684151527 130.71 56.85 2338.97 44049
1684151537 130.22 56.85 2313.7 43581.3
1684151547 128.11 56.93 16551.7 44940.5
1684151557 128.9 56.85 2313.68 42307.5
1684151567 130.93 56.85 2316.34 44058
1684151577 130.55 56.85 2315.95 44127.2
1684151587 129.75 56.85 2356.98 43415.5
1684151597 130.25 56.85 2340.86 44530.7
1684151607 122.26 56.93 15409.1 43447.2
1684151617 129.9 56.85 2289.23 44600
1684151627 129.91 56.85 2289.61 44633.5
1684151637 129.44 56.85 2323.17 43152.1
1684151647 130.58 56.85 2339.42 43943.7
1684151657 129.91 56.85 2338.84 43630.4
1684151667 130.61 56.85 2363.46 43951.4
1684151677 127.87 56.93 16094.4 43334
1684151687 130.32 56.85 2313.7 43762.5
1684151697 130.22 56.85 2291.81 45401
1684151707 129.47 56.85 2300.29 43034.6
1684151717 130.45 56.85 2316.34 44519.8
1684151727 130.8 56.85 2313.7 43928.9
1684151737 126.53 56.93 15392 43029.3
1684151747 130.64 56.85 2340.86 44295.7
1684151757 131.04 56.85 2319.45 44156.4
1684151767 131.19 56.85 2338.58 43633.4
1684151777 130.35 56.85 2316.34 44159.9
1684151787 130.42 56.85 2316.07 45146.5
1684151797 124.97 56.93 14969.1 43557.6
1684151807 130.35 56.85 2315.95 43239.3
1684151817 130.49 56.85 2336.7 44060.6
1684151827 130.12 56.85 2314.09 43720.5
1684151837 130.41 56.85 2313.7 43738.8
1684151847 129.65 56.85 2316.45 43534.2
1684151857 123.43 56.93 14595.9 44200.6
1684151867 130.45 56.85 2341.25 43395.7
1684151877 130.9 56.85 2343.24 44292.3
1684151887 130.32 56.85 2314.09 43532.4
1684151897 130.74 56.85 2340.86 43824.9
1684151907 131.19 56.85 2339.75 44594.8
1684151917 132.17 56.85 2349.85 43378.8
1684151927 128.54 56.93 16457.9 43604.7
1684151937 130.8 56.85 2338.58 44549.3
1684151947 129.87 56.85 2316.34 43998.4
1684151957 130.16 56.85 2340.86 44017.5
1684151967 130.64 56.85 2341.25 44747.9
1684151977 130.8 56.85 2338.58 44466.1
1684151987 125.04 56.93 15674.2 43322.7
1684151997 130.52 56.85 2338.97 43822.7
1684152008 129.74 56.85 2319.15 44013.5
1684152017 130.74 56.85 2366.15 44206.2
1684152027 130.04 56.85 2356.59 43640.3
1684152037 130.38 56.85 2386.41 44070.7
1684152047 131.19 56.85 2363.46 44463
1684152057 128.96 56.93 17012.6 43677.4
1684152067 130.39 56.85 2336.31 44049.7
1684152077 130.42 56.85 2363.85 43464.7
1684152087 131.02 56.85 2340.86 44810.9
1684152097 130.68 56.85 2336.7 43648.5
1684152107 130.97 56.85 2311.46 43485.4
1684152118 121.83 56.93 15468.8 44111.1
1684152127 130.49 56.93 2410.87 44373.2
1684152137 130.94 56.85 2316.34 44097.3
1684152147 130.22 56.85 2291.93 44463.4
1684152157 130.45 56.85 2316.34 44259.5
1684152167 130.43 56.85 2331.78 44038.4
1684152177 130.51 56.85 2338.97 43491.2
1684152187 128.28 56.93 15924.2 43168.5
1684152197 130.19 56.85 2286.6 45448.9
1684152207 129.83 56.85 2264.34 42995.1
1684152218 129.55 56.85 2316.07 45077.6
1684152227 130.25 56.85 2341.25 45020.2
1684152237 130.13 56.85 2338.58 43898.9
1684152247 129.06 56.93 15387.4 44586.2
1684152257 130.62 56.85 2338.58 44806.6
1684152267 130.16 56.85 2316.34 44042
1684152277 130.64 56.85 2340.86 44353.3
1684152287 131.45 56.85 2336.7 43079.2
1684152297 130.09 56.85 2336.31 43758.4
1684152308 123.65 56.93 15356.9 45476.5
1684152317 129.94 56.85 2334.88 43245.3
1684152328 130.1 56.85 2314.23 45492.7
1684152337 130.02 56.85 2338.58 42989.7
1684152347 130.61 56.85 2363.85 44405.8
1684152357 130.51 56.85 2338.97 43790.9
1684152368 129.67 56.85 2318.3 44326.4
1684152378 126.72 56.93 16454 44205.6
1684152388 129.9 56.85 2313.85 45356.5
1684152397 130.58 56.85 2311.85 45568.2
1684152407 129.91 56.85 2311.46 43748.3
1684152417 130.42 56.85 2363.85 44178.8
1684152427 130.12 56.85 2338.58 43283.2
1684152438 130 56.85 2314.23 44936.9
1684152447 128.66 56.93 17398.2 43928.9
1684152457 130.45 56.85 2341.25 43777.4
1684152468 129.65 56.85 2291.43 45701.6
1684152477 130.25 56.85 2316.34 43610.1
1684152488 130.86 56.85 2323.63 45793.6
1684152497 130.07 56.85 2312.7 43487.5
1684152508 123.1 56.93 15548.4 44865.1
1684152517 130.32 56.85 2338.97 44632.1
1684152527 130.02 56.85 2338.58 43175.9
1684152537 130.84 56.85 2341.25 45286.8
1684152547 130.8 56.85 2363.85 45833.6
1684152557 129.64 56.85 2338.58 43579.4
1684152567 130.33 56.85 2338.97 45478.7
1684152578 127.81 56.93 16485 44506.6
1684152588 130.23 56.85 2291.81 45293.9
1684152597 129.83 56.85 2288.82 44078.5
1684152607 130.7 56.85 2338.97 45275.8
1684152618 130.09 56.85 2336.31 44464.1
1684152627 130.41 56.85 2338.97 43737.2
1684152637 124.29 56.93 15638.1 45862
1684152647 130.13 56.85 2314.09 45244.7
1684152657 130.51 56.85 2313.7 45316.6
1684152668 129.93 56.85 2314.09 43423.1
1684152677 130.84 56.85 2365.76 46223.3
1684152687 129.67 56.85 2319.45 43815.9
1684152698 130.13 56.85 2316.07 44423.9
1684152708 58.21 56.91 15170.8 12704.4

Execution duration: 00:33:39.39
