1684170694 119.69 56.83 3.15 283.46
1684170695 126.77 56.83 3.15 34.65
1684170696 124.03 56.83 0 3.1
1684170697 120.16 56.83 0 0
1684170698 121.37 56.91 0 0
1684170699 120.61 56.83 0 0
1684170700 123.62 56.83 0 0
1684170701 125.19 56.83 0 0
1684170702 121.37 56.83 0 0
1684170703 125.78 56.83 0 0
1684170704 117.14 56.83 0 0
1684170705 120 56.83 0 0
1684170706 120.61 56.83 0 0
1684170707 125.95 56.83 0 0
1684170708 124.6 56.83 0 0
1684170709 129.46 56.83 0 0
1684170710 117.86 56.83 0 0
1684170711 117.36 56.83 0 0
1684170712 116.03 56.83 0 0
1684170713 116.34 56.83 0 0
1684170714 127.48 56.83 0 0
1684170715 124.62 56.83 0 0
1684170716 81.68 56.91 1010.69 1398.47
1684170717 0.79 56.83 0 3401.57

Execution duration: 00:00:26.26
