1684177409 168.44 56.91 0 0
1684177414 165.14 56.91 6.1 47.24
1684177419 144.57 56.91 0 0
1684177424 100.38 56.83 0 0
1684177429 100.57 56.83 0 0
1684177434 100.76 56.83 0 0
1684177439 100 56.83 0 0
1684177444 100.19 56.83 0 0
1684177449 100.19 56.83 0 0
1684177454 100 56.83 0 0
1684177459 101.14 56.83 3.04 111.03
1684177464 99.62 56.83 0 0
1684177469 100.19 56.83 0 0
1684177474 100.38 56.83 0 0
1684177479 100.76 56.83 0 0
1684177484 99.81 56.83 0 0
1684177489 100.38 56.83 0 0
1684177494 100.38 56.83 0 0
1684177499 100.38 56.83 0 0
1684177504 100.57 56.91 0 0
1684177509 6.27 56.91 0 0

Execution duration: 00:01:44.44
