1684168422 118.46 56.83 0 1083.08
1684168423 122.83 56.83 0 176.38
1684168424 122.31 56.83 0 615.38
1684168425 125.2 56.83 0 629.92
1684168426 124.81 56.83 3.1 229.46
1684168427 121.54 56.83 0 27.69
1684168428 122.48 56.91 0 0
1684168429 121.37 56.83 0 0
1684168430 112.84 56.83 0 0
1684168431 121.13 56.83 0 0
1684168432 127.56 56.83 0 0
1684168433 125.98 56.83 0 0
1684168434 126.52 56.83 0 0
1684168435 123.66 56.83 0 0
1684168436 120.61 56.83 0 0
1684168437 133.86 56.83 0 0
1684168438 128.12 56.83 0 0
1684168439 130.71 56.83 0 0
1684168440 129.01 56.83 0 0
1684168441 123.08 56.83 0 0
1684168442 124.22 56.83 0 0
1684168443 140 56.83 52.31 203.08
1684168444 77.86 56.91 1126.72 4683.97

Execution duration: 00:00:26.26
