1684085571 100.57 56.88 0 0
1684085576 100.37 56.96 6.65 45.1
1684085581 100.38 56.88 0 0
1684085586 100.38 56.88 0 0
1684085591 100.38 56.88 0 0
1684085596 100.19 56.88 0 0
1684085601 100.38 56.88 0 0
1684085606 100.38 56.88 0 0
1684085611 100.57 56.88 0 0
1684085616 100.38 56.88 0 0.76
1684085621 100.95 56.88 0 98.86
1684085626 100 56.88 0 0
1684085631 100.57 56.88 0 0
1684085636 100.76 56.88 0 0
1684085641 100.38 56.88 0 0
1684085646 100.95 56.88 0 0
1684085651 100.95 56.88 0 0
1684085656 100.38 56.88 0 0
1684085661 100.38 56.88 0 0
1684085666 100.38 56.88 0 0
1684085671 100.38 56.88 0 0
1684085676 100.57 56.88 0 0
1684085681 100.57 56.88 0 0
1684085686 100.38 56.88 0 0
1684085691 100.19 56.88 0 0
1684085696 100.19 56.88 0 0
1684085701 100.57 56.88 0 0
1684085706 101.33 56.88 0 0
1684085711 100.19 56.88 0 0
1684085716 100.57 56.88 0 0
1684085721 100.57 56.88 0 0
1684085726 65.02 56.96 0 0.76

Execution duration: 00:02:42.42
