1684096255 131.46 56.99 2325.05 41456.3
1684096265 131.09 56.91 2339.36 45313.9
1684096275 131.48 56.91 2341.69 45902.4
1684096285 131.26 56.91 2346.65 46504.4
1684096295 131.71 56.99 2343.97 46302.7
1684096305 124.16 56.98 14223 45249.1
1684096315 130.42 56.98 2290.76 45712.7
1684096325 130.42 56.9 2341.09 44467.4
1684096335 131.42 56.9 2365.76 46137.3
1684096345 130.97 56.9 2343.53 46020.6
1684096355 131.52 56.9 2340.86 45594.2
1684096365 123.71 56.98 14123.2 45465.9
1684096375 130.74 56.98 2340.86 45928
1684096385 131.01 56.9 2326.95 45031.1
1684096395 130.54 56.9 2315.95 45791.4
1684096405 131.04 56.9 2341.25 45574.3
1684096415 129.86 56.9 2318.3 44361.5
1684096425 131.55 56.9 2368.45 46277.7
1684096435 126.04 56.98 16156.3 45871.7
1684096445 131.52 56.98 2340.86 46266.5
1684096455 130.77 56.9 2338.25 46057.9
1684096465 131.1 56.9 2363.46 46309.8
1684096475 130.74 56.9 2366.15 46320.2
1684096485 130.93 56.9 2365.76 46242.8
1684096495 130.35 56.9 2341.25 46119.8
1684096505 128.99 56.98 17090.3 46032.7
1684096515 129.74 56.98 2316.45 43141.9
1684096525 130.91 56.9 2338.58 46626.6
1684096535 130.61 56.9 2363.85 45319.7
1684096545 131.28 56.9 2363.46 45792
1684096555 131.29 56.9 2338.97 45377.7
1684096565 122.69 56.98 15616 45441.5
1684096575 129.96 56.98 2318.69 43618.9
1684096585 131.2 56.9 2340.13 45406
1684096595 131.03 56.9 2341.25 45254.1
1684096605 130.25 56.9 2341.25 45934.6
1684096615 130.77 56.9 2343.14 45466.8
1684096625 130.18 56.9 2320.93 44294.7
1684096635 122.84 56.98 15973 42971.1
1684096645 131.33 56.98 2366.15 45999.6
1684096655 130.94 56.9 2340.86 45067.7
1684096665 130.61 56.9 2340.52 45372.2
1684096675 131.13 56.9 2340.86 45727.6
1684096685 130.3 56.9 2323.17 43764.1
1684096695 130.74 56.9 2340.86 46096.9
1684096705 125.58 56.98 16342.4 45864.2
1684096715 129.66 56.98 2300.29 44196.7
1684096725 130.44 56.9 2318.69 43778.8
1684096735 130.84 56.9 2340.86 45598.8
1684096745 130.52 56.9 2338.97 45027.8
1684096755 131.13 56.9 2340.86 46033.8
1684096765 124.7 56.98 14523.4 46062.3
1684096775 131.25 56.98 2318.21 45330.5
1684096785 130.71 56.9 2338.97 44955.1
1684096795 130.61 56.9 2338.97 45054.6
1684096805 130.48 56.9 2329.53 45212
1684096815 131.62 56.9 2366.15 46705.1
1684096825 131.19 56.9 2363.46 45711.9
1684096835 127.07 56.98 16660.2 44907.9
1684096845 130.47 56.98 2320.54 43773.6
1684096855 130.84 56.9 2316.34 45697.7
1684096865 130.91 56.9 2338.58 45980.2
1684096875 130.45 56.9 2341.25 45290.7
1684096885 131.13 56.9 2342.42 45553.7
1684096895 122.37 56.98 15021 45338.1
1684096905 131.17 56.98 2403.87 44424.4
1684096915 130.23 56.98 2314.09 45589.5
1684096925 131.03 56.9 2340.86 46505.8
1684096935 130.91 56.9 2338.97 46031.1
1684096945 130.93 56.9 2340.86 46233.8
1684096955 130.74 56.9 2342.81 45920.6
1684096965 125.75 56.98 16035.4 45019.6
1684096975 131.18 56.98 2316.07 42909.3
1684096985 130.32 56.9 2314.09 44689.2
1684096995 130.75 56.9 2340.86 46402.7
1684097005 130.65 56.9 2341.25 45925.3
1684097015 130.7 56.9 2363.46 45876.8
1684097025 131.13 56.9 2341.25 45151.8
1684097035 125.87 56.98 16810.9 44827.6
1684097045 130.69 56.98 2323.17 44781.5
1684097055 130.91 56.9 2338.58 45168.9
1684097065 130.6 56.9 2338.97 46568.7
1684097075 130.65 56.9 2365.76 45680.2
1684097085 129.77 56.9 2343.36 43490.6
1684097095 130.27 56.9 2345.84 43428.2
1684097105 130.05 56.98 17153.7 45791.8
1684097115 129.94 56.98 2316.07 43116.1
1684097125 130.45 56.9 2342.81 45750.2
1684097135 130.94 56.9 2366.15 46126.5
1684097145 130.64 56.9 2340.86 45939.3
1684097155 130.54 56.9 2318.69 43696.7
1684097165 123.92 56.98 15895.3 45677.4
1684097175 129.74 56.98 2341.09 43163
1684097185 131.03 56.9 2340.86 46442
1684097195 130.77 56.9 2361.56 45722.7
1684097205 131.1 56.98 2363.46 46640.6
1684097215 130.74 56.9 2366.15 45657.6
1684097225 122.98 56.98 14472.4 46468.6
1684097235 130.87 56.98 2343.53 45799.4
1684097245 130.7 56.9 2338.58 45633
1684097255 130.81 56.9 2338.97 45634.2
1684097265 130.61 56.9 2313.7 45890.8
1684097275 130.64 56.9 2341.25 45538.5
1684097285 131.03 56.9 2315.95 46115.2
1684097295 128.78 56.98 15983.1 43081
1684097305 130.74 56.98 2341.25 46277.8
1684097315 130.9 56.9 2313.7 46157.8
1684097325 130.8 56.9 2343.63 46212.2
1684097335 130.62 56.9 2338.58 45683.6
1684097345 130.06 56.9 2318.69 44281.7
1684097355 128.89 56.98 15780.2 45948.2
1684097365 130.26 56.98 2341.25 44541.6
1684097375 131.19 56.9 2363.46 46426.8
1684097385 130.51 56.9 2338.97 45414.2
1684097395 131.1 56.9 2363.46 45705.7
1684097405 130.93 56.9 2341.25 45284.1
1684097415 126.48 56.98 15438.2 44523.8
1684097425 130.64 56.98 2341.25 45619.1
1684097435 130.93 56.9 2340.86 45062.7
1684097445 130.9 56.9 2365.4 46414
1684097455 130.22 56.9 2338.58 45803.7
1684097465 130.16 56.9 2345.67 43948.8
1684097475 125.05 56.98 15075.3 44253.6
1684097485 130.84 56.98 2340.86 45471.2
1684097495 130.93 56.9 2366.15 45060.7
1684097505 131.13 56.9 2340.86 46097.7
1684097515 130.51 56.9 2338.97 44918.6
1684097525 130.83 56.9 2340.86 45450.2
1684097535 131.04 56.9 2316.34 44891.1
1684097545 128.44 56.98 16479.3 43637.1
1684097555 130.32 56.98 2338.97 45333.3
1684097565 131.19 56.9 2363.46 46217.7
1684097575 131 56.9 2365.4 46166
1684097585 130.67 56.9 2343.14 45529.9
1684097595 130.26 56.9 2341.25 45136.2
1684097605 124.32 56.98 15584.4 45843.2
1684097615 131.03 56.98 2341.25 45513.6
1684097625 130.9 56.9 2363.46 45660.6
1684097635 130.64 56.9 2366.15 46118.7
1684097645 131.07 56.9 2368.45 45401.8
1684097655 131.26 56.9 2368.45 46711.2
1684097665 131.1 56.9 2338.97 46121.7
1684097675 125.83 56.98 16435.5 43522.2
1684097685 130.8 56.98 2314.09 45364
1684097695 129.95 56.9 2300.29 43550.9
1684097705 131.23 56.9 2341.25 46266.9
1684097715 130.32 56.9 2338.58 45476
1684097725 130.7 56.9 2342.08 45411.9
1684097735 123.92 56.98 14694.2 45740.9
1684097745 131.04 56.98 2309.6 44130.8
1684097755 130 56.9 2286.6 44326.2
1684097765 130.54 56.9 2341.25 45287.9
1684097775 131.26 56.9 2343.14 46017.9
1684097785 130.64 56.9 2343.36 43052.8
1684097795 124.58 56.99 14118.2 44954.3
1684097805 131.7 56.99 2318.69 43260.9
1684097815 131.85 56.91 2311.85 44699.8
1684097825 132.62 56.91 2311.85 45364.7
1684097835 131.49 56.91 2338.97 44988.5
1684097845 132.3 56.91 2340.86 45761.5
1684097855 131.64 56.91 2314.23 43443.8
1684097865 127.59 56.98 16491 44276
1684097875 131.07 56.98 2343.53 44978.8
1684097885 129.93 56.9 2315.25 45084.6
1684097895 130.9 56.9 2363.85 45428.2
1684097905 130.7 56.9 2363.46 44964.8
1684097915 130.87 56.9 2361.56 43806.6
1684097925 123.05 56.98 15402.3 45024.1
1684097935 131 56.98 2338.97 45156.8
1684097945 130.51 56.9 2313.7 44722.2
1684097955 130.71 56.9 2338.97 45282.4
1684097965 131.06 56.9 2361.17 44941
1684097975 130.8 56.9 2363.85 44953.9
1684097985 131.29 56.9 2363.85 44991.2
1684097995 125.83 56.98 16288.1 43424.1
1684098005 131.43 56.98 2334.43 44351.9
1684098015 130.31 56.9 2313.7 43430.9
1684098025 130.67 56.9 2336.7 43871.8
1684098035 130.91 56.9 2338.58 45241.2
1684098045 131 56.9 2363.85 44689.6
1684098055 131.42 56.9 2365.76 45398.4
1684098065 128.67 56.98 16968.7 44139.2
1684098075 131 56.98 2316.81 43947.5
1684098085 130.51 56.9 2316.45 43208.1
1684098095 130.6 56.9 2338.58 43945.2
1684098105 130.32 56.9 2341.09 43515.7
1684098115 130.52 56.9 2338.58 43853.4
1684098125 126.51 56.98 15562.3 43635.3
1684098135 130.7 56.98 2338.97 43996.5
1684098145 130.61 56.9 2338.58 44225.8
1684098155 130.94 56.9 2341.25 44103.5
1684098165 130.87 56.9 2311.46 44554.6
1684098175 130.22 56.9 2341.09 43194.6
1684098185 130.41 56.9 2338.58 43565
1684098195 129.06 56.98 16960.2 44287.7
1684098205 130.17 56.98 2327.27 43073.5
1684098215 131.27 56.9 2361.56 44153
1684098225 130.45 56.9 2358.87 43354.4
1684098235 130.78 56.9 2386.41 45009.7
1684098245 131.17 56.9 2361.56 43685.4
1684098255 100.87 56.96 15082.7 27017.9

Execution duration: 00:33:33.33
