1684132633 119.23 56.84 3.08 30.77
1684132634 122.22 56.84 0 3.17
1684132635 124.43 56.84 0 0
1684132636 122.31 56.92 0 0
1684132637 122.14 56.92 0 0
1684132638 118.32 56.84 0 0
1684132639 123.62 56.84 0 0
1684132640 122.9 56.84 0 0
1684132641 120.93 56.84 0 0
1684132642 120.61 56.84 0 0
1684132643 123.44 56.84 0 0
1684132644 128.35 56.84 0 0
1684132645 121.54 56.84 0 0
1684132646 121.09 56.84 0 0
1684132647 129.46 56.84 0 0
1684132648 124.62 56.84 0 0
1684132649 124.62 56.84 0 0
1684132650 125.95 56.84 0 0
1684132651 127.69 56.84 0 0
1684132652 120.31 56.84 0 0
1684132653 121.37 56.92 1306.87 1361.83
1684132654 36.64 56.92 851.91 4140.46

Execution duration: 00:00:25.25
