1684145513 99.43 56.83 89.06 0
1684145517 100.38 56.91 3.04 58.44
1684145523 99.26 56.83 0 0
1684145527 100.57 56.83 0 0
1684145533 99.44 56.83 0 0
1684145537 100.19 56.83 0 0
1684145542 100.38 56.83 0 0
1684145547 100.57 56.83 0 0.76
1684145552 100.57 56.83 0 171.1
1684145557 100.38 56.83 0 0
1684145562 101.33 56.83 0 0
1684145568 99.81 56.83 0 0
1684145572 101.14 56.83 0 0
1684145577 100.38 56.83 0 0
1684145582 100.38 56.83 0 0
1684145587 100.19 56.83 0 0
1684145592 100.57 56.83 0 0
1684145597 100.38 56.83 0 0
1684145602 100.38 56.83 0 0
1684145607 100.19 56.83 0 0
1684145612 100.57 56.83 0 0
1684145617 100.38 56.83 0 0
1684145622 100.57 56.83 0 0
1684145627 101.14 56.83 0 0
1684145632 100.19 56.83 0 0
1684145637 101.14 56.83 0 0
1684145642 100.19 56.83 0 0
1684145647 100.19 56.83 0 0
1684145652 100.38 56.83 0 0
1684145657 100.38 56.83 0 0
1684145663 100.19 56.83 0 0
1684145667 100.38 56.83 0 0
1684145673 100.38 56.83 0 0
1684145677 100.38 56.83 0 0
1684145683 100.38 56.83 0 0
1684145688 100.38 56.83 0 0
1684145693 100.38 56.83 0 0
1684145698 100.57 56.91 0 0
1684145703 100.19 56.83 0 0
1684145708 100.19 56.83 0 0
1684145713 100.57 56.83 0 0
1684145718 100.38 56.83 0 0
1684145723 100.57 56.83 0 0
1684145728 100.38 56.83 0 0
1684145733 100.38 56.83 0 0
1684145738 100.38 56.83 0 0
1684145743 100.19 56.83 0 0
1684145748 100.38 56.83 0 0
1684145753 100.19 56.83 0 0
1684145758 100.38 56.83 0 0
1684145763 100.38 56.83 0 0
1684145768 100.19 56.83 0 0
1684145773 100.19 56.83 0 0
1684145778 100.19 56.83 0 0
1684145783 100.38 56.83 0 0
1684145788 100.38 56.83 0 0
1684145793 100.19 56.83 0 0
1684145798 100.19 56.83 0 0
1684145803 100.19 56.83 0 0
1684145808 100.19 56.83 0 0
1684145813 100.38 56.83 0 0
1684145818 99.63 56.83 0 0
1684145823 100.38 56.83 0 0
1684145828 100.76 56.83 0 0
1684145833 99.44 56.83 0 0
1684145838 99.62 56.83 0 0
1684145843 100.95 56.83 0 0
1684145848 99.63 56.83 0 0
1684145853 101.33 56.83 0 0
1684145858 100.57 56.83 0 0
1684145863 99.62 56.83 0 0
1684145868 100.38 56.83 0 0
1684145873 100.19 56.83 0 0
1684145878 100.38 56.83 0 0
1684145883 100.38 56.83 0 0
1684145888 100.38 56.83 0 0
1684145893 100.19 56.83 0 0
1684145898 100.38 56.83 0 0
1684145903 100.19 56.83 0 0
1684145908 100.19 56.83 0 0
1684145913 100.19 56.83 0 0
1684145918 100.38 56.83 0 0
1684145923 100.38 56.83 0 0
1684145928 100.38 56.83 0 0
1684145933 60.53 56.91 40.23 2960.91

Execution duration: 00:07:07.07
