1684118525 118.46 56.87 3.08 30.77
1684118526 118.6 56.95 0 3.1
1684118527 120.31 56.95 0 0
1684118528 119.38 56.87 0 0
1684118529 119.85 56.87 0 0
1684118530 120.16 56.87 0 0
1684118531 123.62 56.87 0 0
1684118532 122.83 56.87 0 0
1684118533 121.54 56.87 0 0
1684118534 124.22 56.87 0 0
1684118535 123.44 56.87 0 0
1684118536 126.77 56.87 0 0
1684118537 120.93 56.87 0 0
1684118538 122.31 56.87 0 0
1684118539 125.78 56.87 0 0
1684118540 121.88 56.87 0 0
1684118541 126.72 56.87 0 0
1684118542 123.62 56.87 0 0
1684118543 126.72 56.87 0 0
1684118544 107.81 56.95 1684.38 3806.25
1684118545 15.38 56.87 0 2366.15

Execution duration: 00:00:24.24
