1684159304 131.75 56.94 2317.91 40692.3
1684159314 131 56.86 2314.48 43358.6
1684159324 130.65 56.86 2317.9 44015.9
1684159334 130.93 56.86 2344.36 44534.6
1684159344 130.67 56.86 2339.42 44494.4
1684159354 123.44 56.93 14292.6 43556
1684159364 131.23 56.93 2326.84 44368.9
1684159374 130.22 56.85 2289.21 42993.2
1684159384 130.55 56.85 2315.95 43533.1
1684159394 130.45 56.85 2341.25 43338.1
1684159404 130.72 56.85 2313.7 44091
1684159414 121.56 56.91 13740.9 43238.5
1684159424 130.26 56.93 16203.5 43482.5
1684159434 130.8 56.85 2343.63 43611.3
1684159444 130.31 56.85 2313.7 43949.5
1684159454 130.71 56.85 2338.97 44002.7
1684159464 130.32 56.85 2313.7 44084
1684159474 130.77 56.85 2361.56 43535.5
1684159484 125.09 56.93 15930.3 43661.9
1684159494 130.07 56.93 2316.34 42975.1
1684159504 130.93 56.85 2315.95 43809.7
1684159514 130.51 56.85 2314.09 43315.4
1684159524 130.06 56.85 2317.9 43545.5
1684159534 130.35 56.85 2340.86 44090.7
1684159544 130.48 56.85 2311.85 43519.6
1684159554 127.31 56.93 16650.7 43995.7
1684159564 131.13 56.93 2341.25 44119.1
1684159574 130.22 56.85 2316.07 42975.6
1684159584 130.49 56.85 2336.7 44336.3
1684159594 130.03 56.85 2313.7 43475.6
1684159604 129.94 56.85 2341.09 44106.6
1684159614 130.71 56.85 2363.46 44018.7
1684159624 129.09 56.93 17394.2 43685.2
1684159634 130.64 56.85 2340.86 43139.7
1684159644 130.61 56.85 2314.09 43883.8
1684159654 130.35 56.85 2315.95 43592.6
1684159664 130.33 56.85 2338.97 44125.2
1684159674 129.96 56.85 2318.3 43509.4
1684159684 130.71 56.85 2338.97 43547.1
1684159694 129.35 56.94 17829.3 43269.6
1684159704 131.23 56.86 2341.25 44488.3
1684159714 130.64 56.86 2317.9 43842
1684159724 130.13 56.86 2342.25 43821.8
1684159734 130.28 56.86 2336.7 43357.7
1684159744 130.71 56.86 2363.46 44458.3
1684159754 123.43 56.93 15842.8 44487.2
1684159764 130.6 56.93 2315.25 43076.4
1684159774 130.94 56.93 2316.34 44173.9
1684159784 130.61 56.85 2313.7 43047.2
1684159794 130.77 56.85 2343.53 43909.6
1684159804 130.8 56.85 2338.58 43837.5
1684159814 122.06 56.93 13961.9 43429.7
1684159824 129.96 56.93 2392.29 42519.5
1684159834 130.84 56.85 2341.25 43744.8
1684159844 130.45 56.85 2340.86 43396.1
1684159854 130.7 56.85 2338.97 44460.2
1684159864 129.91 56.85 2338.46 43470.4
1684159874 130.61 56.85 2338.97 43970.8
1684159884 124.54 56.93 15901.1 43790.9
1684159894 130.8 56.93 2314.09 43756.7
1684159904 130.65 56.85 2316.34 42761.5
1684159914 130.51 56.85 2288.82 43989.9
1684159924 130.55 56.85 2316.34 43378.6
1684159934 130.33 56.85 2315.25 43847.2
1684159944 130.7 56.85 2314.09 44226.6
1684159954 127.53 56.93 16463.1 42690.3
1684159964 130.84 56.85 2316.34 44556.4
1684159974 129.74 56.85 2316.07 43543
1684159984 130.7 56.85 2363.85 43925.8
1684159994 130.42 56.85 2338.58 44415.6
1684160004 130.8 56.85 2340.52 43953
1684160014 122.47 56.93 15375.5 43582.5
1684160024 130.32 56.93 2313.7 43725.2
1684160034 130.41 56.85 2338.97 43198.8
1684160044 131.03 56.85 2340.86 44576.3
1684160054 130.32 56.93 2338.97 43659.9
1684160064 130.65 56.85 2340.86 44231.1
1684160074 130.58 56.85 2318.6 43591
1684160084 123.52 56.93 16073.1 43739.2
1684160094 130.8 56.93 2338.97 44058.3
1684160104 130.59 56.85 2305.13 43090.8
1684160114 130.55 56.85 2262.44 43015.6
1684160124 131.64 56.88 2336.7 43981
1684160134 130.78 56.85 2286.6 43064.5
1684160144 131 56.85 2338.97 44160.9
1684160154 126.34 56.93 16214.6 43859.3
1684160164 130.1 56.93 2314.23 42522.7
1684160174 130.23 56.85 2340.13 44306.3
1684160184 130.96 56.85 2361.56 43837.3
1684160194 130.1 56.85 2286.6 43017.5
1684160204 129.97 56.85 2312 43715.7
1684160214 131.19 56.85 2338.58 44127.1
1684160224 129.54 56.93 17200.4 44033.4
1684160234 130.23 56.85 2338.58 43072.9
1684160244 130.61 56.85 2363.85 43827
1684160254 130.35 56.85 2358.87 43896.8
1684160264 130.64 56.85 2367.71 43821.4
1684160274 131.19 56.85 2365.4 44434.6
1684160284 127.11 56.93 15661.8 43703.4
1684160294 129.8 56.93 2296.24 43471.9
1684160304 130.61 56.85 2313.7 43912.9
1684160314 130.32 56.85 2289.21 43955.7
1684160324 129.62 56.85 2289.23 42678.5
1684160334 130.8 56.85 2314.09 44042.8
1684160344 125.02 56.93 14800 43139.5
1684160354 130.8 56.93 2314.09 43369.9
1684160364 130.41 56.85 2288.82 43547.1
1684160374 131.06 56.85 2288.54 43576.7
1684160384 130.36 56.85 2309.21 43288.8
1684160394 130.26 56.85 2334.43 44371.3
1684160404 123.81 56.93 14421.4 43915.3
1684160414 129.74 56.93 2298.46 42867.2
1684160424 130.44 56.85 2315.95 43282.5
1684160434 130.29 56.93 2311.85 43545.2
1684160444 130.42 56.85 2338.58 44496.4
1684160454 130.19 56.85 2311.85 43186.8
1684160464 130.29 56.85 2311.85 43571.7
1684160474 128.97 56.96 16191.1 43872.5
1684160484 130.51 56.85 2338.97 44050.2
1684160494 130.9 56.85 2341.69 44422.9
1684160504 130.38 56.85 2336.7 44422.1
1684160514 130.97 56.85 2339.42 43654.8
1684160524 131.1 56.85 2369.68 43755.1
1684160534 127.21 56.93 15855 43499.7
1684160544 129.38 56.93 2294.03 43102.1
1684160554 129.62 56.85 2289.23 43332.7
1684160564 130.63 56.85 2332.17 44569.4
1684160574 130.03 56.85 2313.7 43139.8
1684160584 130.61 56.85 2338.97 43931.6
1684160594 122.75 56.94 14967.5 44086.3
1684160604 130.32 56.94 2338.97 44055.2
1684160614 130.65 56.86 2340.86 44040.1
1684160624 130.22 56.86 2314.09 43481.8
1684160634 129.57 56.86 2293.64 43220.4
1684160644 130.63 56.89 2399.22 43320.6
1684160654 130.49 56.86 2354.7 44425.6
1684160664 125.46 56.93 16166.8 43953.3
1684160674 131.13 56.93 2316.34 43426.8
1684160684 130.68 56.85 2286.6 42885.4
1684160694 130.71 56.85 2338.97 43961.5
1684160704 131.13 56.85 2340.86 44251.8
1684160714 130.61 56.85 2314.09 43869
1684160724 130.51 56.85 2288.82 43532
1684160734 127.12 56.93 16862.9 43089.2
1684160744 130.71 56.93 2315.25 43431.7
1684160754 130.12 56.85 2314.09 44094.8
1684160764 131.09 56.88 2313.7 44460.6
1684160774 129.74 56.85 2299.51 42787.3
1684160784 129.67 56.85 2318.3 43105.2
1684160794 124.98 56.93 14887.9 43895.1
1684160804 130.04 56.93 2263.95 43399.8
1684160814 130.9 56.85 2314.09 43778
1684160824 130.51 56.85 2288.82 43444.5
1684160834 129.29 56.85 2269.37 43208.1
1684160844 129.84 56.85 2316.07 43508
1684160854 125 56.93 14306.6 43320.2
1684160864 130 56.93 2311.85 43813.2
1684160874 130.28 56.85 2336.31 43563.9
1684160884 130.51 56.85 2338.97 43881.4
1684160894 130.71 56.85 2338.58 44823.7
1684160904 130.23 56.85 2338.97 43895.8
1684160914 130.6 56.85 2338.58 44475
1684160924 129.08 56.93 16683.3 44257.6
1684160934 130.64 56.93 2319.06 43451.8
1684160944 130.51 56.85 2338.97 43626.4
1684160954 130.31 56.85 2338.97 43842.6
1684160964 130.61 56.85 2338.58 43586
1684160974 130.49 56.85 2336.7 43932.4
1684160984 123.6 56.93 15496.7 44390.3
1684160994 130.51 56.93 2338.97 44014.4
1684161004 130.2 56.85 2311.46 43418.2
1684161014 130.2 56.93 2314.23 43297.3
1684161024 130.83 56.85 2340.86 44047.9
1684161034 131.09 56.85 2338.97 44197.5
1684161044 129.94 56.85 2338.58 43033.6
1684161054 125.75 56.93 16353.7 44718.4
1684161064 129.93 56.93 2313.7 42938.4
1684161074 130.13 56.85 2314.09 44539.9
1684161084 129.9 56.85 2313.85 43834.2
1684161094 130.02 56.85 2314.09 43348.9
1684161104 130.51 56.85 2363.46 43887.3
1684161114 129.86 56.85 2277.43 43090.3
1684161124 127.51 56.96 16666.2 42887.3
1684161134 130.33 56.85 2363.46 44072.7
1684161144 130.71 56.85 2363.85 43800.2
1684161154 131.1 56.85 2363.46 44131.8
1684161164 130.42 56.85 2363.85 43351.2
1684161174 131.03 56.88 2340.86 45343.2
1684161184 125.05 56.93 15462.9 43809.7
1684161194 130.71 56.93 2313.7 43913.7
1684161204 130.41 56.85 2314.09 43598.4
1684161214 130.51 56.85 2313.7 43613.2
1684161224 130.32 56.85 2314.09 43704.6
1684161234 130.45 56.85 2334.04 43877
1684161244 130.81 56.85 2338.97 44041.6
1684161254 127.57 56.93 16766.6 43221.8
1684161264 130.19 56.85 2336.7 44001.6
1684161274 130.81 56.85 2338.97 43853.8
1684161284 130.7 56.85 2338.58 43771.4
1684161294 130.61 56.85 2314.09 43404.1
1684161304 129.77 56.85 2293.64 43316.4
1684161314 115.86 56.91 14933.8 33516.5
1684161324 4.86 56.91 66.47 761.13

Execution duration: 00:33:44.44
