1684148228 117.69 56.83 3.08 449.23
1684148229 116.31 56.83 0 25.53
1684148230 121.88 56.83 0 0
1684148231 123.85 56.83 0 0
1684148232 120 56.83 0 0
1684148233 121.54 56.83 0 0
1684148234 123.81 56.83 0 0
1684148235 126.56 56.83 0 0
1684148236 127.56 56.83 0 0
1684148237 123.85 56.83 0 0
1684148238 119.53 56.83 0 0
1684148239 122.66 56.83 0 0
1684148240 123.85 56.83 0 0
1684148241 120 56.83 0 0
1684148242 129.46 56.83 0 0
1684148243 121.71 56.83 0 0
1684148244 129.13 56.83 0 0
1684148245 124.83 56.83 0 0
1684148246 125.2 56.83 0 0
1684148247 125.19 56.83 0 0
1684148248 123.44 56.83 0 0
1684148249 89.31 56.91 1560.31 1416.79

Execution duration: 00:00:25.25
