1684161334 124.41 56.83 3.15 31.5
1684161335 119.23 56.83 3.08 30.77
1684161336 121.54 56.83 0 3.08
1684161337 123.62 56.83 0 0
1684161338 126.56 56.91 0 0
1684161339 124.41 56.83 0 0
1684161340 127.13 56.83 0 0
1684161341 124.22 56.83 0 0
1684161342 127.34 56.83 0 0
1684161343 121.54 56.83 0 0
1684161344 130.47 56.83 0 0
1684161345 123.44 56.83 0 0
1684161346 124.62 56.83 0 0
1684161347 123.44 56.83 0 0
1684161348 121.33 56.83 0 0
1684161349 131.5 56.83 0 0
1684161350 121.54 56.83 0 0
1684161351 129.92 56.83 0 0
1684161352 125 56.83 0 0
1684161353 125.19 56.83 0 0
1684161354 135.94 56.83 0 0
1684161355 130.47 56.91 1137.5 1409.37
1684161356 40.77 56.91 1120 4563.08

Execution duration: 00:00:26.26
