1683869285 101.96 6.09 142.74 45855.7
1683869295 103.53 0.94 16.44 46499.8
1683869305 102.93 13.85 2.35 45671.5
1683869315 40.83 18.03 14650 110495
1683869325 102.33 14.77 1.17 50982.9
1683869335 105.01 14.27 0 59631.4
1683869345 89.59 14.03 3.5 67711.7
1683869355 49.85 18.28 13845.6 144581
1683869365 104.99 15 0 80880.2
1683869375 65.76 14.06 80 137883
1683869385 103.42 14.96 0 52266.1
1683869395 97.95 14.3 1.56 59869.9
1683869405 71.31 19.19 15205.1 129240
1683869415 102.84 14.04 0 53976.1
1683869425 103.14 17.97 0.78 50631.3
1683869435 102.54 14.29 0 51827.2
1683869445 62.28 19.18 15246.5 128353
1683869455 104.42 14.18 0 58246.3
1683869465 91.8 13.94 3.13 72343.7
1683869475 110.65 14.5 0 81627.8
1683869485 26.2 19.39 15526.9 151049
1683869495 71.62 18.34 2.74 62751.9
1683869505 106.79 13.99 0 78748.1
1683869515 104.21 14.48 0 87676.3
1683869525 101.96 15.43 1.57 80305.3
1683869535 30.89 18.05 15760.7 340414
1683869545 80.9 13.59 2.74 45482.1
1683869555 102.74 14.08 0 52837.6
1683869565 102.06 14.96 1.17 59670.1
1683869575 98.06 18.63 0.78 55493.6
1683869585 87.6 19.4 15469.4 164334
1683869595 101.46 14.23 0.78 76803.1
1683869605 111.73 15.18 0 82067.7
1683869615 82.59 14.51 0.78 64285.7
1683869625 56.06 18.36 13904.9 144525
1683869635 111.24 14.34 0 83256.7
1683869645 75.88 15.22 1.95 244623
1683869655 98.04 14.21 1.56 54543.9
1683869665 3.42 17.37 0.39 37572.2
1683869675 96.77 18.1 15290.4 136139
1683869685 102.24 14.83 0 54271
1683869695 105.99 14.49 0.39 54554.8
1683869705 102.25 14.32 0 56493.4
1683869715 88.94 19.22 14999.4 133476
1683869725 102.04 13.7 0 52515.2
1683869735 102.73 14.19 0.78 51452.2
1683869745 102.05 13.94 0 51123.4
1683869755 80.16 19.37 15275.5 136980
1683869765 109.68 13.86 0 81217.6
1683869775 110.68 14.42 0 81705.3
1683869785 62.85 14.13 2.34 56131.8
1683869795 10.94 18.01 0 61891.3
1683869805 109.31 19.57 15595.3 174029
1683869815 82.79 14.37 1.95 68722.2
1683869825 109.59 14.2 0 82272
1683869835 83.61 15.79 0.78 67369.5
1683869845 39.39 18.42 14983.8 149909
1683869855 110 15.59 0 82788.4
1683869865 84.65 14.18 1.17 69441.6
1683869875 112.41 14.89 0 79853.4
1683869885 95.6 14.31 0.78 386381
1683869895 62.31 19.19 15282.4 128214
1683869905 102.45 13.66 0 52054.1
1683869915 97.36 15.3 1.56 51266.9
1683869925 102.16 13.9 0 52493.6
1683869935 71.64 18.35 14327.7 129064
1683869945 101.85 14.02 0 55603.1
1683869955 90.83 14.14 0.78 48698.9
1683869965 102.26 13.91 0 53410
1683869975 73.98 19.2 14069.3 125388
1683869985 93.55 13.67 0.78 50993.9
1683869995 102.26 14.16 0 53982.8
1683870005 102.26 15.04 0.39 50862.7
1683870015 86.73 18.09 14041.8 126184
1683870025 94.9 13.68 1.57 48762.8
1683870035 102.16 15.3 0 51017.8
1683870045 97.65 13.92 1.96 50115
1683870055 90.99 18.25 14298 134033
1683870065 111.44 13.88 0.39 81962.1
1683870075 96.29 15.49 0.39 74052
1683870085 111.15 14.18 0 80975.2
1683870095 59.99 18.32 14466.7 148005
1683870105 111.13 15.11 0 81005.5
1683870116 107.96 14.47 0.78 81963.5
1683870125 67.61 14.22 0.78 61484.5
1683870135 10.86 18.16 0.39 62416.8
1683870145 109.19 19.66 14606.1 174856
1683870155 66.76 14.5 1.95 57407.6
1683870165 104.9 14.25 0.78 81828.4
1683870175 111.45 14.82 0 85108.4
1683870186 13.18 19.59 14968.4 138190
1683870195 110.96 18.73 15085 164489
1683870205 95.99 14.32 0 76446.5
1683870215 100.68 15.92 0.78 78977.3
1683870225 101.96 14.28 0 504734
1683870235 25.15 18.01 15565.9 119391
1683870245 102.84 13.62 0 54981.2
1683870255 102.25 14.1 0.78 54761.3
1683870265 97.65 14.98 0.39 50010.9
1683870275 33.58 18.02 14176.6 117232
1683870285 103.33 13.63 0.78 50196.1
1683870295 103.13 15.24 0 51336.1
1683870305 98.05 15.09 0.39 50206.3
1683870315 59.76 19.21 13576.9 119315
1683870325 94.61 13.67 1.57 49307.3
1683870335 102.85 15.32 0 52644.1
1683870345 102.45 13.97 0.39 51734.2
1683870355 57.05 19.38 15163.6 127920
1683870365 101.96 15.16 288.06 56422.3
1683870375 102.84 15.31 0.39 53224.6
1683870385 101.96 15.15 0 51940.1
1683870395 37.91 19.3 15124.6 123167
1683870405 102.45 13.74 0 53206.3
1683870415 102.16 15.39 0.78 50156.3
1683870425 102.35 14.01 0 52336.6
1683870435 23.37 19.16 15398.6 119789
1683870446 101.36 18.92 0 49021.4
1683870455 98.24 14.09 1.96 52044.3
1683870465 102.05 15 0 51701.6
1683870475 10.74 18.12 15116.7 120963
1683870485 110.34 17.96 0 81343.4
1683870495 110.76 15.44 0 82342.1
1683870506 81.46 14 0.39 63512.6
1683870516 109.71 15.65 0 82310.7
1683870525 71.37 18.27 14592.4 149016
1683870535 58.18 15.34 1.17 50117.1
1683870545 110.85 13.96 0 81548.4
1683870555 107.51 14.44 0 88946.5
1683870565 69.99 15.29 1.56 58656.9
1683870576 57.13 18.27 15114.5 157107
1683870586 102.13 13.86 1.17 81110.4
1683870595 75.17 14.33 0.39 62420.3
1683870605 110.85 15.25 0 82174.8
1683870616 97.67 14.56 0.39 83329.6
1683870626 17.3 4.86 15272.3 118301
1683870636 7.59 18 36.54 32538.8

Execution duration: 00:22:34.34
