1683845345 101.87 0.92 551.67 46523.8
1683845355 102.84 1.16 0 47618.4
1683845365 102.84 14.79 18.8 46201
1683845375 46.33 13.93 14791.8 112328
1683845385 102.44 13.99 28.62 50234.9
1683845395 102.55 14.35 0 53418.2
1683845405 102.36 14.41 3.13 73821.4
1683845415 74.02 14.13 13994.9 153800
1683845425 91.27 14.83 1.96 72183.1
1683845435 87.56 14.09 74.44 151195
1683845445 102.45 14.22 0 52398.8
1683845455 13.22 14.46 15203.9 121490
1683845465 109.02 14.19 0 78961.6
1683845475 95.5 13.87 0.39 79617.6
1683845485 110.88 14.42 0 80465
1683845495 107.44 14.81 0 81372.2
1683845505 46.57 13.94 15290.6 126653
1683845515 101.84 13.98 7.01 187318
1683845525 104.81 14.74 1.17 64780
1683845535 88.93 13.86 0.39 48805.1
1683845545 20.46 13.9 15542.1 121050
1683845555 98.43 13.67 0.39 51065.5
1683845565 102.36 14.67 0 52000
1683845575 94.02 13.82 0.39 49653.7
1683845585 108.64 14.5 0 77264.9
1683845595 76.88 14.15 15664.9 155361
1683845605 96.6 14.85 0 73184.5
1683845615 111.66 14.03 0 83663.9
1683845625 78.87 14.48 1.57 66572.6
1683845635 15.69 14.75 15499.7 145376
1683845645 104.58 14.49 0.39 76391.4
1683845655 79.51 14.02 0.78 236408
1683845665 101.87 14.15 0 51474.4
1683845675 2.94 14.23 13917.3 112970
1683845685 100.3 14.02 13931 133593
1683845695 97.25 13.7 0 51060.8
1683845705 102.26 14.18 0 58465.9
1683845715 103.24 13.94 0 53252.5
1683845725 91.07 14.62 15333.5 134338
1683845735 102.65 13.68 0.39 48957.4
1683845745 94.45 14.17 0.39 49372.9
1683845755 103.33 14.51 0 52960.8
1683845765 82.26 14.16 14925.1 148903
1683845775 110.1 14.44 0 86054.4
1683845785 83.25 14.46 0 65093.4
1683845795 103.91 14.13 1.57 80378.4
1683845805 39.76 14.25 15186 156349
1683845815 89.23 14.5 0 75320.3
1683845825 109.71 14.4 0 83013.7
1683845835 97.45 14.2 1.57 74937.5
1683845845 90.8 14.67 1.18 74342
1683845855 55.93 14.44 15747.7 160504
1683845865 82.57 15.03 1.57 76949.7
1683845875 87.85 14.05 1.18 376996
1683845885 103.14 14.78 0 56499.2
1683845895 81.12 13.92 1.17 56010.6
1683845905 74.77 13.98 15042.2 128646
1683845915 102.75 13.66 0.39 58480.8
1683845925 101.57 14.16 0 51097.8
1683845935 102.75 14.52 0.78 52957.6
1683845945 64.16 13.97 15328.9 129955
1683845955 102.26 13.65 0 52670.7
1683845965 101.28 14.14 1.18 49769.4
1683845975 102.35 14.49 0 54022
1683845985 82.35 13.99 14369.8 126287
1683845995 102.26 13.68 0 51700.9
1683846005 93.64 14.32 1.17 69877.2
1683846015 110.39 14.69 0 83156.1
1683846025 89.53 14.84 14083.8 154627
1683846035 83.26 13.91 0.39 69573.8
1683846045 110.68 15.04 0 82961
1683846055 97.65 14.21 1.57 82370.6
1683846065 63.56 14.29 14083.4 151176
1683846075 108.94 14.03 0 82340.1
1683846085 79.01 14.49 1.18 68497.2
1683846095 110.68 14.91 0 81777.9
1683846105 31.09 14.4 14214.4 147730
1683846115 63.32 14.02 1.56 54950.6
1683846125 110.87 15.17 0 83039.8
1683846135 103.42 14.33 0.78 86821.9
1683846145 82.91 14.93 0.79 67334.2
1683846155 43.94 13.94 14508.4 543251
1683846165 99.8 14.57 0.78 61393.3
1683846175 101.95 13.74 0 51702.6
1683846185 97.55 14.23 0 50409.8
1683846195 41.96 14.52 14649 120616
1683846205 101.97 13.98 0 50609.6
1683846215 94.99 13.73 1.18 47723.5
1683846225 102.56 14.82 0 52949.2
1683846235 28.46 13.91 15145.4 117285
1683846245 101.76 13.97 0 57015.4
1683846255 98.44 13.72 0.39 56065.2
1683846265 102.36 14.22 0 51663.1
1683846275 4.68 13.79 15521.6 118341
1683846285 101.97 14.61 15611.4 139352
1683846295 100.88 13.69 0.78 48579.6
1683846305 99.51 14.78 0 51553.7
1683846315 18.13 13.9 14232.2 111179
1683846325 102.75 14.04 0.39 51489.9
1683846335 102.45 14.32 0 53104
1683846345 99.61 14.9 1.57 50282
1683846355 53.92 14.61 13590.2 117269
1683846365 102.25 14.85 1.18 72973.1
1683846375 110.57 13.99 0 83399.6
1683846385 95.3 15.2 0 73594.9
1683846395 17.54 14.82 14890.9 141294
1683846405 106.47 14.97 0 80400.4
1683846415 100.2 14.01 0.78 80447
1683846425 110.06 14.51 0 82309
1683846435 93.64 14.95 0 71873.1
1683846445 38.42 15.02 15173.3 133442
1683846455 110.29 14.69 0 82944.6
1683846465 86.5 14.49 0.39 70498.7
1683846475 89.99 14.21 1.18 70550.3
1683846485 107.35 15.38 0 79881.3
1683846495 55.65 14.92 15334.6 157169
1683846505 112.15 14.3 0 82472.5
1683846515 104.6 14.06 1.17 77091.9
1683846525 55.78 15.17 1.17 49022.7
1683846535 110.78 14.92 0 82301.3
1683846545 78.62 14.33 15030.1 167230
1683846555 68.83 14.61 0.39 58104.7
1683846565 110.89 14.42 0 85353.3
1683846575 94.23 14.2 1835.85 637928
1683846585 20.22 13.91 14650 118091
1683846595 101.08 14.35 0 51260.7
1683846605 102.65 14.08 0.39 53421.2
1683846615 101.95 13.86 0 53243.6
1683846625 3.44 14.33 15160 115239
1683846635 100.99 14.01 15173.7 138764
1683846645 102.06 14.06 1.18 50603.9
1683846655 102.33 14.5 0 51583.3
1683846665 2.27 13.65 14835.3 109493
1683846675 0.79 0.52 560.95 312.07

Execution duration: 00:22:20.20
