1683888289 101.87 4.96 141.57 45573.3
1683888299 102.55 2.38 16.83 46949.1
1683888309 103.12 13.85 1.96 47427.2
1683888319 44.08 18.03 14663.3 112691
1683888329 103.34 19.24 1.57 50676.2
1683888339 103.62 14.27 0 56171.2
1683888349 102.72 14.05 2.33 75397.5
1683888359 69.83 19.73 13845.6 148930
1683888369 89.93 13.88 1.56 73157.4
1683888379 86.51 14.1 80.16 148836
1683888389 102.44 13.86 0 54096.3
1683888399 11.52 19.41 15161.7 121296
1683888409 101.87 17.74 0 53141.2
1683888419 102.44 14.08 0.39 53635.2
1683888429 102.35 15.28 0 51885
1683888439 3.52 17.74 1.57 30589.4
1683888449 100 18.11 15260.3 138050
1683888459 102.73 14.21 1.56 55801.6
1683888469 110.77 15.46 0 82315.9
1683888479 110.95 14.57 0 81014.7
1683888489 67 18.3 15512.9 155442
1683888499 110.84 15.71 0 82895.3
1683888509 92.38 14.07 0.39 74044.6
1683888519 79.87 14.53 2.74 67298.5
1683888529 110.18 15.8 0 80838.8
1683888539 71.75 19.96 15756.8 165135
1683888549 72.6 13.97 7.05 271986
1683888559 102.36 14.11 0 54284.8
1683888569 100.58 15.32 1.96 60462.6
1683888579 20.53 18.22 15469.4 121321
1683888589 102.74 18.15 0.39 60743.2
1683888599 102.36 15.53 0 51306.2
1683888609 98.92 13.85 1.56 51842.7
1683888619 39.67 18.03 13918.1 117609
1683888629 102.25 17.78 0 52010.9
1683888639 98.83 15.69 1.96 52239.1
1683888649 110.56 14.05 0 84485.6
1683888659 14.45 18.11 15156.2 140869
1683888669 110.86 19.79 0 80503.3
1683888679 102.45 14.32 0.39 78913.8
1683888689 81.66 14.1 1.95 67507.9
1683888700 110.57 14.61 0 82832.6
1683888709 44.91 19.8 14985.5 149276
1683888719 87.51 18.52 1.56 73187.5
1683888729 108.81 14.13 0 82726.4
1683888739 90.44 16.1 1.17 80213.7
1683888749 101.86 14.3 0 349572
1683888759 72.02 18.31 15290.4 132077
1683888769 88.3 15.44 0.39 53306.2
1683888779 101.65 14.14 0 51488.6
1683888789 93.43 13.88 1.17 50569
1683888799 24.64 18.01 15716.9 122715
1683888809 96.09 19.19 0.78 49679.5
1683888819 102.25 14.09 0 52959.9
1683888829 102.54 13.85 0.78 52041.1
1683888839 18.3 19.44 14998 116038
1683888849 102.75 17.75 0.78 50144.6
1683888859 98.04 14.09 0 52403.1
1683888869 102.74 15.29 0 51588.3
1683888879 99.23 14.48 1.17 52606.4
1683888890 101.56 18.27 15208.2 165439
1683888900 87.67 14.23 0.78 69869.2
1683888909 110.94 15.49 0 80531.8
1683888919 106.07 14.54 0 81696.2
1683888929 74.85 18.38 14342.1 153884
1683888939 111.44 14.36 0 83637.5
1683888949 71.37 14.15 1.17 56691.3
1683888959 98.34 14.63 1.17 80064.9
1683888970 44.48 19.86 13933 150958
1683888980 70.78 18.58 1.17 62410.1
1683888989 101.37 14.17 0.39 79897.2
1683888999 111.24 16.16 0 86843.8
1683889009 73.73 15.88 1.17 74139.4
1683889019 70.38 18.64 14055.5 153096
1683889029 101.57 14 0.78 449273
1683889039 98.64 14.13 0.39 51217.6
1683889050 101.46 15.34 0 52043.5
1683889060 55.44 18.05 14160.8 117777
1683889069 101.86 17.8 0 52297.5
1683889079 102.35 15.58 0.78 49131.4
1683889089 102.16 13.9 0 52511.7
1683889099 64.64 18.06 14523 125484
1683889110 101.66 13.67 0 50840.6
1683889119 100.01 14.41 1.57 49525.6
1683889130 101.17 15.71 0 60027.7
1683889140 69.64 18.07 14535.8 125273
1683889149 99.31 13.66 0.78 51407.6
1683889159 102.45 15.59 0 52573
1683889170 101.26 15.35 0.39 49653.1
1683889179 64.78 18.21 15099.8 130393
1683889189 93.45 13.82 1.56 72307.7
1683889200 109.95 14.32 0 83363.7
1683889209 98.82 15.57 1.17 73577.3
1683889220 88.49 14.6 0.39 71123.9
1683889230 94.63 18.41 15550.3 165288
1683889239 87.37 15.8 0.78 76336.2
1683889250 92.28 18.33 0.78 74523.2
1683889260 110.37 14.65 0 83050.3
1683889270 33.53 18.42 14190.8 146077
1683889279 108.53 18.61 0 81068.4
1683889290 110.63 15.65 0 84041.4
1683889300 81.14 16.28 1.56 67090.5
1683889310 31.47 20.02 13550.3 141643
1683889320 96.31 20.21 1.17 76884.5
1683889330 107.54 15.81 0 82570.9
1683889340 108.12 16.34 0 85019.8
1683889350 88.58 14.63 0.39 70742.6
1683889360 77.64 20.17 14774.3 161445
1683889370 86.04 14.03 412.5 557415
1683889380 86.29 15.6 1.57 48079.1
1683889390 101.96 13.95 0 52610.6
1683889400 16.75 19.58 15169.4 119629
1683889410 102.25 19.34 0 53419.3
1683889420 101.47 14.21 0.78 52941
1683889430 102.65 15.44 0 50552.9
1683889440 2.65 17.74 15399 117907
1683889450 101.67 19.56 15413.3 138476
1683889460 101.27 15.53 0.78 49785.6
1683889470 94.22 13.83 0.78 51662.2
1683889480 102.94 15.78 0 52051.2
1683889490 85.91 19.53 15132.7 131251
1683889500 101.87 14.05 0 52855.2
1683889510 101.55 15.27 0.39 50661.4
1683889520 102.16 15.76 0 50249.7
1683889530 85.76 18.09 14551.3 128607
1683889540 106.16 14.19 3122.11 54501.8
1683889550 100.98 15.63 3112.98 58858.5
1683889560 102.06 14.3 0 49313.1
1683889570 76.89 19.52 15027.2 131567
1683889580 94.81 14.03 1.57 50970.8
1683889590 102.26 13.8 0 50962.8
1683889600 96.41 14.27 1.17 49749
1683889610 6.57 19.2 15138.2 93549.5
1683889620 2.45 17.74 202.55 159.85

Execution duration: 00:22:16.16
