1683846700 56.13 13.87 253274 380.08
1683846705 32.38 13.55 220519 383.14
1683846710 31.08 13.47 222222 386.1
1683846715 32.17 13.47 221941 385.36
1683846720 38.15 14 222768 9962.24
1683846725 32.05 13.91 253592 10507.5
1683846730 32.18 13.47 221315 383.82
1683846735 31.86 13.47 220841 382.34
1683846740 33.07 13.84 222917 386.93
1683846745 32.05 13.54 221927 386.1
1683846750 30.96 13.48 221171 383.08
1683846755 31.03 13.47 221441 383.14
1683846760 31.6 13.84 221381 382.27
1683846765 31.21 13.47 222529 385.36
1683846770 47.79 13.47 224376 145279
1683846775 52.98 13.47 221475 219058
1683846780 52.3 13.99 222558 221103
1683846785 55.28 13.77 221402 221651
1683846790 0.76 13.64 3.88963e+06 849963

Execution duration: 00:01:36.36
