1683898924 102.05 4.96 143.5 46396.1
1683898933 102.44 0.94 16.78 47664.8
1683898943 101.27 18.91 1.95 45862.1
1683898953 42.68 18.04 14620.3 110525
1683898963 102.34 17.8 0.78 50533.7
1683898973 104.4 14.29 0 59785.2
1683898983 101.57 19.11 2.73 76426.9
1683898994 64.63 18.31 13832.2 148369
1683899003 95.32 18.06 62.05 72412.1
1683899014 83.84 14.1 81.02 145923
1683899023 103.13 18.92 0 53378.1
1683899033 4.39 17.75 15146.5 121642
1683899043 100.01 18.11 15173 136321
1683899054 101.26 14.08 0.77 50495.2
1683899064 101.85 18.89 0 50278.1
1683899073 98.25 19.38 1.17 51658.3
1683899083 85.05 18.09 15231.2 134065
1683899093 104.49 18.37 0 58084.8
1683899104 101.46 19.04 1.95 78043.3
1683899114 110.94 14.55 0 84012.1
1683899124 37.65 18.27 15498.2 144331
1683899134 110.16 18.41 2.34 85044.9
1683899144 104.29 14.06 0 78830.4
1683899154 92.41 19.57 2.34 77407.4
1683899164 109.38 14.36 0 80575.1
1683899174 54.93 23.11 15730 348393
1683899184 86.2 17.79 2.33 49064.7
1683899194 102.73 14.13 0 52347.7
1683899204 97.07 13.87 1.96 55687.6
1683899214 11.63 23.05 15469.4 117589
1683899224 101.95 17.77 0.39 51961.3
1683899234 101.95 14.09 0 51567.2
1683899244 94.72 13.84 1.17 49715.7
1683899254 29.46 18.02 13863.4 113888
1683899264 101.74 22.84 0.77 51533.5
1683899274 102.54 23.48 0.39 57821.3
1683899284 109.76 14.06 0 83784.6
1683899294 11.69 17.94 15231.2 143753
1683899304 108.99 23.42 15243.7 168725
1683899314 88.57 14.33 1.17 68980.5
1683899324 89.67 14.12 1.56 72214.8
1683899334 110.82 19.67 0 85475.6
1683899344 33.26 18.36 14941.7 146315
1683899354 102.83 18.53 0.39 81674.1
1683899364 110.82 14.14 0 86041
1683899374 76.25 14.66 1.56 68355.6
1683899384 102.15 14.3 0 346920
1683899394 58.71 18.34 15290 131229
1683899404 91.34 23.22 1.56 56003.5
1683899414 102.14 14.14 0 53961.8
1683899424 95.41 13.89 2.35 53734.1
1683899434 18.46 18.01 15701.6 120966
1683899444 97.66 22.81 1.56 49871
1683899454 102.06 14.09 0 52223.3
1683899464 102.53 13.85 0.78 52936.3
1683899474 10.33 17.99 14939.6 116210
1683899484 96.78 17.75 1.17 49716.4
1683899494 100.2 19.14 0.78 53705.1
1683899504 102.34 13.84 0 53187.1
1683899514 102.05 14.5 0.78 55821.5
1683899524 100.48 18.3 15193.4 166520
1683899534 92.09 18.41 1.17 73333.9
1683899544 108.33 19.12 0 79577.1
1683899554 96.3 14.55 0.39 76708.8
1683899564 69.43 18.41 14272.2 153648
1683899574 110.3 23.58 0 82890.2
1683899584 79.28 14.16 1.17 65312.5
1683899594 101.08 14.64 1.17 82036.3
1683899604 46.23 23.48 13906 156054
1683899614 77.46 18.61 1.17 67837.7
1683899624 101.65 14.19 0.39 80856.6
1683899634 110.9 14.74 0 85778.6
1683899644 78.44 19.51 1.16 75383.4
1683899654 67.48 18.07 14041.8 122046
1683899664 100.2 18.19 0 444004
1683899674 103.42 19.21 0.39 54823.5
1683899684 102.35 13.93 0 53097.4
1683899694 73.76 18.08 14229.9 123093
1683899704 102.64 17.85 0 54217.6
1683899714 97.08 19.25 0.78 50087.5
1683899724 101.85 13.93 0 52242.8
1683899734 79.39 18.09 14480.5 127163
1683899744 101.96 17.85 0 50672.9
1683899754 98.64 14.48 1.17 53589.8
1683899764 101.75 19.34 0 56692.4
1683899774 83.77 18.1 14521.7 129356
1683899784 101.75 17.85 0.78 52481.6
1683899794 103.23 14.18 0 51943.7
1683899804 102.94 19 0.39 50988.5
1683899814 80.8 18.25 15040.9 137404
1683899824 100.58 18.02 1.17 80877.7
1683899834 109.46 14.43 0 82171.2
1683899844 93.99 19.22 0.39 70140.3
1683899854 75.01 14.62 2.34 64339.4
1683899864 104.47 18.45 15489.8 167646
1683899874 83.21 23.59 0.39 69296.8
1683899884 99.7 14.19 1.56 76531.4
1683899894 109.38 19.74 0 83670.8
1683899904 49.84 18.45 14163.5 142785
1683899914 108.49 18.67 0 78389.8
1683899924 104.49 19.29 0.39 81895
1683899934 84.63 19.91 0.39 69235
1683899944 40.05 23.64 13510.7 144134
1683899954 90.06 23.82 1.16 73492.6
1683899964 110.03 14.39 0 84086.9
1683899974 111.81 20.02 0 84696.2
1683899984 63.87 14.67 0.39 52248.9
1683899994 64.8 18.78 14817.5 155063
1683900004 92.36 23.28 383.38 555327
1683900014 85.46 23.46 0.78 45793.8
1683900024 101.94 19.06 0 51298.9
1683900034 6.34 23.06 15109.5 114651
1683900044 102.05 23.33 0 52217.2
1683900054 102.05 19.3 0.78 51620.7
1683900064 101.65 13.96 0 50982.4
1683900074 101.86 19.55 0.39 51826
1683900084 85.34 23.18 15398.2 136525
1683900094 102.54 18.23 0.78 53306.8
1683900104 101.74 13.83 0 50038.9
1683900114 102.15 14.32 0 51004.9
1683900124 71.65 23.16 15116.7 129706
1683900134 103.32 18.21 0 52725.3
1683900144 98.25 18.89 1.17 49757.4
1683900154 102.55 19.38 0 50091.9
1683900164 68.23 18.06 14593.5 124174
1683900174 106.26 18.34 3236.4 57063
1683900184 101.45 14.15 3199.61 58621.3
1683900194 102.65 19.38 0 50269.4
1683900204 58.54 18.05 15100.1 128351
1683900214 95.9 18.18 0.78 50519.8
1683900224 102.15 13.78 0 52682.8
1683900234 96 14.27 1.95 51592.2
1683900244 6.46 22.84 15037 96434.4
1683900254 3.91 17.75 286.99 214.28

Execution duration: 00:22:18.18
