1683845044 62.2 15.55 199298 123358
1683845048 41.62 15.88 116930 99831.2
1683845053 46.17 17.35 106740 139766
1683845058 41.38 18.71 95963.2 116818
1683845063 44.06 18.94 104240 128199
1683845068 34.87 20 74110.3 126657
1683845074 46.48 21.19 113349 138405
1683845078 33.27 21.89 70495.6 135263
1683845083 36.71 22.25 75560.2 119308
1683845089 45.89 23.56 107342 141888
1683845094 33.72 23.78 77528.4 134328
1683845099 35.25 24.57 88475.4 130578
1683845104 45.82 24.3 123287 121725
1683845109 35.25 23.81 85063.6 134498
1683845114 32.45 23.86 82303.6 137973
1683845119 32.06 24.27 83545 112721
1683845124 46.3 24.59 122655 148355
1683845129 42.1 24.05 111443 158581
1683845134 35.86 24.13 94846.3 156723
1683845139 20.57 24.49 58343.6 76089.9
1683845144 44.39 24.16 134263 134966
1683845149 22.05 24.32 395397 1.33847e+06
1683845154 33.01 24.59 104808 130635
1683845159 43.32 25.79 116545 134070
1683845164 42.16 25.02 149998 130290
1683845169 36.64 24.11 105551 130884
1683845174 32.96 24.7 93964.2 132069
1683845179 29.96 25.07 82952.7 134211
1683845184 43.01 24.11 131429 130867
1683845189 33.59 24.11 94319.1 131540
1683845194 30.4 24.12 86707.5 129060
1683845199 42.68 25.07 124564 127097
1683845204 37.4 24.7 112479 132134
1683845209 32.77 24.7 86989.7 133274
1683845214 35.31 24.12 100321 132779
1683845219 43.56 25.08 125530 131143
1683845224 32.44 24.53 88248.9 134177
1683845229 30.35 25.08 80487 133832
1683845234 46.37 25.94 129766 129282
1683845239 35.62 27.47 82640.8 130971
1683845244 32.06 27.18 84554.2 130336
1683845249 39.24 26.59 114530 129357
1683845254 36.48 26.59 32328.2 131271
1683845259 31.63 26.96 18618.7 129560
1683845264 32.57 27.18 18760.6 125722
1683845269 39.43 26.59 36412.9 137030
1683845274 41.06 26.59 87472.2 177504
1683845279 36.69 27.55 83697.3 174757
1683845284 24.9 27.18 57336.9 91505.7
1683845289 40.23 26.6 104443 146483
1683845294 36.12 27.18 75624.3 147475
1683845299 5.89 13.65 4.33774e+06 2.17996e+06

Execution duration: 00:04:23.23
