1683889982 102.35 10 558.12 45938.6
1683889992 102.83 0.57 0 46474.2
1683890003 102.13 14.22 29.05 46605.6
1683890012 43.23 18.04 14722 111050
1683890022 106.94 23.33 1.17 62854
1683890032 111.23 13.94 0 83125.8
1683890042 83.2 14.5 72.66 55119.1
1683890053 25.57 18.01 14000.8 169007
1683890062 103.33 18.14 0.39 55020.9
1683890072 93.75 18.73 2.73 51707.4
1683890082 107.43 19.38 0 64271.9
1683890093 97.95 14.14 1.95 72946.3
1683890103 98.15 23.34 15143.4 163542
1683890113 98.15 13.94 1.17 79409.2
1683890123 96 14.17 4.29 156509
1683890133 102.24 13.92 0 52705.6
1683890143 43.45 23.19 15231.6 136417
1683890153 109.48 17.98 0 82812
1683890163 87.51 14.34 1.56 69465.4
1683890172 94.82 14.1 0.39 75523.7
1683890183 110.24 14.59 0 83762
1683890193 58.54 23.05 15500.9 264782
1683890203 95.03 18.18 2.34 52120.3
1683890213 102.63 13.78 0 57794.3
1683890223 102.04 14.27 1.55 56340.4
1683890233 28.3 18.01 15726 124999
1683890243 97.47 23.17 1.17 50759.8
1683890253 102.05 13.75 0 51840.1
1683890263 103.23 14.38 0.78 59190.2
1683890273 110.82 19.17 0 82447.6
1683890283 96.49 18.35 15424.2 159502
1683890293 80.13 13.92 0.78 68972.5
1683890303 111.44 19.43 0 84494.5
1683890313 82.81 14.2 0.78 73803.9
1683890323 29.33 18.35 13892.5 141763
1683890333 101.95 18.13 0 234113
1683890343 90.08 19.09 1.17 53991.8
1683890353 98.43 13.85 0.39 53357.2
1683890363 101.46 14.34 0.78 53171.5
1683890373 96.5 23.1 15259.4 132962
1683890383 101.36 14.08 0 58423.2
1683890393 102.44 13.84 0.39 49479.4
1683890403 102.15 14.33 0 52064.5
1683890413 85.18 23.08 14940.9 130798
1683890423 102.15 14.06 0 53330
1683890433 102.73 13.82 1.56 51483.5
1683890443 105.18 19.47 0 62084.8
1683890453 74.95 18.26 15113 161203
1683890463 111.42 18.44 0 81603.9
1683890473 111.13 19.05 0.39 82130.7
1683890483 67.47 14.5 0.78 59790.5
1683890493 106.84 14.32 0 81367.6
1683890503 99.52 18.44 15686.6 180065
1683890513 69.57 19.05 0.39 59456
1683890523 95.01 14.52 1.17 75350.2
1683890533 110.44 14.31 0 86066
1683890543 79.73 14.81 1.17 76302.5
1683890553 84.47 23.62 14970.3 157878
1683890563 100.68 18.21 0 368093
1683890573 98.63 13.81 0.78 54417.6
1683890583 102.05 19.3 0 52190.1
1683890593 51.47 18.05 15283.2 126598
1683890603 101.95 18.18 0 51161.7
1683890613 100.59 18.78 1.17 51991
1683890623 102.06 14.27 0 50513.8
1683890633 65.91 18.06 14313.7 124318
1683890643 102.16 18.2 0 50285.8
1683890653 102.74 18.79 0.78 51937.4
1683890663 93.39 14.28 1.56 49719.8
1683890673 78.81 18.09 14041.8 124603
1683890683 99.81 23.37 0.78 59261.4
1683890693 109.46 14 0 85450.1
1683890703 83.49 14.5 0.78 64355.9
1683890713 69.79 18.32 14055.9 151873
1683890723 110.34 23.46 0 85497.8
1683890733 80.39 14.08 0.78 69338.9
1683890743 110.24 14.58 0 82769.6
1683890753 37.9 23.43 14243 145392
1683890763 87.88 18.53 0.78 73561.7
1683890773 111.04 14.12 0 83046.1
1683890783 92.49 14.66 1.56 77851.5
1683890793 111.04 19.44 0 82659.9
1683890803 94.78 18.65 14340.4 159034
1683890813 67.25 18.36 1.56 58520.5
1683890823 111.13 19.75 0 81893.1
1683890833 102.93 14.25 0.78 469727
1683890843 26.86 18.05 14592.2 115553
1683890853 102.45 22.78 0 53257.9
1683890863 92.09 14.1 0 51360.9
1683890873 102.06 13.87 0 51034.2
1683890883 7.4 17.95 15042.5 113896
1683890893 104.79 22.75 0 51312.6
1683890903 102.65 14.09 0.39 54532.2
1683890913 101.76 13.85 0 50398.8
1683890923 101.94 23.51 0.77 54240.5
1683890933 83.01 18.09 15445.4 133129
1683890943 102.54 23.22 0 52775.4
1683890953 97.16 13.81 1.56 48563.7
1683890963 2.35 17.75 0 31006.6
1683890973 99.42 23.1 14190.8 129649
1683890983 100.87 14.08 0 49146.6
1683890993 98.73 18.92 0.78 48847.2
1683891003 27.13 23.03 13523.9 111073
1683891013 96.19 22.81 1.95 47518.7
1683891023 102.25 14.15 0 52986.3
1683891033 103.03 18.92 0.78 54780.4
1683891043 26.41 18.2 14817.5 127023
1683891053 109.61 18 0 82453.5
1683891063 77.43 19.3 1.17 61425.7
1683891073 110.43 14.08 0 81869.5
1683891083 99.9 19.63 0 79886.2
1683891093 58.45 23.37 15139.4 148434
1683891103 111.03 23.51 0 83475.9
1683891113 79.53 19.08 1.56 62488.9
1683891123 110.85 14.57 0 82149.4
1683891133 111.23 19.33 0 85630.4
1683891143 63.06 18.29 15353.2 146530
1683891153 111.03 23.04 0 82348.5
1683891163 102.34 14.37 0.39 80005.9
1683891173 63.19 14.07 0.39 53516.8
1683891183 109.56 14.56 0 80237.7
1683891193 79.61 23.32 15086.4 154660
1683891203 90.63 23.43 1.17 73118
1683891213 111.03 14.02 0 84429.3
1683891223 82.57 19.48 1.17 67770.2
1683891233 33.85 18.27 14437.1 144427
1683891243 109.76 18.39 0 82697.9
1683891253 77.56 14.06 2993.56 617630
1683891263 102.55 19.2 0 52040.7
1683891273 96.88 13.95 0.78 55577.7
1683891283 77.45 18.09 15114.5 132195
1683891293 96.59 22.84 1.56 50030.5
1683891303 101.37 14.18 0 50504.3
1683891313 102.05 13.93 0.39 53770.5
1683891323 7.81 22.75 15202.3 87629.7
1683891333 1.96 17.75 98.63 39.92

Execution duration: 00:22:35.35
