1683854410 102.05 5.85 142.33 45119.1
1683854420 103.04 0.94 16.44 44989.1
1683854431 102.42 13.84 2.32 44749.3
1683854440 36.28 18.02 14447.1 109488
1683854450 103.23 18.67 1.56 49626.2
1683854460 104.79 14.25 0 55917.8
1683854470 95.6 14.02 1.95 71791.8
1683854480 42.93 18.27 13926.6 142811
1683854491 105.72 18.04 1.55 78135.1
1683854500 74.15 14.95 80.39 142872
1683854510 102.24 13.82 0 52502.1
1683854520 97.26 14.3 3.13 59402.3
1683854531 74.33 18.96 15040.7 127298
1683854540 102.64 18.2 0.78 53529.3
1683854550 102.05 14.68 0 49266.8
1683854560 102.35 14.29 0 52011.7
1683854570 58.46 18.93 15248.1 127950
1683854580 103.33 18.32 0 55488.3
1683854590 96.77 13.93 2.35 74936.5
1683854600 110.85 14.5 0 82208.8
1683854610 19.21 19.12 15497 148939
1683854620 94.54 18.36 2.34 75273.4
1683854630 107.71 14.01 0 79014.2
1683854640 89.16 14.48 0 76268.4
1683854650 111.03 15.19 1.17 81927.7
1683854660 33.79 18.02 15745.7 340373
1683854670 85.61 17.75 4.7 54437.2
1683854680 102.45 14.98 0 51724
1683854690 100.78 13.84 1.95 61589.5
1683854700 103.03 14.47 0 53673.8
1683854711 93.8 18.26 15334.5 163807
1683854720 100.79 15.12 0.78 76627.1
1683854730 111.13 14.05 0 82153.1
1683854740 78.92 14.51 0.78 61880.2
1683854750 60.98 19.26 13863.4 149038
1683854760 110.93 18.5 0 83026.2
1683854770 81.35 14.09 1.56 247914
1683854780 102.25 14.23 0 52558
1683854790 9.98 18.86 15289.2 120086
1683854800 102.16 18.11 0 49920.2
1683854810 100.1 13.71 0 51648.9
1683854820 104.69 15.39 0 51865.2
1683854830 102.24 14.32 0 55253.9
1683854840 87.59 18.09 14971.6 129531
1683854850 102.65 13.7 0 54080.3
1683854860 101.86 15.07 1.17 50692.1
1683854870 102.26 13.94 0 51296.3
1683854881 68.51 18.22 15141.9 131840
1683854890 109.08 18 0 81366.4
1683854900 103.72 15.23 0.39 77635.5
1683854910 73.29 14.11 2.35 61976.1
1683854920 111.04 14.61 0 82482.9
1683854930 87.42 19.31 15686.6 167987
1683854940 96.68 14.37 1.96 74802.7
1683854950 110.26 14.18 0 83756
1683854961 87.34 14.66 0.39 72396.1
1683854971 26.44 19.3 14955.3 144485
1683854980 111.41 18.6 0 86523.3
1683854991 80.1 14.16 0.39 72234.9
1683855001 93.55 15.59 0.78 71745.6
1683855010 102.14 14.28 0 385783
1683855020 43.54 18.03 15312.7 132764
1683855031 101.95 17.8 0 51083.6
1683855040 96.2 15.01 1.17 49852.2
1683855050 102.35 13.87 0 49584.4
1683855061 51.4 18.32 14216.9 121976
1683855071 102.05 18.17 0 55953.1
1683855080 102.55 15.02 1.17 51917.4
1683855091 92.69 13.89 1.17 52605.9
1683855101 57 18.05 14055.5 121773
1683855111 93.07 17.79 0.78 49889.5
1683855121 102.24 14.13 0 53255.9
1683855130 101.86 14.77 0.78 49059.5
1683855141 65.47 18.06 13946.5 121482
1683855151 101.95 17.82 0.39 52184
1683855161 101.45 15.04 0 49531
1683855171 102.14 13.92 0.78 51848.2
1683855181 70.7 18.22 14243 128837
1683855191 110.45 18.01 0 84056.6
1683855201 95.31 14.34 0.78 72384
1683855211 110.55 15.06 0 81632
1683855221 42.48 18.29 14480.5 140365
1683855231 96.98 18.1 0.39 75130.9
1683855241 110.74 14.44 0 83869.9
1683855251 74.71 15.06 0.78 64774.2
1683855261 92.09 14.69 0.78 74034.4
1683855271 77.14 19.37 14591.8 161016
1683855281 84.85 18.65 1.56 73562.5
1683855291 91.41 14.22 0.39 75791.8
1683855301 110.94 14.81 0 83526.9
1683855311 85.45 15.41 0.78 72692.2
1683855321 86.62 18.71 14968.4 156544
1683855331 107.87 14.3 0 82972.2
1683855341 104.78 15.68 4.68 85486.4
1683855351 101.95 14.26 0 500432
1683855361 21.41 18.01 15552.3 118311
1683855371 99.8 17.76 0 55266
1683855381 102.54 14.98 0.39 55353.5
1683855391 94.9 13.84 1.18 49238.4
1683855401 26.89 18.01 14190.4 116612
1683855411 102.83 18.67 0.39 51001.8
1683855421 102.35 14.11 0 52339.8
1683855431 95.99 14.84 0.78 49706
1683855441 54.17 18.96 13550.3 118664
1683855451 97.36 17.83 1.17 51058.2
1683855461 102.26 19.24 0 54031.7
1683855471 102.74 13.96 0.39 53731
1683855481 56.35 18.24 15216.8 127568
1683855491 102.36 19.08 371.84 54809.8
1683855501 95.53 15.07 0.78 51165.8
1683855511 102.25 14.9 0 52041.4
1683855521 29.33 19.05 15139 117575
1683855531 102.25 18.81 0 53173
1683855541 101.96 15.15 0.78 50659.1
1683855551 102.55 13.99 0 51571
1683855561 16.28 18 15264.3 118134
1683855571 101.86 18.68 0 50525.1
1683855581 96.67 15.01 1.56 48100.1
1683855591 101.28 13.85 0 54853.6
1683855601 7.92 19.02 15130.7 119269
1683855611 106.16 17.94 0.78 78407.4
1683855621 111.63 15.2 0 84249.1
1683855631 86.43 14.01 0.39 67952.7
1683855641 111.42 14.5 0 82394.1
1683855651 67.58 19.18 14578.1 148539
1683855661 90.71 18.38 0.78 74179.2
1683855671 110.54 14.9 0 83930.5
1683855681 83.87 14.45 1.56 67924.5
1683855691 93.56 14.18 0.39 74037.5
1683855701 93.17 18.33 15099.7 164634
1683855711 84.38 14.81 1.95 72051.2
1683855721 110.55 14.39 0 80604.3
1683855731 101.08 14.13 0 78649.6
1683855741 11.35 17.99 14783.6 127580
1683855751 15.46 18.92 557.96 32542.3

Execution duration: 00:22:32.32
