1683901681 101.27 5 552.24 46182.8
1683901691 102.63 0.57 0 46670.3
1683901701 103.13 14.22 18.77 47469.8
1683901711 46.49 23.16 14723.4 112118
1683901721 101.64 18.17 28.76 49109.8
1683901731 102.25 13.77 0 52678
1683901741 104.37 19.55 2.32 73244.1
1683901751 70.73 23.37 13926.6 151796
1683901761 91.51 18.43 1.17 74026.5
1683901771 83.7 14.11 76.18 150622
1683901781 102.83 14.23 0 52778.1
1683901791 93.86 19.1 4.68 55516.5
1683901801 103.51 18.29 15099.2 161052
1683901811 99.22 13.88 0.39 75788.5
1683901821 97.36 14.43 2.35 74263.2
1683901831 108.52 19.3 0 81199.2
1683901841 37.72 18.03 15202 121333
1683901851 101.96 18.16 3.9 185023
1683901861 97.85 19.24 1.96 51364.2
1683901871 101.06 13.87 0 49176.4
1683901881 15.62 18.01 15512.5 118871
1683901891 101.85 17.76 0 50243.4
1683901901 102.35 14.1 0 53568
1683901911 95.03 18.97 1.95 49954.7
1683901921 109.02 14.53 0 78138.1
1683901931 70.64 18.25 15728 150956
1683901941 109.19 19.41 0 81129.2
1683901951 103.7 18.2 0.39 81173.1
1683901961 76.94 14.5 3.91 65771.7
1683901971 107.12 19.42 0 80995.5
1683901981 99.61 23.67 15409.5 172985
1683901991 97.86 14.06 1.56 239829
1683902001 102.54 14.19 0 54370.7
1683902011 90.46 19.06 1.17 47987.1
1683902021 99.41 23.24 13903.7 129767
1683902031 95.7 13.71 1.17 49746.5
1683902041 102.83 14.2 0 56627.5
1683902051 102.54 13.96 0.39 53523.9
1683902061 86.72 23.22 15258.6 132710
1683902071 97.56 13.69 1.17 49289.6
1683902081 99.91 14.18 0 53573.1
1683902091 103.12 19.07 0.39 52515.6
1683902101 79.92 18.26 14940.9 150839
1683902111 108.41 13.86 0 83634.8
1683902121 82 14.4 1.16 64428.3
1683902131 111.53 19.28 0 82594.3
1683902141 28.2 18.33 15245.3 152115
1683902151 101.28 18.1 1.17 77243.8
1683902161 108.09 14.49 0 80435.1
1683902171 92.88 19.34 1.56 72190.1
1683902181 110.65 14.72 0 84119.1
1683902191 54.79 18.53 15702.7 155236
1683902201 83.71 23.75 1.17 76375
1683902211 102.24 14.09 0 379757
1683902221 89.54 14.24 0.39 56940.4
1683902231 91.03 13.96 0.78 48854.2
1683902241 85.46 23.22 14968.8 132860
1683902251 93.26 13.69 1.56 52965.4
1683902261 102.05 19.3 0 52295.5
1683902271 101.46 13.94 0.78 50578.9
1683902281 69.8 18.08 15297.4 131576
1683902291 102.84 18.8 0.78 53432.9
1683902301 102.74 14.18 0 51427.7
1683902311 96.79 13.93 0.39 51899.1
1683902321 85.84 23.22 14313.3 129021
1683902331 96.97 13.7 1.17 49526.5
1683902341 105.97 14.36 0 79499.1
1683902351 9.95 17.58 0 63610.9
1683902361 77.19 23.47 14016 141681
1683902371 109.01 13.94 0 81782.2
1683902381 93.66 14.47 0.39 75930.5
1683902391 92.08 14.21 1.56 71788.7
1683902401 59.62 23.51 14028.1 151116
1683902411 72.83 18.17 0.39 55639.5
1683902421 88.65 14.48 0.39 71848.3
1683902431 109.97 19.42 0 81955.1
1683902441 86.73 14.76 0.78 75157.1
1683902451 70.25 18.54 14229.5 151333
1683902461 110.82 23.86 0 82274.1
1683902471 90.46 14.32 1.17 79187.1
1683902481 110.06 14.87 0 83202.7
1683902491 34.52 18.02 14340 534952
1683902501 84.78 23.25 0.78 47821.7
1683902511 102.72 13.73 0 52080.3
1683902521 93.94 14.21 1.56 54802.7
1683902531 7.73 17.96 14606.1 111592
1683902541 96.68 23.24 0.78 47313.8
1683902551 101.66 18.83 0.78 54288.3
1683902561 102.75 18.37 0.78 52445
1683902571 2.53 17.75 14982.5 113882
1683902581 100.98 23.23 15026.3 138193
1683902591 95.06 13.72 1.16 50698.8
1683902601 102.63 14.2 0 53070.4
1683902611 97.47 13.95 1.55 49400.6
1683902621 74.09 18.08 15550.3 132342
1683902631 102.84 18.8 0.78 54113.4
1683902641 102.93 14.18 0 50585.4
1683902651 93.86 13.92 0.78 50092.9
1683902661 82.29 23.22 14053 127126
1683902671 103.13 13.7 0.78 48316.7
1683902681 97.87 19.39 0.39 50485.8
1683902691 11.52 23.12 13537.1 107542
1683902701 109.18 23.46 0.78 75763.9
1683902711 110.73 19.08 0 83019.1
1683902721 75.48 14.5 0.39 59407.4
1683902731 101.95 19.38 0 78975.6
1683902741 70.74 23.48 14832 161511
1683902751 59.32 18.06 1.56 53713.6
1683902761 110.43 19.53 0 83197.3
1683902771 108.02 19.32 1.17 80339.5
1683902781 64.54 14.67 1.56 55154.7
1683902791 57.99 23.58 15093.6 157219
1683902801 108.68 23.71 0.78 85840.4
1683902811 81.56 19.27 0.78 65111
1683902821 108.11 14.64 0 81598.8
1683902831 94.34 19.52 0.39 78299.7
1683902841 86.64 23.56 15353.2 168181
1683902851 105.66 19.12 1.17 78619.1
1683902861 56.6 14.42 0.78 48825.4
1683902871 111.33 19.31 0 85681.2
1683902881 15.02 18.25 15086.8 156887
1683902891 102.54 23.56 1.17 77165.3
1683902901 110.34 14.4 0 83188.7
1683902911 74.14 14.15 2570.93 621317
1683902921 100.49 19.41 0.39 51901.1
1683902931 64.33 18.06 14593.2 130486
1683902941 92.1 18.19 2.34 50657
1683902951 102.65 18.92 0 54377.3
1683902961 101.86 19.41 0.39 50738.7
1683902971 48.98 23.17 15129.2 125055
1683902981 102.44 18.18 0.39 50821.9
1683902991 102.05 13.78 0 52361.7
1683903001 95.41 19.4 2.35 51626.2
1683903011 5.65 17.74 14979.7 96644.4
1683903021 4.21 17.75 307.24 225.44

Execution duration: 00:22:28.28
