1683906283 102.15 5 549.06 43660.1
1683906293 102.63 0.56 0 45206.2
1683906303 103.03 14.21 29.24 45692.4
1683906313 32.21 23.37 14603.7 108543
1683906323 102.73 18.15 17.93 49043.3
1683906333 102.43 13.75 0 51973.5
1683906343 94.45 14.4 3.9 69639.4
1683906353 42.35 18.22 13805.4 143215
1683906363 103.22 18.4 0.39 77668.6
1683906373 70.64 19.4 75.7 143317
1683906383 102.43 14.19 0 51198.8
1683906393 96.88 13.94 1.95 60369.9
1683906403 69.24 23.42 15117 129709
1683906413 103.11 17.83 0.78 50938
1683906423 102.53 14.17 1.17 50879.5
1683906433 102.34 13.93 0 50924
1683906443 51.31 18.05 15070.1 124597
1683906453 102.55 17.82 0 51293.6
1683906463 96.4 14.3 1.56 73751.7
1683906473 111.3 19.41 0 82927.4
1683906483 102.54 19.96 15451.8 78303.5
1683906493 81.28 18.33 15483.4 154875
1683906503 108.48 14.36 0 78093.5
1683906513 99.42 14.12 0.78 84475.6
1683906523 104.93 14.67 0.77 76902
1683906533 18.46 23.34 15668.8 336336
1683906543 75.64 18.1 1.93 43474.7
1683906553 101.47 13.69 0.78 53249.2
1683906563 103.11 19.53 0 60657.6
1683906573 95.52 13.94 1.56 51226.9
1683906583 63.71 18.24 15439.2 158068
1683906593 97.79 23.34 0.39 74286.8
1683906603 109.35 14.39 0 79591.4
1683906613 100 14.12 1.17 78020.6
1683906623 29.06 23.68 13810.3 134809
1683906633 110.43 18.1 0 82175.4
1683906643 84.91 19.41 0.78 243749
1683906653 83.69 13.8 2.34 48787.9
1683906663 101.55 14.3 0 50714.6
1683906673 56.92 18.05 15230.8 133336
1683906683 102.34 23.52 0 50785.6
1683906693 103.31 13.78 0.39 52647.5
1683906703 101.36 14.27 0 53094
1683906713 47.76 18.05 14925.9 123681
1683906723 95.13 23.5 1.17 51839.8
1683906733 102.54 13.76 0 52533.1
1683906743 97.86 14.24 0.78 47513.1
1683906753 19.49 23.34 15230.4 118889
1683906763 109.64 18.32 0.39 80293.3
1683906773 108.82 13.94 0 81522.4
1683906783 93.82 14.47 0 69307
1683906793 84.31 14.19 0.78 68490.1
1683906803 48.75 23.71 15519.7 154753
1683906813 87.25 18.1 0.78 72844.4
1683906823 100.29 14.48 1.17 76649.4
1683906833 109.07 19.58 0 80812.9
1683906843 101.27 14.72 1.56 81570
1683906853 87.34 18.56 14925 158845
1683906863 90.95 18.67 0.39 73119
1683906873 88.97 19.11 0.39 48824.6
1683906883 101.95 14.26 0 377571
1683906893 16.83 18 15224.9 123801
1683906903 102.25 23.47 0 51121.2
1683906913 97.56 13.72 1.17 50309.9
1683906923 102.45 14.22 0 50439.4
1683906933 21.63 18 14285.8 112133
1683906943 102.54 23.48 0 56052.7
1683906953 102.06 13.73 0 50875.3
1683906963 92.69 14.22 1.95 50007.4
1683906973 24.78 18.02 14028.1 114340
1683906983 96.8 23.48 0.78 49561.8
1683906993 101.95 13.73 0 49743.5
1683907003 102.24 14.22 0 51896.4
1683907013 34.6 23.36 14014.4 116104
1683907023 93.48 18.14 0.39 45117.8
1683907033 100 13.74 0.39 52354.7
1683907043 101.94 19.57 0 51284.2
1683907053 30.28 18.02 14202.5 113184
1683907063 110.45 18.34 0 81210.5
1683907073 96.01 13.92 1.17 74715.6
1683907083 109.48 19.83 0 80205
1683907093 92.99 14.22 0.39 71178.2
1683907103 90.64 18.46 14466.3 154049
1683907113 110.91 18.19 0 83029.4
1683907123 81.8 19.83 0 63894.4
1683907133 81.17 14.28 0.77 66630.5
1683907143 27.55 18.42 14549.2 146879
1683907153 92.09 23.57 1.55 78330.4
1683907163 84.33 14.53 0 69891.3
1683907173 111.2 14.35 0 81458.2
1683907183 89.95 14.81 1.16 77961
1683907193 32.43 23.92 15026.7 146581
1683907203 108.95 18.77 0 80129.3
1683907213 104.47 14.35 0.39 85938.5
1683907223 101.84 19.56 0 492681
1683907233 84.3 13.95 1.17 45795.1
1683907243 66.8 18.07 15489.8 132070
1683907253 101.94 23.18 0 53220.2
1683907263 101.36 14.16 0.78 54519.7
1683907273 102.05 13.93 0 53522.8
1683907283 78.75 18.09 14149.3 124629
1683907293 102.24 23.18 0 50872.5
1683907303 95.66 14.27 1.55 48225.7
1683907313 2.52 23.08 13484.4 105235
1683907323 100 23.51 13537.9 126628
1683907333 101.85 19.09 0 48805.4
1683907343 100.48 14.25 0.39 51617.9
1683907353 102.44 14.03 0 48335.2
1683907363 89.29 23.46 15037.7 137166
1683907373 95.91 23.22 1.56 48289.9
1683907383 102.24 14.23 0 50271.3
1683907393 98.05 19.4 1.17 49157.5
1683907403 60.33 23.55 15093.6 125428
1683907413 102.44 23.3 0.39 50238
1683907423 101.85 14.28 0 50281.1
1683907433 95.37 14.03 0.39 46390.7
1683907443 31.56 23.39 15383.6 124511
1683907453 102.34 17.78 0 50729.4
1683907463 95.86 19.47 1.55 48022.4
1683907473 102.25 19.24 0 53421.4
1683907483 21.85 23.55 14940.7 142991
1683907493 110.82 17.97 0 82080
1683907503 92.31 14.27 0.39 68894.4
1683907513 78.66 19.35 0 61694.7
1683907523 110.39 14.49 0 81376.7
1683907533 38.71 18.23 14410.4 138774
1683907543 102.15 23.71 1.56 79711.2
1683907553 110.58 13.97 0 82574.6
1683907563 75.64 18.57 1.17 62931
1683907573 97.08 14.16 0.78 76259.1
1683907583 64.2 23.65 14939.4 159986
1683907593 78.94 18.01 1.55 71881
1683907603 106.92 14.34 0 81502.5
1683907613 108.77 19.45 0 83953.2
1683907623 11.2 18 14615.8 141161
1683907633 17.34 17.99 786.75 32988.3

Execution duration: 00:22:43.43
