1683849646 277.35 18.63 129919 81.38
1683849651 299.06 14.11 145757 79.7
1683849656 299.05 14.18 143105 81.05
1683849661 299.24 14.48 145012 83.3
1683849666 300.38 14.12 143929 79.7
1683849671 298.87 14.11 145244 79.55
1683849676 299.62 14.11 143562 79.55
1683849681 299.62 14.48 145115 84.21
1683849686 299.06 14.11 143779 79.55
1683849691 300.19 14.11 145564 79.7
1683849696 299.81 14.11 144540 79.4
1683849701 298.87 14.48 145051 85.55
1683849706 299.62 14.11 144378 79.55
1683849711 300 14.11 144674 79.7
1683849716 298.51 14.11 144492 79.4
1683849721 300.19 14.48 145796 83.3
1683849726 299.62 14.11 145450 79.4
1683849731 299.81 14.11 145123 79.55
1683849736 299.81 14.11 145705 79.4
1683849741 300.76 14.48 145746 84.21
1683849746 299.8 14.11 143690 80.6
1683849751 299.07 14.11 144612 80.9
1683849756 299.81 14.11 142337 24436.8
1683849761 298.89 14.48 135467 133844
1683849766 300 14.21 133179 131586
1683849771 170.98 14.23 74906.4 73971.5
1683849776 155.18 14.3 65030.5 64180.8
1683849781 160.38 14.67 70980.4 70017.4
1683849786 282.62 14.42 125713 125482
1683849791 297.94 1.31 131915 131913
1683849796 0 4.52 3855206 727313

Execution duration: 00:02:35.35
