1683900302 101.96 5 548.33 45550.3
1683900312 103.02 0.58 0 44971.3
1683900322 103.24 19.3 18.79 46638.8
1683900332 38.19 23.12 14734.8 109843
1683900342 103.71 18.16 26.93 51112.2
1683900352 102.64 13.77 0 51827.2
1683900362 100.01 19.51 2.73 73678.4
1683900372 56.98 18.3 13926.6 147380
1683900382 95.32 18.4 1.17 74693.1
1683900392 76.46 19.17 75 144921
1683900402 102.26 14.21 0 51849.2
1683900412 95.01 13.96 3.91 56161.1
1683900422 82.7 18.09 15173 132443
1683900432 102.93 18.79 0.78 53540.2
1683900442 102.64 14.19 0 51856.5
1683900452 101.08 13.96 0.78 50534.4
1683900462 70.96 18.08 15201.6 131442
1683900472 102.74 22.94 0 52334.4
1683900482 99.61 14.34 2.34 76473.1
1683900492 111.32 14.14 0 85200
1683900502 28.43 23.36 15512.5 142293
1683900512 110.96 18.04 1.17 83552.6
1683900522 104.66 14.42 0 78390.7
1683900532 79.34 14.15 2.73 67887.7
1683900542 111.12 19.79 0 80510.3
1683900552 47.32 18.51 15726.4 153438
1683900562 78.03 18.13 7.42 269288
1683900572 102.54 13.74 0 55605.9
1683900582 97.36 14.22 1.95 58384
1683900592 101.95 19.08 0 50945.2
1683900602 93.55 18.11 15454.7 136846
1683900612 102.35 13.71 0 51689.5
1683900622 96.59 14.2 0.78 49100.1
1683900632 18.48 23.1 13890.1 114474
1683900642 102.74 18.17 0.78 51951.6
1683900652 98.54 14.1 4.26 49446.3
1683900662 109.1 19.5 3.87 83283.6
1683900672 95.72 14.16 1.95 75677.7
1683900682 93.14 23.45 15096.4 162531
1683900692 97.26 13.94 1.95 74495.1
1683900702 82.22 14.45 0 66731.6
1683900712 111.82 19.33 0 82890.2
1683900722 19.95 18.33 14825.6 144419
1683900732 101.17 18.15 0.39 77788.3
1683900742 111.12 14.48 0 84392.2
1683900752 72.15 19.36 1.95 66210.3
1683900762 101.85 14.27 0 347421
1683900772 36.84 18.04 15230.4 127581
1683900782 88.86 18.14 1.95 54638.1
1683900792 101.55 18.84 0 52609.1
1683900802 91.39 14.22 1.16 46824.8
1683900812 102.15 13.98 0 53585.2
1683900822 88.72 18.1 15626.4 136731
1683900832 102.16 18.8 0 51704.4
1683900842 102.34 19.29 0.39 51548.9
1683900852 102.15 13.96 0 50897.9
1683900862 87.2 18.1 14984.2 130543
1683900872 99.9 18.79 0.39 52723.1
1683900882 101.45 14.19 0 51747.8
1683900892 100 13.96 0.39 50878.5
1683900902 83.11 18.27 15282.4 162863
1683900912 94.05 23.12 1.17 73198.1
1683900922 109.87 14.41 0 80441.8
1683900932 92.1 14.15 0 71636.7
1683900942 28 18.34 14300.1 133018
1683900952 110.91 18.12 0 83629.2
1683900962 73.63 19.49 0.78 61957.3
1683900972 96.97 14.21 1.56 75599.2
1683900982 110.94 14.72 0 84225.4
1683900992 62.52 18.53 14028.5 139374
1683901002 110.12 19.59 0 83198
1683901012 108.5 14.27 0 89095.2
1683901022 103.22 14.82 0 80356.3
1683901032 66.04 18.62 14028.1 154986
1683901042 77.15 23.24 1.56 433677
1683901052 90.03 13.73 0 49120.2
1683901062 103.62 19.32 0 57228.5
1683901072 24.8 18.01 14243.4 117039
1683901082 102.35 23.23 0 53670.8
1683901092 102.44 13.74 0.39 52107.2
1683901102 101.96 14.24 0 51811.1
1683901112 31.67 18.03 14494.2 119731
1683901122 102.54 18.16 0 51411.1
1683901132 98.73 18.85 1.17 50482.7
1683901142 102.14 14.24 0 57709
1683901152 32.97 18.03 14450.7 116944
1683901162 97.95 18.15 0.78 49801
1683901172 102.56 18.84 0 52170.7
1683901182 102.04 14.24 0.39 53169.9
1683901192 28.02 18.02 15070.3 121457
1683901202 94.25 23.41 1.95 73235.9
1683901212 109.76 13.93 0 83877.5
1683901222 99.32 14.48 1.16 74661.1
1683901232 88.28 14.21 0.78 71924.2
1683901242 62.1 23.48 15384.9 158093
1683901252 100.01 18.14 0 82718.4
1683901262 77.97 14.44 1.95 67387.9
1683901272 109.87 19.36 0 81839.5
1683901282 11.81 18.17 0 69525.1
1683901292 77.35 18.56 14177.3 142999
1683901302 110.93 14.53 0 84395.7
1683901312 96.68 19.52 0.39 81351.8
1683901322 94.45 20.01 0 74966.4
1683901332 74.53 23.79 13523.9 148976
1683901342 92.97 18.83 1.17 75524.7
1683901352 110.64 19.61 0 82471.8
1683901362 94.45 15 0.39 73059.9
1683901372 9.45 23.57 14817.5 136157
1683901382 98.46 18.14 15072.9 633068
1683901392 101.85 13.75 0.39 57199.2
1683901402 102.83 19.43 0 50456.6
1683901412 94.54 19.19 1.56 48894.7
1683901422 79.22 23.33 15108.3 132078
1683901432 102.93 23.09 0 53049.2
1683901442 102.26 19.42 0 49080.8
1683901452 103.32 14.06 0.39 50068.4
1683901462 57.47 18.06 15369 128073
1683901472 102.45 22.94 0 51921.8
1683901482 98.83 14.15 1.17 49942.6
1683901492 102.05 13.92 0 53786.7
1683901502 48.35 23.17 15043.6 121308
1683901512 102.25 22.93 0 52068.8
1683901522 100.89 14.18 0.39 50628.4
1683901532 102.15 19.04 0 51887.6
1683901542 50.69 18.05 14579.7 118124
1683901552 101.95 17.81 0 52959
1683901562 102.63 19.27 3252.68 56718
1683901572 100.87 19.02 0 49395.9
1683901582 41.57 18.04 15099.7 123515
1683901592 102.05 17.81 0.39 50630.6
1683901602 102.24 19.26 0 53109.4
1683901612 96.48 18.05 1.95 47177.7
1683901622 5.28 17.75 14928.1 100128
1683901632 4.9 17.74 367.91 261.83

Execution duration: 00:22:19.19
