1683909116 275.76 18.69 127385 84.85
1683909121 299.63 14.13 141899 79.1
1683909126 299.25 14.13 139775 303.91
1683909131 299.06 14.13 140586 389.55
1683909136 300.01 14.57 140880 388.8
1683909141 300.01 14.13 140775 380.6
1683909146 299.06 14.13 140157 381.38
1683909151 300 14.13 141277 388.83
1683909156 299.43 14.5 139636 389.59
1683909161 300.19 14.14 140492 384.36
1683909166 299.44 14.13 141751 387.38
1683909171 299.25 14.13 140181 381.38
1683909176 299.43 14.5 140420 384.36
1683909181 299.64 14.13 140372 387.34
1683909186 299.45 14.13 140203 385.85
1683909191 299.44 14.13 140752 387.34
1683909196 299.44 14.5 140801 391.79
1683909201 299.62 14.13 142018 381.38
1683909206 299.44 14.13 140844 380.6
1683909211 300 14.14 141134 379.89
1683909216 299.25 14.5 139902 387.34
1683909221 299.62 14.13 141110 389.55
1683909226 299.63 14.13 140062 388.83
1683909231 299.26 14.13 134436 94733.7
1683909236 299.25 14.5 132076 130741
1683909241 299.62 14.22 129974 128628
1683909246 299.63 14.28 129810 128543
1683909251 297.95 14.36 127790 127368
1683909256 296.46 14.78 127001 127375
1683909261 0.19 17.67 3.82695e+06 748786

Execution duration: 00:02:31.31
