1683912234 85.73 5.63 247409 3.04
1683912238 53.79 5.6 222489 3.79
1683912243 41.58 5.2 221061 0
1683912248 40.12 1.04 222443 0
1683912253 38.89 1.04 221511 0
1683912258 39.59 1.41 221751 4.55
1683912263 40.03 1.04 222046 0
1683912268 40.35 1.04 221819 0
1683912273 39.02 1.04 221725 0
1683912278 39.46 1.41 221851 6.07
1683912283 39.65 1.04 221784 0
1683912288 39.78 1.04 221857 0
1683912293 40.54 1.04 221601 0
1683912299 39.5 1.41 221156 3.78
1683912303 46.87 1.04 222603 50981.4
1683912309 62.38 1.07 221473 218715
1683912314 63.89 14.42 222402 219594
1683912319 64.71 1.76 221328 220629
1683912324 6.81 4.52 3.88468e+06 746948

Execution duration: 00:01:36.36
