1683885502 101.66 4.97 137.65 45032.9
1683885512 103.33 0.94 16.45 45794.7
1683885522 103.92 15.27 2.35 46021.9
1683885532 38.49 19.46 14663.3 110820
1683885542 102.83 17.8 1.96 51066.7
1683885552 105.96 14.28 0 64997.1
1683885562 91.59 14.03 2.35 68171.6
1683885572 47.81 18.28 13845.6 143327
1683885582 103.68 19.53 79.15 73302.8
1683885592 73.87 14.07 81.41 141384
1683885602 102.24 15.26 0 51914.1
1683885612 94.52 14.34 5.09 57383.3
1683885622 74.63 18.08 15202.7 129416
1683885632 102.75 19.63 0.39 51298.2
1683885642 102.62 13.81 0 51758.1
1683885652 102.34 14.3 0 52181.6
1683885662 64.87 18.05 15261.4 130503
1683885672 105.67 18.35 0 63982.1
1683885682 96.49 15.38 2.73 74124.4
1683885692 109.89 14.52 0 79842.1
1683885702 21.73 18.25 15406.8 146422
1683885712 94.15 18.43 1.95 73718.9
1683885722 110.18 15.46 0 81488.8
1683885732 98.05 14.51 0.78 81805.7
1683885742 112.12 14.36 0 77244.6
1683885752 39.64 18.03 15745.7 336560
1683885762 85.29 17.78 1.56 48898.6
1683885772 102.65 15.53 0 53188.6
1683885782 94.04 13.86 1.95 49413.5
1683885792 105.27 14.51 0 64626.4
1683885802 99.41 18.28 15350.2 165150
1683885812 110.37 15.75 0 79941.7
1683885822 102.13 14.07 0 77572.9
1683885832 68.08 14.52 2.34 61158.2
1683885842 70.19 19.81 13890.1 153299
1683885852 103.92 18.51 1.56 89185.9
1683885862 91.58 14.12 0.78 246189
1683885872 102.54 15.69 0 55856.5
1683885882 35.27 18.01 15303.8 123328
1683885892 102.06 18.15 0 51440.6
1683885902 95.74 15.18 2.33 47650.1
1683885912 102.75 14.26 0 56166.1
1683885922 17.13 17.99 14999.4 115039
1683885932 102.06 18.12 0.39 50807.4
1683885942 102.65 15.15 0.78 51887.9
1683885952 102.54 14.22 0 49878.8
1683885962 4.61 17.9 15290 116385
1683885972 105.28 18.28 0.39 61584.7
1683885982 109.88 13.9 0 84493.1
1683885992 74.7 15.79 1.56 62240.9
1683886002 110.97 18.34 0.78 82308.7
1683886012 38.89 18.29 15595 150788
1683886022 89.83 19.52 2.35 73666.9
1683886032 110.45 14.42 0 84558.8
1683886042 87.97 14.21 0 68864.2
1683886052 86.49 14.68 1.17 68275
1683886062 64.61 19.93 14983.4 156614
1683886072 84.65 18.61 0.39 73736.1
1683886082 106.18 15.65 0.78 81825.3
1683886092 100.49 14.22 0 383932
1683886102 92.17 15.39 1.96 54433.3
1683886112 92.17 18.1 15327.3 137991
1683886122 97.46 13.69 1.57 50245.4
1683886132 102.46 14.18 0 50402.4
1683886142 93.34 15.35 0.78 51117.3
1683886152 89.42 18.09 14216.1 129966
1683886162 103.24 13.7 0.39 50268.4
1683886172 95.41 14.18 0.39 49145.2
1683886182 2.13 17.73 13946.5 106834
1683886192 99.13 19.54 13947.2 125834
1683886202 101.86 15.14 0 51184.4
1683886212 99.9 14.2 0.39 49763
1683886222 20.12 18 13973.6 114778
1683886232 95.6 18.12 1.57 51424.7
1683886242 102.45 13.72 0 50399.2
1683886252 102.74 15.64 0.78 52028.6
1683886262 28.42 18.02 14242.2 112827
1683886272 104.7 18.31 0.39 63515
1683886282 110.28 13.94 0 83206.2
1683886292 111.34 15.93 0 81924.1
1683886302 67.88 15.63 1.56 54534.4
1683886312 83.7 19.77 14480.1 154634
1683886322 110.41 18.17 0 85219.1
1683886332 79.56 14.46 1.17 71571.1
1683886342 101.97 15.72 0.78 79012.7
1683886352 43.36 18.43 14591.8 154105
1683886362 81.35 18.15 1.17 69374.6
1683886372 109.59 14.57 0 82714.3
1683886382 101.97 15.75 0.78 81997.7
1683886392 110.34 14.86 0 79724.2
1683886402 90.45 18.64 15055.6 164072
1683886412 65.93 20.22 1.17 55884.8
1683886422 107.83 14.38 0 84755
1683886432 110.84 14.93 0 88832
1683886442 57.82 14.31 1.55 489016
1683886452 64.25 18.06 15580.8 130710
1683886462 98.54 19.25 0 54349.5
1683886472 97.35 14.15 0.78 51538.2
1683886482 102.44 13.91 0 51421.5
1683886492 71.16 18.07 14190.8 123109
1683886502 102.05 19.26 0 51106.9
1683886512 96.28 14.25 1.57 47568.3
1683886522 101.84 15.44 0 53660.6
1683886532 94.65 19.56 13511.5 125045
1683886542 102.16 15.17 0 50560.5
1683886552 102.06 15.71 0.78 52226.4
1683886562 101.27 18.18 0 49143
1683886572 93.64 19.54 15207.8 142624
1683886582 102.54 19.33 0 52656.9
1683886592 101.75 14.24 0 51572
1683886602 96.08 15.49 1.17 49693.6
1683886612 79.07 19.64 15152.6 134514
1683886622 102.55 17.96 0.39 50578.3
1683886632 103.23 15.74 0 51843.1
1683886642 93.45 14.04 1.17 47250.4
1683886652 57.58 18.06 15323.4 129570
1683886662 96.09 19.25 1.57 49033.9
1683886672 102.36 15.58 0 50071.3
1683886682 100.87 13.89 0.39 53365.7
1683886692 43.83 19.65 15027.8 132933
1683886702 111.24 17.99 0 82779.3
1683886712 74.38 19.89 5.06 60343.5
1683886722 111.53 14.06 0 82186.3
1683886732 106.75 15.98 14593.5 86755
1683886742 56.72 18.26 14621.7 132005
1683886752 105.68 15.68 0 80186.5
1683886762 111.44 13.99 0 90315.5
1683886772 68.43 14.43 1.56 58583
1683886782 110.76 14.2 0 82872.3
1683886792 94.62 19.77 15130 169405
1683886802 97.07 13.91 0.78 77731.9
1683886812 110.85 14.42 0 83984
1683886822 78.59 15.57 0 66033.2
1683886832 13.32 17.99 14786 129874
1683886842 14.17 18 452.34 32484.8

Execution duration: 00:22:30.30
