1683882573 87.86 18.66 258097 80.15
1683882578 52 18.7 221244 83.05
1683882583 40.72 18.38 222128 81.07
1683882588 39.24 13.82 219966 79.24
1683882593 38.74 13.81 220679 80.92
1683882598 37.91 14.18 221360 109.71
1683882603 39.15 13.88 223473 385.41
1683882608 38.54 13.81 221216 383.21
1683882613 38 13.81 223276 385.41
1683882618 38.4 14.18 220984 395.43
1683882623 37.53 13.81 220283 382.48
1683882628 37.83 13.81 219888 381.75
1683882633 38.89 13.81 222947 392.34
1683882638 39.05 14.18 221355 386.29
1683882643 44.17 13.81 221909 58308.2
1683882648 60.46 13.91 221486 218994
1683882653 62.76 13.96 223678 221294
1683882658 62.74 14.45 220554 220386
1683882663 7.03 17.66 3.90654e+06 750717

Execution duration: 00:01:36.36
