1683904740 102.05 10.32 545.7 43684.8
1683904750 102.73 0.56 0 45161.4
1683904760 103.22 19.53 18.32 45023.8
1683904770 32.58 18.02 14597.1 108388
1683904780 102.52 23.48 28.71 50308.1
1683904790 102.35 13.74 0 50622.6
1683904800 95.62 19.72 3.12 63410.3
1683904810 45.13 18.2 13913.1 144969
1683904820 105.85 23.73 0.78 77901.5
1683904830 70.73 14.06 74.2 144262
1683904840 102.74 14.19 0 52558.8
1683904850 95.42 13.93 5.07 58201
1683904860 66.84 23.4 15143.4 125881
1683904870 101.26 13.68 0.77 51895.6
1683904880 102.53 14.16 0.78 50449.9
1683904890 102.53 13.92 0 52134.2
1683904900 46.64 23.37 15217.2 123474
1683904910 102.92 17.8 0 51221.8
1683904920 103.21 14.3 1.17 70558
1683904930 109.85 14.08 0 82083.5
1683904940 11.39 23.34 15451.4 145146
1683904950 96.58 18.35 15529.6 165875
1683904960 110.9 14.38 0 82220.2
1683904970 76.22 14.09 0 65143.9
1683904980 96.19 19.91 1.56 76550.8
1683904990 19.39 18.37 15710.7 151771
1683905000 78.66 18.09 5.46 272894
1683905010 96.29 13.69 1.95 51074.8
1683905020 103.21 19.5 0 56027.3
1683905030 94.73 13.91 1.56 49486.6
1683905040 46.12 18.04 15334.5 125533
1683905050 102.63 23.13 0.78 49820.3
1683905060 101.95 14.13 0 50558.8
1683905070 95.32 13.89 1.17 49440.4
1683905080 55.9 18.06 13863 120939
1683905090 96.88 23.14 1.17 50982.2
1683905100 106.84 14.31 0 73686.4
1683905110 110.61 14.08 0 85003.3
1683905120 16.93 18.22 15200.4 136848
1683905130 109.87 18.02 0 80604.2
1683905140 95.03 14.32 0 78320.5
1683905150 74.1 19.43 1.17 60489.2
1683905160 111.11 19.93 0 82793
1683905170 36.16 18.4 14925.1 146478
1683905180 83.71 18.52 0.78 69318.2
1683905190 110.05 14.18 0 79809.9
1683905200 96 14.76 1.17 78799.2
1683905210 87.34 19.6 0.39 340162
1683905220 41.46 18.04 15245.3 126009
1683905230 97.08 17.79 1.56 55991.8
1683905240 102.63 19.45 0 51102.1
1683905250 98.44 13.87 2.34 50818.7
1683905260 2.54 17.75 15701.6 115992
1683905270 98.83 18.1 15687 135006
1683905280 102.64 19.58 0.39 71777.2
1683905290 110.82 14.02 0 83802
1683905300 86.52 14.54 0.78 68281.2
1683905310 64.12 23.65 14939.6 156573
1683905320 104.68 18.5 0.78 84659.6
1683905330 102.73 14.08 0 77462.9
1683905340 109.77 14.62 0 82479.4
1683905350 68.23 19.69 0.78 57207.8
1683905360 84.34 23.82 15223.3 165667
1683905370 110.8 14.15 0 85744.9
1683905380 74 14.13 1.56 331429
1683905390 102.43 13.88 0 53157.7
1683905400 51.47 18.05 14286.2 127689
1683905410 96.4 17.8 0.78 49113.2
1683905420 102.24 19.49 0 53901.4
1683905430 102.14 13.89 0.78 48458.1
1683905440 60.39 18.07 13892.6 121473
1683905450 97.76 17.82 1.17 49822.1
1683905460 102.15 19.48 0 56989.6
1683905470 103.9 18.06 0.78 51941.1
1683905480 70.57 18.08 14014.4 121416
1683905490 102.25 19.01 0.39 51953.2
1683905500 101.85 14.16 0 49042.9
1683905510 101.55 19.25 0.39 50246.8
1683905520 79.4 23.59 14106.4 144511
1683905530 110.16 19.21 0 82825.4
1683905540 87.64 14.41 1.16 68887.3
1683905550 111.29 14.16 0 82282.1
1683905560 49.28 23.7 14437.8 149317
1683905570 78.6 18.09 0.78 67707.8
1683905580 110.31 14.42 0 81104.2
1683905590 101.46 14.24 0 80233.7
1683905600 88.32 20.04 0.78 72536.4
1683905610 75.53 18.54 14563.4 155814
1683905620 92.89 14.49 0 76996.3
1683905630 83.8 14.29 0.39 66437.1
1683905640 110.32 20.12 0 82571.8
1683905650 88.68 14.51 0.78 72818
1683905660 74.98 18.08 15027.1 499830
1683905670 102.25 19 0 54092.5
1683905680 98.16 14.17 1.16 51904.4
1683905690 102.04 13.93 0 50750.9
1683905700 45.52 18.07 15370 124529
1683905710 102.44 23.13 0 49710.1
1683905720 98.73 14.13 1.17 50234.5
1683905730 104.59 13.97 160.78 48325.1
1683905740 47.81 18.05 14136.3 116508
1683905750 101.65 23.14 0 48971.2
1683905760 102.24 14.13 0 55385.6
1683905770 92.02 19.32 0 47610.1
1683905780 58.39 23.42 13510.7 117705
1683905790 95.13 23.17 0.39 49754.1
1683905800 100.87 14.18 0 50193.8
1683905810 102.25 13.96 0.39 50539.7
1683905820 39.91 23.39 14688.7 118398
1683905830 101.65 17.82 0 51978.9
1683905840 102.05 14.17 0 49655.3
1683905850 102.52 19.28 0 51043.3
1683905860 20.87 23.47 15036.1 118974
1683905870 102.34 23.23 0 52889.7
1683905880 107.7 19.75 0.78 69900.8
1683905890 109.66 14.17 0 81084.4
1683905900 96.49 14.65 0 73039.8
1683905910 54.58 23.6 15353.2 144747
1683905920 110.92 18.38 0 81307.6
1683905930 86.08 19.29 0.78 66738.8
1683905940 80.48 14.41 0.39 66335.5
1683905950 109.09 19.51 0 81428.8
1683905960 60.66 18.27 15057.8 155656
1683905970 60.99 19.17 0.39 51379.1
1683905980 111.19 14.32 0 82509.8
1683905990 104 14.07 1.17 85346.1
1683906000 76.34 14.52 0.39 63743.7
1683906010 68.8 23.64 14549.7 153991
1683906020 100.78 18.41 0.78 86368
1683906030 105.17 19.34 1.17 79574.3
1683906040 110.35 14.5 0 82118.6
1683906050 83.45 19.56 1.56 71908.9
1683906060 90.27 18.35 15041.4 164980
1683906070 114.13 14.1 3990.25 87644.4
1683906080 80.94 23.65 3986.77 592745
1683906090 89.77 19.22 0.78 50540.6
1683906100 5.45 17.75 14830.4 99849
1683906110 6.55 17.74 432.03 308.6

Execution duration: 00:23:00.00
