1683909314 102.24 10.34 137.36 44752.4
1683909324 102.14 0.94 27.29 44713.4
1683909334 103.03 14.21 2.34 45551.7
1683909344 32.81 18.03 14447.1 107692
1683909354 102.42 23.52 1.55 49980.2
1683909364 110.91 14.29 0 82237.8
1683909374 85.96 14.04 0.39 67076
1683909384 14.5 23.38 13979.4 164780
1683909394 102.73 17.77 0 53411.7
1683909404 88.79 14.08 3.51 53016.8
1683909414 102.34 19.57 0 50611.5
1683909424 95.82 14.48 1.95 73633.1
1683909434 74.69 18.26 14997.1 157277
1683909444 109.09 23.83 0.39 80826.3
1683909454 65.76 14.11 7.37 148462
1683909464 102.24 19.6 0 50252.2
1683909474 97.18 14.02 1.17 57395.3
1683909484 97.85 18.14 15187.1 132293
1683909494 103.12 18.24 0 51329.4
1683909504 102.15 19.57 1.95 50033.6
1683909514 102.14 18.49 0 51824.9
1683909524 72.79 18.08 15332.4 127189
1683909534 102.15 17.85 0 51281.1
1683909544 92.8 19.7 2.73 73093.3
1683909554 110.29 14.1 1.55 83961.5
1683909564 34.47 18.28 15695.4 151071
1683909574 67.16 23.37 2.34 58422.2
1683909584 108.1 14.39 1.95 81845.1
1683909594 111.97 18.31 0 92033.1
1683909604 78.4 18.75 1.17 68479
1683909614 10.34 18.15 15441.6 142321
1683909624 102.83 23.49 15424.2 370037
1683909634 88.71 13.71 1.56 59700.9
1683909644 102.73 14.19 0 51796.1
1683909654 10.14 23.35 13836 111713
1683909664 101.46 18.13 0 54212.7
1683909674 102.73 19.1 0.39 49913.1
1683909684 95.56 14.21 1.16 50521.6
1683909694 102.24 13.97 0 50292.1
1683909704 79.17 18.09 15215.2 129530
1683909714 102.44 17.86 0 52849.1
1683909724 109.74 19.74 0.39 83293.2
1683909734 110.78 14.14 0 82615.6
1683909744 63.88 18.32 14912.2 148772
1683909754 81.68 18.06 1.17 70874.9
1683909764 110.31 19.82 0 80771.6
1683909774 99.23 19.56 1.17 83856.3
1683909784 71.98 14.65 0.78 63945.1
1683909794 55.79 18.45 15216 149282
1683909804 113.55 23.96 0.39 96602.1
1683909814 75.37 14.22 1.17 68046
1683909824 97.37 14.21 2.34 341383
1683909834 103.32 13.98 0 60103.7
1683909844 70.24 23.45 15641.2 133084
1683909854 101.85 17.84 0 50786.4
1683909864 102.33 14.17 0.39 51868
1683909874 102.44 19.3 0 50338.9
1683909884 57.12 18.06 14941.1 126098
1683909894 102.44 17.83 0 52644.8
1683909904 100.5 19.52 1.17 58549.6
1683909914 102.24 13.91 0 49222.6
1683909924 39.34 18.04 15237.8 122470
1683909934 102.05 23.18 0 52455.4
1683909944 102.44 14.13 0 52617.8
1683909954 98.93 13.89 1.17 49799.6
1683909964 57.79 18.24 14285.4 151775
1683909974 85.9 23.36 0.78 67466.5
1683909984 110.53 14.38 0 80815.6
1683909994 111.18 14.14 0.39 86125.6
1683910004 13.82 18.27 14001.6 135227
1683910014 111.69 23.83 0 82571.9
1683910024 100.59 14.41 0.39 85361.3
1683910034 69.09 14.2 0.39 60492.5
1683910044 111.4 20.05 0 81957.6
1683910054 63.65 18.54 13865.8 151217
1683910064 82.94 18.63 1.56 68998.8
1683910074 108.06 19.6 0 79395.5
1683910084 94.02 18.93 0.39 80789.2
1683910094 8.18 17.96 14200.6 489732
1683910104 102.44 18.12 0 52934.1
1683910114 88.81 19.08 0.39 49134.2
1683910124 101.94 14.19 0 51287.2
1683910134 90.65 13.94 0.78 47292
1683910144 81.28 18.1 14451.9 134655
1683910154 99.32 23.23 0.78 50764.5
1683910164 100.1 14.18 0.39 52185
1683910174 102.34 13.94 0 53605.8
1683910184 78.86 23.46 14564.1 125090
1683910194 100.96 13.73 0 50801.2
1683910204 96.51 14.21 0.78 50573.7
1683910214 102.05 13.94 0 51278.7
1683910224 59.06 23.44 15042.1 125060
1683910234 102.44 17.83 0 50436.3
1683910244 102.14 14.16 0.39 53167.3
1683910254 102.15 19.29 0 50425.7
1683910264 44.89 18.23 15459.7 154563
1683910274 90.94 17.99 1.17 73234.3
1683910284 110.91 14.37 0 81018.9
1683910294 91.14 19.49 0 73274.8
1683910304 79.69 14.63 0.78 64931
1683910314 80.93 18.43 14053 155998
1683910324 94.55 18.61 0.78 78365.3
1683910334 76.19 19.54 1.93 66769.1
1683910344 111.7 20.12 0 85735.7
1683910354 49.76 23.9 13498 152550
1683910364 73.74 18.63 1.56 63289.5
1683910374 111.88 19.69 0 80798
1683910384 101.56 20.17 0 84671.7
1683910394 88.71 19.96 0.78 70404.3
1683910404 64.06 24.06 14803.1 155342
1683910414 106.71 14.3 0.39 79997.7
1683910424 110.89 20.21 0 80686.8
1683910434 95.82 14.72 680.04 71976.6
1683910444 68.23 19.83 679.89 531086
1683910454 81.38 23.6 14947.9 131888
1683910464 95.71 19.55 1.17 54978.2
1683910474 103.41 19.31 0 49369.4
1683910484 102.14 14.42 0.78 51052
1683910494 53.65 18.06 15308.5 124178
1683910504 102.73 19.41 0 51616
1683910514 92.44 13.78 0.78 45284.1
1683910524 102.93 19.67 0 53504
1683910534 34.01 18.03 15072.1 120207
1683910544 102.72 19.38 0 50009.8
1683910554 100.97 13.76 0 50278.3
1683910564 101.76 14.24 2570.65 54789.5
1683910574 32.33 23.4 14537.1 117820
1683910584 97.78 14 0 49687
1683910594 102.14 13.75 0 53047.7
1683910604 102.92 19.62 0.39 49653.8
1683910614 11.87 18.01 15055.6 116153
1683910624 98.06 13.96 1.56 49177
1683910634 102.34 23.26 0 49447.9
1683910644 95.24 14.2 2.33 49802.7
1683910654 2.62 17.38 0 28543.1
1683910664 10.13 23.13 15243.2 83783.4
1683910674 0.1 17.67 1.17 87.41

Execution duration: 00:22:44.44
