1683876519 55.75 13.47 261211 386.21
1683876524 32.43 17.7 221802 386.95
1683876529 33.2 13.94 221271 393.1
1683876534 31.48 13.47 221802 386.95
1683876539 32.31 13.47 222475 387.69
1683876544 34.23 13.47 221958 387.69
1683876549 30.36 13.84 219091 386.34
1683876554 31.35 13.47 222056 387.69
1683876559 33.2 13.47 222318 394.63
1683876564 31.61 13.47 221622 393.87
1683876569 32.63 13.84 221237 393.09
1683876574 32.44 13.47 221434 392.37
1683876579 31.42 13.47 220789 386.21
1683876584 32.69 13.47 222426 387.69
1683876589 40.42 13.84 223487 58442.1
1683876594 53.55 13.57 221997 219662
1683876599 53.62 13.64 222088 219666
1683876604 55.51 13.77 221223 221113
1683876609 0.76 17.74 3.93906e+06 756765

Execution duration: 00:01:36.36
