1683846853 101.97 1.56 137.78 46415.7
1683846863 102.75 0.94 16.47 46565.9
1683846873 103.34 13.83 1.96 46871
1683846883 43.63 14.62 14720.8 110872
1683846893 103.04 13.62 1.57 51320
1683846903 107.19 14.28 0 72338.5
1683846913 92.56 14.72 4.31 70926.9
1683846923 59.55 14.2 13981.2 145903
1683846933 94.71 13.99 79.46 128069
1683846943 79.73 14.79 2.74 48094.4
1683846953 102.66 13.85 0 52459.3
1683846963 8.52 13.83 15206.7 121574
1683846973 101.76 13.65 0 53470.6
1683846983 102.85 14.75 0.78 52121.4
1683846993 102.75 13.83 0 52443.1
1683847003 95.4 14.31 1.96 49117.9
1683847013 92.5 14.01 15200.8 135189
1683847023 106.48 14.9 0.78 69992.2
1683847033 97.56 13.98 1.57 78408.2
1683847043 111.36 14.55 0 84501.1
1683847053 46.23 14.86 15558.5 150820
1683847063 108.12 14.31 0.78 82680.6
1683847073 109.61 14.75 0 86610
1683847083 84.72 14.53 1.57 70490.9
1683847093 111.27 14.39 0 79645.8
1683847103 57.4 14.64 15792 341468
1683847113 89.5 13.62 2.75 47680.1
1683847123 102.64 14.12 0 54800
1683847133 100.29 13.88 2.35 56971.2
1683847143 32.82 14.09 15499.7 139092
1683847153 105.85 14.47 0.78 83258.8
1683847163 108.96 14.35 0 79931.9
1683847173 94.76 14.76 0 72413.6
1683847183 77.78 14.55 1.17 67468.6
1683847193 103.73 14.33 13917.3 159944
1683847203 94.27 14.37 0.78 85060.1
1683847213 95.39 14.86 2.35 248050
1683847223 100.68 14.28 0 53793.9
1683847233 57.88 13.95 15201.2 129084
1683847243 102.25 14.01 0 52868.9
1683847253 97.26 13.76 0.78 50347.9
1683847263 102.75 14.94 0 57137.3
1683847273 44.78 14.61 14970.5 121637
1683847283 102.06 13.99 0 53129.3
1683847293 102.94 13.76 0.78 54128.2
1683847303 101.86 14.25 0 51181.2
1683847313 40.3 14.62 15320 125555
1683847323 106.46 14.16 0 70468.5
1683847333 109.37 13.93 0.39 82753.1
1683847343 74.19 14.45 1.95 61700.5
1683847353 109.15 14.9 0 82375.9
1683847363 67.34 14.29 15625.7 154777
1683847373 90.89 13.95 1.57 75159.6
1683847383 111.76 14.44 0 86065
1683847393 80.32 14.93 0.78 64825.9
1683847403 94.33 15.4 0.39 72247.9
1683847413 98.42 14.46 15012.7 166711
1683847423 87.46 14.5 0.39 78555.5
1683847433 110.11 14.25 0 82332.4
1683847443 94.32 14.93 1.18 386521
1683847453 35.95 13.93 15327.7 127649
1683847463 101.35 13.98 0 52603.7
1683847473 92.35 13.72 0.39 48759.6
1683847483 102.36 14.22 0 53717.6
1683847493 38.44 14.61 14369.8 117071
1683847503 102.65 14.67 0 58445.4
1683847513 95.2 14.42 0.78 50546.1
1683847523 101.66 14.23 0 50445.1
1683847533 56.41 13.95 14083.4 119926
1683847543 102.95 14.01 0 51969.8
1683847553 102.75 14.45 0.39 54609.4
1683847563 102.16 14.27 0 50737.2
1683847573 83.63 13.99 14096.9 129531
1683847583 97.46 14.71 1.57 50305.9
1683847593 102.46 13.8 0 52489.4
1683847603 100.49 14.28 1.17 50924.9
1683847613 93.74 14.01 14284 128351
1683847623 107.74 14.92 0.39 71760.2
1683847633 110.57 14.02 0 82798.4
1683847643 95.3 14.56 1.96 73015.1
1683847653 69.15 14.91 14523.4 147978
1683847663 109.89 14.31 0 82093.6
1683847673 94.81 14.09 0.78 80691
1683847683 93.69 15.24 0 75528.9
1683847693 33.3 14.33 14634.7 146254
1683847703 90.86 14.35 1.17 79277.8
1683847713 110.5 14.87 0 82552.4
1683847723 109.79 14.68 0.39 86918.2
1683847733 76.3 14.39 1.17 66494.1
1683847743 68.76 14.52 15114.6 157089
1683847753 96.56 14.86 0 81908.7
1683847763 72.59 14.71 0.39 61963.6
1683847773 110.95 14.46 0 83792.6
1683847783 98.73 15.68 0 83977.7
1683847793 49.5 13.94 15566.3 591017
1683847803 102.36 14 0 53207.5
1683847813 96.67 13.76 0 55178.4
1683847823 102.16 14.92 0 51923.5
1683847833 62.25 13.96 14232.2 123087
1683847843 101.07 14.01 0 49033.5
1683847853 98.05 13.86 0.78 51629
1683847863 97.27 15.07 0.78 52100.7
1683847873 89.11 14.7 13484.4 125507
1683847883 102.75 14.09 1.18 51313.7
1683847893 102.46 14.56 0 55280
1683847903 102.06 15.06 0.78 49362.8
1683847913 95.15 14.03 14774.3 134096
1683847923 94.12 14.76 1.96 49844.3
1683847933 101.56 13.86 0 50989.1
1683847943 100.3 15.11 1.17 57265.6
1683847953 78.36 14.83 15156.9 129780
1683847963 102.65 14.16 0.78 51581.6
1683847973 102.06 14.63 0 49855.4
1683847983 102.26 15.13 0 52779.6
1683847993 65 13.96 15454.5 132693
1683848003 106.88 14.92 0 69014.3
1683848013 90.66 13.96 1.17 70158.4
1683848023 110.87 15.17 0 85359.9
1683848033 17.61 14.09 15043.6 137930
1683848043 102.93 14.15 0 77648.2
1683848053 109.22 14.62 0 81735.7
1683848063 77.56 14.36 0.39 64351.4
1683848073 110.01 14.83 0 83527.8
1683848083 68.67 14.18 14622.5 150586
1683848093 63.79 14.53 0 56677.9
1683848103 109.49 14.3 0 83235.6
1683848113 103.53 14.06 1.57 85061.7
1683848123 65.82 14.49 0.78 54695.4
1683848133 60.83 14.17 15158.9 159768
1683848143 98.34 14.93 0.78 76974.3
1683848153 95.1 13.95 0.39 74659
1683848163 109.9 14.46 0 85471.4
1683848173 78.16 14.89 0.78 67732
1683848183 9.41 14.61 15326.4 118922

Execution duration: 00:22:22.22
