1683839485 102.16 0.97 153.33 44631
1683839495 102.94 1.02 16.85 45928.3
1683839505 103.23 14.29 28.99 45713.2
1683839515 35.59 14.01 14686.7 109345
1683839525 103.03 14.13 0.39 49849.5
1683839535 110.65 14.31 0 83542.2
1683839545 83.56 14.45 0.39 64860.7
1683839555 20.18 14.01 14061.9 167860
1683839565 102.95 14.12 0 53833.7
1683839575 91.59 14.23 2.35 52415.3
1683839585 102.36 14.37 0 51305.8
1683839595 98.34 14.53 1.17 73860.3
1683839605 86.3 14.23 15187.9 163587
1683839615 103.82 14.33 0 77542.5
1683839625 84.03 14.21 5.45 155468
1683839635 102.94 14.33 0 51689.7
1683839645 24.05 14.09 15246.5 126043
1683839655 110.28 14.13 0 81755
1683839665 100.77 14.32 0 75020.6
1683839675 87.57 14.49 1.17 71376.5
1683839685 111.35 14.49 0 82568.3
1683839695 49.75 14.43 15557.3 152311
1683839705 93.14 14.06 0 188241
1683839715 102.24 14.06 0 53313.5
1683839725 91.68 14.31 0.78 49053.1
1683839735 102.84 14.44 0 50983.6
1683839745 87.38 13.95 15772.2 135497
1683839755 102.06 14.14 0 50822
1683839765 102.93 14.37 0 51189.4
1683839775 110.89 14.41 0 81732.3
1683839785 71.21 14.26 15499.7 162380
1683839795 89.04 14.36 0 70511.2
1683839805 109.68 14.33 0 83034
1683839815 83.94 14.63 0 69564.3
1683839825 67.55 14.71 0.39 64753.7
1683839835 90.42 14.1 13903.7 313324
1683839845 97.75 14.14 0 61354.4
1683839855 96.09 14.26 1.96 51106.8
1683839865 101.46 14.24 0 50115.4
1683839875 52.32 14.05 15303.4 124461
1683839885 102.75 14.11 0 49791.4
1683839895 102.26 14.1 0 57188.3
1683839905 102.85 14.36 0 51006.7
1683839915 35.77 14.06 14968.9 120026
1683839925 102.06 14.09 0 50363.1
1683839935 102.85 14.22 0 51989
1683839945 102.26 14.35 0 48842.8
1683839955 23.81 14.18 15305 150948
1683839965 102.16 14.32 0.39 77864.1
1683839975 111.18 14.43 0 82430.2
1683839985 83.88 14.4 0.78 63589.1
1683839995 86.5 14.7 1.17 69973.8
1683840005 34.54 14.36 15732.3 158359
1683840015 89.82 14.53 0 75532.6
1683840025 77.67 14.54 1.57 64151.2
1683840035 111.35 14.66 0 84243.1
1683840045 98.05 14.88 0 82165.2
1683840055 16.25 14.47 14998.8 141151
1683840065 99.52 14.13 0 363254
1683840075 101.58 14.04 0.39 60727
1683840085 101.76 14.31 0 49591
1683840095 100.78 14.43 0 50617.6
1683840105 80.21 13.97 15327.3 133324
1683840115 101.86 14.16 0 50140.4
1683840125 96.47 14.27 0.39 48043.9
1683840135 101.56 14.26 0 53198.1
1683840145 85.59 14.12 14369.4 125820
1683840155 102.16 14.16 0 50581.4
1683840165 92.23 14.27 0.39 50360.7
1683840175 102.15 14.4 0 50129.2
1683840185 87.06 14.12 14097.2 125979
1683840195 105.78 14.34 0 81013.5
1683840205 110.12 14.48 0 83518.7
1683840215 84.17 14.64 0 65740.8
1683840225 79.63 14.23 14083.1 156307
1683840235 97.46 14.45 0 75854.5
1683840245 73.28 14.4 0 63546.8
1683840255 110.54 14.53 0 82243.4
1683840265 27.12 14.44 14284 147415
1683840275 68.05 14.52 0 58475.3
1683840285 110.19 14.48 0 81035.9
1683840295 96.1 14.74 0 75500.6
1683840305 89.41 14.48 0.39 71188.2
1683840315 52.5 14.62 14494.2 152310
1683840325 85.92 14.63 0 72962.9
1683840335 99.81 14.98 0 74146.4
1683840345 102.35 14.17 0 454991
1683840355 93.62 14.42 0.39 56853.7
1683840365 92.88 14.13 14563.4 131248
1683840375 100.59 14.03 0 51400
1683840385 101.86 14.29 0 50173.2
1683840395 97.27 14.41 0.39 49864.2
1683840405 74.54 14.11 15114.6 128934
1683840415 101.76 14.15 0 51723.7
1683840425 102.35 13.91 0 50587.7
1683840435 102.35 14.4 0 55668.9
1683840445 46.44 14.07 15581.6 129225
1683840455 103.05 14.11 0 51394.9
1683840465 98.05 14.09 0.39 50649.9
1683840475 102.16 14.36 0 50450.9
1683840485 53.22 14.08 14121.4 121202
1683840495 102.06 13.99 0 50171.4
1683840505 101.27 14.35 0.39 50031.3
1683840515 95.99 14.47 0 48133.2
1683840525 75.72 14.13 13576.9 121998
1683840535 98.24 14.19 0 49484.7
1683840545 102.16 13.96 0 54080.4
1683840555 110.49 14.51 0 81460
1683840565 73.75 14.31 14890.1 158818
1683840575 94.82 14.36 0 71622.3
1683840585 78.37 14.31 0 62948.3
1683840595 109.99 14.59 0 82005.5
1683840605 91.52 14.76 0 76718.8
1683840615 43.19 14.43 15156.9 136391
1683840625 110.29 14.47 0 81516.6
1683840635 101.87 14.58 0 81965.5
1683840645 68.07 14.5 0 57953
1683840655 109.79 14.79 0 80819.6
1683840665 62.23 14.33 15423.9 166238
1683840675 81.67 14.19 0 64939.6
1683840685 110.1 14.31 0 82559.4
1683840695 71.89 14.56 0.39 59783.3
1683840705 109.2 14.55 0 80409.8
1683840715 77.19 14.41 15145.5 161184
1683840725 57.4 14 0 47072.3
1683840735 105.96 14.32 0 80211.1
1683840745 111.47 14.61 0 86346.3
1683840755 67.95 14.43 1774.78 596587
1683840765 65.7 14.12 14635.3 125929
1683840775 103.23 14.17 0 55088
1683840785 96.09 13.92 0 53292.5
1683840795 102.06 14.32 0 53066
1683840805 43.05 14.1 15070.7 120505
1683840815 101.87 14.14 0 50731.4
1683840825 101.56 14.1 0 51717.9
1683840835 102.06 14.39 0 49379
1683840845 1.77 13.81 15066.8 100731
1683840855 0.59 13.81 3264.12 4970.88

Execution duration: 00:22:57.57
