1683874847 68.13 19.89 227678 141971
1683874852 32.24 15.92 76152 75951.6
1683874857 54.5 17.12 124549 143018
1683874862 34.35 19 72922.1 116187
1683874867 49.62 20.51 117077 132760
1683874872 32.58 19.65 69680.8 136394
1683874877 41.98 20.67 102189 123495
1683874882 40.42 21.52 93243.3 139209
1683874887 32.31 22.57 65346.8 136374
1683874892 43.16 23.12 103208 117724
1683874897 37.14 24.49 90083.8 135909
1683874902 37.07 23.63 94489 138490
1683874907 41.25 25.38 113522 118486
1683874912 39.73 23.82 111719 138662
1683874917 33.4 23.87 82166.2 135416
1683874922 27.33 25.21 77420.1 108837
1683874927 49.43 24.38 131275 138251
1683874932 34.78 25.34 87092.8 137925
1683874937 33.21 24.07 78500.2 139177
1683874942 36.04 24.16 96929.1 114197
1683874947 41.63 24.58 126277 140300
1683874952 36.77 24.25 112146 139479
1683874957 29.72 25.57 88031.2 114357
1683874962 51.9 25.57 166607 132130
1683874967 38.76 24.74 104094 136876
1683874972 33.9 25.66 96347 138089
1683874977 43.23 24.37 128130 112819
1683874982 39.59 25.66 108946 139923
1683874987 35.11 24.74 94847.1 140017
1683874992 37.77 24.37 115265 112699
1683874997 44.11 24.38 132039 141332
1683875002 36.49 25.67 99883.6 135408
1683875007 31.5 24.75 87274.4 113335
1683875012 52.74 25.68 148962 144121
1683875017 40.23 24.44 106711 146228
1683875022 25.38 25.78 428632 1.38087e+06
1683875027 39.36 25.16 111790 116361
1683875032 38.38 25.44 92201.1 134182
1683875037 31.36 27.22 79692.8 129394
1683875042 37.57 26.6 110686 128538
1683875047 40.8 26.97 120134 132266
1683875052 30.36 27.89 40104.7 132175
1683875057 33.08 26.6 20797.7 128297
1683875062 36.62 26.6 24649.7 132753
1683875067 32.45 26.97 19195.5 131484
1683875072 28.7 27.89 40032.7 143571
1683875077 45.83 27.89 120428 174492
1683875082 41.56 27.89 85185.6 176198
1683875087 37.57 26.97 80863 173919
1683875092 27.54 26.6 66111.7 119953
1683875097 32.26 27.89 82434.2 113530
1683875102 3.8 19.02 4.32349e+06 2.07982e+06

Execution duration: 00:04:20.20
