1683863274 102.15 4.96 141.29 44058.7
1683863284 101.95 1.97 27.24 44395.3
1683863294 103.03 13.83 1.96 45549.6
1683863304 30.05 19.05 14539.7 107621
1683863314 102.94 13.61 0.78 49863.1
1683863324 104.79 14.25 0 59161.7
1683863334 93.07 14.01 3.52 71004.9
1683863344 35.48 19.3 13953.9 141565
1683863354 110.85 13.89 62.95 80191.6
1683863364 62.42 15.08 79.85 134744
1683863374 102.35 13.8 0 51870.2
1683863384 98.25 14.28 1.56 55430.8
1683863394 55.17 19.07 15160.2 126126
1683863404 102.35 14.01 0 52586.7
1683863414 103.04 13.76 0.39 51920.2
1683863424 102.45 14.26 0 50809
1683863434 36.04 19.06 15232.4 121178
1683863444 104.31 14.13 0 59447.4
1683863454 97.17 13.91 1.56 75508.2
1683863464 109.82 14.46 0 79495.3
1683863474 107.83 14.22 0 81946.4
1683863484 70.88 19.35 15530 156273
1683863494 109.77 13.97 0 79438.5
1683863504 98.93 14.45 1.56 83887.5
1683863514 110.47 19.48 0 79295.8
1683863524 13.98 17.99 15653.6 329321
1683863534 82.99 13.57 3.13 47840.9
1683863544 103.03 14.05 0 49690.3
1683863554 93.28 14.83 3.12 51425.7
1683863564 104.31 15.48 0 57838
1683863574 62.75 19.27 15469.4 156667
1683863584 85.45 14.17 3.12 71372.6
1683863594 111.13 13.99 0 80613.3
1683863604 89.25 15.5 1.56 72180.2
1683863614 20.94 18.3 13904.5 135717
1683863624 109.08 18.44 0 81524.6
1683863634 81.45 14.04 1.56 244150
1683863644 102.35 14.17 0 50288.8
1683863654 103.23 14.96 0.78 58207.6
1683863664 64.71 18.06 15273.5 126424
1683863674 102.26 13.66 0.39 51467.7
1683863684 93.94 14.14 1.17 52468.4
1683863694 102.25 15.3 0 55826.9
1683863704 41.98 19.07 14985.1 119599
1683863714 102.44 13.62 0 50772.2
1683863724 100.68 14.11 0.78 51459.1
1683863734 102.05 13.87 0 49380.5
1683863744 20.78 19.2 15171.3 127941
1683863754 110.46 13.78 0 81346.8
1683863764 109.83 14.35 0 81107.4
1683863774 72.27 14.07 1.95 58551.6
1683863784 101.37 14.55 1.17 78585
1683863794 48.39 19.38 15686.6 161663
1683863804 86.82 14.29 2.34 73956.3
1683863814 111.71 14.11 0 80874.2
1683863824 97.96 15.62 0 75773.4
1683863834 92.37 14.32 0.39 73264.6
1683863844 71.68 18.54 14968.8 156741
1683863854 82.42 15.14 0.39 72721.9
1683863864 98.92 14.1 1.17 374735
1683863874 102.43 13.87 0 53632.6
1683863884 4.12 18.81 1.96 32276.3
1683863894 99.32 18.09 15297.4 138850
1683863904 93.94 14.06 1.57 48179.3
1683863914 101.95 14.85 0 49671
1683863924 101.47 14.3 1.17 52264.8
1683863934 97.36 18.1 14327.3 128972
1683863944 98.74 14.06 1.17 48107.9
1683863954 94.04 14.86 0.39 50456
1683863964 2.55 17.77 14069.3 108847
1683863974 102.25 18.1 1.17 49479.2
1683863984 104.3 15.27 0 58588.7
1683863994 90.82 13.99 0.39 71083.1
1683864004 109.02 14.49 0 80592.8
1683864014 95.89 19.39 14055.5 154508
1683864024 71.26 14.28 1.95 61030.7
1683864034 109.77 14.09 0 81041.4
1683864044 105.29 14.58 0.78 85458.9
1683864054 46.79 18.42 14187.6 141500
1683864064 110.06 15.44 0 84238.3
1683864074 78.2 14.13 0.78 63941.7
1683864084 112.01 15.71 0 80910
1683864094 110.44 14.42 14480.5 91538.3
1683864104 90.52 18.63 14494.6 154491
1683864114 109.11 14.23 0 81347.8
1683864124 92.44 14.76 1.55 73762
1683864134 101.37 14.26 0 462943
1683864144 58.13 19.09 14621.1 123708
1683864154 87.5 14.67 0.39 46675.6
1683864164 101.37 14.12 0 53554.4
1683864174 101.77 13.87 0.78 53589.4
1683864184 28.91 18.01 15070.3 119116
1683864194 96.38 13.6 1.56 49694.2
1683864204 102.65 15.14 0 52142.1
1683864214 100.59 13.85 1.56 52018
1683864224 102.06 15.38 0 52890.3
1683864234 95.7 18.09 15550.3 140508
1683864244 102.94 14.06 0.78 50832.1
1683864254 103.03 14.86 0 51848.3
1683864264 97.26 14.3 1.17 49159.3
1683864274 97.55 18.09 14176.6 131851
1683864284 102.15 14.07 1.17 51298.3
1683864294 101.45 14.96 0 50764.7
1683864304 27.64 19.06 13537.5 109584
1683864314 101.96 13.64 0.39 47434.6
1683864324 102.53 15.18 0.39 50098.6
1683864334 94.72 13.9 0.39 49124.1
1683864344 13.41 18.15 14861 122145
1683864354 95.4 17.95 1.96 72608
1683864364 109.57 15.39 0 81835.1
1683864374 103.12 15.15 0.78 79589.4
1683864384 110.37 15.71 0 79908
1683864394 68.7 19.5 15108.3 158091
1683864404 73.82 14.37 0.39 61020.3
1683864414 110.94 15.19 0 83258.6
1683864424 94.82 15.67 0.78 71666.4
1683864434 88.17 14.33 1.94 70798.1
1683864444 61.82 18.34 15383.2 157320
1683864454 87.01 13.91 0.78 70214.1
1683864464 107.04 15.46 0.39 80122
1683864474 110.07 15.23 0 83900.7
1683864484 69.13 14.6 0.78 59590.2
1683864494 72.47 19.43 15101.2 156849
1683864504 107.43 14.33 0.39 85443.2
1683864514 80.39 14.05 0.39 64769.2
1683864524 110.56 14.55 0 79936
1683864534 20.44 19.36 14592.8 144651
1683864544 84.57 18.42 0.78 73364.4
1683864554 100.98 15.11 2957.03 621178
1683864564 93.84 15.22 1.17 50661.4
1683864574 101.37 13.91 0 49643.8
1683864584 54.41 18.05 15012.6 125347
1683864594 102.26 14.71 0 49740.5
1683864604 102.44 14.14 0.39 50583.8
1683864614 96.77 14.94 1.17 49784.6
1683864624 6.55 17.74 14976.7 97858.1
1683864634 4.89 17.73 327.66 236.17

Execution duration: 00:22:48.48
