1683878108 101.57 5 557.11 45507.9
1683878118 102.54 0.57 0 47182.8
1683878128 103.14 15.51 29.77 46463.1
1683878138 42.92 19.33 14750.3 111487
1683878148 104.4 18.31 1.17 57772.6
1683878158 110.96 13.93 0 82257.2
1683878168 79.63 14.45 1.16 60460.5
1683878178 31.64 18.02 14056 171501
1683878188 104 19.44 0.78 56821.9
1683878198 93.35 13.73 3.52 51700.9
1683878208 104.4 14.37 0 58583.2
1683878218 12.03 17.55 2.35 58493.1
1683878228 106.36 19.65 15173 166865
1683878238 90.91 13.93 0.39 76262
1683878248 100.87 14.16 5.47 161042
1683878258 102.15 13.93 0 51841.9
1683878268 39.54 19.47 15264.6 132234
1683878278 109.45 19.26 0 83147
1683878288 92.06 14.28 1.16 74317.4
1683878298 85.6 14.08 1.18 65505.6
1683878308 108.01 15.87 0 83650.8
1683878318 62.37 18.05 15528 271481
1683878328 102.16 14.02 0 51224.7
1683878338 100.2 15.08 0.39 55758.3
1683878348 101.46 14.27 0 50600
1683878358 36.49 18.01 15773 125081
1683878368 96.89 18.14 0.78 51278.4
1683878378 102.65 15.04 0 52131.6
1683878388 101.75 14.38 1.16 57503.4
1683878398 21.62 18.17 15349.4 150027
1683878408 79.74 19.57 1.96 64304.1
1683878418 110.16 13.93 0 83076.8
1683878428 110.75 14.42 0.39 88150.9
1683878438 65.38 15.5 1.55 58950.2
1683878448 46.48 18.36 13880.1 146256
1683878458 102.03 18.14 0 241263
1683878468 82.02 15.38 1.56 56383.6
1683878478 94.82 13.83 1.96 51838.3
1683878488 102.83 14.33 0.39 57156.9
1683878498 87.85 18.08 15304.6 137124
1683878508 105.89 14.32 0 58009.8
1683878518 102.03 14.17 0 55100.2
1683878528 101.75 15.6 0 49194.2
1683878538 73.6 19.36 14868.7 128967
1683878548 102.16 14.04 0 52572
1683878558 101.27 13.79 1.17 52430.1
1683878568 104.71 18.6 0 56271.9
1683878578 68.83 19.54 15275.1 159736
1683878588 101.56 14.2 0.39 77662.5
1683878598 110.58 14.02 0 82274.8
1683878608 78.29 14.48 0.78 64079.8
1683878618 91.09 14.28 1.18 70253.9
1683878628 77.64 19.7 15701.6 164841
1683878638 84.96 14.03 0.78 74689.4
1683878648 98.73 15.81 1.56 78825.4
1683878658 110.83 14.27 0 84476.6
1683878668 77.13 14.78 1.56 74592
1683878678 87.8 18.56 14954.5 159593
1683878688 102.25 15.37 0.39 371207
1683878698 101.36 13.8 0.39 51268.7
1683878708 101.86 14.29 0 51533.5
1683878718 56.54 18.04 15283.6 127579
1683878728 103.14 14.01 0 51057.5
1683878738 102.05 13.77 1.17 48791
1683878748 102.56 15.56 0 50577.5
1683878758 66.86 18.06 14286.5 123356
1683878768 101.95 14.03 0 50870.1
1683878778 95.93 15.07 1.16 47905.3
1683878788 100.49 14.27 0.39 51273.2
1683878798 79.06 18.07 14070.1 125814
1683878808 104.02 15.5 1.18 57163.5
1683878818 108.73 13.99 0 84346.8
1683878828 92.86 14.47 1.56 72816.4
1683878838 86.12 18.33 13946.5 154379
1683878848 98.07 15.59 0.39 78184.3
1683878858 102.72 14.11 0.39 78487.3
1683878868 108.8 14.6 0 83129.2
1683878878 47.79 18.43 14257.3 144711
1683878888 111.63 19.87 0 84108.7
1683878898 93.74 15.44 1.56 73011.9
1683878908 93.94 14.69 0 77234.8
1683878918 15.44 18.42 14494.2 145191
1683878928 96.1 18.64 0 82783.6
1683878938 86.81 14.21 1.56 69665.3
1683878948 108.82 16.08 0 81367.8
1683878958 72.08 15.53 0 456157
1683878968 30.73 18.02 14620.4 119813
1683878978 102.25 17.78 0 52999.6
1683878988 91.4 14.1 1.17 51815.4
1683878998 102.16 13.85 0 51564.3
1683879008 14.41 19.29 15012.8 115537
1683879018 102.05 17.75 0 52272.4
1683879028 102.04 14.09 0.39 53156.2
1683879038 102.16 13.85 0 51364.4
1683879048 98.93 15.93 1.17 54157.7
1683879058 87.98 18.09 15550.3 140667
1683879068 101.65 15.36 0.39 50412.9
1683879078 99.22 13.82 0.39 51123
1683879088 5.75 17.93 14176.6 113689
1683879098 103.33 19.04 0.39 50763.2
1683879108 102.15 14.07 0 51897.9
1683879118 95.6 15.22 1.17 49461.8
1683879128 29.46 19.33 13563.6 112856
1683879138 95.1 17.79 1.18 49398.2
1683879148 101.86 15.44 0 50683.1
1683879158 102.35 13.91 0.39 53887.2
1683879168 26.84 19.49 14890.1 124876
1683879178 110.47 17.99 0 80947.8
1683879188 86.72 15.67 1.17 68887.1
1683879198 110.86 15.45 0 83989
1683879208 85.25 15.99 1.17 71232.8
1683879218 65.13 19.76 15123.4 154059
1683879228 111.16 15.73 0 83312.1
1683879238 63.87 14.12 1.17 56274.6
1683879248 110.82 14.61 0 82565.3
1683879258 111.74 15.69 0 88599.6
1683879268 48.73 19.65 15384 138841
1683879278 110.62 13.92 0 81731.6
1683879288 103.91 15.74 0 79532.7
1683879298 66.37 14.13 0 55529.6
1683879308 108.38 15.93 0 80210.1
1683879318 71.82 18.37 15131.5 161097
1683879328 99.02 15.65 0.78 75707.1
1683879338 110.75 18.24 0 85044
1683879348 70.09 14.54 1.17 58845.4
1683879358 19.37 18.32 14592.8 142933
1683879368 111.35 19.76 0 88006.6
1683879378 69.7 14 0.78 61028
1683879388 101.16 14.15 2980.76 622647
1683879398 97.38 13.9 1.17 56249.6
1683879408 50.25 18.04 15158.9 127140
1683879418 102.06 19.13 0 51051.3
1683879428 101.76 15.45 0.78 49370.1
1683879438 100.28 13.9 0 53419.2
1683879448 6.6 17.74 14927.3 94722
1683879458 3.72 17.73 287.28 129.55

Execution duration: 00:22:38.38
