1683875146 101.67 6.28 566.11 44523.4
1683875156 101.65 1.85 0 45668.3
1683875166 103.04 14.2 18.79 46937
1683875176 40.36 18.02 14779.2 111646
1683875186 103.91 14.13 1.17 54843.4
1683875196 110.68 15.22 0 83793.4
1683875206 77.13 15.68 0.39 60938.4
1683875216 27.79 18 14042.3 167680
1683875226 102.73 18.14 0.78 56514.7
1683875236 92.46 13.73 3.92 51888.3
1683875246 103.91 14.36 0 57555.4
1683875256 99.81 15.44 1.96 75777.5
1683875266 102.34 18.34 15173 165271
1683875276 92.27 13.92 0.39 76584.7
1683875286 90.71 14.15 5.48 160885
1683875296 102.84 15.21 0 54128.6
1683875306 44.23 18.17 15263.4 133781
1683875316 109.67 15.09 0 82968.8
1683875326 93.35 14.29 1.56 71855.3
1683875336 91.8 14.09 0.78 72855.9
1683875346 111.14 18.74 0 84041.8
1683875356 60.9 19.33 15528.4 272362
1683875366 99.71 14.01 0.39 51393.9
1683875376 103.04 13.78 0 59254.8
1683875386 102.54 15.56 0.39 51757.3
1683875396 33.98 19.31 15649.7 125517
1683875406 99.6 13.98 1.17 52198.2
1683875416 102.06 13.74 0 52603.5
1683875426 99.12 14.38 2.35 53297.5
1683875436 19.55 18.15 15469.4 149942
1683875446 91.59 18.28 0.39 71240.7
1683875456 106.96 15.23 0.39 82130.6
1683875466 110.56 14.44 0 83324.7
1683875476 60.5 14.2 0 55110.1
1683875486 52.83 19.66 13904.5 145975
1683875496 102.54 13.99 0 241985
1683875506 81.53 14.09 1.56 55031.5
1683875516 102.84 13.84 0 52329.5
1683875526 98.44 15.62 15289.6 53362.4
1683875536 97.85 18.09 15303.8 133955
1683875546 104.99 14.33 0 55857.5
1683875556 102.93 14.2 0.39 56444.6
1683875566 102.45 15.61 0 50502.8
1683875576 87.2 19.37 14970.5 131498
1683875586 102.25 14.06 0 54027
1683875596 99.62 13.81 1.18 50830.6
1683875606 104.02 14.46 0 55799.6
1683875616 76.24 18.23 15275.9 159117
1683875626 109.2 15.51 0 82038.3
1683875636 111.22 14.05 0 80696.2
1683875646 58.06 14.48 0.39 51269.2
1683875656 107.33 14.29 0 79324
1683875666 95.59 19.7 15717.3 172643
1683875676 70.99 13.97 1.95 58765.7
1683875686 109.77 14.53 0 82796.5
1683875696 108.47 15.57 0.78 86340
1683875706 15.85 18.42 14983.8 136600
1683875716 110.35 18.23 0 84956.2
1683875726 82.68 14.08 0.39 366559
1683875736 97.65 15.09 0.39 52345.6
1683875746 103.33 14.3 0 55091.1
1683875756 60.47 18.05 15312.7 127980
1683875766 102.14 15.31 0 51692
1683875776 95.79 13.78 1.17 48714.4
1683875786 101.96 14.27 0 54155.4
1683875796 72.41 18.07 14342.1 125187
1683875806 102.35 15.33 0 50750.7
1683875816 95.44 13.78 0.78 50652.8
1683875826 101.25 14.28 0 50262.3
1683875836 84.68 19.38 13947.2 125740
1683875846 100.29 14.2 0.39 56661.8
1683875856 109.97 14 0 84330
1683875866 95.11 14.48 1.17 74647
1683875876 93.06 19.63 14041.8 156462
1683875886 84.86 14.29 0.39 67704
1683875896 104.01 14.1 0 78204.7
1683875906 111.25 15.89 0 84867.6
1683875916 44.48 18.41 14257.7 140281
1683875926 110.18 14.4 0 82318.5
1683875936 98.15 14.14 1.56 78094.2
1683875946 79.88 15.95 0 65900
1683875956 110.36 14.43 0 84162.7
1683875966 83.53 18.62 14367.8 156331
1683875976 89.71 15.49 1.18 71921.2
1683875986 110.74 14.76 0 82879.7
1683875996 83.78 14.69 0.39 71566.8
1683876006 23.58 18 14620.7 531564
1683876016 101.66 19.06 0 52389.9
1683876026 89.63 14.08 1.17 51435.6
1683876036 102.26 13.85 0 52946.5
1683876046 97.95 15.62 0.78 50706.9
1683876056 98.83 18.09 15114.6 135822
1683876066 100 14.07 0 50429.7
1683876076 102.94 13.83 0 50842.7
1683876086 101.66 15.88 1.17 51169.5
1683876096 76.05 18.06 15550.7 135761
1683876106 102.94 14.04 0 51562
1683876116 98.64 15.09 1.17 50731.4
1683876126 100.59 14.28 0 52595.3
1683876136 86.42 18.08 14190.4 126387
1683876146 102.43 15.34 0 51616.4
1683876156 96.68 13.91 1.18 48695.8
1683876166 14.8 19.3 13510.7 108834
1683876176 102.75 19.07 0.78 51919
1683876186 103.04 15.42 0 51179.2
1683876196 102.84 13.91 0 55740.1
1683876206 14.41 19.45 14890.1 121524
1683876216 109.7 17.97 0.39 81707.8
1683876226 83.68 14.28 1.56 65798
1683876236 111.55 15.35 0 82088.8
1683876246 92.97 15.85 5.08 73434.8
1683876256 54.54 19.66 15138.6 150413
1683876266 110.18 15.62 0 83674.8
1683876276 70.63 18.2 1.17 61165.7
1683876286 111.12 14.53 0 82321.9
1683876296 111.25 15.59 0.39 88639.7
1683876306 54 19.55 15383.2 145556
1683876316 110.27 15.16 0 82887.2
1683876326 90.9 14.34 0.39 70002
1683876336 86.13 14.06 0.39 70073.4
1683876346 105.53 15.85 0 78707.3
1683876356 67.94 18.29 15117.1 153386
1683876366 110.97 15.56 0 84229.4
1683876376 111.14 14.03 0 84481.2
1683876386 71.36 14.48 0.78 63002.2
1683876396 25.29 19.56 14578.1 145334
1683876406 110.66 18.39 0.39 92318.7
1683876416 69.41 14.03 3117.5 618726
1683876426 103.04 15.46 0 50094
1683876436 97.66 13.92 1.17 54574.6
1683876446 54.89 18.05 15144 128627
1683876456 102.84 13.66 0 52014.5
1683876466 102.35 15.46 1.57 50192.2
1683876476 102.05 13.91 0 51391.6
1683876486 6.26 17.74 15103.7 92971
1683876496 3.44 17.74 247.06 114.12

Execution duration: 00:22:37.37
