1683907732 101.85 4.96 137.5 44623.4
1683907742 102.44 0.94 27.26 45882
1683907752 102.84 13.85 2.34 45200.8
1683907762 35.32 23.39 14476.5 109487
1683907772 102.93 17.79 1.56 50106.9
1683907782 109.63 14.3 0 78742.4
1683907792 84.11 19.39 3.51 64600
1683907802 25.22 18.02 13977 166900
1683907812 101.56 17.78 1.17 50256.5
1683907822 89.76 14.09 3.51 49787.9
1683907832 102.54 19.21 0 52396.5
1683907842 96.89 14.5 1.56 69695.1
1683907852 93.17 18.28 15128.6 164471
1683907862 100.01 14.31 0.78 78065.1
1683907872 97.66 19.45 1.17 76971.6
1683907882 101.66 14.28 3.9 163009
1683907892 29.33 18.02 15202.3 124525
1683907902 109.36 18.33 0 77968.8
1683907912 98.15 19.27 1.56 72846.7
1683907922 92.5 14.45 1.95 72245.2
1683907932 111.3 14.23 0 83302.1
1683907942 47.23 23.73 15468.4 146988
1683907952 101.84 18.15 1.17 192159
1683907962 101.36 14.12 0 55081.7
1683907972 103.12 13.88 0.78 55432.8
1683907982 5.35 23.29 15664.9 118285
1683907992 98.55 23.47 1.56 50880.9
1683908002 102.25 14.08 0 50328.6
1683908013 95.17 13.84 1.55 49543.2
1683908022 109.54 14.5 0 77822.8
1683908032 77 18.25 15424.6 159094
1683908042 97.37 18.44 1.17 74561.6
1683908052 111.7 19.4 0 82999.6
1683908062 74.69 14.49 1.95 63441.9
1683908072 29.8 23.7 13837.2 141261
1683908082 102.05 18.14 0 236429
1683908092 79.21 19.06 1.95 52012.5
1683908102 93.36 19.54 1.17 50987.1
1683908113 101.55 13.94 0 51473.1
1683908122 62.83 18.07 15244.1 131471
1683908132 102.44 23.18 0 51555.1
1683908142 101.66 14.16 0 55594.2
1683908153 101.84 13.92 0 50427
1683908162 44.69 23.41 14941.7 122625
1683908172 102.25 17.8 0 52070.2
1683908182 103.22 14.14 0.78 51606.2
1683908192 96.39 13.88 0.78 49223.4
1683908202 30.84 23.56 15200.8 148181
1683908212 100.49 17.96 1.56 77624.6
1683908223 109.6 14.35 0 80742.6
1683908232 86.75 19.44 0.39 66223
1683908243 76.45 14.6 1.55 62337.2
1683908252 35.07 18.35 15671 154604
1683908262 97.08 23.82 0 81613.7
1683908272 81.78 14.09 3.51 67605.8
1683908282 109.73 14.59 0 83155.6
1683908292 98.24 14.39 1.17 83505.7
1683908303 48.36 23.88 14852.7 149643
1683908312 98.82 18.15 0 366006
1683908322 99.61 14.14 0.78 54075.6
1683908332 101.96 13.88 0 50166.6
1683908342 12.76 23.36 15238.2 118586
1683908352 102.25 17.76 0 49681.9
1683908362 97.27 14.09 1.56 47174.7
1683908372 100.98 13.85 0.78 52496.8
1683908382 18.34 23.37 14299.3 113332
1683908392 102.82 17.77 0.39 49332.2
1683908402 102.25 14.1 0 52302.1
1683908412 96.31 13.85 0.78 49614.4
1683908422 29.23 18.03 14014.4 115613
1683908432 97.48 23.14 1.56 49732.9
1683908442 108.97 19.66 0 77947.8
1683908453 97.97 14.05 0.78 77087.5
1683908462 24.88 18.28 14028.1 139344
1683908473 110.32 18.03 0 81876.5
1683908483 71.19 19.7 1.56 58872.5
1683908493 109.65 14.14 0.39 81727.5
1683908503 110.92 14.63 0 87625.4
1683908513 54.83 23.81 14078.8 137380
1683908523 110.13 18.59 0 82724.4
1683908533 98.92 14.23 0.39 79479.9
1683908542 100.1 14.71 0.78 79826.7
1683908553 36.96 18.57 14423.7 148684
1683908563 76.41 24.02 1.17 59529.8
1683908573 102.05 14.25 0.78 78981.5
1683908583 113.05 14.99 0 83287.6
1683908593 63.88 19.6 0.39 450025
1683908603 39.78 18.04 14464.7 119079
1683908613 103.89 17.79 0.39 56077.2
1683908623 98.16 19.48 0.78 50603.3
1683908633 102.54 13.89 0 52785.2
1683908643 25.88 18.02 15012.5 117046
1683908653 101.94 23.15 0 51285.4
1683908663 100.78 14.11 0 51872.2
1683908673 101.86 13.87 0 50875.5
1683908683 97.68 19.71 1.55 53499.8
1683908693 95.22 18.1 15520 134227
1683908703 102.15 14.07 0 51023.6
1683908713 101.75 13.83 0 50239.6
1683908723 11.6 23.36 14148.9 113749
1683908733 102.14 17.77 0 50797.3
1683908743 102.04 14.09 0 50444.8
1683908753 95.32 19.29 0.39 47299.5
1683908763 29.92 23.4 13510.7 111717
1683908773 102.73 23.18 0.78 51059
1683908783 101.75 14.16 0 49711.7
1683908793 101.55 13.93 0.78 51444.2
1683908803 28.8 23.58 14789.1 143860
1683908813 111.59 23.36 0.78 80236.8
1683908823 69.8 14.35 1.17 58871.1
1683908833 110.81 14.14 0 82695.5
1683908843 101.55 20.05 1.56 80711.8
1683908853 29.44 23.78 14948.3 137944
1683908863 110.81 23.91 0 81503
1683908873 86.87 19.49 1.55 71410.8
1683908883 104.1 14.6 0 79020.5
1683908893 110.22 19.73 0 82780.9
1683908903 30.4 23.72 15294.4 136291
1683908913 110.43 18.07 0 80544.2
1683908923 106.91 19.78 0 80059.6
1683908933 52.34 14.09 1.56 45872.9
1683908943 110.8 14.59 0 81219.8
1683908953 54.39 23.74 15072.1 158209
1683908963 71.17 18.45 1.56 60812.5
1683908973 110.92 14.05 0 83774.7
1683908983 102.24 19.9 0.39 84721.7
1683908993 100.68 19.64 1.17 79145.8
1683909003 77.99 18.09 17226.9 687992
1683909013 102.14 17.85 0 53780.6
1683909023 101.85 14.18 0 50817.5
1683909033 95.42 19.29 1.17 47738.9
1683909043 53.21 18.06 15085 127502
1683909053 103.12 17.81 0.78 51295.6
1683909063 101.96 14.15 0 50003.9
1683909073 102.05 19.27 0 53991.4
1683909083 6.26 17.75 15007.6 93865.8
1683909093 3.91 4.59 286.72 132.43

Execution duration: 00:22:48.48
