1683881049 150.77 1.43 251015 1.54
1683881054 116.7 18.37 220904 305.12
1683881059 56.17 14.76 220405 393.17
1683881064 39.33 14.3 221847 8505.35
1683881069 32.96 14.58 257258 10461
1683881074 34.16 14.15 222224 390.84
1683881079 33.91 14.58 220914 395.43
1683881084 33.46 14.14 222334 383.94
1683881089 33.46 14.14 221725 383.94
1683881094 33.21 14.14 222130 383.21
1683881099 33.72 14.51 220820 387.05
1683881104 32.64 14.14 221824 383.21
1683881109 32.64 14.15 221109 383.21
1683881114 32.32 14.14 221479 391.59
1683881119 46.84 14.51 221418 147489
1683881124 54.29 14.14 221720 219296
1683881129 55.72 14.27 221386 219808
1683881134 56.67 14.45 222105 222429
1683881139 0.19 17.67 3.87492e+06 850664

Execution duration: 00:01:36.36
