1683843676 102.26 1.2 154.27 46466.3
1683843686 102.25 1.26 16.47 46866.3
1683843696 103.24 14.53 29.8 47419.2
1683843706 44.86 14.24 14623.7 110429
1683843716 103.04 14.3 0.79 51281.2
1683843726 111.88 14.24 0 84924.8
1683843736 77.91 14.67 1.96 61048.7
1683843746 35.46 14.23 14059.2 170357
1683843756 99.11 14.03 1.17 53275.1
1683843766 92.15 14.39 3.14 50967.4
1683843776 103.15 14.6 0 53635.3
1683843786 11.32 13.79 15145.8 141517
1683843796 110 14.5 15217.6 170101
1683843806 90.69 14.59 0 72452.9
1683843816 97.25 14.13 5.89 162995
1683843826 103.03 14.59 0 53571.8
1683843836 49.46 14.26 15276.4 127932
1683843846 108.85 14.14 0 83061.5
1683843856 89.51 14.6 0 71794.9
1683843866 105.2 14.79 2.35 81883.6
1683843876 112.34 14.58 0 88673.1
1683843886 85.58 14.71 15575.3 156611
1683843896 101.56 14.35 0 191582
1683843906 92.54 14.13 0.79 54129.9
1683843916 102.16 14.59 0 50312.5
1683843926 47.18 14.24 15680.2 125084
1683843936 95.79 14.29 0.39 49555.7
1683843946 101.66 14.41 0 52193
1683843956 99.8 14.54 0.39 50412.2
1683843966 27.36 14.07 15514.9 151681
1683843976 92.94 14.52 0.39 76047
1683843986 111.68 14.63 0 80415.3
1683843996 101.76 14.42 0.78 79316.8
1683844006 75.91 14.9 1.96 63946.3
1683844016 88.16 14.63 13917.3 158282
1683844026 89.33 14 0.39 244818
1683844036 86.18 14.11 1.57 47534.1
1683844046 102.34 14.55 0 54859.1
1683844056 37.69 13.92 15333.5 127405
1683844066 102.45 14.38 0 52607.2
1683844076 101.08 14.43 0 52033.3
1683844086 102.06 14.55 0 54513.7
1683844096 27.73 14.23 14896.5 119807
1683844106 102.35 14.36 0.39 53911.4
1683844116 103.93 14.41 0.39 52296
1683844126 102.25 14.54 0 52754.9
1683844136 19.32 13.89 15320 119884
1683844146 105.68 14.2 0 79990.2
1683844156 110 14.59 0 84836.4
1683844166 80.22 14.74 0 62122.2
1683844176 100.49 14.53 0.39 79241.1
1683844186 56.39 14.59 15686.2 161957
1683844196 87.94 14.28 0 76142.8
1683844206 109.81 14.46 0 82986.5
1683844216 95.49 14.92 0.39 75474.6
1683844226 89.21 15.02 0 70789.8
1683844236 86.12 14.44 14983.4 161662
1683844246 84.72 14.8 0 74027.8
1683844256 109.5 15.13 0.39 79316
1683844266 104.13 14.57 0 383456
1683844276 15.54 14.22 15297.4 118920
1683844286 102.35 14.35 0 51583.9
1683844296 97.26 14.06 0 54188.8
1683844306 102.55 14.51 0 50608.1
1683844316 21.47 14.23 14369.8 115146
1683844326 102.16 14.03 0 55830.4
1683844336 97.66 14.4 0 50587.9
1683844346 93.14 14.52 0.39 49247.8
1683844356 36.09 13.92 14096.9 114821
1683844366 102.74 14.38 0.39 51385.5
1683844376 102.46 14.42 0 54536.1
1683844386 102.25 14.22 0 49448
1683844396 59.37 14.28 14110.7 124367
1683844406 96.96 13.99 0 50497.8
1683844416 102.85 14.45 0 51716.4
1683844426 101.28 14.57 0.39 50552.4
1683844436 73.04 14.33 14298 123216
1683844446 102.16 14.55 0 79616.9
1683844456 110.19 14.66 0 82317.7
1683844466 109.04 14.6 0 81099.2
1683844476 25.96 14.17 14522.6 127882
1683844486 110.76 14.69 0 81713.8
1683844496 107.36 14.37 0 86582.6
1683844506 54.99 14.47 0 51103.1
1683844516 110.67 14.99 0 81025.4
1683844526 77.38 14.7 14634.7 163949
1683844536 67.4 14.43 0 56643.7
1683844546 109.82 14.89 0 84461.5
1683844556 102.55 15.07 0 83380.2
1683844566 100.4 15.2 0 78499.5
1683844576 106.36 14.89 15114.6 166947
1683844586 74.21 14.95 0 63004.3
1683844596 96.19 14.74 0.39 77438.6
1683844606 112.46 15.45 0 85828.8
1683844616 67.38 14.67 0 501430
1683844626 91.18 14.02 15596.1 140562
1683844636 102.93 14.37 0.39 57619.1
1683844646 95.7 14.49 0.39 48464.6
1683844656 2.06 13.64 14246.1 110132
1683844666 102.08 14.34 14260.1 129664
1683844676 102.26 14.39 0 53342.3
1683844686 92.46 14.61 0 49331.4
1683844696 30.5 14.27 13550.3 114176
1683844706 98.63 14.4 0 50123.9
1683844716 101.86 14.12 0 51475.3
1683844726 101.67 14.6 0 53093.7
1683844736 26.87 14.26 14803.1 118119
1683844746 103.04 14.4 0.39 56327
1683844756 93.84 14.1 0 50302.8
1683844766 102.55 14.6 0 53556.5
1683844776 14.99 14.39 15171.8 114941
1683844786 101.87 14.5 0 53267.1
1683844796 101.86 14.54 0 49246.6
1683844806 102.16 14.67 0 51707.6
1683844816 96.77 14.43 0 47042.5
1683844826 89.79 14.35 15319 135388
1683844836 98.34 14.03 0.39 51259.2
1683844846 102.26 14.52 0 52813.3
1683844856 102.84 14.29 0 53857.3
1683844866 93.72 14.18 15175.3 162347
1683844876 111.08 14.23 0 81511.8
1683844886 71.75 14.68 0 59898.4
1683844896 110.48 14.44 3.92 82389
1683844906 49.12 14.5 14610.6 145547
1683844916 57.6 13.77 0 52959
1683844926 110.22 14.62 0 82366.1
1683844936 106.22 14.38 0.39 87720.5
1683844946 71.43 14.46 0.78 58228.2
1683844956 37.69 14.14 15114.5 151794
1683844966 101.27 14.62 0 82896.8
1683844976 93.63 14.64 1.18 72374.9
1683844986 110.78 14.41 0 83756.7
1683844996 80.33 14.14 0 70151.1
1683845006 9.71 14.23 15334.4 122185

Execution duration: 00:22:23.23
