1683881201 101.67 5 556.07 45849
1683881211 102.35 0.57 0 45083.6
1683881221 102.13 15.54 29.07 46519
1683881231 39.22 18.03 14722 109820
1683881241 107.24 18.31 1.96 66216
1683881251 111.06 13.93 0 83917.8
1683881261 74.2 15.53 73.51 97116.3
1683881271 28.42 18 13983.5 113638
1683881281 103.62 18.14 0.78 57667.2
1683881291 93.75 15.06 3.13 49996.1
1683881301 106.94 14.39 0 68240.9
1683881311 96.08 14.15 2.74 76139.7
1683881321 100.59 18.34 15173 162985
1683881331 100.49 15.25 1.17 83605.1
1683881341 102.34 14.17 3.9 158477
1683881351 103.33 13.94 0.39 53207.8
1683881361 68.01 19.56 15261.4 148602
1683881371 110.47 18 0 83803.5
1683881381 77.41 14.37 1.95 61647.5
1683881391 111.24 15.45 0.39 83318.5
1683881401 11.83 18 0 66047.7
1683881411 90.88 18.09 15409.1 268459
1683881421 102.34 14.06 0 52892
1683881431 96.09 15.13 1.17 50859.9
1683881441 102.85 14.3 0 52310.7
1683881451 51.32 18.03 15789.6 125652
1683881461 101.96 19.49 0 50312.3
1683881471 102.74 13.77 0.39 53370.1
1683881481 106.96 14.42 0 64954.8
1683881491 35.57 18.2 15424.6 151530
1683881501 88.95 19.7 1.17 71492
1683881511 110.76 13.97 0 83399.6
1683881521 89.34 14.43 2.35 73451.4
1683881531 81.3 15.55 0.78 66141
1683881542 84.67 18.41 13782.4 156992
1683881551 86.79 18.17 1.17 238852
1683881561 92.74 14.13 1.57 50503.5
1683881571 102.15 15.22 0 54589.2
1683881581 38.58 18.03 15260.1 125759
1683881591 102.05 17.78 0 50656.5
1683881601 102.06 15.44 0.39 57047.5
1683881611 102.05 13.87 0 51710.7
1683881621 20.58 18 15014.5 117143
1683881631 102.26 17.76 0 50601.6
1683881642 101.94 15.42 0.78 51600.8
1683881651 102.15 13.86 0 49817.8
1683881661 6.36 17.91 15290 131420
1683881671 102.06 19.61 15290.4 164848
1683881681 110.44 14.32 0 82353.5
1683881692 78.75 14.05 1.17 61631.8
1683881701 89.27 14.52 0.78 70495.6
1683881711 24.05 19.66 15716.9 151391
1683881721 87.57 18.42 1.57 78473.6
1683881732 91.85 14.08 0.39 72774
1683881741 110.75 15.9 0 84497
1683881751 83.4 14.3 1.56 74008.2
1683881761 43.61 18.5 14954.1 150698
1683881771 107.53 18.34 0 81665.3
1683881782 73.21 15.39 0.39 363892
1683881791 102.05 13.83 0 50568.3
1683881802 94.96 14.3 1.55 56542.8
1683881812 70.74 19.39 15209.3 128703
1683881821 102.35 18.19 0.39 50935.7
1683881832 101.07 13.79 1.17 51399.2
1683881841 102.35 15.62 0 52203.9
1683881851 84.53 18.08 14341.7 124560
1683881862 101.56 15.38 0 50826
1683881871 95.2 13.8 1.18 49429.6
1683881882 101.94 14.29 0 50737.5
1683881891 94.53 19.42 14070.5 127363
1683881901 105.88 14.24 0 66368.7
1683881911 102.24 14.01 0.78 80540.4
1683881921 104.4 15.89 0.39 77996.5
1683881931 105.77 18.36 14055.5 162362
1683881941 74.91 14.29 0.78 61905.9
1683881952 109.31 15.46 0 80168.4
1683881961 106.25 14.6 0.78 85036.6
1683881971 59.99 18.43 14270.8 146448
1683881981 110.45 18.58 0 82283.9
1683881992 84.28 15.54 0.78 67778.9
1683882001 103.13 14.7 0 81683.4
1683882012 24.61 18.49 14368.2 149518
1683882021 75.96 19.97 1.17 64686.2
1683882032 106.93 14.22 0.78 81074.6
1683882041 110.49 14.77 0 83447.2
1683882052 68.38 14.22 0.39 451597
1683882061 34.45 19.35 14620.4 118897
1683882071 100.68 17.77 0.78 53384
1683882082 98.24 14.1 0 51045.6
1683882091 102.26 15.19 0 54075.6
1683882101 24.4 18.01 15115.4 116531
1683882112 100.98 17.76 0 50063.7
1683882122 101.85 14.1 0 50858.6
1683882131 102.64 13.86 0 52266.4
1683882142 97.68 15.7 1.95 52945.9
1683882152 94.62 18.09 15550.3 138501
1683882162 100.68 14.06 1.17 51506.1
1683882171 102.46 15.16 0 50092.9
1683882182 2.72 17.74 0.39 27635.8
1683882191 98.92 18.1 14218.6 132548
1683882201 102.85 14.07 0 52346.7
1683882212 100.6 15.26 1.17 49326.4
1683882222 34.46 19.36 13563.6 112172
1683882232 98.93 19.13 1.18 49867.8
1683882242 102.84 14.16 0 52266.9
1683882252 102.56 15.26 0 51488.2
1683882262 32.79 19.54 14875.5 135998
1683882272 95.9 17.98 1.17 73300.5
1683882282 102.15 15.65 1.17 78814.4
1683882292 110.56 14.09 0 83468.2
1683882302 66.87 15.89 1.17 55583.6
1683882312 56.52 19.71 15035 153025
1683882322 101.66 19.83 0 75752.5
1683882332 81.78 14.05 1.17 64219
1683882342 110.17 14.55 0 82638.1
1683882352 88.28 14.27 0 69214.8
1683882362 65.11 19.62 15354 158238
1683882372 110.85 19.39 0 82012.9
1683882382 69.75 14.37 1.56 58994.6
1683882392 110.2 15.43 0 84071.1
1683882402 108.89 14.58 0.39 85097.6
1683882412 85.94 18.34 15103.1 156266
1683882422 109.58 15.64 0 84850.8
1683882432 82.74 14.02 0.39 67675.7
1683882442 95.01 14.5 0.39 74836.4
1683882452 42.43 18.28 14592.4 153844
1683882462 80.16 18.38 0 72853.6
1683882472 93.54 14.05 3127.98 624462
1683882482 102.25 15.53 0 52624.8
1683882492 96.08 13.94 1.17 54916.2
1683882502 72.09 18.07 15158.9 129501
1683882512 102.65 19.18 0.78 51759.6
1683882522 102.05 15.5 0 49609
1683882532 99.52 13.92 0 50162.9
1683882542 7.05 17.74 15170.7 89567.6
1683882552 2.35 17.73 161.96 143.92

Execution duration: 00:22:36.36
