1683866379 101.76 4.96 137.65 45381.2
1683866389 102.55 2.02 27.79 46700.6
1683866399 103.33 13.85 1.96 46849.4
1683866409 41.63 18.03 14639.4 111728
1683866419 102.55 18.86 1.57 50371.8
1683866429 107.74 14.29 0 72433.7
1683866439 89.82 14.04 3.52 70296.3
1683866449 40.41 18.02 14045.4 179725
1683866459 101.07 18.15 78.51 117161
1683866469 80.26 15.16 3.91 47825.6
1683866479 102.36 13.84 0 53187.1
1683866489 100.68 14.49 1.96 69869.4
1683866499 101.26 18.28 15158.2 165486
1683866509 95.99 15.38 0.39 76465
1683866519 89.43 14.03 2.35 76916.2
1683866529 101.67 14.26 0 167851
1683866539 32 18.01 15263 128578
1683866549 107.16 19.42 0 71577.7
1683866559 102.75 13.92 1.95 78803.9
1683866569 87.27 14.45 1.17 67137.8
1683866579 110.38 15.29 0 83573.2
1683866589 63.15 18.31 15528 154686
1683866599 91.1 13.99 5.87 194162
1683866609 102.26 15.21 0 56524.6
1683866619 103.14 13.89 1.17 54871.6
1683866629 23.06 18.01 15756.8 123820
1683866639 96.48 18.84 2.74 50964.6
1683866649 101.76 14.09 0 50559.6
1683866659 99.51 13.84 0.78 50962.1
1683866669 107.76 14.52 0 71537.5
1683866679 97.17 19.35 15469.8 166203
1683866689 105.78 14.3 0.78 78522
1683866699 111.24 14.07 0 83473.4
1683866709 70.94 14.51 1.17 60906.5
1683866719 65.99 19.45 13890.5 153957
1683866729 110.95 18.5 0.39 89153.4
1683866739 76.44 15.17 3.13 240696
1683866749 102.36 14.23 0 54656.2
1683866759 19.16 18 15274.7 123136
1683866769 102.05 18.12 0 49221.8
1683866779 101.16 13.72 0.39 53273
1683866789 102.25 15.3 0 54142.1
1683866799 15.68 19.07 14998.6 118886
1683866809 96.09 18.11 1.17 50355
1683866819 102.55 13.72 0 54541
1683866829 100.68 14.21 0.78 51381.8
1683866839 2.64 17.37 0 30993.7
1683866849 105.08 19.36 15230.8 156385
1683866859 109.68 13.9 0 83309.5
1683866869 92.47 14.43 0.78 68275.3
1683866879 83.7 15.24 1.17 68668.4
1683866889 34.3 18.34 15716.9 155402
1683866899 92.08 19.15 1.56 79559.7
1683866909 98.82 14.4 0.78 78768.3
1683866919 110.46 14.23 0 82778.5
1683866929 85.53 14.69 0.78 73584.8
1683866939 68.56 19.6 14968.8 156209
1683866949 95.99 18.64 0 74158
1683866959 99.81 14.22 0.78 80209.6
1683866969 102.05 14.24 0 380348
1683866979 85.1 13.97 1.17 53553.3
1683866989 99.03 19.19 15312.3 138288
1683866999 90.02 13.7 1.57 50205.7
1683867009 102.46 14.19 0.78 52955.3
1683867019 9.26 17.96 14299.7 111539
1683867029 102.25 19.2 0 55972.2
1683867039 102.46 13.71 0 52429.4
1683867049 94.37 14.2 0.78 49889.3
1683867059 21.43 19.08 13946.5 111289
1683867069 100.1 18.13 0.78 51959.2
1683867079 102.16 14.8 0 52497.9
1683867089 102.83 14.22 1.17 49889.1
1683867099 37.03 18.02 14083.1 117117
1683867109 94.52 18.14 1.56 52228
1683867119 102.15 14.82 0 51769.9
1683867129 102.15 14.24 0.78 52489.2
1683867139 45.51 18.04 14243 119124
1683867149 107.05 18.34 0 74101.8
1683867159 103.62 15.04 0.39 79081.6
1683867169 110.75 15.62 0 82163.8
1683867179 28.38 18.26 14510 138983
1683867189 93.56 18.38 0.39 74561.6
1683867199 110.45 14.05 0 82916.1
1683867209 85.73 15.58 1.56 77744.1
1683867219 85.86 14.29 0.39 73281.5
1683867229 57 18.46 14606.1 153795
1683867239 101.96 18.26 0.39 88924.3
1683867249 72.96 14.55 2.35 63258
1683867259 110.08 15.4 0 83133.5
1683867269 102.05 14.87 0 83108.9
1683867279 65.02 18.6 14998.2 146253
1683867289 110.17 18.79 0 83832.7
1683867299 83.48 15.44 0.39 69519.8
1683867309 110.47 14.93 0 80687.8
1683867319 94.53 14.34 0 505991
1683867329 89.01 19.17 15596.9 138102
1683867339 102.26 13.7 0 53406.5
1683867349 95.88 14.18 1.18 51583.5
1683867359 2.35 18.45 0 30749.6
1683867369 99.9 19.19 14218.6 131157
1683867379 101.27 13.71 0 51940.2
1683867389 96.18 14.29 1.57 49980.8
1683867399 29.34 19.1 13550.3 110369
1683867409 94.72 19.24 0.39 49214.5
1683867419 99.9 13.77 0 48134.2
1683867429 101.15 14.28 0 53591.1
1683867439 20.86 19.08 14890.1 117978
1683867449 102.36 18.15 306.76 59879.3
1683867459 103.04 13.77 0.39 51573
1683867469 101.96 15.36 0 50637.7
1683867479 6.4 19.01 15022.3 114212
1683867489 101.47 19.35 15167.5 138819
1683867499 102.25 13.82 0.78 51017.6
1683867509 102.06 18.48 0 50313.5
1683867519 94.42 15.18 0.39 47870.8
1683867529 79.43 18.08 15428.8 132639
1683867539 102.16 14.81 0 50696.7
1683867549 95.31 15.28 0.78 48883.7
1683867559 102.07 13.92 0 54827.8
1683867569 74.69 19.38 15116.3 147495
1683867579 110.94 13.87 0 83604.3
1683867589 84.07 14.33 0.39 64689.7
1683867599 98.84 15.2 0.39 76817.5
1683867609 43.41 18.23 14592.4 148346
1683867619 74.62 19.07 1.95 65923.7
1683867629 90.01 14.26 0 69407.4
1683867639 111.16 14.03 0 85233
1683867649 81.62 14.48 1.95 71530.8
1683867659 13.22 19.26 15159.2 136603
1683867669 112.23 18.35 0 83147.9
1683867679 87.2 13.92 0.78 75193
1683867689 100.3 15.52 0.39 78663
1683867699 107.91 14.17 0 84144.7
1683867709 15.13 17.99 15024.6 130632
1683867719 10.97 4.85 287.56 32711.9

Execution duration: 00:22:28.28
