1683891504 102.15 5 557.73 45712.3
1683891514 102.54 5.57 0 46027
1683891524 102.33 14.22 29.05 45804.8
1683891534 40.53 18.03 14735.9 111386
1683891544 107.72 18.32 1.95 64524.6
1683891554 111.82 13.94 0 83263.2
1683891564 72.08 19.21 73.05 95934.8
1683891574 22.41 18.01 13916.6 110226
1683891584 102.23 18.98 0 56381
1683891594 91.31 13.72 4.69 51987.9
1683891604 106.92 19.38 0 66419.5
1683891614 96.2 14.13 1.56 74125.7
1683891624 89.56 18.34 15158.2 161248
1683891634 105.15 13.92 0.39 82992
1683891644 96.98 19.16 6.25 157702
1683891654 102.14 13.92 0 52010.2
1683891664 43.89 18.07 15247.3 126661
1683891674 102.25 17.81 0 52153
1683891684 97.36 14.13 1.56 49324.7
1683891694 102.35 13.89 0 50776.2
1683891704 23.53 23.01 15497 120737
1683891714 102.34 17.78 0 50136.5
1683891724 100.49 14.26 1.56 61165.6
1683891734 104.48 19.04 0.78 82154
1683891744 110.25 14.59 0 81736.2
1683891754 57.21 18.3 15712.3 146914
1683891764 111.02 14.27 1.56 85723.3
1683891774 112.49 19.1 0.39 90793.3
1683891784 74.95 14.56 1.17 65979.3
1683891794 105.66 14.37 2.73 80225.7
1683891804 84.1 18.09 15439.6 371956
1683891814 83.49 13.66 1.17 50023.7
1683891824 102.05 14.15 0 51506.4
1683891834 101.07 18.92 0.39 53102.3
1683891844 82.96 18.09 13755.7 131193
1683891854 95.8 13.68 1.56 48815.6
1683891864 98.34 19.17 0.78 54011
1683891874 102.24 13.93 0 54424.9
1683891884 67.54 18.07 15229.6 128123
1683891894 101.56 18.68 0 51516.8
1683891904 104.85 14.33 0 63583.7
1683891914 110.63 14.11 0 82803.5
1683891924 47.12 18.3 14940.5 141347
1683891934 92.38 18.87 2.34 73663.7
1683891944 109.84 19.36 0 83683.8
1683891954 87.81 14.15 1.95 74806.6
1683891964 102.44 14.64 0.39 80089
1683891974 75.13 23.47 15245.7 162372
1683891984 95.51 14.42 1.17 80969.4
1683891994 110.61 14.25 0 81600
1683892004 91.13 14.72 0.78 77781.7
1683892014 81.84 19.33 2.73 346601
1683892024 81.82 18.09 15716.9 138280
1683892034 99.51 13.68 1.95 62837.8
1683892044 102.36 19.18 0 49753
1683892054 102.83 13.94 0.78 50821.9
1683892064 72.96 18.08 14968.8 124954
1683892074 102.44 13.68 0.39 54338.2
1683892084 102.26 19.17 0 55162.1
1683892094 101.95 13.92 0 51358.6
1683892104 52.34 18.05 15314.3 126983
1683892114 102.44 18.66 0 52193.6
1683892124 101.77 14.15 1.56 51235.4
1683892134 102.25 13.9 0 53748.6
1683892144 71.31 18.24 14300.1 137559
1683892154 109.06 18.87 0 81654.1
1683892164 99.03 14.41 0.39 74348.9
1683892174 74.73 14.13 0.39 60301.7
1683892184 42.63 18.3 14028.1 146235
1683892194 95.12 18.93 1.56 79052.5
1683892204 108.71 14.44 0.39 83978.9
1683892214 110.04 14.27 0 81919.7
1683892224 70.61 14.71 1.17 60433.2
1683892234 100 23.5 14041.8 159434
1683892244 112.09 14.54 0.78 92048.3
1683892254 82.21 14.27 0.77 69606.6
1683892264 109.77 14.83 0 80307.2
1683892274 64.81 23.6 14214.8 152860
1683892284 88.12 19.74 1.95 71012.1
1683892294 102.24 14.11 0 444428
1683892304 89.7 14.23 0.78 54897.9
1683892314 25.72 18.02 14494.2 116241
1683892324 98.55 13.98 0.77 52947.4
1683892334 102.84 18.74 0.39 52696.5
1683892344 102.44 14.23 0.39 52315.2
1683892354 31.79 18.02 14620.7 116539
1683892364 102.05 18.99 0 51288.9
1683892374 92.46 13.74 1.55 48486.7
1683892384 102.74 14.23 0 58906.7
1683892394 15.31 18 15041.7 117191
1683892404 101.95 18.97 0 51265.1
1683892414 97.45 13.72 0 52181.6
1683892424 102.06 14.21 0 49707.1
1683892434 98.64 13.97 0.78 50048.7
1683892444 85.75 23.27 15535.5 146276
1683892454 110.14 13.88 0 81895
1683892464 85.25 14.41 0.39 66121.5
1683892474 110.23 14.18 0 84110.7
1683892484 58.72 18.39 14135.1 145720
1683892494 83.91 18.96 0.78 69498.1
1683892504 111.51 14.45 0 84049.6
1683892514 85.47 19.33 0.39 76219.3
1683892524 22.61 23.43 13510.7 136769
1683892534 109.88 19.11 0 80784.1
1683892544 83.63 23.73 1.17 71274.5
1683892554 111 14.42 0 81159.1
1683892564 102.53 14.92 0 80250.7
1683892574 22.95 23.57 14847.3 123626
1683892584 107.54 19.61 0 82625.5
1683892594 104.45 14.38 0.39 83166
1683892604 103.42 19.95 0.39 79377.1
1683892614 101.46 19.46 666.28 492100
1683892624 67.64 23.2 15138.2 129894
1683892634 102.16 13.8 0 50956
1683892644 95.02 19.28 1.56 50678.9
1683892654 102.25 14.03 0 52523.2
1683892664 40.04 18.04 15383.6 124727
1683892674 101.45 18.65 0 50326.8
1683892684 102.05 14.13 0 51137.2
1683892694 96.68 13.88 1.96 51088.6
1683892704 25.24 23.03 15071.7 119014
1683892714 97.07 13.6 1.56 49059.2
1683892724 102.45 19.11 0 53166.8
1683892734 101.36 13.86 0.78 49979.4
1683892744 26.97 23.06 17274.2 124925
1683892754 103.11 13.62 0.78 52419.5
1683892764 102.35 14.12 0 51121.4
1683892774 100.78 18.89 0 50500
1683892784 16.29 18.01 15099.7 118125
1683892794 102.14 18.61 0 51500.9
1683892804 97.76 19.11 1.56 51115
1683892814 102.14 13.86 0 52415.2
1683892824 3.81 17.75 14773.4 106134
1683892834 6.7 17.74 533.34 377.45

Execution duration: 00:22:21.21
