1683897387 88.5 18.72 257307 255.94
1683897392 50.29 18.69 221941 390.13
1683897397 42.5 18.37 219932 379.51
1683897402 39.8 14.13 222306 379.43
1683897407 40.54 14.13 220995 386.36
1683897412 39.84 14.5 221009 381.79
1683897417 40.37 18.29 222038 387.05
1683897422 38.98 14.13 221397 386.31
1683897427 41.22 14.13 222535 387.79
1683897432 38.79 14.5 220986 392.39
1683897437 39.04 14.13 222160 387.05
1683897442 40.08 14.13 222144 380.15
1683897447 40.46 14.13 222169 380.15
1683897452 40.31 14.5 221932 384.79
1683897457 49.52 14.13 223549 64342.6
1683897462 62.69 14.22 221693 219445
1683897467 62.54 14.27 220700 218204
1683897472 65.22 14.81 220876 220671
1683897477 7.01 17.67 3.89202e+06 752767

Execution duration: 00:01:36.36
