1683861821 101.67 4.96 286.78 44527.3
1683861831 102.15 0.96 337.05 43843.6
1683861841 103.23 14.87 2.35 45383.8
1683861851 33.14 18.02 14768 109242
1683861861 102.94 18.81 1.96 50534.1
1683861871 102.74 14.11 16.83 51720.9
1683861881 95.79 13.86 3.13 47769.5
1683861891 55.15 18.22 13897.9 144818
1683861901 97.55 17.96 2.35 72851.6
1683861911 91.69 15.37 1.56 73242.2
1683861921 110.49 14.15 6.21 78864.8
1683861931 92.19 14.31 10.55 163016
1683861941 80.92 18.07 15187.9 129824
1683861951 107.54 15.25 0.39 83202.7
1683861961 110.16 13.99 0 81538.3
1683861971 110.85 14.54 1.17 79936.3
1683861981 20.37 18.24 15127.4 133477
1683861991 104.98 19.47 1.95 78006.6
1683862001 103.2 14.06 0 201751
1683862011 81.24 14.16 3.91 47540.2
1683862021 102.55 14.95 0 52375.7
1683862031 50.74 18.04 15528.8 132318
1683862041 102.34 17.8 0 50850
1683862051 100 14.13 0 49486.3
1683862061 99.9 13.88 0.78 51177.3
1683862071 23.33 18.18 15741.4 149921
1683862081 89.55 18.94 2.35 70930.6
1683862091 110.56 14.35 0 81728.2
1683862101 103.03 14.06 0 79722.4
1683862111 73.64 19.73 3.12 61318
1683862121 23.95 18.33 15469.4 149398
1683862131 112.41 18.57 0.78 90765.6
1683862141 102.15 14.08 0 240583
1683862151 103.04 15.24 0.39 51851.4
1683862161 23.5 17.99 13796.9 107855
1683862171 101.85 18.13 0 50632.4
1683862181 99.22 13.72 1.95 49701.8
1683862191 102.26 15.24 0 55251.6
1683862201 102.44 13.96 0.78 50792.6
1683862211 96.28 19.13 15288.5 135173
1683862221 94.43 13.69 1.57 45367.5
1683862231 99.8 14.18 0.39 51486.5
1683862241 102.25 13.94 0 51383.8
1683862251 75.82 19.27 14868.4 150951
1683862261 109.87 18.01 0 83731
1683862271 83.57 14.38 0.78 63749.5
1683862281 105.77 15.16 0.78 80464.9
1683862291 22.48 18.32 15275.1 150741
1683862301 87.97 19.09 0.78 72883.5
1683862311 109.28 14.46 3.91 79360.6
1683862321 98.63 14.21 0.78 77226.2
1683862331 97.55 14.67 1.17 76578.1
1683862341 37.46 18.48 15686.2 154185
1683862351 87.19 19.63 0.78 77468.2
1683862361 84.28 14.04 1.95 372122
1683862371 102.84 14.17 0 52227.4
1683862381 81.64 13.89 0.78 57294.5
1683862391 44.86 18.03 14983.8 124060
1683862401 102.54 18.82 0 54104.4
1683862411 102.65 14.12 0.39 52495.5
1683862421 102.26 13.88 0 51612.5
1683862431 21.17 18 15269.1 118978
1683862441 102.15 18.79 0 50326.5
1683862451 102.54 14.09 1.17 50218.8
1683862461 101.55 13.86 0 49679.9
1683862471 29.19 19.05 14258 114284
1683862481 102.06 17.77 0 48659.1
1683862491 109.31 14.29 0 78865
1683862501 93.45 14.04 1.17 73153.5
1683862511 32.66 19.31 14055.5 142201
1683862521 83.29 19.04 1.17 66685.4
1683862531 91.5 14.37 0 73321.1
1683862541 111.44 14.14 0 83828
1683862551 85.33 14.59 1.17 75170.7
1683862561 66.18 19.48 14014.8 148646
1683862571 108.69 18.58 0 82586.7
1683862581 100.87 14.23 0.78 82913.5
1683862591 110.56 14.72 0 82346.4
1683862601 33.14 18.55 14256.9 138329
1683862611 78.48 19.69 1.17 68627
1683862621 110.07 14.26 0 83873.3
1683862631 96.78 14.95 1.56 83696.2
1683862641 66.18 15.26 0.39 454116
1683862651 42.98 19.06 14451.9 121875
1683862661 94.13 17.77 1.17 59118.6
1683862671 103.14 14.11 0 50425.8
1683862681 102.15 13.87 0 51683.3
1683862691 37.28 18.02 14620.4 117718
1683862701 102.45 18.81 0 50581.6
1683862711 96.51 14.14 1.17 48756.5
1683862721 102.05 13.87 0 50988.1
1683862731 15.04 17.99 15071.5 118558
1683862741 102.15 18.78 0 50513.4
1683862751 102.65 15.11 0.39 52525.9
1683862761 101.86 13.84 0 48684.9
1683862771 101.66 14.33 0.39 50266
1683862781 78.29 18.07 15551.1 133255
1683862791 109.5 18.39 0 79405.1
1683862801 82.42 15 1.17 63563.9
1683862811 110.44 14.52 0 80000.8
1683862821 63.87 18.32 14176.6 154937
1683862831 67.25 18.46 0.78 55859.2
1683862841 111.05 15.09 0 83395.5
1683862851 104.5 15.73 0.39 85019.9
1683862861 23.64 19.46 13537.5 136699
1683862871 108.11 19.59 0 80448.4
1683862881 97.65 14.15 0.78 79311.4
1683862891 109.67 14.66 0 81605.1
1683862901 101.25 14.42 0 74587
1683862911 44.83 19.5 14847.6 138287
1683862921 109.41 19.28 0 83065.8
1683862931 96.48 14.56 0 76990.8
1683862941 80.47 14.29 0 63346.5
1683862951 102.16 15.44 628.35 507858
1683862961 65.36 19.21 15153 133446
1683862971 101.75 18.31 0 49895.5
1683862981 98.93 14.94 1.57 49413.7
1683862991 102.73 14.39 0 52027.7
1683863001 42.6 19.07 15323.7 125097
1683863011 101.07 18.16 0.78 51838.8
1683863021 102.06 13.75 0 51208.6
1683863031 95.61 15.27 1.95 49153.8
1683863041 20.06 19.04 14984.1 117649
1683863051 95.61 18.12 1.56 49115.5
1683863061 102.15 13.72 0 51047.5
1683863071 102.54 15.28 0.78 50475.9
1683863081 16.82 17.99 14592.4 112273
1683863091 101.46 18.12 2667.45 54759.7
1683863101 102.64 14.76 0.39 51540.6
1683863111 101.85 14.21 0 50836.7
1683863121 95.31 15 1.17 47366.9
1683863131 89.53 18.09 15144 133171
1683863141 102.16 13.68 0.78 50782.8
1683863151 101.66 15.22 0 49821.8
1683863161 101.08 13.94 0.78 51509.3
1683863171 9.48 4.6 15252.4 86766.4
1683863181 1.37 17.73 56.98 28.88

Execution duration: 00:22:45.45
