1683910695 157.13 18.93 266950 31219.7
1683910700 113.75 14.77 222137 30704.3
1683910705 72.36 14.38 219814 30165.4
1683910709 36.29 14.38 220553 30291.1
1683910714 38.72 14.4 222458 30318.8
1683910719 37.8 14.76 220852 30176.9
1683910724 37.77 14.4 221948 30337.8
1683910729 37.31 14.41 221019 30259.1
1683910734 38.38 14.42 221691 29851
1683910740 37.17 14.79 220405 29584.9
1683910744 37.04 14.43 220916 30203.4
1683910750 37.36 14.42 220885 30265.7
1683910754 37.39 14.43 221900 30415.2
1683910759 37.31 14.79 221502 30234.8
1683910764 115.36 14.46 222468 129647
1683910770 64.26 14.55 221512 219464
1683910775 64.16 15.08 221705 221684
1683910780 7.56 17.99 0 703.22
1683910785 5.85 17.98 3.40104e+06 726863

Execution duration: 00:01:34.34
