1683884108 101.67 5 549.8 45838.1
1683884118 102.45 1.98 0 46789.8
1683884128 103.72 14.21 18.79 46032.1
1683884138 39.7 18.03 14750.3 110041
1683884148 103.04 19.56 28.6 50652.7
1683884158 102.14 13.76 0 52448.2
1683884168 99.22 14.37 1.96 50748.4
1683884178 67.51 18.22 13967.5 152852
1683884188 88.76 15.63 1.16 66089.2
1683884198 100.3 14 3.13 80253.8
1683884208 100.88 14.23 71.95 163336
1683884218 10.48 19.36 15191.4 119802
1683884228 103.05 18.25 0 53251.3
1683884238 109.77 13.89 0.39 85190.6
1683884248 109.39 14.45 0 80801.2
1683884258 102.93 15.61 1.57 77231.3
1683884268 58.4 18.3 15232.8 150121
1683884278 111.74 14.07 0 80928.4
1683884288 86.41 15.52 5.86 197649
1683884298 99.11 13.87 2.35 53746.9
1683884308 16.34 18 15542.9 121949
1683884318 100 17.75 0.78 50315.2
1683884328 102.55 14.09 0 53009
1683884338 97.29 15.26 1.16 49624.4
1683884348 103.15 14.48 0 54610
1683884358 82.64 18.24 15711.9 161535
1683884368 111.23 14.23 0 83611
1683884378 98.84 15.46 1.17 75472.1
1683884388 86.61 15.92 1.17 69392.4
1683884398 25.99 18.32 15349.4 149263
1683884408 98.24 18.44 0.78 86296
1683884418 113.21 14.17 0 80498.6
1683884428 98.34 15.6 1.56 251364
1683884438 80.34 18.09 0.78 45960.5
1683884448 96.67 18.1 13917.3 131114
1683884458 97.17 13.69 1.57 54813.3
1683884468 104.22 15.84 0 50963.4
1683884478 102.23 14.3 0 58149.4
1683884488 79.44 18.08 15155 129299
1683884498 101.08 13.67 1.18 49504.4
1683884508 96.58 15.57 0.39 50791
1683884518 102.46 13.93 0 52356.5
1683884528 62.13 18.19 14984.7 123525
1683884538 109.6 13.84 0 84825.8
1683884548 88.09 15.73 1.56 72689.1
1683884558 109.87 14.13 0 80896.2
1683884568 22.17 18.26 15260.2 148033
1683884578 86.6 18.05 1.94 70334.4
1683884588 110.37 15.81 0 83635.6
1683884598 83.97 14.19 0.39 68145.5
1683884608 91.78 14.66 1.17 73806.7
1683884618 27.15 18.4 15595 154515
1683884628 80.25 18.57 0.39 68598.2
1683884638 84.73 15.54 2.35 71089.2
1683884648 111.02 14.73 0 82745.4
1683884658 91.29 14.25 1.56 394436
1683884668 28.73 19.42 14983.4 119564
1683884678 102.05 17.77 0 53282.5
1683884688 101.18 14.1 0.39 59719.7
1683884698 101.36 15.27 0 51868.9
1683884708 12.55 18.23 15239.7 118373
1683884718 102.05 18.12 0 59404.7
1683884728 100.98 15.49 1.17 52111.9
1683884738 101.66 13.84 0 51420.4
1683884748 25.05 18.01 14342.1 116211
1683884758 102.26 17.78 0 51021.7
1683884768 103.22 15.66 0.39 54323.4
1683884778 103.62 14.04 0.78 79478.8
1683884788 48.11 18.23 14055.5 148554
1683884798 77.78 18.02 1.17 62665
1683884808 110.08 15.79 0 84462.6
1683884818 107.23 14.16 0.39 84128.9
1683884828 66.31 14.61 0.78 57621.2
1683884838 84.75 18.4 14055.5 154661
1683884848 106.84 14.44 0.39 88608.8
1683884858 88.07 15.6 0.39 70538.9
1683884868 110.28 14.73 0 80898.6
1683884878 40.48 19.9 14257.3 142336
1683884888 101.95 14.52 0 78414.9
1683884898 110.15 14.29 0 84385.9
1683884908 65.17 14.17 1.16 398205
1683884918 101.65 13.94 0 52775.8
1683884928 88.35 19.5 14523.4 137227
1683884938 98.74 15.1 0.78 52222.5
1683884948 104.09 14.44 0 51485.6
1683884958 92.48 14.29 0.78 52846.5
1683884968 84.08 18.09 14506.8 127185
1683884978 93.44 15.08 1.57 48800.4
1683884988 101.37 14.16 0 51986.8
1683884998 101.46 13.92 0.78 49480
1683885008 70.72 18.34 15114.6 128184
1683885018 96.7 15.44 1.16 55209.3
1683885028 102.14 14.15 0 52419.5
1683885038 102.54 13.91 0.78 51689.5
1683885048 44.57 18.03 15551.1 123866
1683885058 101.76 19.2 0 51283.8
1683885068 100 14.12 0.78 49158.2
1683885078 102.45 13.88 0 53386.9
1683885088 55.97 18.05 14204.7 118724
1683885098 101.96 15.06 0 51837
1683885108 97.36 15.64 1.96 49216.1
1683885118 102.56 15.41 0 51532.2
1683885128 83.44 18.25 13578.1 123519
1683885138 109.39 15.33 0 81323.9
1683885148 110.96 14.43 0.39 85937.9
1683885158 82.02 15.57 0.78 64290.5
1683885168 54.51 18.26 14745.7 154676
1683885178 92.18 18.02 1.17 74591
1683885188 81.71 14.33 0 67110.4
1683885198 111.43 15.5 0 83661.7
1683885208 87.4 16.03 0.39 75284.1
1683885218 36.44 19.78 15169 137891
1683885228 109.5 18.49 0 82305.8
1683885238 99.91 15.5 0.78 82475.9
1683885248 75.83 15.96 0.39 62363.2
1683885258 109.79 14.28 0 81739.7
1683885268 51.28 19.7 15354.8 155160
1683885278 95.99 13.86 0 75603.9
1683885288 110.48 14.36 0 82509.4
1683885298 68.81 14.06 0.78 60742.5
1683885308 111.16 15.99 0 80976.5
1683885318 80.02 18.32 14998.6 160045
1683885328 68.4 15.67 1.57 58104.9
1683885338 107.85 15.44 0 81375.8
1683885348 90.88 14.21 2400 630950
1683885358 2.73 17.74 0.39 28278.9
1683885368 98.63 18.11 14479.1 132366
1683885378 98.24 15.14 1.17 49475.1
1683885388 101.84 14.19 0 52203.7
1683885398 103.43 13.95 1.18 51244.7
1683885408 84.15 19.52 15055.6 131595
1683885418 101.76 13.68 0.78 50299.5
1683885428 101.17 14.18 0 49603.5
1683885438 103.04 13.95 0.39 54193.3
1683885448 8.64 6.03 15352.9 85209
1683885458 0.49 4.52 3.52 13.29

Execution duration: 00:22:34.34
