1683882723 101.77 5 556.07 45657.6
1683882733 102.55 0.57 0 45963.6
1683882743 103.13 14.2 29.78 45659.2
1683882753 38.84 18.02 14642.3 109448
1683882763 107.41 18.32 1.56 67895
1683882773 110.85 15.26 0 82272.9
1683882783 74.88 14.2 73.51 98814.1
1683882793 27.25 18 13997.2 114668
1683882803 103.12 18.14 0.39 53707.9
1683882813 90.52 13.73 3.51 51337.1
1683882823 107.63 14.39 0 70094.2
1683882833 94.42 15.48 1.96 72629.9
1683882843 93.55 18.35 15173 161958
1683882853 101.28 18.15 0.39 79213.3
1683882863 99.9 14.16 5.08 153526
1683882873 102.34 15.25 0 52808.6
1683882883 49.42 19.38 15260.7 125045
1683882893 101.75 17.79 0 50452.9
1683882903 100.68 14.13 1.57 50991
1683882913 101.87 13.89 0 51763.9
1683882923 29.04 19.35 15527.7 123215
1683882933 102.84 17.77 0 50725.9
1683882943 97.17 14.26 1.17 65662.4
1683882953 109.39 14.04 0.39 84550.7
1683882963 111.34 14.6 0.39 80693.3
1683882973 63.32 19.64 15681.7 146086
1683882983 109.91 19.81 0 82037.3
1683882993 107.47 14.09 0.39 86157.9
1683883003 65.3 14.54 1.56 57173.4
1683883013 107.33 15.7 2.35 80257.7
1683883023 80.44 18.08 15470.2 372225
1683883033 85.34 17.81 1.56 51609.4
1683883043 102.06 14.14 0 51369.1
1683883053 97.17 13.89 0 54132.9
1683883063 77.65 19.41 13931 130810
1683883073 98.44 17.83 1.96 50778.1
1683883083 100.98 15.5 0.78 52717
1683883093 101.96 13.93 0 53586.7
1683883103 59.68 18.05 15288.8 127388
1683883113 101.95 17.81 0 52861
1683883123 101.67 15.65 2.35 66911.1
1683883133 110.76 14.08 0 82685.4
1683883143 31.65 18.27 14867.6 136902
1683883153 90.91 19.35 1.56 74824.7
1683883163 111.05 14.34 0 84801.9
1683883173 86.38 14.13 1.95 73642
1683883183 106.64 14.61 0.39 79903
1683883193 59.23 18.45 15171.3 155608
1683883203 98.36 19.9 1.16 82791.1
1683883213 110.26 14.21 0 81424.8
1683883223 89.16 14.82 3.91 69045.6
1683883233 88.55 14.31 0.78 343631
1683883243 72.2 19.41 15747.7 133841
1683883253 92.27 17.81 1.18 52509.7
1683883263 102.25 14.14 0 50507.5
1683883273 103.14 15.24 0.39 51915
1683883283 51.23 18.04 14983.4 122872
1683883293 92.81 17.79 0.39 51466.4
1683883303 100.69 14.12 0 58693.1
1683883313 102.95 15.22 0.78 51971
1683883323 28.15 18.01 15297.8 121269
1683883333 102.26 17.78 0 52295.4
1683883343 101.37 15.45 0.78 52790.2
1683883353 102.84 13.86 0 52690.3
1683883363 46.8 19.55 14230.3 135854
1683883373 109.76 17.98 0 82686.7
1683883383 92.44 14.37 0.39 69500.3
1683883393 84.68 14.09 2.34 70546.3
1683883403 20.32 18.26 14055.5 142598
1683883413 92.96 19.39 2.35 79474.4
1683883423 110.19 15.74 0 82946.7
1683883433 111.42 14.22 0.39 84535.1
1683883443 77.98 14.68 1.17 67364.5
1683883453 75.45 18.54 14055.5 153934
1683883463 103.14 20 0.39 87689.2
1683883473 87.27 14.23 0.78 73316.8
1683883483 109.62 14.8 0 80396.5
1683883493 37.53 18.56 14145.9 145907
1683883503 89.78 19.47 0.78 434468
1683883513 102.15 13.74 0 54079.8
1683883523 93.52 14.21 1.96 50529
1683883533 21.05 17.99 14508.4 115849
1683883543 102.14 19.47 0.78 54925.7
1683883553 101.96 13.73 0 51238.4
1683883563 93.16 15.55 1.18 50513.2
1683883573 18.31 17.99 14634.7 115565
1683883583 99.51 18.12 1.17 48989.2
1683883593 100.1 15.07 0 53189.8
1683883603 102.93 14.21 0.39 53056.2
1683883613 10.32 17.97 15027.1 113545
1683883623 102.35 19.45 0 51001
1683883633 98.64 13.79 648.3 50485.4
1683883643 102.35 14.2 0 51057.2
1683883653 99.91 13.96 1.17 48896.7
1683883663 83.6 18.26 15429.7 149735
1683883673 94.13 18.01 0.78 74155
1683883683 108.42 15.76 0.39 81563.2
1683883693 108.7 14.18 0 81897.9
1683883703 50.97 18.4 14204.7 137890
1683883713 111.15 19.47 0 83453.4
1683883723 91.69 14.5 0 71096.4
1683883733 79.13 15.66 1.57 65703.9
1683883743 27.21 19.76 13471.3 141259
1683883753 95.3 19.63 0.39 81353.4
1683883763 89.15 15.95 0.78 71214.5
1683883773 110.17 14.34 0 84375.4
1683883783 88.48 14.81 0.78 71340.6
1683883793 50.24 19.92 14745.7 150455
1683883803 111.35 20.07 0 84604.1
1683883813 77.94 14.24 0.78 65398.8
1683883823 111.25 18.92 0 82336.7
1683883833 92.83 15.96 1.16 75078.3
1683883843 37.31 20.07 15167.9 132463
1683883853 101.55 19.67 897.38 557556
1683883863 102.45 14.22 0.39 59437
1683883873 102.06 13.98 0 50023.5
1683883883 13.98 19.4 15399 118854
1683883893 98.05 17.74 0.39 50283
1683883903 102.35 15.49 0 52078.7
1683883913 96.39 15.25 1.56 51504.6
1683883923 102.44 14.33 0 51929.9
1683883933 92.37 18.09 15131.9 131943
1683883943 102.36 19.63 0 52693.3
1683883953 102.85 15.22 0.39 49366.1
1683883963 102.35 14.31 0 51435
1683883973 90.53 18.08 14579.7 131747
1683883983 103.43 15.47 0 53779.3
1683883993 103.73 13.83 0.39 51248.6
1683884003 97.16 14.3 1.17 49340.8
1683884013 74.85 19.48 15144 130150
1683884023 102.55 18.2 3589.03 58856.4
1683884033 103.42 13.81 0 52842.3
1683884043 96.58 15.7 1.56 48003.1
1683884053 7.64 17.73 15241.1 89921.3
1683884063 2.16 17.74 120 130.2

Execution duration: 00:22:25.25
