1683864658 272.41 14.48 125205 79.69
1683864663 300 14.52 142191 84.37
1683864668 299.43 14.12 140752 79.7
1683864673 301.14 14.12 141620 78.34
1683864678 299.81 14.19 141545 82.55
1683864683 300 14.56 140711 83.46
1683864688 299.05 14.12 141523 79.7
1683864693 299.81 14.12 141356 79.7
1683864698 299.24 14.13 142004 79.7
1683864703 298.69 14.49 141210 85.55
1683864708 298.86 14.12 142387 79.7
1683864713 299.43 14.12 141258 79.7
1683864718 299.05 14.12 142292 79.7
1683864723 299.25 14.49 141402 84.21
1683864728 299.25 14.12 142509 79.7
1683864733 300.38 14.12 142126 79.85
1683864738 299.24 14.12 143953 79.7
1683864743 300.38 14.49 141548 82.11
1683864748 299.43 14.13 143202 79.55
1683864753 300 14.12 142382 79.85
1683864758 299.81 14.12 142990 79.7
1683864763 299.62 14.49 141786 84.22
1683864768 300 14.12 142416 79.85
1683864773 300 14.12 135387 98275.2
1683864778 299.25 14.12 135074 133504
1683864783 299.81 14.58 130977 129451
1683864788 299.24 14.27 131387 129905
1683864793 298.5 14.33 129039 128630
1683864798 296.05 14.41 127836 127931
1683864803 0.57 17.7 3.863e+06 740102

Execution duration: 00:02:30.30
