1683894507 102.15 4.96 285.33 45059.1
1683894517 102.15 0.97 263.15 43499.9
1683894527 103.34 18.88 1.96 45524.5
1683894537 32.6 18.03 14736 109246
1683894547 101.94 17.79 1.55 49677.3
1683894557 102.54 14.12 27.73 53514.1
1683894567 94.83 18.9 2.73 47896.5
1683894577 58.36 18.22 13953.9 140391
1683894587 95.22 13.82 1.56 72245.9
1683894597 97.27 19.4 2.73 75806.2
1683894607 107.6 14.12 0 81919.7
1683894617 88.1 14.33 74.92 166841
1683894627 89.45 23.12 15173 132827
1683894637 107.23 19.27 0.39 74031.6
1683894647 109.14 19.04 0 82641.8
1683894657 104.1 14.57 1.17 77042.7
1683894667 58.34 18.31 15218.7 149927
1683894678 109.39 14.34 0 82049.2
1683894687 81.57 19.13 5.46 196166
1683894697 102.15 14.24 1.17 54303.8
1683894707 7.63 17.95 15542.1 123056
1683894717 102.84 18.13 1.56 53007.2
1683894727 102.35 13.73 0 53008
1683894737 99.81 19.25 1.17 52164.6
1683894748 101.45 13.98 0 51845.3
1683894757 85.64 18.26 15743 152408
1683894767 111.39 13.89 0 84070.9
1683894777 89.68 19.44 0.78 69969.6
1683894787 105.27 14.16 1.17 80658.1
1683894797 41.06 18.36 15439.2 154036
1683894807 88.89 23.12 0.78 73169.2
1683894817 110.93 14.42 0 82597.1
1683894828 86.46 14.18 0.39 247279
1683894837 78.36 14.28 3.51 45283.4
1683894847 84.65 23.11 13890.1 127037
1683894857 98.35 14.05 2.74 59962
1683894867 101.76 13.81 0 49510.4
1683894877 102.54 19.33 0 58045.6
1683894887 64.94 18.06 15258.6 128577
1683894897 102.84 14.04 0.78 50958
1683894907 99.42 18.82 0.39 50519.8
1683894917 102.35 14.29 0 51917.1
1683894927 56.11 18.05 14970.5 122820
1683894937 108.51 14.2 0 75423.6
1683894948 95.75 18.99 1.93 76169.8
1683894957 110.55 19.54 0 80197.9
1683894967 26.84 18.26 15246.1 151964
1683894977 88.01 23.47 1.56 74366.8
1683894987 110.44 14.04 0 84247.4
1683894997 97.46 14.52 0 83997.2
1683895007 78.56 14.29 0.78 65964.5
1683895018 30.47 18.42 15549.7 152990
1683895027 95.13 23.4 0.78 79179.7
1683895038 94.26 14.08 0.78 321540
1683895047 102.24 13.83 0 53286.7
1683895057 99.22 19.35 2.35 53524.8
1683895068 85.84 18.09 14867.1 131873
1683895077 93.74 14.05 0.78 50654.9
1683895087 102.64 13.81 0 52047.7
1683895097 99.8 14.31 1.17 51458.5
1683895107 65.47 23.1 15267.5 128512
1683895117 103.81 14.04 1.56 58526.3
1683895128 101.55 13.8 0 51358.6
1683895137 101.67 19.32 0.39 54291
1683895148 82.54 18.08 14299.3 127188
1683895157 102.64 19.09 0 51146.9
1683895168 95.63 13.81 1.56 48488.9
1683895177 108.52 18.64 0 74449.3
1683895188 85.56 18.28 14029.3 149366
1683895198 111.33 14.35 0 81998.8
1683895208 94.35 19.1 0.39 75612.1
1683895217 93.74 14.53 0.39 74084.9
1683895228 69.65 18.39 14028.1 150728
1683895238 82.79 14.34 1.16 69894
1683895248 110.25 19.2 0 81595.3
1683895258 104.6 19.68 0 78365.3
1683895268 12.49 18.4 14244.1 127658
1683895278 111.91 18.6 0 84640.8
1683895288 98.63 14.19 0.39 84321.6
1683895298 84.95 14.72 2.35 71786.5
1683895308 100.38 19.31 0 423477
1683895318 68.91 23.1 14494.2 137331
1683895328 101.96 13.67 0 49899.5
1683895338 96.67 14.15 1.17 48184.6
1683895348 99.12 18.94 0.39 52417.9
1683895358 63.82 23.1 14606.4 129060
1683895368 98.83 13.67 1.17 50758.6
1683895378 102.35 14.16 0 52867.5
1683895388 101.64 13.91 0.39 50312.5
1683895398 57.61 18.06 14968 126190
1683895408 97.27 13.65 1.57 50637.6
1683895418 102.24 19.18 0 52323.8
1683895428 99.22 18.93 1.56 51406.8
1683895438 35.06 18.06 15535.2 123993
1683895448 101.56 17.79 0.78 53034.6
1683895458 101.86 14.13 0 49797.1
1683895468 98.54 18.92 1.17 51161.8
1683895478 53.96 18.24 14190.8 144787
1683895488 108.51 13.84 0 81290.5
1683895498 71.27 14.36 1.55 57146.2
1683895508 111.62 19.25 0.39 86608.8
1683895518 30.36 23.4 13523.9 137707
1683895528 81.84 18.1 1.56 68990.2
1683895538 111.34 19.55 0 82587.1
1683895548 91.12 14.26 0.39 75862.5
1683895558 88.95 19.78 0 71434.2
1683895568 56.16 18.47 14774.3 159758
1683895578 79.52 19.45 0.39 67337.4
1683895588 110.65 14.18 0 83705.1
1683895598 104.49 19.77 0 80711.4
1683895608 73.12 14.46 1.56 60758.9
1683895618 67.44 23.64 15093.6 157752
1683895628 97.57 19.25 0.39 76289.6
1683895638 71.84 19.69 1.56 58117
1683895648 110.34 14.41 0 84485.5
1683895658 95.61 15.01 790.63 76364.9
1683895668 61.17 23.09 16896.4 631431
1683895678 102.64 14.03 0 51761.9
1683895688 91.41 18.8 0.78 49706.6
1683895698 102.54 14.27 0 51528.4
1683895708 35.74 18.03 15057.8 118882
1683895718 102.26 23.19 0 53805.1
1683895728 102.94 18.79 0.39 52551.7
1683895738 102.05 14.26 0 50733.7
1683895748 44.29 23.07 14565.5 120061
1683895758 98.53 14.01 0.39 53153.4
1683895768 102.15 13.78 0 52886.6
1683895778 98.04 19.29 3226.95 53682.4
1683895788 32.2 23.05 15099.7 120661
1683895798 103.42 18.16 0.39 50766.4
1683895808 101.46 13.75 0 53885.9
1683895818 101.64 14.25 1.16 51627.9
1683895828 4.98 22.77 14892.1 102364
1683895838 5.29 17.75 417.98 303.42

Execution duration: 00:22:19.19
