1683897538 101.56 5 549.61 45026.9
1683897548 102.94 5.61 0 46341.4
1683897558 103.23 14.22 18.75 46932
1683897568 40.73 18.03 14735.5 110359
1683897578 101.55 18.17 28.66 50660.6
1683897588 102.25 18.81 0 51085.9
1683897598 99.22 14.41 2.34 64807.4
1683897608 62.43 18.23 13926.6 149844
1683897618 91.9 19.28 0.39 72827.7
1683897628 86.31 14.1 76.64 151292
1683897638 102.82 14.22 71.67 154787
1683897648 98.34 13.96 3.51 56781.6
1683897658 98.44 23.31 15158.2 154543
1683897668 99.51 13.87 0 77397.9
1683897678 103.68 14.42 1.16 76542.4
1683897688 110.16 19.23 0 82468.1
1683897698 31.74 18.42 15232 140696
1683897708 95.84 18.12 6.96 182459
1683897718 103.81 19.14 0 63310.6
1683897728 89.45 13.84 4.3 53200.4
1683897738 102.15 14.34 0 52339.4
1683897748 82.42 18.09 15513.3 135284
1683897758 102.15 19.1 0 50412.5
1683897768 102.54 13.81 0.39 52666.8
1683897778 107.93 14.49 0 70952.4
1683897788 62.27 23.28 15634.9 157129
1683897798 84.68 14.25 2.73 67355.5
1683897808 111.3 14.02 0 83200
1683897818 83.81 14.47 1.56 67754.8
1683897828 97.65 14.27 1.56 75232.5
1683897838 78.95 23.55 15424.2 161418
1683897848 88.79 14.01 1.56 240920
1683897858 102.35 14.15 0 51024.4
1683897868 96.97 18.93 0.78 52462.6
1683897878 71.97 18.08 13876.6 124650
1683897888 97.08 13.68 0.78 49643.8
1683897898 100 14.17 0.39 56673.6
1683897908 101.66 18.98 0.39 54179.3
1683897918 62.02 18.06 15259 126278
1683897928 102.45 13.67 0 50901.3
1683897938 95.65 19.19 1.16 49546.9
1683897948 102.45 13.92 0 52964.1
1683897958 45.03 18.21 14897.3 136456
1683897968 108.7 13.82 0 83011.7
1683897978 100.89 19.41 0.78 75895.7
1683897988 86.36 14.11 0.78 67761.8
1683897998 108.78 14.61 0 84228.7
1683898008 75.26 23.44 15231.2 159905
1683898018 109.27 19.41 0.39 82637.3
1683898028 110.99 14.18 0 83771.2
1683898038 80.27 14.64 1.56 69300
1683898048 110.92 14.48 0 79535.3
1683898058 87.61 18.57 15550.1 163038
1683898068 83.81 19.33 1.95 72681.8
1683898078 102.34 14.14 0 376355
1683898088 84.66 13.87 2.74 50515.3
1683898098 29.76 18.02 14954.9 119098
1683898108 102.63 22.82 0.39 56275.8
1683898118 102.15 14.15 0 50928.3
1683898128 102.06 18.92 0 52177.3
1683898138 16.4 23.05 15268.3 118701
1683898148 102.05 17.76 0 51610.6
1683898158 98.74 14.1 1.17 50073
1683898168 102.16 18.89 0 51007.6
1683898178 17.07 18.01 14300.1 111485
1683898188 98.83 17.77 0 49133.3
1683898198 99.31 19.31 0.78 66331.2
1683898208 104.2 14.03 0.39 80296
1683898218 26.54 18.28 14028.1 141148
1683898228 74.52 23.03 2.34 61326.9
1683898238 108.78 14.33 0 82502.2
1683898248 110.26 14.14 0.39 88046.1
1683898258 96.2 14.62 1.17 75962.6
1683898268 87.8 23.52 14028.1 156658
1683898278 78.05 14.42 0 63429.8
1683898288 90.52 14.22 0.78 70796.9
1683898298 111.13 19.77 0 85134.1
1683898308 15.89 18.43 14228.7 135451
1683898318 83.75 18.64 1.16 68110.6
1683898328 110.14 14.24 0 83965.7
1683898338 88.1 19.82 0.39 80648.2
1683898348 88.4 14.26 0.78 462062
1683898358 47.59 18.05 14494.2 123765
1683898368 98.14 18.67 1.17 57274.2
1683898378 101.56 14.13 0 51407.1
1683898388 99.51 13.88 1.17 51732.4
1683898398 44.64 18.04 14563.4 120832
1683898408 95.65 13.63 1.16 49601.2
1683898418 102.05 19.17 0 51509.9
1683898428 102.15 13.89 0.78 54142.7
1683898438 30.27 18.02 15070.3 122882
1683898448 101.76 17.78 0 50210.1
1683898458 99.9 19.15 0 51856.9
1683898468 101.75 13.88 0 52117.3
1683898478 94.35 14.35 1.17 48952.6
1683898488 97.37 23.15 15520 139326
1683898498 103.22 14.26 1.17 71219.1
1683898508 109.27 14.03 0 81772.5
1683898518 100.19 14.58 14039.9 80237.9
1683898528 89.57 23.41 14163.1 157262
1683898538 110.42 14.39 0 81705.3
1683898548 73.76 14.11 0.39 62048
1683898558 104.17 19.8 0.39 80439.2
1683898568 74.9 23.54 13537.1 153890
1683898578 82.62 14.45 1.17 72912.1
1683898588 100.19 14.21 0.39 79717.3
1683898598 111.62 19.76 0 90437.5
1683898608 73.54 14.44 1.56 66236.7
1683898618 87.8 18.54 14832 162327
1683898628 110.73 19.27 0.78 85135.6
1683898638 92.77 14.72 0.78 75111.8
1683898648 111.03 19.57 0 84627.5
1683898658 26.9 23.7 15094.7 142594
1683898668 99.42 18.24 941.54 519988
1683898678 102.24 19.27 0 52387.1
1683898688 98.84 13.98 1.17 51521.5
1683898698 101.96 19.52 0 51463.1
1683898708 96.49 18.1 15368.6 137778
1683898718 102.64 19.13 0 51946.8
1683898728 98.53 13.83 1.56 50377.8
1683898738 103.62 19.38 0 51752.7
1683898748 85.15 18.1 15117.1 133923
1683898758 101.66 19.15 0 50192.2
1683898768 102.05 13.82 0.39 51119.9
1683898778 101.45 14.32 0 50726.8
1683898788 92.27 18.1 14593.5 128104
1683898798 93.27 19.12 2934.77 54544.1
1683898808 101.96 13.82 0 52370.7
1683898818 93.15 19.36 1.96 48242.7
1683898828 68.63 23.13 15129.2 129979
1683898838 103.63 14.05 0.78 51643.4
1683898848 102.64 13.8 0 52165
1683898858 100.78 19.35 0 52177.2
1683898868 7.54 17.75 15212.1 89336.9
1683898878 1.47 17.75 119.42 129.17

Execution duration: 00:22:25.25
