1683849850 101.96 5 550.44 45558.9
1683849860 102.54 0.57 0 45383.9
1683849870 102.94 14.94 18.79 45969.5
1683849880 38.07 18.76 14667.3 110326
1683849890 102.35 18.15 29.36 50510.8
1683849900 102.04 13.75 0 51149.2
1683849910 96.38 15.11 3.13 52599.8
1683849920 58.2 18.21 13940.2 148380
1683849930 97.07 18.39 0 73636.4
1683849940 92.38 14.71 4.69 78974.6
1683849950 102.34 14.2 71.88 158192
1683849960 97.17 13.95 3.51 55652.7
1683849970 83.76 18.96 15099.2 134519
1683849980 105.48 13.85 0.39 80457.5
1683849990 106.93 14.4 1.17 80962.3
1683850000 110.85 14.17 0 82525.9
1683850010 21.22 18.99 15113.2 132751
1683850020 81.41 17.72 2.34 44186.6
1683850030 102.73 14.06 3.9 194035
1683850040 86.32 14.53 3.51 56321.5
1683850050 102.25 14.29 0 51778.1
1683850060 48.62 18.04 15543.6 129111
1683850070 102.35 18.16 0 48872.4
1683850080 102.94 14.5 0.78 52248.9
1683850090 97.56 14.38 0.39 55745.7
1683850100 24.51 18.17 15619.4 150110
1683850110 85.34 19.02 1.96 66448.1
1683850120 110.85 13.94 0 80971.3
1683850130 102.05 14.42 0 77917.2
1683850140 71.95 14.2 1.95 59461.6
1683850150 18.65 19.05 15439.2 148746
1683850160 102.93 18.11 0.78 242107
1683850170 101.96 14.08 0 49652.9
1683850180 102.84 14.57 0.78 50065.4
1683850190 16.9 18 13810.3 109405
1683850200 101.56 17.76 0 50833.1
1683850210 101.36 14.35 1.56 53224.2
1683850220 102.45 14.93 0 57686.8
1683850230 102.44 14.32 0.39 50615.4
1683850240 91.3 18.09 15288.5 135298
1683850250 94.24 14.05 1.57 47619.2
1683850260 101.56 14.54 0 51067.4
1683850270 103.82 14.45 0.78 55759.9
1683850280 73.16 18.23 14839.2 154632
1683850290 110.75 19.12 0 83178.5
1683850300 81.44 18.16 1.17 63127.4
1683850310 108.92 14.49 1.18 81993.7
1683850320 16.11 18.25 15260.2 151562
1683850330 84.65 19.16 1.17 73427.2
1683850340 109.18 14.07 0 80032.8
1683850350 105.08 14.55 0.78 81947.7
1683850360 85.28 15.02 2.34 69301
1683850370 16.14 18.44 15716.9 149410
1683850380 93.45 18.2 1.96 80697.2
1683850390 102.15 14.05 0.78 372126
1683850400 102.74 14.55 0.39 53470.2
1683850410 91.21 14.29 0 48668.7
1683850420 68.2 18.07 14998 128300
1683850430 95.9 18.92 1.17 51747.3
1683850440 101.96 13.78 0 52062.6
1683850450 100.78 14.27 1.57 50848.1
1683850460 48.84 18.04 15282.4 126113
1683850470 102.06 18.16 0.78 49874.8
1683850480 102.15 14.5 0 50308.6
1683850490 100 14.25 0.39 49872.9
1683850500 54.63 18.03 14327.3 122232
1683850510 104.22 19.09 0 56106.9
1683850520 98.54 13.94 1.56 75789.5
1683850530 109.88 15.22 0 83471.8
1683850540 33.82 18.27 14055.5 130033
1683850550 101.46 18.39 0.39 76561.6
1683850560 109.48 14.05 0 84246.3
1683850570 96.68 15.27 0.78 80443.8
1683850580 17.1 18.36 14055.5 142479
1683850590 94.34 18.5 0 72689.4
1683850600 79.94 14.07 1.17 67308.4
1683850610 110.95 15.36 0 80224.4
1683850620 98.65 14.36 0 83002.3
1683850630 19.14 18.49 14244.5 128053
1683850640 110.15 18.29 0 81941.4
1683850650 113.08 15.39 0.39 91462.2
1683850660 69.74 15.32 1.17 61553.1
1683850670 102.05 14.27 0 463702
1683850680 59.79 18.04 14509.6 128357
1683850690 100.1 18.17 0.78 50481.3
1683850700 102.25 13.78 0 51455.2
1683850710 96 14.25 0.78 48443.8
1683850720 51.23 18.77 14606.1 121503
1683850730 99.23 18.9 1.17 48752.6
1683850740 102.15 13.76 0 52831.3
1683850750 104.89 14.55 0.39 53527.7
1683850760 37.99 18.03 15070.3 127325
1683850770 99.13 18.88 1.56 50786.7
1683850780 102.15 13.74 0.39 52348.7
1683850790 103.82 14.97 0 51388.7
1683850800 3.31 17.74 15505.7 115747
1683850810 101.84 18.26 15550.3 142001
1683850820 100.19 13.89 1.17 77762.9
1683850830 111.13 15.19 0 80192.6
1683850840 94.72 14.18 1.56 74089.1
1683850850 66.24 18.32 14204.3 146364
1683850860 108.19 18.14 0 79136
1683850870 90.42 14.44 1.56 77742.2
1683850880 110.37 15.11 0 80932.9
1683850890 61.93 19.21 13537.5 148802
1683850900 67.91 19 0.39 57275.3
1683850910 109.5 15.34 0 83638
1683850920 111.73 14.44 0 93778.9
1683850930 65.95 14.88 1.95 55487.2
1683850940 57.68 19.36 14861 154629
1683850950 106.26 18.76 0.39 83550.7
1683850960 83.85 15.07 0.78 66573.4
1683850970 110.06 15.64 0 80948.4
1683850980 81.91 15.17 740.95 500838
1683850990 74.49 18.96 15137.8 128936
1683851000 102.34 13.79 0 49691.4
1683851010 97.85 15.04 1.17 50090.8
1683851020 102.44 14.03 0 52508.3
1683851030 48.49 18.81 15399 123941
1683851040 102.44 17.81 0 50575.9
1683851050 99.13 19.05 1.57 49713.5
1683851060 102.35 13.88 0 52653.6
1683851070 31.77 18.79 15116.3 119672
1683851080 102.26 17.77 0 49135.8
1683851090 102.35 14.11 0.39 53095.9
1683851100 101.76 14.64 0 48279.5
1683851110 37.81 18.17 17393.1 121538
1683851120 93.45 18.89 2767.93 52139.6
1683851130 102.36 14.1 0 51784.1
1683851140 99.02 14.62 1.57 48798
1683851150 6.16 17.95 15114.5 117694
1683851160 103.63 17.74 0.39 51676
1683851170 101.85 14.08 0 49742.4
1683851180 94.72 13.82 1.17 49550.7
1683851190 102.26 15.08 0 48482.5
1683851200 8.92 17.74 15325.6 84412.1
1683851210 0.1 17.67 1.17 89.24

Execution duration: 00:22:44.44
