1683848280 100.68 5 555.53 44904.6
1683848290 101.55 0.57 0 46401.6
1683848300 102.73 14.2 29.33 47505.4
1683848310 41.2 18.74 14657.5 116358
1683848320 105.09 18.29 1.96 58632.9
1683848330 111.14 13.93 0 83546.4
1683848340 78.02 15.18 0 57079.6
1683848350 29.12 17.99 13974.3 169908
1683848360 102.04 18.13 0.39 55379.8
1683848370 90.13 14.46 3.91 50333.1
1683848380 104.5 14.37 3.91 59670
1683848390 96.03 14.84 1.94 73439
1683848400 97.95 18.33 15187.9 162786
1683848410 97.75 13.92 0.78 80411.7
1683848420 93.46 14.15 5.08 158924
1683848430 102.93 14.62 0 53293.3
1683848440 37.35 18.16 15246.9 130111
1683848450 109.87 17.96 0 84087.6
1683848460 93.75 14.28 0.39 73344.7
1683848470 89.23 14.79 3.52 72414.5
1683848480 111.37 14.58 0 84342.9
1683848490 55.52 18.03 15528 264784
1683848500 93.15 14.71 1.96 49996.5
1683848510 102.44 13.75 0 54435.2
1683848520 103.42 14.25 0.39 57634.4
1683848530 25.72 17.99 15710.7 123604
1683848540 99.23 18.84 1.57 52320.9
1683848550 102.06 17.88 0 50832.1
1683848560 98.14 14.38 1.96 55840.7
1683848570 110.07 14.88 0 81342.1
1683848580 97.36 18.32 15469.4 164007
1683848590 90.13 14.63 1.95 69994.5
1683848600 110.46 14.4 0 84231.5
1683848610 90.12 14.21 1.56 80345.6
1683848620 49.7 19.08 13877.3 148584
1683848630 101.95 18.13 0 236000
1683848640 90.11 14.09 0.78 60975.7
1683848650 88.86 14.56 2.35 49624.6
1683848660 2.85 18.45 15303.4 116948
1683848670 92.57 18.08 15274.7 138771
1683848680 107.83 14.35 0 59059.1
1683848690 101.16 14.17 0.78 54857.4
1683848700 101.36 19.18 0 50843
1683848710 76.53 18.06 14985.9 130380
1683848720 101.56 14.03 0 51130.5
1683848730 101.65 14.52 0.39 50959.5
1683848740 96.19 14.44 0 55764.8
1683848750 66.38 18.94 15141.9 159286
1683848760 92.76 18.34 1.56 74015.7
1683848770 109.98 14.01 0 80813.2
1683848780 99.41 14.49 0.39 79738
1683848790 67.52 14.99 1.57 58791.8
1683848800 70.27 18.39 15671 162654
1683848810 98.43 18.2 1.17 85364.4
1683848820 70.55 14.49 1.17 63242.7
1683848830 109.87 14.97 1.17 83376.7
1683848840 17.24 18.42 14853.5 159143
1683848850 78.49 18.18 1.17 72689.3
1683848860 101.28 14.74 0 367372
1683848870 96.29 13.77 1.56 58158.4
1683848880 100.69 14.27 1.96 51512.6
1683848890 51.52 18.03 15327.3 127186
1683848900 102.25 18.16 0.78 51537
1683848910 102.54 14.48 0 52858.7
1683848920 98.05 14.25 0.78 50334.2
1683848930 65.3 18.04 14327.3 124740
1683848940 103.05 18.9 0.78 52422.3
1683848950 102.74 13.79 0 53063.8
1683848960 102.63 14.28 0.39 50202.3
1683848970 92.47 18.8 14069.3 128530
1683848980 95.7 14.21 1.17 56206.1
1683848990 109.48 14 0 84195.5
1683849000 11.15 17.99 13933.7 138102
1683849010 79.95 19.04 14069.7 143927
1683849020 110.95 14.3 0 84988.5
1683849030 93.45 14.1 0.78 77412.5
1683849040 93.76 14.57 0.78 73787.5
1683849050 57.91 19.16 14242.2 151645
1683849060 78.5 18.54 1.17 71058.5
1683849070 109.79 14.13 0 82205.8
1683849080 109.01 14.68 0.39 83396.3
1683849090 84.36 15.13 1.17 69512.8
1683849100 100.79 18.65 14494.2 163632
1683849110 86.92 14.22 1.55 70337.3
1683849120 94.24 15.5 0.39 74363.2
1683849130 113 15.46 0 84396.5
1683849140 35.2 18.01 14606.8 537287
1683849150 96.28 17.76 0.78 50962.4
1683849160 101.96 14.1 0 55767.7
1683849170 100.78 14.57 0.39 53937
1683849180 24.17 18 15099.8 119907
1683849190 96.87 17.75 1.57 48559.8
1683849200 102.06 14.09 0 54780.8
1683849210 101.67 13.85 0.78 51391.6
1683849220 9.29 18.93 15550.3 123386
1683849230 103.13 18.09 0.78 57289.2
1683849240 102.84 14.07 0 51651.2
1683849250 99.11 14.54 1.17 51567.9
1683849260 13.69 17.99 14190.4 111275
1683849270 102.16 17.75 0.78 51491
1683849280 102.06 14.8 0.39 52289.6
1683849290 101.95 14.67 0 52881.8
1683849300 51.41 18.77 13550.3 115132
1683849310 102.06 17.82 0 51636.4
1683849320 96.1 14.17 0.78 51209.8
1683849330 102.26 14.66 0 52959.7
1683849340 49.32 18.21 14760.4 127710
1683849350 109.78 18.73 0 83181.2
1683849360 92.88 14.41 0.39 70269.9
1683849370 101.47 14.97 0.78 79197.3
1683849380 19.92 19.1 15123 147863
1683849390 78.52 18.84 1.56 66762.1
1683849400 108.91 15.17 0 79802.5
1683849410 105.27 14.18 0.78 82050.8
1683849420 93.93 15.39 0.39 71804.9
1683849430 37.8 18.3 15264 152602
1683849440 75.78 18.39 0.78 62119.1
1683849450 105.14 14.72 0.39 80497.3
1683849460 110.37 14.47 0 84867.7
1683849470 79.97 14.94 0 65846.7
1683849480 48.69 19.07 15115.9 152721
1683849490 93.35 18.07 0 73288
1683849500 89.34 14.39 0 71266.1
1683849510 111.54 14.88 0 83795.1
1683849520 88.68 14.61 1.56 70068
1683849530 92.68 18.4 14592.4 160240
1683849540 101.38 15.1 0 76133.5
1683849550 76.81 14.11 2972.6 622736
1683849560 101.66 14.25 0 54107.5
1683849570 32.87 18 15144.8 127849
1683849580 102.26 18.87 0 49097.9
1683849590 98.92 13.73 1.96 50850.2
1683849600 102.25 14.22 0 50925.8
1683849610 4.7 18.47 14850.9 102713
1683849620 5.96 17.73 472.59 337.56

Execution duration: 00:22:30.30
