1683896014 102.16 10.03 566.18 44269.8
1683896024 102.93 0.57 0 46489.8
1683896034 103.12 19.24 18.32 45455
1683896044 35.52 18.03 14720.4 109343
1683896054 106.46 14.16 1.17 62943.1
1683896064 111.6 18.97 0 83750.5
1683896074 70.54 14.2 72.97 96674.3
1683896084 24.82 18.01 14028.2 171074
1683896094 103.82 13.99 1.17 57413.8
1683896104 92.69 13.73 3.12 49669.9
1683896114 105.75 14.38 0 64323.6
1683896124 98.73 19.18 1.95 73521
1683896134 99.22 23.38 15113.9 166295
1683896144 93.01 13.94 0.39 75757.1
1683896154 92.02 14.16 6.62 154466
1683896164 102.54 13.92 0 52308.1
1683896174 43.38 18.2 15174.3 139121
1683896184 111.44 18.85 0 82528.1
1683896194 87.41 14.35 1.17 64730.5
1683896204 93.75 14.09 1.56 74960
1683896214 111.13 14.59 0 83953.6
1683896224 52.52 23.07 15362.9 262036
1683896234 100.1 14.02 1.95 52931.9
1683896244 98.53 13.77 0 53883.6
1683896254 94.34 14.26 1.95 50990.4
1683896264 16.8 23.04 15741.4 121461
1683896274 96.5 13.97 1.56 48428.5
1683896284 102.05 13.72 0 53538.3
1683896294 106.35 14.38 0.39 62069.1
1683896304 111.22 14.16 0 82944
1683896314 88.78 23.38 15454.7 159413
1683896324 101.75 13.95 1.17 78843
1683896334 111.32 18.59 0 84307.1
1683896344 77.29 14.21 1.55 71480.6
1683896354 36.3 23.06 13864.2 115762
1683896364 102.34 13.99 0 234864
1683896374 80.26 14.09 1.56 56593.6
1683896384 99.12 13.84 1.95 54340.2
1683896394 103.03 19.4 0.78 54722.3
1683896404 89.53 18.1 15155.8 128353
1683896414 102.24 14.07 0 59606.3
1683896424 102.15 18.86 0.78 49742.4
1683896434 102.15 14.32 0 52425.8
1683896444 82.24 18.08 14956.2 130172
1683896454 102.44 19.09 0 52574.8
1683896464 102.14 13.82 1.17 51817
1683896474 105.18 14.47 0 62705.5
1683896484 72.39 18.26 15246.1 158543
1683896494 111.64 19.31 0 82830.5
1683896504 110.53 14.05 0 81665.5
1683896514 64.42 14.49 1.56 55119.3
1683896524 104.38 14.32 0 78540.5
1683896534 90.24 23.46 15686.2 174946
1683896544 69.18 14.03 2.33 58834.5
1683896554 109.16 14.52 0 83312.2
1683896564 112.6 19.4 0 89363.5
1683896574 75.13 14.81 1.17 69028.7
1683896584 100.19 18.72 14939.6 159174
1683896594 98.35 14.06 0.39 369482
1683896604 102.35 18.86 0 50618.5
1683896614 102.63 14.32 1.17 52017.9
1683896624 73.76 18.08 15267.9 133445
1683896634 102.14 19.08 0 51237.9
1683896644 102.25 17.96 1.17 50334.8
1683896654 102.15 19.33 0 54124.9
1683896664 85.74 18.09 14313.7 127500
1683896674 102.54 14.07 0 52888.3
1683896684 95.44 18.84 1.55 50346.7
1683896694 2.25 17.75 14069.3 109416
1683896704 100.69 18.12 14042.6 130460
1683896714 104.47 14.25 0 61621.8
1683896724 103.81 19.06 0.39 82436.6
1683896734 9.78 18.02 14055.9 136898
1683896744 108.93 18.37 13960 161294
1683896754 69.56 19.33 0.78 59298.7
1683896764 104.98 14.12 0.78 80119.8
1683896774 111.01 14.61 0 87226.9
1683896784 52.05 18.43 14243.8 147541
1683896794 109.47 19.45 0 82375.2
1683896804 93.96 19.18 1.17 75656.9
1683896814 83.58 14.72 0.39 69289.5
1683896824 10.93 18.23 14466 143893
1683896834 93.76 18.66 14466 161822
1683896844 88.28 19.25 1.96 72579.9
1683896854 109.22 14.78 0 81465.8
1683896864 76.71 14.24 0 459741
1683896874 26.99 23.05 14450.7 117230
1683896884 102.44 13.62 0 52676.6
1683896894 90.62 14.1 0.78 50949.2
1683896904 102.45 13.85 0 52111
1683896914 5.25 22.94 15043.3 111531
1683896924 101.46 18.11 0 48834.2
1683896934 101.46 14.08 0.39 52455.8
1683896944 102.26 18.86 0 50310.1
1683896954 102.84 14.33 1.17 56214.7
1683896964 72.04 18.08 15551.1 133846
1683896974 102.05 19.07 0 50249.2
1683896984 99.22 13.79 1.17 49244.9
1683896994 101.76 14.29 0 50597.9
1683897004 78.04 18.09 14163.1 124535
1683897014 102.25 19.09 0 52299.6
1683897024 96.58 13.91 1.17 49047
1683897034 8.77 23.01 13510.7 106427
1683897044 93.85 13.61 1.17 48791.4
1683897054 101.95 19.15 0 50575.6
1683897064 102.63 18.93 0.78 54642.2
1683897074 104.38 14.57 0 60599.4
1683897084 105.22 23.35 14702.9 164674
1683897094 67.22 14.26 1.56 54140.5
1683897104 111.12 14.04 0 80887.3
1683897114 112.18 19.62 0 86148.5
1683897124 26.01 23.38 15094.7 137387
1683897134 111.15 19.35 0 83511.7
1683897144 80.49 19.06 1.17 64686
1683897154 110.46 14.53 0 83596.9
1683897164 110.71 14.29 0 83257.6
1683897174 43.33 23.3 15239.1 143279
1683897184 110.53 13.87 0 83016.6
1683897194 87.71 19.37 0 67831
1683897204 90.54 14.07 1.56 73198.4
1683897214 107.31 19.6 0 80365.7
1683897224 65.59 18.3 15073.3 156426
1683897234 110.66 19.32 0 81962.1
1683897244 106.72 14.04 0.39 81805.1
1683897254 69.73 14.48 1.17 61568
1683897264 18.43 18.23 14563.9 142147
1683897274 110.54 19.26 0.39 92378
1683897284 71.06 14.03 3076.41 610527
1683897294 102.35 14.17 0 50796.5
1683897304 103.42 18.97 0.78 58787.1
1683897314 62.21 18.07 15114.5 130841
1683897324 100.2 13.67 0.78 51413.5
1683897334 101.76 19.2 0 53384.2
1683897344 101.66 18.97 0 52247.4
1683897354 6.74 17.75 15114.1 92530.9
1683897364 2.74 4.59 201.95 81.64

Execution duration: 00:22:36.36
