1683870688 101.57 6.11 137.52 44725.6
1683870698 102.45 0.94 16.47 46598
1683870708 103.33 13.85 2.35 46878
1683870718 40.45 19.18 14651.1 111399
1683870728 102.05 17.79 1.17 50259.4
1683870738 106.56 14.29 0 66047
1683870748 90.43 14.04 2.34 68261.3
1683870758 55.14 19.46 13953.9 146471
1683870768 97.17 13.95 66.47 70987.3
1683870778 78.48 14.08 83.76 141722
1683870788 102.74 14.98 0 52360.4
1683870798 95.3 14.32 3.13 56976.1
1683870808 87.42 18.09 15143.4 132443
1683870818 101.17 14.06 0.78 50752.4
1683870828 102.65 14.96 0 50383.5
1683870838 103.23 14.31 1.56 51449.5
1683870848 78.86 18.07 15127.4 132952
1683870858 105.65 15.36 0 64502.9
1683870868 100.4 13.98 1.56 75703.5
1683870878 109.51 14.53 0 83774.6
1683870888 32.58 19.41 15542.9 145682
1683870898 104.41 18.46 1.57 78092
1683870908 110.47 14.05 0 86782
1683870918 86.81 14.52 1.94 73245.4
1683870928 110.67 15.48 0 80580
1683870938 50.43 18.04 15670 338988
1683870948 90.42 13.63 1.56 50443.4
1683870958 102.56 15.27 0 52896.4
1683870968 99.31 13.88 1.96 55059.4
1683870978 24.1 18.16 15499.7 133401
1683870988 99.61 17.93 0.39 78449.6
1683870998 111.14 15.48 0 80866.1
1683871008 96.48 15.22 1.56 73234.8
1683871018 78.07 14.54 1.18 65762.6
1683871028 84.26 18.4 13890.5 156255
1683871038 96.77 15.5 1.17 83672.7
1683871048 96.77 14.13 1.57 251632
1683871058 101.56 14.26 0 53928.1
1683871068 41.61 19.17 15155.4 123354
1683871078 102.46 18.16 0 51846.4
1683871088 94.06 13.74 1.95 48065.1
1683871098 101.26 14.24 0 55634.2
1683871108 22.14 19.16 14999.4 116654
1683871118 102.05 18.13 0 52793.4
1683871128 100.29 13.73 0.39 54697.4
1683871138 102.26 15.38 0 51390
1683871148 13.27 17.99 15260.2 117224
1683871158 103.82 18.28 0.39 64445.8
1683871168 110.07 13.9 0 84094.6
1683871178 78.59 15.52 4.3 64635
1683871188 110.76 14.2 0 81372.4
1683871198 46.76 18.3 15595 152502
1683871208 81.25 15.06 1.56 67204.3
1683871218 111.26 14.42 0 85413.3
1683871228 94.42 14.21 1.17 75981.2
1683871238 86.11 14.69 0 71423.1
1683871248 68.37 18.48 14867.1 158116
1683871258 91.31 15.62 0.78 77643.8
1683871268 101.47 14.22 0.39 80547.8
1683871278 107.72 14.92 0 78748
1683871288 89.24 14.33 1.17 386137
1683871298 91.95 19.25 15193.4 136263
1683871308 98.73 13.69 1.18 50981.8
1683871318 102.15 15.34 0 50525
1683871328 5.78 17.91 14355.7 111410
1683871338 103.83 18.11 0 55270.5
1683871348 102.64 14.86 0.78 49146.4
1683871358 93.84 14.19 1.17 51189.8
1683871368 14.09 18 14069.3 112072
1683871378 103.03 19.27 0.39 51872.9
1683871388 102.15 13.73 0 53421.5
1683871398 102.15 14.22 0.39 51549.9
1683871408 37.8 19.17 14041.8 118133
1683871418 93.54 18.14 1.18 49938.5
1683871428 101.85 13.74 0 51310.9
1683871438 103.42 14.24 0.78 53133.5
1683871448 48.48 18.03 14284 118099
1683871458 105.09 15.33 0.39 65348.3
1683871468 110.56 13.97 0 81934.3
1683871478 109.41 14.52 0.78 80273.5
1683871488 22.04 18.26 14397.3 131762
1683871498 104.8 19.54 0 80613.3
1683871508 111.15 14.05 0 91938.2
1683871518 69.24 14.49 1.16 62534.6
1683871528 105.77 15.46 0.39 77482.4
1683871538 70.73 18.48 14478.7 158624
1683871548 71.14 15.17 1.57 63226.6
1683871558 107.03 14.57 0.78 81594.1
1683871568 109.87 14.34 0 88189.2
1683871578 91.5 14.9 1.95 75052.2
1683871588 92.28 18.64 15085 163014
1683871598 92.59 15.84 0 73016.2
1683871608 81.62 14.39 0.78 69098.3
1683871618 110.74 19.09 0 82621.1
1683871628 82.06 14.33 0.39 509632
1683871638 73.08 19.22 15581.6 132104
1683871648 102.26 13.67 0 52680.1
1683871658 96.9 14.15 1.16 55307.1
1683871668 102.95 13.92 0 51650.5
1683871678 82.11 19.23 14191.2 128016
1683871688 102.16 13.68 0 50799.2
1683871698 96.97 15.42 1.18 49717.1
1683871708 10.38 19.12 13563.6 108612
1683871718 102.36 19.29 0 50676.2
1683871728 101.18 14.9 1.57 51596.1
1683871738 101.56 14.26 0 53719.1
1683871748 7.83 19.09 14890.9 114030
1683871758 102.36 19.28 349.41 58233.7
1683871768 101.94 14.9 0 51405.1
1683871778 102.26 14.26 0 53030.8
1683871788 95.21 15.23 1.96 48547.6
1683871798 90.59 19.37 15167.5 135531
1683871808 99.71 14.96 1.16 51692.3
1683871818 102.26 14.31 0 51245.8
1683871828 101.77 15.21 0.39 51686.4
1683871838 76.2 19.23 15428.4 134101
1683871848 102.16 13.68 0 52412.5
1683871858 98.54 15.32 1.96 50103.7
1683871868 102.14 13.94 0 54455.9
1683871878 74.36 18.25 15131.5 137620
1683871888 110.55 15.02 0 83784.9
1683871898 82.8 14.33 0 64249.9
1683871908 105.09 14.08 0.39 79815.7
1683871918 47.57 19.4 14578.1 149284
1683871928 56.3 17.94 0.39 48090.7
1683871938 96.58 14.26 0.39 75980.4
1683871948 111.15 15.16 0 86073.6
1683871958 70.38 14.46 1.56 62204.9
1683871968 28.9 19.38 15158.9 151489
1683871978 107.52 18.35 0.39 85060.4
1683871988 96.77 13.94 1.17 75901.9
1683871998 110.84 14.44 0 82891.8
1683872008 90.22 15.34 0.39 73586
1683872018 13.09 17.99 14900.1 117137
1683872028 11.22 17.99 306.05 33064.3

Execution duration: 00:22:28.28
