1683838083 101.48 0.92 189.14 43727.5
1683838093 101.47 0.98 16.49 44962.9
1683838103 102.86 0.89 10.26 45682.4
1683838113 31.23 1.26 14707 105669
1683838123 101.76 1 1.18 49168.2
1683838133 110.06 1.92 25764.7 77026.2
1683838143 86.69 1.66 18945 63101.3
1683838153 27.27 1.87 36707.8 141086
1683838163 110.29 1.73 0 82206.5
1683838173 56.89 2.18 1.57 51873.2
1683838183 111.73 2.12 7388.38 81256.8
1683838193 102.17 2.51 77765 203725
1683838203 26.31 2.29 15296.6 120292
1683838213 102.47 2.51 0 51242.9
1683838223 102.56 2.27 1.57 58226.4
1683838233 102.36 3.05 0 49618.9
1683838243 4.14 2.78 15366.7 115684
1683838253 107.98 3.2 0.39 76069
1683838263 109.48 3.08 0 82041.5
1683838273 79.53 3.66 2.36 64865.4
1683838283 109.92 3.41 0 82759.5
1683838293 47.14 3.83 15634.7 161328
1683838303 86.41 3.5 1.96 72106.7
1683838313 108.31 4.11 0 79191.8
1683838323 100.39 4.12 6820.87 254171
1683838333 101.86 4.4 0 50029.1
1683838343 71.26 4.05 15866.9 134446
1683838353 101.76 4.33 0 50165.9
1683838363 102.46 4.39 0.39 51843.3
1683838373 101.58 4.88 5782.71 53228.7
1683838383 49.31 4.73 15545.4 127468
1683838393 101.18 4.82 0.39 50704.3
1683838403 102.46 4.82 0 52238.3
1683838413 94.68 5.36 1.57 47655.5
1683838423 62.3 5.27 13917.3 121520
1683838433 101.67 5.42 0.79 74683.6
1683838443 110.03 5.41 0 80741.8
1683838453 109.29 6.18 0.39 81032.6
1683838463 73.24 5.79 1.96 61929.8
1683838473 101.28 6.14 15363.6 165246
1683838483 102.84 5.99 0 82422
1683838493 68.53 6.34 1.18 62599
1683838503 109.73 6.44 0 80126.6
1683838513 25.66 6.65 15057.6 152815
1683838523 97.53 6.41 1.18 75094.1
1683838533 102.17 6.67 4175.42 328752
1683838543 78.07 6.48 0.79 46178.6
1683838553 101.37 6.98 0 50294.8
1683838563 61 6.95 15275.1 132610
1683838573 102.26 7.08 0 49449.8
1683838583 102.76 7.07 0 52056.6
1683838593 95.48 7.61 1.97 48679.4
1683838603 26.36 7.44 15809.6 125674
1683838613 102.96 7.55 3586.62 56755.6
1683838623 102.07 7.49 0 51592.9
1683838633 102.75 8.1 0.39 51543.4
1683838643 18.86 7.95 15057 120108
1683838653 96.26 8.11 0.79 49092.2
1683838663 102.06 8 0 51928.5
1683838673 102.47 8.68 0.79 50480.6
1683838683 98.42 8.52 0.39 50248.7
1683838693 93.42 8.74 15357.4 135411
1683838703 102.06 8.36 0.39 50239.4
1683838713 102.26 9.21 0 52342.6
1683838723 96.37 9.04 0.79 47150.9
1683838733 105.4 9.31 14397.6 157534
1683838743 92.06 9.19 0.79 69944.6
1683838753 104.72 9.86 1.18 78982.9
1683838763 110.39 9.69 0 83215.7
1683838773 59.18 9.94 14111.5 138694
1683838783 109.8 9.72 0 80889.2
1683838793 111.05 10.35 0.78 90239.3
1683838803 85.49 10.14 0.39 69456.1
1683838813 35.66 10.5 14083.1 144481
1683838823 98.63 10.37 1.18 76551.9
1683838833 108.34 10.97 0.39 84301.6
1683838843 112.08 10.99 0 81846.5
1683838853 58.72 11.31 0.78 47478.8
1683838863 68.82 11.23 14298 153456
1683838873 112.36 11.54 0 84010.6
1683838883 70.69 11.28 1.96 62357.3
1683838893 109.31 12.04 981.78 80007.1
1683838903 15.78 11.19 17003.1 581505
1683838913 99.02 11.15 0.79 53957.2
1683838923 101.96 11.25 0 52362.4
1683838933 100 11.85 1.96 51272.2
1683838943 12.45 11.6 14649 114596
1683838953 102.15 11.84 1.18 50537.6
1683838963 102.65 11.75 0 49422.8
1683838973 100.89 12.39 0 51537.6
1683838983 101.86 12.3 0 49640
1683838993 92.16 12.48 15130.2 132824
1683839003 99.41 12.11 0.39 54166.4
1683839013 102.45 12.96 0 51695.7
1683839023 102.25 12.79 0.39 48777.7
1683839033 70.69 12.88 17797.7 138469
1683839043 102.25 12.72 0 48755.1
1683839053 102.16 13.44 0 51607.8
1683839063 97.65 13.16 1.57 51663.9
1683839073 76.4 13.54 14218.2 128512
1683839083 96.67 13.31 0.39 49983.9
1683839093 101.96 13.93 0 50258.6
1683839103 2.45 13.25 0.39 30090.6
1683839113 99.91 14.08 13576.9 124795
1683839123 102.65 13.7 0 51145.9
1683839133 98.43 14.2 1.96 48052.1
1683839143 102.85 14.59 0 49955.7
1683839153 86.08 14.21 14931.8 148870
1683839163 109.06 14.43 0 81123.7
1683839173 94.94 14.55 0 72981.3
1683839183 89.9 14.1 0.39 70728.2
1683839193 34.69 14.37 15149.6 150866
1683839203 79.34 14 0.78 70058
1683839213 110.57 14.49 0.39 79198.4
1683839223 110.08 14.25 0 81340.1
1683839233 86.79 14.72 1.96 70925.2
1683839243 51.13 14.26 15523.2 158690
1683839253 107.35 14.4 0 82943.4
1683839263 109.14 14.15 0 80150.2
1683839273 104.81 14.64 0 78228.2
1683839283 50.01 14.34 0.39 48364.3
1683839293 62.98 14.32 15145.5 162524
1683839303 97.46 13.98 0 74624.6
1683839313 98.82 14.45 0.39 77757.2
1683839323 110.77 14.3 4.7 81987.5
1683839333 78.97 14.53 0 62041.1
1683839343 88.44 14.21 14626.4 155341
1683839353 111.27 14.41 0 83536.9
1683839363 81.54 14.13 0 71065.6
1683839373 86.95 14.62 0 68082
1683839383 9.12 13.98 20330.7 757965
1683839393 92.02 13.91 0 59000.8
1683839403 102.26 13.81 0 49203.5
1683839413 97.28 14.3 0 50966.3
1683839423 100.3 13.91 0.39 52912.6
1683839433 1.38 13.77 15306.8 87442

Execution duration: 00:22:42.42
