1683867748 95.19 5.85 254440 30599.6
1683867753 55.92 5.49 222198 30395.4
1683867759 50.85 5.49 221136 30323.8
1683867763 44.95 14.85 221883 30492.2
1683867768 46.56 14.53 222269 29345
1683867773 45.61 14.58 221483 28096.2
1683867778 44.27 14.58 221240 30702.3
1683867783 44.74 14.95 222528 30934.6
1683867788 45.51 14.58 222005 30878.8
1683867794 45.71 14.78 221093 14944
1683867799 39.04 14.48 550504 1.26392e+06
1683867804 40.46 14.49 221203 383.21
1683867809 40.35 14.19 222080 379.35
1683867814 40.08 14.12 221731 375.57
1683867818 40.54 14.12 221840 383.94
1683867824 39.8 14.49 221045 385.52
1683867829 112.59 14.35 221973 143208
1683867834 64.06 14.4 221147 221545
1683867839 7.24 17.66 3.56351e+06 363470

Execution duration: 00:01:34.34
