1683889642 72.17 15.75 232027 146564
1683889647 49.8 20.75 123539 133015
1683889652 46.58 19.32 110577 128871
1683889657 36.91 18.66 77515.9 129098
1683889662 53.24 20.89 116006 130296
1683889667 42.48 21.93 66755.8 132707
1683889672 55.05 25.03 98483 131263
1683889677 47.72 24.94 86850.9 132964
1683889682 42.04 27.65 74894.7 132674
1683889687 41.28 27.93 81473.5 142571
1683889692 45.55 28.85 89852.8 117004
1683889697 38.95 27.83 78930.8 131044
1683889702 41.56 30.3 80490.3 131528
1683889707 42.51 28.97 81415.6 131879
1683889712 42.19 29.28 82440.7 151783
1683889717 41.91 29.34 74825.6 155598
1683889722 32.64 31.32 63591.7 116930
1683889727 41.59 29.44 74366.7 124619
1683889732 41.88 32.9 76294.3 136898
1683889737 47.54 32.33 90284.5 124602
1683889742 57.6 33.22 100314 121236
1683889747 56.9 36.26 95394.8 101755
1683889752 59.1 34.7 101888 129003
1683889757 54.01 36.67 98147.5 136718
1683889762 37.03 37.32 101761 147113
1683889767 33.28 37.27 94550.4 137129
1683889772 30.7 37.45 77916.4 103325
1683889777 44.83 37.64 96618.4 144927
1683889782 35.72 38.12 92100.8 137887
1683889787 37.36 37.81 101654 138284
1683889792 29.52 37.84 78840.6 105274
1683889797 37.2 37.84 99146.2 138242
1683889802 35.9 38.48 101266 138834
1683889807 36.45 38.38 96987.2 141692
1683889812 32.52 38.4 87197.7 137827
1683889817 27.11 34.94 78771.4 116381
1683889822 36.15 38.78 28144.6 110356
1683889827 39.93 35.44 55633.9 148499
1683889832 40.3 36.11 80924.3 167923
1683889837 43.9 36.83 79993.2 166374
1683889842 43.36 41.34 77541.7 167770
1683889847 39.51 37.92 75361.8 167360
1683889852 37.17 41.5 74966.5 165533
1683889857 34.14 38.13 72547.8 143132
1683889862 32.66 38.59 74344 113568
1683889867 35.27 41.82 80158.4 122660
1683889872 33.46 41.96 72963 111759
1683889877 28.1 42.16 56952.1 92293.6
1683889882 46.9 39.22 88757.2 161406
1683889887 44.11 42.46 90868.8 186781
1683889892 40.37 39.07 90410.5 183864
1683889897 35.14 39.14 77257.6 142851
1683889902 35.9 39.6 78354.4 133827
1683889907 35.08 42.75 77293.3 133106
1683889912 36.87 42.92 79967.2 133372
1683889917 36.76 43.3 81063.4 139098
1683889922 10.05 34.82 4.5147e+06 2.87512e+06
1683889927 12.67 35.33 4.58298e+06 2.91594e+06

Execution duration: 00:04:49.49
