1683866233 169.42 1.36 254635 0
1683866238 130.11 18.3 221407 253.03
1683866243 51.7 14.58 219670 384.86
1683866248 32.96 14.5 221266 388.57
1683866253 31.8 14.15 221279 383.14
1683866258 32.96 14.14 221232 380.95
1683866263 31.56 14.51 221042 386.23
1683866268 31.25 14.5 221096 380.95
1683866273 31.75 14.14 221908 382.41
1683866278 32.05 14.14 222637 391.55
1683866283 30.78 14.51 221737 396.18
1683866288 32.51 14.51 221688 388.53
1683866293 32.45 14.14 221332 381.68
1683866298 30.81 14.14 220186 380.23
1683866303 36.9 14.51 222324 44793.9
1683866308 55.53 14.59 221973 219559
1683866313 54.48 14.28 221462 219074
1683866318 56.65 14.43 221285 221004
1683866323 0.38 17.67 3.91374e+06 742065

Execution duration: 00:01:36.36
