1683858618 101.56 4.99 549.26 44229.2
1683858628 102.55 1.53 0 45164
1683858638 101.95 15.16 29.12 44528.6
1683858648 31.12 18 14738.2 108584
1683858658 102.65 18.17 18.02 49652.5
1683858668 102.24 13.74 0 52189.2
1683858678 93.34 14.38 3.13 63938.2
1683858688 43.4 19.15 13953.9 145076
1683858698 102.64 18.38 0.39 76334.7
1683858708 74.44 14.06 75.7 145426
1683858718 102.64 15.15 0 51764
1683858728 95.79 13.94 2.74 56476.3
1683858738 73.78 18.07 15187.9 128228
1683858748 101.27 13.66 0.39 52852.4
1683858758 102.74 15.12 0 49444.8
1683858768 102.24 13.91 0 51289.1
1683858778 51.47 18.04 15262.2 124686
1683858788 102.16 18.76 0 51085.7
1683858798 107.54 14.3 0.78 74109.2
1683858808 110.48 14.07 0 83480.2
1683858818 86.34 14.6 15497 69192.6
1683858828 104.11 18.35 15548.3 166129
1683858838 108.32 15.33 0 79976.9
1683858848 78.31 14.11 1.56 67224.6
1683858858 111.44 15.61 0 80769.1
1683858868 29.52 18.45 15758 148513
1683858878 74.68 18.09 5.86 271258
1683858888 102.35 13.69 0 51385.5
1683858898 96.38 14.17 1.17 58045
1683858908 103.04 14.88 0.39 49672.5
1683858918 56.38 18.05 15409.1 126469
1683858928 102.74 13.65 0 50186.9
1683858938 102.74 14.14 0 51996.1
1683858948 95.02 13.88 1.56 50042.2
1683858958 69.99 18.06 13890.1 122155
1683858968 99.42 14.62 0.78 49203.9
1683858978 107.74 15.29 0 74727.2
1683858988 104.68 14.09 0.78 81486.2
1683858998 37.89 18.27 15258.6 148699
1683859008 110.95 18.03 0 81894.8
1683859018 66.27 14.32 0.39 51729
1683859028 97.65 15.08 1.17 76118.6
1683859038 111.34 14.61 0 86076.3
1683859048 34.3 18.4 14970.5 143611
1683859058 102.15 18.54 2.35 80306.1
1683859068 106.85 15.14 0 80975.2
1683859078 86.42 14.18 1.95 344899
1683859088 102.74 13.95 0 51269.7
1683859098 70.57 18.07 15231.2 134704
1683859108 102.85 14.63 0 49791.8
1683859118 102.43 14.15 1.17 48932.3
1683859128 93.15 13.89 0.78 48167.9
1683859138 30.83 18.02 15732.3 123841
1683859148 100.5 18.74 1.56 50076.6
1683859158 108.13 14.28 0 78658.3
1683859168 94.24 14.03 0.78 73516
1683859178 110.68 15.55 0 79708
1683859188 101.06 18.35 14867.1 160188
1683859198 94.91 14.37 1.17 75112.3
1683859208 110.65 14.13 0 83949.9
1683859218 77.52 15.54 0.39 62075.9
1683859228 13.89 19.28 15298.9 140687
1683859238 112.34 18.52 0 83254
1683859248 80.95 14.14 1.17 72779.7
1683859258 95.02 15.11 0.78 338276
1683859268 101.96 13.91 0 56052.4
1683859278 72.24 18.07 14328.1 128495
1683859288 102.83 14.62 0 50571.4
1683859298 90.8 14.14 1.17 46818.4
1683859308 103.14 13.9 0 50855.2
1683859318 73.33 19.03 14002.3 123604
1683859328 102.16 13.67 0 50364.8
1683859338 103.03 14.19 0.39 58415.7
1683859348 101.86 13.91 0 48250.5
1683859358 88.36 18.09 13960 127544
1683859368 94.73 14.64 1.56 50699.9
1683859378 102.46 14.17 0 51579.6
1683859388 96.49 13.92 1.56 48273.6
1683859398 93.74 18.27 14270.5 153099
1683859408 98.92 14.82 0.78 78270.6
1683859418 110.84 14.42 0 79126.6
1683859428 112.42 14.19 0.78 82904.4
1683859438 43.4 18.36 14396.5 140735
1683859448 102.35 19.07 0.39 78732.8
1683859458 111.34 15.47 0.39 91381
1683859468 69.2 14.21 1.56 58751.9
1683859478 88.4 14.68 0 70431.6
1683859488 73.41 18.54 14606.1 154985
1683859498 80.86 15.43 0.78 68184.8
1683859508 95.8 14.27 0.78 74330.1
1683859518 107.28 14.76 0 81888.3
1683859528 88.46 14.49 1.17 75172.5
1683859538 74.31 18.07 15070.3 502470
1683859548 99.12 13.66 0.78 57234.8
1683859558 102.55 15.11 0.39 51226.2
1683859568 102.25 14.88 0 52593.5
1683859578 43.83 18.03 15566.7 127167
1683859588 101.56 17.79 0 49767.5
1683859598 102.74 14.12 0.78 49182.4
1683859608 101.96 14.83 0 49888.1
1683859618 49.26 18.04 14080.7 117714
1683859628 102.06 17.8 0 49887.3
1683859638 95.91 15.08 0.78 49450.9
1683859648 101.35 14.93 0 48010.1
1683859658 69.55 19.04 13446 116804
1683859668 102.64 14.66 0.78 50209.8
1683859678 102.06 14.2 0 52482.9
1683859688 101.66 14.93 0.78 47687.4
1683859698 59.93 18.07 15125.3 131976
1683859708 89.34 13.66 1.17 48413.3
1683859718 102.46 15.13 0 50454
1683859728 99.03 14.95 1.17 51316
1683859738 28.44 19.1 15137.8 116859
1683859748 100.97 17.89 0 52675.8
1683859758 107.78 14.41 0 73431.1
1683859768 110.47 15.14 0 81917.5
1683859778 65.73 14.62 1.17 52963.3
1683859788 65.78 19.22 15398.2 164165
1683859798 110.07 14.22 0 83774.8
1683859808 64.23 14.9 1.17 55402.5
1683859818 99.71 14.41 1.56 78582.2
1683859828 111.64 14.18 0 85515.5
1683859839 52.96 18.26 14999.4 145744
1683859848 100 14.81 1.17 76254.8
1683859858 110.92 15.31 0 81889.7
1683859868 83.36 14.06 1.56 74086.1
1683859878 105.76 15.52 0.78 80148.4
1683859888 97.45 18.32 14592.4 158303
1683859898 83.29 14.26 0.39 73289.9
1683859908 109.98 14.01 0 80534.9
1683859918 98.74 15.46 0 76528.2
1683859928 75.34 14.21 0.39 66263.4
1683859939 97.29 18.35 14997.3 167143
1683859948 109.08 13.94 0 92224.2
1683859958 68.75 15.1 37.11 579878
1683859969 101.56 13.89 0 51819.8
1683859978 6.16 17.74 14998.4 97913.5
1683859988 5.78 17.74 346.48 247.65

Execution duration: 00:22:59.59
