1683872082 102.55 6.11 286.78 45303
1683872092 102.65 0.97 263.66 45626.2
1683872102 103.24 13.85 2.35 46507.1
1683872112 40.61 18.03 14781.6 111213
1683872122 102.64 18.95 1.57 50392.9
1683872132 102.46 14.12 27.42 52302.8
1683872142 96.9 15.02 2.72 49542.2
1683872152 67.26 18.23 13953.9 146181
1683872162 91.18 17.97 1.56 70421.9
1683872172 100.5 14.36 3.13 78227.6
1683872182 108.6 15.26 0 82633.1
1683872192 4.11 17.74 15248.5 232657
1683872202 100.4 18.1 15202.7 135803
1683872212 108.49 14.25 0.39 79224.2
1683872222 108.74 19.34 0 81390.5
1683872232 96.98 14.56 1.17 71484.7
1683872242 47.99 18.28 15277.2 145821
1683872252 111.83 19.63 0 82504.7
1683872262 93.26 14.09 5.47 200483
1683872272 84.14 14.21 2.74 48911.2
1683872282 102.26 15.12 0 52058
1683872292 79.92 18.08 15558.9 136889
1683872302 101.55 17.85 0 50765.4
1683872312 101.96 18.33 0.39 53328
1683872323 101.55 15.1 0 49622.5
1683872332 60.8 18.23 15758 154113
1683872342 92.09 17.97 2.35 73622.3
1683872352 111.34 14.38 0 82470.8
1683872362 81.61 15.26 0.78 67647.8
1683872372 89.82 14.58 1.17 69089.2
1683872383 78.27 18.4 15349.4 160524
1683872392 82.4 19.67 1.56 79164.8
1683872403 102.62 14.11 0 249582
1683872412 102.73 14.25 0.78 57852.5
1683872422 61.51 18.06 13917.3 121094
1683872432 103.13 19.34 0 51358.1
1683872442 97.06 13.78 1.17 48611.7
1683872452 101.95 14.27 0 58482.8
1683872462 45.5 18.03 15290 122121
1683872472 102.85 19.31 0 50955.9
1683872483 99.03 13.75 0 49788.8
1683872492 102.06 15.4 0 51191.4
1683872502 32.27 18.02 15014.5 120710
1683872512 108.01 18.33 0 79169.5
1683872523 109.4 15.08 0.78 82905.2
1683872532 84.26 14.46 0.78 65803.3
1683872543 109.69 14.23 0 82524.8
1683872552 79.36 18.41 15275.5 160849
1683872562 111.63 19.31 0 83527.6
1683872572 109.59 14.56 0 79746
1683872582 71.48 14.26 1.56 62387.9
1683872592 10.64 18.15 15686.2 149478
1683872602 104.1 19.73 15701.9 169780
1683872612 72.08 15.66 2.73 64480.1
1683872623 111.25 14.32 1.55 82502.8
1683872632 104.4 14.26 0 397084
1683872642 17.89 19.14 14985.7 116622
1683872653 101.08 18.12 0 52171.2
1683872663 100.77 13.72 0.39 59527.1
1683872672 102.05 14.22 0 51512.3
1683872682 99.22 13.98 15312.7 52075.9
1683872692 97.54 19.26 15327.7 142132
1683872702 102.65 13.7 0 52097.9
1683872713 95.73 14.19 0.78 48483.1
1683872722 10.97 17.99 14341.3 111459
1683872732 102.36 19.27 0.39 51150.2
1683872743 101.65 13.72 0 50626.1
1683872752 96.97 14.38 1.57 69696.4
1683872763 25.03 18.19 14059.4 142920
1683872772 104.12 19.53 1.17 75843.1
1683872783 73.22 13.93 0.78 62618.6
1683872792 110.86 14.43 0 84685.8
1683872803 96.97 15.38 0 78694.8
1683872813 45.31 18.37 14043.4 135206
1683872823 110.96 18.19 0 82613.5
1683872832 93.35 15.65 0.78 73513.5
1683872843 96.68 14.27 0.39 75277.7
1683872853 26.99 18.49 14256.1 147005
1683872863 72.58 18.2 1.56 64729.8
1683872873 109.9 14.6 0.78 82807.4
1683872883 98.34 15.3 0 414083
1683872892 87.86 14.27 1.18 48564.2
1683872902 62.69 19.2 14522.6 126418
1683872913 102.45 18.19 0 52842.7
1683872923 101.65 13.79 0 52124.6
1683872932 92.66 15.42 0.39 55892.3
1683872943 63.21 18.05 14620.4 125186
1683872952 96.58 18.21 0.78 49652.9
1683872963 97.46 14.93 0.39 51382.8
1683872973 102.05 18.43 0 51112.3
1683872983 54.56 18.05 15085.8 122995
1683872993 102.26 18.17 0 56481.1
1683873003 102.34 13.77 0.39 53261.3
1683873013 102.36 15.42 0 52143.8
1683873023 34.07 18.01 15445.8 123464
1683873033 101.86 18.15 0 50434.5
1683873043 101.86 13.74 1.18 51975.3
1683873053 102.26 15.39 0 50677.5
1683873063 48.93 19.19 14204.7 122180
1683873073 101.46 18.17 0 51426.4
1683873083 99.41 13.86 1.17 51817
1683873093 98.25 15.51 0 50883.1
1683873103 81.01 19.24 13576.9 123486
1683873113 103.72 19.58 1.18 73187.5
1683873123 110.27 15.2 0 85923
1683873133 72.93 14.58 0.39 58474.3
1683873143 44.77 18.31 14731.4 153034
1683873153 111.73 19.61 0 83338.3
1683873163 70.58 14.01 1.17 59710.3
1683873173 110.63 14.53 0 81719.8
1683873183 97.08 15.49 0 78653.1
1683873193 41.92 19.62 15169.4 140235
1683873203 111.22 19.37 0 83389.7
1683873213 92.38 14.5 0.39 76703.9
1683873223 88.55 15.42 0.78 69457.2
1683873233 105.57 14.73 0 80393.8
1683873243 64.88 18.36 15279.9 162193
1683873253 110.65 19.67 0 82696
1683873263 102.93 14.08 1.17 77420.3
1683873273 61.62 15.71 0 52327
1683873283 109.47 14.28 0 82805.5
1683873293 85.94 19.6 15101.6 161631
1683873303 68.77 18.12 0.78 60293.7
1683873313 110.78 15.64 0 81974.6
1683873323 100.98 14.31 2529.3 79033.6
1683873333 3.53 18.93 17141.3 700957
1683873343 101.37 18.11 14578.1 133610
1683873353 92.86 14.06 1.56 54038.4
1683873363 103.23 15.01 0 53339.1
1683873373 98.14 14.31 1.17 51231.3
1683873383 79 18.08 15114.5 129580
1683873393 102.04 18.21 1.17 51068.5
1683873403 102.15 15 0 50371.5
1683873413 102.35 14.3 0 53011.8
1683873423 7.92 17.73 15303.3 86573.4
1683873433 0.88 4.53 57.2 29.38

Execution duration: 00:22:34.34
