1683879481 273.89 14.48 128594 393.09
1683879486 295.55 18.68 143360 383.67
1683879491 300 14.55 144977 386.46
1683879496 300.19 14.12 144372 385.02
1683879501 300.57 15.44 144915 387.97
1683879506 299.25 14.49 144172 386.57
1683879511 299.81 14.49 145183 390.98
1683879516 299.81 14.12 143851 384.24
1683879521 300 14.13 144747 383.46
1683879526 299.24 14.49 144330 388.74
1683879531 299.81 14.48 144843 383.46
1683879536 299.44 14.12 144126 381.31
1683879541 300.19 14.12 145501 385.69
1683879546 299.44 14.49 144372 396.26
1683879551 300.19 14.48 145083 386.47
1683879556 300 14.12 145027 385.74
1683879561 299.43 14.12 144599 386.47
1683879566 300.19 14.52 144289 396.99
1683879571 299.43 14.49 145075 387.24
1683879576 300.38 14.13 144657 385.69
1683879581 299.63 14.12 144169 384.96
1683879586 299.43 14.49 144499 390.24
1683879591 299.81 14.48 143057 26662.7
1683879596 299.81 18.28 135469 134215
1683879601 299.81 14.21 133309 132137
1683879606 299.63 14.64 132998 131762
1683879611 298.87 14.7 132071 131233
1683879616 297.56 14.4 128341 128650
1683879621 0.57 17.67 3.86298e+06 734998

Execution duration: 00:02:28.28
