1683851229 157.17 14.76 260381 5534.23
1683851234 113.45 18.53 220891 30810.6
1683851239 66.1 14.37 220171 30256.1
1683851244 38.08 14.38 222014 30371
1683851249 37.7 14.75 221761 30091.4
1683851254 36.26 18.55 222146 30363.4
1683851259 35.99 14.4 221672 30416.8
1683851264 37.89 14.4 222111 30305.5
1683851269 37.51 14.78 221633 30189.7
1683851274 37.28 14.41 221738 30343.7
1683851279 37.09 14.42 221056 30222.1
1683851284 36.75 14.42 222259 30438.1
1683851289 37.51 14.8 222406 29811.8
1683851294 36.94 14.43 221403 30317.7
1683851299 62.28 14.45 206962 31062.8
1683851304 109.37 14.53 226939 224601
1683851309 60.98 14.95 221342 219189
1683851314 64.5 14.73 223035 223241
1683851319 6.26 17.97 3.49187e+06 700635

Execution duration: 00:01:35.35
