1683904457 69.22 20.19 203534 144180
1683904462 48.57 22.04 118712 131318
1683904467 38.82 17.81 81309.9 130883
1683904472 44.79 19.14 115694 130907
1683904477 34.73 20.21 73292.6 131224
1683904482 40.04 25.91 87202.3 128915
1683904487 38.94 21.76 92673 130766
1683904492 32.01 27.2 74647.7 129915
1683904497 41.85 28.63 110096 129683
1683904502 39.13 28.41 103167 134686
1683904507 31.01 28.8 79631.8 131250
1683904512 41.47 23.57 119397 127008
1683904517 36.86 23.99 94749.3 133350
1683904522 29.73 23.67 75540.1 133303
1683904527 42.8 23.76 121308 132581
1683904532 33.53 29.15 89358.8 130992
1683904537 28.87 24.26 67764.5 133192
1683904542 41.4 29.26 122507 128710
1683904547 40.15 23.98 111900 132450
1683904552 32.14 23.99 96558 130288
1683904557 45.83 29.74 150610 131886
1683904562 41.65 29.43 122684 133142
1683904567 29.68 24.13 87178.8 126259
1683904572 48.58 29.46 157652 130196
1683904577 33.58 24.5 91726 130360
1683904582 35.92 24.13 107699 130750
1683904587 42.02 29.46 136540 130558
1683904592 31.06 24.13 93747 129055
1683904597 38.35 29.83 122080 129649
1683904602 42.35 29.46 127040 130432
1683904607 29.3 29.47 87829.1 130668
1683904612 37.81 24.14 116714 129885
1683904617 38.91 25.01 105620 131188
1683904622 31.07 25.16 80748.8 130704
1683904627 43.42 25.98 117098 127551
1683904632 39.44 31.94 102207 133923
1683904637 29.81 32.31 86167.6 132139
1683904642 45.49 26.62 140817 130598
1683904647 38.68 26.61 103742 132927
1683904652 33.77 26.61 74098.1 155934
1683904657 43.67 32.31 116729 154416
1683904662 47.56 31.94 112136 188913
1683904667 33.78 26.61 80400.8 165594
1683904672 23.73 26.61 57603 82948.4
1683904677 23.12 32.31 57233.1 81494.7
1683904682 35.53 26.62 84159.4 121545
1683904687 43.34 31.95 89843.1 179047
1683904692 10.75 17.74 4.65071e+06 2.21643e+06
1683904697 5.1 17.75 4.65071e+06 2.17658e+06

Execution duration: 00:04:03.03
