1683892934 102.06 0.8 137.77 46147.2
1683892944 102.74 0.94 16.41 46687.1
1683892954 102.53 13.85 1.95 46539.3
1683892964 41.29 23.05 14593.2 110518
1683892974 102.03 13.64 1.55 50934.8
1683892984 106.15 14.29 0 64878.2
1683892994 90.35 19.04 3.51 69255.8
1683893004 47.18 18.27 13940.2 144790
1683893014 97.47 13.98 79.07 144361
1683893024 67.62 19.08 3.12 42056.2
1683893034 102.74 13.84 0 51626.9
1683893044 97.66 14.31 4.68 61219.1
1683893054 77.17 18.08 15143.4 129643
1683893064 103.13 19.06 0.78 51359.1
1683893074 102.34 13.82 0 50445.6
1683893084 102.74 14.3 0 52535.1
1683893094 64.79 23.07 15217.2 130392
1683893104 105.45 14.19 0 65196.1
1683893114 91.2 13.96 1.55 71320.3
1683893124 111.44 19.56 0 81788.5
1683893134 21.83 18.25 15481.9 147301
1683893144 92.42 14.23 1.56 72460.3
1683893154 110.73 19.03 0 81358.8
1683893164 102.13 14.51 1.16 83498.6
1683893174 112.1 14.37 0 77425.2
1683893184 42.83 18.04 15731.5 337637
1683893194 92.5 18.64 1.17 51629.7
1683893204 102.34 14.12 0 54005.1
1683893214 93.36 13.86 2.35 50861
1683893224 5.96 22.93 15454.3 130296
1683893234 102.42 18.29 15425.7 167485
1683893244 110.12 14.32 0 79988.7
1683893254 98.04 14.07 0 74283.7
1683893264 80.93 19.55 1.95 66706.9
1683893274 81.3 18.41 13836 153952
1683893284 98.34 14.35 2.34 86728.6
1683893294 102.24 14.14 0 247569
1683893304 101.76 19.28 0.39 53207.4
1683893314 44.34 18.04 15228.9 122696
1683893324 102.54 14.01 0 51048.4
1683893334 94.34 18.76 1.95 49897
1683893344 102.53 19.26 0 56513.3
1683893354 28.9 18.01 14955.5 117830
1683893364 101.96 13.99 0 52615.2
1683893374 102.35 18.75 0.39 52310.1
1683893384 102.05 14.24 0 51318.1
1683893394 9 17.97 15275.9 116766
1683893404 106.74 14.13 0 64077.8
1683893414 109.81 18.92 1.17 81380.2
1683893424 81.58 14.44 1.17 65105.7
1683893434 109.94 14.2 0 83238.2
1683893444 33.24 23.3 15535.5 143942
1683893454 93.17 13.94 1.17 73191.4
1683893464 109.28 14.43 0 84877.7
1683893474 80.1 14.21 0.78 68212.7
1683893484 110.94 19.72 0.39 82513.3
1683893494 78.82 18.53 14954.5 162119
1683893504 74.4 14.47 1.17 65708.7
1683893514 109.85 19.25 0 82031.6
1683893524 102.45 19.25 0.78 391463
1683893534 88.39 13.97 1.56 50137
1683893544 94.64 18.11 15282.4 136578
1683893554 93.9 13.7 0.77 47909
1683893564 101.36 14.18 0 49122.2
1683893574 100.39 18.94 0 51016.2
1683893584 90.79 18.1 14202.3 131440
1683893594 94.95 13.69 1.17 47226.4
1683893604 97.75 19.19 0.39 52680.5
1683893614 2.44 17.75 14041.8 109912
1683893624 102.06 18.12 14056.3 128610
1683893634 102.43 18.72 0 51043.7
1683893644 93.18 14.19 1.17 48781.3
1683893654 14.36 17.99 14055.5 112216
1683893664 97.46 13.96 0.78 49977.7
1683893674 102.15 18.74 0 50839.8
1683893684 101.66 14.21 4.68 51326
1683893694 24.25 18.02 14256.1 112115
1683893704 106.54 19.16 0.39 67458.6
1683893714 110.97 13.94 0 81018.6
1683893724 110.55 14.5 0 82603.5
1683893734 66.67 19.21 1.95 55165.7
1683893744 80.02 23.36 14451.9 154439
1683893754 112.11 14.01 0 87298.4
1683893764 76.63 14.46 1.56 67816.2
1683893774 105.26 19.29 1.17 81172.7
1683893784 42.29 18.44 14563.4 157299
1683893794 88.78 14.01 1.56 73797.1
1683893804 109.85 14.58 0 82853.8
1683893814 94.14 19.32 0.39 78553.9
1683893824 109.98 14.89 0 80096
1683893834 86.74 23.66 15055.6 163446
1683893844 66.44 14.63 1.95 56983.8
1683893854 111.12 14.38 0.39 85179.3
1683893864 111.03 14.94 0.39 86958.8
1683893874 51.74 19.3 1.55 483907
1683893884 53.81 18.06 15535.2 127331
1683893894 101.96 13.66 0.39 55565.3
1683893904 98.14 19.15 0.78 51294.5
1683893914 102.35 13.91 0 52275.3
1683893924 59.34 18.06 14190.8 119967
1683893934 102.25 13.67 0 51792.8
1683893944 97.86 19.26 1.56 49498.5
1683893954 102.94 19.02 0 52405.9
1683893964 88.44 23.13 13472.1 121294
1683893974 102.04 13.74 0 51787.7
1683893984 102.34 19.26 0.39 53307.4
1683893994 101.95 14.02 0 51025.5
1683894004 89.08 23.15 15173.5 140392
1683894014 102.64 18.78 0 51307.4
1683894024 102.55 19.27 0 50917.3
1683894034 96.97 19.09 1.56 49625.8
1683894044 76.67 23.23 15123 130626
1683894054 102.35 18.83 0.39 51008
1683894064 102.33 14.29 0 50701.4
1683894074 95.52 14.04 1.17 45624.6
1683894084 49.86 23.08 15398.2 127579
1683894094 98.25 13.65 1.17 50723.5
1683894104 101.94 19.17 0 51037.7
1683894114 101.95 13.9 0.39 54292.2
1683894124 47.03 23.25 15086.8 136410
1683894134 110.04 13.85 0 81433.1
1683894144 67.48 14.29 1.16 55995.4
1683894154 110.73 19.08 0 83065
1683894164 99.32 14.52 0 76921.3
1683894174 72.98 23.32 14565.5 148261
1683894184 107.5 14.25 0 81035.9
1683894194 86.45 13.98 0.78 72632.4
1683894204 108.12 14.47 0.39 81691.5
1683894214 32.92 23.27 15070.3 151422
1683894224 93.11 14.19 0.78 76330.9
1683894234 110.54 13.96 0 82035.5
1683894244 86.58 19.45 0 69207
1683894254 69.53 14.13 0.78 59135.5
1683894264 13.94 18 14870.6 132711
1683894274 13.14 18 387.16 32592.2

Execution duration: 00:22:29.29
