1683840902 101.86 1.02 137.65 44995.3
1683840912 102.25 1.08 27.42 45104
1683840922 102.24 13.96 1.95 45208.6
1683840932 35.95 14.06 14657.4 109865
1683840942 103.14 13.83 0.78 49911.5
1683840952 107.68 14.37 0 70517.5
1683840962 86.39 14.12 1.95 67902.3
1683840972 26.97 14.05 14018 166950
1683840982 102.75 13.81 0 52702.1
1683840992 85.98 14.22 5.1 49891
1683841002 101.86 13.97 0 51227.3
1683841012 98.24 14.41 2.35 64636.6
1683841022 87.97 14.28 15187.9 162742
1683841032 101.87 14.47 0 76192
1683841042 83.37 13.95 1.95 75938.9
1683841052 101.18 14.37 0 163813
1683841062 14.9 14.03 15291.8 124718
1683841072 107.16 14.15 0.39 69473.8
1683841082 110.17 14.02 1.17 81524.8
1683841092 83.84 14.55 0.39 67972.2
1683841102 110.43 14.31 0 82025.7
1683841112 47.72 14.33 15466.4 150898
1683841122 93.14 14.18 5.1 191478
1683841132 102.16 14.07 0 51567.5
1683841142 96.19 13.99 0.39 51641.5
1683841152 102.45 14.48 0 50837.2
1683841162 83.43 13.95 15803.9 134502
1683841172 101.07 14.27 0 51591.1
1683841182 103.25 13.95 0 50831.4
1683841192 106.52 14.42 0 68737.8
1683841202 67.87 14.27 15499.7 158262
1683841212 71.24 14.25 0 59682.6
1683841222 111.96 13.96 0 82380.4
1683841232 93.05 14.59 0 74070.9
1683841242 85.09 14.39 1.57 67924.3
1683841252 101.57 14.32 13917.3 159099
1683841262 84.33 14.16 0.39 240050
1683841272 94.7 14.29 1.57 49230.2
1683841282 102.35 14.05 0 53580.4
1683841292 48.29 14.09 15303.4 126674
1683841302 101.95 13.86 0 50105.3
1683841312 100.79 14.1 0 55745.2
1683841322 102.06 14.04 0 50142.2
1683841332 28.33 14.1 15012.9 119013
1683841342 102.06 13.66 0 50824.3
1683841352 103.24 14.26 0 50106.3
1683841362 100.39 13.83 0 48708.8
1683841372 13.72 14.2 15305 138310
1683841382 105.89 13.83 0.39 82130.6
1683841392 110.2 14.49 0 81305.4
1683841402 82.76 14.03 0 64570.4
1683841412 81.19 14.54 3.92 63860.5
1683841422 27.03 14.4 15747.7 153745
1683841432 91.87 14.32 0 78975.7
1683841442 87.89 14.24 0.39 71441.8
1683841452 108.8 14.73 0 82260.7
1683841462 89.92 14.52 0.78 79308.5
1683841472 47.99 14.58 15013.1 153905
1683841482 100.29 14.21 0 370522
1683841492 86.3 14.07 0.39 49960.1
1683841502 102.26 14.01 0 51996.1
1683841512 95.98 14.49 0 51592.5
1683841522 97.07 14.17 15312.3 137101
1683841532 102.64 14.22 0 51233.7
1683841542 102.15 13.98 0 50619.4
1683841552 13.13 13.89 14369.4 113232
1683841562 102.06 13.83 0 49533.8
1683841572 101.85 14.25 0 51069.9
1683841582 94.91 13.81 0 47709.7
1683841592 28.16 14.09 14055.5 112816
1683841602 101.46 13.86 0 50079.4
1683841612 107.95 14.25 0 74849.1
1683841622 97.36 14.02 0 76160.2
1683841632 42.42 14.36 14083.1 148888
1683841642 94.52 13.92 0 71809.6
1683841652 87.04 14.49 0 72087.9
1683841662 109.21 14.33 0 80910.5
1683841672 94.23 14.61 0 80657.5
1683841682 94.42 14.55 14284 158101
1683841692 104.78 14.69 0 79103.5
1683841702 75.1 14.4 0 61814.1
1683841712 109.78 14.97 0 82662.4
1683841722 44.74 14.58 14423.7 147109
1683841732 98.14 14.76 0 77065.1
1683841742 107.74 14.43 0 82364
1683841752 93.25 14.98 0.78 80944.6
1683841762 7.93 13.85 14634.7 527039
1683841772 85.41 14.17 0.39 45635.6
1683841782 93.56 13.83 0 51276
1683841792 102.16 14.15 0 52046.7
1683841802 96.3 14.09 0 51800.2
1683841812 69.29 14.14 15144.3 129638
1683841822 95.58 13.71 0 52869.4
1683841832 102.06 14.31 0 50764.3
1683841842 95.29 14.05 0 47880.4
1683841852 37.06 13.92 15596.1 128848
1683841862 102.26 13.69 0.39 51913.7
1683841872 102.44 14.27 0 48963.7
1683841882 102.06 13.85 0 52629.2
1683841892 48.64 14.12 14177.7 121066
1683841902 102.16 13.88 0 52457.6
1683841912 102.36 14.21 0.79 51631.8
1683841922 102.66 14.15 0 52505.6
1683841932 85.22 14.19 13484.4 120465
1683841942 102.16 13.97 0 50708.2
1683841952 91.24 14.37 0.39 50422.6
1683841962 101.96 14.16 0 50308.3
1683841972 70.3 14.34 14904.7 143445
1683841982 103.53 14.12 0 81128.2
1683841992 110.6 14.59 0 84305.1
1683842002 70.22 14.3 0 58616.7
1683842012 15.67 14.42 15156.9 146565
1683842022 110.19 14.23 0 89443.3
1683842032 104.71 14.4 0 79265.8
1683842042 110.57 14.41 0 81478.7
1683842052 71.16 14.84 0.39 55295.4
1683842062 34.84 14.38 15423.9 153789
1683842072 108.83 14.52 0 82874.1
1683842082 90.95 14.17 0 75252.5
1683842092 110.49 14.44 0 83191
1683842102 92.02 14.18 0 71505.5
1683842112 56.13 14.44 15042.4 147793
1683842122 110.2 14.19 0 82921
1683842132 80.53 14.58 0.78 72334.6
1683842142 110.49 14.34 0.39 81980.8
1683842152 35.13 14.2 14607.4 150691
1683842162 86.85 13.93 0 72121.9
1683842172 110.38 14.57 0 84224.9
1683842182 71.12 14.14 2177.08 617399
1683842192 92.94 14.48 0 50849.1
1683842202 49.95 14.16 15158.9 125963
1683842212 97.64 14.29 0 50349
1683842222 102.26 13.97 0 53116.1
1683842232 95.69 14.46 0 50155.1
1683842242 1.76 13.64 15123.5 98855.7
1683842252 0.3 13.64 246.27 196.08

Execution duration: 00:22:36.36
