1683860299 101.47 6 547.54 44279.9
1683860309 102.45 0.56 0 45474.8
1683860319 102.84 14.2 29.36 45117.4
1683860329 34.02 18.01 14737.8 109179
1683860339 103.33 19.17 17.61 51141.3
1683860349 103.14 13.75 0 51551.6
1683860359 104.5 15.39 2.35 70668.6
1683860369 54.73 18.21 13953.9 147567
1683860379 96.39 18.4 2.35 73460.8
1683860389 75.49 15.06 74.61 144801
1683860399 102.55 14.19 0 51768.7
1683860409 94.33 13.94 3.52 52952.1
1683860419 74.78 19.07 15173 129952
1683860429 102.84 13.67 0.78 50512.2
1683860439 102.44 14.15 0 49012.7
1683860449 103.02 13.91 0.78 50893.9
1683860459 53.32 19.04 15231.6 127733
1683860469 102.34 17.81 0 51067.1
1683860479 105.68 14.3 2.35 73841.3
1683860489 109.97 15.08 0 83546.4
1683860499 85.82 14.61 15542.9 68511.9
1683860509 106.56 18.35 15544 169743
1683860519 111.63 14.38 0 83521
1683860529 68.82 15.11 1.17 58794.1
1683860539 104.7 14.59 3.13 79977.3
1683860549 26.01 18.39 15756.8 157532
1683860559 71.39 19.08 5.08 268442
1683860569 93.7 13.66 3.49 51447.9
1683860579 103.03 14.16 0 56386.7
1683860589 100.19 13.91 2.35 58270.4
1683860599 46.72 19.04 15469.4 126746
1683860609 102.05 17.8 0.78 50559.1
1683860619 101.86 14.12 0 50447.7
1683860629 93.35 13.86 1.56 48909.1
1683860639 56.95 19.05 13903.7 120191
1683860649 102.75 17.81 0.78 49167.6
1683860659 102.35 14.31 0.39 73523.4
1683860669 109.73 14.07 0 84200.2
1683860679 79.57 15.59 0.78 63144.1
1683860689 104.88 18.36 15243.7 164334
1683860699 110.86 14.39 0.39 86420.7
1683860709 82.61 14.12 0.78 69520.6
1683860719 111.07 15.61 0 81984.9
1683860729 49.46 18.43 14968.9 154163
1683860739 71.03 18.51 1.57 59777.3
1683860749 109.96 14.17 0 80281.8
1683860759 97.17 14.18 0 345306
1683860769 82.77 13.91 2.35 48171
1683860779 49.17 19.04 15275.1 126610
1683860789 100.68 18.8 1.56 57993
1683860799 101.27 14.13 0 49561.2
1683860809 100.98 13.88 0 53162.5
1683860819 20.62 18 15716.9 120594
1683860829 102.54 18.76 0.78 49998
1683860839 100.88 14.26 0.39 73392.2
1683860849 111.73 15.03 0 83261
1683860859 79.48 14.56 1.17 63461.2
1683860869 74.67 18.33 14867.1 157721
1683860879 111.72 14.35 0 88196.5
1683860889 91.49 15.09 0.78 75819.8
1683860899 111.03 14.58 0 82647.3
1683860909 17.87 18.35 15283.2 145375
1683860919 111.25 18.53 0 79988.3
1683860929 110.61 15.18 0 80193.8
1683860939 64.35 14.15 1.16 323168
1683860949 102.14 13.91 0 52935.3
1683860959 69.17 18.06 14342.9 130760
1683860969 102.84 14.66 0 48833.2
1683860979 101.96 14.15 0 51298.6
1683860989 102.62 13.9 0.39 48305.6
1683860999 79.38 19.08 14055.5 125371
1683861009 93.93 13.66 1.17 49089.2
1683861019 102.05 14.16 0 57090.1
1683861029 102.35 13.92 0.39 49854
1683861039 86.1 19.09 14069.3 126545
1683861049 102.05 13.68 0.78 51906.6
1683861059 102.15 14.18 0 50210.4
1683861069 101.57 14.93 14270.8 51617.2
1683861079 97.16 18.27 14256.5 150799
1683861089 109.62 13.89 0 81430.7
1683861099 77.32 14.41 0.78 61169.1
1683861109 111.55 15.16 0.78 84344
1683861119 61.76 18.38 14466 155986
1683861129 105.24 19.13 1.55 83035.1
1683861139 110.56 14.53 0 82385.5
1683861149 82.93 14.25 1.17 67850.2
1683861159 96.3 15.73 0 75721.5
1683861169 103.52 18.58 14606.1 162906
1683861179 77.61 14.5 0.78 69079.6
1683861189 94.61 14.32 0.39 75571.4
1683861199 111.03 15.81 0 83703.1
1683861209 13.48 18.65 14968.8 140111
1683861219 98.25 18.13 15100.6 513407
1683861229 102.15 14.69 0 54910.7
1683861239 99.31 14.18 1.17 53218
1683861249 102.26 13.95 0 50239.5
1683861259 67.87 18.06 15535.2 129857
1683861269 101.95 13.66 0 50515
1683861279 101.47 14.15 0.39 50423.8
1683861289 102.06 14.9 0 49486.7
1683861299 74.19 18.07 14191.2 123750
1683861309 102.05 13.67 0 50221.9
1683861319 102.25 14.26 0 51212.1
1683861329 97.66 15.01 0.39 48456.8
1683861339 96.19 19.13 13563.6 124983
1683861349 97.07 14.73 0.39 47961.3
1683861359 102.06 14.23 0 52154.6
1683861369 102.16 14.01 0 49932.3
1683861379 84.56 19.1 15145.6 138346
1683861389 100 13.72 1.17 52470.8
1683861399 102.35 15.22 0 50391.4
1683861409 103.32 15.05 1.56 50380.5
1683861419 70.48 19.21 15138.2 129252
1683861429 102.94 14.81 0 52449.3
1683861439 101.96 14.27 0.78 48893.8
1683861449 101.46 15.07 0 49778.5
1683861459 45.58 18.03 15279.1 122327
1683861469 103.03 18.83 0 50622.1
1683861479 98.44 14.12 1.56 47652.4
1683861489 102.25 14.9 0 51571.8
1683861499 27.18 19.22 15116.7 139518
1683861509 103.92 17.95 0.39 78724.5
1683861519 109.11 14.29 0 82995.5
1683861529 77.8 15.04 0.39 64176.5
1683861539 110.55 15.54 1.17 81284.8
1683861549 73.54 18.27 14579.7 152281
1683861559 61.65 14.18 0 54453.2
1683861569 109.81 13.94 0 80989.5
1683861579 105.09 15.46 0 78673.7
1683861589 70.49 14.15 1.56 58860.6
1683861599 58.59 18.28 15114.5 157963
1683861609 102.16 19.05 0.78 82797.7
1683861619 82.72 14.32 0.78 65278.1
1683861629 109.48 14.07 0 80667.1
1683861639 11.64 17.98 1.17 62087.2
1683861649 19.55 19.01 15297.3 117049
1683861659 7.89 17.98 4.28 32426.5

Execution duration: 00:22:44.44
