1683867893 101.76 0.84 550.19 45819.2
1683867903 102.05 0.57 0 44561.3
1683867913 102.74 15.32 29.36 46561.6
1683867923 37.73 18.02 14636.3 109572
1683867933 102.84 13.99 18.02 50751.8
1683867943 103.32 13.75 0 53010.6
1683867953 101.27 15.49 2.35 51712.3
1683867963 64.32 18.23 13872.5 148875
1683867973 94.91 14.24 1.57 71189.1
1683867983 94.44 13.98 2.35 80738.6
1683867993 100.58 15.34 71.95 162545
1683868003 90.12 13.97 2.74 51717
1683868013 94.61 18.1 15202.7 134926
1683868023 101.76 14.83 0.39 53720.7
1683868033 102.94 14.33 0 53765.2
1683868043 98.34 14.12 1.17 74714.9
1683868053 77.9 18.26 15246.5 163510
1683868063 111.04 15.04 0 82108.3
1683868073 75.57 14.38 2.34 62995.5
1683868083 107.14 14.21 1.56 83026.2
1683868093 22.21 19.44 15527.3 157943
1683868103 82.5 13.92 7.04 227528
1683868113 102.04 14.06 0 50884.1
1683868123 100.19 13.81 0.39 55227.8
1683868133 102.65 15.42 0 50922.2
1683868143 61.52 19.18 15789.6 132423
1683868153 103.52 14.16 0 55202.4
1683868163 110.76 13.97 0 81234.8
1683868173 94.23 14.44 1.96 74832.8
1683868184 34.49 18.26 15334.5 150283
1683868193 84.05 14.2 0.39 66899
1683868203 98.05 15.13 2.35 75729
1683868214 110.19 14.51 0 84438.8
1683868223 72.82 14.21 0.39 68278.4
1683868233 69.87 18.46 13904.9 150216
1683868243 102.34 15.13 0 281811
1683868253 77.59 14.11 2.35 49357.3
1683868263 102.94 13.88 0 54861.8
1683868273 23.76 19.37 15275.1 120168
1683868283 101.67 13.97 0 55328
1683868293 102.34 14.09 0.39 55515.8
1683868303 102.55 14.97 0 50786.7
1683868313 20.28 18 14999 119107
1683868323 98.14 13.59 1.95 50410.6
1683868333 102.75 14.22 0 54062.3
1683868343 103.33 15.15 0.78 78307.2
1683868353 110.94 18.69 0 82557.8
1683868363 75.96 18.32 15275.5 152764
1683868373 109.49 15.41 0.39 82909.9
1683868383 111.23 14.12 0 85998.4
1683868393 78.13 14.6 0.78 68303.9
1683868403 20.94 18.39 15732.3 150986
1683868413 88.57 15.46 0.39 68531
1683868423 83.65 14.06 1.18 68088.9
1683868433 111.15 14.62 0 83148.8
1683868443 79.39 14.23 0.78 336816
1683868453 21.55 19.12 15013.5 120294
1683868463 102.14 13.61 0 51832.7
1683868474 100.09 14.09 0.39 58707.4
1683868483 102.56 14.98 0 51842.5
1683868494 3.42 17.74 1.95 29490.2
1683868503 99.22 18.11 15312.3 138729
1683868514 102.73 15.44 1.56 51597.7
1683868524 101.85 14.2 0 56881.2
1683868534 16.91 18 14328.1 113142
1683868544 101.96 14.72 0 50271.2
1683868553 102.85 14.09 0.78 53127.6
1683868564 98.64 13.85 0.78 50844.3
1683868574 38.37 18.18 14041.8 118494
1683868584 106.46 14.92 1.17 80294.4
1683868594 111.13 14.31 0 84518.5
1683868604 87.59 14.11 0.39 67189.1
1683868614 26.49 18.27 14056.3 142038
1683868624 110.75 13.93 0 85561.7
1683868634 80.75 15.51 0 72528.2
1683868644 105.77 14.16 1.56 81497.2
1683868654 111.93 14.7 0 90188.1
1683868664 48.77 18.43 14256.9 133549
1683868674 94.91 15.58 0.39 74020
1683868684 110.85 14.22 0 85625
1683868694 78.24 14.68 1.17 70136.6
1683868704 99.03 15.59 0.39 76061.4
1683868714 89.66 18.64 14466 162862
1683868724 81.74 14.01 1.17 445905
1683868734 102.15 14.14 0 52304.9
1683868744 103.13 13.91 0.39 59260.9
1683868754 61.77 19.18 14577.6 123774
1683868764 102.85 14.78 0.78 51927.2
1683868774 98.73 14.15 1.17 52066.9
1683868784 101.65 13.91 0 52820.2
1683868794 55.32 19.17 15056.8 124521
1683868804 102.26 13.65 0 50726
1683868814 103.49 14.41 0.39 50847.8
1683868824 101.46 14.27 0 56981.6
1683868834 30.3 18.01 15551.5 121892
1683868844 102.45 14.73 0 50370.2
1683868854 102.26 14.11 1.17 51944
1683868864 102.25 13.86 0 49369.2
1683868874 44.36 19.16 14094 120236
1683868884 102.45 13.64 0 50938.3
1683868894 101.45 14.22 0 52898.5
1683868904 93.35 15.09 1.17 46350.3
1683868914 73.55 19.21 13537.1 124795
1683868924 94.62 13.69 1.56 49157.8
1683868934 103.54 15.48 0 56331.4
1683868944 108.61 14.18 0 82306.4
1683868954 75.27 18.29 14861 161306
1683868964 98.54 15.01 0.39 72693
1683868974 75.37 14.34 0.39 61408.4
1683868984 110.37 14.12 0 82923.2
1683868994 87.79 15.77 0.39 72141
1683869004 48.83 19.5 15182.7 134906
1683869014 111.44 14.33 0 81152.7
1683869024 101.25 14.08 0.78 82789.9
1683869034 73.91 19.84 0.78 62507.1
1683869044 109.95 14.3 0 82226.3
1683869054 68.51 19.43 15398.6 163209
1683869064 96.18 13.88 1.18 74888.5
1683869074 108.72 14.38 0 81457.4
1683869084 90.13 15.23 0.39 74064.1
1683869094 20.13 19.36 15115.9 149140
1683869104 101.47 13.83 0 75337.6
1683869114 64.3 15.4 0.39 53947.3
1683869124 110.46 14.03 0 82898.9
1683869134 104.12 14.52 2.35 87937.4
1683869144 19.03 17.99 17347.1 660041
1683869154 102.15 13.97 0 54560.7
1683869164 101.27 14.85 1.56 57801.6
1683869174 102.26 15.35 0 50631.9
1683869184 8.62 17.95 15158.9 119546
1683869194 102.36 13.96 0 50831.7
1683869204 102.64 13.72 0.78 49305.7
1683869214 97.46 15.36 0.78 49751.1
1683869224 3.01 17.74 14666.3 108478
1683869234 9.51 17.88 4652.55 489.81

Execution duration: 00:22:32.32
