1683857208 101.76 4.97 137.52 44666.8
1683857218 101.36 0.94 15.91 43687.7
1683857228 102.72 14.79 2.33 44931.5
1683857238 30.72 18.02 14516.2 107303
1683857248 102.54 17.78 1.57 49477.5
1683857258 109.39 14.29 0 76086
1683857268 84.46 14.99 2.35 67096.4
1683857278 20.15 18 13978.6 164940
1683857288 101.66 17.76 0 50886.8
1683857298 88.16 14.07 3.52 50278.3
1683857308 102.15 13.82 0 50098.1
1683857318 94.62 14.46 3.13 67913.5
1683857328 76.36 19.2 15158.2 158413
1683857338 105.63 14.28 0 76169.6
1683857348 80.94 14 2.74 73062.4
1683857358 100.97 15.19 3.88 162197
1683857368 10.37 18.91 15248.1 124717
1683857378 108.33 18.29 0 75749.5
1683857388 107.52 13.9 0 80168.6
1683857398 77.72 14.42 2.35 63392.4
1683857408 107.46 14.17 0 82236.3
1683857418 53.93 19.4 15407.9 159022
1683857428 102.05 18.15 0 189005
1683857438 100.29 15.08 0.78 51459.2
1683857448 87.12 13.87 1.95 48228.5
1683857458 2.43 17.74 0 29904.5
1683857468 91.69 18.08 15758 136815
1683857478 102.35 15.05 0 51810
1683857488 103.41 13.81 0.78 50793
1683857498 109.19 14.48 0 73807.2
1683857508 63.86 19.2 15455.1 152164
1683857518 82.49 14.24 0.39 65585.9
1683857528 110.64 14 0 82493.8
1683857538 89.78 14.47 0.78 73145.9
1683857548 85.26 15.22 1.56 73469.9
1683857558 105.76 18.56 13890.1 158313
1683857568 87.81 14.04 1.95 239821
1683857578 101.07 14.16 0.78 51567.1
1683857588 102.05 14.89 0 52414
1683857598 58.1 18.05 15155.8 128933
1683857608 102.25 13.65 0 50478.3
1683857618 99.71 15.1 0 53522.8
1683857628 101.26 13.9 0 51202.3
1683857638 34.25 18.02 14985.5 119071
1683857648 101.85 17.78 0 51465.6
1683857658 102.15 15.07 1.17 51688.9
1683857668 101.55 13.87 0 47523.2
1683857678 20.17 18.18 15290 143416
1683857688 106.7 18.91 0.39 81668.7
1683857698 110.65 14.34 0 81045.2
1683857708 77.42 18.23 0.78 60602.9
1683857718 99.31 14.6 0.78 76656.5
1683857728 41.12 19.3 15701.6 159307
1683857738 75.37 18.44 0.78 67271.6
1683857748 109.29 14.1 1.17 82803.1
1683857758 111.42 15.56 0.78 86976.2
1683857768 91.9 14.4 1.56 71015.2
1683857778 71.97 19.5 14968.8 159025
1683857788 86.69 14 0.78 363076
1683857798 85.83 14.1 0.39 48867.2
1683857808 102.06 14.82 0 51200.8
1683857818 93.64 14.34 1.96 56656.8
1683857828 95.41 18.1 15297.4 134823
1683857838 102.15 14.07 0.78 51050.9
1683857848 102.14 13.83 0 49052.3
1683857858 8.99 18.92 14313.7 111424
1683857868 102.06 17.76 0 48285
1683857878 102.35 15.04 0 51750.2
1683857888 95.99 13.82 1.56 47264.5
1683857898 16.91 18 14055.5 109151
1683857908 102.64 17.75 0.78 50287.7
1683857918 108 14.28 0 77103.1
1683857928 88.78 14.02 0.78 69932.5
1683857938 17.5 19.18 14055.5 141977
1683857948 110.66 18.02 0 82497
1683857958 71.17 14.31 0.78 63629.7
1683857968 109.97 15.08 0 80789.8
1683857978 108.49 14.61 0 87388.5
1683857988 60.01 19.4 14258.1 146600
1683857998 111.12 14.43 0 83434
1683858008 93.34 14.22 0.39 75474.8
1683858018 95.5 15.66 0.78 73475.3
1683858028 24.03 18.54 14480.1 146084
1683858038 81.65 18.63 0.39 71661.3
1683858048 97.18 14.22 0.39 74374.8
1683858058 109.76 14.9 0 80567.6
1683858068 86.04 15.2 0 465436
1683858078 43.64 18.03 14620.4 122256
1683858088 97.07 17.79 0.39 50412.5
1683858098 94.53 14.13 0.78 50136.5
1683858108 101.95 14.82 0 51876.7
1683858118 11.25 17.98 15086.6 113289
1683858128 103.04 17.75 0 50537.8
1683858138 102.15 15.04 0.39 51990.2
1683858148 102.05 13.85 0 50715.9
1683858158 98.64 15.28 0.78 54336.3
1683858168 77.39 18.07 15565.6 133335
1683858178 102.93 14.04 1.17 49331.4
1683858188 100.98 14.76 0 50198
1683858198 102.65 14.29 0 52286.5
1683858208 78.23 18.07 14108.1 122853
1683858218 102.24 14.04 0 51500.7
1683858228 99.31 14.86 1.17 48629.1
1683858238 102.24 15.34 0 49811.9
1683858248 99.13 19.08 13538.7 124320
1683858258 102.26 14.1 0 48527.6
1683858268 102.15 14.83 0.39 53100.3
1683858278 108.1 15.53 0 72297.8
1683858288 97.75 19.28 14846.5 163045
1683858298 70.91 15.21 0.39 60911
1683858308 110.37 14.02 0 81457.7
1683858318 106.88 15.49 0 84359.7
1683858328 78.11 15.26 1.56 62925.9
1683858338 103.62 19.4 15137.8 165562
1683858348 98.25 14.99 0.78 78507.1
1683858358 103.23 15.47 0.39 78153.4
1683858368 109.57 14.27 0 83820.3
1683858378 24.05 18.24 15399 140667
1683858388 110.54 18.95 0 81185.9
1683858398 106.02 15.29 1.16 81170.1
1683858408 59.99 14.04 0.78 53175.3
1683858418 111.15 14.51 0 81299.3
1683858428 48.49 18.28 15117.1 158964
1683858438 63.88 19.32 0.78 55609.7
1683858448 108.7 14.92 0 80721
1683858458 104.4 14.45 0.78 84956.8
1683858468 88.45 14.18 0.39 72454.4
1683858478 54.94 18.05 17286 683599
1683858488 102.64 14.6 0.39 54936.6
1683858498 102.16 14.14 0 49984.7
1683858508 97.46 13.89 1.17 49568.3
1683858518 34.77 18.98 15171 122355
1683858528 101.17 17.78 0.78 50073.6
1683858538 96.78 15.06 0.78 48960.6
1683858548 100.59 13.86 0 52277.3
1683858558 4.47 17.74 14751.1 102381
1683858568 6.17 17.73 473.98 308.81

Execution duration: 00:22:51.51
