1683851381 101.87 5 549.5 44282.2
1683851391 102.34 0.57 0 45236.4
1683851401 103.04 14.97 19.16 45900.3
1683851411 33.63 18.01 14629.5 108764
1683851421 103.13 18.91 28.57 49795.3
1683851431 103.12 13.74 0 50758.9
1683851441 103.6 14.38 1.95 57825.7
1683851451 57.13 18.21 13940.2 147237
1683851461 97.97 18.41 0.39 74432.9
1683851471 87.31 14.74 4.3 76014.4
1683851481 99.91 14.2 71.32 157560
1683851491 96.77 13.94 4.7 58189.8
1683851501 84.26 18.23 15173 137538
1683851511 109.47 14.62 0.39 81951.2
1683851521 109.95 15.18 0 79096.2
1683851531 111.34 14.18 0.78 82278
1683851541 21.93 18.25 15202.7 129973
1683851551 102.14 18.11 3.9 187116
1683851561 99.32 14.85 1.17 53032.9
1683851571 96.19 13.83 2.74 52715.1
1683851581 102.34 14.31 0 51469.1
1683851591 70.91 18.83 15513.3 128784
1683851601 102.26 18.19 0 50083
1683851611 98.06 13.78 1.95 51219.1
1683851621 104.7 14.42 0 58880.2
1683851631 37.99 18.19 15742.2 149039
1683851641 94.44 19.08 1.17 71196.1
1683851651 110.82 13.98 0 81675.6
1683851661 80.18 15.21 1.17 65151.6
1683851671 94.13 14.23 2.34 72074.5
1683851681 46.77 18.35 15454.3 155324
1683851691 91.61 18.13 1.17 245105
1683851701 101.37 14.86 0 50369.3
1683851711 95.12 13.84 0.78 49114.5
1683851721 31.78 18.02 13890.1 114222
1683851731 103.41 17.77 1.56 50220.1
1683851741 108.49 15.15 -0.22 50665.5
1683851751 101.45 14.22 0 56394.6
1683851761 14.36 18 15258.6 117379
1683851771 102.16 17.76 0 50113.5
1683851781 93.16 14.84 1.17 48348.4
1683851791 101.95 13.83 0 49867.2
1683851801 100.39 14.49 0.78 55128.5
1683851811 91.81 18.27 14939.7 158778
1683851821 110.75 15.06 0 82351.9
1683851831 84.19 14.04 1.95 68230.9
1683851841 110.74 14.52 0 81711.7
1683851851 24.85 19.09 15231.2 150682
1683851861 100.98 18.44 5.08 75776.1
1683851871 109.89 14.11 0 80872.5
1683851881 91.11 15.35 2.74 74639.3
1683851891 110.05 14.39 0 79708.9
1683851901 47.9 18.5 15686.2 155823
1683851911 77.85 19 3.12 71719.4
1683851921 102.14 14.07 0 374377
1683851931 97.76 13.82 1.17 59828.9
1683851941 89.55 14.3 0.78 48350.8
1683851951 73.03 18.06 14983.4 128826
1683851961 91.39 18.95 1.17 51197.3
1683851971 102.25 14.55 0 50741.4
1683851981 99.41 14.26 1.17 50027.8
1683851991 39.35 18.02 15282.4 121500
1683852001 102.35 18.15 1.17 51539.1
1683852011 101.86 13.75 0 49319.7
1683852021 101.75 15.01 0 50362.8
1683852031 38.07 18.02 14343.2 116637
1683852041 104.21 18.31 0 58082.5
1683852051 92.39 13.91 2.34 73326.2
1683852061 109.77 15.23 0 81292.6
1683852071 34.75 18.27 14002 143837
1683852081 78.25 18.37 0.78 66467.5
1683852091 110.45 14.04 0 81328.1
1683852101 99.41 15.27 0.39 81715.2
1683852111 95.01 14.3 0.39 71982.4
1683852121 80.78 18.48 14028.1 153622
1683852131 95.6 18.98 0.78 78178
1683852141 109.66 14.61 0 80543.5
1683852151 98.44 14.36 0 75709.7
1683852161 18.4 18.55 14271.6 128568
1683852171 110.63 19.08 0 82924.5
1683852181 103.61 14.69 0.78 87241
1683852191 75.88 14.15 0.78 451282
1683852201 101.96 15.05 0 53553.9
1683852211 76.25 18.84 14438.6 135318
1683852221 102.06 18.2 0 49576.1
1683852231 94.48 13.78 0.78 47755.1
1683852241 102.93 14.28 0 50943.5
1683852251 69.92 18.84 14592.6 124869
1683852261 96.3 18.18 1.17 47118.4
1683852271 101.85 13.77 0 53535.6
1683852281 101.47 15.03 0.39 48720.6
1683852291 45.91 18.03 15070.3 127908
1683852301 97.17 18.15 1.17 50974.2
1683852311 102.74 14.52 0 50958.4
1683852321 96.97 14.23 1.56 48371.9
1683852331 10.36 17.98 15550.3 117232
1683852341 104.21 18.28 0 58666.4
1683852351 106.65 14.67 0.78 80178.7
1683852361 110.75 14.46 0 80899.6
1683852371 80.85 14.18 0.39 63532.8
1683852381 75.82 19.11 14163.1 154101
1683852391 106.68 18.15 0 78780.2
1683852401 96.1 14.47 0.78 82596.9
1683852411 111.23 15.15 0 82019.5
1683852421 61.71 19.24 13471.3 141927
1683852431 85.92 19.06 1.17 69098.6
1683852441 110.24 15.43 0 83633.9
1683852451 90.06 15.2 0 74056.6
1683852461 99.23 14.91 0.39 75465.9
1683852471 88.1 18.6 14817.5 158807
1683852481 86.43 19.52 0.78 72651.8
1683852491 110.65 15.13 0 80985.2
1683852501 102.15 15.66 0.39 78141.4
1683852511 9.36 18.89 15844.7 570648
1683852521 102.05 19.07 0 52185.4
1683852531 99.32 14.66 1.17 50080.5
1683852541 102.05 15.15 0 50571.5
1683852551 102.54 14.08 0.78 51337.9
1683852561 79.87 18.92 15398.2 133585
1683852571 102.06 17.83 1.17 48791.4
1683852581 96.96 14.16 0.39 51719.5
1683852591 102.45 14.75 0 51058.5
1683852601 58.55 18.05 15116.7 125961
1683852611 102.06 18.64 0 49898.7
1683852621 102.25 14.98 0 51137.9
1683852631 101.25 13.89 0 50274.5
1683852641 53.62 18.18 17463.7 125402
1683852651 102.05 19 2880.78 55160.2
1683852661 102.74 14.13 0.39 49637.2
1683852671 95.72 13.87 0.39 49680.8
1683852681 25.58 18.01 15114.8 121671
1683852691 101.76 18.6 0.78 50421.5
1683852701 102.06 14.1 0 51061.2
1683852711 96.29 13.84 1.17 47919.8
1683852721 3.72 17.74 14789.4 106235
1683852731 7.15 18.58 558.52 396.48

Execution duration: 00:22:42.42
