1683852758 85.46 18.71 246042 82.6
1683852763 52.95 18.91 222176 28147.8
1683852768 48.11 18.51 220958 30191.6
1683852773 44.08 14.36 222372 30364.9
1683852778 44.31 14.37 221738 30337.6
1683852783 43.93 14.75 221886 30330.8
1683852788 43.55 14.39 220280 30171.2
1683852793 44.88 14.39 222078 30417.5
1683852798 44.39 14.39 221050 30170.8
1683852803 45.45 14.77 221672 30193.2
1683852808 45.26 14.4 221421 30219
1683852813 42.51 14.41 221025 30205.7
1683852818 44.19 14.41 222087 30361.9
1683852823 45.07 14.82 221507 29714.1
1683852828 58.83 14.42 212068 30768.9
1683852833 145.9 14.44 222560 219640
1683852838 71.78 14.59 220787 218733
1683852843 71.72 15.08 221862 221857
1683852848 199.63 19.01 2.33178e+06 497868
1683852853 302.44 14.5 0 727.95
1683852858 144.47 19.07 0 716.69
1683852863 229.54 19.07 0 3202.99
1683852868 209.05 14.33 0 31608.3
1683852873 183.3 15.2 0 31881.4
1683852878 306.37 14.85 0 31971.5
1683852884 106.89 18.73 0 32125.2
1683852888 303.56 19.42 0 31476.2
1683852893 304.88 15.02 0 31900.9
1683852898 239.22 15.27 0 32055.5
1683852903 304.87 15.28 0 31819.5
1683852908 184.62 15.36 0 31611.3
1683852914 301.87 15 0 32079.2
1683852919 119.7 15.2 0 32348.2
1683852923 307.51 15.37 0 32330.2
1683852929 303.38 15.13 0 31291.6
1683852934 243.64 15.43 0 31255.4
1683852939 305.82 15.08 0 32298.7
1683852944 182.55 19.6 0 32360.2
1683852949 296.82 19.04 398037 899631
1683852954 7.33 17.73 1.17782e+06 233178
1683852958 2.49 17.73 1.20038e+06 237635

Execution duration: 00:03:24.24
