1683876666 100 6.26 195.11 45191.8
1683876676 102.44 0.57 0 46450
1683876686 103.24 15.5 18.4 46062.6
1683876696 40.91 18.02 14539.2 120961
1683876706 103.03 15.41 1.17 50718.7
1683876716 111.34 13.93 0 83048.3
1683876726 79.56 14.39 1.96 63720.1
1683876736 27.56 18.01 14034 169933
1683876746 102.53 15.27 0 54394.2
1683876756 92.26 13.71 4.31 52101.5
1683876766 103.13 14.34 0 53601.6
1683876776 97.95 15.42 2.35 76012.9
1683876786 93.65 18.27 15173 164718
1683876796 101.47 13.93 0.39 78253.8
1683876806 91.21 14.15 5.47 161831
1683876816 102.45 15.21 0 53897.4
1683876826 31.02 18.02 15263.4 125125
1683876836 102.45 13.61 0 51388.8
1683876846 95.26 19.69 0.78 51083.1
1683876856 109.29 14.04 0 81505.4
1683876866 106.45 14.53 15527.3 82235.4
1683876876 100.2 18.36 15511.7 163486
1683876886 110.84 15.61 0 84722.3
1683876896 72.74 14.1 1.17 64690.6
1683876906 75.64 14.24 1.17 210358
1683876916 9.1 17.95 15772.2 120835
1683876926 94.03 19.39 2.35 60990.8
1683876936 101.76 13.7 0 49532.1
1683876946 103.13 14.19 0.78 52489.2
1683876956 102.35 13.96 0 50445.4
1683876966 78.78 19.51 15485.3 135214
1683876976 109.19 13.85 0 82431.7
1683876986 110.17 14.37 0 83365
1683876996 64.13 15.42 1.17 52929.8
1683877006 55.05 19.6 13917.7 149316
1683877016 111.16 15.26 0 86988.9
1683877026 64.22 14.41 0.78 55628.2
1683877036 108.91 14.16 0.78 85553.8
1683877046 102.74 14.31 0.39 268341
1683877056 75.54 19.35 15289.6 133617
1683877066 102.35 14.04 0 52549.9
1683877076 100.68 13.8 0.39 50520.8
1683877086 104.91 14.51 0 51245.4
1683877096 62.34 18.05 14941.3 129553
1683877106 102.55 15.31 0 52131.5
1683877116 102.84 13.78 1.18 52842.7
1683877126 101.96 14.28 0 50975
1683877136 49.96 19.33 15305.4 125597
1683877146 103.73 14.15 0 52704.8
1683877156 110.56 13.95 0.39 81553.9
1683877166 79.49 14.45 1.17 65875.4
1683877176 110.95 15.54 0 81327.1
1683877186 85.34 18.35 15701.6 163431
1683877196 87.07 14.34 1.96 71531
1683877206 109.78 15.77 0 82853.2
1683877216 89.16 14.22 1.95 77101.2
1683877226 32.82 18.41 14968.8 146788
1683877236 108.9 18.17 0 81108.4
1683877246 75.54 15.82 1.17 68764.9
1683877256 102.15 18.32 0 333152
1683877266 90.02 14.29 0.39 54139.7
1683877276 49.86 19.32 15328.5 126113
1683877286 102.16 14.01 0 51376.9
1683877296 101.95 13.76 1.56 52314
1683877306 102.24 14.26 0 53317.3
1683877316 64.97 19.35 14341.7 123191
1683877326 104 15.53 0 52272.9
1683877336 94.44 14.13 1.56 53029.3
1683877346 101.16 14.27 0 52649.5
1683877356 77.54 18.07 14098 125851
1683877366 101.08 15.33 0 50156.5
1683877376 101.86 13.81 0.39 53108.7
1683877386 2.35 17.74 14069.3 109600
1683877396 100.49 18.1 14083.4 131447
1683877406 93.76 15.35 0.78 51926.2
1683877416 102.16 13.82 0 51416
1683877426 11.79 17.99 14215.6 110987
1683877436 101.76 17.75 0 51062.2
1683877446 103.04 15.52 0.78 53569.1
1683877456 109.57 14.04 0 82946.9
1683877466 95.89 14.51 14480.9 73783.6
1683877476 91.32 18.34 14480.9 153900
1683877486 109.27 15.6 0 82238
1683877496 86.23 15.4 0.78 71848.7
1683877506 110.73 14.6 0 84272.8
1683877516 57.58 18.44 14606.4 148975
1683877526 78.66 15.7 1.17 65153.6
1683877536 111.05 14.13 0 85347.9
1683877546 96.29 14.68 0 77774.6
1683877556 80.78 16.06 0.39 65175
1683877566 71.82 18.61 15099.8 157800
1683877576 78.85 14.17 0.39 68730.9
1683877586 91.77 14.65 0.78 75445.1
1683877596 109.19 15.76 0 80239.1
1683877606 94.86 14.95 1.94 79782.2
1683877616 81.54 18.76 15535.2 161743
1683877626 94.92 14.03 0.39 524915
1683877636 75.34 15.04 0.78 46181.2
1683877646 102.65 14.25 0 51506.4
1683877656 55.45 18.04 14148.9 128846
1683877666 102.35 15.31 0 50450.5
1683877676 97.75 13.86 1.18 50840.8
1683877686 102.65 15.65 0 51220.7
1683877696 79.83 18.09 13511.5 121994
1683877706 100.11 15.38 0.39 53039.7
1683877716 102.36 15.16 0 55321.5
1683877726 101.57 14.37 0 50200
1683877736 82.87 19.38 14875.5 133243
1683877746 99.9 14.24 436.08 48719.6
1683877756 102.23 15.5 430.74 56898.8
1683877766 99.8 15.71 1.17 49467.8
1683877776 64.65 19.48 15167.5 125347
1683877786 100.98 15.45 0.39 51611.2
1683877796 101.35 13.91 0 49124.3
1683877806 96.32 14.39 1.94 47463.4
1683877816 42.29 19.32 15383.6 125387
1683877826 102.34 14 0 51358.9
1683877836 97.37 15.06 1.17 49375.7
1683877846 101.76 14.25 0 53631.7
1683877856 31.09 19.31 15116.7 119465
1683877866 102.83 14.14 0 52336.7
1683877876 95.42 15.21 1.17 73724.5
1683877886 109.5 14.41 0 80288.7
1683877896 16.6 19.44 14479.5 136785
1683877906 65.24 18.25 1.94 54640.8
1683877916 110.75 15.16 0 84098.5
1683877926 94.83 14.36 0 77196.9
1683877936 94.14 14.07 1.56 75109.7
1683877946 22 18.2 15129.2 149677
1683877956 89.43 17.93 0.39 69861.4
1683877966 102.83 15.55 0.39 77808.8
1683877976 110.75 14.02 0 84527.1
1683877986 66.83 14.46 1.55 60236.7
1683877996 13.49 19.25 14756.2 131782
1683878006 14.18 19.27 452.78 32795.7

Execution duration: 00:22:30.30
