1683853001 100.88 5.84 566.73 44830.5
1683853011 102.24 0.56 0 44416.8
1683853021 102.83 14.2 18.77 45825.2
1683853031 34.67 18.02 14611.7 115429
1683853041 104.31 19.13 1.17 56568.1
1683853051 110.94 13.92 0 82728.6
1683853061 82.24 14.45 0.78 59367.2
1683853071 13.76 18.83 14000.8 165548
1683853081 102.73 18.12 0 51693.5
1683853091 93.37 13.71 5.86 53156.6
1683853101 104.79 14.33 0 58245.3
1683853111 93.66 14.94 3.12 74656.6
1683853121 75.41 18.31 15026.1 155286
1683853131 111.33 18.07 0.78 85353.1
1683853141 85.2 14.12 6.62 155673
1683853151 102.34 13.88 0 51742.7
1683853161 19.65 18.84 15247.3 123150
1683853171 101.65 17.76 0 49975.9
1683853181 97.95 14.08 0.78 49435.2
1683853191 102.45 14.69 0 50549.3
1683853201 102.13 14.33 0.39 51159.3
1683853211 89.86 18.93 15481.9 132324
1683853221 103.99 15.04 0 56988.1
1683853231 92.67 13.96 2.34 73784
1683853241 109.49 14.47 0 81643.4
1683853251 37.76 19.11 15727.2 150144
1683853261 86.85 18.37 2.73 72692.4
1683853271 109.68 14.03 0 80199.8
1683853281 97.47 14.5 0.77 83176.4
1683853291 72.12 15.07 3.9 64876.4
1683853301 26.7 19.24 15473.3 149855
1683853311 103.22 18.11 0 292607
1683853321 84.07 14.06 3.52 50274.1
1683853331 101.55 13.83 0 52284.8
1683853341 17.87 18.84 13796.5 111965
1683853351 102.45 17.76 0 50149.8
1683853361 98.25 14.08 1.56 48895.3
1683853371 101.46 14.68 0.39 53399
1683853381 102.73 14.33 0.39 51282.8
1683853391 95.52 18.09 15229.2 129924
1683853401 104.5 14.24 0 57406.1
1683853411 106.15 14 0 79841.9
1683853421 109.86 14.53 0 81121.1
1683853431 64.56 19.15 14955.1 142970
1683853441 85.14 14.25 1.96 71592.6
1683853451 110.92 14.07 0 80696.2
1683853461 96.58 14.55 1.95 82938.7
1683853471 71.76 15.1 1.95 60677.3
1683853481 57.52 18.45 15260.2 157229
1683853491 113.09 18.2 0.39 97436.7
1683853501 71.59 15.39 1.95 63195.3
1683853511 102.24 14.2 0 341463
1683853521 101.17 14.32 0.39 60714.1
1683853531 65.73 18.89 15701.9 130846
1683853541 101.57 18.18 0 52438.6
1683853551 102.35 13.78 0.39 49710.7
1683853561 102.24 14.27 0 52213.1
1683853571 49.71 18.88 14970.3 121530
1683853581 105.68 18.44 0 53264.2
1683853591 102.83 14.12 0.78 59463.2
1683853601 101.36 15.09 0 50135.2
1683853611 27.34 18 15283.2 119845
1683853621 99.31 18.14 0.39 50898.6
1683853631 102.26 14.58 0 51215.6
1683853641 99.7 15.22 1.17 54694.8
1683853651 38.64 18.2 14299.3 147615
1683853661 91.8 18.31 1.56 68698.1
1683853671 111.69 13.97 0 75650.2
1683853681 103.29 14.45 0 80615.3
1683853691 76.93 15.06 1.56 65231.3
1683853701 78.22 18.39 14041.8 154855
1683853711 100.49 18.21 0 77014.6
1683853721 67.29 14.49 0.78 57384.8
1683853731 111.24 15.1 0 82329.7
1683853741 28.4 18.47 14028.5 147003
1683853751 78.51 18.21 1.55 67909.8
1683853761 110.94 14.6 0 81878.5
1683853771 98.64 15.18 0.39 82424.2
1683853781 95.22 14.27 0.78 421726
1683853791 69.56 18.05 14228.3 122944
1683853801 93.85 18.18 0 50842.2
1683853811 102.35 14.61 0 51438.5
1683853821 100.68 14.57 1.17 51281
1683853831 57.97 18.04 14423.7 127022
1683853841 101.86 19.01 0.78 50531
1683853851 101.95 13.77 0 50975.2
1683853861 102.25 14.27 0.39 54590.4
1683853871 61.79 18.05 14606.1 123558
1683853881 106.94 19.3 0 54896.1
1683853891 95.03 14.12 1.17 54988.1
1683853901 102.14 14.26 0 52255
1683853911 40.67 18.87 15086.2 120226
1683853921 101.56 18.15 0 51617.9
1683853931 102.05 13.75 0.78 51743.1
1683853941 102.65 15.08 0 50438.7
1683853951 18.66 17.99 15551.5 121121
1683853961 102.06 18.12 0 51443.2
1683853971 102.05 13.72 0.78 48975.6
1683853981 97.18 15.04 0.39 48582.9
1683853991 21.31 18 14190.4 114567
1683854001 103.8 18.29 0.39 56284.8
1683854011 108.91 14.76 0 82364.4
1683854021 79.11 15.37 1.56 66303.9
1683854031 18.48 19.1 13484.8 142051
1683854041 107.82 19.31 0 79605.5
1683854051 88.67 14.9 1.16 72953.7
1683854061 111.04 14.57 0 83567.6
1683854071 93.55 15.16 0.39 70909.4
1683854081 35.33 18.37 14832.8 138870
1683854091 111.12 18.16 0 82649.8
1683854101 80.18 15.29 0.39 68139.4
1683854111 104.7 15.08 0.39 77874.9
1683854121 111.81 15.67 0 83109.9
1683854131 36.29 19.38 15109.9 141418
1683854141 105.86 18.62 0.39 79237.8
1683854151 108.69 15.12 0 82994.7
1683854161 94.43 14.69 1.95 76488.6
1683854171 111.23 15.33 0 83885.3
1683854181 62.83 18.44 15368.2 152400
1683854191 84.01 19.05 0.78 69115.7
1683854201 110.1 14.49 0 83767.5
1683854211 101.07 15.24 2364.45 84236.7
1683854221 77.21 14.3 2356.77 630539
1683854231 67.94 18.05 15115.9 132106
1683854241 92.23 19.06 1.17 52325.8
1683854251 102.05 13.77 0 50102.1
1683854261 102.45 15.15 0.78 51983.2
1683854271 58.05 18.94 14465.1 119171
1683854281 102.15 18.17 0 52265.5
1683854291 101.66 13.77 0 48857.2
1683854301 102.74 14.27 0 52400.4
1683854311 39.51 18.91 15101.3 121268
1683854321 102.04 18.15 0 50598.4
1683854331 100.2 13.76 1.17 50780.1
1683854341 102.65 14.24 0 50082.6
1683854351 5.18 18.62 14899.7 100145
1683854361 8.21 4.75 4756.59 4168.9

Execution duration: 00:22:50.50
