1683879676 101.57 4.96 286.88 44965.2
1683879686 101.75 0.97 261.87 46295.3
1683879696 102.64 13.84 2.35 45492.4
1683879706 38.71 19.35 14755 111140
1683879716 103.52 13.63 1.57 51193.3
1683879726 102.46 14.12 27.45 52825.9
1683879736 97.56 13.87 3.13 49830.3
1683879746 69.63 19.55 13985.1 150183
1683879756 88.86 13.81 1.17 67714.6
1683879766 100.19 14.35 2.74 77062
1683879776 111.16 15.47 61.84 82383.2
1683879786 4.41 17.74 15261.8 231515
1683879796 101.97 18.1 15202.7 137377
1683879806 109.95 14.25 0.39 82867.9
1683879816 111.14 19.56 0 81210.9
1683879826 100.39 14.57 0.39 73954.3
1683879836 48.68 18.28 15189.1 140774
1683879846 111.26 15.64 0 81939.7
1683879856 89.28 14.1 4.68 197364
1683879866 86.19 15.52 3.53 47798.6
1683879876 102.14 13.96 0 53940
1683879886 84.65 18.08 15528.4 140730
1683879896 101.55 13.68 0 51733.3
1683879906 98.92 15.49 0.39 50575.3
1683879916 102.35 13.94 0 50665.6
1683879926 55.73 18.22 15788.8 154967
1683879936 103.04 13.82 0.39 79545.6
1683879946 111.03 15.7 0 81633.2
1683879956 80.45 14.1 1.17 66635.4
1683879966 103.13 14.65 2.35 79819.8
1683879976 87.05 18.39 15409.5 170372
1683879986 89.15 14.44 3.13 79404.1
1683879996 101.96 15.45 0 246941
1683880006 102.82 14.26 0.39 57880.4
1683880016 71.62 18.06 13903.7 123746
1683880026 102.35 14.03 0.78 49404.9
1683880036 96.18 15.11 1.17 48963.2
1683880046 101.17 14.27 0 57430.7
1683880056 50.06 18.03 15244.5 123745
1683880066 102.34 14.01 0 52672
1683880076 99.32 15.08 0 48963.2
1683880086 102.16 14.28 0 51088.8
1683880096 34.14 18.01 14854.3 119197
1683880106 109.87 14.16 0 81360.7
1683880116 106.47 13.92 0 80857.9
1683880126 81.02 14.45 1.17 64688.1
1683880136 110.56 15.54 0 84061
1683880146 78.1 18.4 15275.5 162459
1683880156 108.5 13.99 0 83246.9
1683880166 109.39 15.86 0 82066.5
1683880176 91.6 14.29 2.34 73975
1683880186 25.74 18.41 15625.3 153405
1683880196 87 19.51 1.17 66292.1
1683880206 78.98 14.5 0.78 64699.5
1683880216 112.32 14.41 0 82784
1683880226 86.12 14.24 1.17 385441
1683880236 23.33 19.31 15013.5 117285
1683880246 101.96 18.13 0 54074.4
1683880256 103.13 13.72 0.78 55252.9
1683880266 101.56 14.22 0 51858.1
1683880276 3.53 19.06 15328.1 116558
1683880286 100.89 18.11 15297.4 144910
1683880296 96.87 13.7 1.57 49867.6
1683880306 101.37 14.2 0 51507
1683880316 15.81 17.99 14314.1 115592
1683880326 102.35 19.44 0 48492.5
1683880336 102.55 13.72 0 50787.1
1683880346 105.73 14.4 0.39 75231.4
1683880356 35.93 18.21 14000.8 142674
1683880366 76.55 15.52 1.17 59019
1683880376 104.2 15.28 0.78 80103.5
1683880386 111.16 14.54 0.39 86838.4
1683880396 59.07 14.2 0.78 51758.7
1683880406 47.21 18.37 14083.1 144677
1683880416 110.56 15.35 0 86856.7
1683880426 75.36 14.48 0.78 69846
1683880436 109.88 14.31 0 80992.4
1683880446 23.47 19.8 14256.1 150131
1683880456 84.85 18.21 0.78 70252.6
1683880466 110.08 14.61 0 82427.8
1683880476 81.04 14.14 0.78 405588
1683880486 84.54 14.25 1.17 47737.8
1683880496 55.04 18.05 14522.6 125890
1683880506 98.65 15.33 0.78 58285.4
1683880516 102.74 15.09 0 52771
1683880526 90.31 14.25 1.17 51207.5
1683880536 46.16 18.03 14492.7 118673
1683880546 95.89 13.99 1.56 48751.1
1683880556 102.26 15.08 0.39 53114.3
1683880566 102.54 14.24 0.39 52359.3
1683880576 32.89 18.02 15100.6 118697
1683880586 101.95 15.3 0 56572.3
1683880596 97.19 13.74 1.56 51719.2
1683880606 102.06 14.23 0 51566.3
1683880616 92.07 13.98 0.78 46450.5
1683880626 96.31 19.42 15429.7 133893
1683880636 101.17 13.7 0.78 52318.5
1683880646 101.46 14.19 0 50827.3
1683880656 5.87 19.23 14218.6 108735
1683880666 102.34 18.11 0 50576.9
1683880676 102.44 13.71 0 52319
1683880686 96.4 15.62 1.17 47825.5
1683880696 36.95 19.36 13550.3 111450
1683880706 105.67 14.2 0.39 77737.2
1683880716 110.57 15.31 0 82958
1683880726 83 15.84 0.39 64906
1683880736 104.11 15.61 0.39 80389.4
1683880746 96.38 18.44 14846.5 161599
1683880756 70.71 15.33 0.78 62107
1683880766 109.97 15.84 0 82317.6
1683880776 104.51 15.68 1.17 77706.1
1683880786 62.42 14.79 0.39 52858.4
1683880796 86.71 19.88 15020.4 161418
1683880806 108.12 14.52 1.17 86217.8
1683880816 74.9 15.57 0.78 60743.4
1683880826 108.12 14.73 0 84803.5
1683880836 17.21 18.33 15399 153580
1683880846 110.36 19.82 0 80015.2
1683880856 110.48 14.1 0 80498.2
1683880866 61.59 15.86 1.95 55645.4
1683880876 110.54 14.29 0 83218
1683880886 55.13 19.75 15115.9 165374
1683880896 58.52 15.29 1.56 50409.3
1683880906 106.26 14.46 0.39 82483.8
1683880916 90.68 14.16 2321.63 622230
1683880926 85.31 14.27 0 47946.3
1683880936 64.42 19.38 14592.4 125811
1683880946 94.03 14.01 0.39 48680.1
1683880956 101.36 13.78 0 52068.3
1683880966 103.63 15.6 0.78 53175.3
1683880976 45.36 19.37 15129.2 121924
1683880986 101.77 14 0.78 51474.8
1683880996 102.06 13.76 0 50119.6
1683881006 101.66 14.25 0.39 53311.1
1683881016 5.79 19.06 15053.5 96695
1683881026 3.83 17.74 287.56 133.98

Execution duration: 00:22:38.38
