1683842298 101.96 1.13 550.98 45561.2
1683842308 102.16 0.78 0 46139.3
1683842318 103.24 14.4 29.83 47302.4
1683842328 43.24 14.13 14726.7 111729
1683842338 102.73 14.27 17.12 50913.6
1683842348 102.64 13.96 0 53240.8
1683842358 96.08 14.54 0.78 53776.1
1683842368 72 14.32 13981.2 152033
1683842378 91.52 14.2 0.78 73580.5
1683842388 99.7 14.18 2.33 81694.4
1683842398 102.25 14.42 72.16 162369
1683842408 11.28 14.06 15206.3 121840
1683842418 104.91 14.35 0 59236.9
1683842428 110.27 14.08 0 85616
1683842438 110.98 14.41 0 81203.9
1683842448 96.29 14.39 0 71339.3
1683842458 48.48 14.41 15277.6 143960
1683842468 111.86 13.97 0 80565.9
1683842478 92.61 14.31 4.28 200219
1683842488 85.57 14.05 1.57 48691.3
1683842498 102.46 14.32 0 53326
1683842508 95.44 14.2 15452.1 140651
1683842518 102.16 14.27 0 52085.1
1683842528 98.63 13.8 0.79 51578
1683842538 104.02 14.64 0 58590.6
1683842548 68.27 14.33 15787.7 156002
1683842558 103.43 14.4 0.39 81225.8
1683842568 111.26 14.23 0 83149.9
1683842578 69.44 14.44 0 59834.3
1683842588 101.08 14.26 2.35 77559.6
1683842598 91.02 14.53 15439.2 169801
1683842608 91.57 14.29 0.39 79205.9
1683842618 102.64 14.15 0 249671
1683842628 103.14 14.11 0.39 57023.9
1683842638 89.14 14.21 13903.7 128744
1683842648 97.65 13.9 0 50740.5
1683842658 101.96 14.65 0.78 56434.9
1683842668 102.36 14.51 0 60007.8
1683842678 80.69 13.98 15318.4 132358
1683842688 103.15 13.89 0 50480.9
1683842698 95.2 14.37 1.18 48519.1
1683842708 102.16 13.9 0 53183.5
1683842718 67.49 14.34 14998.2 132474
1683842728 110.78 14.05 0 85599.2
1683842738 91.38 14.53 0 71936.5
1683842748 105.31 14.12 1.18 78238.7
1683842758 32.07 14.4 15320 152161
1683842768 98.83 13.98 0 80384.7
1683842778 110.88 14.62 0 83721.4
1683842788 85.21 14.42 0.39 67717.5
1683842798 110.08 14.69 0 84272.3
1683842808 69.45 14.64 15747.7 165024
1683842818 62.1 14.65 0 53619.2
1683842828 107.34 14.18 0.78 86218.6
1683842838 103.92 14.42 0 395276
1683842848 73.32 14.13 0.78 44918.5
1683842858 72.68 13.97 15012.7 128269
1683842868 102.84 13.87 1.18 61214.9
1683842878 102.16 14.37 0 49754.3
1683842888 101.77 14.14 1.18 51360.6
1683842898 62.65 14.46 15342.4 134060
1683842908 102.16 14.22 0 58154
1683842918 92.13 14.34 0 48404.3
1683842928 102.66 14.1 0 53331.5
1683842938 69.16 14.2 14355.3 123041
1683842948 102.56 13.96 0 50991.6
1683842958 96 14.52 0 56162.1
1683842968 110.59 14.3 0 83379.6
1683842978 77.21 14.39 14069.3 146127
1683842988 85.79 14.11 0 68436
1683842998 110.28 14.61 0 85211
1683843008 86.08 14.17 0 72983.5
1683843018 31.37 14.47 14097.6 138812
1683843028 110.3 14.26 0 82575.7
1683843038 86.68 14.46 0 76273.5
1683843048 110.39 14.44 0 83240
1683843058 99.32 14.99 0 77712.2
1683843068 96.67 14.7 14312.9 161508
1683843078 110.58 14.82 0 83202
1683843088 68.85 14.11 0 404069
1683843098 99.52 14.47 0 53122
1683843108 62.62 14.17 14551.1 134309
1683843118 97.47 14.22 0 51988.3
1683843128 102.06 13.75 0 52997.4
1683843138 99.71 14.78 0.39 54863.9
1683843148 57.55 14.17 14649 129089
1683843158 94.41 14.22 0 48273.6
1683843168 102.16 13.98 0 50239.2
1683843178 102.15 14.47 0.39 50984.3
1683843188 45.94 13.93 15114.6 122288
1683843198 98.24 14.33 0 51449.6
1683843208 101.17 14.32 0 58721.2
1683843218 102.94 14.46 0 52262
1683843228 21.21 13.9 15611.4 119646
1683843238 102.55 14.29 0 53224.3
1683843248 98.73 13.7 0 52229.6
1683843258 102.26 14.43 0 52417.7
1683843268 36.11 14.14 14246.1 116568
1683843278 102.26 14.05 0 52651.6
1683843288 95.2 13.73 0.39 48410.6
1683843298 102.26 14.54 0 52434.9
1683843308 59.91 14.19 13590.2 119946
1683843318 104.31 14.42 0 57370
1683843328 110.2 14.02 0 84885.5
1683843338 103.82 14.81 0 78255.3
1683843348 60.33 14.51 14890.1 160104
1683843358 73.14 14.62 0 58943.9
1683843368 102.06 14.3 0.39 80372.2
1683843378 110.97 14.84 0 88441.9
1683843388 78.55 14.62 0.39 67185.5
1683843398 73.56 14.7 15156.9 160280
1683843408 92.85 14.02 0 70166.7
1683843418 94.72 14.84 0 73312.4
1683843428 110.88 14.26 0 84699.7
1683843438 68.96 15.03 0 56258.6
1683843448 76.03 14.6 15423.9 163252
1683843458 110.5 14.32 0 83367.9
1683843468 77.8 14.37 0 64365.2
1683843478 109.89 14.87 0 82916
1683843488 17.64 14.49 15145.5 148624
1683843498 109.46 14.7 0 79825.3
1683843508 110.78 14.35 0 82584.1
1683843518 64.94 14.46 0 55947.9
1683843528 110.78 14.24 0 83188.2
1683843538 57.75 14.31 16555.3 720746
1683843548 72.34 13.92 0 43099.5
1683843558 102.36 14.42 0 52911.8
1683843568 92.74 14.16 0 49943.1
1683843578 13.81 13.89 15158.9 120005
1683843588 102.25 13.99 0 52889
1683843598 102.45 14.4 0 51649.4
1683843608 97.84 13.82 0 50747.1
1683843618 2.46 13.97 14874.2 108080
1683843628 0.79 13.63 517.37 365.85

Execution duration: 00:22:19.19
