1683894307 287.01 18.96 157877 31628.3
1683894313 305.99 19.48 169655 30598.9
1683894318 308.02 14.45 168478 30610.4
1683894323 308.96 14.82 170960 30815.7
1683894328 310.28 14.55 166710 27505
1683894333 307.66 14.55 170460 30359.7
1683894338 308.41 14.48 169487 30643.7
1683894343 307.49 14.87 171625 30835.1
1683894348 298.14 14.54 438773 1.23517e+06
1683894353 299.44 14.11 145083 79.25
1683894358 300.38 14.11 142117 80.75
1683894363 297.59 14.55 163180 4199.63
1683894368 298.69 14.11 142934 79.25
1683894373 299.45 14.11 143201 79.4
1683894378 299.26 14.11 143723 79.25
1683894383 299.64 14.48 142225 82.99
1683894388 299.25 14.18 142079 80.59
1683894393 299.62 14.11 142083 79.25
1683894398 298.88 14.11 141919 79.1
1683894403 299.63 14.55 142125 321.5
1683894408 299.44 14.11 142261 424.67
1683894413 299.44 14.11 141539 426.87
1683894418 299.44 14.11 141987 426.17
1683894423 299.81 14.48 89888.1 431.34
1683894428 299.63 14.22 0 426.17
1683894433 299.82 14.27 15303.2 15494.6
1683894438 299.06 14.33 131170 131575
1683894443 299.07 14.77 131655 132041
1683894448 0.19 17.67 3.50781e+06 357445

Execution duration: 00:02:28.28
