1683864856 101.86 4.96 137.37 44651.3
1683864866 101.75 2 27.18 44365.4
1683864876 102.84 13.83 1.96 44768.3
1683864886 31.75 18.02 14511.9 107517
1683864896 102.84 18.83 1.57 49052.4
1683864906 106.85 18.42 0 64609.8
1683864916 88.57 14 2.74 68206.1
1683864926 33.62 18.26 13953.9 136300
1683864936 103.23 19.19 78.2 122995
1683864946 76.25 14.06 3.91 46003.5
1683864956 102.16 13.81 0 51272.8
1683864966 96.58 15.36 3.91 56226
1683864976 71.75 18.07 15173 128908
1683864986 102.04 14.03 1.17 52520.4
1683864996 102.16 13.79 0 48279.1
1683865006 102.34 15.34 0 51345.1
1683865016 52.81 18.03 15142.9 125842
1683865026 106.27 14.17 0 64351.5
1683865036 100.01 14.99 1.17 76950.6
1683865046 110.85 14.49 0 79081.1
1683865056 97.17 14.23 0.39 77375
1683865066 85.24 19.42 15528.8 161598
1683865076 111.34 15.06 0 80884.5
1683865086 80.44 14.45 1.17 66911.8
1683865096 108.23 14.26 1.57 82959.1
1683865106 10.95 17.98 15760.7 330008
1683865116 81.9 18.78 1.96 49115.8
1683865126 102.35 14.05 0 52007.4
1683865136 97.65 13.8 1.56 54674.6
1683865146 105.48 15.51 0 63124.1
1683865156 67.09 18.24 15364.3 158699
1683865166 86.81 14.25 0.39 70559.9
1683865176 111.05 14 0 82697.9
1683865186 90.63 15.52 1.95 73833.2
1683865196 17.33 18.29 13904.9 135431
1683865206 110.94 18.44 0 84138.8
1683865216 82.14 14.05 1.17 241685
1683865226 96.09 15.22 1.96 50232.9
1683865236 101.96 13.92 0 53304.1
1683865246 57.68 18.05 15274.3 131712
1683865256 102.16 13.64 0 50632.5
1683865266 101.37 15.19 0.39 54840.2
1683865276 101.86 13.89 0 49796.3
1683865286 32.72 18.02 14999.4 117786
1683865296 101.38 13.62 0.78 53555.7
1683865306 102.36 15.16 0 50790.6
1683865316 98.84 13.86 2.72 49700.6
1683865326 14.19 18.14 15275.1 132358
1683865336 102.64 18.98 0.39 78796.9
1683865346 110.85 14.33 0 80880.6
1683865356 91.11 15.12 1.95 69492.1
1683865366 80.64 18.69 0.78 67148.3
1683865376 29.94 18.32 15686.2 152665
1683865386 93.16 19.51 1.56 79857.3
1683865396 85.32 14.07 1.57 69851.7
1683865406 111.22 18.72 0 82758.6
1683865416 94.62 14.31 1.17 80371.4
1683865426 45.35 19.59 14984.5 151978
1683865436 110.65 14.1 0 83795.1
1683865446 78.4 14.07 1.17 372457
1683865456 101.46 14.89 0 50101.7
1683865466 99.03 14.32 0.39 52217.4
1683865476 84.74 18.08 15297.4 135080
1683865486 102.06 14.05 0 51520.2
1683865496 101.17 13.82 0.78 49399.2
1683865506 102.06 15.36 0 52036.4
1683865516 97.55 18.1 14313.7 129354
1683865526 102.15 14.07 0 51809.2
1683865536 93.55 13.82 1.56 47736.8
1683865546 12.42 19.05 14055.5 110896
1683865556 99.03 17.75 0.78 51087
1683865566 105.39 14.25 0 63936.5
1683865576 100.79 15.08 0.39 80560.2
1683865586 15.56 18.23 14069.7 138811
1683865596 110.36 18.02 0 82178.9
1683865606 79.19 14.3 2.35 64624.8
1683865616 111.83 14.12 0 80929.8
1683865626 110.07 15.67 0 84565.2
1683865636 66.18 18.46 14256.9 145235
1683865646 110.65 14.43 0 83924.9
1683865656 84.75 15.21 0 69384.9
1683865666 94.14 14.7 1.17 73415.4
1683865676 30.49 18.47 14494.2 150027
1683865686 83.29 18.65 1.56 74167.3
1683865696 103.71 15.31 0.78 82081.6
1683865706 110.94 14.8 0 84357.4
1683865716 70.33 14.25 0.78 454573
1683865726 52.56 19.11 14492.7 121728
1683865736 98.92 13.65 1.17 52367.1
1683865746 98.43 14.13 0.39 51607.4
1683865756 102.46 14.94 0 52376.1
1683865766 38.51 18.03 15086.2 116996
1683865776 101.96 14.69 0 51291.3
1683865786 102.83 14.12 3.91 51899
1683865796 101.94 13.87 0 51480.5
1683865806 17.79 18 15551.9 125410
1683865816 101.86 17.77 0 53349.8
1683865826 100.89 15.15 1.18 50825.9
1683865836 102.05 14.9 0 50414.8
1683865846 29.8 18.02 14094 116214
1683865856 102.64 17.77 0 50895.1
1683865866 102.04 14.11 0.39 50471.3
1683865876 97.28 15.02 0.78 50831.4
1683865886 56.61 19.13 13576.9 118775
1683865896 97.46 14.73 1.17 49021.9
1683865906 101.46 14.19 0 53873.3
1683865916 102.74 13.96 0.39 50143.6
1683865926 57.09 19.29 14861 137836
1683865936 89.06 13.84 0.39 69355.5
1683865946 106.76 14.36 0.39 82571.8
1683865956 110.17 15.19 0 82697.9
1683865966 81.33 15.72 1.17 64938.4
1683865976 90.52 19.49 15137.8 162317
1683865986 97.57 15.45 0.78 75601.2
1683865996 85.75 14.1 0.78 69001
1683866006 111.04 15.71 0 83386.1
1683866016 86.51 15.4 0.78 73136.3
1683866026 98.73 18.33 15398.6 165836
1683866036 110.95 15.01 0 82351.5
1683866046 77.22 14.38 1.95 63853.6
1683866056 110.47 14.15 0 83272.7
1683866066 41.25 19.35 15116.7 149550
1683866076 100.39 13.86 0.78 77139.3
1683866086 110.77 15.44 0 84893.5
1683866097 70.03 14.07 0.39 58566
1683866106 110.19 14.56 0 81697.2
1683866116 93.94 19.44 14592.4 166271
1683866126 68.04 15.36 1.17 59376
1683866136 96.77 14.1 3094.04 629005
1683866146 104.02 15.32 0.39 62622.7
1683866156 24.05 18 15130 121047
1683866166 102.16 18.13 0 51990.2
1683866176 101.28 14.81 0.39 49408.2
1683866187 101.85 14.23 0 52161.4
1683866196 4.51 17.73 14865 102140
1683866206 5.89 4.6 474.9 255.69

Execution duration: 00:22:40.40
