1683895863 176.87 14.51 262811 79.54
1683895868 136.35 18.31 221241 79.85
1683895873 47.83 14.55 218941 83.18
1683895878 31.62 14.15 222209 80.76
1683895883 33.27 14.23 222863 81.07
1683895888 32.2 14.15 220990 79.24
1683895893 31.94 14.52 223047 99.43
1683895898 32.46 14.15 221195 78.94
1683895903 33.47 14.22 221665 80.61
1683895908 32.26 14.15 222218 79.39
1683895913 32.89 14.52 222846 84.89
1683895918 33.09 14.16 221300 79.09
1683895923 32.26 14.15 222340 80.92
1683895928 43.54 14.15 221834 95913.3
1683895933 53.71 14.52 221779 216147
1683895938 55.11 14.24 221278 217355
1683895943 55.42 14.31 221230 218622
1683895948 55.99 14.44 221302 220792
1683895953 0.38 17.68 3.89925e+06 985094

Execution duration: 00:01:35.35
