1683860013 69.54 15.69 225898 157765
1683860018 52.39 20.85 132187 133598
1683860023 41.6 17.69 95562.6 131336
1683860028 41.44 19.72 96444.9 129507
1683860033 40.49 20.09 88980.8 131498
1683860038 35.36 20.49 71815.2 131633
1683860043 43.53 21.59 107340 133087
1683860048 32.26 23.29 63200.8 131365
1683860053 38.66 24.28 93267.1 129911
1683860058 40.87 24.23 117483 141935
1683860063 31.17 23.44 84297.3 130309
1683860068 38.52 24.52 106512 117482
1683860073 35.87 23.99 106405 131875
1683860078 29.6 23.67 76264.9 128317
1683860083 36.89 24.75 87993.2 132354
1683860088 37.19 23.8 106771 130071
1683860093 31.31 24.19 78135.9 130026
1683860098 28.59 23.91 74083.3 128409
1683860103 46.77 24.97 155588 127020
1683860108 33.45 24.02 105313 130972
1683860113 30.6 25.4 94970.3 132502
1683860118 54.18 25.12 166100 129315
1683860123 33.78 24.12 98397 130388
1683860128 35.87 24.12 106629 130273
1683860133 44.38 24.49 139726 132070
1683860138 33.02 25.12 87756.4 130001
1683860143 38.4 25.12 114949 129204
1683860148 42.16 24.12 129840 131031
1683860153 32.2 24.52 87043.2 132484
1683860158 38.41 25.12 116762 129885
1683860163 40.08 25.13 120879 128555
1683860168 30.17 25.13 85096 131000
1683860173 39.55 24.93 114271 132382
1683860178 39.01 25.24 100165 129165
1683860183 32.45 25.78 78617.8 132709
1683860188 42.42 27.6 117042 130257
1683860193 41.1 26.97 113256 134367
1683860198 31.06 26.6 89062.9 132609
1683860203 43.37 27.6 124570 133143
1683860208 45.64 27.6 108992 175559
1683860213 36.17 26.97 84625 174710
1683860218 25.38 26.61 63393.2 95051.5
1683860223 42.23 26.6 102812 137533
1683860228 42.43 27.6 100974 181956
1683860233 38.19 27.97 80251 174516
1683860238 28.97 26.6 70400 129398
1683860243 26.38 26.6 67210.6 92299.1
1683860248 23.25 26.6 61583.4 85200
1683860253 7.59 18.74 4.6909e+06 2.19229e+06

Execution duration: 00:04:07.07
