1683861684 63.09 17.97 250463 31932.7
1683861689 35.69 13.81 220605 32464.1
1683861694 40.8 14.22 223323 32383.2
1683861699 37.07 13.92 219984 29490.5
1683861704 39.2 13.92 221590 32117.8
1683861709 37.9 13.85 220063 31814.1
1683861714 40.04 14.22 222954 32109.6
1683861719 31.87 13.91 481436 1.24801e+06
1683861724 32.7 13.48 220856 379.35
1683861729 31.43 13.48 220088 379.43
1683861734 29.56 13.92 221340 4886
1683861739 31.48 13.48 222440 380.81
1683861744 32.69 13.48 220341 379.35
1683861749 32.05 13.49 221806 382.34
1683861754 32.63 13.85 222208 386.95
1683861759 31.56 13.55 219989 378.71
1683861764 72.22 13.64 198647 127995
1683861769 54.36 13.79 220709 221020
1683861774 0.57 17.74 3.63085e+06 384487

Execution duration: 00:01:35.35
