1683906136 54.37 18.05 258208 82.89
1683906140 31.55 13.49 221859 79.54
1683906145 32.76 13.56 220575 80.76
1683906150 32.44 13.49 221753 79.39
1683906156 31.18 13.86 220744 85.17
1683906160 31.68 13.49 222022 79.39
1683906166 31.19 13.49 219343 80.15
1683906171 32.45 13.49 221438 78.94
1683906176 31.37 13.86 220716 85.17
1683906180 30.98 13.49 222447 81.07
1683906185 30.86 13.5 221059 80.76
1683906190 31.68 13.49 221900 80.92
1683906196 31.81 13.86 221599 84.57
1683906201 30.55 13.49 220467 80.46
1683906205 32.63 13.49 222218 79.39
1683906210 40.46 13.58 221679 88610.7
1683906215 52.77 14.01 223808 221283
1683906221 53.04 13.78 221028 218967
1683906226 0.76 23.08 3.91682e+06 577845

Execution duration: 00:01:36.36
