1683886901 101.86 5 550.98 45205.9
1683886911 102.34 2.01 0 45578.9
1683886921 103.14 14.2 19.2 45697.2
1683886931 38.11 18.02 14624.2 109591
1683886941 103.52 19.59 28.6 50797.6
1683886951 102.54 13.75 0 52677.2
1683886961 105.19 15.84 1.96 60874.7
1683886971 68.45 18.22 13899.5 150033
1683886981 90.95 18.41 0.78 72756
1683886991 94.04 14 3.13 80061.8
1683887001 102.34 15.66 71.95 159943
1683887011 4.66 17.73 15057.6 118604
1683887021 103.42 18.26 15173 144854
1683887031 104.99 13.87 0.78 80985.9
1683887041 111.24 15.87 0 79957.4
1683887051 104.29 14.19 0 79378.9
1683887061 53.97 18.3 15277.6 145960
1683887071 102.14 18.15 3.91 192056
1683887081 90.89 15.55 2.35 50694.6
1683887091 102.25 13.86 0 53411.5
1683887101 7.54 17.94 15542.9 116816
1683887111 102.16 17.74 0 49147.1
1683887121 102.24 14.08 0 53092
1683887131 98.93 15.28 1.56 50948.6
1683887141 104.91 14.49 0 61299.9
1683887151 77.41 18.25 15636.5 157821
1683887161 109.39 15.72 0 82686.6
1683887171 94.91 14.02 0.78 74013.3
1683887181 95.5 14.5 0.78 74648.5
1683887191 23.15 18.32 15469.4 149216
1683887201 106.25 19.88 1.56 91120.5
1683887211 101.95 14.08 0 245511
1683887221 88.85 14.18 1.57 47021.1
1683887231 6.96 19.36 13903.7 110258
1683887241 103.93 19.55 0 52881.6
1683887251 98.73 13.7 2.35 53616.1
1683887261 101.87 14.2 0 56709.1
1683887271 102.06 15.4 0.39 51032.2
1683887281 89.52 18.09 15155 133277
1683887291 94.44 13.69 1.17 47678.2
1683887301 103.33 14.18 0 51304.2
1683887311 99.71 15.37 1.17 52141.9
1683887321 76.89 18.23 14998.2 136180
1683887331 109.58 18.02 0.39 84969.7
1683887341 96.59 15.85 0 75527
1683887351 110.17 14.17 0 83031.9
1683887361 24.34 18.27 15158.1 140988
1683887371 110.94 18.08 0 80761.7
1683887381 111.72 15.85 0 86516.9
1683887391 70.7 14.21 2.73 61304.3
1683887401 112.09 14.72 0.39 85220.3
1683887411 52.34 19.94 15702.7 163991
1683887421 62.27 18.58 0.78 55249.3
1683887431 110.28 14.19 0.78 85367.7
1683887441 103.72 15.63 0 395214
1683887451 70.32 13.91 1.17 44956.7
1683887461 56.03 18.05 15012.7 125521
1683887471 103.13 17.81 0.39 59524.4
1683887481 101.86 14.14 0 49948.8
1683887491 102.45 13.9 0.78 51819.8
1683887501 38.91 19.47 15297.8 131024
1683887511 102.05 17.79 0 51889.1
1683887521 92.47 15.55 1.96 47822.3
1683887531 102.06 13.86 0 51452.3
1683887541 45.1 18.04 14216.1 117318
1683887551 102.06 17.79 0 51405.9
1683887561 103.13 15.73 0.78 59878.4
1683887571 110.13 14.07 0 84113.7
1683887581 58.86 18.3 14055.5 144483
1683887591 84 18.04 1.17 69213.2
1683887601 111.18 15.81 0 85422.9
1683887611 88.67 14.16 0 72193.8
1683887621 86.39 14.63 1.18 70142.2
1683887631 100.48 19.94 14041.8 162245
1683887641 89.23 14.45 0.78 77949.6
1683887651 99.51 14.2 0.39 77305.3
1683887661 109.48 14.75 0 83446.9
1683887671 53.08 18.5 14258.1 150319
1683887681 109.21 20.16 0 80546.7
1683887691 90.7 14.11 0 404756
1683887701 73.14 14.2 1.56 47500
1683887711 9.9 19.41 14522.6 114065
1683887721 98.83 18.11 1.18 58468.6
1683887731 101.96 13.71 0 50700.6
1683887741 100.98 14.2 0.78 53207
1683887751 3.3 19.17 14507.2 113125
1683887761 101.27 18.11 14606.1 133554
1683887771 94.13 13.7 1.18 48067
1683887781 101.94 15.63 0 54138.2
1683887791 102.06 13.94 0.78 51175.3
1683887801 87.13 18.09 15040.9 137489
1683887811 98.25 15.12 1.17 53742.3
1683887821 101.66 14.18 0 50807
1683887831 95.68 13.92 0.78 49902
1683887841 57.58 18.05 15444.7 125896
1683887851 102.55 19.26 0 49896.7
1683887861 100.69 14.14 0.78 49980.8
1683887871 101.36 13.89 0 51528.7
1683887881 66.83 19.5 14204.7 121748
1683887891 102.94 19.26 0 51490.7
1683887901 98.73 14.24 1.96 49375.5
1683887911 102.55 15.45 0 51353.6
1683887921 98.14 18.29 13564.4 134557
1683887931 110.26 13.93 0 82171.6
1683887941 100.59 15.93 0 75557.8
1683887951 88.35 14.24 0.78 70141.8
1683887961 65.43 19.79 14846.5 158956
1683887971 75.67 18.07 1.56 61123
1683887981 102.55 14.4 0.78 81094.8
1683887991 109.41 15.64 0 83628.3
1683888001 69.61 16.16 1.95 59348.2
1683888011 64.61 19.89 15137.8 159371
1683888021 112.41 20.03 0 87932
1683888031 79.04 14.16 0.78 62968.9
1683888041 110.37 16.08 0 81856.4
1683888051 89.72 14.38 0.39 76891.2
1683888061 88.9 19.83 15338.3 165801
1683888071 111.74 14 0 81621.9
1683888081 61.57 14.43 1.17 53942.6
1683888091 106.26 15.62 0 80238.4
1683888101 21.65 18.32 15086.4 155421
1683888111 75.09 19.48 1.17 64935.7
1683888121 109.38 14.36 0 83708.6
1683888131 109.59 14.24 2441.05 83475.7
1683888141 85.53 14.26 2442.62 631337
1683888151 52.45 19.47 14578.1 123894
1683888161 93.28 18.16 1.56 50016.8
1683888171 101.96 13.76 0 51744.8
1683888181 103.14 15.7 0.39 52075.2
1683888191 38.91 19.46 15129.6 122725
1683888201 102.55 18.16 0.39 52765.9
1683888211 102.14 13.77 0 50352.4
1683888221 101.66 15.69 0.39 52475.5
1683888231 5.54 17.73 14902.9 96045.8
1683888241 4.52 17.74 327.84 238.43

Execution duration: 00:22:28.28
