1683855811 102.16 5.01 549.9 46568.7
1683855821 103.33 1.51 0 46623.9
1683855831 103.33 14.22 18.79 47156.9
1683855841 43.22 18.03 14729.6 111458
1683855851 102.84 18.17 29.36 51547.9
1683855861 103.03 14.68 0 50890.3
1683855871 97.19 14.38 2.33 50853.5
1683855881 70.42 18.24 13940.2 150971
1683855891 88.67 19.32 1.56 68002.7
1683855901 95.89 13.99 2.35 79886.9
1683855911 100.87 14.22 71.32 161879
1683855921 91.97 13.96 3.52 52961.6
1683855931 99.13 19.2 15173 138798
1683855941 109.4 13.89 0.78 85857.7
1683855951 110.06 14.45 0 81718.4
1683855961 99.6 15.12 0.39 74483.7
1683855971 47.07 18.29 15234.8 141837
1683855981 110.85 18.22 0 79115.6
1683855991 89.94 15.02 4.69 198043
1683856001 88.36 13.84 2.74 49377.3
1683856011 103.02 14.34 0 53526.5
1683856021 91.35 18.1 15438.3 138285
1683856031 102.56 14.99 0 52812.5
1683856041 96.68 13.82 0.78 51489.7
1683856051 103.23 14.45 0 55541.3
1683856061 59.65 19.14 15712.3 153317
1683856071 106.06 18.36 0.78 82927.6
1683856081 110.26 14.02 0 81860.4
1683856091 64.78 15.39 1.17 54781.2
1683856101 107.13 14.29 0.78 82290.2
1683856111 82.01 18.4 15469.4 168526
1683856121 99.71 18.26 1.56 80866.1
1683856131 101.46 15.07 0 246572
1683856141 82.19 13.88 0.39 49886.9
1683856151 62.3 18.06 13876.6 120687
1683856161 102.45 18.74 0.39 54364.7
1683856171 94.54 14.4 1.17 50966.5
1683856181 101.96 14.26 0 58162.3
1683856191 43.41 18.04 15273.9 122873
1683856201 102.46 18.71 0 52455.6
1683856211 96.8 14.12 1.55 49112.6
1683856221 101.96 13.88 0 50990.2
1683856231 29.84 19.09 14985.1 118942
1683856241 109.87 17.95 0 82601.8
1683856251 103.01 14.3 0.39 78657.8
1683856261 87.76 14.08 1.17 67993.4
1683856271 110.36 15.51 0 82088.3
1683856281 67.54 18.38 15142.2 155746
1683856291 105.57 18.52 1.17 82991.4
1683856301 108.91 15.09 0 83174.2
1683856311 93.22 14.65 0.78 74543.4
1683856321 23.05 18.46 15701.6 151782
1683856331 90.32 18.58 0 71082.7
1683856341 90.14 15.06 1.95 72530.9
1683856351 101.96 14.16 0 381860
1683856361 82.47 13.88 1.17 54573.2
1683856371 36.2 18.03 14954.5 121892
1683856381 102.83 18.7 0 58657.3
1683856391 102.45 14.12 0.78 53669.3
1683856401 102.84 13.89 0 52854.7
1683856411 27.6 19.19 15313.1 122982
1683856421 102.06 18.13 0 57102.2
1683856431 98.25 15.02 1.17 50859.1
1683856441 102.25 13.86 0 51337.9
1683856451 32.51 18.02 14355.7 116914
1683856461 101.85 17.79 0 49852.1
1683856471 95.34 14.26 1.16 52453.2
1683856481 110.95 14.97 0 80737
1683856491 56.02 18.24 14055.9 149207
1683856501 74.51 18.02 0.78 61712.9
1683856511 110.56 14.36 0 85686.9
1683856521 103.33 14.16 1.17 83986.7
1683856531 76.18 15.55 0 62381.2
1683856541 94.44 18.43 14055.5 162065
1683856551 100.29 14.45 1.17 85196.9
1683856561 95.4 14.18 1.17 74878.3
1683856571 109.5 14.76 0 81357.1
1683856581 51.51 19.44 14257.3 151041
1683856591 110.77 18.71 0.39 82273.5
1683856601 102.83 14.11 0 414482
1683856611 63.18 15.11 1.95 40429.7
1683856621 2.45 17.74 14522.6 112506
1683856631 99.33 18.1 14466.7 139479
1683856641 98.05 13.7 0.39 51101.8
1683856651 105.48 15.42 0 54755.8
1683856661 95.7 14.3 0.39 55524.6
1683856671 96.57 18.11 14606.1 133733
1683856681 96.29 13.7 1.17 49617.6
1683856691 102.06 14.19 0 50760.1
1683856701 102.65 14.86 0.78 50722.1
1683856711 87.18 19.29 15114.6 132927
1683856721 101.76 14.06 0.39 58355
1683856731 102.05 15.1 0 50711.3
1683856741 102.64 13.94 0.78 51093.6
1683856751 60.08 18.06 15565.9 130323
1683856761 101.17 17.82 0 50685.6
1683856771 100.68 15.07 1.56 50666.5
1683856781 101.56 13.9 0 52480.1
1683856791 71.92 18.07 14204.7 123847
1683856801 102.55 17.84 0 50644.8
1683856811 95.6 15.17 1.56 47374.2
1683856821 102.46 14.92 0 51459.1
1683856831 82.99 18.26 13472.5 122392
1683856841 102.93 14.82 0.78 79577.7
1683856851 110.94 14.48 0 83701.9
1683856861 76.47 15.13 1.17 61468.4
1683856871 44.91 18.32 14846.5 151943
1683856881 102.27 19.07 0.39 77339.3
1683856891 71.69 15.37 0.78 59631.2
1683856901 109.88 15.19 0 82303
1683856911 101.95 15.68 1.56 82939.2
1683856921 24.6 19.44 15109.1 128545
1683856931 111.06 19.6 0 81567.9
1683856941 108.21 14.21 0.78 91466.8
1683856951 74.2 15.62 0.39 60179.1
1683856961 108.6 15.36 0 81916.4
1683856971 53.48 19.38 15399.4 161730
1683856981 91.12 18.15 0 71020.7
1683856991 110.65 15.45 0 82533.7
1683857001 74.02 14.2 0 61885.2
1683857011 102.24 14.68 0 77998.1
1683857021 65.7 19.4 15115.9 159260
1683857031 70.48 19.49 0.78 60080.2
1683857041 79.88 14.09 0 64627
1683857051 101.47 14.18 2516.91 632586
1683857061 98.14 13.93 0.39 59854.8
1683857071 81.37 18.09 14563.9 130524
1683857081 95.4 14.63 1.57 47770.6
1683857091 99.91 14.17 0 53415.4
1683857101 102.83 14.88 0.78 51941.3
1683857111 59.85 18.06 15114.8 124888
1683857121 102.25 17.82 0 50809.8
1683857131 102.64 15.11 1.17 49351.9
1683857141 102.25 13.9 0 53023.1
1683857151 6.27 17.74 15079.5 93037.2
1683857161 3.81 18.69 266.66 192.76

Execution duration: 00:22:37.37
