1683910848 102.05 4.96 141.8 44141.4
1683910858 102.54 6.32 16.78 45115.7
1683910868 102.73 19.22 1.95 45286.9
1683910878 34.79 18.03 14480.7 108457
1683910888 101.64 17.78 1.16 49625.1
1683910898 105.66 19.66 0 60875.6
1683910908 89.87 14.04 3.51 68100.1
1683910918 39.48 18.28 13913.1 141795
1683910928 108.34 18.05 62.41 80010.9
1683910938 66.86 14.06 82.26 138900
1683910948 102.43 19.2 0 51826.1
1683910958 101.46 14.31 0.78 58734.1
1683910968 59.79 18.06 15116.6 123882
1683910978 102.53 19.41 0 52426.1
1683910988 103.51 13.78 0.78 49432
1683910998 103.11 14.28 0 51696.2
1683911008 39.19 18.03 15202 122893
1683911018 104.19 14.16 0 59349.7
1683911028 99.62 19.32 1.16 75371.6
1683911038 99.61 14.48 1.95 76326.7
1683911048 111.2 14.23 0 82524.6
1683911058 66.02 18.33 15423.3 149362
1683911068 106.93 19.36 2.34 80158.7
1683911078 112.86 14.51 0 91334.4
1683911088 90.56 14.28 1.95 74089.6
1683911098 102.43 18.97 15703.2 258305
1683911108 88.7 18.09 15713.1 139245
1683911118 101.55 14.07 0 50592.1
1683911128 101.64 13.82 0.78 49149.6
1683911138 99.61 19.84 0.78 59393.8
1683911148 63 18.24 15409.1 157807
1683911158 103.66 14.26 0.39 76139.6
1683911168 109.79 14.02 0 82337.2
1683911178 91.53 14.5 1.56 70217.7
1683911188 22.11 23.71 13837.6 132419
1683911198 110.04 18.46 0 83862.4
1683911208 87.82 14.06 1.17 246023
1683911218 88.03 14.18 2.72 50589.9
1683911228 102.63 19.31 0 53507.2
1683911238 60.66 18.06 15214.8 132956
1683911248 101.06 13.66 0 49494.9
1683911258 101.85 14.15 0.39 56419.5
1683911268 102.15 19.29 0 49905.4
1683911278 43.57 18.04 14897.7 119974
1683911288 99.32 13.64 0 51707.7
1683911298 102.14 19.51 0 50807.4
1683911308 101.75 13.89 0.78 48755.9
1683911318 23.19 18.17 15230.4 126650
1683911328 109.47 17.96 0.77 81775.9
1683911338 110.62 19.74 0 80229.4
1683911348 89.49 14.1 0 68483.4
1683911358 80.48 14.55 1.56 65218
1683911368 45.49 23.74 15625.3 154892
1683911378 89.47 14.3 0 73731.4
1683911388 92.39 14.11 1.17 74334.2
1683911398 108.95 14.6 0 81080
1683911408 92.3 19.71 1.56 78133.7
1683911418 66.98 18.54 14838.3 153742
1683911428 111.01 14.13 0 86000.4
1683911438 73.9 19.49 0.78 367265
1683911448 102.14 19.25 0 51959.7
1683911458 90.56 14.34 1.17 51561.8
1683911468 88.4 18.09 15253.4 135977
1683911478 102.43 14.07 0 50879.1
1683911488 100 13.83 1.17 48795.7
1683911498 102.54 19.69 0 52687.2
1683911508 97.17 18.11 14286.2 128131
1683911518 102.04 14.08 0 50596.9
1683911528 95.8 13.82 2.34 50794.9
1683911538 7.51 23.34 14000.8 109541
1683911548 99.81 17.76 1.56 51065.5
1683911558 103.47 14.26 0 60362.2
1683911568 110.62 19.41 1.17 82489.6
1683911578 9.16 18.01 14000.8 133145
1683911588 108.48 23.76 14000.8 160021
1683911598 81.96 14.32 0.39 65965.6
1683911608 110.42 14.14 0 80279.6
1683911618 108.79 20.01 0.39 82593.4
1683911628 58.75 18.44 14187.9 142858
1683911638 109.55 14.47 0 81691.5
1683911648 90.94 14.16 1.17 73078.1
1683911658 90.94 20.08 0.39 71098.3
1683911668 17.8 18.46 14423.7 143132
1683911678 92.41 18.65 0.78 78994
1683911688 91.54 14.23 0 71982.5
1683911698 110.61 20.16 0 81538.1
1683911708 76.37 14.25 0.78 462497
1683911718 37.23 18.04 14563.7 120994
1683911728 102.44 19.02 0 52980.1
1683911738 95.43 14.12 0.78 51395.5
1683911748 102.14 13.87 0 52639.5
1683911758 18.23 18.01 15042.1 114719
1683911768 102.14 23.15 0 50935.1
1683911778 93.67 14.09 1.17 49718.8
1683911788 101.76 13.85 0 50365.8
1683911798 102.15 14.34 0.78 55905.4
1683911808 83.51 18.1 15429.7 130235
1683911818 102.73 19.44 0.78 49524.7
1683911828 98.45 13.81 1.17 50049.1
1683911838 102.04 14.3 0 51664.7
1683911848 91.43 23.49 14149.3 125896
1683911858 102.53 19.45 0 50664.5
1683911868 99.13 13.91 1.55 48508.3
1683911878 14.01 23.4 13497.6 106743
1683911888 100.69 23.16 1.56 49839.8
1683911898 102.34 19.51 0 49745.8
1683911908 102.64 19.28 0.39 52616.2
1683911918 8.38 18.11 14803.1 121144
1683911928 111.59 18.33 0 82241.1
1683911938 80.33 19.66 1.56 64881
1683911948 109.38 14.06 0 79882.5
1683911958 101.35 19.95 0 80801.6
1683911968 34.13 23.73 15065.4 142879
1683911978 110.81 23.87 0 83675.6
1683911988 81.79 14.05 0.39 65945.1
1683911998 100.58 14.53 1.17 77381.3
1683912008 110.42 19.66 1.17 84159.7
1683912018 32.33 23.63 15340.2 146491
1683912028 106.33 13.85 0.78 78211.1
1683912038 112.66 19.72 0 87973.1
1683912048 62.34 14.04 0.78 55410.9
1683912058 110.03 14.53 0 82277.3
1683912068 61.63 23.68 15057.1 158310
1683912078 85.19 19.62 1.56 66658.2
1683912088 111.39 14 0 82399.2
1683912098 88.33 14.47 0.78 69346.7
1683912108 105.56 19.6 0.39 79631.5
1683912118 104.67 18.38 14549.7 159607
1683912128 66.54 14.02 3099.61 611886
1683912138 98.83 19.53 0 52026.1
1683912148 103.21 13.9 0.39 58949.7
1683912158 32.1 18.03 15013 119645
1683912168 102.04 17.79 0 50987.9
1683912178 103.12 14.12 0.78 51320.9
1683912188 102.15 19.27 0 53468.9
1683912198 5.15 17.75 14801.2 102700
1683912208 7.1 4.59 450.15 238.68

Execution duration: 00:22:50.50
