1683903069 101.87 10.1 137.77 45529.6
1683903079 102.44 0.94 16.81 45752.9
1683903089 102.83 13.84 2.34 45951.9
1683903099 36.72 18.03 14607.8 110074
1683903109 103.72 22.92 1.56 51083.9
1683903119 107.81 14.3 0 70290.6
1683903129 87.9 14.05 4.29 68954.1
1683903139 49.08 18.3 13988.3 136546
1683903149 99.32 18.14 79.22 116747
1683903159 91.41 19.23 2.34 52197.3
1683903169 101.84 13.86 0 52096
1683903179 96.49 14.34 3.51 53945.8
1683903189 97.46 18.1 15173 135663
1683903199 102.73 19.21 0.78 51716.4
1683903209 102.35 13.85 0 50389.1
1683903219 95.8 14.32 1.17 48601.6
1683903229 80.09 23.22 15083.2 130778
1683903239 108.78 19.35 0 69655.4
1683903249 94.73 13.98 2.34 70385.6
1683903259 110.24 14.53 0 81467.1
1683903269 24.94 18.26 15482.3 147686
1683903279 96.97 18.43 1.17 73613.7
1683903289 111.39 19.18 0 83346.6
1683903299 90.15 14.51 1.95 77292.5
1683903309 111.21 14.38 0 77902.5
1683903319 37.15 23.16 15639.6 333106
1683903329 88.24 17.77 1.55 52676.8
1683903339 102.34 14.11 0 52291.7
1683903349 96.32 13.86 0.77 53446.3
1683903359 106.12 14.52 0 70522.8
1683903369 96.2 23.41 15454.7 163788
1683903379 110.24 19.45 0 80638.1
1683903389 112.2 14.08 0 83525.5
1683903399 78.37 19.67 1.95 66952.4
1683903409 77.76 18.4 13863 151588
1683903419 100.89 14.39 0.78 82507.2
1683903429 94.44 14.13 1.56 242729
1683903439 101.67 19.39 0 53786.8
1683903449 30.09 23.15 15259.8 120384
1683903459 100.96 18.15 0 49548.1
1683903469 100.68 13.74 0 52247.3
1683903479 102.05 14.24 0 55837.7
1683903489 10.24 23.1 14926.7 113450
1683903499 102.64 18.13 0 51245.4
1683903509 102.34 13.73 0.78 52542.2
1683903519 101.66 19.35 0.78 51248
1683903529 101.77 13.98 0 49547.6
1683903539 101.16 18.29 15245.7 153474
1683903549 109.37 13.89 0 83643
1683903559 78.86 19.55 1.17 61811.7
1683903569 94.63 14.16 2.35 74027.8
1683903579 27.01 18.35 15564.8 150481
1683903589 92.79 23.22 2.73 78697.4
1683903599 111.13 14.41 0 83485.5
1683903609 108.89 14.23 0.78 83476.3
1683903619 86.97 19.82 0.78 72183.2
1683903629 61.78 18.52 14939.6 154294
1683903639 100.78 14.48 0 87367
1683903649 89.86 14.23 0.78 72273.6
1683903659 102.24 19.35 0 379193
1683903669 85.66 13.95 1.17 53054.1
1683903679 77.94 18.09 15282.4 132679
1683903689 101.57 18.81 0.78 50615.2
1683903699 95.61 14.17 0.78 49207.8
1683903709 102.64 13.92 0 52183.8
1683903719 81 18.09 14285.8 127209
1683903729 101.16 18.82 0 51088.6
1683903739 91.31 14.16 1.17 46019.5
1683903749 102.05 13.92 0 50522.7
1683903759 81.08 23.22 14029.3 124483
1683903769 102.25 13.69 0 50868.3
1683903779 103.32 14.18 0.39 52863.6
1683903789 2.43 22.51 0 28256.8
1683903799 99.52 18.11 14014.4 129368
1683903809 94.29 13.7 0.77 50578.3
1683903819 102.53 14.2 0 51914.8
1683903829 6.16 23.06 14243.8 109496
1683903839 107.24 18.3 0 69211.3
1683903849 97.49 13.9 0.39 76984.1
1683903859 108.8 14.45 0 78834.4
1683903869 100.77 19.33 0.39 75648
1683903879 60.81 18.32 14494.6 142613
1683903889 109.86 19.11 0 80307.6
1683903899 89.37 14.45 0.39 71906.7
1683903909 76.15 19.37 1.17 62736.7
1683903919 110.06 14.73 0 80863.1
1683903929 87.24 18.56 14438.3 158763
1683903939 79.32 14.5 0.78 68236.9
1683903949 111.41 19.4 0 83365.3
1683903959 98.63 14.79 1.17 82477.6
1683903969 14.73 18.5 15070.3 143206
1683903979 113.28 23.91 0 82435.5
1683903989 66.19 14.29 0.78 57483.8
1683903999 110.27 14.84 0 81447.9
1683904009 102.42 14.28 0 497743
1683904019 69.83 19.48 1.17 40403.9
1683904029 95.5 18.1 15550.3 136010
1683904039 98.54 14.07 1.17 52849.2
1683904049 102.54 13.83 0 51249.3
1683904059 2.53 22.88 14176.9 107252
1683904069 100.49 18.12 14176.6 128924
1683904079 102.14 14.09 0 52094.8
1683904089 95.91 19.07 1.56 47816.2
1683904099 30.4 23.17 13550.3 110980
1683904109 102.54 22.94 0.78 49847.8
1683904119 102.83 14.16 0 52127.1
1683904129 101.75 19.05 0.39 49631.6
1683904139 21.86 18.03 15017.8 124944
1683904149 102.13 17.8 0.78 51150.6
1683904159 102.15 14.15 0 50426.9
1683904169 102.34 19.05 0.78 51476.7
1683904179 10.52 23.23 15093.6 112249
1683904189 102.45 23.01 0 50729.4
1683904199 107.22 19.52 0.39 66637.7
1683904209 109.97 14.17 0 80909.1
1683904219 79.25 14.62 0.78 60881.5
1683904229 41.84 23.36 15398.2 147047
1683904239 110.82 18.37 0 82290.8
1683904249 73.56 19.05 0.78 64690.7
1683904259 86.33 19.52 1.17 70492.2
1683904269 111.03 14.15 0 84021.1
1683904279 42.02 23.38 15043.2 149887
1683904289 88.9 13.82 0.78 71050.8
1683904299 109.95 19.45 0 81424.4
1683904309 89.37 14.05 1.17 75634.3
1683904319 109.16 14.53 0 82105.6
1683904329 88.3 23.45 14549.7 157426
1683904339 60.62 14.23 0.39 53540
1683904349 110.43 13.98 0 81430.8
1683904359 105.07 19.61 0.39 81656.9
1683904369 63.48 14.19 1.17 56863.7
1683904379 64.79 18.31 15099.7 156835
1683904389 111.51 19.04 0 89324.5
1683904399 69.17 14.1 2.34 580819
1683904409 102.05 13.85 0 52895.3
1683904419 4.01 22.88 14695.4 116297
1683904429 7.51 17.74 577.78 421.05

Execution duration: 00:22:52.52
