1683891353 56.24 13.49 259711 383.88
1683891358 31.82 17.66 219104 378.79
1683891363 33.14 13.96 221877 390.03
1683891368 31.24 13.56 220258 380.95
1683891373 33.59 13.56 223522 391.55
1683891378 31.44 13.49 219104 380.3
1683891383 31.74 13.86 221157 387
1683891388 32.18 13.5 222358 383.14
1683891393 32.12 13.49 221223 383.94
1683891398 32.5 13.49 221125 382.41
1683891403 31.05 13.86 220234 387.05
1683891408 32.18 13.49 223608 384.67
1683891413 31.99 13.49 221573 383.14
1683891418 30.84 13.49 221573 390.8
1683891423 36.71 13.86 221101 57723.1
1683891428 51.34 13.58 221523 219080
1683891433 50.76 13.65 221564 219212
1683891438 54.6 13.77 222575 222380
1683891443 0.38 22.75 3.87714e+06 749075

Execution duration: 00:01:36.36
