1683873477 101.96 6.15 141.18 45732.6
1683873487 102.15 0.94 16.83 45496.3
1683873497 102.94 13.85 1.96 47095.5
1683873507 43.65 19.22 14636 111712
1683873517 103.13 13.63 1.57 51183.9
1683873527 104.27 14.27 0 59782.1
1683873537 91.99 14.04 3.13 67610.2
1683873547 56.01 19.47 13953.9 147370
1683873557 99.12 15.07 61.78 77384.2
1683873567 75.1 14.07 82.42 140758
1683873577 102.35 13.83 0 52319.7
1683873587 92.85 14.31 3.92 56949.8
1683873597 84.52 19.27 15202.7 132143
1683873607 102.34 14.05 0.78 53195.3
1683873617 102.15 13.81 0 51298.2
1683873627 103.24 15.5 0.78 51246.2
1683873637 71.64 18.06 15246.1 130222
1683873647 104.9 14.18 0 60200
1683873657 100.87 15.15 2.35 77589.4
1683873667 111.23 14.52 0 81444.8
1683873677 32.16 18.25 15527.7 149320
1683873687 102.81 18.38 0.78 76963.3
1683873697 107.41 15.23 0 79439.6
1683873707 102.84 14.52 0.78 83814.5
1683873717 110.96 14.33 0 81099
1683873727 42.14 18.06 15762.3 337175
1683873737 96.58 13.63 1.57 52964.9
1683873747 102.14 15.31 0 53312.2
1683873757 100.59 13.87 1.57 54989.6
1683873767 22.83 18.15 15364.3 127513
1683873777 107.72 19.13 0.78 82457.5
1683873787 111.34 15.53 0 81683.4
1683873797 93.45 15.27 0.39 71013.1
1683873807 83.49 14.55 1.95 68395.7
1683873817 94.24 18.41 13890.1 157737
1683873827 90.54 14.35 1.17 83979.3
1683873837 101.37 14.14 0.39 255006
1683873847 102.83 15.47 0.39 57188.7
1683873857 53.92 18.04 15288.8 126082
1683873867 102.64 14.01 0 50889.7
1683873877 91.38 14.95 1.55 47263.2
1683873887 102.75 14.25 0 56453.7
1683873897 34.05 18.01 14985.1 123297
1683873907 103.12 19.33 0 53221.9
1683873917 102.45 13.74 0.78 51213.7
1683873927 101.86 14.24 0 51236
1683873937 23.61 17.99 15305.4 121707
1683873947 104.21 19.51 0 57963.2
1683873957 110.87 13.92 0 83522.5
1683873967 81.16 14.38 1.56 68918.7
1683873977 110.47 14.2 0 82675.5
1683873987 62.72 19.49 15733.5 161477
1683873997 90.4 13.95 1.57 73985.9
1683874007 111.04 14.44 0 85445.6
1683874017 95.45 15.43 0.78 83819.2
1683874027 75.91 14.7 2.35 64866.6
1683874037 80.87 18.48 14968.8 159020
1683874047 104.59 14.49 0 87825.6
1683874057 88.17 15.42 1.55 70426.4
1683874067 110.56 14.79 0 81200
1683874077 84.38 14.33 1.17 389145
1683874087 98.43 19.29 15297.4 137930
1683874097 100.5 13.71 1.18 51594.9
1683874107 98.15 14.19 0 50358.9
1683874117 13.96 17.98 14313.3 112789
1683874127 108.93 19.63 0.78 55003.7
1683874137 102.04 14.08 0 58232
1683874147 93.94 14.2 1.17 49717.3
1683874157 24.93 18.01 14055.5 114614
1683874167 98.16 19.32 1.16 51940.7
1683874177 101.96 13.72 0 51027.8
1683874187 101.75 15.41 0.78 50237.7
1683874197 41.59 18.03 14069.3 115521
1683874207 101.47 13.99 0.39 50387.8
1683874217 101.56 14.94 0 52826.8
1683874227 102.85 14.25 0 51486.8
1683874237 50.5 18.03 14243.8 119177
1683874247 103.4 14.17 0 60562.3
1683874257 104.11 13.94 0.78 80335.4
1683874267 110.76 15.69 0 81485.8
1683874277 38.51 18.28 14494.6 142178
1683874287 98.35 14.23 0 77264.2
1683874297 111.31 14.06 0 82743.9
1683874307 78.69 15.7 1.95 68740.2
1683874317 96.88 15.5 0.39 74450.3
1683874327 82.67 18.49 14620.4 163272
1683874337 76.9 14.04 1.56 68373.4
1683874347 110.46 15.78 0.78 83907.7
1683874357 108.69 14.35 0.39 84499.7
1683874367 14.47 18.49 15085.8 139696
1683874377 111.92 18.31 0 82448.5
1683874387 84.34 14.66 0.39 68204.7
1683874397 95.14 15.6 0.39 77772
1683874407 110.66 16.16 0 83393.2
1683874417 64.45 14.33 1.56 503209
1683874427 85.5 18.09 15580.8 134286
1683874437 102.45 13.69 0 53163.2
1683874447 94.63 14.17 1.56 54446.9
1683874457 102.35 15.12 0 53614.1
1683874467 94.83 18.1 14190.8 127880
1683874477 101.86 13.69 0 49983.6
1683874487 96.09 15.47 1.17 49106.9
1683874497 22.88 19.19 13550.3 109510
1683874507 97.95 19.34 1.57 48972
1683874517 102.35 13.76 0 52195.5
1683874527 102.55 14.27 0 53573.4
1683874537 13.59 19.18 14745.7 112302
1683874547 106.74 18.34 372.99 57505.3
1683874557 102.13 15.31 370.13 57265.2
1683874567 102.15 14.3 0 52447.3
1683874577 95.4 15.26 1.57 47757.5
1683874587 94.53 19.41 15152.6 135413
1683874597 101.36 15.01 0.39 50220.2
1683874607 102.25 15.51 0 50312.8
1683874617 101.67 15.26 0 51294
1683874627 73.35 18.07 15383.2 131162
1683874637 101.15 13.67 0 49866.9
1683874647 95.01 14.15 0.39 50179.8
1683874657 102.95 15.12 0 51721.1
1683874667 53.96 19.41 15115.9 131198
1683874677 109.39 13.83 0 84195.5
1683874687 89.64 14.31 0.39 69207.8
1683874697 104.4 15.27 1.17 80505.1
1683874707 35.47 19.43 14592.4 149511
1683874717 72.4 17.94 1.56 63943.6
1683874727 106.95 14.27 0.39 83905.4
1683874737 111.73 15.24 0 89089.4
1683874747 71.48 14.48 1.55 61829.7
1683874757 38.2 18.24 15011.8 150807
1683874767 107.43 19.56 0 83736.2
1683874777 90.42 13.93 1.17 72159.9
1683874787 110.85 14.43 0 85261
1683874797 78.84 14.15 0.39 63679.2
1683874807 14.89 19.17 15068.7 122440
1683874817 11.07 17.96 266.8 32672.7

Execution duration: 00:22:28.28
