1683653666 282.37 2.74 5893.63 13443
1683653676 303.37 3.78 5778.18 23950.4
1683653686 301.09 4.63 5765.48 21844.8
1683653696 281.63 5 5250.05 19532.9
1683653706 305.06 6.1 5714.69 20613.1
1683653716 290.93 6.21 5225.24 24878.9
1683653726 304.07 7.15 5721.71 20448
1683653736 302.37 8.02 5754.06 21291.1
1683653746 309.7 8.83 5678.02 22239.2
1683653756 302.87 9.38 5672.41 19006.9
1683653766 282.98 10.4 5228.74 19842.1
1683653776 314.26 10.77 5601.98 27493.1
1683653786 300.1 11.46 5681.89 19619.3
1683653796 303.67 12.43 5647.09 19171.1
1683653806 308.22 13.09 5582.16 24457.1
1683653816 304.16 13.99 5640 21816.2
1683653826 300.1 14.99 5704.75 18350.2
1683653836 277.83 15.53 4931.63 24396.1
1683653846 300.99 16.17 5686.08 18599.4
1683653856 307.59 17.13 5617.75 19244.2
1683653866 292.09 17.66 5287.36 21949.8
1683653876 306.71 18.96 5693.49 22488
1683653886 307.49 19.53 5630.37 21179.9
1683653896 282.74 20.28 5050.1 23449.3
1683653906 294.98 20.74 5611.82 15282.4
1683653916 308.78 21.74 5541.62 23594.1
1683653926 303.45 22.3 5624.43 20889.1
1683653936 306.88 23.03 5656.69 20672
1683653946 270.34 23.78 4993.89 18754.7
1683653956 313.83 24.94 5555.38 25646.6
1683653966 280.32 24.95 5227.82 17955.7
1683653976 303.54 25.66 5530.71 20514.2
1683653986 301.47 26.79 5578.84 21449.2
1683653996 305.41 27.71 5480.31 22195.3
1683654006 276.58 28.13 5152.76 17200.8
1683654016 299.6 28.95 5471.27 21682.9
1683654026 298.53 29.7 5483.92 21923.5
1683654036 304.71 30.47 5546.67 22870.6
1683654046 305.31 31.14 5512.68 19912.3
1683654056 302.64 32.15 5623.48 21425.4
1683654066 301.18 32.65 5588.2 18889.7
1683654076 261.71 33.36 4749.61 20264.2
1683654086 303.92 34.08 5478.55 22187.3
1683654096 300.69 34.41 5585.91 18753.8
1683654106 310.48 35.4 5566.31 23690.1
1683654116 284.44 36.14 5310.37 18297.1
1683654126 302.55 37.17 5528.7 20261.7
1683654136 301.87 37.95 5467.72 24015.8
1683654146 272.4 38.5 4866.01 20530.1
1683654156 302.94 38.25 5621.96 17425.5
1683654166 305.56 38.58 5526.71 24054.6
1683654176 305.07 38.86 5565.76 21838.1
1683654186 285.61 38.62 5272.8 16296.3
1683654196 311.65 38.99 5510.76 25432.5
1683654206 300 38.73 5202.74 24993.9
1683654216 285.9 39.01 5528.99 15888.4
1683654226 305.37 38.7 5612.5 18280.9
1683654236 308.86 38.72 5546.25 21741.4
1683654246 294.14 38.94 5317.69 20202.5
1683654256 303.75 38.85 5435.27 24525.3
1683654266 306.46 39.15 5636.01 21145.2
1683654276 295.01 38.87 5280.55 21292.3
1683654286 302.65 39.13 5621.96 18112.1
1683654296 306.67 39.15 5584.31 22051.8
1683654306 308.73 38.88 5539.55 23406.1
1683654316 306.42 39.17 5572.79 21323.6
1683654326 268.2 38.85 4834.44 19541.7
1683654336 305.69 39.16 5559.61 21482
1683654346 307.41 38.85 5582.05 19676.1
1683654356 303.63 38.87 5628.99 24205.3
1683654366 304.12 39.14 5559.22 19147.1
1683654377 303.32 38.86 5576.61 23144.6
1683654386 306.57 39.15 5614.92 20489.5
1683654396 298.33 38.81 5208.23 24726.3
1683654406 304.31 38.87 5509.02 20691.8
1683654416 304.31 39.14 5760 21552.5
1683654427 300.88 38.86 5398.64 18458.7
1683654436 308.13 39.34 5491.09 23672.1
1683654446 305.89 39.05 5640.04 19877.9
1683654457 283.58 39.26 4879.77 24772.6
1683654467 298.63 39.05 5544.59 15255.8
1683654477 306.63 39 5482.15 22720.8
1683654487 306.26 39.33 5605.47 19666.5
1683654497 289.54 39.05 5134.88 23538.4
1683654507 303.51 39.33 5656.98 19920.4
1683654517 292.95 39.06 4901.86 26617.8
1683654526 298.52 39.33 5455.12 18753.2
1683654537 300.49 39.33 5637.5 20043.4
1683654547 307.1 39.03 5559.18 18783.3
1683654557 304.99 39.33 5405.28 24515.7
1683654567 277.59 39.05 5185.13 17313.5
1683654577 308.23 39.35 5483.92 25185.5
1683654587 291.97 39.35 5328.11 17711.6
1683654597 305.57 39.04 5580.45 20402.3
1683654607 305 39.27 5541.23 21169.8
1683654617 306.75 39.33 5530.4 21412.3
1683654627 311.54 39.03 5537.15 23911.2
1683654637 289.48 39.34 5239.77 19546.6
1683654647 296.85 39.07 5354.33 22006.7
1683654657 299.52 39.33 5540.48 18085
1683654667 313.91 39.06 5440.94 27677.2
1683654677 303.33 39.05 5598.43 17789.8
1683654687 306.17 39.38 5528.7 21466
1683654697 304.88 39.08 5575 20112.9
1683654707 305 39.36 5270.98 24355.3
1683654717 304.7 39.36 5480.35 21019.8
1683654727 307.04 39.06 5555.43 20351.9
1683654737 281.8 39.37 5175.73 16988.3
1683654747 307.2 39.36 5604.28 22239.7
1683654757 305.66 39.34 5513.28 20520.7
1683654767 303.23 39.34 5351.08 25027
1683654777 305.48 39.09 5517.89 20926.7
1683654787 302.25 39.09 5655.91 18396.5
1683654797 303.23 39.31 5566.7 19529.1
1683654807 308.83 39.04 5521.96 22965.9
1683654817 302.74 39.36 5561.25 21226.2
1683654827 297.95 39.1 4955.62 25286.8
1683654837 298.63 39.08 5673.97 16225.4
1683654847 305.86 39.36 5557.46 21543
1683654857 302.55 39.05 5591.77 18813.7
1683654867 298.94 39.35 5454.09 19853.3
1683654877 305.19 39.09 5491.48 22397.7
1683654887 310.88 39.32 5484.31 25046.7
1683654897 287.11 39.09 5176.17 17490.2
1683654907 303.52 39.1 5525.39 20783.2
1683654917 307.98 39.36 5528.79 20733.1
1683654927 297.94 39.09 5358.82 22011.8
1683654937 283.31 39.53 5055.01 22646.8
1683654947 301.77 39.52 5622.35 17861.6
1683654957 291.31 39.52 5059.24 24584.2
1683654967 300.87 39.27 5641.94 16497.5
1683654977 303.91 39.25 5580.84 20194.3
1683654987 312.61 39.26 5430.69 27014.7
1683654997 270.01 39.49 5158.04 17314.1
1683655007 303.33 39.25 5555.82 20465.7
1683655017 311.8 39.2 5548.1 24003.9
1683655027 303.23 39.55 5673.97 18324.8
1683655037 304.52 39.5 5509.41 21119.2
1683655047 304.4 39.26 5498.63 20467.3
1683655057 309.02 39.23 5534.51 21032.1
1683655067 278.91 39.55 4987.89 20112.5
1683655077 312.91 39.54 5392.95 26257.9
1683655087 298.15 39.26 5612.89 14934.8
1683655097 309.02 39.57 5496.86 22761.2
1683655107 301.66 39.27 5530.79 19894
1683655117 304.11 39.33 5493.25 24289.7
1683655127 301.67 39.62 5629.38 17625.9
1683655137 34.27 38.99 787587 11134.6

Execution duration: 00:24:32.32
