1683617954 310.57 1.74 1839.85 4984.06
1683617964 312.02 2.27 1430.78 10226.8
1683617974 311.03 2.7 1450.25 9163.85
1683617984 314.28 3.08 1420.81 9511.6
1683617994 308.9 3.41 1366.57 15245.9
1683618004 311.03 3.54 1449.06 6046.47
1683618014 313.04 3.69 1417 11407.1
1683618024 313.14 4.27 1467.19 8779.84
1683618034 313.19 4.45 1422.62 10637.3
1683618044 187.41 5.2 15296.3 9532.21
1683618054 306.94 5.34 1372.85 14155.4
1683618064 310.63 5.6 1424.82 6187.88
1683618074 314.46 5.88 1420.81 11264.6
1683618084 312.19 5.81 1471.96 7703.47
1683618094 312.85 6.43 1443.32 6725.22
1683618104 315.26 6.84 1446.58 11362.5
1683618114 311.51 7.11 1408.25 12579.2
1683618124 314.16 7.51 1445.54 11522
1683618134 311.66 7.61 1441.9 9830.04
1683618144 186.1 8.11 14759.8 7377.51
1683618154 312.08 8.51 1394.06 9167.13
1683618164 311.28 8.82 1418 9320.28
1683618174 315.92 9.12 1418.4 11237.6
1683618184 315.13 9.4 1418.4 12665.5
1683618194 312.15 9.54 1417 7042.69
1683618204 312.56 9.65 1418 10089.8
1683618214 312.75 10.29 1417 9050.99
1683618224 313.04 10.73 1416.6 9837.15
1683618234 311.67 10.79 1451.63 10199.4
1683618244 316.4 11.06 1391.7 13913.8
1683618254 196.24 11.6 16096.8 8268.78
1683618264 312.26 11.97 1391.7 9753.75
1683618274 309.85 12.32 1437.64 9462.86
1683618284 311.84 12.76 1388.95 9487.18
1683618294 311.93 12.83 1413.81 9191.32
1683618304 315.19 13.27 1363.7 13375.5
1683618314 309.04 13.03 1434.81 5959.88
1683618324 313.44 13.87 1391.3 10757.3
1683618334 311.75 14.03 1415.59 9861.01
1683618344 312.4 14.36 1385.83 10235.4
1683618354 310.96 14.89 1415.59 9802.57
1683618364 189.64 15.17 16053.7 13017.2
1683618374 311.35 15.23 1415.2 5987.36
1683618384 310.12 15.45 1383.1 7852.65
1683618394 313.51 15.68 1388.56 12418.5
1683618404 313.32 16.3 1388.56 7181.85
1683618414 314.51 16.74 1405.49 12040
1683618424 315.84 16.82 1386.62 13511
1683618434 309.06 17.17 1425.02 5774.58
1683618444 311.72 17.52 1411.41 9359.84
1683618454 314.36 17.84 1411.02 8437.01
1683618464 312.37 18.01 1408.64 11249.5
1683618474 129.72 18.69 15911.4 7905.49
1683618484 316.42 19.06 1384.85 16172.3
1683618494 313.06 18.97 1433.4 6626.72
1683618504 310.76 19.38 1427.79 8018.4
1683618514 314.47 20.03 1411.41 12129.9
1683618524 314.85 20.27 1434.81 8536.87
1683618534 313.24 20.72 1430.98 9418.43
1683618544 317.41 20.7 1384.85 15157.1
1683618554 308.45 21.12 1433.79 5732.81
1683618564 312.87 21.35 1433.4 8515.13
1683618574 311.57 21.45 1430.98 10923.1
1683618584 313.02 22.35 1404.11 11323.8
1683618594 269.6 22.51 17007.8 7343.14
1683618604 315.45 22.76 1361.02 14923.6
1683618614 307.69 23.03 1395.33 6530.74
1683618624 312.39 23.07 1410.03 8288.3
1683618634 309.74 23.76 1383.1 10704.1
1683618644 311.66 24.06 1429.58 9361.02
1683618654 311.97 24.46 1406.87 9066.54
1683618664 310.41 24.83 1407.26 9859.47
1683618674 314.53 24.94 1382.14 12190.8
1683618684 308.71 24.9 1403.13 8811.74
1683618694 311.69 25.56 1408.64 8508.84
1683618704 217.67 26.01 16384.3 11172.5
1683618714 312.69 26.27 1384.85 8097.54
1683618724 312.69 26.85 1384.46 11488.3
1683618734 314.43 26.59 1357.41 11901.9
1683618744 310.56 27.02 1401.37 7443.6
1683618754 311.85 27.39 1404.5 9488.74
1683618764 311.48 27.8 1381.75 10315.6
1683618774 314.3 28.3 1379.04 10490.5
1683618784 313.15 28.29 1407.26 8498.53
1683618794 311.85 28.64 1353.97 12125.4
1683618804 174.26 29.24 14530.3 8335.81
1683618814 309.91 29.48 1405.49 7754.9
1683618824 312.95 29.94 1382.14 12147.2
1683618834 310.11 30.33 1381.75 8676.74
1683618844 310.58 30.67 1404.5 9252.5
1683618854 315.29 30.95 1355.68 13398
1683618864 310.48 30.95 1429.19 6368.27
1683618874 311.14 31.26 1425.39 10305.1
1683618884 315.43 31.59 1425 7763.67
1683618894 311.32 32.04 1425.39 10400.4
1683618904 313.6 32.3 1377.69 12834
1683618915 163.83 32.88 15728.7 11047.9
1683618924 310.57 33.16 1402.74 7409.78
1683618934 312.03 33.34 1401.76 8792.57
1683618944 312.22 33.76 1401.37 8617.4
1683618954 311.56 33.89 1379.04 10601.4
1683618964 312.44 34.6 1379.43 9543.19
1683618975 312.98 35.02 1350 14358.6
1683618984 310.6 35.1 1430.98 5430.98
1683618995 309.53 35.43 1393.2 9948.3
1683619005 310.53 35.88 1372.71 9883.04
1683619015 312.26 35.98 1394.55 10194.9
1683619025 169.96 36.58 15560.1 9102.15
1683619035 316.14 37.11 1351.32 14416.4
1683619045 309.33 37.28 1418.08 7623.71
1683619055 310.96 37.51 1403.13 8046.97
1683619065 309.07 37.56 1372.32 9230.41
1683619075 316.03 38.14 1401.76 11641.5
1683619085 311.92 38.14 1426.39 7930.79
1683619095 318.23 37.87 1373.1 15225.7
1683619105 310.07 38.14 1426.39 6026.98
1683619115 310.53 37.89 1422.22 7915.4
1683619125 311.23 38.4 1400 12361.3
1683619135 141.35 38.4 15675.5 7002.15
1683619145 312.4 38.4 1349.07 12085.5
1683619155 308.56 38.39 1369.65 10468.1
1683619165 310.54 38.4 1373.49 9140.74
1683619175 312.39 38.12 1398.63 9008.78
1683619185 311.62 38.4 1399.02 9391.22
1683619195 314.25 38.4 1400 11185.2
1683619205 310.54 38.13 1397.27 10538
1683619215 311.51 38.4 1422.22 6819.88
1683619225 311.79 38.13 1395.91 12385.2
1683619235 313.15 38.13 1396.3 8012.85
1683619245 312.11 38.4 1400 10489.8
1683619255 256.73 38.4 16768.8 8861.99
1683619265 311.13 38.4 1400 8723.05
1683619275 310.51 38.4 1396.3 8407.4
1683619285 313.44 38.12 1346.45 14119.6
1683619295 311.78 38.39 1395.91 7697.76
1683619305 309.53 38.4 1393.59 7782.7
1683619315 316.33 38.39 1376.34 13614.9
1683619325 309.18 38.39 1424 7795.12
1683619335 313.55 38.13 1389.15 10370.5
1683619345 313.93 38.4 1396.3 11904.2
1683619355 309.88 38.4 1426.39 6493.45
1683619365 266.12 38.39 16093.8 10887.9
1683619375 308.88 38.4 1398.63 8740.68
1683619385 314.08 38.41 1401.37 11541.7
1683619395 311.65 38.12 1366.05 10164.5
1683619405 313.43 38.4 1336.04 13126.6
1683619415 310.72 38.4 1396.3 8128.14
1683619425 308.75 38.13 1394.94 7635.02
1683619435 313.97 38.39 1400.39 8805.86
1683619445 315.36 38.12 1377.69 13091.2
1683619455 316.29 38.13 1390.49 10053.9
1683619465 316.21 38.4 1325.78 14276.2
1683619475 209.28 38.39 16091.7 6094.83
1683619485 313.6 38.13 1403.13 9521.72
1683619495 312.81 38.4 1376.34 10375.4
1683619505 311.83 38.4 1376.73 9782.6
1683619515 314.2 38.13 1394.55 11407
1683619525 313.62 38.39 1394.94 12103.5
1683619535 309.87 38.13 1425 6273.83
1683619545 309.85 38.39 1397.27 9704.09
1683619555 311.61 38.13 1424 9106.73
1683619565 314.73 38.13 1373.66 12257.2
1683619575 105.54 38.4 14404.3 7345.24
1683619585 315.38 38.4 1321.91 15631.2
1683619595 311.45 38.13 1403.13 5886.11
1683619605 312.99 38.41 1400 9957.81
1683619615 313.79 38.13 1358.15 9576.86
1683619625 312.03 38.4 1376.73 10708.5
1683619635 312.11 38.4 1375 10525.8
1683619645 315.78 38.14 1371.37 11541.6
1683619655 314.7 38.4 1396.3 9923.27
1683619665 314.36 38.4 1400.39 9501.56
1683619675 309.66 38.13 1398.63 8287.22
1683619685 250.79 38.4 15092.2 9300
1683619695 315.54 38.13 1375 11145.3
1683619705 311.24 38.4 1401.37 10103.6
1683619715 316.02 38.13 1351.71 11471.4
1683619725 311.23 38.4 1400 7319.53
1683619735 312.76 38.41 1395.91 10779.8
1683619745 314.24 38.13 1363.02 10625.4
1683619755 311.52 38.4 1400.39 9191.8
1683619765 314.16 38.4 1375 10173.4
1683619775 313.86 38.13 1374.05 11780.3
1683619785 173.86 38.4 14627.5 8040.59
1683619795 312.51 38.13 1376.34 10791.4
1683619805 308.27 38.4 1370.04 8174.71
1683619815 310.05 38.4 1373.66 9465.37
1683619825 313.2 38.4 1351.71 9232.06
1683619835 312.16 38.4 1345.14 12251
1683619845 306.14 38.38 1372.71 6930.6
1683619855 310.23 38.13 1372.32 10836.3
1683619865 314.48 38.41 1376.34 9121.8
1683619875 306.98 38.39 1370.93 7831.36
1683619885 307.89 38.13 1344.75 9789.11
1683619895 246.93 38.4 15228.1 13521.9
1683619905 309.48 38.4 1425 6732.03
1683619915 309.67 38.4 1375.39 10102.7
1683619925 313.06 38.14 1347.37 12662.8
1683619935 308.68 38.4 1422.22 6371.93
1683619945 310.63 38.4 1399.02 9734.24
1683619955 315.07 38.4 1377.69 13459.5
1683619965 311.1 38.41 1396.3 9550.54
1683619975 310.61 38.13 1407.14 7669.05
1683619985 310.23 38.4 1421.23 8433.5
1683619995 109.08 38.39 14630.1 12103.9
1683620005 308.8 38.41 1426.78 6665.88
1683620015 315.23 38.4 1350 15178.1
1683620025 307.51 38.4 1398.63 6014.05
1683620035 312.81 38.4 1401.76 11701.7
1683620045 312.94 38.4 1394.55 9410.51
1683620055 310.55 38.4 1425.39 8567.19
1683620065 314.27 38.13 1401.37 12017.6
1683620075 314.32 38.4 1370.98 13854.7
1683620085 308.74 38.4 1416.7 5842.72
1683620095 308.01 38.13 1426.39 7893.26
1683620105 180.84 38.4 15181.6 12425.4
1683620115 300.1 38.4 1321.13 6578.77
1683620125 313.64 38.4 1396.3 10037.4
1683620135 316.47 38.39 1347.37 10528.6
1683620145 313.39 38.13 1366.82 11663.6
1683620155 311.7 38.4 1422.22 8085.77
1683620165 313.47 38.4 1400.39 9827.34
1683620175 310.6 38.4 1369.65 10672.4
1683620185 310.83 38.4 1422.22 9640.55
1683620195 311.01 38.13 1422.61 8768.42
1683620205 316.36 38.13 1395.91 12362.2
1683620215 149.47 38.4 15445.3 8021.77
1683620225 312.73 38.39 1393.2 9984.84
1683620235 310.14 38.12 1399.02 9344.39
1683620245 313.59 38.41 1376.34 12104
1683620255 310.84 38.41 1400.39 9985.94
1683620265 313.03 38.41 1358.15 10486.8
1683620275 308.39 38.41 1423.61 6134.24
1683620285 311.81 38.14 1374.05 11496.6
1683620295 312.31 38.41 1400 10278.5
1683620305 311.12 38.4 1399.02 8161.17
1683620315 310.59 38.14 1369.65 11931.1
1683620325 310.63 38.41 1347.76 10438.6
1683620335 276.33 38.4 16671.2 6483.03
1683620345 310.61 38.41 1369.65 11649.4
1683620355 309.76 38.41 1347.76 10700.2
1683620365 311.43 38.41 1375 9628.12
1683620375 312.73 38.41 1370.04 9056.03
1683620385 315.11 38.4 1322.81 13495.9
1683620395 307.4 38.39 1396.3 6260.18
1683620405 311.38 38.41 1393.2 10899.9
1683620415 315.4 38.4 1397.66 11353.2
1683620425 310.36 38.13 1426.39 7206.65
1683620435 172.16 38.4 14708.5 8860.76
1683620445 314.26 38.13 1325.39 13689.5
1683620455 308.2 38.13 1423.61 6351.61
1683620465 308.84 38.41 1368.71 8828.77
1683620475 309.81 38.14 1366.99 9886.21
1683620485 309.55 38.41 1372.71 10282.3
1683620495 311.14 38.41 1400 9819.53
1683620506 314.88 38.41 1344.75 13266.9
1683620515 311.04 38.41 1425.39 6410.16
1683620526 310.33 38.14 1422.22 7959.06
1683620535 180.15 38.4 14176.3 10134.5
1683620545 311.8 38.14 1373.66 9293.66
1683620556 311.22 38.41 1399.02 9562.15
1683620566 318.81 38.41 1347.76 15557.1
1683620576 309.57 38.14 1385.89 6261.64
1683620586 311.09 38.41 1369.65 8915.95
1683620596 312.59 38.47 1398.63 9943.8
1683620606 308.49 38.2 1400.39 7787.89
1683620616 308.68 38.48 1397.27 11102.1
1683620626 314.24 38.48 1372.71 13045.6
1683620636 312.3 38.48 1400.39 8570.7
1683620646 196.79 38.47 15516.2 11176.6
1683620656 307.18 38.21 1390.49 6644.03
1683620666 314.62 38.48 1372.32 10678.4
1683620676 309.65 38.48 1384.8 8415.98
1683620686 312.41 38.48 1376.34 10941.5
1683620696 310.4 38.48 1343.69 10697.1
1683620706 311.38 38.48 1393.2 7594.17
1683620716 311.4 38.48 1397.66 9377
1683620726 311.61 38.49 1398.63 8925.27
1683620736 312.88 38.21 1399.02 11670.6
1683620746 309.42 38.21 1391.84 6744.08
1683620756 164.97 38.48 15689 13797.8
1683620766 308.09 38.48 1421.23 6520.74
1683620776 310.91 38.48 1369.65 11308.2
1683620786 310.94 38.48 1400.39 8748.44
1683620796 310.54 38.48 1348.68 11910.6
1683620806 308.85 38.48 1393.2 8643.73
1683620816 312.78 38.48 1348.68 11269.9
1683620826 305.23 38.2 1413.95 5658.91
1683620836 310.52 38.48 1395.91 9152.87
1683620846 313.17 38.48 1398.63 10684.9
1683620856 311.4 38.22 1396.3 9614.41
1683620866 105.82 38.48 15515.4 11351.7
1683620876 312.17 38.48 1345.14 12675.9
1683620886 309.18 38.21 1400 6178.12
1683620896 310.33 38.48 1396.3 9032.52
1683620906 312.67 38.21 1372.32 10103.3
1683620916 311.02 38.47 1397.66 9020.66
1683620926 312.39 38.48 1424 9444.29
1683620936 314.89 38.48 1371.76 14488.4
1683620946 308.87 38.48 1422.61 6286.94
1683620956 312.78 38.21 1398.63 9762.34
1683620966 310.64 38.48 1399.02 8160
1683620976 310.94 38.19 1351.17 10779.3
1683620986 303.52 38.49 16460.5 9524.68
1683620996 314.2 38.21 1345.14 15258.8
1683621006 306.98 38.48 1389.15 5983.33
1683621016 312.7 38.48 1375.39 9719.14
1683621026 311.22 38.48 1411.22 8706
1683621036 311.79 38.48 1397.66 10180.9
1683621046 313.45 38.21 1397.27 11478.8
1683621056 309.95 38.48 1385.51 8001.93
1683621066 316.75 38.48 1371.37 12691.7
1683621076 310.03 38.48 1422.61 7462.77
1683621086 150.49 38.48 15028.1 10010.9
1683621096 308.35 38.46 1368.32 10094.5
1683621106 311.6 38.21 1372.71 9863.55
1683621116 311.34 38.49 1400 8281.64
1683621126 315.34 38.21 1342.92 12187.6
1683621136 309.85 38.47 1422.22 7577.78
1683621146 310.84 38.48 1375.39 9912.11
1683621156 309.74 38.48 1395.91 9351.51
1683621166 312.81 38.48 1391.84 9830.68
1683621176 311.61 38.21 1374.05 10637.3
1683621186 311.95 38.21 1343.44 10885.9
1683621196 111.5 38.49 15309.9 6977.39
1683621206 310.3 38.48 1393.2 8562.49
1683621216 315.39 38.52 1371.37 12525.4
1683621226 309.25 38.52 1395.91 8898.93
1683621236 311.11 38.52 1372.71 10099.8
1683621246 316.38 38.53 1372.32 11842.9
1683621256 311.8 38.53 1447.17 6214.81
1683621266 312.6 38.53 1389.54 9337.98
1683621276 313.62 38.53 1369.65 12687.9
1683621286 310.71 38.26 1421.23 7467.96
1683621296 312.29 38.52 1397.27 11120.9
1683621306 182.94 38.53 14713 10553.4
1683621316 292.88 38.53 334.38 363.67
1683621326 197.95 38.44 221.05 163.74

Execution duration: 00:56:19.19
