1683635946 281.77 2.76 5837.85 13289.6
1683635956 304.67 3.6 5687.88 23248.9
1683635966 301.79 4.23 5663.89 21980.2
1683635976 283.66 5.27 5323.17 19471.3
1683635986 301.88 5.91 5614.66 21283.2
1683635996 302.38 6.15 5670.17 22532
1683636006 301.09 7.22 5689.29 20404.4
1683636016 302.38 8.13 5645.59 20631.1
1683636026 302.67 8.83 5603.56 22524.9
1683636036 306.82 9.46 5545.8 23196
1683636046 287.07 10.21 5347.68 17758.7
1683636056 303.77 10.93 5443.01 26137.6
1683636066 305.24 11.97 5614.66 22692.7
1683636076 299.9 12.58 5723.05 20155.9
1683636086 293.67 13.38 5266.86 20093.4
1683636096 297.94 14.24 5609.8 18636.5
1683636106 304.54 14.8 5641.51 23318.2
1683636116 274.04 15.58 4902.67 21787.6
1683636126 301.97 15.95 5565.62 20998.8
1683636136 306.32 17.2 5661.2 20966.2
1683636146 301.77 17.52 5631.89 19544.1
1683636156 275.12 18.36 5067.32 19804.9
1683636166 304.14 19.47 5648.56 22103.5
1683636176 294.38 20.13 5294.76 22897.1
1683636186 301.87 20.45 5675.27 18925.7
1683636196 303.74 21.64 5523.94 22706.6
1683636206 306.61 22.24 5623.29 21831.8
1683636216 298.62 22.98 5700.49 20318.8
1683636226 274.28 24.01 4943.84 19001.8
1683636236 303.25 24.49 5386.19 24708.5
1683636246 297.83 24.93 5656.02 17573.2
1683636256 300.39 25.99 5523.94 20735.4
1683636266 300.49 26.51 5483.92 20651.8
1683636276 299.61 27.37 5369.35 20595.7
1683636286 296.67 28.51 5394.5 21208.2
1683636296 309.05 28.99 5500.89 27347.9
1683636306 294.12 29.46 5502.65 15068.9
1683636316 299.11 30.28 5514.82 22690.5
1683636326 306.48 31.26 5426.89 20362.7
1683636336 300 31.82 5505.51 20025.6
1683636346 305.2 32.69 5552.5 21980.4
1683636356 286.08 33.8 5258.43 18786.3
1683636366 289.46 33.74 5183.44 23081.8
1683636376 303.53 34.83 5598.82 21167.9
1683636386 306.95 35.49 5548.73 19778.9
1683636396 301.08 36.19 5383.92 22605.1
1683636406 299.13 37.19 5523.68 20886.5
1683636416 303.04 37.77 5511.15 19717.8
1683636426 271.92 38.44 4809.78 21700.6
1683636436 299.8 38.45 5475.39 20125.4
1683636446 302.45 38.69 5634.51 19687.1
1683636456 301.57 38.97 5475 21785.2
1683636466 307.32 38.72 5425 23670.7
1683636476 304.29 38.99 5533.79 21296.6
1683636486 287.77 38.74 5135.03 19743.6
1683636496 306.15 38.77 5594.54 21060.7
1683636506 304.21 39.04 5679.14 18041.5
1683636516 299.91 38.78 5496.47 23267.8
1683636526 278.08 38.77 5072.41 18416.4
1683636536 307.15 39.07 5491.09 24178.6
1683636546 291.7 38.79 5226.17 21231.2
1683636556 299.22 38.8 5641.53 18523.4
1683636566 306.93 39.06 5432.2 23484.9
1683636577 298.75 38.81 5549.13 20706.8
1683636586 304.02 39.09 5541.23 18749.5
1683636596 292.57 38.82 5247.75 22533.8
1683636606 284.63 38.78 5095.17 22695.2
1683636616 301.27 39.07 5567.94 16479
1683636626 301.86 38.86 5584.31 21559.6
1683636636 307.55 38.85 5521.57 21451.8
1683636646 302.83 39.12 5605.47 21722.8
1683636657 307.64 38.84 5464.47 23324.3
1683636667 305.52 39.16 5409.67 22562.9
1683636676 261.25 38.87 4922.11 15459.9
1683636687 306.74 39.15 5430.3 21077.2
1683636697 300.97 38.9 5473.28 18990.1
1683636707 295.52 39.19 5352.05 21719.3
1683636717 301.07 39.19 5510.42 22757.5
1683636727 303.54 38.9 5439.06 19222
1683636737 294.36 39.14 5055.25 26066.1
1683636747 302.15 38.92 5585.91 16797.3
1683636757 306.8 38.86 5542.52 20502.5
1683636767 308.04 39.14 5491.09 24509.3
1683636777 301.27 38.91 5503.62 21107.9
1683636787 272.71 38.89 5040.16 17832.8
1683636797 292.65 38.86 5140.06 23423.7
1683636807 302.55 39.15 5628.99 17046.8
1683636817 302.16 39.2 5498.24 22522.9
1683636827 306.27 38.89 5578.84 20284.8
1683636837 309.41 39.13 5621.96 21243.5
1683636847 272.31 38.91 4671.62 22869.3
1683636857 302.17 38.96 5379.53 23324.4
1683636867 298.43 38.97 5604.31 17303
1683636877 301.76 39.24 5470.05 20423.8
1683636887 306.07 39.3 5529.09 24152.8
1683636897 297.36 39.29 5597.25 15406.3
1683636907 304.1 39 5468.23 23254.7
1683636917 304.61 39.02 5308.63 25955.3
1683636927 300.4 38.99 5566.7 17252.1
1683636937 305.7 39.23 5539.94 20322.7
1683636947 305.87 39 5473.58 22256.4
1683636957 309.08 39.22 5432.59 22217.4
1683636967 304.29 39.01 5582.44 19729.6
1683636977 280.53 39.02 4960.08 20367.1
1683636987 291.15 39.27 5412.39 17513.5
1683636997 304.2 39.01 5418.18 20983.8
1683637007 306.91 39.29 5409.54 23428.2
1683637017 284.3 38.99 5295.22 17811.1
1683637027 303.03 39.22 5409.95 21064.2
1683637037 305.85 39.28 5457.56 21296.8
1683637047 275.93 39.17 4747.55 22479.1
1683637057 299.31 39.17 5561.25 16203.9
1683637067 297.27 39.44 5237.89 23819.9
1683637077 300.1 39.18 5575.39 17546.1
1683637087 307.84 39.19 5504.01 22676.2
1683637097 309.3 39.4 5529.09 22332.6
1683637107 294.12 39.18 5128.3 22658.2
1683637117 303.33 39.45 5616.84 17612.5
1683637127 305.1 39.2 5559.61 19798.8
1683637137 282.68 39.18 4930.74 23468.9
1683637147 300.78 39.46 5603.5 18475.9
1683637157 304.87 39.21 5532.49 21097.8
1683637167 291.48 39.47 5070.2 24394.9
1683637177 303.23 39.48 5480.74 19027.2
1683637187 309.19 39.47 5480.74 23392.4
1683637197 291.59 39.46 5397.68 16824
1683637207 310.74 39.19 5362.89 24096.5
1683637217 304.3 39.47 5457.56 19103.6
1683637227 291.88 39.19 5023.88 23110.8
1683637237 301.08 39.45 5412.39 18343.8
1683637247 304.3 39.19 5543.3 19625.4
1683637257 307.87 39.14 5423.91 24779
1683637267 288.66 39.2 5230.5 18853.2
1683637277 303.82 39.43 5579.23 23572.2
1683637287 307.08 39.43 5494.96 20149.6
1683637297 278.55 39.19 4914.4 21104
1683637307 304.01 39.46 5520 18976
1683637317 306.53 39.17 5502.14 23974.7
1683637327 283.36 39.15 5210.18 17694.7
1683637337 305.28 39.47 5543.3 23842.8
1683637347 308.72 39.19 5541.62 19780.6
1683637357 277.11 39.46 4891.98 22948.4
1683637367 302.65 39.46 5584.7 18037.2
1683637377 304.99 39.2 5493.25 19431.5
1683637387 290.52 39.19 5192.96 22242.4
1683637397 304.99 39.45 5542.91 20833.2
1683637407 302.54 39.18 5566.7 20076.4
1683637417 289.07 39.45 5000.97 25610.9
1683637427 38.57 38.83 789839 4844.14

Execution duration: 00:24:43.43
