1683624757 307.95 1.76 1621.09 5013.33
1683624767 312.08 2.26 1421.21 10243.8
1683624777 314.07 2.67 1447.37 9719.72
1683624787 312.29 3.15 1444.75 10552.9
1683624797 310.51 3.4 1440.47 14326.2
1683624807 309.61 3.21 1496.93 5640.83
1683624817 314.36 3.72 1446.58 12679.9
1683624827 311.2 4.25 1471.56 7768.48
1683624837 308.61 4.57 1445.15 6494.26
1683624847 210.11 4.98 15454.5 12276.7
1683624857 313.08 5.1 1395.64 15891.5
1683624867 310.8 5.47 1470.5 5723.96
1683624877 311.73 5.92 1388.56 11341.6
1683624887 311 6.11 1470.5 7196.83
1683624897 312.65 6.63 1416.6 12021.3
1683624907 309.99 6.8 1417 10095.3
1683624917 313.76 7.29 1419.41 10689.1
1683624927 313.34 7.15 1442.69 10151
1683624937 307.3 7.58 1437.64 8325.52
1683624947 212.26 7.98 14955.5 9567.17
1683624957 310.74 8.11 1412.41 9184.24
1683624967 313.05 8.76 1392.68 10266.7
1683624977 312.97 9.15 1419.81 10175
1683624987 315.53 9.45 1392.68 12959.5
1683624997 311.97 9.69 1443.72 8555.49
1683625007 313.24 9.94 1416.6 11293.3
1683625017 312.35 10.49 1441.9 8405.93
1683625027 313.01 10.58 1437.64 9661.87
1683625037 311.64 11.21 1447.18 10080.5
1683625047 309.95 11.4 1387.19 12513.1
1683625057 226.12 11.57 16315.3 6025.33
1683625067 313.39 11.85 1385.83 12920.5
1683625077 308.77 12.32 1439.05 7354.64
1683625087 312.56 12.81 1417 9481.42
1683625097 314.09 13.17 1412.41 11680.8
1683625107 313.22 13.48 1414.6 11989.4
1683625117 309.74 13.5 1436.22 8187.4
1683625127 310.04 14.15 1436.61 9974.02
1683625137 310.36 14.48 1440.47 9342.94
1683625147 312.64 14.83 1430.59 8679.22
1683625157 308.87 15.27 1414.2 10195.7
1683625167 240.43 15.51 16340 12832.7
1683625177 310.84 15.37 1412.8 6536.75
1683625187 314.66 16.08 1411.02 10696.5
1683625197 316.06 16.42 1412.41 10228.6
1683625207 313.88 16.57 1385.83 10001.2
1683625217 315.75 17.19 1436.61 9368.9
1683625227 315.77 17.47 1387.98 12996.6
1683625237 312.79 17.53 1460.37 5746.31
1683625247 311.81 17.89 1409.64 9237.36
1683625257 315.55 18.4 1411.02 11654.3
1683625267 313.58 18.5 1436.61 9662.2
1683625277 181.2 19.08 16314.2 9315.35
1683625287 312.6 19.48 1386.62 13379.1
1683625297 309.73 19.64 1434.81 5889.48
1683625307 312.76 20.09 1407.26 11103
1683625317 311.03 20.33 1437.64 7921.97
1683625327 310.91 20.69 1384.85 10438.9
1683625337 314.86 21.11 1436.22 8220.87
1683625347 311.45 21.17 1378.47 16189
1683625357 311 21.56 1458.55 5991.36
1683625367 309.35 21.8 1409.64 8274.14
1683625377 315.27 22.04 1438.03 10621.1
1683625387 107.38 22.61 16026 9397.44
1683625397 312.66 23.09 1407.26 11100.7
1683625407 313.85 23.25 1358.35 14447.5
1683625417 308.05 23.35 1433.4 5866.01
1683625427 310.59 23.94 1405.88 8492.16
1683625437 310.02 24.31 1408.25 9108.45
1683625447 313.6 24.43 1378.08 9931.12
1683625457 312.09 25.2 1408.25 9692.34
1683625467 312.06 25.42 1405.88 12083.5
1683625477 307.36 25.55 1382.14 11054.4
1683625487 315.03 25.87 1433.79 10425.9
1683625497 312.55 25.92 1430.59 8345.49
1683625507 277.32 26.5 16778 8109.23
1683625517 313.26 26.76 1381.75 11334.2
1683625527 310.27 27.31 1426.39 8508.31
1683625537 314.35 27.64 1349.46 12046.4
1683625547 309.6 27.72 1429.19 7879.73
1683625557 312.53 28.2 1429.58 10351
1683625567 311.47 28.26 1405.49 10112.5
1683625577 313.2 28.95 1426.78 9586.31
1683625587 310.88 29.08 1405.49 8898.04
1683625597 313.72 29.48 1379.43 13130.7
1683625607 255.82 29.51 15016.6 6044.57
1683625617 311.94 29.68 1404.11 11276.8
1683625627 312.72 30.44 1403.13 10105.3
1683625637 308.61 30.79 1402.74 8717.81
1683625647 311.57 30.91 1405.88 9957.65
1683625657 315.34 31.43 1376.73 13250.4
1683625667 309.57 31.45 1448.98 6184.2
1683625677 312.31 31.91 1401.37 10514.2
1683625687 311.55 32.03 1428.18 10405.9
1683625697 312.24 32.76 1429.19 10063.1
1683625707 311.16 33.08 1402.74 8299.8
1683625717 254.29 33.34 16277.6 13749.7
1683625727 308.13 33.08 1404.11 5742.21
1683625737 312.13 33.61 1378.08 12196.5
1683625747 307.23 34.06 1398.63 6977.17
1683625757 309.29 34.26 1400.39 10664.1
1683625767 310.47 34.85 1427.79 8670.06
1683625777 314.48 34.88 1352.64 15132.7
1683625787 309.86 35.3 1448.98 5662.05
1683625797 310.84 35.61 1423.61 10189.7
1683625807 312.89 36.17 1390.88 10346.1
1683625817 310.63 36.18 1423.61 9749.85
1683625827 265.11 36.85 16098.2 8255.36
1683625837 314.58 37.15 1352.64 15388.3
1683625847 306.2 36.93 1415.71 5348.98
1683625857 309.07 37.51 1395.91 8727.95
1683625867 311.59 38.13 1372.32 11840.9
1683625877 310.54 38.12 1424 9607.8
1683625887 310.82 38.12 1420.84 8567.87
1683625897 315.29 38.19 1372.93 15898.7
1683625907 308.14 37.92 1440.31 6685.66
1683625917 311.88 38.21 1421.23 11669.3
1683625927 310.93 38.21 1448.59 5966.83
1683625937 254.3 38.22 16335.2 9478.91
1683625947 310.25 37.95 1373.66 10430.8
1683625957 313.08 38.2 1398.63 11239.4
1683625967 313.93 38.21 1396.69 10692.1
1683625977 309.81 37.94 1393.2 9313.51
1683625987 308.87 38.21 1422.22 7971.54
1683625997 312.61 37.95 1426.39 10766.8
1683626007 311.63 38.22 1425.39 9189.84
1683626017 308.17 37.96 1418.08 9279.69
1683626027 312.26 38.24 1370.04 12047.1
1683626037 312.38 38.24 1447.17 7620.66
1683626048 173.52 38.24 16082.1 9242.78
1683626057 314.83 38.25 1398.63 13619.5
1683626067 310.82 37.97 1447.17 6398.44
1683626078 312.59 38.29 1412.97 10572.7
1683626087 314.93 38.29 1374.05 12502.6
1683626097 310.81 38.28 1422.61 7382.46
1683626107 313.47 38.03 1400 10294.5
1683626117 313.16 38.3 1422.22 10859.3
1683626127 309.95 38.3 1422.22 8296.3
1683626138 310.42 38.31 1396.3 11857.1
1683626147 311.21 38.07 1397.66 11250.3
1683626157 207.52 38.34 15793.8 7429.69
1683626168 311.25 38.07 1415.71 10412.8
1683626178 312.35 38.33 1393.2 12099.1
1683626188 310.92 38.34 1385.12 8043.29
1683626198 312.31 38.08 1375 10773.4
1683626207 315.72 38.35 1375.78 12736.7
1683626218 307.78 38.08 1442.95 5824.68
1683626228 313.92 38.36 1371.37 12721.7
1683626238 310.81 38.36 1422.22 9335.67
1683626248 307.7 38.35 1397.27 7921.64
1683626258 313.38 38.35 1425.39 11700.4
1683626268 191.22 38.37 15932.8 14394.1
1683626278 308.3 38.35 1398.63 6488.98
1683626288 309.46 38.08 1397.27 8992.98
1683626298 312.68 38.35 1424 11680.8
1683626308 311.88 38.07 1409.86 10276.7
1683626318 308.07 38.35 1394.94 8752.14
1683626328 314.42 38.08 1373.1 14980.5
1683626338 312.11 38.35 1423.61 8356.29
1683626348 310.52 38.35 1422.61 9289.28
1683626358 309.86 38.36 1423.61 7423.22
1683626368 96.2 38.34 14357.6 10405.8
1683626378 314.93 38.35 1375 10600.8
1683626388 311.01 38.09 1335.13 13896.5
1683626398 308.79 38.35 1425 6360.94
1683626408 310.11 38.36 1393.2 7788.53
1683626418 310.51 38.38 1371.37 11919.8
1683626428 312.05 38.37 1404.11 8412.14
1683626438 310.14 38.38 1372.71 10634.7
1683626448 312.42 38.38 1376.34 11752.9
1683626458 310.92 38.38 1385.89 9807.54
1683626468 310.89 38.11 1369.65 7515.95
1683626478 238.89 38.38 14987.9 11766.9
1683626488 312.76 38.38 1370.98 10666.4
1683626498 309.1 38.11 1364.34 8479.84
1683626508 313.09 38.37 1376.73 10076.2
1683626518 314.33 38.11 1385.97 11128.3
1683626528 311.08 38.38 1394.94 9222.18
1683626538 307.17 38.38 1389.15 7939.53
1683626548 310.75 38.38 1389.54 10087.2
1683626558 310.75 38.38 1400 9423.44
1683626568 313.67 38.5 1400.39 11626.2
1683626578 166.51 38.5 14579.7 10395.3
1683626588 310.25 38.5 1398.63 7407.22
1683626598 308.77 38.23 1396.3 9037.2
1683626608 312.49 38.5 1375 11884.4
1683626618 308.15 38.22 1392.23 7481.17
1683626628 309.06 38.49 1344.75 11219.1
1683626638 312.22 38.49 1375.39 11287.1
1683626648 309.36 38.5 1397.27 8529.43
1683626658 306.45 38.5 1375 8479.69
1683626668 307.9 38.49 1372.71 11113.5
1683626678 308.79 38.23 1375 9356.64
1683626688 275.41 38.52 15452.5 11952.4
1683626698 311.53 38.54 1400 10464.8
1683626708 311.69 38.54 1419.85 6931.52
1683626718 309.54 38.54 1395.91 9740.6
1683626728 312.48 38.54 1399.02 10430.8
1683626738 311.29 38.27 1420.84 9481.6
1683626748 314.24 38.54 1398.63 11849
1683626758 313.42 38.54 1395.33 11369.3
1683626768 309.44 38.26 1444.36 5877.04
1683626778 309.09 38.54 1399.02 10213.9
1683626788 157.51 38.53 14950.9 8698.64
1683626798 309.74 38.53 1370.04 12214.8
1683626808 308.47 38.27 1420.84 8726
1683626818 315.61 38.54 1374.83 13254.6
1683626828 307.23 38.54 1425 5683.98
1683626838 310.27 38.54 1401.37 9455.33
1683626848 311.27 38.27 1393.2 10633.6
1683626858 312.41 38.54 1425 8925.78
1683626868 311.38 38.54 1419.85 9385.21
1683626878 315.54 38.54 1350.39 16028.5
1683626888 308.46 38.27 1421.23 5565.34
1683626898 237.88 38.54 15546.2 8378.58
1683626908 309.36 38.54 1397.66 9612.87
1683626918 310.18 38.29 1365.66 11994.2
1683626928 309.63 38.56 1394.55 8091.44
1683626938 312.53 38.55 1367.38 12009.7
1683626948 309.95 38.56 1386.28 9484.06
1683626958 311.12 38.29 1424 10204.1
1683626968 310.43 38.56 1422.22 8400.39
1683626978 310.82 38.28 1422.61 9737.62
1683626988 309.93 38.56 1420.84 8117.62
1683626998 312.98 38.29 1400.39 12481.6
1683627008 251.12 38.55 16073.2 10219.7
1683627018 306.13 38.56 1394.55 8673.54
1683627028 308.77 38.56 1420.84 9389.29
1683627038 309.93 38.56 1370.98 9016.55
1683627048 312.59 38.56 1425.39 10759.8
1683627058 310.43 38.56 1397.27 10077.2
1683627068 311.71 38.29 1374.44 12437.9
1683627078 307.8 38.56 1422.22 7494.74
1683627088 311.58 38.3 1421.23 9331.65
1683627098 311.57 38.56 1394.55 10235.8
1683627108 312.67 38.56 1397.27 10704.5
1683627118 181.47 38.56 16194.7 7584.39
1683627128 315.27 38.55 1345.14 13307
1683627138 308.98 38.3 1399.02 8099.51
1683627148 310.93 38.56 1423.61 10176
1683627158 311.71 38.57 1399.02 9055.22
1683627168 308.63 38.57 1365.66 10560.2
1683627178 310.82 38.68 1373.66 11324.1
1683627188 313.84 38.52 1396.69 11864.1
1683627198 307.52 38.79 1423.61 6752
1683627208 312.27 38.79 1396.3 9066.8
1683627218 91.22 38.78 14223.8 10454.2
1683627228 312.02 38.78 15617.2 8898.14
1683627238 314.34 38.78 1389.15 10991.5
1683627248 312.65 38.51 1344.75 12536.6
1683627258 310.06 38.79 1400 6709.38
1683627268 310.83 38.79 1373.66 8250.54
1683627278 315.01 38.52 1397.66 11810.9
1683627288 310.1 38.52 1403.08 6936.92
1683627298 309.37 38.78 1399.02 8484.68
1683627308 315.9 38.78 1323.71 17309.7
1683627318 80.39 38.71 0.39 5657.48
1683627328 306.31 38.79 14879 8843.19
1683627338 310.34 38.79 1372.71 9287.33
1683627348 310.53 38.52 1372.71 8680.7
1683627358 312.1 38.79 1398.63 11718.6
1683627368 309.6 38.79 1366.05 8510.57
1683627378 311.99 38.8 1372.32 12129.8
1683627388 309.84 38.52 1397.66 9123.2
1683627398 310.68 38.79 1390.49 8527.64
1683627408 309.95 38.52 1374.05 11452.5
1683627418 311.32 38.8 1398.63 8913.95
1683627428 103.72 38.78 15036.2 9366.18
1683627438 307.89 38.78 1346.45 11070.3
1683627448 308.86 38.79 1420.84 8932.04
1683627458 310.84 38.52 1400.39 11541.8
1683627468 311.56 38.79 1395.38 10899.8
1683627478 309.15 38.79 1422.79 7771.37
1683627488 312.39 38.52 1398.63 12172.5
1683627498 311.09 38.78 1396.11 10860.3
1683627508 311.33 38.79 1425.39 9096.09
1683627518 309.77 38.79 1400 8071.88
1683627528 309.95 38.52 1424.78 9049.37
1683627538 101.66 38.79 15398.4 10084
1683627548 310.06 38.79 1400 9054.69
1683627558 312.4 38.79 1350 13607.4
1683627568 309.38 38.52 1426.78 6523.56
1683627578 312.07 38.79 1370.98 8320.55
1683627588 311.75 38.78 1367.38 11686.2
1683627598 313.64 38.52 1372.32 11907.2
1683627608 307.52 38.79 1405.78 7509.06
1683627618 305.87 38.79 1349.07 13320.2
1683627628 308.89 38.79 1425 6572.27
1683627638 308.87 38.79 1422.61 8109.94
1683627648 310.04 38.52 1370.98 11042.6
1683627658 255.16 38.78 16596.1 8399.22
1683627668 309.76 38.79 1400 9635.16
1683627678 314.53 38.52 1348.68 14969
1683627688 307.6 38.79 1422.61 6030.41
1683627698 315.17 38.52 1394.55 9905.45
1683627708 310.93 38.79 1423.61 8399.61
1683627718 310.78 38.8 1416.7 10377.5
1683627728 310.73 38.79 1424 8873.37
1683627738 316.64 38.8 1344.75 15507.8
1683627748 310.06 38.79 1423.61 7037.27
1683627758 311.11 38.52 1422.22 7593.37
1683627768 259.28 38.79 16201.2 12249.6
1683627778 309.47 38.79 1399.02 8903.02
1683627788 309.74 38.52 1370.98 10121.5
1683627798 308.92 38.78 1415.71 8583.9
1683627808 314.38 38.52 1368.32 12059.5
1683627818 310.62 38.8 1397.66 8813.65
1683627828 312.41 38.79 1426.39 9755.23
1683627838 311.91 38.8 1424 10281.8
1683627849 311.82 38.8 1401.73 9434.77
1683627858 310.54 38.81 1397.27 9771.54
1683627868 126.06 38.79 14839 11744.8
1683627878 308.4 38.79 1400 8914.45
1683627888 310.74 38.52 1399.02 8615.8
1683627898 311.03 38.78 1398.63 10060.1
1683627908 310.82 38.79 1372.71 10516.6
1683627918 311.68 38.78 1395.91 10105.9
1683627928 314.63 38.52 1374.05 12375.4
1683627939 307.77 38.79 1418.08 6407.77
1683627948 310.25 38.79 1398.63 9821.66
1683627958 311.73 38.78 1375.39 11035.9
1683627969 308.2 38.51 1423.61 9325.66
1683627979 119.77 38.79 15320 10090.8
1683627989 311.68 38.79 1346.45 12732.2
1683627999 309.93 38.79 1397.66 7666.67
1683628009 307.22 38.52 1401.37 8645.16
1683628019 310.81 38.79 1396.3 10530.5
1683628029 312.29 38.8 1398.63 10421.1
1683628039 311.02 38.52 1423.61 9654.63
1683628049 315.49 38.79 1371.37 13138.1
1683628059 310.25 38.79 1423.61 6545.17
1683628069 312.74 38.8 1368.71 11909.4
1683628079 311.42 38.51 1425 7546.88
1683628089 194.07 38.8 14701.4 5873.03
1683628099 295.71 38.79 312.19 5470.44
1683628109 190.35 38.71 221.05 1020.66

Execution duration: 00:55:58.58
