1683712441 282.99 2.75 5914.03 13473.8
1683712451 306.25 3.58 5778.18 23692.5
1683712461 304.06 4.62 5759.77 22725.1
1683712471 288.68 5.21 5402.58 20945.8
1683712481 300.69 5.88 5772.45 19705.5
1683712491 301.78 6.79 5644.01 22616.9
1683712501 306.14 7.57 5721.71 22055.9
1683712511 298.92 7.96 5710.39 20951.9
1683712521 303.96 8.92 5690.7 21289.5
1683712531 304.56 10.05 5632.91 22317.2
1683712541 280.64 10.49 5160.87 19380.6
1683712551 313.77 11.26 5601.98 26937.8
1683712561 307.41 11.81 5704.75 20276.3
1683712571 286.45 12.4 5406.53 19055.2
1683712581 304.75 13.5 5685.07 19849.7
1683712591 306.8 14.16 5630.37 22868.2
1683712601 308.08 15.24 5694.88 22927.6
1683712611 270.49 15.53 5004.14 20887.3
1683712621 298.62 16.22 5635.93 18227.4
1683712631 299.31 17.3 5572.75 20698.9
1683712641 303.84 17.91 5637.43 23464.4
1683712651 270.84 18.96 4918.62 18957.2
1683712661 300.99 19.43 5699.11 19233.6
1683712671 279.31 20.17 4955.67 25069.2
1683712681 297.84 20.76 5687.88 15342.3
1683712691 306.03 21.33 5692.1 23239.5
1683712701 307.88 22.57 5650.05 22637.2
1683712711 305.99 23.29 5671.12 22306.5
1683712721 275.88 23.89 5153.15 18417.7
1683712731 306.1 24.91 5397.83 26433.8
1683712741 295.75 25.13 5705.14 15924.1
1683712751 261.9 26.24 4700.49 20312.3
1683712761 298.53 26.86 5603.53 19640
1683712771 302.36 27.34 5581.49 18876.4
1683712781 303.05 28.31 5500.1 22660.8
1683712791 263.5 29.32 4798.82 20166
1683712801 298.91 29.4 5580.28 20433.9
1683712811 304.91 30.72 5602.75 22643.8
1683712821 304.01 31.22 5541.62 21311.7
1683712831 294.4 32.26 5432.22 19183.5
1683712841 302.27 32.7 5613.76 22149.8
1683712851 305.49 34.06 5685.1 21591.4
1683712861 268.8 34.07 4799.61 19887.3
1683712872 296.49 34.59 5495.02 19910.6
1683712881 301.67 35.75 5568.89 21041
1683712892 293.44 36.36 5285.71 18731.1
1683712901 291.84 37.37 5299.11 22544.4
1683712912 266.15 37.79 4770.73 17968
1683712922 307.04 38.5 5363.28 25753.1
1683712932 303.42 38.43 5598.82 20807.8
1683712942 301.96 38.77 5623.48 18483
1683712952 309.79 38.55 5561.25 24451.7
1683712962 299.9 38.68 5604.31 17103.6
1683712972 294.61 39.02 5270.98 22505.9
1683712982 303.51 39.03 5484.32 23980.1
1683712992 309.65 38.99 5564.52 22324
1683713002 299.31 38.71 5716.75 15833.5
1683713012 303.9 38.73 5552.05 22954.4
1683713022 303.72 38.99 5541.62 19486
1683713032 303.8 38.74 5507.51 21696
1683713042 287.48 39.01 4909.98 25895.1
1683713052 300.98 38.75 5666.99 17368.5
1683713062 304.39 38.75 5520 20653.3
1683713072 302.74 39.03 5537.89 19778.9
1683713082 307.25 38.76 5634.9 21115.7
1683713092 304.02 39.03 5623.87 20449.7
1683713102 274.46 38.8 4722.11 27461.1
1683713112 301.57 38.8 5572.15 18220.8
1683713122 305.28 38.81 5593.35 20861.8
1683713132 304.91 39.03 5647.45 21921.2
1683713142 292.08 38.78 5360.86 21127.2
1683713152 307.55 39.16 5609.8 21664.3
1683713162 307.42 39.14 5470.05 22707.9
1683713172 276.51 38.88 5185.52 14502.2
1683713182 308.7 39.14 5455.72 24653.4
1683713192 304.99 38.91 5623.87 21189
1683713202 299.03 39.18 5526.82 20020.1
1683713212 305.88 38.91 5597.25 23491.8
1683713222 306.36 38.91 5573.39 19965.2
1683713232 281.4 39.18 4974.1 22631.7
1683713242 306.77 38.89 5584.7 21078.4
1683713252 304.46 39.19 5574.78 20633.2
1683713262 304.8 38.91 5609.8 20197.7
1683713272 282.19 38.92 5084.93 22909.6
1683713282 300.89 39.2 5661.06 18075.1
1683713292 292.08 39.2 5047.75 27043.4
1683713302 304.21 38.92 5679.53 19661.5
1683713312 301.84 39.17 5544.58 19051.5
1683713322 305.88 38.91 5547.06 20020.4
1683713332 306.4 38.9 5524.73 22742.6
1683713342 291.47 39.19 5296.08 19484.7
1683713352 312.62 39.16 5448.92 26762
1683713362 302.65 39.43 5648.92 18056.8
1683713372 304.38 39.15 5573.18 20709.8
1683713382 306.47 39.13 5579.23 23648.6
1683713392 304.62 39.42 5526.53 20005.8
1683713402 303.53 39.14 5597.25 20492.5
1683713412 305.86 39.12 5393.16 25371.3
1683713422 304.59 39.43 5556.21 20292.5
1683713432 305.28 39.14 5618.38 19582.4
1683713442 312.04 39.4 5511.15 25185.1
1683713452 304.02 39.48 5641.92 18185.7
1683713462 304.24 39.19 5579.56 21841.1
1683713472 264.52 39.48 4932.54 20715.7
1683713482 300.1 39.48 5460.02 19142.9
1683713492 308.81 39.21 5566.7 21507.5
1683713502 295.53 39.52 5175.12 24262.4
1683713512 300.39 39.26 5666.99 16298.9
1683713522 305.28 39.27 5530.79 21373.6
1683713532 309 39.52 5573.78 24369.1
1683713542 262.56 39.25 4541.94 19076.8
1683713552 303.23 39.51 5623.48 21472
1683713562 304.02 39.22 5572.15 20714.1
1683713572 307.15 39.24 5591.77 22824.3
1683713582 284.93 39.51 5095.66 17869.8
1683713592 304 39.24 5614.44 22869.8
1683713602 286.03 39.54 4892.67 24111.4
1683713612 303.02 39.53 5671.28 16318.6
1683713622 309.07 39.25 5432.59 25524.3
1683713632 301.66 39.24 5730.99 19758.8
1683713642 308.33 39.45 5570.99 19205.8
1683713652 306.28 39.23 5584.7 21824.3
1683713662 289.7 39.25 5067.85 25861.2
1683713672 298.53 39.53 5691.67 15482.9
1683713682 312.02 39.27 5618.38 23135.9
1683713692 293.56 39.51 5337.89 19212.1
1683713702 309.26 39.25 5570.34 23156.7
1683713712 309.8 39.55 5566.7 19256.4
1683713722 311.71 39.53 5463.42 24034
1683713732 249.22 39.24 4354.78 18350.1
1683713742 309.77 39.25 5480.35 22225.2
1683713752 305.38 39.53 5528.7 18445
1683713762 300.98 39.19 5491.09 19910.3
1683713772 305.17 39.23 5551.66 25219.5
1683713782 306.24 39.48 5576.61 19567.6
1683713792 271.79 39.27 4830.17 21437
1683713802 304.6 39.53 5648.53 19710.4
1683713812 302.34 39.24 5508.86 20184.6
1683713822 306.37 39.51 5579.23 21368.8
1683713832 276.87 39.51 5145.1 17601.6
1683713842 308.12 39.25 5460.67 25829.7
1683713852 294.67 39.56 5167.44 24305.4
1683713862 297.07 39.22 5643.01 14822.7
1683713872 304.8 39.24 5559.22 24152.9
1683713882 303.92 39.53 5566.31 18648.8
1683713892 251.27 39.27 4446.18 21290
1683713902 283.26 39.28 5147.42 18862.3
1683713912 96.85 38.94 796117 17548.4

Execution duration: 00:24:37.37
