1683658966 285.46 2.7 5876.49 14475.7
1683658976 300.69 3.62 5720.36 20142.6
1683658986 304.65 4.48 5728.72 23665
1683658996 280.26 5.33 5232.15 20224.6
1683659006 305.65 6.24 5663.89 22617.9
1683659016 289 6.53 5326.86 21625
1683659026 302.18 7.08 5672.41 21357.9
1683659036 305.64 7.87 5766.74 20798.4
1683659046 306.64 8.96 5589.31 21404.8
1683659056 303.76 9.66 5609.1 20805.2
1683659066 282.08 10.34 5183.37 20060.6
1683659076 306.04 11.11 5596.44 23397.8
1683659086 303.76 11.46 5685.07 19107
1683659096 307.7 12.53 5534.84 24800.8
1683659106 301.18 13.22 5648.17 18353
1683659116 305.94 14.38 5487.92 22765.5
1683659126 305.83 15.09 5547.48 24164.3
1683659136 261.09 15.8 4842.95 19486.1
1683659146 300.99 16.25 5610.66 17130.5
1683659156 303.06 17.13 5610.66 24207.7
1683659166 302.36 18.03 5516.76 18287.2
1683659176 286.38 18.7 5181.04 23746.1
1683659186 296.04 19.77 5596.44 18470.4
1683659196 306.81 20.4 5415.77 26199.6
1683659206 299.51 20.6 5655.23 14231.6
1683659216 304.74 21.64 5585.39 22615.2
1683659226 302.67 22.37 5585.39 21117.9
1683659236 302.57 23.32 5560.11 21872.5
1683659246 308.48 23.98 5579.88 21870.6
1683659257 301.67 24.88 5326.78 26953.9
1683659267 298.55 25.65 5650.73 16750.4
1683659277 304.82 26.37 5482.51 21847.9
1683659287 302.15 27.14 5562.5 20910.5
1683659297 298.82 28.08 5512.68 19800.2
1683659307 303.06 28.63 5485.71 20927.3
1683659317 277.95 29.34 5039.37 20193.3
1683659327 304.72 29.9 5539.55 21596.9
1683659337 306 30.52 5563.03 21199.6
1683659347 305.78 31.31 5534.12 20820
1683659357 299.03 32.67 5403.89 23905.1
1683659367 298.53 33.06 5637.04 17732.4
1683659377 306.49 34.26 5518.11 23596.1
1683659387 288.95 34.3 5260.27 20427
1683659397 301.96 35.13 5386.82 21288.5
1683659407 297.87 36.26 5430.68 20699
1683659417 289.49 36.58 5318.66 19228.7
1683659427 305.41 37.93 5507.27 23691.9
1683659437 304.31 38.36 5603.92 19113
1683659447 277.2 38.35 4935.42 21475.1
1683659457 304.9 38.63 5578.84 20226.4
1683659467 308.37 38.74 5432.92 23307
1683659477 305.28 38.96 5467.84 22862.6
1683659487 284.86 38.96 5275 16481.6
1683659497 312.83 38.8 5390.79 25119.3
1683659507 306.36 39.05 5505.38 21306
1683659517 301.56 38.83 5650 16945.7
1683659527 304.21 38.86 5510.76 23093.9
1683659537 304.11 38.85 5503.62 20077.6
1683659547 306.57 39.08 5602.36 21130.5
1683659557 281.72 38.78 5167.55 20562.3
1683659567 304.79 39.08 5235.23 26268.9
1683659577 299.61 38.81 5621.96 15467.8
1683659587 306.75 39.11 5535.81 21824.7
1683659597 303.62 38.79 5567.94 19655.1
1683659607 305.87 38.85 5510.76 21121.3
1683659617 309.19 39.07 5480.35 24083.7
1683659627 281.88 38.84 4936.43 23183
1683659637 298.74 39.1 5562.5 17532.4
1683659647 306.84 39.1 5532.1 22936.2
1683659657 302.64 38.81 5530.4 19660.6
1683659667 305.89 38.84 5672.16 20617.6
1683659677 308.63 39.09 5571.76 23867.5
1683659687 283.98 38.86 5200 16633.6
1683659697 294.49 38.84 5303.94 23200.8
1683659707 307.74 39.05 5534.12 22665.5
1683659717 307.36 39.08 5546.67 22196.5
1683659727 301.62 38.85 5354.73 22360.3
1683659737 303.82 38.84 5673.58 21029.3
1683659747 307.74 39.08 5603.14 21636.9
1683659757 282.66 38.85 5015.08 20987.3
1683659767 303.14 39.09 5596.86 17577.2
1683659777 304.96 38.85 5473.28 21955.3
1683659787 303.8 39.05 5528.79 20205.1
1683659797 276.25 38.85 4974.68 20643.4
1683659807 306.56 38.82 5584.31 23232.5
1683659817 297.95 39.09 5346.27 22043.5
1683659827 305.74 38.86 5471.86 21432.5
1683659837 298.34 39.08 5548.73 16066.9
1683659847 307.84 38.9 5471.37 23431.4
1683659857 306.58 38.9 5615.31 19075.6
1683659867 282.2 39.21 5110.37 22590.6
1683659877 309.52 39 5332.04 25461
1683659887 304.59 39.22 5650.39 16361.7
1683659897 300.39 38.97 5572.15 20788.6
1683659907 303.63 39.22 5473.58 19830.5
1683659917 312.54 39.25 5453.87 27270.5
1683659927 287.2 39.29 5393.16 14821.9
1683659937 315.27 39.05 5498.63 28776.9
1683659947 301.07 39.3 5536.64 17643.5
1683659957 306.26 39.11 5423.48 23698.6
1683659967 302.84 39.34 5529.09 17335.5
1683659977 307.14 39.1 5486.1 20090.4
1683659987 308.71 39.1 5586.3 22528
1683659997 307.75 39.34 5514.43 20676.5
1683660007 307.64 39.1 5416.26 22982.2
1683660017 302.85 39.34 5577.62 19980.8
1683660027 305.48 39.11 5466.4 20992.4
1683660037 304.41 39.34 5586.66 20690.6
1683660047 303.53 39.08 5429.18 22904.6
1683660057 309.32 39.33 5484.7 23324.3
1683660067 307.73 39.07 5448.53 20609
1683660077 307.15 39.31 5584.7 19042.3
1683660087 304 39.12 5601.95 22132.2
1683660097 306.77 39.37 5514.43 21258.9
1683660107 307.23 39.12 5462.89 21335.9
1683660117 303.81 39.35 5577 18667.5
1683660127 284.02 39.11 4883.53 25054.9
1683660137 305.68 39.12 5541.62 21067.6
1683660147 301.08 39.38 5486.1 18430.1
1683660157 305.49 39.09 5559.61 20199.6
1683660167 300.09 39.12 5403.72 20365.9
1683660177 308.11 39.33 5593.35 21042.8
1683660187 310.2 39.06 5237.25 26540
1683660197 299.51 39.36 5641.92 15626.6
1683660207 308.81 39.17 5516.55 22840
1683660217 288.95 39.19 5223.09 19719.4
1683660227 303.61 39.42 5477.19 22139.2
1683660237 305.97 39.37 5561.25 21453.6
1683660247 296.76 39.2 5217.63 21633.3
1683660257 283.43 39.41 5270.59 17397.2
1683660267 302.45 39.15 5562.5 19504.7
1683660277 308.43 39.19 5591.38 23679.5
1683660287 285.54 39.44 5155.03 18532.9
1683660297 302.83 39.15 5530.4 19462
1683660307 308.7 39.48 5505.38 22849.7
1683660317 290.27 39.24 5135.4 22762.6
1683660327 302.74 39.49 5636.01 17870.5
1683660337 307.91 39.36 5462.5 23898.4
1683660347 296.08 39.58 5265.43 22135.2
1683660357 303.72 39.62 5630.5 16730.4
1683660367 303.96 39.38 5441.55 21356.9
1683660377 286.97 39.58 5149.07 22240.5
1683660387 305.39 39.37 5546.67 17771.8
1683660397 309 39.37 5548.34 23543.6
1683660407 294.12 39.59 5370.98 19389.8
1683660417 302.45 39.35 5505.38 20677.6
1683660427 304.8 39.6 5560.86 20068.5
1683660437 45.3 38.97 791488 13456.8

Execution duration: 00:24:33.33
