1683638150 284.36 2.73 6102 13988.9
1683638160 300.79 3.75 5748.37 21585.4
1683638170 306.13 4.44 5658.62 25450.7
1683638180 269.17 5.48 5087.42 18814.3
1683638190 301.98 5.87 5721.71 20135.6
1683638200 302.38 6.19 5682.45 22674.7
1683638210 299.81 7.29 5617.75 21331.8
1683638220 298.62 7.83 5652.68 19652.7
1683638230 304.75 8.88 5665.35 22373.9
1683638240 302.67 9.5 5578.27 20494.9
1683638250 294.87 10.62 5400.79 22703.2
1683638260 304.75 10.8 5672.8 22628.7
1683638270 303.06 11.4 5635.93 21613
1683638280 301.68 12.55 5590.91 20246.2
1683638290 304.55 13.14 5601.98 21981.4
1683638300 307.4 14.27 5648.56 21052.7
1683638310 301.29 15.09 5572.75 20659
1683638320 268.97 15.37 4744.27 23366.4
1683638330 303.64 15.82 5550.83 18006.3
1683638340 307.49 17.1 5491.51 23344.8
1683638350 302.87 17.44 5597.63 18596.2
1683638360 298.91 18.22 5507.82 20246.9
1683638370 307.01 19.16 5610.66 23576.3
1683638380 268.54 20.02 4734.12 22362.9
1683638390 298.33 20.32 5502.25 18020.8
1683638400 302.18 20.96 5572.75 18727
1683638410 302.96 22.09 5509.57 20529.5
1683638420 290.16 22.67 5266.53 21873.2
1683638430 289.54 23.39 5408.48 17930.9
1683638440 307.4 24.51 5537.67 24648.9
1683638450 277.59 24.48 5185.52 19275.5
1683638460 299.61 25.39 5541.62 20402.8
1683638470 304.54 26.44 5559.72 22606.1
1683638480 299.91 26.99 5570.53 19961.1
1683638490 274.16 27.97 5024.45 19677.7
1683638500 308.67 28.91 5548.77 23024.2
1683638510 301.18 28.97 5619.69 21972.4
1683638520 306.59 29.93 5575.61 20353.2
1683638530 300.58 30.66 5571.76 22568.2
1683638540 307.17 31.9 5469.94 22255
1683638550 300 32.25 5650.05 19843.9
1683638560 306.66 33.22 5603.92 22644.8
1683638570 289.38 33.81 5185.45 21177.6
1683638580 302.16 34.36 5627.87 17577.2
1683638590 301.07 35.25 5523.68 23260.3
1683638600 287.5 35.84 5127.95 20836.6
1683638610 295.22 36.8 5525.39 19905.9
1683638620 304.92 37.43 5513.07 21820.2
1683638630 278.36 38.11 4852.1 24440
1683638640 297.95 38.41 5605.47 15395.5
1683638650 304.9 38.72 5579.23 23272.5
1683638660 307.83 38.46 5579.23 22268.4
1683638670 293.25 38.6 5385.52 19149.9
1683638680 304 38.84 5525 20506.6
1683638690 284.5 38.61 5003.51 25672.1
1683638700 300.39 38.87 5725.32 16234.5
1683638711 304.16 38.61 5501.65 21119.8
1683638720 302.45 38.88 5505.38 21100.7
1683638730 307.84 38.62 5509.02 24097.2
1683638740 272.1 38.91 4920.2 19344
1683638750 307.15 38.66 5548.34 23202.3
1683638760 298.73 38.66 5617.99 15056.1
1683638770 305 38.97 5458.82 22036.1
1683638780 308.88 38.88 5525 23866
1683638790 298.63 39.11 5548.34 17566.3
1683638800 305.96 39.11 5525 22619.1
1683638811 286.52 38.84 5090.2 22020.6
1683638820 307.9 38.83 5482.15 23227.7
1683638830 303.33 38.84 5684.71 16611.8
1683638840 307.76 39.13 5514.43 23899.5
1683638850 302.24 38.86 5580.45 18971.3
1683638861 307.37 39.14 5475.07 22315.8
1683638871 300.98 38.87 5510.76 19660.3
1683638880 269.31 39.15 4629.52 24357.8
1683638890 300.59 39.14 5521.57 18102.3
1683638901 300.19 38.85 5550 19775.8
1683638910 306.17 38.9 5277.96 24209.2
1683638921 282.42 39.17 5162.5 20239.5
1683638930 304.22 38.9 5640.04 18493
1683638941 301.26 39.18 5221.71 25976.4
1683638950 305.59 38.91 5702.85 17495.6
1683638961 304.69 38.87 5517.89 21092.5
1683638971 307.55 39.17 5596.86 24137.2
1683638981 293.47 38.91 5407.22 19469.7
1683638991 305.19 39.17 5609.41 24395.7
1683639001 293.85 38.91 5090.49 22977.5
1683639011 299.81 39.19 5628.99 15949.1
1683639021 309.86 38.9 5519.61 23514.5
1683639031 304.79 38.92 5623.48 18741.3
1683639041 288.51 39.15 5272.05 20907.1
1683639051 293.51 38.92 5253.54 19964.2
1683639061 302.36 39.2 5227.82 25657.2
1683639071 298.32 38.9 5637.04 16393.3
1683639081 309.41 38.9 5478.55 23996.1
1683639091 299.61 39.21 5621.96 16967
1683639101 301.77 38.91 5503.62 21274
1683639111 309.28 39.22 5500 23937.9
1683639121 280.82 38.87 5122.5 19948.3
1683639131 309.46 39.23 5408 23341.3
1683639141 304.7 39.23 5623.87 20396.9
1683639151 301.07 38.9 5407.61 22717.7
1683639161 302.36 39.2 5579.23 16767.9
1683639171 307.78 38.96 5466.54 24725.7
1683639181 300.58 38.93 5614.43 17382.5
1683639191 279.53 39.19 4801.96 23013.5
1683639201 299.91 38.95 5450 19221.5
1683639211 307.51 39.03 5427.68 23923.2
1683639221 299.22 39.31 5561.18 16969.4
1683639231 308.97 39.29 5471.35 24812.5
1683639241 304.07 39.03 5480.78 20313.8
1683639251 283.65 39.31 4978.26 20773.4
1683639261 300.3 39.05 5523.68 17655.2
1683639271 306.65 39.04 5561.25 21013.7
1683639281 303.9 39.31 5459.4 19718
1683639291 307.06 39.06 5584.7 21192.1
1683639301 303.92 39.06 5486.1 23538.2
1683639311 309.49 39.34 5522.89 26251.3
1683639321 298.43 39.06 5572.15 15744.3
1683639331 303.24 39.39 5604.31 22279.3
1683639341 305.96 39.1 5500.39 21974.2
1683639351 306.75 39.07 5580.84 21818.6
1683639361 302.84 39.42 5491.48 19606.7
1683639371 290.62 39.23 4937.24 27212.9
1683639381 299.7 39.2 5673.58 15232.9
1683639391 305.29 39.52 5529.09 20086.6
1683639401 305.06 39.24 5459.4 20871.3
1683639411 291.1 39.23 5323.29 20685.7
1683639421 306.97 39.47 5547.06 22354.9
1683639431 311.35 39.24 5436.79 26825.8
1683639441 270.02 39.52 4925.39 16835.2
1683639451 302.25 39.24 5622.35 17072.1
1683639461 306.17 39.52 5579.23 22568.5
1683639471 305.46 39.22 5414.81 25544.6
1683639481 279.69 39.24 5075.22 15926.5
1683639491 305.88 39.53 5554.16 21912.2
1683639501 293.38 39.25 5187.14 22554.6
1683639511 303.82 39.25 5654.06 18938.3
1683639521 304.21 39.53 5541.62 19788.4
1683639531 308.71 39.24 5378.65 25580.4
1683639541 283.88 39.5 5230.11 15618.4
1683639551 305.2 39.25 5552.5 20465.5
1683639561 301.38 39.21 5277.25 25356.9
1683639571 302.45 39.51 5511.15 17688.1
1683639581 306.56 39.52 5493.25 20574
1683639591 307.92 39.23 5598.82 24353
1683639601 308.52 39.25 5566.7 22804.3
1683639611 279.17 39.52 5035.22 20677.5
1683639621 100.39 38.91 782228 14931.5

Execution duration: 00:24:37.37
