1683602604 284.07 2.58 5907.57 13821.9
1683602614 308.04 3.58 5739.68 24090.1
1683602624 303.97 4.28 5777.78 19952.4
1683602634 296.33 5.08 5645.19 20754.8
1683602644 308.83 6.05 5701.59 23324.6
1683602654 289.01 6.59 5283.17 22256.2
1683602664 302.87 7.13 5769.11 20002.4
1683602674 304.16 7.84 5677.62 20793.3
1683602684 308.34 8.89 5688.89 21719
1683602694 307.53 9.62 5695.94 24118.9
1683602704 286.14 10.71 5145.35 20886.7
1683602714 309.11 11.06 5602.37 22773.9
1683602724 304.15 11.61 5829.7 19690.3
1683602734 309.5 12.71 5626.93 23025.7
1683602744 305.92 13.43 5655.23 19866.3
1683602754 304.55 14.1 5659.35 19848.5
1683602764 309.16 15.03 5637.04 22758.6
1683602774 263.73 15.56 4692.49 22556.1
1683602784 303.76 16.16 5608.7 18824.1
1683602794 302.46 17.08 5637.04 19304
1683602804 308.4 17.83 5628.46 23251
1683602814 280.59 18.83 5094.78 22448.9
1683602824 305.94 19.83 5621.36 21089.2
1683602834 306.5 20.13 5561.38 24411
1683602844 303.45 20.74 5680.47 16671.4
1683602854 305.43 21.44 5673.45 21842.4
1683602864 305.41 22.27 5694.49 20862.6
1683602874 303.74 23.36 5581.1 22476.4
1683602884 276.63 24.19 4885.21 21805.5
1683602894 310.34 24.87 5672.12 23958.6
1683602904 300.39 25.4 5584.7 19040.8
1683602914 302.46 26.06 5681.89 21757.1
1683602924 310.44 26.99 5586.6 19862.1
1683602934 304.92 27.58 5600.79 21513.1
1683602944 303.75 28.75 5510.94 21391.5
1683602954 307.68 29.42 5561.38 23456.5
1683602964 283.87 29.88 5235.79 18505.8
1683602974 304.12 30.46 5526.99 19699.3
1683602984 307.89 31.63 5536.16 24026
1683602994 289.8 32.19 5426.5 18755.6
1683603004 312.01 33.39 5555.91 24963
1683603014 303.52 33.91 5741.82 17584.7
1683603024 262.85 34.3 4680.78 19556.5
1683603034 309.52 35.29 5627.48 22114.2
1683603044 311.11 36.3 5557.56 21658.9
1683603054 305.11 36.96 5570.14 23789.8
1683603064 273.99 37.66 5175.27 16635.5
1683603074 309.98 38.04 5585.91 21955
1683603084 301.38 38.3 5263.2 24142.1
1683603094 303.24 38.25 5690.28 16662.2
1683603105 309.12 38.63 5546.67 21659.6
1683603114 306.57 38.71 5596.86 22186.3
1683603124 310.29 38.69 5541.23 24316.2
1683603135 293.54 38.82 5423.09 18691.2
1683603145 309.32 38.8 5358.43 27276.9
1683603155 301.17 38.8 5734.9 17302.8
1683603165 311.78 38.68 5496.4 23868
1683603175 303.21 38.69 5626.51 17662
1683603185 308.52 38.91 5541.23 22719.3
1683603195 310.24 38.77 5544.59 24049.2
1683603205 279.18 38.79 4930.74 24219.1
1683603215 304.11 38.91 5636.01 17031.3
1683603225 304.51 38.87 5573.39 20131.9
1683603235 304.81 38.74 5534.12 23140
1683603245 308.96 38.91 5496.4 21787
1683603255 307.35 38.78 5659.61 19170.2
1683603265 308.89 38.78 5587.5 21324.2
1683603275 270.8 38.95 4800 21664.8
1683603285 306.85 38.8 5560.86 20424.7
1683603295 307.27 38.91 5702.85 24544.8
1683603305 296.39 38.77 5462.5 20204.3
1683603315 307.55 38.78 5439.69 20767.9
1683603325 306.9 38.91 5528.4 21373.1
1683603335 274.44 38.77 4864.25 21766.1
1683603345 307.64 38.79 5616.45 20623.3
1683603355 303.57 38.99 5487.48 20339.9
1683603365 308.23 38.9 5704.21 20123
1683603375 308.9 38.81 5496.32 22475
1683603385 266.93 38.89 4959.69 18870.5
1683603395 309.88 39.02 5373.38 28009
1683603405 304.99 39.01 5729.68 17094.6
1683603415 311.05 39.02 5505.77 22728.8
1683603425 310.27 39.1 5593.35 22346.4
1683603435 303.83 39.14 5590.18 18884.8
1683603445 288.84 39.14 5140.45 21157.3
1683603455 314.62 39.28 5502.14 25748.9
1683603465 301.47 39.24 5700.39 15593
1683603475 307.74 39.14 5534.51 21455.3
1683603485 307.93 39.14 5516.55 24920.3
1683603495 307.56 39.13 5445.35 20327.9
1683603505 304.11 39.22 5724.07 20933.5
1683603515 281.55 39.3 5021.45 21360.4
1683603525 309.38 39.14 5493.64 21100.3
1683603535 306.27 39.09 5616.84 20268.8
1683603545 305.59 39.15 5504.01 21459.3
1683603555 307.04 39.29 5568.33 21096.4
1683603565 307.64 39.13 5473.19 22976.1
1683603575 304.42 39.26 5579.23 20105
1683603585 264.22 39.1 4593.72 21194.5
1683603595 306.14 39.12 5552.05 20156.3
1683603605 301.97 39.27 5660 17462.3
1683603615 308.13 39.14 5579.23 22396.1
1683603625 280.67 39.14 5188.22 18932.3
1683603635 309.01 39.28 5654.45 22241.3
1683603645 285.13 39.15 4884.93 24229
1683603655 301.18 39.27 5615.31 16370.6
1683603665 307.83 39.14 5511.15 22257.5
1683603675 306.38 39.27 5471.96 18903.3
1683603685 307.35 39.26 5511.77 22518.4
1683603695 308.32 39.26 5430.69 23298.9
1683603705 309.28 39.28 5289.45 25030.9
1683603715 300.3 39.15 5737.89 17320.7
1683603725 307.82 39.15 5548.34 21730.7
1683603735 306.77 39.25 5496.71 20028.6
1683603745 310 39.15 5484.31 23911.4
1683603755 305.18 39.26 5648.92 19705.3
1683603765 287.38 39.26 5105.97 21027.4
1683603775 310.44 39.26 5457.56 23350.2
1683603785 303.24 39.13 5652.99 20746.6
1683603795 306.56 39.26 5629.38 20618.6
1683603805 300.1 39.12 5362.5 23866
1683603815 305.28 39.17 5612.89 20523.4
1683603825 306.38 39.27 5563.14 21930.6
1683603835 277.35 39.15 5003.53 20221.6
1683603845 307.06 39.25 5491.48 20777.7
1683603855 307.64 39.13 5654.45 20268
1683603865 306.67 39.08 5665.55 20350.9
1683603875 309.69 39.25 5478.94 23620.4
1683603885 305.98 39.15 5547.88 18350.2
1683603895 272.63 39.25 4823.07 23741.9
1683603905 311.08 39.11 5534.51 21965.1
1683603915 308.43 39.24 5629.38 19894.2
1683603925 295.23 39.28 5417.51 18713.2
1683603935 306.76 39.28 5666.99 20902.2
1683603945 309.59 39.28 5461.06 26812.5
1683603955 267.45 39.29 4665.1 22689.3
1683603965 301.28 39.18 5750.93 13994.1
1683603975 312.35 39.27 5484.31 24402
1683603985 310.69 39.42 5622.35 21535.3
1683603995 275.8 39.29 5027.23 19713.2
1683604005 301.18 39.4 5660 21209.8
1683604015 313.52 39.43 5654.45 20689.1
1683604025 293.96 39.3 5100.29 22764.3
1683604035 307.24 39.42 5610.96 19868.9
1683604045 304.21 39.43 5611.35 18516.2
1683604055 298.04 39.41 5428.79 22388.2
1683604065 125.12 38.8 790667 19367.7

Execution duration: 00:24:29.29
