1683661464 286.75 2.73 5988.05 13782.5
1683661474 304.28 3.62 5776.94 21539.2
1683661484 306.15 4.33 5676.98 23670.6
1683661494 284.23 5.29 5397.23 18309.5
1683661504 310.87 5.95 5691.7 23121.3
1683661514 305.75 6.54 5618.24 24349.7
1683661524 305.83 7.2 5628.86 23736.8
1683661534 303.27 8.21 5772.45 18943.5
1683661544 301.19 8.94 5620.22 20205
1683661554 307.63 9.5 5658.28 20923.7
1683661564 267.16 10.25 4773.5 19181.4
1683661574 307.63 11.33 5589.31 25765.5
1683661584 301.19 11.6 5648.56 17682.1
1683661594 305.6 12.6 5638.93 20745.7
1683661604 286.76 13.11 5274.71 20730.4
1683661614 305.64 14.15 5659.75 22761.2
1683661624 309.79 15.16 5578.27 21633.6
1683661634 273.41 15.55 5034.78 22075.5
1683661644 301.68 16.48 5648.56 18433.2
1683661654 304.33 16.98 5518.5 21967.7
1683661664 303.05 17.83 5582.24 19803.5
1683661674 284.49 18.73 5249.01 22995.7
1683661684 305.82 19.79 5706.11 20479.7
1683661694 284.03 20.26 4986.98 23913.6
1683661704 303.53 21.13 5645.97 19533.6
1683661714 301.88 21.56 5686.47 17635.1
1683661724 306.22 22.53 5598.02 21710.2
1683661734 305.92 23.57 5484.3 23758.3
1683661744 294.69 24.05 5513.07 18381.1
1683661754 306.31 25.14 5381.28 26440.2
1683661764 301.37 25.29 5672.16 16241.6
1683661774 305.11 26.02 5613.37 20691
1683661784 303.93 27.38 5688.89 23121.7
1683661794 307.78 27.92 5498.33 21865.2
1683661804 290.16 28.84 5336.48 19505.6
1683661814 308.06 29.57 5537.86 26470.4
1683661824 310.12 30.02 5658.15 21013.8
1683661834 304.52 31.03 5602.36 19831.6
1683661844 307.06 31.71 5614.92 19545
1683661854 305.87 32.44 5598.43 22013.7
1683661864 305.02 33.22 5606.3 22132.3
1683661874 293.53 34.29 5390.79 19972.6
1683661884 305.31 34.33 5349.07 24060.2
1683661894 299.41 35.37 5684.71 20108.2
1683661904 306.38 35.8 5476.74 20368.6
1683661914 303.04 36.76 5552.11 22636.7
1683661924 306.07 37.85 5636.01 21174.6
1683661934 303.22 38.15 5530.4 19919.5
1683661944 289.35 38.61 5104.99 23692.3
1683661954 303.8 38.46 5619.51 19256.6
1683661964 311.45 38.45 5610.96 23253.2
1683661974 288.82 38.92 5304.28 17842
1683661984 311.87 38.69 5627.48 22854.2
1683661994 306.72 38.94 5533.79 20693.3
1683662004 280.65 38.7 4829.72 24673.3
1683662014 300 38.68 5747.45 16616.5
1683662024 309.75 38.96 5439.38 26122.4
1683662034 299.71 38.69 5616.45 16250.3
1683662044 286.2 38.95 5152.6 22389
1683662054 303.88 38.73 5622.55 20939.5
1683662064 310.2 38.97 5345.88 26488.6
1683662074 301.47 38.97 5616.45 17465.2
1683662084 308.34 38.73 5483.92 22625.5
1683662094 303.8 38.73 5633.5 17234.7
1683662104 313.03 38.81 5553.77 25481.7
1683662114 284.62 39.07 5290.5 16459.9
1683662124 316.99 38.84 5325 30240.2
1683662134 280.7 39.08 5314.07 14469.5
1683662144 308.2 38.85 5575 21610.5
1683662154 309.01 38.85 5641.53 22001.6
1683662164 303.62 39.07 5592.96 18799.6
1683662174 288.01 38.83 5152.44 22436.3
1683662184 305.98 39.07 5616.45 21046.8
1683662194 295.31 38.85 5268.42 21776
1683662204 305.85 38.85 5550 20391
1683662214 307.97 39.14 5498.15 23294.8
1683662224 310.51 38.92 5521.32 22984.6
1683662234 307.16 39.16 5546.67 21711.4
1683662244 297.66 38.9 5492.86 18818.8
1683662254 305.76 38.88 5550 22874.6
1683662264 304.3 38.93 5492.86 18339
1683662274 307.5 39.16 5571.18 23489.4
1683662284 309.49 38.94 5573.39 21989.8
1683662294 309.41 39.18 5628.99 21169.8
1683662304 307.03 39.18 5675 18171.5
1683662314 313.91 38.95 5478.55 27375.1
1683662324 309.12 38.94 5659.61 19763.1
1683662334 307.23 39.17 5575 21270.3
1683662344 308.43 38.97 5503.62 22891.3
1683662354 301.47 39.21 5575 17682.4
1683662364 307.61 39.03 5437.5 24599.6
1683662374 270.65 39.09 4784.73 20679.1
1683662384 301.87 39.34 5609.41 16732.9
1683662394 305.29 39.1 5647.06 20394.5
1683662404 306.47 39.31 5591.38 22901.1
1683662414 301.85 39.35 5482.15 19307.3
1683662424 310.09 39.1 5654.06 22922.6
1683662434 314.32 39.12 5597.25 26108.2
1683662444 287.63 39.36 5247.52 18530.1
1683662454 305.78 39.09 5541.62 19846.8
1683662464 308.41 39.1 5455.72 23490.9
1683662474 298.63 39.33 5672.55 19504.3
1683662484 289.83 39.09 5273.19 19312.7
1683662494 307.24 39.33 5431.44 21716.1
1683662504 305.57 39.11 5456.11 20943.5
1683662514 313.81 39.34 5541.62 22961.4
1683662524 306.07 39.31 5648.92 18757.3
1683662534 304.02 39.33 5584.7 22238.4
1683662544 305.1 39.1 5383.92 22241.2
1683662554 301.85 39.11 5384.62 21107.7
1683662564 270.26 39.33 4873.59 18337.4
1683662574 302.35 39.07 5554.16 18937.9
1683662584 307.22 39.32 5539.57 20115.4
1683662594 311.66 39.3 5591.77 24648
1683662604 284.44 39.35 5122.5 18316.2
1683662614 305.88 39.33 5641.92 21808.8
1683662624 313.63 39.09 5423.96 26569.8
1683662634 305.68 39.04 5617.23 19101.7
1683662644 304.12 39.26 5609.8 19368.2
1683662654 300.29 39.14 5368.13 22489.5
1683662664 306.97 39.37 5741.32 18624.1
1683662674 301.56 39.15 5536.59 23619.6
1683662684 305.88 39.09 5269.34 25273.3
1683662694 303.42 39.37 5661.45 15765.6
1683662704 311.92 39.16 5525.39 25376.6
1683662714 303.43 39.36 5767.29 17231.3
1683662724 310.28 39.14 5498.63 25418
1683662735 304.38 39.15 5596.5 18474.8
1683662745 311.96 39.4 5610.5 23970.1
1683662755 281.26 39.16 4922.71 19662.9
1683662765 305.25 39.41 5486.1 21074.8
1683662775 303.53 39.15 5624.26 20466.1
1683662785 296.68 39.4 5225.39 22617.2
1683662795 304.88 39.16 5562.89 20106.2
1683662805 304.28 39.15 5635.38 20698.5
1683662815 295.31 39.41 5305.68 20731.5
1683662825 308.31 39.19 5568.33 22013.3
1683662835 305.96 39.45 5625.39 18665.6
1683662845 309.59 39.48 5623.87 23738.9
1683662855 270.33 39.25 4956.03 18199.2
1683662865 308.12 39.5 5618.38 21548
1683662875 311.58 39.24 5307.4 24116
1683662885 304.5 39.49 5655.91 17447.5
1683662895 306.55 39.25 5573.78 20340.5
1683662905 304.3 39.26 5555.82 23521
1683662915 308.61 39.49 5543.3 22475.1
1683662925 38.56 38.85 787549 2962.81

Execution duration: 00:24:23.23
