1683709940 284.87 2.73 5894.93 14081.6
1683709950 300.6 3.71 5690.97 23395.8
1683709960 301.09 4.47 5790.88 19844.8
1683709970 302.28 5.42 5594.85 22881.3
1683709980 301.29 5.95 5714.69 19452.8
1683709990 282.76 6.63 5110.4 24166.9
1683710000 301.38 6.96 5761.03 19341.2
1683710010 303.37 7.88 5715.64 19980.2
1683710020 308.52 9.15 5582.16 26291.4
1683710030 280.72 9.53 5279.93 17681.1
1683710040 304.86 10.64 5614.66 21722
1683710050 299.8 10.92 5458.76 24202.6
1683710060 302.38 11.7 5659.75 18852.2
1683710070 300.79 12.29 5620.82 20632.6
1683710080 306.62 13.43 5666.8 20790.9
1683710090 305.03 14.28 5586.99 22625.4
1683710100 287.53 14.73 5267.26 20485.9
1683710110 310.95 15.75 5454.04 26160.2
1683710120 300.69 15.91 5692.1 16771.5
1683710130 308.79 17.08 5522.21 22569.4
1683710140 300.99 17.55 5504.14 20026
1683710150 303.05 18.79 5638.93 22079.8
1683710160 303.83 19.52 5620.82 20166.6
1683710170 284.78 20 5059.69 24760.9
1683710180 301.68 20.67 5701.86 18581.7
1683710190 309.13 21.83 5545.38 23090.4
1683710200 294.29 22.31 5669.68 19378.4
1683710210 292.52 23.47 5316.54 20998.4
1683710220 304.03 24.02 5568.89 21273.2
1683710230 302.56 24.62 5393.89 25773.8
1683710240 281.55 25.34 5421.52 14604.9
1683710251 303.23 25.82 5634.9 21300
1683710260 303.74 27.07 5588.59 21996.8
1683710270 302.95 27.57 5631.89 19769.7
1683710280 272.86 28.67 4908.94 20239.9
1683710291 296.17 29.08 5507.27 20206.7
1683710300 297.24 29.54 5367.32 21847.6
1683710311 300.3 30.55 5595.67 22221.2
1683710321 304.51 31.11 5554.16 20676.6
1683710331 304.4 31.95 5493.25 21954.6
1683710341 299.22 33.21 5619.29 22297.6
1683710351 275.57 33.48 5133 17560.2
1683710361 304.22 34.53 5407.86 24620
1683710371 304.9 35.15 5453.48 19367.7
1683710381 302.54 35.69 5554.16 20006.7
1683710391 303.83 36.55 5633.4 22022.8
1683710401 303.73 37.72 5545.38 20742.2
1683710411 269.94 38.22 4740.67 21306.9
1683710421 301.67 38.32 5434.12 24304.3
1683710431 302.54 38.56 5683.74 18638.4
1683710441 306.35 38.4 5625 22270.7
1683710451 303.33 38.4 5523.68 21137
1683710461 308.6 39.1 5462.89 24034.8
1683710471 302.64 38.81 5679.53 17119.3
1683710481 272.02 39.07 4752.19 25217.9
1683710491 302.34 38.79 5655.91 17067.1
1683710501 305.09 38.78 5611.35 19527.2
1683710511 296.11 38.8 5317.12 22029.2
1683710521 309.21 39.06 5579.23 23514.2
1683710531 306.28 38.8 5572.15 21743.9
1683710541 303.73 39.09 5347.06 24757.2
1683710551 274.51 38.79 5170.59 15464.7
1683710561 299.41 38.8 5685.1 20598
1683710571 308.66 39.09 5521.71 19924.4
1683710581 299.12 38.8 5461.06 19521.7
1683710591 310.97 38.8 5591.38 24686
1683710601 305.69 39.17 5679.53 18812.5
1683710611 278.21 38.9 4856.7 22133.3
1683710621 303.52 39.2 5605.86 23055.7
1683710631 302.84 38.92 5529.09 19776.7
1683710641 305.97 38.94 5704.21 18664.5
1683710651 275.76 39.18 4980.25 21949.6
1683710661 303.62 38.94 5636.4 18886.1
1683710671 307.83 39.23 5436.4 25631.7
1683710681 303.23 38.91 5679.14 21939.7
1683710691 305.36 39.19 5527.1 18776.2
1683710701 300.1 38.97 5505.77 21725.5
1683710711 305.07 38.98 5500.39 21068
1683710721 308.22 39.19 5548.73 22815.7
1683710731 273.73 38.96 4638.28 24170.7
1683710741 297.85 38.99 5629.38 15620.4
1683710751 308.7 39.27 5443.21 25384.6
1683710761 299.51 38.98 5624.44 16237.8
1683710771 306.87 38.95 5584.7 21315.3
1683710781 306.63 39.24 5514.62 22742.7
1683710791 302.55 38.96 5283.53 26491
1683710801 277.12 38.99 5205.89 15855.8
1683710811 309.1 39.27 5548.73 23823.1
1683710821 303.22 38.98 5575.39 21255.1
1683710831 297.39 39.28 5467.05 18420.1
1683710841 303.62 39 5616.84 20445
1683710851 305.88 38.96 5529.09 20414.1
1683710861 290.49 39.25 5045.89 24278.4
1683710871 306.56 38.98 5636.4 21332.7
1683710881 305.19 39.26 5616.84 20512.8
1683710891 303.89 38.93 5527.1 20900.6
1683710901 278.81 39.24 4974.68 21666.3
1683710911 306.64 39.01 5592.96 19895.2
1683710921 286.9 38.99 5168.33 23364.6
1683710931 303.73 39.27 5597.25 17151.8
1683710941 306.07 39.04 5654.06 25153.4
1683710951 305.74 39.31 5560.74 21324.4
1683710961 304.99 38.98 5618.38 18376.1
1683710971 277.09 39.31 4877.18 24368.3
1683710981 307.94 39.09 5496.86 21865.1
1683710991 300.69 39.36 5555.82 17098
1683711001 306.66 39.05 5561.25 21789.4
1683711011 305.68 39.37 5536.2 21650.1
1683711021 299.03 39.37 5384.97 19797.5
1683711031 307.54 39.09 5634.9 20300.4
1683711041 310.2 39.37 5270.59 27344.3
1683711051 301.28 39.37 5649.31 16383.2
1683711061 306.25 39.06 5650 21304.3
1683711071 310.47 39.14 5335.42 25216.8
1683711081 297.85 39.13 5548.34 15832.1
1683711091 307.05 39.42 5466.01 23660.3
1683711101 286.79 39.41 5260.27 19809.4
1683711111 306.04 39.13 5522.1 20521.5
1683711121 311.57 39.42 5521.57 24045.5
1683711131 302.81 39.2 5544.19 18201.5
1683711141 303.62 39.51 5548.34 20700.2
1683711151 305.58 39.49 5591.38 21025.7
1683711161 284.12 39.23 5170.2 24219.2
1683711171 306.35 39.51 5517.89 20212.3
1683711181 301.86 39.25 5560.86 19946.4
1683711191 313.02 39.28 5485.71 23659.1
1683711201 287.57 39.51 5260.27 18734.6
1683711211 288.31 39.31 5255.8 20276.2
1683711221 312.53 39.54 5661.06 22832.1
1683711231 283.32 39.57 4867.51 22515.2
1683711241 300.49 39.3 5587.5 16216.8
1683711251 308.2 39.27 5512.5 23278.5
1683711261 304.9 39.57 5523.29 19916.2
1683711271 303.9 39.3 5296.98 25454.7
1683711281 301.08 39.57 5625 16926.2
1683711291 311.56 39.55 5411.56 26542.6
1683711301 297.87 39.28 5563.6 15447
1683711311 306.13 39.62 5485.71 23154.5
1683711321 299.03 39.31 5354.09 21410.1
1683711331 302.94 39.6 5585.91 18533.1
1683711341 301.37 39.38 5537.5 23933.6
1683711351 293.53 39.65 5157.65 22963.5
1683711361 300.78 39.36 5623.48 17468.5
1683711371 304.31 39.65 5591.38 22251.1
1683711381 312.72 39.65 5510.76 24538.5
1683711391 299.03 39.37 5574.39 18201.8
1683711401 139.77 39.03 784484 20616.9

Execution duration: 00:24:30.30
