1683665600 306.77 1.76 1720.6 5010.55
1683665610 313.76 2.33 1451.48 11184.2
1683665620 312.98 2.78 1448.16 10161.4
1683665630 311.72 3.15 1474.48 8790.07
1683665640 302.39 3.48 1397.03 13518.7
1683665650 308.93 3.65 1447.62 6357.14
1683665660 312.28 3.99 1445.15 10800.4
1683665670 313.29 4.44 1422.22 10544.8
1683665680 312.09 4.84 1446.58 10051.9
1683665690 206.24 5.14 15500.4 8036.91
1683665700 314.77 5.6 1396.63 15432.3
1683665710 310.2 5.71 1446.58 5849.36
1683665720 312.3 5.77 1422.22 10106.8
1683665730 312.36 6.47 1443.72 9742.83
1683665740 312.18 6.85 1444.75 9322.77
1683665750 313.75 7.01 1418.4 11709.2
1683665760 316.22 7.7 1418.4 14205.7
1683665770 311.07 7.53 1469.04 6827.3
1683665780 310.44 8.09 1439.05 9002.76
1683665790 222.67 8.45 15046.3 9557.23
1683665800 314.85 8.87 1444.75 9435.64
1683665810 312.85 8.9 1416.6 9636.36
1683665820 317.95 9.36 1365.45 16405.1
1683665830 311 9.69 1444.75 5916.83
1683665840 314.86 10 1445.15 8283.96
1683665850 312.17 10.03 1443.32 10984.8
1683665860 310.18 10.7 1417 9088.93
1683665870 316.11 11.17 1441.9 11616.6
1683665880 315 11.49 1450.74 11881.1
1683665890 314.45 11.73 1435.2 10896.4
1683665900 249.25 11.92 16467.7 8434.03
1683665910 311.95 12.32 1440.47 9458.64
1683665920 312.56 12.39 1418 8574.09
1683665930 311.96 12.98 1416.6 9556.92
1683665940 313.25 13.38 1441.9 10368.4
1683665950 312.77 13.57 1408.64 13082.1
1683665960 310.16 13.65 1440.47 6886.87
1683665970 314.11 14.18 1440.86 11719.6
1683665980 311.34 14.19 1464.3 10054.8
1683665990 312.03 14.95 1439.05 10146.4
1683666000 311.19 15.34 1408.25 9284.48
1683666010 280.08 15.61 16618.5 12177.1
1683666020 311.25 15.34 1466.14 7124.98
1683666030 311.71 16.12 1411.02 10479.5
1683666040 311.73 16.14 1438.03 9005.32
1683666050 311.02 16.85 1423.62 10237.8
1683666060 312.15 17.17 1440.86 8640.08
1683666070 315.18 17.15 1412.8 14360.6
1683666080 312.72 17.71 1464.69 7624.85
1683666090 310.3 17.62 1406.87 8299.12
1683666100 312.45 18.5 1405.49 12016.9
1683666110 312.13 18.65 1439.05 8482.05
1683666120 251.93 19.25 16688.3 10116.8
1683666130 312.41 19.45 1387.98 12813.8
1683666140 309.64 19.63 1434.81 7115.44
1683666150 311.09 19.75 1407.26 10254.4
1683666160 313.97 20.46 1409.64 10361.1
1683666170 308.26 20.74 1436.61 8739.76
1683666180 313 20.86 1436.22 8837.8
1683666190 313.94 21.43 1407.66 14784.7
1683666200 310.24 21.62 1436.22 6751.57
1683666210 313.7 21.85 1413.81 9297.04
1683666220 311.9 22.03 1410.03 10661.2
1683666230 176.38 22.73 16470.1 9573.62
1683666240 311.82 23.09 1411.41 7988.19
1683666250 313.49 23.22 1386.22 14989
1683666260 309.93 23.52 1433.79 5842.44
1683666270 310.39 23.9 1406.87 9415.9
1683666280 311.59 24.27 1408.64 9286.44
1683666290 311.8 24.38 1409.64 11287.3
1683666300 311.3 25.27 1384.46 11321.1
1683666310 314.04 25.36 1408.64 13129.3
1683666320 308.83 25.39 1457.11 5423.36
1683666330 313.76 25.84 1410.03 9587.81
1683666340 140.9 26.15 15963.4 9829.3
1683666350 308.56 26.65 1384.85 10460.2
1683666360 309.34 26.96 1409.64 9638.15
1683666370 317.79 27.08 1377.12 14737
1683666380 306.46 27.42 1404.11 5232.91
1683666390 310.31 27.73 1408.25 8767.39
1683666400 312.67 28.18 1408.25 11264.4
1683666410 309.6 28.54 1430.59 9564.71
1683666420 310.47 28.99 1403.13 10504.9
1683666430 308.71 29.26 1402.74 8407.44
1683666440 128.61 29.4 14275.3 13238.9
1683666450 307.64 29.54 1405.49 6735.69
1683666460 310.9 29.75 1383.49 11272.3
1683666470 312.53 30.46 1404.11 9566.31
1683666480 309.4 30.76 1404.11 8625.66
1683666490 309.59 31.13 1404.11 10904.6
1683666500 313.81 31.33 1404.5 11726.9
1683666510 307.45 31.61 1429.58 8742.41
1683666520 308.92 31.88 1430.59 7637.65
1683666530 311.67 32.36 1405.88 12343.5
1683666540 310.24 32.57 1425 9183.98
1683666550 124.35 33.09 15574.2 9336.07
1683666560 315.54 33.37 1376.73 12603.3
1683666570 311.56 33.35 1404.5 7858.18
1683666580 311.65 33.95 1402.74 10058.3
1683666590 307.72 34.37 1375 9460.16
1683666600 313.25 34.74 1407.26 8769.38
1683666610 311.63 34.84 1401.37 10702.2
1683666620 315.25 35.35 1377.51 13247.3
1683666630 310.07 35.38 1426.39 6206.45
1683666640 311.53 35.85 1401.76 10257.3
1683666650 310.35 36.26 1400 10637.9
1683666660 146.59 36.58 15404.3 7690.62
1683666670 309.2 37.1 1403.13 10332.3
1683666680 314.18 36.9 1401.76 13930
1683666690 303.81 37.34 1375.39 6946.88
1683666700 308.2 37.76 1398.63 9022.44
1683666710 311.52 37.93 1375.39 11301.6
1683666720 305.7 37.67 1412.58 8340.37
1683666730 311.69 38.03 1397.66 9841.33
1683666740 315.2 38.03 1372.71 14675.2
1683666750 309.15 38.03 1444.75 5734.63
1683666760 312.8 38.06 1423.61 10401.6
1683666770 130.15 38.16 15570 9992.59
1683666780 309.17 38.15 1399.02 9252.29
1683666790 310.43 37.88 1423.61 9487.61
1683666800 315.78 38.21 1373.1 14143.9
1683666810 308.11 38.2 1425 5849.61
1683666820 310.23 38.21 1397.66 10063.9
1683666830 307.42 38.22 1423.61 8258.34
1683666840 312.39 38.28 1399.02 11106
1683666850 309.62 38.29 1442.95 9472.89
1683666860 315.14 38.29 1400.39 15443.8
1683666870 308.85 38.01 1419.85 6856.42
1683666880 310.41 38.01 1419.46 9656.81
1683666890 269.57 38.29 16885.5 9368.98
1683666900 316.34 38.09 1386.46 12963.2
1683666910 309 38.37 1411.61 10604.3
1683666920 309.95 38.09 1423.61 7775.22
1683666930 312.31 38.37 1376.17 10974.2
1683666940 309.47 38.09 1423.61 7523.12
1683666950 312.71 38.09 1401.37 11458.5
1683666960 312.35 38.37 1408.88 8204.63
1683666970 308.79 38.38 1425 10325.4
1683666980 311.14 38.38 1400.39 10939.1
1683666990 313.26 38.11 1393.17 10966.2
1683667000 297.85 38.38 16271.5 10521.1
1683667010 308.09 38.1 1422.22 7390.64
1683667020 311.53 38.4 1400.39 10812.1
1683667030 309.66 38.46 1373.66 10824.2
1683667041 306.58 38.47 1409.86 8243.86
1683667050 315.31 38.46 1374.44 12562.7
1683667060 308.83 38.46 1415.32 6069.06
1683667070 311.24 38.46 1401.76 11311
1683667080 316.22 38.18 1426.39 12096.2
1683667090 315.24 38.46 1392.23 9197.67
1683667100 308.98 38.2 1423.61 9225.76
1683667110 279.33 38.48 16476 12601.6
1683667120 308.1 38.48 1426.39 7295.01
1683667130 311.24 38.2 1376.34 11899.1
1683667141 304.73 38.48 1406.17 6732.56
1683667150 312.1 38.47 1399.02 11306.1
1683667160 312.59 38.2 1425.39 8043.36
1683667170 314.24 38.48 1347.76 14009.8
1683667181 308.37 38.48 1418.47 6967.15
1683667190 308.76 38.48 1420.84 9682.96
1683667201 311.88 38.47 1396.3 10863.1
1683667210 189.74 38.48 14963.7 11338.3
1683667221 311.19 38.48 1420.84 8326.78
1683667230 314.67 38.2 1351.71 14346.8
1683667240 308.79 38.48 1425 5964.06
1683667251 309.31 38.47 1389.54 9213.57
1683667261 311.28 38.48 1394.55 11403.1
1683667271 312.72 38.2 1401.76 10333.1
1683667281 307.7 38.48 1420.84 8250.44
1683667291 312.01 38.48 1324.49 14904.2
1683667301 306.34 38.48 1423.61 5877.07
1683667311 128.37 38.47 14272.1 10264.3
1683667321 306.58 38.47 1386.85 8926.89
1683667331 309.74 38.48 1397.27 9458.09
1683667341 308.78 38.2 1400.39 8955.47
1683667351 315.58 38.48 1346.45 15872.2
1683667361 309.15 38.46 1422.61 6060.43
1683667371 309.44 38.21 1394.55 9831.91
1683667381 315.35 38.49 1401.76 11010
1683667391 309.94 38.49 1407.14 8853.23
1683667401 311.7 38.49 1422.22 10143.5
1683667411 309.55 38.21 1414.43 8627.29
1683667421 300.78 38.49 15381.8 12533.7
1683667431 308.19 38.49 1422.61 7526.71
1683667441 310.22 38.47 1369.65 11367.7
1683667451 309.16 38.47 1397.66 8045.22
1683667461 312.27 38.47 1420.84 8134.76
1683667471 311.09 38.19 1370.04 13785.2
1683667481 312.02 38.48 1401.76 10567
1683667491 311.14 38.48 1426.39 7411.14
1683667501 310.98 38.2 1393.59 9360.93
1683667511 310.35 38.48 1375 14911.7
1683667521 216.77 38.49 14950.8 11603.1
1683667531 306.24 38.49 1400.38 7777.74
1683667541 312 38.22 1374.05 12127.2
1683667551 309.76 38.49 1423.61 6780.49
1683667561 311.62 38.49 1400 11612.5
1683667571 308.48 38.49 1397.27 8556.73
1683667581 309.74 38.21 1422.22 8689.67
1683667591 310.03 38.49 1371.37 12299.5
1683667601 312.94 38.49 1380.78 12060
1683667611 307.22 38.49 1425.39 6855.47
1683667621 92.69 38.48 14537.5 9477.31
1683667631 314.56 38.49 15930.5 11462.9
1683667641 309.66 38.22 1398.63 8466.73
1683667651 309.24 38.5 1419.46 9459.53
1683667661 315.73 38.5 1350.78 13479.7
1683667671 307.7 38.5 1422.22 6522.81
1683667681 313.48 38.21 1401.76 10712
1683667691 309.94 38.5 1370.98 10801.6
1683667701 309.75 38.52 1422.22 8790.25
1683667711 313.39 38.52 1401.37 10694.4
1683667721 313.61 38.52 1335.13 12450.2
1683667731 163.56 38.53 15137.2 5596.88
1683667741 312.58 38.56 1374.05 12615.8
1683667751 308.19 38.28 1424 6402.34
1683667761 307.33 38.56 1382.45 8374.54
1683667771 310.46 38.56 1401.76 12676
1683667781 316.88 38.55 1398.63 14104.6
1683667791 307.33 38.55 1425.39 5550.78
1683667801 313.16 38.56 1397.27 11717
1683667811 307.01 38.56 1446.15 7289.58
1683667821 314.46 38.57 1451.42 12482.9
1683667831 310.24 38.56 1410.25 7387.05
1683667841 191.51 38.56 15730 12303.6
1683667851 309.78 38.56 1377.12 11498.7
1683667861 309.67 38.56 1400.39 6767.97
1683667871 311.56 38.28 1368.32 13966.2
1683667881 308.17 38.56 1419.85 6181.32
1683667891 311.29 38.57 1369.65 11538.9
1683667901 309.55 38.29 1421.23 8801.17
1683667911 314.67 38.57 1377.12 12681.5
1683667921 311.06 38.57 1427.79 8136.59
1683667931 309.85 38.57 1422.22 8792.2
1683667941 310.75 38.57 1425 10323
1683667951 120.42 38.56 15785.5 10853.5
1683667961 309.19 38.56 1401.37 9017.4
1683667971 312.85 38.57 1346.45 13192.2
1683667981 309.86 38.29 1425 6241.8
1683667991 309.18 38.57 1375.39 9002.73
1683668001 312.79 38.57 1390.49 14187.4
1683668011 306.37 38.28 1411.41 7027.76
1683668021 309.75 38.56 1397.27 9942.69
1683668031 311.7 38.57 1372.71 12255.8
1683668041 309.87 38.57 1426.78 5549.95
1683668051 312.22 38.56 1401.37 11191.8
1683668061 261.04 38.57 15301.9 11293.8
1683668071 309.87 38.57 1400 8585.94
1683668081 311.82 38.58 1375.39 10960.9
1683668091 313.22 38.29 1370.43 12257.6
1683668101 307.71 38.57 1400 5654.69
1683668111 313.74 38.58 1397.66 10409.8
1683668121 311.85 38.29 1391.84 12149.1
1683668131 308.85 38.57 1420.84 7702.82
1683668141 310.5 38.29 1393.2 10481.6
1683668151 308.27 38.58 1347.23 12438.6
1683668161 265.44 38.56 14762.1 5930.47
1683668171 314.83 38.29 1399.02 12962
1683668181 310 38.29 1403.08 8529.23
1683668191 309.86 38.57 1400 8882.81
1683668201 311.92 38.57 1400.39 9305.47
1683668211 315.34 38.57 1375.78 14585.2
1683668221 305.15 38.29 1417.09 6467.96
1683668231 309.54 38.57 1420.84 8311.98
1683668241 313.57 38.57 1399.02 11780.3
1683668251 307.92 38.57 1401.37 7976.93
1683668261 99.22 38.56 14957.3 10044.5
1683668271 314.15 38.57 1375 14494.5
1683668281 310.03 38.58 1408.88 8108.11
1683668291 309.66 38.28 1400 8628.91
1683668301 310.27 38.57 1401.37 8933.33
1683668311 310.51 38.57 1434.08 9748.39
1683668321 309.76 38.57 1398.63 9811.12
1683668331 310.35 38.57 1401.17 11980.1
1683668341 313.64 38.57 1406.82 10098.1
1683668351 308.57 38.57 1444.75 7410.12
1683668361 308.59 38.57 1425 10080.1
1683668371 100.89 38.57 15372.1 9353.37
1683668381 311.33 38.57 1375.39 11319.5
1683668391 309.23 38.57 1418.08 7478.72
1683668401 313.47 38.28 1350.39 12628.9
1683668411 309.35 38.57 1397.27 8843.66
1683668421 308.02 38.57 1401.76 8635
1683668431 311.6 38.28 1373.66 10981.1
1683668441 309.46 38.56 1421.23 9767.48
1683668451 314.16 38.57 1450 9719.53
1683668461 314.97 38.57 1369.1 12870
1683668471 307.04 38.57 1427.79 7862.23
1683668481 313.55 38.29 1422.22 11876.8
1683668491 276.64 38.57 16740.6 10292.9
1683668501 306.02 38.33 1418.08 7696.79
1683668511 311.78 38.61 1396.3 10027.3
1683668521 315.11 38.33 1347.76 13594.1
1683668531 306.05 38.61 1420.84 6179.55
1683668541 308.56 38.33 1395.91 8535.93
1683668551 311.33 38.33 1401.37 11417.4
1683668561 311.91 38.61 1423.61 9749.07
1683668571 310.93 38.33 1398.63 9450.93
1683668581 314.48 38.61 1368.71 13840.6
1683668591 308.31 38.33 1452.84 5940.12
1683668601 279.99 38.61 16351.2 10082
1683668611 310.2 38.32 1393.2 8529.83
1683668621 312.95 38.61 1395.91 9813.83
1683668631 310.84 38.32 1400 10571.5
1683668641 314.56 38.6 1350 14480.5
1683668651 303.71 38.6 1425 5199.61
1683668661 313.47 38.32 1425 10396.5
1683668671 310.74 38.61 1425 9428.12
1683668681 314.26 38.61 1425 10314.1
1683668691 310.07 38.61 1425.39 9379.3
1683668701 154.88 38.61 14974.3 14444.8
1683668711 311.18 38.61 1394.55 6720.23
1683668721 307.22 38.61 1398.63 7398.63
1683668731 311.57 38.33 1418.08 10149.3
1683668741 313.45 38.61 1372.71 10985.6
1683668751 311.28 38.61 1393.2 8774.34
1683668761 313.44 38.55 1397.27 12085.8
1683668771 312.65 38.85 1394.55 10717.9
1683668781 311.44 38.85 1426.78 10276.4
1683668791 310.05 38.85 1423.61 7733.85
1683668801 311.57 38.56 1394.94 9864.59
1683668811 149.37 38.85 15549.3 9372.1
1683668821 312.56 38.84 1370.98 12200.6
1683668831 310.31 38.57 1369.1 10798.1
1683668841 308.1 38.57 1398.63 6445.27
1683668851 314.15 38.85 1374.05 12207.2
1683668861 307.89 38.84 1397.27 8416.37
1683668871 310.65 38.85 1400.39 9736.72
1683668881 309.47 38.85 1398.63 9494.63
1683668891 316.51 38.85 1375.39 12564.5
1683668901 307.77 38.85 1416.7 6789.51
1683668911 309.08 38.57 1350 10416.4
1683668921 207.61 38.87 14775.4 5192.98
1683668931 292.75 38.87 333.72 1721.96
1683668941 142.25 38.77 178.73 154.54

Execution duration: 00:55:46.46
