1683708403 287.05 2.73 5934.67 14929.5
1683708413 300.99 3.72 5778.18 19960.7
1683708423 305.45 4.15 5696.73 23424
1683708433 287.69 5.33 5339.03 21553.5
1683708443 303.97 5.93 5709.02 20463.8
1683708453 290.59 6.54 5327.25 23151.2
1683708463 299.7 6.93 5817.43 18533.5
1683708473 310.42 7.91 5638.5 24484.1
1683708483 305.55 8.87 5728.72 19962.4
1683708493 286.29 9.45 5314.79 18419.3
1683708503 309.97 10.33 5635.93 23296
1683708513 301.19 11.14 5533.93 24123.4
1683708523 307.82 11.56 5766.74 21308.9
1683708533 308.61 12.62 5596.44 20936.5
1683708543 305.14 13.15 5723.05 19859.5
1683708553 308.62 14.11 5627.33 23072.1
1683708564 310.09 15.34 5609.1 24276.6
1683708574 279.59 15.36 5239.45 19441.8
1683708584 308.1 16.35 5628.46 22524.1
1683708594 303.95 17.13 5706.11 19266.7
1683708604 281.18 17.76 5259.11 21189.4
1683708614 302.77 18.71 5661.2 18930.3
1683708624 303.45 19.45 5565.62 23147
1683708634 279.98 19.93 4898.22 23404.7
1683708644 298.91 20.57 5767.99 17054.2
1683708654 309.37 20.99 5718.73 21534.5
1683708664 307.69 22.37 5650.05 22854.8
1683708674 300.99 22.93 5561.77 20606.1
1683708684 278.11 23.85 5100.19 17972
1683708694 308.14 24.57 5497.94 27478.3
1683708704 287.45 24.99 5409.41 15050.2
1683708714 303.83 25.76 5656.69 20688.2
1683708724 306.47 26.89 5572.15 22051
1683708734 307.89 27.63 5604.73 23312.8
1683708744 305.81 28.65 5714.45 19058.4
1683708754 292.64 29.54 5238.47 21978.8
1683708764 308.17 29.74 5538.65 22872
1683708774 304.71 30.57 5677.72 18774.9
1683708784 301.77 31.25 5601.58 21494.6
1683708794 306.4 32.05 5586.99 19850.2
1683708804 307.56 32.81 5620.43 22723.8
1683708814 306.26 33.89 5643.4 20997.8
1683708824 293.52 34.21 5117.88 23656.2
1683708834 296.21 35.18 5391.83 19554.5
1683708844 305.51 35.61 5588.2 21030.1
1683708854 293.05 36.67 5353.57 18677.8
1683708864 310.99 37.73 5565.06 24105.6
1683708874 306.06 38.35 5593.35 21802.1
1683708884 284.26 38.62 5005.28 21826.8
1683708894 306.83 38.36 5612.89 21389.5
1683708904 303.04 38.81 5633.33 17194.5
1683708914 309.01 38.91 5498.63 23577.3
1683708924 293 38.64 5336.83 18549.7
1683708934 302.37 38.66 5347.39 25611.4
1683708944 301.47 38.74 5471.76 22399.6
1683708954 299.9 39.01 5712.89 17147.7
1683708964 309.93 38.76 5459.4 25252.2
1683708974 304.59 39.04 5644.88 20801.2
1683708984 307.15 38.78 5641.92 24957.9
1683708994 309.1 38.75 5561.25 20052.5
1683709004 279.26 39.01 4873.19 23438.3
1683709014 302.25 38.75 5655.91 16602.5
1683709024 312.55 38.75 5559.61 24269
1683709034 303.52 39.05 5600.39 19750.8
1683709044 311.12 38.8 5544.98 23991
1683709054 301.47 39.06 5686.5 17093.2
1683709064 312.09 38.76 5582.44 25793.6
1683709074 275.99 38.8 4851.31 20145.8
1683709084 309.8 39.06 5742.6 20889.3
1683709094 310.03 39.06 5496.79 24682
1683709104 285.34 38.86 5393.16 15632.1
1683709114 315.07 38.85 5536.2 25130.7
1683709124 300.4 39.09 5640.43 17606.7
1683709134 285.24 38.83 4992.77 23118.7
1683709144 308.22 38.85 5579.23 23261.9
1683709154 303.43 39.14 5666.99 16474
1683709164 312.32 38.84 5430.69 26661.6
1683709174 264.91 38.83 4940.74 14620.7
1683709184 304.8 39.11 5618.38 21824
1683709194 289.21 38.86 5020 22840.8
1683709204 311.04 39.12 5475.39 22694.1
1683709214 304.3 38.88 5618.38 17222.3
1683709224 310.29 38.84 5559.61 21287.8
1683709234 290.11 39.25 5065.23 22492.1
1683709244 282.99 38.98 5336.87 15072.2
1683709254 315.84 39.25 5430.69 28197.5
1683709264 306.95 38.98 5761.64 20234
1683709274 310.46 38.98 5580.84 21609
1683709284 307.36 39.27 5569.38 19751.5
1683709294 305.49 39.24 5559.61 22243.9
1683709304 290.29 38.97 5301.27 17832.8
1683709314 315.21 38.97 5477.13 28963.3
1683709324 300.69 39.24 5617.48 15769.7
1683709334 308.32 38.99 5573.39 24485.7
1683709344 308.11 38.99 5655.91 23513.2
1683709354 307.95 39.26 5569.38 20203.9
1683709364 309.79 39 5679.92 20668.4
1683709374 290.14 39.24 5262.89 22997.3
1683709384 310.37 38.96 5586.3 21840.7
1683709394 307.45 39.26 5666.99 18847.4
1683709404 307.04 39 5568.33 21980.5
1683709414 304.01 38.99 5648.53 20335.8
1683709424 312.35 39.3 5528.7 24278.2
1683709434 305.28 39.03 5630.5 18076.2
1683709444 284.13 39.3 4878.36 22879.1
1683709454 304.88 39.04 5587.5 20005.1
1683709464 310.83 39.13 5544.59 22757.1
1683709474 295.01 39.39 5381.42 22203.3
1683709484 305.58 39.39 5673.58 19076.3
1683709494 309.05 39.38 5441.25 22245.9
1683709504 289.68 39.1 4935.93 23975.5
1683709514 300.78 39.13 5492.86 20263.5
1683709524 304.3 39.14 5598.43 18796.1
1683709534 309 39.4 5526.43 22298.2
1683709544 302.83 39.13 5632 21748.7
1683709554 264.22 39.37 4630.59 17183.9
1683709564 299.52 39.37 5215.28 25444.1
1683709574 302.84 39.1 5704.21 16252.3
1683709584 305.5 39.39 5521.57 20333.3
1683709594 312.34 39.13 5578.84 23285
1683709604 305.56 39.12 5519.61 20767.6
1683709614 307.45 39.1 5571.76 22012.5
1683709624 280.15 39.47 4843.01 23492.9
1683709634 305.76 39.17 5562.5 19161.3
1683709644 304.9 39.48 5566.31 19982.4
1683709654 306.76 39.21 5403.33 23436.2
1683709664 306.66 39.52 5654.06 19127.5
1683709674 314.23 39.52 5452.08 24852.7
1683709684 304.11 39.28 5548.34 18218.4
1683709694 302.06 39.51 5344.17 23359.8
1683709704 309.88 39.27 5473.19 23486.9
1683709714 304.7 39.26 5673.58 17220.3
1683709724 291.68 39.26 5297.85 19902.5
1683709734 307.32 39.54 5600 23310.5
1683709744 308.87 39.26 5576.61 20226.9
1683709754 275.27 39.52 4812.91 22290.9
1683709764 300.89 39.52 5711.15 17561.2
1683709774 310.86 39.27 5460.67 25731.9
1683709784 301.86 39.26 5691.67 21217.6
1683709794 272.87 39.5 4852.1 17942.8
1683709804 310.44 39.4 5544.98 24606
1683709814 283.69 39.38 5058.2 21073.8
1683709824 301.08 39.65 5734.9 16696.5
1683709834 311.18 39.39 5685.1 23814.1
1683709844 312.44 39.37 5616.84 22853.7
1683709855 298.06 39.66 5427.68 21075.2
1683709864 97.45 39.04 792971 11938

Execution duration: 00:24:27.27
