1683595839 303.89 1.6 1622.72 4952.19
1683595849 308.14 2.03 1425.05 8439.36
1683595859 310.61 2.48 1423.41 10404.8
1683595869 311.62 2.88 1425.05 10360.2
1683595879 314.81 3.23 1441.35 15260.4
1683595889 308.34 3.39 1447.62 7296.83
1683595899 308.4 3.67 1416.6 10201.2
1683595909 308.03 4.04 1447.62 7353.57
1683595919 307.94 4.41 1397.23 10172.6
1683595929 187.14 4.93 15322.6 10802.4
1683595939 312.4 5.18 1397.23 14619.8
1683595949 306.12 5.24 1418.79 5909.79
1683595959 309.76 5.35 1413.81 9025.25
1683595969 309.51 5.9 1419.41 9685.15
1683595979 309.22 6.37 1395.44 11142.9
1683595989 308.04 6.84 1422.62 9731.75
1683595999 311.49 6.92 1444.75 8570.69
1683596009 313.96 7.13 1421.39 12768.3
1683596019 309.72 7.29 1471.56 8462.24
1683596029 181.39 7.78 14792.5 11146.5
1683596039 310.4 8.13 1445.15 7364.36
1683596049 311.38 8.34 1419.41 9756.04
1683596059 310.97 8.71 1418.4 9101.48
1683596069 315.66 9.15 1395.84 13414.1
1683596079 310.29 9.29 1394.46 7278.81
1683596089 312.43 9.61 1415.2 11541.2
1683596099 312.17 10.04 1418.4 12049.1
1683596109 310.64 10.46 1437.64 6913.5
1683596119 312.87 10.71 1476.83 9182.97
1683596129 315.03 11.06 1391.3 14781.8
1683596139 190.61 11.21 16096.8 6421.35
1683596149 314.15 11.58 1443.72 10610.5
1683596159 311.17 11.81 1443.32 7841.74
1683596169 313.04 12.49 1415.59 12062.8
1683596179 309.97 12.58 1440.47 8283.91
1683596190 315.27 12.92 1413.2 14031.9
1683596200 311.07 12.93 1440.47 6826.85
1683596209 311.85 13.39 1441.9 10415
1683596220 313.24 13.88 1441.9 10687.4
1683596230 312.12 14.03 1437.64 8611.23
1683596240 311.73 14.57 1414.2 10966.5
1683596250 227.18 14.89 16322.1 13124.9
1683596260 309.56 15.03 1438.03 5520
1683596270 314.39 15.4 1413.81 9627.61
1683596280 313.89 15.86 1413.81 11955.8
1683596290 314.01 16.2 1413.81 9749.11
1683596300 310.55 16.61 1439.44 9558.58
1683596310 313.2 16.8 1361.97 14097.3
1683596320 310.18 17.06 1440.47 7742.94
1683596330 310.67 17.17 1442.69 7813.44
1683596340 313.29 17.75 1436.61 10812.2
1683596350 311.12 18.37 1386.22 10548.8
1683596360 186.23 18.54 16298.1 8869.22
1683596370 312.71 18.93 1387.98 13612.2
1683596380 310.74 19.05 1437.64 5711.53
1683596390 310.82 19.29 1410.03 9627.93
1683596400 313.11 19.59 1412.41 9393.1
1683596410 313.09 20.14 1411.02 9247.64
1683596420 312.1 20.58 1434.81 12137.7
1683596430 316.56 20.85 1412.8 13799.8
1683596440 309.14 21.06 1460.37 6134.51
1683596450 309.94 21.23 1434.81 7800.2
1683596460 310.2 21.76 1405.88 10689.4
1683596470 116.22 22.13 16101.5 9771.87
1683596480 311.48 22.64 1407.26 10838.1
1683596490 313.86 22.86 1359.68 14289.1
1683596500 309.44 23.01 1460.77 6581.32
1683596510 311.07 23.42 1405.49 10830.6
1683596520 308.73 23.7 1406.87 7780.57
1683596530 308.95 24.05 1383.49 9962.28
1683596540 308.43 24.39 1431.99 9581.16
1683596550 311.23 24.96 1412.8 10768.5
1683596560 311.26 24.99 1404.5 11002.1
1683596570 307.26 25.21 1408.64 7901.38
1683596580 312.57 25.58 1433.4 9960.71
1683596590 293 26 16751.4 9386.77
1683596600 310.51 26.55 1406.87 10133.5
1683596610 310.5 26.73 1381.75 10432.6
1683596620 311.72 26.97 1350.39 11523.4
1683596630 308.25 27.19 1408.25 8619.65
1683596640 309.5 27.43 1404.5 8502.25
1683596650 311.48 28.01 1405.49 9431.76
1683596660 312.85 28.27 1405.88 9472.16
1683596670 308.22 28.73 1404.11 10246.8
1683596680 313.24 28.91 1380.78 12608.6
1683596690 258.77 29.12 15083.2 8049.75
1683596700 307.17 29.43 1383.1 7887.23
1683596710 307.63 29.68 1353.03 11002.4
1683596720 307.16 30.24 1380.39 9103.53
1683596730 311.78 30.51 1407.26 10100.1
1683596740 309.1 30.89 1353.03 11655.6
1683596750 309.72 31.1 1433.79 8211.39
1683596760 304.19 31.34 1397.27 7407.02
1683596770 307.55 31.77 1405.49 10315.3
1683596780 312.82 32.37 1404.5 11421.4
1683596790 306.79 32.56 1415.32 8300.29
1683596800 233.39 32.93 16206.9 13599.2
1683596810 305.68 32.96 1402.74 6276.32
1683596820 308.51 33.3 1404.5 9569.83
1683596830 311.05 33.7 1377.69 8658.32
1683596840 309.87 34.01 1375.39 11055.1
1683596850 310.58 34.62 1377.69 11309.2
1683596860 311.63 34.81 1375.78 11845.3
1683596870 305.77 35.26 1424 6738.34
1683596880 309.2 35.53 1427.79 9022.7
1683596890 309.59 35.86 1403.13 9487.67
1683596900 308.08 36.09 1370.98 9730.48
1683596910 233.1 36.58 15976.1 9961.6
1683596920 308.4 36.88 1325.39 15037.9
1683596930 305.26 36.83 1396.3 6048.3
1683596940 310.24 37.17 1399.02 10174.4
1683596950 306.68 37.59 1386.46 6993.04
1683596960 310.26 37.98 1401.76 12343.3
1683596970 314.1 37.98 1402.74 10201.6
1683596980 314.23 37.98 1373.1 13910.7
1683596990 308.03 37.98 1412.58 5787.8
1683597000 309.59 37.97 1403.13 9131.9
1683597010 309.76 37.85 1398.63 9272.2
1683597020 211.63 37.99 16076.2 11727.9
1683597030 309.36 38.05 1372.32 10391.8
1683597040 314.35 38.05 1425 9999.61
1683597050 308.54 37.92 1393.01 9706.41
1683597060 309.96 38.04 1401.37 8870.77
1683597070 311.4 38.04 1421.23 9508.47
1683597080 312.03 37.91 1401.37 9853.37
1683597090 312.36 38.05 1396.3 11586.8
1683597100 310.44 37.92 1400 9972.27
1683597110 313.87 38.05 1400.39 11986.3
1683597120 308.76 38.05 1394.94 7938.91
1683597130 110.36 38.04 15876.6 10871.5
1683597140 312.03 38.04 1428.18 8565.17
1683597150 309.85 37.98 1423.61 9233.95
1683597160 311.93 38.02 1401.76 11578.5
1683597170 314.31 38.16 1396.3 11225.7
1683597180 307.6 38.14 1397.66 8047.95
1683597190 313.59 38.16 1401.37 8453.96
1683597200 312.88 38.16 1397.27 11829.2
1683597210 309.45 38.16 1447.56 7394.15
1683597220 310.25 38.03 1400 11220.3
1683597230 315.31 38.16 1373.1 12892.4
1683597240 138.22 38.16 15383.8 7009.97
1683597250 310.64 38.15 1424 8647.8
1683597260 311.01 38.03 1395.91 10051
1683597270 312.8 38.16 1400.39 10101.6
1683597280 311.44 38.16 1376.34 11485.8
1683597290 311.72 38.16 1375.39 12329.7
1683597300 309.69 38.17 1451.42 6084.85
1683597310 312.47 38.03 1372.32 10736.5
1683597320 311.72 38.2 1450.39 9176.56
1683597330 311.82 38.07 1401.37 9890.13
1683597340 310.15 38.2 1399.02 9805.66
1683597350 134.29 38.19 15582.4 14658.6
1683597360 311.15 38.2 1451.42 5571.85
1683597370 311.11 38.07 1347.37 10187.9
1683597380 309.36 38.2 1370.98 11364.4
1683597391 308.51 38.15 1370.55 10699
1683597401 312.51 38.27 1404.43 8944.75
1683597410 311.23 38.16 1376.17 12872.3
1683597420 307.03 38.15 1426.39 7325.9
1683597430 311.29 38.28 1396.3 11488.2
1683597440 309.77 38.18 1412.58 8746.56
1683597450 309.46 38.31 1399.02 7502.05
1683597460 254.73 38.33 15398.2 11026.7
1683597470 315.25 38.33 1375.39 14695.7
1683597480 308.84 38.2 1417.48 6250.87
1683597490 309.97 38.2 1376.34 10144.3
1683597500 310.56 38.33 1426.39 7942.52
1683597510 311.92 38.33 1400 9941.8
1683597520 312.53 38.24 1378.08 12684.1
1683597530 312.2 38.38 1425 7769.14
1683597540 313.37 38.37 1399.41 12309.1
1683597550 310.36 38.39 1401.37 6695.21
1683597560 204.78 38.38 14777.4 13167.6
1683597570 312.02 38.38 1401.76 9664.52
1683597580 307.99 38.24 1395.91 8259.4
1683597590 311.82 38.25 1376.34 11158.5
1683597600 312.32 38.39 1376.73 10375.8
1683597611 308.29 38.39 1397.66 7126.32
1683597620 309.86 38.25 1398.63 10357.1
1683597630 309.56 38.39 1399.02 10352.8
1683597640 311.42 38.38 1423.61 8853.07
1683597650 312.31 38.26 1375 11910.2
1683597661 148.06 38.38 14439.4 10938.8
1683597671 306.05 38.39 1398.63 6855.8
1683597681 310.42 38.26 1346.45 12034.3
1683597691 307.02 38.26 1373.66 7303.8
1683597701 308.01 38.39 1374.05 10082
1683597711 310.35 38.4 1350 11135.2
1683597721 312.44 38.39 1369.1 12158.6
1683597731 305.75 38.26 1396.3 7336.32
1683597741 312.8 38.38 1400 11935.5
1683597751 310.79 38.24 1381.12 7230.83
1683597761 312.71 38.38 1376.34 10701.1
1683597771 244.89 38.39 15223 11127.2
1683597781 312.95 38.26 1349.95 12302.2
1683597791 305.25 38.25 1394.94 5626.46
1683597801 313.61 38.37 1379.04 10841.5
1683597811 309.17 38.25 1425 8780.86
1683597821 309.83 38.37 1394.55 10289.1
1683597831 309.89 38.25 1402.74 8808.61
1683597841 317.66 38.37 1374.44 14715.3
1683597851 309.96 38.38 1423.61 6374.24
1683597861 311.94 38.38 1403.13 10178.5
1683597871 115.65 38.37 14733.9 11205.1
1683597881 311.72 38.37 1400.39 8812.11
1683597891 312.54 38.38 1394.55 10028.4
1683597901 314.16 38.24 1375.39 13464.8
1683597911 308.27 38.25 1394.94 6362.65
1683597921 311.25 38.38 1427.79 7746.38
1683597931 311.31 38.26 1399.02 10442.1
1683597941 310.85 38.26 1401.37 10795.7
1683597951 311 38.39 1396.3 8218.5
1683597961 313.13 38.39 1369.65 12061.5
1683597971 313.96 38.38 1399.41 10675.5
1683597981 192.97 38.38 15291.8 9179.3
1683597991 309.57 38.38 1400 9550.78
1683598001 312.7 38.25 1426.78 9600.39
1683598011 309.42 38.25 1391.84 10093.6
1683598021 310.93 38.38 1400.39 9687.5
1683598031 315.23 38.38 1400.39 11937.9
1683598041 312.29 38.38 1424 11526.2
1683598051 310.46 38.25 1426.39 8805.87
1683598061 310.34 38.39 1398.63 11101.3
1683598071 311.33 38.26 1425 8562.11
1683598081 312.01 38.39 1387.8 11547.7
1683598091 204.1 38.39 15820.7 10962.1
1683598101 309.05 38.38 1395.91 8553.85
1683598111 311.89 38.39 1397.66 9332.55
1683598121 309.9 38.26 1416.7 8018.25
1683598131 312.34 38.25 1378.08 10124.5
1683598141 311.56 38.38 1391.84 11527
1683598151 312.81 38.25 1377.12 11435.4
1683598161 308.12 38.25 1428.18 6007.83
1683598171 314.28 38.38 1401.37 11299.3
1683598181 308.99 38.25 1425.39 8283.98
1683598191 311.54 38.38 1402.74 12041.5
1683598201 131.45 38.38 15885.5 9412.89
1683598211 303.5 38.39 1294.94 13409.7
1683598221 305.66 38.26 1399.02 5726.44
1683598231 312.4 38.25 1400 11399.2
1683598241 310.36 38.39 1376.34 9746.24
1683598251 308.78 38.39 1399.02 8735.61
1683598261 312.85 38.26 1370.98 12057.2
1683598271 312.16 38.39 1370.04 11595.3
1683598281 308.86 38.39 1420.84 6044.01
1683598291 315.65 38.39 1401.76 11681.7
1683598301 310.58 38.39 1401.73 7427.09
1683598311 260.29 38.39 15312 9072.78
1683598321 311.53 38.26 1350 11709.8
1683598331 316.42 38.25 1376.73 13587.5
1683598341 310.7 38.39 1394.94 6479.38
1683598351 309.01 38.26 1402.74 8192.17
1683598361 313.61 38.39 1402.74 10045.8
1683598371 310.44 38.25 1423.61 9601.95
1683598381 315.84 38.38 1401.76 11748.6
1683598391 308.58 38.39 1420.84 8430.38
1683598401 314.7 38.39 1371.37 11457.1
1683598411 286.83 38.39 14822.6 8807.41
1683598421 311.31 38.39 1373.66 8845.66
1683598431 311.73 38.26 1351.71 12054.7
1683598441 310.64 38.26 1400 8171.48
1683598451 309.96 38.39 1399.02 9332.68
1683598461 315.74 38.39 1376.73 11844.4
1683598471 310.6 38.26 1421.23 7879.65
1683598481 312.58 38.26 1398.63 11378
1683598491 311.15 38.39 1426.78 8896.58
1683598501 310.64 38.39 1400 8309.38
1683598511 97.37 38.38 14946.5 12503.1
1683598521 311.8 38.4 1398.05 11258.5
1683598531 311.35 38.26 1427.79 8708.02
1683598541 310.36 38.39 1400 7588.67
1683598551 308.4 38.26 1400 9764.45
1683598561 311.16 38.39 1418.4 10179.3
1683598571 310.3 38.39 1391.84 9821.36
1683598581 314.14 38.39 1373.1 13188.7
1683598591 306.04 38.39 1420.84 5954.82
1683598601 310.06 38.39 1425 9625.39
1683598611 315.84 38.43 1402.15 12559.9
1683598621 93.83 38.43 15362.8 9462.23
1683598631 309.47 38.43 1450 7713.28
1683598641 315.22 38.43 1349.07 14034
1683598651 307.13 38.3 1423.61 5639.8
1683598661 310.61 38.3 1370.98 10698.3
1683598671 309.09 38.42 1375 9487.5
1683598681 309.57 38.42 1425 8113.28
1683598691 313.28 38.46 1400 12212.9
1683598701 316.28 38.46 1397.27 12460
1683598711 310.65 38.33 1451.42 6372.63
1683598721 311.84 38.46 1401.37 11302.4
1683598731 310.06 38.45 1425 9212.11
1683598741 280.24 38.46 16762.4 11845.4
1683598751 309.29 38.35 1401.37 8123.17
1683598761 311.71 38.35 1323.71 14196.3
1683598771 310.89 38.48 1431.99 5954.07
1683598781 313.62 38.47 1419.46 10783.3
1683598791 309.84 38.48 1397.27 7687.33
1683598801 313.15 38.37 1395.91 11117.4
1683598811 309.86 38.5 1398.63 8287.61
1683598821 311.52 38.49 1398.63 10610.7
1683598831 314.59 38.49 1394.55 11375.9
1683598841 310.47 38.37 1426.39 7826
1683598851 273.56 38.5 16292.3 11034.1
1683598861 310.25 38.37 1425 8114.06
1683598871 309.27 38.5 1398.63 8829.27
1683598881 304.59 38.51 1350.39 11716.8
1683598891 314.45 38.51 1400 11156.2
1683598901 309.29 38.51 1426.39 8501.27
1683598911 310.25 38.51 1425 9024.61
1683598921 311.44 38.51 1427.79 9699.41
1683598931 311.87 38.38 1394.55 11404.7
1683598941 314.6 38.5 1420.84 8962.41
1683598951 149.42 38.51 14978.1 12285.5
1683598961 311.61 38.51 1398.63 9371.71
1683598971 311.63 38.37 1426.39 8355.43
1683598981 313.29 38.51 1375 11077.3
1683598991 308.09 38.38 1420.84 7367.48
1683599001 307.81 38.51 1372.32 9270.18
1683599011 314.92 38.38 1372.32 13545.4
1683599021 312.18 38.38 1447.17 6197.66
1683599031 313.38 38.58 1400 12448
1683599041 307.72 38.44 1451.42 7041.25
1683599051 313.45 38.59 1397.27 11801.6
1683599061 139.82 38.6 15544.8 9213.7
1683599071 312.78 38.59 1373.1 12771.1
1683599081 311.51 38.59 1447.17 6306.43
1683599091 308.45 38.45 1368.32 10666.3
1683599101 310.56 38.59 1426.39 8228.74
1683599111 309.53 38.59 1394.55 8984.82
1683599121 313.17 38.46 1398.63 11130.5
1683599131 315.11 38.59 1374.05 14926.4
1683599141 308.39 38.59 1450 5470.31
1683599151 313.59 38.59 1401.37 10457.9
1683599161 311.28 38.6 1393.2 10186.2
1683599171 220.08 38.53 14736.5 3840.16
1683599181 293.1 38.59 331.52 2249.42
1683599191 131.58 38.49 159.14 3000.98

Execution duration: 00:55:56.56
