1683606366 284.46 2.6 5900.8 13429.1
1683606376 301.79 3.43 5649.7 22701.8
1683606386 304.27 4.27 5713.32 22563
1683606396 277.78 5.09 5282.94 18543.7
1683606406 304.06 5.83 5714.69 21256.4
1683606416 304.06 6.3 5595.25 23500.3
1683606426 303.86 7.15 5634.43 22870
1683606436 302.57 7.95 5804.76 19647.1
1683606446 304.07 8.86 5664.29 21860.3
1683606456 307.81 9.64 5697.73 20890.6
1683606466 287.84 10.35 5185.77 22537.2
1683606476 302.57 10.88 5621.76 24369.9
1683606486 306.14 11.72 5715.64 19320.4
1683606496 302.57 12.31 5677.62 21101.4
1683606506 306.73 13.21 5684.67 19347.2
1683606516 304.84 14.18 5622.9 23426.3
1683606526 307.62 14.88 5697.33 19668
1683606536 271.44 15.41 4856.92 23349
1683606546 307.22 15.89 5634.03 20342.2
1683606556 306.03 16.93 5679.05 21443.5
1683606566 305.03 17.75 5667.85 21002.8
1683606576 291.12 18.42 5344.92 21366.6
1683606586 303.66 19.41 5635.54 21329.9
1683606596 301.49 20.15 5413.44 25150.6
1683606606 300.49 20.43 5693.1 17130.6
1683606616 304.63 21.36 5663.45 20403.2
1683606626 309.37 22.12 5655.23 23426.4
1683606636 296.15 22.95 5566.86 19133.3
1683606646 304.45 23.7 5527.27 22455
1683606656 292.42 24.8 5129.06 26072.9
1683606666 295.05 25.18 5588.91 16802.4
1683606676 304.73 26.19 5586.6 20324.7
1683606686 303.35 26.82 5669.29 19841.3
1683606696 305.91 27.74 5541.62 23544
1683606706 269.55 28.56 5054.62 18315.1
1683606716 305.3 29.21 5640.04 20273.2
1683606726 305.71 29.6 5428.74 25008.7
1683606736 301.48 30.4 5568.5 19111
1683606746 303.63 31.4 5458.82 23473.3
1683606756 304.53 31.94 5694.49 18433.5
1683606766 300.01 32.94 5460.67 21528
1683606776 303.55 33.72 5480.31 23494.9
1683606786 261.07 34.02 4757.52 18384.3
1683606796 304.6 34.68 5517.89 20244.8
1683606806 302.76 35.67 5656.69 21753.9
1683606816 275.56 36.55 5099.9 21527.8
1683606826 304.53 37.27 5563.03 18527
1683606836 306.16 37.98 5523.29 23108.8
1683606846 273.29 38.39 4834.44 21881.4
1683606856 300.59 38.49 5655.52 17349.8
1683606866 308.53 38.61 5534.12 25165.9
1683606876 302.65 38.73 5596.86 18535.7
1683606886 282.53 38.77 5162.71 20601.8
1683606896 307.04 38.61 5598.43 22425
1683606907 300.58 38.87 5230.62 24981
1683606916 296.29 38.68 5625 14762.9
1683606926 305.7 38.74 5607.86 21646.8
1683606936 306.57 38.82 5534.12 21326.7
1683606946 304.9 38.85 5596.86 23274.5
1683606956 308.82 38.74 5528.7 21857.8
1683606966 294.42 38.72 5240.74 24049.4
1683606976 305.6 38.84 5564.67 21284.8
1683606986 304 38.73 5644.49 17537.2
1683606996 307.35 38.75 5509.02 25007.1
1683607006 301.18 38.73 5709.8 16860.4
1683607016 311.97 38.87 5690.28 23753.1
1683607026 307.69 38.71 5441.25 25187.5
1683607036 264.91 38.75 4803.12 16531.4
1683607046 301.57 38.87 5729.29 21825.3
1683607056 307.54 38.69 5546.67 20812.9
1683607066 285.46 38.77 5207.41 19282.7
1683607076 305.68 38.86 5523.29 22293.9
1683607086 308.62 39 5428.4 24396.5
1683607096 295 38.91 5233.33 21232.9
1683607107 305.54 38.85 5505.24 21170.9
1683607116 307.44 38.92 5603.92 20449.8
1683607126 301.37 39.03 5661.06 19388.3
1683607137 289.85 39.06 5137.33 19983
1683607147 313.73 38.88 5533.79 25573.1
1683607157 304.45 39 5509.09 20709.1
1683607166 300 38.91 5647.06 17086.3
1683607177 307.04 38.88 5548.34 20915.8
1683607187 305.57 39.05 5605.47 22426.2
1683607197 303.8 38.92 5564.13 22036.3
1683607206 300.69 39.04 5451.62 19844.2
1683607217 307.82 38.91 5518.28 24979.1
1683607227 299.42 38.92 5580.45 18474.3
1683607237 304.2 39.03 5619.51 23949.7
1683607247 300.69 38.92 5491.09 22366.3
1683607257 304.72 39.07 5652.6 23282.8
1683607267 309.4 38.94 5686.11 18530.3
1683607277 284.77 38.93 4888.28 27439.8
1683607287 303.44 39.06 5677.72 19979.6
1683607297 300.78 39.03 5596.86 16891.8
1683607307 306.19 38.9 5620.43 21210.2
1683607317 290.12 39.04 5272.8 21521.3
1683607327 307.15 38.95 5560.86 21470.5
1683607337 312.85 38.91 5559.22 25783.5
1683607347 299.02 39.04 5544.59 18048.8
1683607357 305.4 39.04 5552.11 22803.9
1683607367 307.73 39.17 5553.77 21491.1
1683607377 306.58 39.04 5577.23 21131.7
1683607387 284.04 39.1 5127.52 21599.6
1683607397 303.35 39.22 5732.67 16853.2
1683607407 311.07 39.13 5353.96 25033.5
1683607417 302.35 39.24 5584.31 17859.2
1683607427 305.04 39.26 5558.53 23978.7
1683607437 304.89 39.25 5568.33 18644.4
1683607447 306.65 39.2 5418.18 25402.9
1683607457 307.4 39.11 5440.38 22275.8
1683607467 263.51 39.23 4784.78 18185.8
1683607477 306.17 39.25 5591.77 18910.5
1683607487 305.88 39.13 5521.96 20076.5
1683607497 308.74 39.27 5539.94 21858.7
1683607507 284.41 39.13 5020 20289
1683607517 312.32 39.13 5448.53 24980
1683607527 293 39.26 5305.06 20917.1
1683607537 300.3 39.13 5615.31 15901.1
1683607547 310.97 39.13 5604.31 21873.8
1683607557 307.7 39.25 5621.42 22985
1683607567 297.25 39.13 5178.06 22265.6
1683607577 266.34 39.24 5090.15 13655.9
1683607587 312.62 39.13 5449.71 28657.1
1683607597 296.99 39.13 5462.39 17600.4
1683607607 304.21 39.27 5555.82 20230.7
1683607617 301.96 39.11 5543.3 19492.9
1683607627 302.56 39.25 5615.31 23485
1683607637 284.57 39.13 5037.89 21592.2
1683607647 300.88 39.13 5629.38 19929.5
1683607657 313.09 39.23 5482.42 24956.6
1683607667 301.75 39.06 5566.15 17178.2
1683607677 302.93 39.12 5482.54 21914.1
1683607687 310.67 39.33 5436.01 24871.6
1683607697 302.95 39.22 5602.75 17234.5
1683607707 307.54 39.35 5523.68 23098.2
1683607717 274.82 39.22 4919.49 20653.5
1683607727 304.9 39.23 5679.53 20009.8
1683607737 307.26 39.22 5597.25 20054.1
1683607747 305.08 39.34 5575.39 21049.2
1683607757 296.96 39.22 5238.47 23086.5
1683607767 307.2 39.36 5498.15 22571.8
1683607777 283.6 39.36 5059.38 21290.2
1683607787 300.39 39.21 5597.25 16980.4
1683607797 303.43 39.24 5498.63 19929.9
1683607807 304.4 39.28 5530.79 21363
1683607817 302.15 39.35 5567.94 21306
1683607827 125.83 38.74 791378 19227

Execution duration: 00:24:28.28
