1683614565 306.67 1.74 1899.3 4984.68
1683614575 309.91 2.24 1427.95 9802.18
1683614585 312.31 2.64 1448.81 9182.14
1683614595 313.48 3.17 1395.44 11497.7
1683614605 304.26 3.42 1385.56 11822.8
1683614615 307.73 3.47 1446.18 6357.98
1683614625 310.7 3.54 1421.21 9371.66
1683614635 311.35 4.21 1440.47 9290.03
1683614645 310.42 4.66 1397.23 12112.3
1683614655 184.94 5.18 15222.6 9475.65
1683614665 312.99 5.26 1421.6 13744.7
1683614675 309.49 5.51 1467.98 7164.43
1683614685 310.59 5.72 1444.75 9572.28
1683614695 311 6.27 1445.15 11586.9
1683614705 311.29 6.5 1446.18 7607.53
1683614715 315.54 6.72 1419.81 10346.9
1683614725 315.05 7.17 1445.94 14766.3
1683614735 308.39 7.02 1466.14 6019.74
1683614745 311.1 7.56 1444.75 9695.45
1683614755 196.14 8.07 14879.5 11747.2
1683614765 312.95 8.4 1441.9 6630.04
1683614775 313.42 8.78 1389.93 13294.4
1683614785 310.76 9.01 1391.11 13628
1683614795 313.37 8.96 1444.75 6165.15
1683614805 310.36 9.29 1440.86 7344.13
1683614815 314.4 9.64 1413.81 11543.6
1683614825 310.78 10.12 1467.59 8609.88
1683614835 312.73 10.53 1439.05 9998.03
1683614845 311.65 10.97 1431.78 11340.2
1683614855 311.65 11.02 1414.6 11478.9
1683614865 231.3 11.24 16334 7758.73
1683614875 314.72 11.55 1442.3 9933.6
1683614885 312.32 12 1413.81 9346.75
1683614895 312.75 12.4 1417 10592.9
1683614905 310.07 12.85 1415.2 10726.5
1683614915 316.55 13.01 1413.2 12482.4
1683614925 311.26 12.95 1440.47 8648.37
1683614935 309.85 13.63 1438.03 8726.31
1683614945 312.04 14.01 1440.47 11415.2
1683614955 310.33 14.53 1410.03 9990.17
1683614965 312.82 14.74 1439.05 9089.15
1683614975 250.93 15.03 16425.2 12356.6
1683614985 309.26 15.16 1463.25 6554.48
1683614995 314.61 15.44 1440.47 9740.57
1683615005 312.69 15.69 1411.41 11423.2
1683615015 309.85 16.3 1412.41 8991.53
1683615025 311.54 16.69 1440.86 10635
1683615035 311.62 16.63 1386.62 13952.8
1683615045 309.37 17.01 1463.25 5855.37
1683615055 310.87 17.21 1404.11 11033.9
1683615065 308.98 17.87 1413.81 9114.79
1683615075 312.02 17.96 1414.2 10002.8
1683615085 221.38 18.8 16532 12421.3
1683615095 310.94 18.97 1413.2 10819.3
1683615105 308.67 19.03 1462.86 5942.86
1683615115 315.77 19.26 1412.8 12189.6
1683615125 309.24 19.72 1434.81 7090.27
1683615135 310.04 20.24 1410.03 10695.4
1683615145 311.01 20.2 1434.81 7836.38
1683615155 315.42 20.86 1383.89 15998
1683615165 309.61 20.7 1457.5 6334.45
1683615175 310.76 21.34 1426.39 10179.1
1683615185 309.72 21.41 1408.64 9435.76
1683615195 143.51 22.02 16261.7 9181.53
1683615205 313 22.51 1412.41 11270.1
1683615215 312.86 22.52 1383.49 13788.2
1683615225 308.86 22.93 1436.61 6311.81
1683615235 311.18 22.94 1431.99 8297.15
1683615245 310.96 23.74 1429.58 10810.6
1683615255 312.28 23.95 1408.25 8611.39
1683615265 310.77 24.15 1402.74 10389.8
1683615275 313.27 24.82 1397.84 15374.2
1683615285 309.04 24.65 1458.55 5737.13
1683615295 310.81 25.01 1408.64 8960.71
1683615305 120.72 25.82 15732.2 12952.1
1683615315 306.36 26.09 1379.43 6912.83
1683615325 312 26.22 1409.64 9132.74
1683615335 312.86 26.82 1382.14 11485.8
1683615345 311.13 26.95 1373.66 10457.8
1683615355 308.79 27.1 1425 7410.55
1683615365 309.63 27.51 1407.26 10643
1683615375 311.65 27.84 1402.74 10923.3
1683615385 307.95 28.37 1407.26 9284.4
1683615395 311.37 28.7 1380.39 9083.53
1683615405 90.68 28.88 13982 12072.9
1683615415 306.29 28.91 15416.9 6449.51
1683615425 312.16 29.4 1355.68 11486.3
1683615435 310.08 29.76 1402.74 9108.02
1683615445 309.92 30.12 1406.87 9637.68
1683615455 311.13 30.51 1425.39 9413.28
1683615465 312.84 30.71 1379.43 12457.2
1683615475 309.61 30.6 1430.98 6243.14
1683615485 312.11 31.3 1425 11245.3
1683615495 314.46 31.53 1401.76 10950.5
1683615505 310.56 31.77 1427.79 8941.68
1683615515 312.04 32.59 1362.98 9471.5
1683615525 304.59 32.72 16650.2 12682.3
1683615535 309.58 32.61 1426.39 6713.59
1683615545 310.87 33.21 1403.13 8718.59
1683615555 313.25 33.39 1406.87 12011
1683615565 314.09 34.08 1403.13 10900.2
1683615576 309.93 34.44 1420.84 9656.09
1683615586 314.17 34.78 1376.73 12775.8
1683615596 310.93 34.84 1425 6827.73
1683615606 307.19 34.94 1417.09 9633.01
1683615616 309.65 35.3 1397.27 9176.22
1683615625 120.29 36.04 15263.9 10171.8
1683615636 308.68 36.31 1397.66 9146.59
1683615645 315.2 36.67 1380.78 14972.2
1683615656 307.41 36.8 1400.39 5935.94
1683615666 311.11 37.16 1397.27 9447.56
1683615676 312.47 37.62 1372.71 11165.3
1683615686 310.82 37.85 1397.27 9693.96
1683615696 310.24 38.03 1424 9077.46
1683615706 317.69 38.03 1375.78 14245.7
1683615716 307.98 37.76 1444.36 5514.4
1683615726 310.75 37.76 1400.39 8398.44
1683615736 95.8 38.28 15355.2 11044.8
1683615746 308.78 38.29 1397.66 8892.79
1683615756 310.42 38.29 1370.04 12312.1
1683615766 313.86 38.29 1350.78 12636.3
1683615776 307.9 38.29 1425 5939.45
1683615786 310.92 38.29 1409.86 7880.58
1683615796 312.21 38.29 1375 11359
1683615806 310.21 38.06 1445.76 9192.99
1683615816 310.73 38.33 1424 8948.68
1683615826 311.2 38.06 1370.98 12056.1
1683615836 315.1 38.06 1423 11318.9
1683615846 312.4 38.33 1425 7742.58
1683615856 224.88 38.34 16560.8 12110.4
1683615866 308.88 38.39 1423.61 7419.32
1683615876 310.43 38.48 1372.71 11579
1683615886 309.38 38.49 1425 9092.58
1683615896 314.16 38.22 1350.39 13931.2
1683615906 312.25 38.49 1418.47 6427.99
1683615916 306.93 38.22 1400 7573.83
1683615926 310.04 38.47 1397.66 12034.7
1683615936 309.47 38.47 1423.61 8616.59
1683615946 311.71 38.2 1400 10247.3
1683615956 314.54 38.21 1349.46 13124.7
1683615966 238.51 38.47 15907 6765.76
1683615976 312.66 38.46 1420.84 8026.1
1683615986 312.56 38.49 1420.84 11536.9
1683615996 315.15 38.49 1375.39 11344.1
1683616006 314.02 38.26 1395.91 10641.5
1683616016 312.83 38.53 1397.89 10170
1683616026 311.25 38.26 1415.32 9276.04
1683616036 312.91 38.53 1426.39 8452.79
1683616046 311.33 38.27 1423.61 7870.44
1683616056 313.86 38.53 1425.39 12121.1
1683616066 309.25 38.26 1395.91 8122.69
1683616076 227.98 38.53 16126.3 14015.2
1683616086 309.85 38.53 1374.05 10474.9
1683616096 308.78 38.53 1447.17 5678.36
1683616106 311.26 38.26 1392.23 9677.28
1683616116 311.97 38.53 1394.55 11352.5
1683616126 309.35 38.53 1396.3 9132.23
1683616136 317.27 38.52 1373.66 13525.9
1683616146 309.15 38.53 1444.75 6591.83
1683616156 308.27 38.53 1393.2 8880.47
1683616166 311.51 38.26 1398.63 10449.2
1683616176 136.91 38.53 14620.8 10012.5
1683616186 311.59 38.53 1395.91 10056.5
1683616196 308.83 38.26 1341.99 13968.2
1683616206 307.4 38.53 1420.84 5527.56
1683616216 309.95 38.26 1400.39 8535.55
1683616226 313.47 38.53 1398.63 11985.2
1683616236 312.65 38.52 1419.85 9510.89
1683616246 312.59 38.26 1425 9813.67
1683616256 314.94 38.53 1375 11741
1683616266 313.76 38.53 1413.35 10978.5
1683616276 311.14 38.53 1391.8 8257.42
1683616286 302.53 38.53 15367.2 9746.16
1683616296 311.22 38.53 1373.66 10150.6
1683616306 308.85 38.53 1369.65 9924.51
1683616316 311.61 38.53 1375 11488.7
1683616326 311.31 38.53 1373.1 9780.12
1683616336 310.25 38.52 1400.39 8621.88
1683616346 310.84 38.54 1423.61 9624.98
1683616356 313.28 38.53 1375.39 11584
1683616366 309.83 38.53 1420.84 8327.95
1683616376 312.98 38.27 1424 8524.1
1683616386 243.26 38.53 15017.2 13319.5
1683616396 308.57 38.53 1396.3 8872.05
1683616406 307.9 38.53 1422.22 7422.61
1683616416 311.98 38.6 1370.98 11865.2
1683616426 307.77 38.32 1391.84 8367.38
1683616436 310.42 38.6 1395.91 10077.1
1683616446 313.08 38.6 1373.66 12463.6
1683616456 307.91 38.6 1450 8771.09
1683616466 311.53 38.59 1400.39 11141.8
1683616476 310.25 38.6 1400 10253.1
1683616486 154.4 38.59 14717.6 9026.17
1683616496 310.43 38.6 1395.91 10834.3
1683616506 313.78 38.6 1375.39 11546.1
1683616516 309.25 38.6 1397.66 6489.67
1683616526 314.46 38.6 1376.34 11886.6
1683616536 312.02 38.61 1366.05 8714.65
1683616546 311.8 38.6 1372.32 10070.6
1683616556 308.05 38.6 1415.71 7435.89
1683616566 317.05 38.59 1347.76 15042.9
1683616576 310.84 38.6 1448.98 7245.66
1683616586 311.01 38.33 1422.22 9700.19
1683616596 239.83 38.6 15434.9 7621.03
1683616606 310.83 38.6 1399.02 9796.68
1683616616 309.34 38.6 1370.98 11127.2
1683616626 314.83 38.33 1349.46 14017.2
1683616636 310.24 38.33 1448.59 6303.22
1683616646 312.49 38.61 1399.02 10453.9
1683616656 313.39 38.59 1401.37 11114.8
1683616666 312.44 38.59 1418.47 9072.89
1683616676 311.97 38.59 1370.98 10676.9
1683616686 312.4 38.33 1373.66 12683.3
1683616696 80.24 38.52 14549.2 6430.77
1683616706 310.42 38.6 15994.9 8778.97
1683616716 311.7 38.32 1372.71 10902.5
1683616726 309 38.59 1401.37 8975.95
1683616736 310.94 38.6 1400.39 10108.6
1683616746 311.8 38.59 1397.27 10557.9
1683616756 314.15 38.6 1399.02 11767.8
1683616766 309.76 38.33 1425 8337.89
1683616776 313.44 38.69 1370.98 12869.7
1683616786 309.67 38.42 1423.61 9951.22
1683616796 310.35 38.69 1411.22 7793.42
1683616806 93.67 38.69 15116.2 11288.5
1683616816 314.43 38.69 16513.5 9545.42
1683616826 313.77 38.68 1425.39 7879.3
1683616836 309.33 38.69 1394.55 9920.62
1683616846 309.09 38.41 1386.46 9531.53
1683616856 311.79 38.68 1397.66 9768.81
1683616866 312.55 38.69 1370.98 10901.7
1683616876 310.12 38.69 1369.1 11217.5
1683616886 307.68 38.69 1418.08 7215.94
1683616896 313.26 38.69 1397.66 10699.8
1683616906 312.7 38.68 1400 10392.2
1683616916 309.77 38.41 1426.78 9264.52
1683616926 246.98 38.69 16520.6 10133.1
1683616936 314.15 38.69 1374.44 12947.1
1683616946 308.09 38.69 1422.22 7019.88
1683616956 309.32 38.69 1365.66 10110.6
1683616966 312.1 38.42 1399.02 8830.05
1683616976 311.06 38.68 1391.84 10667.2
1683616986 312.78 38.42 1399.02 11712
1683616996 312.29 38.69 1372.71 11001.2
1683617006 307.31 38.42 1422.61 5847.95
1683617016 312.19 38.69 1395.91 10925
1683617026 167.09 38.69 14701.9 11193.4
1683617036 309.66 38.69 1400.39 7842.97
1683617046 310.71 38.69 1370.98 9377.22
1683617056 316.84 38.69 1346.45 13677.5
1683617066 309.76 38.39 1398.63 6844.88
1683617076 310.05 38.66 1374.05 8253.27
1683617086 310.43 38.66 1397.27 10447.6
1683617096 310.9 38.66 1396.3 7585.2
1683617106 312.07 38.69 1395.91 12926.2
1683617116 315.58 38.69 1371.76 13155.6
1683617126 169.88 38.68 14068.4 5701.46
1683617136 314.84 38.69 1375 12804.7
1683617146 307.98 38.68 1394.94 8687.94
1683617156 310.57 38.68 1366.99 9038.45
1683617166 310.02 38.69 1394.94 8782.1
1683617177 312.58 38.68 1338.63 14825.2
1683617187 308.51 38.68 1414.34 5669.38
1683617196 310.61 38.68 1395.91 9563.39
1683617206 311.3 38.69 1422.22 9761.01
1683617216 313.57 38.41 1399.02 10450
1683617227 310.9 38.42 1419.46 8172.76
1683617237 215.73 38.69 15605.4 11657.5
1683617247 311.69 38.69 1371.37 11138.5
1683617257 310.92 38.7 1397.66 8067.84
1683617267 308.85 38.42 1393.2 9979.4
1683617277 310.84 38.69 1388.28 9714.06
1683617287 312.08 38.69 1408.37 9483.54
1683617297 313.15 38.42 1422.22 10724
1683617307 315.98 38.69 1396.3 11924
1683617317 311.23 38.42 1425 8457.42
1683617327 311.12 38.69 1399.02 8929.95
1683617337 312.05 38.42 1393.2 9783.48
1683617347 208.67 38.69 15979.3 10029.6
1683617357 312.03 38.69 1390.49 11752.1
1683617367 315.09 38.69 1377.91 11007.5
1683617377 307.8 38.42 1397.27 6097.86
1683617387 313.15 38.69 1370.98 11019.7
1683617397 312.3 38.69 1399.02 9619.9
1683617407 312.38 38.42 1373.1 12504.5
1683617417 310.31 38.69 1419.85 9712.84
1683617427 314.09 38.42 1368.32 12354.5
1683617437 309.29 38.69 1451.81 6037.54
1683617447 311.32 38.42 1398.63 9712.39
1683617457 154.34 38.69 15941.5 10215
1683617467 311.9 38.69 1374.05 11332.7
1683617477 310.66 38.41 1426.39 8380.45
1683617487 314.62 38.69 1347.76 13305.3
1683617497 311.14 38.42 1426.39 6083.28
1683617507 312.87 38.68 1422.61 9182.07
1683617517 310.69 38.68 1393.2 10773.2
1683617527 308.92 38.42 1414.34 8126.36
1683617537 311.1 38.69 1420.84 9856.28
1683617547 315.81 38.42 1349.07 14700.9
1683617557 308.66 38.69 1420.84 5830.57
1683617567 156.82 38.69 15520.9 11539.2
1683617577 310.99 38.69 1394.94 8922.96
1683617587 312.5 38.68 1425 8151.95
1683617597 314.53 38.69 1372.71 11988.3
1683617607 316.78 38.69 1373.66 13412.3
1683617617 309.5 38.69 1415.71 6593.99
1683617627 310.74 38.69 1398.63 8404.68
1683617637 309.52 38.68 1417.09 8601.94
1683617647 308.87 38.69 1373.66 11020.1
1683617657 308.87 38.68 1395.91 8517.23
1683617667 310.83 38.42 1372.71 11491.6
1683617677 234.95 38.69 15437.7 10885
1683617687 312.31 38.7 1400.39 8785.94
1683617697 308.68 38.7 1382.45 8422.76
1683617707 309.35 38.43 1372.71 10055.8
1683617717 312.3 38.69 1400 9952.73
1683617727 312.62 38.7 1392.23 11419.8
1683617737 313.74 38.42 1398.05 9497.86
1683617747 313.59 38.7 1401.37 10570.9
1683617757 308.77 38.41 1422.61 7397.27
1683617767 311.38 38.43 1369.65 9766.93
1683617777 311.8 38.7 1399.02 10557.7
1683617787 212.36 38.7 15902.3 9861.09
1683617797 304.11 38.7 1348.68 11474.7
1683617807 308.78 38.7 1423.61 6527.61
1683617817 313.1 38.7 1400 11073
1683617827 312.5 38.43 1423.61 8438.63
1683617837 311.32 38.7 1373.66 11982
1683617847 311.1 38.43 1447.17 8244.83
1683617857 312.58 38.7 1373.66 13385.8
1683617867 309.76 38.43 1423.61 8070.63
1683617877 311.04 38.43 1425 8485.16
1683617887 88.59 38.61 14478.8 10542.7
1683617897 281.9 38.7 14847.1 1550.93
1683617907 290.51 38.7 331.11 1427.01
1683617917 51.17 38.61 75.39 3390.23

Execution duration: 00:55:53.53
