1683684452 281.4 2.62 5768.36 14474.8
1683684462 300.3 3.55 5694.94 20797.6
1683684472 299.9 4.36 5727.38 22097.6
1683684482 280.24 4.97 5300.9 19723.5
1683684492 306.63 6.13 5609.1 23342.8
1683684502 286.84 6.4 5335.44 20745
1683684512 299.71 7.23 5665.35 21016.6
1683684522 305.15 8.09 5772.45 20372.7
1683684532 309.1 8.85 5545.8 24868.5
1683684542 298.72 9.74 5626.35 18495.2
1683684552 282.49 10.36 5153.32 20587.5
1683684562 310.65 11.17 5563.31 26892.3
1683684572 299.9 11.51 5690.7 18788.5
1683684582 303.25 12.45 5673.84 20797.2
1683684592 301.88 13.39 5615.81 19290.9
1683684602 305.92 14 5554.63 23488
1683684612 305.74 14.83 5710.39 20261.1
1683684622 274.88 15.73 4836.8 25421.6
1683684632 299.8 16.09 5641.51 17130
1683684642 304.84 17.01 5673.84 21056.3
1683684652 288.34 17.47 5274.71 20982.2
1683684662 305.13 18.8 5586.99 22443
1683684672 304.05 19.47 5717.4 20126.9
1683684682 283.74 19.96 4932.42 26534.4
1683684692 302.07 20.62 5693.49 17511.6
1683684702 303.74 21.25 5619.29 22035
1683684712 303.74 21.98 5738.32 19616.1
1683684722 306.21 23.05 5617.75 20707.3
1683684732 275.56 23.53 5057.34 18364.1
1683684742 301.28 24.75 5465.61 25347.3
1683684752 292.15 24.85 5427.68 19061.8
1683684762 301.78 25.91 5611.82 19851.4
1683684772 302.36 26.75 5536.55 21769.5
1683684782 304.52 27.46 5464.57 22941.3
1683684792 303.33 28.24 5598.82 21104.5
1683684802 268.61 28.93 5014.17 17148.4
1683684812 301.87 29.9 5397.44 25054.6
1683684822 300.1 30.28 5582.71 17791.4
1683684832 296.56 31.19 5412 20155.4
1683684842 301.08 31.99 5417.32 22957.9
1683684852 300.88 33 5709.8 21559.6
1683684863 304.99 33.73 5491.09 21378.2
1683684872 285.78 34.29 5238.08 20524.8
1683684882 302.84 34.81 5602.36 20358
1683684893 303.53 35.6 5557.56 19631.8
1683684903 290.78 36.56 5263.2 20347
1683684913 304.12 37.37 5431.83 24550.9
1683684923 300.1 38.15 5541.23 20450.2
1683684933 277.37 38.31 5020.49 22083.5
1683684943 302.73 38.52 5444.68 21170.7
1683684953 297.06 38.63 5567.94 17714.6
1683684963 306.78 38.88 5432.56 23361.2
1683684973 304.88 38.72 5507.12 22503
1683684983 276.13 38.82 5172.6 15269.3
1683684993 299.61 38.73 5200 27292.2
1683685003 300.2 38.71 5644.49 16634.1
1683685013 306.66 38.92 5553.77 22030.9
1683685023 306.76 38.87 5491.09 22887
1683685033 296.68 38.73 5531.18 16193.2
1683685043 300.68 38.77 5396.08 24368.2
1683685053 308.22 38.99 5523.29 24797.3
1683685063 299.61 38.78 5575 15958.6
1683685073 307.94 38.98 5516.16 25452.7
1683685083 300.39 38.78 5581.4 17672.5
1683685093 308.72 38.78 5553.77 21089.9
1683685103 300.88 38.99 5614.04 20808.6
1683685113 304.51 38.79 5564.67 21876.3
1683685123 308.26 38.98 5535.47 22796.9
1683685133 304.02 38.8 5691.67 23131
1683685143 300.49 38.97 5541.23 18887
1683685153 307.24 38.79 5548.34 23312.3
1683685163 300.49 38.98 5693.06 21375.6
1683685173 298.53 38.73 5185.13 20868.9
1683685183 306.75 38.77 5510.76 22867.7
1683685193 304.11 38.96 5616.45 20290.7
1683685203 306.06 38.79 5523.29 21032.9
1683685213 304.7 38.97 5616.45 20844.3
1683685223 303.8 38.88 5439.38 22834.7
1683685233 302.26 38.9 5609.41 16951.8
1683685243 285.51 39.02 5002.15 25134.2
1683685253 300.69 39.07 5603.11 18888.3
1683685263 308.62 39.09 5578.84 24103.4
1683685273 278.85 38.9 5152.28 16946.3
1683685283 305.48 38.9 5548.34 22996.5
1683685293 305.45 39.07 5453.7 22748.6
1683685303 276.36 38.89 4825 22148.4
1683685313 300.98 38.91 5610.96 18140.9
1683685323 301.27 39.08 5625 20489.4
1683685333 307.31 38.9 5576.61 24015.2
1683685343 274.81 39.07 5000 15377.7
1683685353 305.64 38.91 5615.95 22694.5
1683685363 295.9 38.96 5072.8 26104.1
1683685373 297.73 39.16 5694.88 14844.5
1683685383 307.93 38.95 5598.82 22787.9
1683685393 306.96 38.94 5629.38 18910.9
1683685403 307.92 39.29 5430.69 24812.9
1683685413 260.47 39.1 4897.45 14236.8
1683685423 305.19 39.08 5598.82 23018.4
1683685433 307.43 39.32 5444.38 22857.1
1683685443 305.1 39.1 5652.99 19053.2
1683685453 304.32 39.34 5591.77 22235.1
1683685463 304.61 39.16 5572.15 22658.4
1683685473 307.44 39.32 5591.77 22233.9
1683685483 275.91 39.14 5102.84 17297.5
1683685493 310 39.15 5472.15 24614.5
1683685503 301.36 39.34 5525.39 17960.9
1683685513 305.59 39.18 5534.51 22494.9
1683685523 301.76 39.36 5428.12 21440.6
1683685533 309.31 39.15 5584.7 21921.2
1683685543 302.35 39.13 5541.62 19826
1683685553 302.45 39.29 5321.96 23647.8
1683685563 301.46 39.16 5623.87 17600
1683685573 306.74 39.29 5462.89 24470.7
1683685583 300.39 39.13 5587.89 20471.5
1683685593 308.04 39.16 5547.06 20129.8
1683685603 305.7 39.33 5473.75 21408.9
1683685613 279.11 39.17 4943.53 22869.8
1683685623 300.19 39.35 5704.6 18741.2
1683685633 304.6 39.34 5575.39 19749.2
1683685643 288.75 39.09 5223.09 21070.8
1683685653 301.56 39.15 5550.39 18854.7
1683685663 304.61 39.36 5529.09 21310.5
1683685673 293.29 39.16 4948.64 25980.2
1683685683 291.68 39.09 5416.65 16497.2
1683685693 307.15 39.33 5579.23 22393.7
1683685703 302.23 39.16 5636.86 22069.1
1683685713 299.33 39.35 5413.39 16882.6
1683685723 307.26 39.16 5522.35 23082.7
1683685733 306.47 39.36 5541.62 21785.7
1683685743 279.02 39.16 4923.53 20159.2
1683685753 302.8 39.33 5579.56 18017.8
1683685763 308.32 39.14 5516.55 23173.4
1683685773 307.14 39.35 5493.25 22989.2
1683685783 281.93 39.13 5175.39 16851.6
1683685793 308.62 39.36 5561.25 22769.1
1683685803 311.94 39.15 5571.82 24627.8
1683685813 308.3 39.37 5594.93 21615.6
1683685823 304.22 39.15 5528.7 20944.2
1683685833 304.4 39.17 5591.77 18602.1
1683685843 304.11 39.36 5568.72 22120
1683685853 306.95 39.15 5473.58 21185.9
1683685863 275.66 39.39 4864.65 24555
1683685873 302.05 39.13 5636.4 16864.6
1683685883 309.79 39.35 5548.73 23334.6
1683685893 299.71 39.36 5561.25 18515.5
1683685903 311.07 39.14 5466.4 25517.3
1683685913 139.8 38.73 789095 16002.7

Execution duration: 00:24:31.31
