1683697848 310.05 1.75 1672.84 5023.28
1683697858 310.91 2.24 1448.02 10296.8
1683697868 311.99 2.7 1446.73 9634.85
1683697878 311.99 3.04 1420.81 10591.1
1683697888 315.97 3.47 1415.08 14973.8
1683697898 309.32 3.65 1473.15 5535.78
1683697908 313.29 4.07 1448.02 10663.5
1683697918 311.57 4.49 1443.32 9956.48
1683697928 311.91 4.52 1447.62 9626.98
1683697938 209.02 5.25 15445.8 9724.88
1683697948 310.81 5.51 1374.03 15415.7
1683697958 310.81 5.5 1447.37 6055.5
1683697968 312.08 5.95 1444.75 8899.41
1683697978 313.05 6.02 1443.72 11010.9
1683697988 309.18 6.66 1415.2 9134.06
1683697998 315.45 7.06 1470.5 9576.24
1683698008 313.13 7.25 1389.93 14074.6
1683698018 311.86 7.61 1443.09 9037.15
1683698028 311.27 7.63 1416.6 9557.71
1683698038 219.77 8.23 15017 10114.2
1683698048 309.35 8.29 1436.22 8557.09
1683698058 312.83 8.77 1440.47 10128.7
1683698068 311.06 9.32 1403.13 9629.35
1683698078 311.96 9.24 1391.3 13229.6
1683698088 311.17 9.68 1442.3 9335.18
1683698098 310.78 9.98 1416.6 8484.19
1683698108 311.15 10.39 1440.86 10377.1
1683698118 313.53 10.61 1440.47 9540.77
1683698128 314.04 10.94 1463.24 10510.7
1683698138 313.75 11.47 1418 12468
1683698148 242.65 11.6 16409.9 5726.75
1683698158 315.2 11.78 1415.2 11587.8
1683698168 311.85 12.37 1440.47 8408.29
1683698178 315.08 12.93 1439.44 13372.8
1683698188 313.5 13.25 1437.64 8092.61
1683698198 315.8 13.55 1415.99 12973.4
1683698208 311.92 13.54 1462.86 7551.92
1683698219 314.34 14.19 1408.64 12336
1683698229 309.94 14.32 1434.81 8960.08
1683698239 300.59 14.37 1383.1 6909.63
1683698249 313.68 14.81 1436.61 10234.2
1683698259 266.66 15.31 16468.4 14099.1
1683698269 310.03 15.47 1433.79 6660.51
1683698279 312.89 15.6 1436.22 10730.7
1683698289 313.59 16.23 1411.41 9605.91
1683698299 314.06 16.71 1434.81 10184.1
1683698309 311.38 17 1432.38 7627.87
1683698319 314.17 17.33 1386.22 15337.8
1683698329 310.69 17.5 1430.98 6012.55
1683698339 311.22 17.83 1436.22 10883.1
1683698349 315.24 18.16 1409.64 11408.1
1683698359 310.59 18.32 1432.38 7908.15
1683698369 228.18 19.02 16582.5 9470.73
1683698379 316.39 19.03 1382.93 14610.8
1683698389 312.68 19.35 1459.98 6191.15
1683698399 314.31 19.95 1380.78 12307.5
1683698409 310.21 20.18 1406.87 9722.08
1683698419 309.81 20.41 1457.5 6755.64
1683698429 311.58 21.03 1406.87 10504
1683698439 314.32 21.14 1407.66 14161.3
1683698449 308.94 20.92 1433.79 6025.54
1683698459 312.5 21.48 1461.42 8085.04
1683698469 312.85 21.7 1382.14 13185.1
1683698479 145.75 22.3 16207.2 8269.01
1683698489 311.29 22.63 1383.49 8436.54
1683698499 314.71 23.11 1356.07 15561.2
1683698509 307.36 23.21 1432.38 5031.99
1683698519 313.73 23.55 1430.59 9949.8
1683698529 309.3 23.86 1402.74 7721.33
1683698539 311.22 24.31 1411.02 11224.8
1683698549 309.19 24.34 1426.39 9196.87
1683698559 316.27 25.05 1405.49 13614.9
1683698569 310.21 25.12 1417.09 9521.17
1683698579 311.77 25.13 1430.98 9181.96
1683698589 111.46 25.91 15684.9 11234.4
1683698599 311.57 26.32 1405.88 9192.16
1683698609 313.63 26.42 1380.39 10020.4
1683698619 308.73 26.92 1430.59 8896.08
1683698629 314.22 27.19 1380.78 12158.4
1683698639 310.34 27.28 1425 7633.59
1683698649 311.16 27.77 1404.5 10281.3
1683698659 311.24 27.9 1401.37 10548.6
1683698669 309.4 28.42 1429.19 7673.65
1683698679 309.55 28.95 1397.27 9684.99
1683698689 95.11 29.06 13979.6 12693.1
1683698699 309.9 29.19 15411.8 6558.04
1683698709 309.29 29.34 1378.08 10962.4
1683698719 309.68 29.9 1402.74 7322.9
1683698729 309.95 30.28 1425 10293.8
1683698739 312.62 30.76 1403.13 10495.1
1683698749 311.85 30.93 1391.84 12791.5
1683698759 309.57 31.09 1425.39 6653.12
1683698769 310.58 31.5 1404.11 9444.47
1683698779 312.65 31.61 1421.23 10942.5
1683698789 312.28 32.44 1397.27 11902.1
1683698799 305.09 32.41 1384.95 8225.22
1683698809 304.13 32.99 16674.9 13771
1683698819 309.08 32.88 1398.63 7991.41
1683698829 311.46 33.51 1404.11 9290.11
1683698839 307.22 33.95 1373.66 7694.44
1683698849 309.88 34.32 1378.08 10434
1683698859 311.23 34.52 1363.02 11791.3
1683698869 313.08 34.99 1375.78 12396.9
1683698879 309.21 35.13 1454.26 6009.01
1683698889 311.24 35.25 1401.37 9904.59
1683698899 311.42 35.81 1399.02 9818.15
1683698909 96.69 36.41 15069 10869.6
1683698919 305.86 36.65 1398.63 8053.46
1683698929 314.47 36.75 1351.71 14841.8
1683698939 307.96 37.06 1417.09 5438.06
1683698949 311.02 37.18 1397.27 10058.1
1683698959 309.34 37.83 1394.94 8800.78
1683698969 312.27 38.22 1420.84 10939.4
1683698979 311.09 37.95 1394.55 11484
1683698989 312.96 38.22 1372.71 13064.3
1683698999 309.57 38.22 1450 5939.45
1683699009 309.56 37.95 1399.02 10545.6
1683699019 311.29 37.96 1420.84 8690.56
1683699029 292.11 38.23 16512.2 11852.4
1683699039 312.77 37.96 1397.27 10636.3
1683699049 314.46 37.96 1369.17 12621.2
1683699059 309.74 38.23 1370.04 8600.78
1683699069 314.92 38.23 1398.63 11481
1683699079 304.88 38.23 1423.61 6061.27
1683699089 312.18 38.28 1397.27 12784.8
1683699099 309.05 38.28 1421.23 8501.27
1683699109 310.68 38.02 1416.7 9293.98
1683699119 310.04 38.02 1372.71 12007.8
1683699129 310.16 38.29 1423.61 9451.32
1683699139 191.12 38.29 16389.4 10803.9
1683699149 310.83 38.02 1398.63 8563.9
1683699159 311.7 38.02 1397.27 9693.57
1683699169 312.87 38.29 1422.61 9161.79
1683699179 312.29 38.02 1372.32 11878.4
1683699189 310.81 38.29 1396.3 9360.08
1683699199 312.18 38.29 1422.22 8261.99
1683699209 312.68 38.02 1399.02 10158.4
1683699219 309.94 38.29 1422.22 8386.35
1683699229 315.9 38.01 1424 11269.9
1683699239 313.12 38.29 1369.1 12073.5
1683699249 208.88 38.29 15778.4 7783.02
1683699259 312.83 38.02 1394.94 10740.5
1683699269 309.55 38.3 1420.84 8241.09
1683699279 312.54 38.3 1418.47 9164.24
1683699289 311.42 38.3 1400 9833.2
1683699299 316.39 38.44 1349.46 13372.5
1683699309 310.02 38.44 1420.84 5705.55
1683699319 312.54 38.44 1393.59 9235.37
1683699329 313.42 38.16 1345.14 11577
1683699339 314.12 38.44 1370.98 10985.8
1683699349 307.17 38.17 1439.15 6968.22
1683699359 167.31 38.44 15767.8 13756.5
1683699369 308.19 38.44 1399.02 6430.44
1683699379 309.38 38.44 1400 8587.5
1683699389 314.1 38.48 1368.71 13027.8
1683699399 308.64 38.21 1418.08 8103.79
1683699409 311.06 38.48 1365.66 11018.4
1683699419 315.28 38.48 1370.43 12431.1
1683699429 308.18 38.21 1422.22 6359.06
1683699439 313.07 38.49 1399.02 10216.2
1683699449 312.66 38.49 1419.46 8709.34
1683699459 310.63 38.21 1397.66 9719.69
1683699469 282.94 38.48 15557.9 10214.4
1683699479 312.28 38.48 1348.15 14692.4
1683699489 309.26 38.21 1397.27 5734.89
1683699499 310.92 38.49 1372.32 10324.4
1683699509 312.6 38.49 1364.73 11889.1
1683699519 307.31 38.22 1420.84 7020.84
1683699529 310.72 38.49 1397.66 9838.99
1683699539 314.8 38.49 1370.98 13944.3
1683699549 307.09 38.49 1348.52 8813.78
1683699559 311.78 38.22 1370.98 9800.97
1683699569 208.17 38.49 14784.4 8266.54
1683699579 310.15 38.22 1374.05 9423.22
1683699589 310.79 38.23 1394.55 11882.1
1683699599 312.7 38.51 1400 9476.56
1683699609 315.53 38.24 1350.39 12347.7
1683699619 310.92 38.51 1447.56 5979.34
1683699629 314.14 38.51 1398.63 11045.5
1683699639 308.84 38.5 1419.46 8299.61
1683699649 313.69 38.24 1391.84 11071.5
1683699659 310.83 38.53 1372.32 10382.1
1683699669 151.52 38.67 14424.9 11867.2
1683699679 309.35 38.66 1395.91 7959.88
1683699689 312.77 38.67 1372.71 11080.3
1683699699 313.44 38.66 1395.91 9291.53
1683699709 312.77 38.4 1411.22 8667.7
1683699719 311.78 38.67 1395.91 10357.5
1683699729 315.02 38.67 1374.44 11816.2
1683699739 311.19 38.67 1420.84 6803.12
1683699749 308.99 38.67 1400 9971.48
1683699759 311.81 38.67 1372.71 11609.8
1683699770 310.95 38.4 1377.14 8078.39
1683699779 275.03 38.67 15427.5 11658.1
1683699789 314.14 38.67 1348.54 14589.1
1683699799 307.86 38.4 1415.32 7455.67
1683699809 310.81 38.67 1395.91 8920.74
1683699819 312.59 38.68 1425.39 9444.53
1683699829 310.2 38.4 1391.84 10024.9
1683699839 311.21 38.67 1372.32 10131
1683699849 315 38.67 1371.37 14062.3
1683699859 307.1 38.67 1420.84 5876.14
1683699869 312 38.4 1372.71 11301.4
1683699880 147.97 38.67 14760.9 8659.96
1683699889 311.49 38.66 1396.3 9296.98
1683699899 311.09 38.66 1369.65 10419.8
1683699909 317.37 38.67 1374.05 13539.5
1683699920 307.79 38.4 1419.46 6037.74
1683699929 312.49 38.66 1373.66 10220.1
1683699940 308.55 38.67 1418.47 7788.92
1683699949 312.08 38.4 1397.27 10875.6
1683699960 310.97 38.67 1392.23 9626.8
1683699970 315.28 38.4 1346.06 14733.4
1683699980 308.15 38.41 1417.09 5680
1683699990 211.35 38.67 15327 8088.93
1683700000 313.37 38.67 1373.66 11300.7
1683700010 311.61 38.67 1399.02 10167
1683700020 310.2 38.67 1393.2 8187.76
1683700030 316.36 38.67 1371.37 12058.4
1683700040 309.33 38.67 1380.17 8998.65
1683700050 310.99 38.66 1370.04 11152.9
1683700060 306.03 38.66 1418.08 6534.11
1683700070 309.73 38.4 1421.23 10258.2
1683700080 312.44 38.67 1368.32 12113.5
1683700090 311.55 38.4 1390.49 9993.02
1683700100 208.44 38.66 15778.2 10121.2
1683700110 311.45 38.67 1415.32 8765.86
1683700120 310.93 38.67 1424 9525.85
1683700130 313.75 38.67 1373.66 11354.9
1683700140 307.97 38.67 1418.47 9893.88
1683700150 310.41 38.67 1419.46 6980.16
1683700160 316.58 38.67 1374.44 12866.3
1683700170 306.52 38.67 1418.08 7518.37
1683700180 314.23 38.41 1397.27 11465.1
1683700190 310.52 38.67 1422.61 8088.89
1683700200 310.7 38.4 1369.65 11774.7
1683700210 137.77 38.66 15720.6 7659.35
1683700220 314.32 38.67 1347.37 13217.9
1683700230 310.63 38.67 1397.66 8466.67
1683700240 309.16 38.67 1397.27 8819.1
1683700250 309.13 38.67 1392.23 8922.72
1683700260 309.83 38.68 1395.91 9060.56
1683700270 310.4 38.68 1393.2 11366.4
1683700280 311.99 38.67 1348.15 12012.5
1683700290 311.6 38.67 1397.27 10164.9
1683700300 307.5 38.67 1421.23 5646.74
1683700310 312.48 38.4 1373.66 10910.4
1683700320 267.04 38.67 15337 8896.78
1683700330 312.68 38.67 1373.66 11532.9
1683700340 315.31 38.4 1347.37 12087.3
1683700350 307.72 38.67 1399.02 5818.54
1683700360 309.31 38.67 1340.83 10468.3
1683700370 310.12 38.66 1394.94 9236.96
1683700380 312.39 38.67 1423.61 8446.83
1683700390 310.81 38.67 1396.3 10534
1683700400 316.58 38.4 1349.46 14551.4
1683700410 307.89 38.4 1421.23 5164.56
1683700420 271.96 38.67 14637.1 7037.05
1683700430 310.33 38.67 1373.66 11139.1
1683700440 312.42 38.4 1367.38 12727.4
1683700450 310.84 38.67 1398.63 7531.71
1683700460 312.77 38.68 1337.33 13773.3
1683700470 311.47 38.67 1417.09 8737.09
1683700480 311.5 38.67 1397.66 10186
1683700490 309.63 38.67 1418.08 9215.94
1683700500 314.03 38.4 1396.3 11271.3
1683700510 310.7 38.4 1419.46 7338.52
1683700520 84.34 38.59 0 10171.6
1683700530 309.74 38.67 16352.4 11290.8
1683700540 312.81 38.4 1391.84 11403.5
1683700550 311.82 38.66 1378.68 8373.49
1683700560 309.03 38.67 1393.39 8200
1683700570 310.21 38.67 1394.94 11717.1
1683700580 310.34 38.67 1422.22 8079.53
1683700590 316.41 38.67 1392.62 12278.5
1683700600 309.35 38.67 1422.22 6993.37
1683700610 311.81 38.68 1400 10777
1683700620 310.58 38.41 1392.23 9091.65
1683700630 312.79 38.68 1398.63 10610.3
1683700640 294.26 38.67 16552.1 8314.01
1683700650 312.38 38.68 1347.76 13149.7
1683700660 305.54 38.41 1393.59 6380.56
1683700670 313.79 38.68 1391.84 10027.6
1683700680 286.83 38.67 1223.8 10231.4
1683700690 275.94 38.41 1217.07 8405.04
1683700700 312.76 38.68 1370.98 11533
1683700710 311.04 38.67 1400.78 10093
1683700720 307.48 38.41 1418.08 5876.77
1683700730 314.42 38.68 1396.3 9829.8
1683700740 310.03 38.41 1397.27 9541.13
1683700750 180.57 38.68 16008.2 10542.2
1683700760 310.04 38.68 1396.3 9443.04
1683700770 313.78 38.68 1375.39 12907.8
1683700780 306.5 38.68 1412.97 6260.21
1683700790 309.65 38.41 1370.98 10710.8
1683700800 315.8 38.68 1399.02 11029.1
1683700810 306.13 38.68 1393.2 7949.47
1683700820 311.01 38.68 1422.61 8131.77
1683700830 316.64 38.67 1345.14 15375.9
1683700840 308.18 38.41 1445.76 7106.13
1683700850 309.56 38.68 1399.02 9939.12
1683700860 166.38 38.68 15620.7 8838.99
1683700870 310.9 38.68 1394.94 10709
1683700880 313.89 38.4 1366.99 10560.8
1683700890 318.53 38.68 1374.05 13258.9
1683700900 309.66 38.42 1409.86 6828.21
1683700910 312.86 38.68 1397.27 10128.3
1683700920 309.54 38.68 1421.23 8246.93
1683700930 312.94 38.41 1395.91 12121.5
1683700940 310.8 38.68 1420.84 8336.9
1683700950 308.18 38.68 1419.46 10694.9
1683700960 315.87 38.41 1371.76 11903.8
1683700970 242.6 38.68 15542.4 9684.05
1683700980 309.07 38.67 1374.05 9415.8
1683700990 311.25 38.41 1391.84 10737.5
1683701000 308.59 38.68 1397.27 8754.39
1683701010 310.15 38.68 1399.02 9238.63
1683701020 313.44 38.68 1370.98 12893.1
1683701030 309.28 38.68 1424 7599.22
1683701040 310.41 38.68 1393.2 10320.7
1683701050 310.5 38.41 1368.71 10375.9
1683701060 310.83 38.68 1423.61 8880
1683701070 310.23 38.4 1372.71 12669.8
1683701080 228.36 38.67 15983.2 10455.4
1683701090 309.06 38.69 1420.84 7236.61
1683701100 311.92 38.41 1350.39 11874.6
1683701110 308.49 38.67 1398.63 9783.02
1683701120 309.35 38.68 1371.37 11406.8
1683701130 312.61 38.68 1365.66 10835.3
1683701140 308.55 38.68 1393.98 10751.4
1683701150 309.13 38.68 1418.08 5927.7
1683701160 310.78 38.41 1368.71 11471.7
1683701170 308.09 38.68 1397.66 8494.74
1683701180 312.27 38.41 1404.29 9161.79
1683701190 274.61 38.69 14809.3 5390.66
1683701200 293.95 38.6 310.63 1978.15
1683701210 64.62 38.59 83.04 62.38

Execution duration: 00:56:04.04
