1683694455 307.87 1.74 1729.88 4990.04
1683694465 312.91 2.26 1431.97 10112.8
1683694475 311.72 2.65 1425.22 9138.83
1683694485 311.8 3.08 1422.22 10904
1683694495 309.43 3.48 1414.47 14499.5
1683694505 310.92 3.71 1449.06 6781.33
1683694515 311.49 4.06 1446.58 9631.71
1683694525 312.1 4.4 1447.62 9500.79
1683694535 312.3 4.73 1473.42 7963.89
1683694545 201.09 5.16 15364 11477.1
1683694555 312.79 5.46 1372.22 15458.7
1683694565 310.11 5.4 1420.2 7514.46
1683694575 310.99 5.87 1444.75 9116.44
1683694585 311.76 5.93 1442.69 6618.18
1683694595 313.95 6.54 1418 11215.4
1683694605 312.28 6.91 1444.75 8280
1683694615 315.52 7.12 1416.6 14337.9
1683694625 314 7.19 1439.84 9548.72
1683694635 310.77 7.7 1440.47 8539.39
1683694645 212.76 8.05 14980.8 9778.84
1683694655 312.79 8.62 1420.81 11422
1683694665 309.9 8.84 1443.32 9014.05
1683694675 310.57 9.22 1418.4 8895.75
1683694685 315.75 9.32 1421.21 12861.5
1683694695 312.05 9.81 1440.86 8410.27
1683694705 313.57 10.2 1444.75 10387.7
1683694715 313.53 10.51 1440.86 7650.54
1683694725 311.17 10.67 1441.9 10793.3
1683694735 313.93 11.52 1447.83 12146.2
1683694745 313.02 11.27 1414.2 11733.7
1683694755 242.66 11.72 16384.2 7494.96
1683694765 312.74 12.06 1417 7556.13
1683694775 313.85 12.27 1392.68 13046.1
1683694785 310.04 12.97 1411.41 9568.5
1683694795 312.35 13.42 1416.6 10571.9
1683694805 313.13 13.49 1415.59 11361.9
1683694815 309.07 13.61 1439.05 6406.31
1683694825 310.87 14.05 1417 9995.65
1683694835 312.05 14.12 1415.2 9065.75
1683694845 315.3 14.56 1415.2 11507.6
1683694855 315 15.43 1388.56 9662.72
1683694865 235.2 15.43 16292.2 12473.9
1683694875 310.35 15.49 1438.03 5925.12
1683694885 312.18 15.57 1383.1 9170.92
1683694895 314.46 16.44 1361.02 12722.8
1683694905 309.33 16.72 1408.25 10227.9
1683694915 312.28 17.11 1435.2 9611.8
1683694925 314.89 17.31 1438.03 12871.3
1683694935 310.63 17.5 1461.42 6240.55
1683694945 311.93 17.73 1439.44 9934.52
1683694955 313.18 17.99 1434.81 11013.2
1683694965 314.06 18.73 1435.2 10122.3
1683694975 195.98 18.95 16398.8 9177.97
1683694985 316.35 19.31 1387.98 13762.8
1683694995 309.93 19.1 1459.98 5979.55
1683695005 312.89 19.81 1361.02 10452
1683695015 312.48 19.93 1408.25 10525.3
1683695025 311.4 20.57 1410.03 7931.56
1683695035 311.98 21.01 1383.1 10530.1
1683695045 312.57 21.16 1382.14 13335.4
1683695055 310.04 21.21 1436.61 5296.85
1683695065 311.61 21.24 1411.02 9960.24
1683695075 312.99 21.9 1384.85 8856.24
1683695085 99.31 22.38 15934.8 10894.3
1683695095 305.98 22.65 1390.6 6833.66
1683695105 314.73 22.98 1357.96 15986.6
1683695115 313.22 23.09 1404.89 8590.4
1683695125 310.72 22.99 1434.81 8228.91
1683695135 311.18 23.65 1431.99 8722.67
1683695145 313.67 24.11 1435.2 11025
1683695155 312.77 24.2 1433.4 9541.06
1683695166 311.82 24.87 1426.39 8899.71
1683695175 313.36 24.79 1409.04 13008.2
1683695185 312.37 24.96 1432.38 6569.97
1683695195 311.5 25.57 1408.25 10685.7
1683695206 285.51 25.95 16791.4 8551.22
1683695216 312.94 26.48 1404.11 11136.5
1683695226 314.05 26.57 1433.4 10016.1
1683695236 311.99 26.98 1373.1 12189.9
1683695246 311.55 27.23 1404.11 8345.94
1683695256 312.3 27.77 1400.39 10212.9
1683695266 308.11 28 1426.39 8762.85
1683695276 310.99 28.55 1407.26 11317.8
1683695286 310.35 28.48 1400 8203.52
1683695296 315.48 28.81 1404.89 12535.5
1683695306 264.91 29.33 15066.3 8388.66
1683695316 312.53 29.36 1404.11 8331.83
1683695326 310.92 30.05 1399.02 9984
1683695336 312.16 30.48 1405.49 10184.3
1683695346 314.22 30.81 1430.98 9382.35
1683695356 314.39 30.94 1404.89 13119.7
1683695366 311.84 31.09 1428.18 7010.57
1683695376 311.03 31.46 1425 9962.11
1683695386 312.83 31.58 1429.58 9295.98
1683695396 311.66 31.92 1404.11 9770.03
1683695406 312.02 32.67 1376.34 11176.5
1683695416 258.98 32.93 16334.4 12812.9
1683695426 306.16 33.08 1401.37 6771.85
1683695436 312.38 33.39 1433.79 9465.23
1683695446 311.73 33.84 1401.37 9526.1
1683695456 309.83 34.16 1383.49 9220.43
1683695466 311.14 34.62 1376.34 9757.58
1683695476 311.25 34.85 1366.05 14358.9
1683695486 309.79 35.12 1453.23 6771.43
1683695496 313.6 35.4 1402.74 9375.34
1683695506 311.52 35.8 1399.02 9900.1
1683695516 309.3 35.83 1402.74 8455.19
1683695526 282.95 36.63 16173.1 12174.3
1683695536 313.62 36.62 1346.06 13395.1
1683695546 311.34 36.87 1401.76 6758.55
1683695556 308.66 37.26 1394.55 7575.49
1683695566 313 37.8 1376.34 10275.3
1683695576 312.21 37.85 1375.39 12662.1
1683695586 309.76 38.11 1398.63 8218.54
1683695596 313.96 38.12 1374.05 12060.1
1683695606 310.72 38.12 1386.28 8539.52
1683695616 311.12 37.85 1400.39 7091.41
1683695626 312.21 37.85 1400 11774.6
1683695636 246.2 38.12 16310.5 9228.51
1683695646 312.68 38.11 1372.32 9157.89
1683695656 310.79 37.84 1394.55 11552.1
1683695666 313.37 38.12 1389.54 11370.2
1683695676 311.91 38.12 1400 8810.55
1683695686 310.53 38.23 1410.25 9480.19
1683695696 313.29 38.22 1400 10102
1683695706 311.38 38.23 1394.94 9346.3
1683695716 308.66 38.23 1368.32 8632.46
1683695726 314.75 37.96 1350.39 12799.6
1683695736 310.42 38.24 1321.13 10513.7
1683695746 124.42 38.22 15852.7 6468.22
1683695756 309.08 38.22 1375.39 8981.25
1683695766 314.64 37.96 1348.68 10426.9
1683695776 312.21 38.24 1354.23 9477.69
1683695786 315.16 37.96 1376.73 11799.4
1683695796 310.33 38.23 1371.37 7266.99
1683695806 310.59 38.22 1416.7 11132.8
1683695816 312.11 37.96 1401.37 9887.39
1683695826 309.53 38.23 1419.85 8507.78
1683695836 312.08 38.02 1447.17 8464.33
1683695846 317.68 38.02 1350.78 14966.8
1683695856 118.01 38.29 15224.1 5344.11
1683695866 312.78 38.29 1374.05 10092.9
1683695876 313.95 38.29 1423.61 10582.2
1683695886 311.51 38.29 1397.66 10552.4
1683695896 305.18 38.29 1376.34 9657.48
1683695906 316.16 38.29 1386.85 13484.3
1683695916 307.71 38.29 1425.39 5855.86
1683695926 312.49 38.29 1423.61 8074.54
1683695936 312.98 38.47 1374.05 12867.1
1683695946 312.37 38.2 1420.84 8844.01
1683695956 310.79 38.47 1370.04 11763.8
1683695966 314.67 38.2 1325.95 12905
1683695976 299.23 38.47 16657.8 5476.56
1683695986 310.34 38.47 1397.27 8705.65
1683695996 314.15 38.48 1398.63 11353.4
1683696006 310.53 38.47 1397.66 9916.18
1683696016 311.23 38.48 1425 8975.78
1683696026 316.57 38.21 1373.1 16411.7
1683696036 309.74 38.48 1420.84 5708.28
1683696046 313.05 38.48 1396.3 11220.2
1683696056 309.6 38.21 1401.73 8898.37
1683696066 309.53 38.48 1393.59 9283.58
1683696076 215.78 38.48 15108.8 11195.7
1683696086 313.32 38.48 1394.55 10821.8
1683696096 313.94 38.21 1388.57 9981.8
1683696106 308.38 38.48 1373.66 10707.5
1683696116 316.63 38.21 1401.76 12838.3
1683696126 307.91 38.47 1391.04 8540.71
1683696136 313.8 38.48 1378.08 12228.2
1683696146 305.56 38.48 1423.61 6184.98
1683696156 312.23 38.21 1367.38 12864.5
1683696166 308.01 38.48 1400.39 7335.94
1683696176 156.07 38.48 14516.8 9684.77
1683696186 311.42 38.48 1375.39 10759.8
1683696196 311.14 38.47 1425 9220.7
1683696206 311.61 38.48 1399.02 8874.54
1683696216 315.41 38.47 1349.46 12926.8
1683696226 310.54 38.48 1349.07 10169.8
1683696236 310.25 38.48 1425 7425.39
1683696246 310.08 38.2 1389.15 11695.7
1683696256 313.1 38.48 1401.37 8447.31
1683696266 312.09 38.48 1372.32 11340.4
1683696276 314.08 38.2 1343.89 11901.1
1683696286 299.72 38.48 15351.8 7975.15
1683696296 309.96 38.21 1399.02 10066.3
1683696306 314.09 38.48 1376.34 11438.1
1683696316 308.19 38.48 1425.39 7495.7
1683696326 309.97 38.48 1386.46 10981.4
1683696336 313.27 38.21 1373.66 12519
1683696346 305.16 38.47 1444.75 5484.05
1683696356 314.28 38.48 1401.37 9900.29
1683696366 308.3 38.21 1425.39 9829.3
1683696376 312.77 38.47 1397.27 9650.68
1683696386 219.18 38.48 15098.3 8694.45
1683696396 314.88 38.48 1344.75 15548.2
1683696406 311.3 38.48 1422.22 8271.73
1683696416 310.82 38.48 1422.22 8860.82
1683696426 309.56 38.22 1423.61 8403.9
1683696436 311.83 38.48 1401.76 10043.4
1683696446 312.46 38.48 1395.91 12239.9
1683696456 311.75 38.48 1367.38 12205
1683696466 305.27 38.47 1447.17 5774.27
1683696476 311.81 38.21 1399.02 9147.32
1683696486 114.12 38.48 14651.5 11173.5
1683696496 309.17 38.47 1397.66 9339.57
1683696506 310.02 38.21 1419.46 8131.13
1683696516 317.36 38.48 1373.66 14370.7
1683696526 310.47 38.48 1414.34 8730.62
1683696536 310.07 38.47 1401.37 7888.95
1683696546 313.07 38.48 1398.63 11602
1683696556 311.8 38.21 1398.63 10039
1683696566 308.57 38.49 1422.61 7491.23
1683696576 310.55 38.22 1400 10860.5
1683696586 314.42 38.49 1372.71 13224.6
1683696596 191.57 38.51 15148.5 10501.2
1683696606 307.59 38.71 1395.91 8352.87
1683696616 311.49 38.71 1396.3 10678.5
1683696626 310.06 38.72 1425 8617.58
1683696636 309.91 38.71 1393.59 10714.5
1683696646 314.78 38.71 1393.2 11341.9
1683696656 309.77 38.71 1425.39 7864.45
1683696666 315.49 38.44 1370.98 12741.6
1683696676 309.37 38.69 1450.39 7730.47
1683696686 311.42 38.42 1425 10010.5
1683696696 314.72 38.68 1397.27 10428.5
1683696706 205.77 38.68 15820.7 12129.3
1683696716 310.72 38.68 1422.22 7073.68
1683696727 311.37 38.42 1406.17 7731.02
1683696736 313.17 38.71 1398.63 12611.5
1683696746 308.29 38.44 1400.39 8807.81
1683696756 310.82 38.71 1373.66 10597.1
1683696766 311.24 38.71 1400.39 11784.8
1683696777 309.55 38.72 1422.61 7461.21
1683696787 308.29 38.71 1397.27 8542.69
1683696797 313.18 38.44 1425.39 10470.7
1683696807 315.12 38.72 1398.63 10057.8
1683696817 140.68 38.71 15842.7 9758.45
1683696827 314.54 38.71 1373.66 13878.2
1683696837 306.69 38.43 1390.88 5963.14
1683696847 311.31 38.72 1384.98 9052.1
1683696857 312.5 38.72 1400.39 10427.7
1683696867 310.95 38.72 1401.37 8706.55
1683696877 311.32 38.71 1398.63 10473.8
1683696887 316.7 38.44 1350.39 14627.7
1683696897 307.77 38.71 1416.7 6085.05
1683696907 311.86 38.43 1418.08 8865.69
1683696917 310.31 38.72 1344.75 10631.9
1683696927 269.88 38.72 15322 10348.1
1683696937 310.71 38.72 1359.07 9565.64
1683696947 311.42 38.72 1323.71 13643.7
1683696957 309.64 38.72 1346.45 8313.92
1683696967 307.25 38.72 1411.22 6190.33
1683696977 310.93 38.72 1372.71 10534.1
1683696987 312.51 38.72 1425 9329.69
1683696997 314.29 38.72 1402.74 8958.12
1683697007 311.5 38.72 1395.91 9721.13
1683697017 312.88 38.45 1349.46 11632.8
1683697027 274.5 38.72 14719 8324.05
1683697037 309.67 38.72 1348.68 9747.9
1683697047 311.9 38.45 1349.07 11705.8
1683697057 309.72 38.72 1393.2 6309.43
1683697067 314.72 38.72 1372.71 12214.8
1683697077 314.24 38.46 1373.66 11469.7
1683697087 311.42 38.72 1425.39 8314.06
1683697097 310.31 38.71 1393.2 10221.6
1683697107 311.01 38.45 1371.37 10905.5
1683697117 310.3 38.72 1366.99 9953.4
1683697127 311 38.45 1417.33 8238.36
1683697137 297.85 38.72 16140.7 12109.5
1683697147 311.83 38.71 1401.37 10852.8
1683697157 306.21 38.45 1394.08 6388.92
1683697167 315.25 38.72 1401.37 10395.3
1683697177 311.05 38.71 1427.13 9141.47
1683697187 311.09 38.72 1394.94 11386.4
1683697197 315.88 38.72 1397.27 11867.5
1683697207 307.6 38.72 1446.15 6510.61
1683697217 310.42 38.45 1420.84 9724.25
1683697227 309.19 38.72 1401.76 9131.18
1683697237 310.72 38.45 1384.8 10926.7
1683697247 295.8 38.72 16579.3 8669.14
1683697257 313.78 38.72 1352.1 13636.4
1683697267 307.22 38.45 1425.39 5349.61
1683697277 313.86 38.73 1400 11727.3
1683697287 310.23 38.71 1394.55 7912.06
1683697297 308.78 38.72 1400.39 9867.19
1683697307 308.05 38.71 1390.49 9204.27
1683697317 316.68 38.72 1349.46 15184.4
1683697327 306.25 38.72 1423.61 6405.85
1683697337 310.15 38.45 1425.39 9681.64
1683697347 309.95 38.71 1400 9029.69
1683697357 238.43 38.72 16437 11725.7
1683697367 313.15 38.72 1395.91 8882.96
1683697377 314.95 38.7 1325.39 14316.4
1683697387 311.11 38.72 1447.56 5927.1
1683697397 311.24 38.71 1425 9049.61
1683697407 311.86 38.72 1368.71 10247.6
1683697417 311.01 38.72 1423.61 8981.07
1683697427 310.82 38.72 1421.23 8965.14
1683697437 314.63 38.45 1372.32 12952
1683697447 313.37 38.72 1399.02 8956.88
1683697457 310.31 38.45 1394.55 7747.08
1683697467 233.51 38.73 16076.6 9728.12
1683697477 309.77 38.72 1374.05 9338.93
1683697487 314 38.45 1394.55 12545.1
1683697497 304.98 38.72 1400.39 8354.3
1683697507 314.04 38.44 1372.32 12650.3
1683697517 309.46 38.72 1424 7016.2
1683697527 313.24 38.71 1395.91 9324.63
1683697537 310.72 38.72 1422.61 10814.8
1683697547 310.04 38.71 1422.22 11115.8
1683697557 311.12 38.44 1423.61 9379.51
1683697567 107 38.72 14661 11063.7
1683697577 310.16 38.71 1375 9412.11
1683697587 309.56 38.72 1424 6937.37
1683697597 310.44 38.72 1373.66 11107.9
1683697607 309.98 38.44 1403.13 8620.35
1683697617 312.07 38.71 1369.65 11276.3
1683697627 313.89 38.7 1376.73 11863.5
1683697637 310.14 38.44 1422.22 6713.06
1683697647 315.92 38.72 1400 11567.2
1683697657 310.84 38.45 1389.54 8502.71
1683697667 309.58 38.72 1401.37 8753.47
1683697677 87.46 38.37 0.39 11788.9
1683697687 305.95 38.71 16458.1 11932.9
1683697697 311.34 38.72 1426.78 7273.51
1683697707 311.31 38.72 1385.12 10747
1683697717 307.82 38.72 1401.37 7613.29
1683697727 311.7 38.71 1399.02 9650.73
1683697737 309.47 38.72 1400 7964.06
1683697747 316.32 38.7 1350.78 16174.2
1683697757 310.25 38.71 1423.61 6559.22
1683697767 311.87 38.44 1419.85 8703.11
1683697777 312.99 38.44 1373.66 12409.4
1683697787 157.25 38.72 14629 4368.13
1683697797 294.45 38.73 311.2 4148.39
1683697807 232.32 38.63 264.06 1887.89

Execution duration: 00:55:59.59
