1683655613 285.77 2.7 5954.22 14070
1683655623 305.46 3.75 5667.4 23385.1
1683655633 300.2 4.2 5689.29 19505.2
1683655643 280.38 4.99 5276.92 19744
1683655653 310.3 6.08 5515.56 28791.3
1683655663 303.07 6.3 5664.49 18205
1683655673 301.47 7.4 5634.9 20920.8
1683655683 305.05 7.89 5766.74 19870.5
1683655693 305.52 8.67 5706.11 21073
1683655703 310.28 9.92 5515.02 25045.8
1683655713 275.54 10.25 5120.4 16009.9
1683655723 305.83 10.89 5515.41 23743.5
1683655733 309.85 11.5 5568.89 23567.7
1683655743 295.76 12.45 5478.89 19630.8
1683655753 310.38 13.44 5590.91 23895.7
1683655763 301.78 13.89 5685.07 19120.9
1683655773 298.23 14.86 5367.32 23592.5
1683655783 279.9 15.5 5133.07 19800
1683655793 304.54 15.92 5648.56 20157.2
1683655803 308.19 17.08 5642.99 22284.8
1683655813 283.33 17.49 5145.49 19355.7
1683655823 306.02 18.4 5679.45 19642.7
1683655833 307.31 19.56 5590.91 23482.2
1683655843 283.92 19.96 5049.31 22971.6
1683655853 302.07 20.84 5694.49 18115
1683655863 307.2 21.61 5655.62 21479.3
1683655873 306.01 22.16 5491.51 22251.3
1683655883 275.71 22.77 5135.49 18119.2
1683655893 304.71 23.97 5501.96 21294.1
1683655903 304.62 24.36 5366.93 23966.5
1683655913 310.02 25.37 5671.52 21242
1683655923 304.02 25.81 5672.55 19593.7
1683655933 306.77 26.57 5614.92 20488.3
1683655943 308.26 27.91 5513.07 22718.6
1683655953 273.97 28.15 5105.3 17891.5
1683655963 310.13 29.25 5362.44 26889.3
1683655973 298.91 29.33 5631.89 17237.8
1683655983 300.59 30.39 5565.06 22088.7
1683655993 305.82 31.25 5441.02 20415.4
1683656003 299.02 31.79 5525.39 19314.1
1683656013 302.66 33.06 5613.76 23988.6
1683656023 294.99 33.52 5113.25 24646.1
1683656033 295.99 34.11 5566.31 14473.6
1683656043 312.8 34.86 5467.72 25714.6
1683656053 302.55 35.8 5630.5 17975
1683656063 296.67 36.6 5360.47 22960.1
1683656073 302.85 37.17 5658.15 19737.5
1683656083 305.29 38.29 5478.55 21531
1683656093 281.01 38.21 4998.04 21003.5
1683656103 307.16 38.27 5471.37 22851.8
1683656113 301.47 38.61 5580.45 18089.9
1683656123 293.55 38.55 5330.21 21126.9
1683656133 301.38 38.85 5449.75 20027.1
1683656143 305.68 38.58 5503.62 21146.3
1683656153 299.31 38.81 5290.5 24121.8
1683656163 305.96 38.57 5637.5 21019.5
1683656173 305.34 38.7 5413 22374.8
1683656183 300.1 38.98 5603.92 19188.2
1683656193 304.4 39.1 5374.39 24314.8
1683656203 300.49 39.1 5665.16 17077.5
1683656213 304.8 38.8 5315.96 25716
1683656223 301.47 38.82 5560.86 18282.6
1683656233 313.31 39.08 5535.81 23628.2
1683656243 304.92 38.76 5522.78 19119.7
1683656253 308.71 39.09 5448.14 23211.3
1683656263 269.6 38.89 4966.8 15069.9
1683656273 309.7 38.9 5315.57 28853.3
1683656283 302.15 39.15 5590.66 16779.4
1683656293 310.37 38.88 5567.94 23905.4
1683656303 300.1 39.17 5512.32 18287.1
1683656313 308.11 38.9 5617.99 22192.8
1683656323 308.73 39.14 5534.12 22305.1
1683656333 311.14 39.17 5400 26700
1683656343 301.65 38.88 5576.61 15741.1
1683656353 309.11 39.18 5553.77 20012.9
1683656363 309.96 38.9 5475 22932.8
1683656373 307.25 39.18 5498.24 19135.8
1683656383 310.58 38.89 5466.01 23967.5
1683656394 283.13 39.18 5076.07 18699.7
1683656403 310.11 39.16 5386.2 23738.8
1683656413 307.64 38.85 5503.62 21872.3
1683656423 309 38.86 5446.81 22421.3
1683656433 303.42 39.16 5637.5 17719.5
1683656443 305.97 38.87 5654.06 20315.4
1683656453 313.99 39.15 5585.91 24454.4
1683656463 269.28 38.89 4787.6 19608.1
1683656473 309.29 38.96 5435.62 23494.7
1683656483 299.61 39.26 5666.6 16297.8
1683656493 308.33 38.99 5704.21 24161.4
1683656503 289.02 38.99 5112.54 20049.8
1683656513 310.95 39.36 5592.96 22690.5
1683656523 283.19 39.04 5042.42 19679.8
1683656533 305.46 39.06 5464.33 19855.4
1683656543 304.78 39.35 5569.56 19232.4
1683656553 308.02 39.36 5535.81 21964.8
1683656563 305.4 39.11 5483.92 21767.5
1683656573 273.44 39.38 5075 21048.4
1683656583 316.02 39.13 5475 23844.1
1683656593 305.78 39.12 5654.06 17689.7
1683656603 304.38 39.4 5640.47 22477
1683656613 308.91 39.09 5510.76 21331.5
1683656623 304.89 39.08 5510.76 19568.7
1683656633 302.64 39.37 5305.18 24088
1683656643 308.8 39.43 5430.69 24775
1683656653 291.25 39.15 5342.02 16137.7
1683656663 305.58 39.41 5335.81 23924.8
1683656673 301.66 39.11 5457.56 17658.1
1683656683 305.08 39.39 5518.28 22590.4
1683656693 310.76 39.36 5505.77 23968.7
1683656703 276.68 39.09 5165.52 15066.8
1683656713 308.68 39.4 5414.81 22647.6
1683656723 309.5 39.12 5521.96 23160.8
1683656733 305.39 39.35 5491.48 20954.8
1683656743 291.28 39.15 5240.74 19123.6
1683656753 303.91 39.39 5523.68 19014.9
1683656763 307.24 39.11 5536.2 21861.8
1683656773 286.58 39.4 5042.89 22736.1
1683656783 305.09 39.14 5548.73 19221.1
1683656793 305.58 39.12 5561.25 19281.4
1683656803 309.2 39.39 5448.53 22627.4
1683656814 275.59 39.13 5025.39 19161.3
1683656824 304.98 39.41 5507.51 20908.9
1683656834 281.02 39.13 4961.64 23042.7
1683656844 301.27 39.41 5553.7 18575.9
1683656854 307.44 39.06 5549.12 21402
1683656864 310.44 39.12 5495.02 23098.9
1683656874 300.48 39.41 5665.37 19358.8
1683656884 304.67 39.09 5541.64 18096.9
1683656894 312.03 39.43 5232.07 27191
1683656904 303.91 39.49 5669.85 15978.1
1683656914 308.3 39.37 5437.89 24120.7
1683656924 305.98 39.67 5428.79 22035.3
1683656934 282.84 39.4 5177.5 16266.5
1683656944 310.75 39.68 5462.89 24016.8
1683656954 304.39 39.36 5658.14 17354.5
1683656964 278.15 39.67 4897.09 21433
1683656974 303.22 39.4 5630.89 21828.3
1683656984 309.84 39.36 5546.64 18703
1683656994 307.13 39.66 5525 21859.4
1683657004 307.02 39.41 5389.86 22571.5
1683657014 309.61 39.67 5547.06 22023.9
1683657024 290.92 39.4 5303.8 21095
1683657034 303.42 39.67 5530.4 17071
1683657044 311.45 39.4 5448.53 24398
1683657054 305.19 39.38 5511.15 19194.1
1683657064 309.04 39.66 5486.1 22875.4
1683657074 284.43 39.68 5152.99 19305.8
1683657084 82.19 39.05 791466 15217.6

Execution duration: 00:24:35.35
