1683592444 307.28 1.6 1598.41 5008.37
1683592454 313 2.18 1430.55 10722.2
1683592464 310.91 2.51 1448.81 8027.38
1683592474 314.37 2.97 1419.41 11840.4
1683592484 314.72 3.32 1435.97 13837.1
1683592494 310.9 3.36 1496.93 5922.7
1683592504 314.29 3.88 1447.62 10725
1683592514 313.79 4.32 1447.62 10085.3
1683592524 310.65 4.82 1414.2 10405.5
1683592534 209.22 5.01 15554 7517.46
1683592544 314.9 5.4 1391.51 16164.7
1683592554 307.82 5.3 1469.04 5598.02
1683592564 310.31 5.76 1422.22 9678.17
1683592574 312.2 6.33 1421.21 11413.3
1683592584 308 6.54 1441.9 8053.36
1683592594 311.99 6.92 1421.21 9851.73
1683592604 314.27 7.29 1420.81 13349.5
1683592614 313.34 7.42 1442.69 9730.43
1683592624 310.39 7.48 1441.9 8306.72
1683592634 218.4 8.08 15006.1 12407.5
1683592644 310.49 8.36 1470.1 6465.35
1683592654 309.9 8.63 1419.41 10975.5
1683592664 313.42 9.23 1414.2 9671.79
1683592674 314.04 9.37 1391.3 14607.9
1683592684 312.15 9.68 1442.3 8037.15
1683592694 313.15 9.97 1443.32 9901.48
1683592704 312.38 10.41 1445.15 9682.38
1683592714 315.31 10.92 1441.9 10997.2
1683592724 309.19 11.12 1482.22 9511.46
1683592734 313.64 11.2 1418 12345.4
1683592744 257.87 11.49 16493 6730.77
1683592754 313.94 11.98 1418 11546.6
1683592764 309.58 12.31 1415.2 7377.69
1683592774 314.25 12.79 1410.03 11464.7
1683592784 314.25 13.13 1383.1 10584.7
1683592794 311.35 13.31 1415.59 11105.6
1683592804 309.43 13.42 1434.81 8513.27
1683592814 310.05 13.82 1439.05 8304.54
1683592824 311.95 14.22 1415.2 11087.1
1683592834 308.27 14.61 1436.22 8475.98
1683592844 313.29 15.19 1411.02 11730.7
1683592854 263.67 15.28 16533.1 11630.4
1683592864 308.19 15.45 1414.2 8244.58
1683592874 308.09 15.82 1397.66 8476.41
1683592884 314.76 16.22 1436.61 9991.73
1683592894 312.23 16.38 1413.81 9366.07
1683592904 312.44 17 1415.59 9881.93
1683592914 315.58 17.32 1414.2 14572
1683592924 311.21 17.41 1435.2 7068.24
1683592934 311.24 17.72 1464.3 9096.25
1683592944 311.11 17.95 1433.4 8515.13
1683592954 311.52 18.42 1436.61 10041.7
1683592964 234.68 18.85 16583.9 10365
1683592974 314.56 19.1 1409.64 14570.3
1683592984 309.93 19.56 1411.02 9542.13
1683592994 309.03 19.88 1432.38 7424.53
1683593004 309.94 20.12 1412.41 8566.7
1683593014 312.46 20.52 1430.98 10115.3
1683593024 314.44 21.01 1408.25 10634.6
1683593034 315.72 21.21 1408.64 13308.5
1683593044 308.55 21.41 1433.79 5103.34
1683593054 308.65 21.62 1409.64 10336.3
1683593064 308.72 22.22 1429.58 10451.3
1683593074 159.73 22.51 16362.3 8745.38
1683593084 310.97 22.94 1405.88 9676.08
1683593094 314.83 23.09 1383.49 14801.6
1683593104 309.41 23.35 1430.59 5912.55
1683593114 311.19 23.52 1406.87 9341.71
1683593124 311.11 23.93 1408.25 9386.64
1683593134 314.75 24.34 1410.03 11021.8
1683593144 314.17 24.8 1401.37 10045.8
1683593154 311.81 25.11 1410.03 12021.6
1683593164 313.14 25.14 1405.49 9775.29
1683593174 309.83 25.42 1408.64 6927.7
1683593184 118.55 25.9 15781.4 11594.5
1683593194 310.61 26.21 1408.64 10076.2
1683593204 311.79 26.52 1433.4 8465.23
1683593214 311.98 27.01 1408.64 10261.7
1683593224 306.66 27.06 1355.68 11691.4
1683593234 307.15 27.35 1404.11 8193.14
1683593244 313.54 27.76 1407.26 10961.7
1683593254 310.67 28.16 1429.19 9840.16
1683593264 310.16 28.5 1428.18 8678.28
1683593274 313.25 28.97 1431.99 11172.1
1683593284 110.46 29.21 14065.7 11618.4
1683593294 308.43 29.25 1430.59 7468.63
1683593304 308.69 29.59 1376.73 8918.08
1683593314 311.46 29.99 1430.59 9524.71
1683593324 310.69 30.28 1405.49 9075.69
1683593334 312.42 30.76 1401.76 10159.9
1683593344 313.81 30.96 1404.5 13223.5
1683593354 310.87 31.3 1429.58 8015.67
1683593364 310.74 31.6 1423.61 8654.44
1683593374 309.58 32.21 1376.73 12004.7
1683593384 307.34 32.34 1402.74 6835.23
1683593394 98.62 32.75 15428.8 10557.5
1683593404 313.39 32.96 1376.34 13299.7
1683593414 309.02 33.02 1404.11 7485.21
1683593424 308.62 33.53 1379.43 9172.18
1683593434 311.94 33.93 1404.11 11253.7
1683593444 315.34 34.41 1401.76 10676
1683593454 310.08 34.65 1402.74 8471.62
1683593464 312.53 34.91 1378.47 13454
1683593474 304.31 35.14 1427.79 7140.12
1683593485 310.31 35.59 1419.85 8884.82
1683593494 311.74 35.67 1426.39 8879.37
1683593504 123.49 36.25 15259.1 10207.4
1683593514 310.27 36.78 1376.73 11690.3
1683593524 311.72 36.88 1350.39 13100.4
1683593535 308.1 37.09 1424 5637.46
1683593545 311.21 37.46 1398.63 10443.3
1683593555 311.12 37.76 1397.66 9838.99
1683593565 311.24 37.79 1425 8586.72
1683593575 312.49 37.91 1399.02 11495
1683593585 313.7 38.04 1343.44 13582.5
1683593595 305.08 38.04 1425 5780.86
1683593605 311.32 37.91 1425.39 9120.7
1683593615 98.44 38.04 15355.2 9318.52
1683593625 310.99 38.03 1394.55 8950.58
1683593635 310.42 38.26 1370.98 12217.3
1683593645 309.36 38.27 1374.05 11482.9
1683593655 311.1 38.26 1396.3 9043.04
1683593665 309.74 38.27 1396.3 9924.83
1683593675 308.59 38.14 1425 8778.52
1683593685 308 38.28 1422.22 8917.35
1683593695 310.7 38.28 1370.04 11482.5
1683593705 308.58 38.28 1423.61 9259.32
1683593715 313.54 38.15 1396.3 11304.8
1683593725 311.04 38.15 1425 7900.39
1683593735 235.18 38.28 16619.1 11798.8
1683593745 308.48 38.28 1395.91 7837.97
1683593755 312.15 38.14 1394.55 9093.39
1683593765 310.25 38.27 1398.63 9507.51
1683593775 313.87 38.15 1375 12462.5
1683593785 308.49 38.27 1424 7734.24
1683593795 309.72 38.15 1393.2 9190.67
1683593805 308.85 38.29 1394.94 12105.1
1683593815 311.76 38.28 1419.46 9161.87
1683593825 310.98 38.16 1393.59 8941.89
1683593835 314.7 38.19 1370.98 12530.5
1683593845 253.61 38.32 16093.8 6345.31
1683593855 313.08 38.32 1399.02 10978
1683593865 313.28 38.32 1400 9960.94
1683593875 311.78 38.32 1396.3 10498.1
1683593885 308.49 38.32 1397.27 8535.67
1683593895 313.05 38.32 1371.37 13604.7
1683593905 310.06 38.31 1425 7438.28
1683593915 311.18 38.32 1419.85 8121.4
1683593925 311.42 38.41 1398.63 11662.8
1683593935 310.64 38.41 1425 8934.77
1683593945 313.77 38.28 1400.39 11470.7
1683593955 229.12 38.41 16088.2 12239.6
1683593965 312.16 38.41 1396.3 5728.92
1683593975 313.66 38.41 1373.66 9695.22
1683593985 314.93 38.41 1374.05 8775.8
1683593995 316.14 38.53 1368.32 12695
1683594005 313.74 38.53 1397.66 6992.98
1683594015 320.93 38.4 1321.13 14307.7
1683594025 315.3 38.53 1347.37 8194.54
1683594035 314.29 38.4 1368.32 8364.63
1683594045 316.11 38.53 1400 8505.86
1683594055 90.64 38.53 14374.2 10700.1
1683594065 312.88 38.53 15722.9 9006.44
1683594075 317.99 38.52 1351.71 16234.6
1683594085 311.97 38.53 1420.84 5775.66
1683594095 313.95 38.4 1339.53 11464
1683594105 309.38 38.53 1400.39 8053.12
1683594115 310.24 38.4 1360.39 8954.98
1683594125 310.93 38.41 1400.39 10195.3
1683594135 315.12 38.53 1348.68 13964.5
1683594145 311.13 38.52 1388.57 9634.08
1683594155 312.87 38.4 1423.61 8302.44
1683594165 234.44 38.52 14933.8 8853.31
1683594175 311.42 38.52 1397.27 10752.4
1683594185 311.4 38.4 1347.37 10680.3
1683594195 311.03 38.53 1372.71 9441.72
1683594205 311.48 38.4 1346.31 11224.5
1683594215 310.15 38.53 1398.63 7766.24
1683594225 312.98 38.4 1398.63 11178.9
1683594235 311.04 38.53 1388.19 7979.86
1683594245 309.46 38.4 1373.66 10076.9
1683594255 312.55 38.4 1345.14 11040.5
1683594265 150.44 38.52 14428.5 12211.5
1683594275 307.8 38.53 1420.84 6259.4
1683594285 314.36 38.4 1350.39 13194.5
1683594295 311.22 38.53 1425 9117.97
1683594305 309.9 38.53 1390.88 9117.75
1683594315 309.97 38.53 1400 9774.22
1683594325 315.69 38.41 1373.1 14518.9
1683594335 309.76 38.53 1398.63 7730.73
1683594345 311.63 38.53 1401.37 9069.4
1683594355 311.71 38.4 1398.63 10170.1
1683594365 314.61 38.52 1397.27 9371.54
1683594375 270.36 38.53 15387.5 10109.2
1683594385 313.58 38.53 1350.78 12836.7
1683594395 307.9 38.53 1424 5955.9
1683594405 309.78 38.53 1401.37 9036.56
1683594415 313.27 38.54 1372.71 11537.6
1683594425 314.24 38.4 1397.27 10268.2
1683594435 313.57 38.53 1379.79 8552.84
1683594445 314.42 38.5 1373.1 13361
1683594455 311.22 38.49 1423.61 5959.41
1683594465 310.72 38.37 1349.07 10757.5
1683594475 129.05 38.5 14788.7 8084.21
1683594485 313.38 38.5 1375.39 9653.52
1683594495 314.95 38.5 1350 10991
1683594505 312.01 38.49 1315.51 13091.5
1683594515 309.26 38.5 1397.66 5854.97
1683594525 311.41 38.5 1347.37 9242.11
1683594535 309.58 38.5 1401.76 6297.95
1683594545 312.51 38.46 1400 14369.5
1683594555 311.06 38.58 1428.18 7859.88
1683594565 316.77 38.59 1397.27 15857.3
1683594575 309.7 38.46 1416.1 8592.05
1683594585 183.61 38.58 15264.4 7827.12
1683594595 310.27 38.6 1401.37 9979.28
1683594605 311.9 38.61 1399.02 11185.2
1683594615 311.19 38.6 1431.82 6927.29
1683594625 313 38.59 1376.73 12862.6
1683594635 312.91 38.59 1403.52 10746.4
1683594645 309.76 38.46 1424 8141.27
1683594655 310.73 38.58 1448.59 9808.39
1683594665 312.25 38.59 1393.59 11565
1683594675 310.23 38.46 1447.17 8189.47
1683594685 313.69 38.59 1376.34 11569.9
1683594695 197.08 38.59 15790.3 9461.99
1683594705 310.43 38.59 1398.63 9088.78
1683594715 310.03 38.59 1420.84 7953.65
1683594725 311.58 38.57 1369.65 11632.3
1683594735 309.19 38.58 1401.76 7733.72
1683594745 312.6 38.59 1400 11524.6
1683594755 312.29 38.46 1374.05 11526.6
1683594765 310.6 38.46 1444.36 7349.03
1683594775 311.7 38.59 1422.22 10936.5
1683594785 312.86 38.45 1397.66 10105.3
1683594795 312 38.59 1397.27 9494.74
1683594805 134.87 38.59 15885.2 10585.9
1683594815 311.71 38.59 1349.46 12590
1683594825 308.6 38.59 1401.37 6321.8
1683594835 312.46 38.59 1369.65 11229.6
1683594845 309.61 38.45 1366.99 9948.74
1683594855 306.55 38.57 1401.37 7810.75
1683594865 309.94 38.44 1373.66 10732.9
1683594875 314.17 38.59 1375.39 12493
1683594885 308.26 38.59 1442.95 7111.37
1683594895 309.56 38.59 1398.63 10684.5
1683594905 311.94 38.46 1391.84 10398.5
1683594915 266.97 38.59 15341.9 11088.9
1683594925 308.74 38.46 1416.7 7332.04
1683594935 315.95 38.59 1353.03 15354.2
1683594945 310.02 38.46 1396.3 8247.71
1683594955 273.35 38.59 1220.23 6011.28
1683594965 253.94 38.6 1070.17 8154.32
1683594975 305.22 38.46 1412.58 8430.2
1683594985 309.05 38.58 1418.47 9491.55
1683594995 316.32 38.46 1351.71 15862.8
1683595005 307.52 38.59 1425 5982.03
1683595015 207.42 38.59 14298.5 11438.8
1683595025 307.78 38.58 1420.84 6260.56
1683595035 314.57 38.58 1376.73 11693.1
1683595045 307.79 38.58 1394.55 8694.55
1683595055 310.61 38.59 1356.84 11122.9
1683595065 309.24 38.59 1369.87 9985.23
1683595075 309.17 38.45 1398.63 7688.2
1683595085 310.52 38.59 1395.91 10629.8
1683595095 310.54 38.46 1400 9621.48
1683595105 312.03 38.59 1390.88 9740.83
1683595115 309.27 38.6 1413.28 8835.94
1683595125 227.46 38.58 15810.7 12712
1683595135 311.5 38.59 1397.27 8531.38
1683595146 309.09 38.45 1373.56 9499.23
1683595155 310.25 38.57 1423.61 9536.78
1683595165 307.32 38.58 1398.63 9155.51
1683595175 310.92 38.58 1374.05 8681.37
1683595185 313.64 38.58 1370.98 13025.9
1683595195 311.23 38.58 1425.39 6879.69
1683595205 310.51 38.45 1394.55 12116.7
1683595215 313.48 38.57 1400.39 11518
1683595225 307.88 38.45 1369.65 9436.19
1683595235 212.59 38.58 16038.3 10909
1683595246 311.17 38.58 1345.55 11896.9
1683595255 309.56 38.58 1373.66 10295.4
1683595266 305.74 38.58 1394.94 5508.95
1683595275 315.62 38.58 1375 11589.5
1683595285 311.72 38.58 1401.76 8369.11
1683595296 309.35 38.45 1395.91 10953.5
1683595306 315.48 38.58 1345.14 12927.2
1683595316 308.27 38.58 1419.46 6036.96
1683595325 311.52 38.45 1425.39 8833.59
1683595336 312.38 38.58 1397.66 10757.1
1683595346 154.26 38.58 15680.1 11595
1683595356 308.44 38.58 1390.49 7459.94
1683595366 312.5 38.44 1324.1 14949.1
1683595375 308.7 38.58 1451.81 5461.97
1683595386 312.29 38.58 1372.32 10464.7
1683595396 311.89 38.58 1422.61 9439.38
1683595406 312.44 38.58 1420.84 8714.31
1683595416 309.03 38.58 1393.2 9579.4
1683595426 315.51 38.59 1324.49 15486
1683595436 305.8 38.58 1435.98 5320.31
1683595446 312.33 38.45 1427.79 10653.6
1683595456 151.9 38.59 15530.7 8197.86
1683595466 310.44 38.58 1399.02 10218.1
1683595476 309.84 38.57 1397.27 10692.4
1683595486 311.91 38.58 1400.39 9619.14
1683595496 311.7 38.45 1386.85 10734.6
1683595506 310.17 38.58 1426.78 10091.1
1683595516 309.57 38.45 1423.61 7608.59
1683595526 313.49 38.58 1426.39 10922.4
1683595536 311.8 38.58 1422.61 9668.62
1683595546 312.95 38.58 1395.91 9927.17
1683595556 312.13 38.57 1376.73 11732.2
1683595566 244.7 38.58 15607.4 7007.6
1683595576 310.49 38.44 1366.99 12449.3
1683595586 309.49 38.58 1451.42 7332.94
1683595596 310.31 38.45 1394.55 9264.59
1683595606 315.08 38.42 1402.74 11884.5
1683595616 311.63 38.56 1350.39 11253.9
1683595626 307.82 38.43 1426.39 6369.89
1683595636 311.61 38.58 1397.27 12097.1
1683595646 311.03 38.45 1448.59 11091.5
1683595656 313.11 38.45 1391.84 9879.22
1683595666 307.6 38.58 1424 8075.71
1683595676 248.2 38.58 16130.2 13452.6
1683595686 308.79 38.45 1425 6623.44
1683595696 309.06 38.57 1397.27 9272.9
1683595706 309.92 38.58 1369.65 11319.8
1683595716 309.87 38.58 1400 9303.12
1683595726 313.1 38.58 1391.84 11946
1683595736 311.96 38.58 1369.65 11342.4
1683595746 308.67 38.58 1420.84 7756.96
1683595756 311.52 38.58 1423.61 8039.02
1683595766 310.32 38.45 1420.84 9884.71
1683595776 112.1 38.5 14583.4 8941.27
1683595786 295.54 38.59 332.76 3132.75
1683595796 294.74 38.5 308.86 3592.99

Execution duration: 00:56:01.01
1683595806 2.26 38.49 34.87 9.01
