1683681104 285.16 2.72 5929.08 14117.1
1683681114 301.69 3.63 5720.64 20706.3
1683681124 305.54 4.5 5678.02 23487.5
1683681134 294.94 5.09 5467.99 21445.8
1683681144 307.81 5.82 5600 26040.4
1683681154 296.34 6.44 5708.91 17202.4
1683681164 307.62 7.31 5703.37 22884.4
1683681174 304.34 7.91 5700.49 21205.1
1683681184 304.46 8.68 5627.33 21910.9
1683681194 305.44 9.76 5697.73 20549.5
1683681204 284.39 10.34 5186.17 20236.8
1683681214 304.24 10.54 5623.29 22568.2
1683681224 308.9 11.77 5647.09 23717.9
1683681234 302.37 12.2 5621.76 19616.2
1683681244 303.66 13.23 5578.27 20953.4
1683681254 305.63 14.21 5679.45 21591.7
1683681264 310.62 14.75 5664.11 23587
1683681274 264.23 15.4 4806.72 19801.2
1683681284 302.85 15.76 5694.88 18665
1683681294 305.32 16.81 5529.38 23410.6
1683681304 303.84 17.54 5664.11 20587.6
1683681314 293.49 18.62 5440.63 21288.8
1683681324 303.45 19.16 5598.02 20698.9
1683681334 271.31 20.07 4797.23 22383.4
1683681344 300.3 20.17 5668.24 18300.2
1683681354 303.34 21.26 5627.87 19684
1683681364 307.69 21.89 5549.16 22543.8
1683681375 302.05 22.67 5584.03 20201.8
1683681384 277.74 23.78 5097.54 20108.8
1683681394 304.64 24.56 5289.94 28058
1683681404 292.91 24.72 5631.89 16403.5
1683681414 308.45 26.04 5671.12 22381.1
1683681424 304.43 26.31 5669.68 19111.8
1683681434 309.92 27.54 5545.38 22062.9
1683681444 307.86 28.14 5537.86 24249
1683681454 290.16 28.96 5424.97 18360.3
1683681464 309.42 29.39 5578.41 24133.1
1683681474 299.81 30.3 5614.92 17511.3
1683681484 305.42 30.84 5429.92 22179.5
1683681494 305.1 31.69 5670.73 21013.4
1683681505 306.27 32.6 5521.57 22002.3
1683681515 286.73 33.72 5219.9 21113
1683681524 290.94 33.91 5253.93 22558.3
1683681535 306.47 35.01 5559.22 21422
1683681545 298.04 35.4 5541.23 18078
1683681555 281.12 36.2 5122.5 20803.1
1683681565 309.2 37.44 5498.24 22635.6
1683681575 300.29 37.93 5509.02 19468.6
1683681585 293.65 38.43 5147.55 23175
1683681595 299.41 38.12 5598.43 17158.5
1683681605 308.32 38.58 5616.45 24853.3
1683681615 305.87 38.82 5661.06 20025
1683681625 286.59 38.57 5199.61 22720.3
1683681635 290.26 38.83 5291.34 19428.3
1683681645 302.62 38.54 5288.85 23717.9
1683681655 302.05 38.82 5662.5 19325
1683681665 302.84 38.56 5578.84 21157.3
1683681675 303.92 38.85 5580.45 19036.2
1683681685 309.96 38.53 5525 23462.5
1683681695 305.28 38.59 5578.84 19558.9
1683681705 282.51 38.96 5000.58 25291
1683681715 303.23 38.94 5630.5 16075.5
1683681725 306.65 38.93 5517.89 24870.4
1683681735 293.38 38.87 5341.63 18371.2
1683681745 309.01 38.9 5603.92 22706.4
1683681755 308.62 38.88 5571.76 23569.8
1683681765 299.02 39.18 5303.04 23716
1683681775 287.42 39.14 5462.34 15545.7
1683681785 312.15 38.9 5510.59 25166.2
1683681795 302.64 39.2 5643.01 19195.7
1683681805 295.12 38.93 5392.77 22366.8
1683681815 301.07 38.94 5636.01 18065.4
1683681825 306.06 39.23 5605.47 20721.4
1683681835 266.18 38.95 4578.56 22867.5
1683681845 301.96 39.21 5630.5 16706.5
1683681855 303.91 38.89 5448.14 22429
1683681865 296.87 39.19 5398.04 21008.6
1683681875 284.73 38.92 5145.22 18870.9
1683681885 309.69 39.22 5573.39 23901.4
1683681895 277.69 38.94 4959.69 22512.7
1683681905 302.74 38.95 5566.31 19433.5
1683681915 305.88 39.24 5621.96 20684.3
1683681925 306.45 38.93 5643.01 19180.1
1683681935 278.46 39.21 4864.25 24571.6
1683681945 301.46 38.96 5638.99 17500.6
1683681955 314.52 38.89 5365.3 28474.1
1683681965 303.99 39.24 5652.92 15665
1683681975 311.62 39.03 5475 24858.6
1683681985 303.04 39.02 5623.48 17589.8
1683681995 307.25 39.26 5516.16 21098.1
1683682005 283.56 38.94 5084.93 21039.9
1683682015 312.74 39.31 5453.87 26608.4
1683682025 300.69 39.04 5578.84 17626.2
1683682035 303.91 39.28 5587.5 18055.1
1683682045 304.17 39.35 5345.74 23389.5
1683682055 308.46 39.04 5528.4 23327.2
1683682065 302.65 39.03 5578.84 17983.5
1683682075 311.35 39.34 5448.14 26288.1
1683682085 307.22 39.02 5594.54 19311.6
1683682095 307.24 39.32 5573.39 20996.5
1683682105 301.27 39.01 5546.25 19385.8
1683682115 305.17 39.04 5550 21636.3
1683682125 309.89 39.03 5692.06 22199.8
1683682135 307.99 39.45 5445.62 22999.8
1683682145 269.44 39.17 4801.96 19315.6
1683682155 305.09 39.48 5523.68 19542.9
1683682165 294.93 39.18 5470.44 21077.8
1683682175 305.58 39.4 5418.18 23980.1
1683682185 308.39 39.47 5480.81 21824.5
1683682195 295.11 39.21 5543.3 17332.5
1683682205 308.14 39.49 5345.74 23011.6
1683682215 309.09 39.2 5618.77 23481.5
1683682225 309.22 39.23 5518.06 23930.1
1683682235 306.66 39.5 5654.06 17920.1
1683682245 303.43 39.22 5530.79 20783.6
1683682255 307.03 39.51 5507.51 20794.2
1683682265 274.39 39.21 4754.64 22976.7
1683682275 300.1 39.22 5668.43 19234
1683682285 307.62 39.51 5493.25 21700.5
1683682295 310.73 39.22 5527.1 20378.2
1683682305 282.21 39.49 5092.86 20764.4
1683682315 303.41 39.22 5715.18 19344.8
1683682325 298.73 39.22 5050.2 25682.8
1683682335 303.61 39.49 5557.46 18952.2
1683682345 306.56 39.17 5491.48 21215.7
1683682355 303.62 39.48 5666.6 20805.9
1683682365 305.12 39.2 5565.61 19186.5
1683682375 289.17 39.49 5195.32 21134
1683682385 307.62 39.19 5472.92 20028.9
1683682395 311.59 39.22 5372.93 24901.3
1683682405 309.31 39.54 5541.62 21662.3
1683682415 303.13 39.24 5594.93 17710.8
1683682425 308.22 39.54 5523.68 22397.6
1683682435 285.06 39.28 5162.89 22206.6
1683682445 306.37 39.25 5697.64 17605.5
1683682455 305.37 39.55 5334.9 25246.1
1683682465 305.68 39.28 5598.82 20974.6
1683682475 302.03 39.29 5549.56 19075.1
1683682485 305.67 39.54 5523.68 20121.3
1683682495 305.77 39.52 5500.39 21052.3
1683682505 302.45 39.26 5584.7 22671
1683682515 301.86 39.56 5362.27 22392.2
1683682525 304.98 39.26 5487.5 20056.2
1683682535 307.04 39.28 5480.81 22750.6
1683682545 300.68 39.56 5622.94 21491.9
1683682555 306.25 39.25 5507.51 21353.4
1683682565 129.93 38.93 786029 18355.3

Execution duration: 00:24:29.29
