1683675760 307.18 1.76 1691.24 4982.07
1683675770 311.59 2.26 1420.81 10308.4
1683675780 311.51 2.74 1424.2 10475.4
1683675790 310.91 3.09 1447.62 9832.54
1683675800 314.38 3.47 1445.24 13491.7
1683675810 312.2 3.62 1447.62 6166.27
1683675820 314.47 4.03 1447.37 10495.1
1683675830 313.48 4.39 1447.62 10000.8
1683675840 312.49 4.78 1422.62 9962.7
1683675850 201.09 5.11 15435.2 8697.83
1683675860 314.26 5.3 1394.46 15204
1683675870 309.31 5.41 1446.97 6373.44
1683675880 311.5 5.98 1420.81 9488.6
1683675890 312.05 6.32 1442.3 9163.24
1683675900 312.38 6.87 1419.41 11774.3
1683675910 311.28 6.8 1443.72 7143.82
1683675920 317.94 7.55 1420.81 16848.4
1683675930 306.32 7.43 1445.3 6426.51
1683675940 312.18 7.96 1446.18 8718.33
1683675950 209 8.28 14940.7 6986.96
1683675960 314.43 8.45 1416.6 13359.3
1683675970 312.38 8.96 1444.75 9738.61
1683675980 313.34 9.48 1443.72 9260.53
1683675990 314.15 9.78 1393.47 12382.6
1683676000 310.18 9.89 1442.3 8239.53
1683676010 312.83 10.35 1415.2 10033.2
1683676020 312.73 10.72 1440.86 10360.5
1683676030 312.06 10.76 1443.32 9087.24
1683676040 313.45 11.48 1469.83 9230.07
1683676050 315.32 11.71 1393.08 13538.3
1683676060 244.29 11.85 16368.1 7943.59
1683676070 312.22 12.02 1439.44 10024.5
1683676080 318.68 12.84 1416.6 11637.9
1683676090 311.16 13.17 1442.3 8216.21
1683676100 312.64 13.15 1440.47 6677.2
1683676110 314.86 13.68 1386.22 15450
1683676120 312.64 13.76 1440.47 6338.01
1683676131 311.33 14.13 1412.8 10098.5
1683676140 311.05 14.49 1440.47 9079.17
1683676151 314.23 14.99 1405.49 13267.8
1683676161 310.23 14.99 1436.22 6326.77
1683676171 270.91 15.52 16542 14957.4
1683676181 309.27 15.31 1439.44 6143.59
1683676191 312.68 15.73 1409.64 10563.6
1683676201 311.9 16.35 1410.03 9128.02
1683676211 313.28 16.78 1409.64 10210.8
1683676221 311.9 17.18 1410.03 9965.39
1683676231 315.56 17.41 1387.58 15080.2
1683676241 311.04 17.41 1438.03 5774.98
1683676251 313.09 17.68 1411.02 9091.73
1683676261 314.98 18.25 1412.41 12997.4
1683676271 312.25 18.27 1440.86 8735.24
1683676281 230.05 19.06 16557.6 10046.1
1683676291 313.7 18.96 1387.98 12917.4
1683676301 310.47 19.44 1440.47 6326.16
1683676311 311.31 19.7 1435.2 10222.2
1683676321 312.01 19.82 1411.02 9285.43
1683676331 312.82 20.58 1412.8 10488.3
1683676341 312.62 20.96 1437.64 9965.32
1683676351 315.83 21.27 1384.85 13885.5
1683676361 308.34 21.27 1457.5 5471.25
1683676371 312.45 21.67 1430.59 9071.76
1683676381 311.12 22.05 1411.41 10926
1683676391 155.8 22.52 16318.9 9609.84
1683676401 315.55 22.75 1386.22 7304.72
1683676411 321.07 22.88 1386.62 16612.6
1683676421 315.02 23.28 1407.26 5648.68
1683676431 315.1 23.54 1381.75 8750.54
1683676441 317.89 24.05 1384.46 11066.7
1683676451 310.27 24.22 1426.78 7302.05
1683676461 313.95 24.68 1408.25 10424.4
1683676471 315.84 25.06 1386.22 11519.3
1683676481 313.11 25.22 1378.08 9856.36
1683676491 314.36 25.23 1410.03 8264.7
1683676501 85.07 25.71 0 9333.2
1683676511 309.5 26.29 16928.9 9539.27
1683676521 310.8 26.62 1381.75 10986.5
1683676531 309.22 26.8 1405.49 10411.8
1683676541 315.06 27.15 1386.22 10385
1683676551 311.46 27.5 1429.19 7733.2
1683676561 313.44 27.47 1432.38 8823.95
1683676571 313.91 28.24 1404.11 11254.9
1683676581 313.64 28.67 1432.38 10081.6
1683676591 309.7 29 1405.49 10102.4
1683676601 309.58 29.2 1400.78 11119.9
1683676611 290.01 29.43 15246.2 6615.47
1683676621 310.3 29.54 1380.39 9536.08
1683676631 310.96 30.1 1378.08 9566.73
1683676641 312.27 30.6 1406.87 11211
1683676651 312.41 30.92 1401.76 8224.83
1683676661 316.06 31.26 1404.5 13802.1
1683676671 310.76 31.45 1428.18 6387.08
1683676681 312.26 31.75 1406.87 10192.4
1683676691 314.3 32.18 1429.58 10530.1
1683676701 310.97 32.24 1402.74 9555.77
1683676711 310.64 32.88 1398.63 9227.71
1683676721 281.97 33.13 16523.9 13820.4
1683676731 310.75 33.32 1400 7221.88
1683676741 307.51 33.29 1372.71 7615.2
1683676751 313.72 34.04 1405.49 10980.4
1683676761 310.85 34.45 1376.73 9996.87
1683676771 313.22 34.76 1402.74 8660.67
1683676781 312.97 35.15 1373.1 15009.8
1683676791 309.58 35.34 1402.74 6175.73
1683676801 307.79 35.57 1397.27 8387.52
1683676811 311.76 36.01 1392.23 10130.5
1683676821 313.02 36.33 1427.79 9609.39
1683676831 292.41 36.76 16231.7 10004.7
1683676841 313.38 36.75 1350 15131.6
1683676851 310.17 37.03 1453.23 5492.37
1683676861 309.96 37.37 1375 9341.41
1683676871 310.46 37.82 1401.76 10266.7
1683676881 311.12 37.88 1397.27 10292.8
1683676891 313.04 37.94 1419.46 8640.86
1683676901 318.1 38.23 1370.82 15742.8
1683676911 308.95 38.23 1395.91 6182.67
1683676921 311.9 37.95 1424 9158.24
1683676931 311.75 38.24 1416.7 8939.42
1683676941 270.48 38.24 16451.6 11159.7
1683676951 311.21 38.24 1422.22 10683.4
1683676961 311.61 38.05 1399.02 10986.9
1683676971 313.64 38.33 1363.41 10610.6
1683676981 309.16 38.33 1422.22 7644.05
1683676991 314.18 38.35 1426.78 11750.1
1683677001 308.7 38.35 1425 8972.27
1683677011 314.74 38.35 1424 10009.8
1683677021 311.92 38.35 1426.39 10834
1683677031 313.71 38.15 1370.43 11996.1
1683677041 308.3 38.43 1423.61 8076.49
1683677051 196.67 38.43 16426.9 10662.9
1683677061 310.26 38.15 1401.37 8910.26
1683677071 313.65 38.43 1397.27 10254.6
1683677081 309.33 38.14 1393.59 9091.93
1683677091 314.88 38.43 1370.43 13435
1683677101 312.3 38.43 1424 6954.54
1683677111 311.8 38.16 1397.27 11834.3
1683677121 309.66 38.43 1425.39 7317.58
1683677131 310.15 38.43 1398.63 9998.83
1683677141 313.28 38.43 1400.39 11719.5
1683677151 315.32 38.15 1374.05 13659.3
1683677161 207.7 38.44 15778.4 5653.85
1683677171 310.82 38.43 1397.66 11396.5
1683677181 310.51 38.48 1420.84 9280.23
1683677191 312.58 38.21 1399.02 10592.4
1683677201 311.34 38.48 1401.37 9952.3
1683677211 313.08 38.48 1375.78 12640.6
1683677221 306.25 38.2 1448.59 5937.56
1683677231 312.31 38.49 1414.27 10723.8
1683677241 312.11 38.21 1425 9567.58
1683677251 312.51 38.48 1401.37 11259.4
1683677261 310.31 38.49 1419.85 8763.04
1683677271 194.53 38.52 15954.7 13082.9
1683677281 308.5 38.52 1424 6257.95
1683677291 310.46 38.53 1376.34 9803.71
1683677301 310.55 38.25 1401.76 9937.05
1683677311 310.25 38.53 1423.61 8824.2
1683677321 313.46 38.53 1397.66 11134.1
1683677331 315.54 38.25 1400.39 14081.6
1683677341 308.29 38.53 1423.61 5787.71
1683677351 308.98 38.53 1400.39 10686.7
1683677361 311.61 38.53 1398.63 9967.61
1683677371 99.81 38.52 14393.4 9212.05
1683677381 309.38 38.53 1401.37 9012.32
1683677391 317.36 38.53 1349.46 15667.1
1683677401 308.09 38.25 1422.22 5889.28
1683677411 310.1 38.53 1392.23 8024.85
1683677421 314.66 38.52 1376.34 12363.6
1683677431 311.12 38.25 1372.32 9657.31
1683677441 309.59 38.53 1426.78 7881.13
1683677451 313.56 38.54 1372.32 12873.3
1683677461 311.24 38.52 1388.57 9182.96
1683677471 311.89 38.25 1397.27 10622.2
1683677481 253.43 38.53 15068.6 10024.9
1683677491 311.67 38.25 1383.78 9681.47
1683677501 310.35 38.53 1398.63 8133.46
1683677511 310.08 38.54 1364.34 13140.3
1683677521 312.99 38.53 1350 11086.7
1683677531 312.97 38.55 1424 9760.39
1683677541 310.55 38.54 1425 7765.62
1683677551 312.97 38.54 1399.02 11503.2
1683677561 309.63 38.54 1393.2 11388.5
1683677571 310.73 38.26 1424 10711.4
1683677581 198.15 38.54 14685.2 10604.3
1683677591 308.78 38.53 1397.27 7449.51
1683677601 310.32 38.26 1372.71 9829.24
1683677611 310.51 38.25 1395.91 9576.63
1683677621 313.74 38.53 1372.71 11009.8
1683677631 308.41 38.54 1426.39 8000
1683677641 314.55 38.54 1400 12480.9
1683677651 309.08 38.54 1400 7871.88
1683677661 312.44 38.54 1394.94 10806.2
1683677671 310.68 38.54 1391.84 9413.2
1683677681 101.55 38.54 14336.2 9040.86
1683677691 311.34 38.54 1376.73 11934.7
1683677701 311.18 38.53 1368.71 10593.2
1683677711 310.25 38.26 1425.39 6250
1683677721 314.75 38.54 1401.37 11934.3
1683677731 312.55 38.54 1393.2 8840.43
1683677741 314.94 38.54 1400 11621.1
1683677751 311.44 38.54 1426.78 8581.04
1683677761 315.1 38.54 1372.54 12877.5
1683677771 308.49 38.54 1423.61 5688.59
1683677781 311.7 38.26 1372.32 11611.7
1683677791 191.41 38.53 15205.1 8577.34
1683677801 313.57 38.54 1400.39 11668
1683677811 310.34 38.26 1423.61 8737.17
1683677822 314.33 38.54 1372.71 12917.4
1683677831 307.43 38.53 1426.39 6728.84
1683677842 309.78 38.54 1401.37 7957.38
1683677852 311.73 38.54 1375 11612.9
1683677862 312.02 38.54 1426.39 10064.1
1683677872 308.31 38.55 1401.76 9062.37
1683677882 315.81 38.54 1348.68 14540.1
1683677892 308.51 38.26 1426.78 5750.54
1683677902 270.73 38.53 15776.4 9223.02
1683677912 308.95 38.54 1370.04 8740.86
1683677922 313.33 38.54 1394.55 11026.5
1683677932 310.79 38.54 1369.65 8667.32
1683677942 317.57 38.53 1325.78 15596.9
1683677952 309.7 38.26 1417.09 5927.38
1683677962 313.4 38.54 1376.73 9472.14
1683677972 310.15 38.54 1398.63 8597.85
1683677982 312.28 38.54 1397.66 10334.9
1683677992 314.14 38.26 1372.32 11887.7
1683678002 313.56 38.55 1399.02 9186.73
1683678012 251.61 38.53 16073.2 10575.3
1683678022 312.17 38.54 1370.98 8543.33
1683678032 312.39 38.24 1399.02 9332.68
1683678042 311.38 38.52 1394.55 10515.6
1683678052 314.42 38.23 1338.63 12538.6
1683678062 307.98 38.53 1397.27 7032.75
1683678072 313.25 38.53 1398.44 11074.9
1683678082 310.69 38.53 1394.55 8404.28
1683678092 311.92 38.52 1400 8046.48
1683678102 313.07 38.53 1399.02 11902.8
1683678112 311.42 38.54 1398.63 9287.02
1683678122 169.4 38.54 16029.2 11495.1
1683678132 311.19 38.54 1370.04 11364.2
1683678142 306.93 38.26 1401.76 5575.37
1683678152 312.33 38.53 1402.74 9945.99
1683678162 311.78 38.54 1396.3 9918.99
1683678172 315.21 38.54 1373.66 13281.2
1683678182 308.07 38.54 1442.95 6479.69
1683678192 314.34 38.53 1374.05 13042
1683678202 308.37 38.54 1419.46 7015.56
1683678212 309.48 38.54 1400.39 8500
1683678222 84.83 38.46 0 10654.5
1683678232 305.09 38.53 15561.8 8356.68
1683678242 310.91 38.56 1395.91 11287.6
1683678252 302.05 38.56 1274.15 13151.6
1683678262 308.87 38.55 1397.27 6161.79
1683678272 309.75 38.56 1397.27 7601.17
1683678282 312.27 38.56 1371.37 11165
1683678292 313.16 38.56 1398.63 10343
1683678302 312.88 38.56 1399.02 10522.9
1683678312 308.3 38.56 1323.71 12727
1683678322 310.36 38.28 1413.88 5987.1
1683678332 296.49 38.56 14858.1 9416.37
1683678342 308.87 38.67 1395.91 8891.14
1683678352 313.37 38.67 1374.05 9993.37
1683678362 313.75 38.67 1348.68 12302.4
1683678372 312.31 38.68 1375.39 11016.4
1683678382 311.22 38.4 1411.22 8177.56
1683678392 310.55 38.68 1425.39 8005.86
1683678402 312.34 38.77 1393.2 11390.9
1683678412 308.89 38.77 1401.76 7964.81
1683678422 311.41 38.77 1398.63 11260.5
1683678432 99.81 38.78 14952.7 9015.39
1683678442 311.18 38.77 1368.32 11200.8
1683678452 309.17 38.5 1398.63 7384.98
1683678462 310.98 38.78 1381.93 11795.5
1683678472 310.66 38.77 1401.37 8349.95
1683678482 308.86 38.77 1396.3 10354.4
1683678492 311.92 38.77 1400 10232.4
1683678502 312.88 38.78 1399.8 10645.9
1683678512 310.55 38.78 1400 8454.69
1683678522 309.83 38.78 1381.12 9891.71
1683678532 310.15 38.78 1399.02 9242.54
1683678542 86.32 38.79 15321.2 8153.66
1683678552 313.22 38.77 16688.5 11444.6
1683678562 312.49 38.48 1374.05 10937.8
1683678572 309.92 38.49 1418.47 6925.17
1683678582 309.66 38.77 1397.27 9957.89
1683678592 313.92 38.77 1370.98 12003.9
1683678602 311.72 38.76 1400.39 9199.22
1683678612 309.06 38.76 1395.91 8778.97
1683678622 312.72 38.77 1378.08 11972.6
1683678632 311.25 38.76 1426.39 6782.4
1683678642 314.17 38.48 1400 11337.9
1683678652 309.58 38.77 1426.39 7753.67
1683678662 255.08 38.77 16605.5 10125.4
1683678672 310.35 38.77 1375 10203.1
1683678682 308.75 38.49 1344.75 13572.8
1683678692 307.43 38.76 1401.76 6519.65
1683678702 308.76 38.78 1369.65 8703.5
1683678712 309.96 38.77 1400.39 9612.89
1683678722 312.38 38.77 1372.32 11932.5
1683678732 308.76 38.77 1421.23 7210.13
1683678742 316.75 38.77 1370.98 14965.5
1683678752 309.04 38.77 1443.34 6252.28
1683678762 312.21 38.77 1400 9657.81
1683678772 242.54 38.76 16111.2 9257.37
1683678782 311.61 38.77 1400.39 9132.03
1683678792 309.61 38.48 1391.84 9681.55
1683678802 314.95 38.78 1350.39 15190.2
1683678812 309.12 38.5 1440.55 6438.41
1683678822 309.36 38.78 1398.63 10692.3
1683678832 310.63 38.78 1423.61 7765.07
1683678842 313.96 38.77 1424 9359.22
1683678852 310.63 38.77 1398.63 11262.8
1683678862 309.77 38.76 1400 9930.47
1683678872 111.35 38.77 14692.8 10345.6
1683678882 309.33 38.77 1394.55 9224.12
1683678892 311.23 38.48 1400.39 10159.8
1683678902 310.95 38.78 1401.37 9378.3
1683678912 310.64 38.77 1374.05 9061.85
1683678922 313.67 38.76 1375.39 10143
1683678932 313.95 38.49 1348.68 12463.2
1683678942 307.9 38.77 1399.02 7239.41
1683678952 313 38.77 1401.37 10382.8
1683678962 310.83 38.77 1399.02 9519.61
1683678972 309.48 38.77 1401.37 9017.01
1683678982 311.92 38.5 1364.84 10331.2
1683678992 303.71 38.77 16433.1 12336.8
1683679002 311.03 38.78 1425.39 6274.61
1683679012 310.84 38.5 1400 8448.05
1683679022 312.49 38.77 1400 11275.8
1683679032 311.91 38.77 1399.02 10078.4
1683679042 313.47 38.5 1400 9551.56
1683679052 315.04 38.77 1375.78 14737.1
1683679062 307.91 38.77 1426.39 5933.92
1683679072 312.01 38.79 1425.39 10099.2
1683679082 312.89 38.78 1375 9773.83
1683679092 167.93 38.77 14633.6 7426.24
1683679102 295.21 38.78 312.1 3717.58
1683679112 228.84 38.69 239.54 2933.08

Execution duration: 00:56:00.00
