1683628144 283.17 2.69 5771.71 14408
1683628154 301.09 3.58 5727.38 20463.1
1683628164 305.36 4.53 5694.94 23866.5
1683628174 300.5 5.07 5613.1 20659.9
1683628184 303.07 5.82 5614.66 21048.7
1683628194 281.56 6.52 5149.26 22037.7
1683628204 299.51 6.97 5645.59 19474.7
1683628214 308.38 8.2 5579.49 25151.1
1683628224 302.68 9.03 5638.5 19080.2
1683628234 299.9 9.4 5590.18 19584.7
1683628244 271.91 10.56 4912.76 20508.4
1683628254 302.67 10.77 5383.21 25512.7
1683628264 299.8 11.29 5707.87 17449.6
1683628274 309.49 12.56 5596.44 24638.6
1683628284 295.55 13.11 5464.43 20131.6
1683628294 302.68 14.04 5716.04 17559.2
1683628304 304.33 14.48 5518.11 21736.2
1683628314 281.6 15.29 5013.65 23768.6
1683628324 303.76 16.13 5558.06 19326.6
1683628334 302.37 16.75 5566.86 19887.6
1683628344 305.23 17.83 5521.82 20875.4
1683628354 287 18.21 5372.22 18476.5
1683628364 303.36 19.12 5615.81 21858.5
1683628374 290.03 20.33 5155.77 26149.7
1683628384 287.23 20.44 5386.14 15292.7
1683628395 305.12 21.21 5625.96 19833.2
1683628404 310.27 22.44 5527.27 25070
1683628414 299.5 22.9 5631.5 18905.1
1683628424 285.01 23.93 5112.43 20010.6
1683628435 303.35 24.47 5502.75 20232.3
1683628445 290.55 25.12 5266.14 20550
1683628455 309.74 25.97 5518.11 23846.1
1683628465 298.05 26.64 5426.9 20533.7
1683628475 300.49 27.49 5523.55 18347.6
1683628485 276.82 28.12 4986.19 20476.1
1683628495 304.34 28.89 5568.5 20779.1
1683628505 295.18 29.65 5235.79 23635.8
1683628515 296.96 30.23 5544.99 18710
1683628525 299.9 30.87 5392.13 20337
1683628535 299.91 32.03 5480.31 21462.2
1683628545 303.54 32.51 5544.99 19972.1
1683628555 297.25 33.82 5248.38 24010.6
1683628565 309.71 34.2 5502.25 22752.9
1683628575 303.63 34.59 5466.01 18731
1683628585 296.07 35.21 5456.97 18948.5
1683628595 304.61 36.3 5446.27 20717.2
1683628605 302.16 36.84 5512.68 21610.2
1683628615 302.65 38.17 5456.97 23097.8
1683628625 290.14 38.11 5095.8 23684.7
1683628635 304.02 38.45 5628.99 16945.7
1683628645 307.26 38.42 5577.23 20405.9
1683628655 305.78 38.64 5453.48 22429.4
1683628665 283.39 38.87 5042.42 20862.6
1683628675 309.4 38.65 5603.92 23339.9
1683628685 282.82 38.66 5012.89 22172.3
1683628695 294.28 38.91 5718.34 14848.9
1683628705 305.29 38.96 5548.34 23473.2
1683628715 304.8 38.65 5603.92 20420.8
1683628725 305.48 38.67 5440.94 20622.1
1683628735 276.26 38.96 4936.6 20755.2
1683628745 305.48 38.7 5516.16 20818.8
1683628755 300.98 38.71 5607.02 21375.6
1683628765 304.7 38.93 5548.34 20563.6
1683628775 308.14 38.74 5534.12 21943.5
1683628785 305.09 38.75 5609.41 22540.8
1683628795 303.82 39 5598.43 19397.3
1683628805 287.77 38.71 5147.55 18607.8
1683628815 312.05 38.72 5453.48 24282.5
1683628825 305.98 39.13 5521.57 22685.9
1683628835 292.08 38.88 5510.76 17047
1683628845 305.1 38.87 5589.79 20760
1683628855 311.34 39.13 5592.96 24358.9
1683628865 310.16 38.88 5475 24343
1683628875 273.24 38.87 4700 21285.5
1683628885 302.06 39.15 5666.6 15633.3
1683628895 307.24 39.23 5473.19 23267.3
1683628905 311.86 38.94 5521.57 24068.6
1683628915 284.47 39.22 5256.7 16266
1683628925 307.44 38.91 5435.62 23145.2
1683628935 305.3 38.92 5195.29 25760.8
1683628945 301.67 39.23 5584.31 19404.7
1683628955 302.94 39.22 5553.77 19023.7
1683628965 305.27 39.24 5612.5 21771.1
1683628975 281.18 38.96 5120 19569
1683628985 307.15 39 5503.62 23179.2
1683628995 300.2 39.3 5115.77 26268
1683629005 299.31 39.03 5579.49 17149.5
1683629015 303.03 39.03 5585.91 18844.6
1683629025 307.25 39.28 5473.19 23273.6
1683629035 305.69 39.3 5370.98 22280
1683629045 302.15 39.03 5410.57 17790.2
1683629055 293.44 39.31 5345.88 19453.3
1683629065 309.19 39.04 5255.91 26205.7
1683629075 302.54 39.33 5623.48 17836.4
1683629085 302.45 39.06 5528.7 21789.6
1683629095 302.24 38.97 5446.54 21301.7
1683629105 307.44 39.32 5603.92 19387.7
1683629115 299.71 39.06 5303.04 21355.5
1683629125 305.67 39.05 5392.77 23810
1683629135 303.33 39.31 5672.16 16787.8
1683629145 306.65 39.29 5485.71 22561.6
1683629155 311.46 39.24 5453.48 24573.6
1683629165 309.6 39.25 5603.92 22902.6
1683629175 303.33 39.47 5716.75 21067.6
1683629185 289.52 39.22 5102.45 22253.5
1683629195 305.88 39.46 5528.7 18103.4
1683629205 303.4 39.51 5439.69 19078.8
1683629215 292.98 39.52 5239.77 20279.5
1683629225 307.7 39.52 5414.81 23966.1
1683629235 306.04 39.45 5499.13 21693.5
1683629245 310.39 39.51 5401.57 23802.3
1683629255 304.11 39.24 5491.48 18726.7
1683629265 302.34 39.51 5559.1 17478.5
1683629275 310.57 39.23 5385.91 26010.2
1683629285 302.74 39.52 5537.89 16216
1683629295 280.81 39.46 4914.79 21366.5
1683629305 310.86 39.25 5373.38 25441.5
1683629315 302.94 39.2 5609.8 16151.8
1683629325 309.21 39.51 5516.55 22007.4
1683629335 308.52 39.25 5403.33 24171.6
1683629345 298.63 39.51 5632.39 15848.2
1683629355 307.35 39.24 5484.31 23307.8
1683629365 279.5 39.23 4766.29 24073.6
1683629375 303.62 39.51 5567.94 18255.3
1683629385 303.04 39.25 5561.25 18240.7
1683629395 306.95 39.5 5516.55 20455.2
1683629405 297.46 39.23 5240.74 22688
1683629415 300.59 39.23 5557.46 17933.7
1683629425 312.81 39.5 5405.67 26625.6
1683629435 290.41 39.25 5211.35 19402.3
1683629445 300.69 39.25 5568.33 17324.3
1683629455 312.94 39.53 5559.61 24405.1
1683629465 304.31 39.23 5523.68 22253.6
1683629475 283.06 39.26 5203.13 16941.4
1683629485 305.39 39.44 5496.86 22548.6
1683629495 310.88 39.25 5434.12 24086.3
1683629505 302.74 39.48 5569.95 19610.5
1683629515 307.64 39.24 5561.25 22038
1683629525 308.63 39.22 5496.86 22745.5
1683629535 299.42 39.5 5514.62 16630.8
1683629545 288.41 39.23 4990.25 23592.2
1683629555 308.75 39.51 5511.29 22317.5
1683629565 300.2 39.26 5548.3 16737.4
1683629575 310.51 39.25 5366.93 26815.6
1683629585 298.93 39.52 5504.01 17352.8
1683629595 309.57 39.54 5425.39 23340.6
1683629605 308.43 39.26 5559.61 22223.1
1683629615 139.6 38.92 779280 19543

Execution duration: 00:24:40.40
