1683630100 286.85 2.73 5933.87 13691.2
1683630110 301.39 3.66 5682.94 22623
1683630120 304.16 4.22 5721.98 22542.2
1683630130 290.78 5.4 5442.62 19947.3
1683630140 310.51 5.88 5604.37 28352
1683630150 290.3 6.56 5443.17 17826.9
1683630160 308.3 7.14 5659.75 21781.6
1683630170 302.48 8.11 5716.04 20560.8
1683630180 301.68 8.58 5614.66 19773.9
1683630190 305.43 9.72 5547.48 20377.9
1683630200 298.62 10.18 5399.21 21638.8
1683630210 304.95 10.52 5513.27 22526.7
1683630220 310.04 11.73 5618.9 23496.1
1683630230 307 12.5 5603.94 19860.3
1683630240 309.6 13.32 5507.42 22036
1683630250 303.85 13.9 5666.4 20791.7
1683630260 291.42 14.72 5294.37 20244
1683630270 302.08 15.49 5570.72 22351.7
1683630280 301.88 15.95 5558.06 19757.9
1683630290 301.77 17.15 5439.06 22615.9
1683630300 303.44 17.58 5581.1 21565.7
1683630310 306.01 18.52 5629.98 22716
1683630320 303.14 19.82 5577.23 21983.5
1683630330 267.72 19.96 4825.2 21553.5
1683630340 301.09 20.66 5687.49 17613.4
1683630350 300.29 21.14 5631.5 18738.2
1683630360 306.02 22.22 5554.24 23805.9
1683630370 267.26 23.07 4996.66 17581.5
1683630380 306.21 23.59 5659.96 21122.3
1683630390 284.17 24.66 4996.66 24238.3
1683630400 301.38 25.07 5494.7 20187.4
1683630410 297.34 25.89 5611.82 17527.1
1683630420 304.33 26.53 5543.31 23184.2
1683630430 304.43 27.42 5581.1 19697.6
1683630440 274.14 28.33 5047 18606.9
1683630450 303.35 28.87 5334.77 28010.2
1683630460 285.48 29.49 5501.98 14735.6
1683630470 306.06 30.14 5560.86 22645.4
1683630480 306.68 31.36 5519.84 22958
1683630490 302.35 32.21 5596.86 20348.6
1683630500 264.14 32.71 4779.51 19877.4
1683630510 298.03 33.27 5700.1 17801.8
1683630520 305.1 33.8 5483.92 22860
1683630530 303.63 34.27 5602.36 20975.5
1683630540 302.15 35.13 5457.17 19903.6
1683630550 303.15 36.38 5412 22940.8
1683630560 302.16 36.88 5609.41 20212.5
1683630570 306.08 37.99 5509.02 21328.6
1683630580 286 38.45 5052.69 23636
1683630590 299.12 38.18 5661.06 20967.5
1683630600 303.72 38.22 5541.23 20885
1683630610 290.59 38.5 5318.83 19672.2
1683630620 307.31 38.31 5451.85 24224.6
1683630630 299.22 38.69 5691.67 17217.6
1683630640 280.9 38.77 4903.04 23848
1683630650 305.88 38.47 5666.6 18678.2
1683630660 305.37 39.13 5450 21526.9
1683630670 306.26 38.81 5548.34 21137
1683630680 304.52 39.13 5509.02 20780
1683630690 303.91 38.85 5562.5 21080.5
1683630700 293.26 39.13 5110.76 25883.8
1683630710 298.44 38.87 5768.13 17273.1
1683630720 313.66 38.84 5469.66 24451.5
1683630730 302.04 39.19 5583.64 18308.9
1683630740 300.69 38.9 5415.87 22889.3
1683630750 301.08 39.17 5679.14 18281.3
1683630760 309.86 38.9 5305.9 27557.1
1683630770 271.85 39.2 4980.64 15448.7
1683630780 305.49 38.91 5603.92 19636.8
1683630790 303.42 39.17 5548.34 22076.7
1683630800 289.06 38.89 5250 20404.7
1683630810 302.47 38.93 5618.9 22570.1
1683630820 303.52 39.18 5530.4 19329.8
1683630830 293.34 38.9 5233.33 23018.4
1683630840 303.62 39.19 5641.53 19644.7
1683630850 305.18 38.93 5530.4 19876
1683630860 306.36 39.19 5542.91 21222.7
1683630870 307.04 39.26 5510.76 22832.1
1683630880 285.42 38.99 5109.98 22007
1683630890 304.01 39.01 5473.58 21017.2
1683630900 300.88 38.98 5573.39 17465
1683630910 304.21 39.27 5291.5 21021.7
1683630920 309.34 39.01 5328.02 22430.3
1683630930 309.48 39.28 5372.53 22482.8
1683630940 308.37 38.97 5478.6 19059.1
1683630950 282.74 39.26 4808.19 23672.6
1683630960 305.57 38.99 5530.4 16387.1
1683630970 307.65 39.26 5390.79 23876.6
1683630980 300.2 38.97 5526.71 16176.6
1683630990 302.53 39.25 5519.61 24322
1683631000 304.88 39.24 5508.86 18306.1
1683631010 299.12 38.91 5203.13 26990
1683631020 284.83 38.95 5422.66 16078.8
1683631030 307.83 39.24 5485.71 22031.3
1683631040 305.08 38.95 5655.52 19661.8
1683631050 293.77 38.96 5184.81 21573.5
1683631060 301.36 39.24 5564.13 20932.9
1683631070 309.8 39.25 5634.51 20904.7
1683631080 302.04 39.26 5305.45 24817.1
1683631090 305.68 39 5666.6 19504.8
1683631100 309.89 38.99 5503.62 22448.6
1683631110 303.62 39.26 5560.86 19029.7
1683631120 298.14 39 5322.9 23013.3
1683631130 304.34 39.4 5468.08 20563.9
1683631140 301.27 39.13 5406.45 22665.1
1683631150 304.89 39.39 5542.91 19767.7
1683631160 310.34 39.4 5407.22 25143
1683631170 295.73 39.39 5549.56 17042.5
1683631180 303.62 39.41 5504.4 20805.9
1683631190 311.05 39.41 5454.16 24445.4
1683631200 285.29 39.4 4945.42 22024.2
1683631210 300.49 39.35 5662.5 15857.4
1683631220 306.27 39.13 5516.16 23295.6
1683631230 306.06 39.56 5455.33 23730.2
1683631240 295.15 39.55 5206.99 21164.3
1683631250 299.13 39.5 5668.04 19274.3
1683631260 277.38 39.29 4866.6 23358.7
1683631270 296.56 39.56 5638.54 15184.3
1683631280 307.54 39.27 5510.76 23418
1683631290 303.82 39.49 5553.77 17699.5
1683631300 301.36 39.28 5373.76 21674.6
1683631310 307.62 39.26 5542.91 24103.2
1683631320 308.53 39.59 5654.06 20517.5
1683631331 276.14 39.56 4907.83 19428.8
1683631340 300.78 39.56 5623.48 21497.8
1683631350 304.78 39.28 5582.05 19651.1
1683631360 306.08 39.56 5600.39 21823.9
1683631370 284.21 39.55 4990.25 22043.3
1683631380 301.76 39.29 5655.52 15994.9
1683631390 299.81 39.55 5131.51 25745.2
1683631400 303.82 39.56 5605.47 20609.2
1683631410 303.02 39.27 5587.5 17240.2
1683631420 308.53 39.22 5547.06 21874.5
1683631430 305.36 39.32 5422.01 23335.9
1683631440 290.5 39.53 5265.82 21169
1683631451 306.14 39.29 5452.49 22557.7
1683631460 299.7 39.54 5612.5 16133.6
1683631470 309.01 39.26 5528.7 23446
1683631480 308.12 39.54 5455.72 23392
1683631490 300.59 39.29 5711.54 19366.3
1683631501 308.31 39.29 5512.89 18591.8
1683631511 289.83 39.54 4966.34 24942.5
1683631521 299.51 39.27 5526.71 17691.6
1683631531 301.87 39.57 5611.35 21905.7
1683631541 302.63 39.28 5514.23 20181.7
1683631551 307.82 39.26 5555.43 21206.3
1683631561 307.25 39.58 5510.76 23060.7
1683631571 73.7 38.93 790653 13726.7

Execution duration: 00:24:35.35
