1683621367 306.87 1.73 1638.21 4949.25
1683621377 313.41 2.22 1456.21 10754.3
1683621387 313.21 2.68 1424.82 9525.32
1683621397 312.66 3.1 1418 10196.6
1683621407 311.9 3.48 1416.05 14320.3
1683621417 310.7 3.62 1471.56 6198.61
1683621427 312.18 3.93 1446.18 9900.5
1683621437 309.12 4.28 1446.18 8888.4
1683621447 311.19 4.41 1445.15 9945.35
1683621457 198.11 5.09 15413.3 9982.96
1683621467 313.06 5.51 1369.11 15632.1
1683621477 308.41 5.59 1442.69 5413.83
1683621487 312.09 5.61 1420.81 9734.79
1683621497 312.45 6.29 1417 10138.7
1683621507 310.79 6.65 1419.41 9341.39
1683621517 312.81 7.09 1414.2 10524.3
1683621527 315.23 7.19 1418 10576.5
1683621537 310.97 7.63 1405.29 10568.5
1683621547 311.78 7.54 1443.32 7605.93
1683621557 204.26 8.26 14930.2 11213.9
1683621567 310.33 8.57 1411.02 8162.6
1683621577 314.24 9.03 1443.32 12485.9
1683621587 312.03 9.19 1415.59 9922.21
1683621597 313.06 9.23 1418.4 12578.4
1683621607 310.6 9.61 1445.15 6916.44
1683621617 311.17 9.78 1441.9 9272.73
1683621627 313.73 10.55 1417 13164.8
1683621637 311.07 10.83 1441.9 7970.36
1683621647 312.93 11.06 1453.9 10564.7
1683621657 311.75 11.52 1415.2 12429.6
1683621667 234.26 11.76 16333.7 7445.6
1683621677 314.63 12.09 1442.3 8779.45
1683621687 314.5 12.59 1413.81 12639.5
1683621697 312.05 12.87 1440.86 7971.17
1683621707 312.45 13.02 1416.6 10230
1683621717 313.98 13.6 1387.98 13511.3
1683621727 311.93 13.42 1464.3 6723.08
1683621737 314.52 14.05 1417 10896
1683621747 311.92 14.16 1439.05 8097.04
1683621757 312.57 14.58 1433.79 11202.4
1683621767 312.71 14.95 1439.05 9366.86
1683621777 264.96 15.56 16485 14073.2
1683621787 309.75 15.39 1412.8 6114.68
1683621797 310.84 16.07 1413.81 10250.1
1683621807 309.34 16.13 1421.23 8830.38
1683621817 313.48 16.65 1409.64 11810.8
1683621827 310.23 17.26 1410.03 9671.58
1683621837 313.6 17.28 1412.8 13522.4
1683621847 308.77 17.71 1436.61 7357.87
1683621857 312.21 18.08 1437.64 9293.79
1683621867 310.32 18.16 1433.4 9070.73
1683621877 313.68 18.88 1435.2 10725.7
1683621887 232.15 19.27 16551.4 9547.84
1683621897 314.82 19.58 1382.93 13922.3
1683621907 311.42 19.88 1412.41 7320.99
1683621917 308.59 20.02 1400 6448.83
1683621927 313.77 20.28 1434.81 12228.9
1683621937 311.81 20.81 1411.41 7739.37
1683621947 312.67 20.99 1408.25 10787.4
1683621957 314.26 21.54 1384.85 14989.6
1683621967 308.85 21.32 1458.94 5699.41
1683621977 312.23 21.72 1402.74 10120.2
1683621987 311.21 22.17 1435.2 7927.24
1683621997 152.65 22.78 16318.9 11106.3
1683622007 311.01 23.01 1433.79 9921.41
1683622017 315.13 23.2 1408.25 13671.5
1683622027 311.57 23.57 1406.27 8319.61
1683622037 311.51 23.77 1434.81 8297.35
1683622047 311.26 24.19 1429.19 9733.2
1683622057 310.39 24.6 1405.49 11810.2
1683622067 310.13 25.02 1434.81 8743.76
1683622077 313.65 25.38 1408.64 10872.7
1683622088 310.6 25.21 1407.66 11029.6
1683622097 310.89 25.77 1407.26 8896.17
1683622107 118.87 26.25 15796.8 10097
1683622118 310.1 26.5 1407.26 8919.33
1683622127 313.18 26.96 1434.81 10619.1
1683622138 312.73 27.27 1404.5 7851.13
1683622148 317.23 27.2 1379.43 13225.9
1683622158 312.06 27.47 1455.69 6243.53
1683622168 310.57 27.92 1401.76 11644.2
1683622178 314.23 28.48 1398.63 12556.9
1683622188 310.01 28.7 1457.5 6882.43
1683622198 310.4 28.81 1406.87 10113.8
1683622208 114.62 29.35 14107.5 12731.4
1683622218 306.37 29.53 1429.19 6481.88
1683622228 310.48 29.58 1379.04 10666.4
1683622238 310.65 30.18 1426.39 8564.61
1683622248 306.75 30.32 1377.69 10322.1
1683622258 309.95 30.96 1375.39 8732.81
1683622268 315.33 31.34 1358.35 13929.3
1683622278 307.82 31.09 1426.39 6948.19
1683622288 311.27 31.86 1418.08 10754.5
1683622298 308.23 31.92 1405.88 10076.9
1683622308 304.88 32.51 1400 7212.5
1683622318 88.85 32.94 0 12313.5
1683622328 309.27 33.21 16659 12725.8
1683622338 308.69 33.21 1425 5144.14
1683622348 312.03 33.58 1403.13 9975.73
1683622358 312.78 33.65 1398.63 9285.46
1683622368 311.73 34.37 1403.13 10823.9
1683622378 309.09 34.84 1401.37 10754.6
1683622388 307.25 34.8 1330.07 13581.6
1683622398 306.24 35.32 1422.22 7035.48
1683622408 308.3 35.81 1376.34 10769.9
1683622418 306.75 35.69 1401.37 7630.89
1683622428 99.9 36.31 15104.3 9421.48
1683622438 307.43 36.79 1349.07 10186.1
1683622448 314.58 36.85 1352.64 15574.2
1683622458 306.23 37.35 1421.23 6254.33
1683622468 310.35 37.64 1423.61 8759.8
1683622478 312.1 37.91 1400.39 8862.89
1683622488 312.54 37.99 1393.2 11692.9
1683622498 309.42 37.73 1416.7 9035.34
1683622508 315.64 38.01 1401.76 11047.9
1683622518 310.69 38 1380.17 10655.6
1683622528 307.3 37.77 1421.23 7953.26
1683622538 314.56 38.06 1401.37 11649.7
1683622548 294.28 38.3 16270.1 9721.1
1683622558 311.03 38.3 1423.61 8383.22
1683622568 309.32 38.3 1403.3 10408.5
1683622578 314.24 38.02 1374.44 11796.3
1683622588 309.38 38.3 1400 8394.92
1683622598 311.3 38.29 1422.22 9729.04
1683622608 308.67 38.29 1422.22 7302.53
1683622618 310.62 38.3 1396.3 13140.4
1683622628 309.76 38.03 1423.61 8926.83
1683622638 311.8 38.3 1372.71 12156.7
1683622648 308.1 38.03 1448.59 6972.88
1683622658 212.95 38.3 16475.1 9314.4
1683622668 314.47 38.3 1401.37 10346.8
1683622678 310.33 38.3 1397.27 9944.64
1683622688 310.61 38.3 1370.04 10859.5
1683622698 312.45 38.03 1370.98 12222.8
1683622708 306.51 38.3 1417.09 5870.68
1683622718 311.86 38.14 1394.55 11309.3
1683622728 310.25 38.41 1424 9058.73
1683622738 311.23 38.13 1423.61 9235.12
1683622748 311.99 38.5 1397.66 11891.2
1683622758 310.53 38.23 1373.66 11516.9
1683622768 231.09 38.51 15912.7 6815.59
1683622778 312.08 38.51 1396.3 9603.51
1683622788 310.53 38.51 1422.22 8637.43
1683622798 311.11 38.52 1372.71 10308
1683622808 312.28 38.25 1372.32 12614.8
1683622818 315.59 38.52 1363.41 12647.4
1683622828 308.26 38.52 1419.46 6287.94
1683622838 316.01 38.52 1400.39 10910.9
1683622848 310.7 38.52 1430.44 6945.28
1683622858 312.19 38.25 1398.63 10638.8
1683622868 312.01 38.25 1400.39 10427.7
1683622878 203.32 38.51 15967.2 14962.7
1683622888 308.17 38.51 1394.55 7323.74
1683622898 309.63 38.52 1394.55 7345.14
1683622908 308.73 38.32 1351.63 12147.8
1683622918 308.78 38.6 1423.61 8647.41
1683622928 309.47 38.59 1425.39 8526.17
1683622938 317.79 38.32 1343.83 15702.2
1683622948 308.1 38.59 1447.17 5595.71
1683622958 312.2 38.59 1400.39 11995.3
1683622968 309.63 38.32 1445.76 7399.42
1683622978 107.48 38.58 14417.9 10119.7
1683622988 308.86 38.6 1395.91 8756.38
1683622998 308.08 38.59 1371.37 12435.4
1683623008 315.71 38.6 1374.05 10863.6
1683623018 307.99 38.59 1397.27 8849.12
1683623028 313.94 38.59 1373.66 11355.7
1683623038 310.32 38.59 1420.84 9526.39
1683623048 310.31 38.58 1394.94 8885.99
1683623058 309.44 38.58 1369.65 8614.79
1683623068 308.1 38.58 1348.15 14023.4
1683623078 310.63 38.31 1422.22 7351.27
1683623088 265.5 38.59 15137.6 13446.8
1683623098 310.44 38.65 1447.17 8753.61
1683623108 308.59 38.65 1392.75 8486.64
1683623118 308.49 38.37 1372.71 8284.21
1683623128 312.44 38.65 1368.71 13088.8
1683623138 311.12 38.65 1424 7817.37
1683623148 310.94 38.65 1425 8723.05
1683623158 310.52 38.65 1396.3 10301.5
1683623168 311.08 38.38 1394.55 9536.19
1683623178 313.86 38.65 1399.02 11393.6
1683623188 215.29 38.65 14799.2 12267.2
1683623198 310.73 38.65 1423.61 8517.85
1683623208 309.14 38.64 1421.23 7614.8
1683623218 311.22 38.65 1375 11865.2
1683623228 310.14 38.65 1422.22 7001.95
1683623238 313.86 38.65 1398.63 12887
1683623248 311.08 38.38 1393.98 12417.5
1683623258 310.84 38.65 1450 6067.19
1683623268 311.14 38.38 1414.34 11046.5
1683623278 308.29 38.65 1398.63 8823.41
1683623288 135.68 38.64 14631.9 9513.2
1683623298 313.95 38.65 1373.66 9473.17
1683623308 317.48 38.65 1366.99 15015.9
1683623318 309.26 38.65 1423.61 6001.56
1683623328 312.02 38.65 1375 11946.1
1683623338 311.29 38.64 1394.55 9435.8
1683623348 309.28 38.65 1385.12 8795.75
1683623358 311.63 38.65 1401.76 10621.7
1683623368 313.37 38.65 1349.07 13481.4
1683623378 307.91 38.64 1448.59 5841.17
1683623388 311.52 38.38 1400.39 7691.41
1683623398 229.98 38.65 15405.1 11891
1683623408 312.28 38.65 1422.61 8536.45
1683623418 312.57 38.65 1386.46 11881.2
1683623428 313.09 38.38 1350.39 13535.9
1683623438 309.32 38.65 1392.23 6938.64
1683623448 312.18 38.65 1422.61 8483.04
1683623458 310.09 38.65 1389.15 9368.22
1683623468 310.34 38.65 1398.63 9443.9
1683623478 310.65 38.38 1400.39 11900.8
1683623488 312.29 38.65 1422.22 9358.67
1683623498 93.77 38.65 14595.9 10877
1683623508 308.79 38.65 16041.8 7705.47
1683623518 310.92 38.37 1424 8987.71
1683623528 313.3 38.65 1365.66 11903.4
1683623538 310.63 38.64 1374.05 10480
1683623548 307.61 38.65 1422.22 8265.89
1683623558 306.34 38.65 1348.15 13054.6
1683623568 306.93 38.37 1424 7008
1683623578 312.2 38.65 1423.61 10736
1683623588 311.3 38.38 1421.23 10220.8
1683623598 307.49 38.38 1418.08 8619.63
1683623608 98.63 38.65 15111.7 9471.21
1683623618 314.42 38.65 1372.71 12750.9
1683623628 307.4 38.38 1422.61 6835.48
1683623638 313.34 38.65 1395.91 10858
1683623648 310.62 38.65 1395.91 10469.3
1683623658 310.34 38.65 1400.39 8374.22
1683623668 311.22 38.65 1422.22 9775.83
1683623678 314.45 38.38 1366.05 12764.7
1683623688 308.45 38.65 1441.55 7119.22
1683623698 309.07 38.65 1424 8416.78
1683623708 312.57 38.65 1370.98 12667.2
1683623718 310.55 38.38 1388.19 7265.44
1683623728 241.42 38.65 16478 9831.19
1683623738 314.8 38.65 1321.52 13796.7
1683623748 306.72 38.64 1396.3 5405.26
1683623758 313.36 38.38 1373.66 11699.9
1683623768 309.54 38.38 1395.91 8016.36
1683623778 310.34 38.65 1398.63 9199.61
1683623788 309.73 38.38 1396.3 11708.3
1683623798 315.26 38.65 1343.44 14258.1
1683623808 309.83 38.66 1395.91 7903.41
1683623818 309.18 38.38 1425.39 6687.5
1683623828 141.31 38.65 14576.6 10287.5
1683623838 309.95 38.65 1373.66 9782.24
1683623849 311.2 38.38 1395.91 11103.4
1683623859 317.26 38.65 1322.81 15676.4
1683623869 306.68 38.38 1386.46 5744.29
1683623879 312.12 38.65 1389.15 9429.07
1683623888 312.59 38.65 1423.61 9701.07
1683623899 311.29 38.38 1394.55 10953.3
1683623909 308.66 38.65 1394.94 8431.52
1683623919 309.54 38.38 1395.91 10079.5
1683623928 163.28 38.65 14037.5 11475.8
1683623939 310.5 38.64 1394.55 9671.6
1683623949 311.74 38.63 1342.53 10873
1683623959 308.65 38.64 1419.46 6680.54
1683623969 310.11 38.64 1393.59 9231.49
1683623979 314.52 38.65 1397.27 11619.1
1683623989 314.63 38.65 1397.27 10473.3
1683623999 309.71 38.65 1392.23 7695.53
1683624009 310.15 38.65 1373.66 10290.7
1683624019 313.74 38.64 1396.3 11945.1
1683624029 310.87 38.38 1391.84 9388.35
1683624039 188.5 38.64 15531.7 8415.61
1683624049 312.06 38.65 1359.54 12847.1
1683624059 309.36 38.65 1397.27 8390.64
1683624069 310.61 38.38 1395.91 8932.04
1683624079 309.95 38.38 1398.63 8729.37
1683624089 309.33 38.65 1395.33 10312.5
1683624099 310.83 38.38 1398.63 10074.1
1683624109 315.32 38.37 1374.44 12594.3
1683624119 307.37 38.63 1412.58 7190.32
1683624129 310.25 38.38 1399.02 8769.56
1683624139 311.89 38.64 1397.27 10575.4
1683624149 177.29 38.64 15812.5 8823.39
1683624159 311 38.65 1371.37 13403.7
1683624169 312.02 38.65 1376.73 9702.44
1683624179 308.19 38.65 1398.63 7765.85
1683624189 312.75 38.38 1370.98 9667.38
1683624199 309.66 38.65 1399.02 8821.46
1683624209 311.69 38.65 1395.91 11078.1
1683624219 308.1 38.38 1425 7061.33
1683624229 316.77 38.64 1347.76 14742.3
1683624239 309.18 38.37 1423.61 6323.51
1683624249 310.25 38.64 1397.66 9056.92
1683624259 112.67 38.63 15676 10711.1
1683624269 309.26 38.65 1397.66 8559.06
1683624279 310.4 38.65 1368.32 11622.2
1683624289 315.61 38.64 1400.58 12031.2
1683624299 308.29 38.64 1406.55 7603.08
1683624309 310.11 38.64 1394.94 10637.4
1683624319 311.4 38.64 1397.27 7591.03
1683624329 310.08 38.64 1389.15 9742.64
1683624339 311.2 38.64 1395.91 10777.8
1683624349 310.53 38.65 1422.22 9415.2
1683624359 315.12 38.37 1374.83 11121.2
1683624369 106.41 38.64 15219.4 8581.71
1683624379 309.94 38.64 1396.69 8851.41
1683624389 312.07 38.36 1395.91 10409
1683624399 311.53 38.64 1375.39 12014.1
1683624409 309.47 38.37 1425 6900.39
1683624419 309.86 38.64 1348.68 12893.7
1683624429 308.28 38.63 1420.84 7486.66
1683624439 315.32 38.37 1423.61 10223.6
1683624449 311.78 38.64 1421.23 7924.05
1683624459 309.15 38.37 1395.91 11429
1683624469 308.22 38.64 1409.86 8559.61
1683624479 201.28 38.64 15264 13157.1
1683624489 305.55 38.64 1396.3 6079.45
1683624499 313.87 38.63 1349.07 12265.4
1683624509 309.96 38.37 1398.63 7836.49
1683624519 311.12 38.64 1374.05 11475.5
1683624529 305.94 38.64 1395.91 7351.9
1683624539 314.92 38.64 1349.07 13351.4
1683624549 308.08 38.37 1420.84 7421.23
1683624559 309.64 38.64 1396.3 10333.8
1683624569 312.76 38.64 1395.91 9337.88
1683624579 308.11 38.64 1398.63 9040.78
1683624589 176.12 38.63 15709.2 10060
1683624599 314.93 38.63 1374.05 13560.6
1683624609 312.4 38.64 1425 6519.53
1683624619 309.65 38.64 1370.55 10456.6
1683624629 307.6 38.64 1420.84 8520.35
1683624639 309.66 38.64 1372.32 10106.8
1683624649 308.19 38.65 1422.22 7649.9
1683624659 308.77 38.63 1321.52 15290.8
1683624669 308.2 38.64 1398.63 6244.29
1683624679 313.58 38.37 1425.39 9968.36
1683624689 314.82 38.37 1423.61 11578.9
1683624699 249.95 38.64 14527.1 4760.95
1683624709 293.86 38.65 310.72 2657.7
1683624719 106.61 38.55 116.73 1754.48

Execution duration: 00:55:55.55
