1683663636 286.67 2.69 5921.59 14564
1683663646 301.39 3.66 5713.61 21891.6
1683663656 305.06 4.32 5676.59 21998.8
1683663666 284.35 5.02 5323.17 20260.2
1683663676 302.07 6.19 5596.44 21964
1683663686 297.62 6.32 5480.28 22646.2
1683663696 305.74 7.42 5678.02 22054.3
1683663706 302.28 7.82 5746.68 18915.4
1683663716 304.46 8.85 5658.28 23525.1
1683663726 304.76 9.93 5576.64 23080.4
1683663736 284.03 10.43 5359.13 18913.1
1683663746 305.54 11.01 5647.88 22882.7
1683663756 303.26 11.54 5743.59 20482.5
1683663766 300.79 12.58 5598.02 21382.8
1683663776 306.73 13.23 5608.7 23410.5
1683663786 303.07 14.24 5641.51 20013.1
1683663796 278.75 14.78 5173.52 18977.9
1683663806 309.23 15.56 5595.67 25912
1683663816 303.36 15.92 5616.21 18960.1
1683663826 300.5 17 5568.89 19867.7
1683663836 303.06 17.8 5496.93 22728.1
1683663846 304.93 18.31 5642.99 19897
1683663856 305.43 19.23 5635.93 22809.9
1683663866 270.9 20.18 4884.56 23814.4
1683663876 299.7 20.48 5667.85 15475.7
1683663886 302.77 21.35 5673.84 23792.7
1683663896 305.62 22.37 5642.99 20567.7
1683663906 286.22 22.91 5279.13 20220.9
1683663916 306.4 23.95 5548.77 22098.9
1683663926 296.06 24.57 5238.59 26347.6
1683663936 300.99 25.25 5717.4 17401.2
1683663946 306.29 26.04 5671.12 20967.4
1683663956 297.14 26.63 5563.42 19912.3
1683663966 302.86 27.82 5549.16 22801.2
1683663976 296.84 28.55 5377.9 22400.4
1683663987 304.32 29.42 5728.36 20290.1
1683663997 297.25 29.59 5376.64 22066.7
1683664007 303.63 30.21 5557.95 19011
1683664017 299.9 31.28 5498.72 21950.7
1683664027 299.91 31.96 5457.36 22325.3
1683664037 302.84 33.16 5579.23 22322.8
1683664047 285.58 33.71 5250.64 19041.4
1683664057 305.02 34.25 5550.44 22080.2
1683664067 302.46 34.7 5557.95 20998
1683664077 301.18 35.58 5457.36 20379.6
1683664087 303.63 36.59 5595.67 22002.8
1683664097 299.6 37.17 5532.42 19869.5
1683664107 281.3 38.04 5077.56 21627.6
1683664117 303.05 38.47 5366.93 23685.4
1683664127 304.81 38.59 5621.96 21352.9
1683664137 302.36 38.81 5665.16 18020
1683664147 305.87 38.59 5610.96 22228.2
1683664157 304.9 38.55 5729.29 22689.5
1683664167 311.28 38.92 5446.27 23982
1683664177 287.42 38.78 5399.41 19846.6
1683664187 303.72 39.02 5643.01 19622.3
1683664197 304.2 38.79 5550 21881.2
1683664207 296.57 38.99 5528.7 17950.6
1683664217 305.49 38.77 5659.61 23978
1683664227 307.42 38.77 5625 22549.2
1683664237 274.05 39.03 4763.96 22138.3
1683664247 299.22 38.8 5655.52 17073.3
1683664257 308.23 39.03 5603.92 20023.9
1683664267 303.71 38.79 5507.12 22485.5
1683664277 294.42 39.03 5398.04 18778.5
1683664287 310.48 38.77 5566.31 24833.3
1683664297 308.81 38.75 5553.77 24874
1683664307 267.54 39.02 5086.05 15580.2
1683664317 306.63 38.8 5519.61 23675.7
1683664327 307.11 38.99 5576.61 19181.3
1683664337 306.45 38.86 5562.5 22703.9
1683664347 281 39.05 5140.06 20023.9
1683664357 307.84 38.87 5471.37 23514.1
1683664367 307.6 38.86 5502.14 23076.4
1683664377 302.83 39.13 5539.18 19727.1
1683664387 306.08 38.89 5571.76 21540.8
1683664397 302.34 38.89 5623.48 19460.3
1683664407 309.12 38.87 5539.55 23857.9
1683664417 299.71 39.11 5398.64 19460.1
1683664427 287.66 39.1 5077.38 24579.8
1683664437 302.93 38.87 5598.43 18508.8
1683664447 304.49 38.86 5550 22218
1683664457 292 39.11 5500 22372.3
1683664467 308.12 38.87 5610.96 17511.9
1683664477 306.86 39.1 5584.31 21946.7
1683664487 289.65 38.86 5062.5 27241.4
1683664497 302.33 38.86 5662.73 16995.2
1683664507 305.56 39.12 5656.98 19436.1
1683664517 306.67 38.89 5659.61 21374.5
1683664527 297.45 39.18 5252.89 25410
1683664537 302.06 38.94 5686.11 18372.2
1683664547 299.31 38.96 5136.6 26920.2
1683664557 298.92 39.19 5725.32 19140.9
1683664567 306.54 38.96 5607.02 18691.5
1683664577 305.78 38.95 5578.84 21853.9
1683664587 307.61 38.94 5455.74 24727.5
1683664597 274.44 39.22 5052.3 19826
1683664607 299.22 38.96 5686.11 16126
1683664617 301.18 39.22 5355.62 23470.6
1683664627 304.9 39.2 5503.62 21607
1683664637 303.52 38.94 5530.4 19898
1683664647 308.32 39.22 5548.34 23614.5
1683664657 294.22 39 5378.26 20503.4
1683664667 304.61 38.96 5596.86 19999.2
1683664677 295.21 39.23 5130.01 24105.6
1683664687 305.34 38.98 5542.52 19750.7
1683664697 302.35 39.22 5560.86 19228.2
1683664707 311.32 39 5494.63 25936
1683664717 302.92 39.18 5576.61 19048.3
1683664727 302.05 38.98 5655.52 18807.8
1683664737 296.86 39.08 5120 24263.9
1683664747 300.69 39.07 5643.01 18294
1683664757 305.39 39.32 5621.96 19294.5
1683664767 291.59 39.09 5047.36 25317
1683664777 299.81 39.37 5566.31 16949.7
1683664787 301.55 39.09 5450.63 20465.2
1683664797 290.23 39.35 5018.96 25167.5
1683664807 303.91 39.11 5630.89 18310.8
1683664817 304.8 39.07 5622.35 18753.7
1683664827 304.81 39.38 5572.15 21347.1
1683664837 275.24 39.37 5085.32 19779.3
1683664847 304.7 39.12 5529.09 21657.2
1683664857 308.78 39.12 5267.12 26921.8
1683664867 284.25 39.32 5273.19 15024.7
1683664877 303.91 39.37 5568.33 20836.4
1683664887 302.45 39.12 5616.84 19792.4
1683664897 307.02 39.05 5502.14 21468.2
1683664907 290.61 39.35 5280.55 22220.9
1683664917 307.55 39.12 5584.7 20546.7
1683664927 307.94 39.34 5491.09 22667.2
1683664937 305.97 39.08 5623.87 22317
1683664947 305.88 39.09 5604.7 18287.2
1683664957 301.75 39.36 5484.32 21215.6
1683664967 305.99 39.36 5572.15 20844.7
1683664977 308.61 39.1 5473.58 24940.5
1683664987 265.91 39.14 4907.73 18384.3
1683664997 302.45 39.39 5673.97 17717.4
1683665007 308.41 39.15 5568.33 21052.2
1683665017 303.03 39.35 5393.16 21908.5
1683665027 297.25 39.16 5371.37 23143.1
1683665037 304.54 39.4 5537.19 20270.9
1683665047 291.89 39.16 5107.03 22447.3
1683665057 304.59 39.19 5643.4 18789
1683665067 305.87 39.42 5492.86 21689.9
1683665077 303.42 39.19 5619.9 21445.1
1683665087 304.99 39.4 5661.45 21873.6
1683665097 73.75 38.8 792161 8048.97

Execution duration: 00:24:26.26
