1683610396 285.28 2.68 5869.45 13917.2
1683610406 306.45 3.53 5745.78 23335.5
1683610416 305.46 4.55 5707.65 23262
1683610426 292.27 5.09 5549.61 19274.6
1683610436 304.06 6.24 5614.66 22218.6
1683610446 295.24 6.44 5409.9 22669.3
1683610456 301.19 7 5759.77 19908.8
1683610466 303.17 7.94 5646.69 21382
1683610476 304.35 9.03 5665.35 20876
1683610486 278.66 9.78 5135.58 20983.4
1683610496 305.13 10.35 5660.81 21544.3
1683610506 305.73 10.91 5495.16 23161.6
1683610516 301.78 11.85 5692.1 22951.4
1683610526 303.46 12.34 5590.91 18967.2
1683610536 306.7 13.33 5662.66 20430.7
1683610546 302.76 14.13 5527.27 22233.6
1683610556 300.98 14.88 5613.37 20888.9
1683610566 291.99 15.35 5198.82 25276.7
1683610576 303.16 16.17 5673.45 20212.8
1683610586 303.46 16.71 5628.46 18798
1683610596 303.66 17.62 5608.7 22218
1683610606 301.87 18.7 5566.86 22198
1683610616 305.71 19.43 5563.03 21781.3
1683610626 268.77 19.89 4880.78 20348.4
1683610636 300.79 20.52 5642.6 21516.8
1683610646 302.96 20.99 5656.69 17400.4
1683610656 304.54 21.83 5561.38 20822.5
1683610666 302.56 23.09 5516.37 23856
1683610676 304.64 23.5 5561.38 20088.7
1683610686 290.19 24.62 5122.27 25199.6
1683610696 287.03 24.8 5512.87 14472.9
1683610706 304.13 25.88 5532.42 21572.5
1683610716 308.86 26.76 5631.5 24051.2
1683610726 300.09 27.46 5532.42 20899.8
1683610736 276.92 28.47 5054.62 19615.3
1683610746 298.92 29.07 5487.51 20304.8
1683610756 282.66 29.49 5115.77 20954.4
1683610766 300.19 30.17 5645.58 18809.8
1683610776 303.94 31.36 5386.82 21497.7
1683610786 303.64 31.84 5645.58 21539.9
1683610796 277.31 32.69 5042.04 19121.8
1683610806 303.55 33.74 5541.62 20979.1
1683610816 296.46 33.77 5306.09 22609.8
1683610826 308.34 34.77 5546.67 21995.3
1683610836 295.89 35.34 5567.94 20134.5
1683610846 303.35 36.02 5487.51 20161.3
1683610856 304.61 37.21 5520.39 23027.1
1683610866 276.21 37.72 5002.73 17312.3
1683610876 308.02 38.47 5423.09 25364
1683610886 302.14 38.49 5556.59 18701.2
1683610896 305.68 38.8 5541.23 21779
1683610906 304.21 38.58 5473.19 22360.9
1683610916 302.35 38.58 5603.92 19397.8
1683610926 307.4 38.79 5441.25 22796.5
1683610936 271.27 38.57 4803.09 21990
1683610946 307.84 38.82 5691.67 18351.4
1683610956 305.2 38.6 5568.43 20474.3
1683610966 305.84 38.56 5434.08 22713.2
1683610976 272.44 38.83 4854.74 19707.9
1683610986 308.24 38.62 5584.31 22356.9
1683610996 306.78 38.69 5328.56 25888.1
1683611006 275.29 38.92 5200.39 16537.9
1683611016 308.67 38.91 5434.08 22266.4
1683611026 301.24 38.77 5520.85 18018.1
1683611036 305.1 38.74 5534.12 22591
1683611046 285.31 38.69 5315.57 21218
1683611056 308.13 38.99 5603.92 19545.2
1683611066 300.69 38.99 5455.53 22815.1
1683611076 311.36 38.92 5498.24 23960.1
1683611086 303.72 39.17 5516.16 20442.7
1683611096 302.05 38.91 5705.57 19681.3
1683611106 308.14 38.93 5482.17 17801.9
1683611116 281.98 39.14 4989.62 19767.3
1683611126 310.18 38.94 5335.42 25916.6
1683611136 303.53 38.97 5528.7 19101.3
1683611146 304.26 39.14 5464.47 22632
1683611156 296.87 38.88 5516.16 16709.5
1683611166 306.64 39.16 5532.1 23297.6
1683611176 304.49 38.92 5525 19428.9
1683611186 284.71 39.14 4994.51 24163.5
1683611196 303.53 38.94 5523.29 19775.3
1683611206 304.61 39.15 5546.67 21707.5
1683611216 302.25 38.92 5616.45 18134.4
1683611226 287.85 39.18 5270.59 23311.4
1683611236 310.52 38.94 5508.86 21341.4
1683611246 293.13 39.16 5043.57 25342.1
1683611256 303.42 38.93 5698.63 15975.7
1683611266 301.57 39.13 5582.05 20980.7
1683611276 307.54 38.94 5498.24 20857.1
1683611286 302.93 38.99 5553.77 21067.2
1683611296 289.65 39.2 5087.5 23278.5
1683611306 308.58 39.1 5420.1 25642.9
1683611316 281.47 39.29 5220.29 15633.2
1683611326 301.07 39.04 5598.82 20717.4
1683611336 302.24 39.27 5509.25 19418.9
1683611346 306.76 39.09 5529.09 20706.8
1683611356 278.33 39.06 4982.35 21387.1
1683611366 306.66 39.31 5573.78 20894.7
1683611376 295.02 39.08 5343.5 21096
1683611386 300.49 39.29 5478.94 17915.8
1683611396 303.33 39.08 5446.66 25137.6
1683611406 306.12 39.11 5475.46 19254.3
1683611416 303.81 39.29 5587.89 22203.9
1683611426 281.01 39.05 5160.08 16107.2
1683611436 307.82 39.25 5418.18 25426.8
1683611446 306.43 39.09 5501.75 19321.2
1683611456 303.13 39.32 5518.28 23653.2
1683611467 302.98 39.32 5501.92 19372.7
1683611476 307.72 39.03 5493.25 22086.8
1683611487 302.52 39.31 5457.86 19403.5
1683611496 280.9 39.32 4778.45 23695.6
1683611506 301.57 39.29 5600.39 16444.5
1683611517 305.66 39.07 5495.02 22415.2
1683611526 282.55 39.32 5070.19 22353.7
1683611536 303.43 39.28 5584.7 18340.8
1683611546 305.57 39.32 5418.18 22396.1
1683611556 294.62 39.1 5255.91 22251.4
1683611566 301.27 39.08 5654.45 17616.8
1683611577 308.42 39.31 5498.63 21556.5
1683611587 308.21 39.31 5543.3 22707.7
1683611596 289.22 39.1 5320.78 18389.4
1683611607 305.77 39.09 5580.84 20959.9
1683611617 295.5 39.25 5122.11 26168.3
1683611626 286.42 39.08 5442.91 14964.2
1683611637 307.74 39.32 5454.26 22379.2
1683611647 302.64 39.05 5467.84 18489.5
1683611657 309.51 39.29 5609.8 22225.9
1683611667 275.56 39.07 4916.78 19591.1
1683611677 306.15 39.1 5475.39 22880.1
1683611687 304.5 39.32 5431.08 21574.2
1683611697 308.61 39.09 5536.2 22019.6
1683611707 299.12 39.13 5543.3 18047.3
1683611717 303.61 39.35 5407.61 21735.8
1683611727 301.96 39.14 5505.77 19174.2
1683611737 302.53 39.15 5464.72 22307.2
1683611747 281.48 39.37 4932.15 22132.5
1683611757 303.53 39.13 5609.41 18122
1683611767 308.46 39.32 5503.89 22728.4
1683611777 307.52 39.11 5405.67 23265.3
1683611787 265.6 39.32 4955.23 13801.8
1683611797 306.45 39.12 5455.72 21175.4
1683611807 289.84 39.13 4919.53 24937.5
1683611817 304.69 39.31 5630.89 17189.8
1683611827 305.61 39.13 5471.96 20135.4
1683611837 297.65 39.13 5412.89 20374.2
1683611847 308.09 39.34 5459.4 22285.1
1683611857 306.46 39.14 5579.23 23736.7
1683611867 140.78 38.8 792977 21979.2

Execution duration: 00:24:40.40
