1683589059 305.91 38.87 1467.59 5056.16
1683589069 309.88 38.87 1429.19 8924.98
1683589079 311.91 38.86 1426.17 10850
1683589089 312.27 38.75 1384.11 14028.7
1683589099 307.96 38.87 1459.98 5955.56
1683589109 308.04 38.87 1456.08 9019.22
1683589119 312.87 38.87 1433.4 10118.7
1683589129 309.48 38.86 1401.76 10407.4
1683589139 307.03 38.83 1929.3 9721.09
1683589149 198.34 38.88 15242.4 10434.1
1683589159 311.57 38.76 1420.63 10472.4
1683589169 311.17 38.87 1429.58 9940.06
1683589179 309.02 38.75 1430.59 9751.37
1683589189 310.88 38.86 1429.19 8747.5
1683589199 314.51 38.87 1405.88 10335.7
1683589210 305.78 38.74 1433.59 8661
1683589219 312.06 38.87 1405.88 13360.8
1683589229 306.57 38.75 1430.59 6511.76
1683589239 309.62 38.87 1431.99 11180.4
1683589249 192.74 38.87 14763.1 8555.44
1683589259 309.12 38.87 1429.58 10394.5
1683589269 309.97 38.75 1401.37 8695.6
1683589279 312.44 38.74 1379.04 14916
1683589290 306.27 38.74 1426.39 5806.84
1683589299 310.01 38.87 1430.59 11434.9
1683589309 313.32 38.75 1429.58 15804.5
1683589320 308.29 38.87 1447.17 6406.63
1683589330 315.08 38.87 1429.58 11189.4
1683589340 311.07 38.87 1427.79 11643
1683589350 307.4 38.75 1422.22 7613.65
1683589360 217.96 38.87 16137 8324.24
1683589370 315.3 38.87 1432.38 12663
1683589380 313.01 38.75 1441.55 9970.87
1683589390 312.76 38.74 1406.87 11999.2
1683589400 311.65 38.88 1417.04 11670.5
1683589410 307.93 38.87 1454.26 6047.8
1683589420 313.63 38.87 1430.98 11229.8
1683589430 310.22 38.87 1420.84 7161.44
1683589440 311.96 38.87 1404.5 13270.1
1683589450 308.84 38.75 1457.11 7791.95
1683589460 315 38.86 1380.78 14466.3
1683589470 230.3 38.86 16306.7 5905.88
1683589480 309.42 38.87 1406.87 9640.82
1683589490 311.18 38.75 1406.87 9577.23
1683589500 310.77 38.88 1377.69 11486.9
1683589510 310.05 38.75 1425 9239.84
1683589520 310.88 38.86 1355.29 13543.5
1683589530 308.3 38.87 1426.78 6213.1
1683589540 310.01 38.87 1455.69 10723.5
1683589550 309.01 38.87 1428.18 10072.8
1683589560 311.81 38.75 1448.59 8622.05
1683589570 310.67 38.75 1402.74 10104.5
1683589580 193.43 38.87 16292.1 14042
1683589590 309.3 38.74 1454.26 5659.94
1683589600 309.47 38.87 1425.39 9898.44
1683589610 312.16 38.75 1406.87 10408.2
1683589620 311.94 38.87 1453.23 9511.94
1683589630 311.75 38.87 1404.11 8933.59
1683589640 313.29 38.87 1401.76 15086.6
1683589650 310.03 38.86 1446.15 7042.26
1683589660 312.17 38.87 1406.87 10739.2
1683589670 307.27 38.87 1432.38 7429.24
1683589680 309.46 38.87 1398.63 10155.3
1683589690 118.01 38.86 16047.8 9415.65
1683589700 310.51 38.87 1433.4 10321.4
1683589710 309.87 38.87 1377.12 10389
1683589720 311.28 38.75 1431.99 7941.51
1683589730 313.82 38.88 1404.11 10979
1683589740 309.89 38.87 1427.79 9704.5
1683589750 312.73 38.75 1429.58 9790.79
1683589760 309.31 38.87 1429.19 9793.54
1683589770 312.85 38.87 1406.87 11454.4
1683589780 307.23 38.87 1426.78 8166.96
1683589790 310.77 38.87 1429.19 7942.8
1683589800 100.19 38.86 15594.9 12075.5
1683589810 310.12 38.87 1381.75 10309.3
1683589820 311.38 38.87 1432.38 8776.45
1683589830 312.06 38.87 1380.39 12469.8
1683589840 310.48 38.75 1405.88 8646.67
1683589850 311.16 38.87 1402.74 10180
1683589860 308.41 38.75 1427.79 8427.4
1683589870 311.58 38.75 1430.98 9496.08
1683589880 311.15 38.87 1426.39 12020.3
1683589890 313.65 38.75 1382.14 11694.2
1683589900 86.51 38.87 13978.9 6991.39
1683589910 312.54 38.87 1479.72 9435.85
1683589920 311.36 38.87 1404.11 10718.1
1683589930 310.87 38.75 1404.5 7572.97
1683589940 315.32 38.86 1406.87 12321.1
1683589950 310.25 38.87 1375.39 12688.7
1683589960 306.84 38.75 1453.23 5750.68
1683589970 308.93 38.87 1430.59 10222.4
1683589980 307.44 38.86 1404.11 8497.55
1683589990 309.69 38.87 1402.74 9756.95
1683590000 309.87 38.75 1426.78 11106.5
1683590010 313.45 38.86 1365.26 14064
1683590020 294.23 38.87 16699.2 5727.06
1683590030 311.17 38.87 1404.11 10221
1683590040 310.97 38.87 1402.74 9086.11
1683590050 311.48 38.75 1382.14 9589.79
1683590060 311.74 38.87 1377.69 11303.7
1683590070 316.24 38.87 1393.59 14914.3
1683590080 310.39 38.87 1455.69 5254.12
1683590090 308.98 38.87 1397.66 10440.5
1683590100 309.87 38.74 1426.39 8920.04
1683590110 311.57 38.87 1430.59 10809
1683590120 114.79 38.87 15223.9 8618.61
1683590130 315.9 38.87 1356.62 16906.8
1683590140 308.72 38.75 1428.18 6349.12
1683590150 309.3 38.74 1404.11 8501.08
1683590160 314.3 38.75 1404.5 11947.1
1683590170 310.1 38.87 1430.59 8891.37
1683590180 309.39 38.87 1403.13 9739.73
1683590190 311.21 38.87 1395.91 11319.2
1683590200 311.45 38.87 1404.5 9340.65
1683590210 311.5 38.87 1408.25 9626.72
1683590220 312.89 38.76 1400 10221.5
1683590230 99.03 38.87 15430.4 10897.2
1683590240 306.75 38.88 1402.74 8194.13
1683590250 308.77 38.75 1422.61 8454.58
1683590260 311.84 38.87 1352.64 11885.7
1683590270 309.5 38.75 1429.58 7424.49
1683590280 311.26 38.87 1404.11 10410.6
1683590290 313.12 38.75 1403.13 10737.4
1683590300 310.89 38.74 1431.99 8960.16
1683590310 311.65 38.86 1404.11 10520.7
1683590320 314.71 38.74 1372.71 12432.4
1683590330 307.26 38.87 1431.99 6919.73
1683590340 311.33 38.88 1401.37 10076.6
1683590350 230.72 38.87 16733.3 9814.33
1683590360 313.14 38.75 1405.49 10319.6
1683590370 310.47 38.75 1427.79 9387.08
1683590380 314.8 38.87 1381.17 13074.5
1683590390 308.93 38.75 1431.99 6527.18
1683590400 313.15 38.87 1381.75 12171.9
1683590410 313.9 38.75 1379.04 9411.56
1683590420 310.69 38.86 1430.59 10020
1683590430 311.94 38.87 1403.13 9917.81
1683590440 314.73 38.87 1407.26 12810.2
1683590450 310.39 38.75 1430.98 6393.73
1683590460 261.78 38.87 16084.5 11707.1
1683590470 312.86 38.74 1382.14 10934.2
1683590480 307.43 38.87 1401.37 7373.22
1683590490 309.88 38.87 1401.37 8752.69
1683590500 314.99 38.75 1329.67 14890.5
1683590510 308.33 38.87 1429.19 5781
1683590520 314.8 38.74 1396.3 10103.6
1683590530 309.5 38.87 1402.74 8944.81
1683590540 311.45 38.87 1378.08 9618
1683590550 313.37 38.87 1398.63 9334.63
1683590560 318.35 38.74 1356.62 15547.4
1683590570 217.76 38.86 16261.8 6898.13
1683590580 312.72 38.75 1377.69 9617.61
1683590590 311.17 38.87 1380.78 11545.5
1683590600 310.47 38.74 1404.11 9253.67
1683590610 312.95 38.74 1421.23 8735.74
1683590620 315.06 38.86 1376.73 14226
1683590630 308.11 38.75 1426.78 5725.51
1683590640 311.28 38.86 1430.59 9814.9
1683590650 312.26 38.75 1405.88 10657.2
1683590660 309.06 38.75 1420.84 6604.87
1683590670 137.74 38.87 14702.6 10899.7
1683590680 313.45 38.87 1406.87 10492.2
1683590690 312.41 38.75 1365.66 12116
1683590700 309.89 38.86 1379.43 8619
1683590710 312.06 38.75 1405.49 9153.73
1683590720 314.49 38.87 1379.43 11897.8
1683590730 310.79 38.88 1430.59 6612.16
1683590740 311.67 38.75 1380.78 11615.3
1683590750 315.49 38.87 1380.39 12082.4
1683590760 310.59 38.75 1406.87 7811.19
1683590770 315.96 38.86 1379.43 12440.7
1683590780 290.69 38.87 15272.5 8691.09
1683590790 313.21 38.75 1353.03 10849.7
1683590800 309.2 38.87 1427.79 6986.3
1683590810 315.27 38.87 1378.08 12722.1
1683590820 308.44 38.87 1406.87 6082.04
1683590830 311.87 38.75 1405.49 10443.9
1683590840 314.52 38.87 1381.75 11988.2
1683590850 309.8 38.86 1405.49 10003.1
1683590860 310.58 38.87 1404.5 9987.07
1683590870 313.86 38.87 1383.1 11561.9
1683590880 233.04 38.87 15051 7640.39
1683590890 308.92 38.75 1380.39 10298
1683590900 309.32 38.74 1432.38 7885.38
1683590910 314.53 38.87 1406.87 9981.16
1683590920 309.99 38.74 1379.43 10783.5
1683590930 316.2 38.87 1382.14 14290.1
1683590940 310 38.87 1405.49 8269.41
1683590950 311.09 38.87 1431.99 8045.53
1683590960 312.15 38.87 1404.11 10050.9
1683590970 312.14 38.75 1404.11 9949.07
1683590980 144.85 38.86 14739.2 10422.4
1683590990 313.13 38.87 1355.29 13930.2
1683591000 309.9 38.87 1430.59 8396.86
1683591010 309.31 38.75 1405.49 8123.53
1683591020 310.08 38.87 1428.18 8902.15
1683591030 313.63 38.86 1405.49 9695.69
1683591040 311.58 38.75 1406.87 9617.27
1683591050 315.21 38.87 1381.75 14617.9
1683591060 309.02 38.87 1430.98 7719.22
1683591070 312.25 38.87 1430.59 10077.6
1683591080 312.26 38.87 1432.38 8227.28
1683591090 253.43 38.87 15641.2 8780.78
1683591100 310.49 38.75 1380.39 10361.6
1683591110 315.99 38.87 1356.47 15190.6
1683591120 308.03 38.87 1427.79 6051.27
1683591130 312.27 38.74 1407.26 9908.54
1683591140 308.8 38.87 1426.39 9207.43
1683591150 310.57 38.87 1429.58 8946.52
1683591160 315.98 38.87 1355.29 14371.8
1683591170 312.67 38.86 1457.5 7696.57
1683591181 313.13 38.88 1384.17 11293.4
1683591190 123.49 38.87 14896.3 9364.77
1683591200 309.41 38.87 1405.88 9226.27
1683591210 312.82 38.75 1404.11 10101.9
1683591220 310.6 38.87 1407.26 9545.44
1683591231 312.64 38.75 1404.11 10099.5
1683591241 312.87 38.87 1397.66 11132.9
1683591251 313.71 38.75 1429.19 9276.4
1683591261 313.86 38.75 1433.79 10637.7
1683591271 313.44 38.87 1420.84 11309.1
1683591281 312.07 38.75 1457.5 8888.71
1683591291 311.31 38.87 1397.66 9504.09
1683591301 150.16 38.87 15516.2 13336.7
1683591311 308.62 38.87 1428.18 7027.01
1683591321 313.24 38.87 1406.87 9364.08
1683591331 308.08 38.75 1371.37 9553.26
1683591341 311.68 38.87 1381.75 10451.4
1683591351 312.81 38.87 1378.08 8416.44
1683591361 314.53 38.88 1382.14 13790
1683591371 309.11 38.75 1429.19 7182.37
1683591381 310.67 38.87 1428.18 9527.2
1683591391 312.87 38.87 1398.63 13196.9
1683591401 311.09 38.75 1421.23 6239.92
1683591411 313.24 38.87 1365.49 11106.3
1683591421 306.67 38.87 16952.2 12820
1683591431 309.19 38.75 1426.39 6102.83
1683591441 310.1 38.75 1380.78 9412.16
1683591451 314.12 38.87 1430.59 9035.29
1683591461 313.52 38.87 1379.04 11431.5
1683591471 314.4 38.75 1404.5 10924.6
1683591481 315.97 38.87 1355.15 12907.4
1683591491 305.67 38.88 1452.84 5313.89
1683591501 313.83 38.87 1405.49 10429
1683591511 313.73 38.88 1405.49 12302.8
1683591521 222.8 38.86 15081 9863.8
1683591531 314.51 38.87 1380.39 9873.73
1683591541 314.7 38.87 1329.67 13073.5
1683591551 309.96 38.75 1376.34 6005.87
1683591561 310.11 38.87 1356.62 9719.73
1683591571 315.49 38.87 1355.29 10598.8
1683591581 310.53 38.87 1372.71 9427.68
1683591591 313.04 38.87 1405.49 9785.49
1683591601 314.24 38.87 1348.68 13413.1
1683591611 307.38 38.75 1367.38 7299.03
1683591621 203.83 38.87 14368.2 9609.8
1683591631 311.96 38.75 1380.39 8793.33
1683591641 311.37 38.87 1405.49 9707.84
1683591651 312.55 38.87 1405.49 10197.6
1683591661 310.84 38.87 1400 8564.06
1683591671 309.31 38.87 1354.36 11826.4
1683591681 312.36 38.87 1430.59 7519.22
1683591691 313.7 38.86 1427.79 11583.6
1683591701 312.63 38.89 1429.19 9902.45
1683591711 310.59 38.87 1430.59 8275.69
1683591721 313.14 38.75 1381.75 9971.34
1683591731 245.63 38.86 16072.2 12626.5
1683591741 310.96 38.87 1427.79 7469.28
1683591751 314.88 38.75 1402.74 11300.2
1683591761 311.01 38.86 1437.03 9211.31
1683591771 311.28 38.76 1405.49 9794.9
1683591781 312.96 38.88 1431.99 9969.77
1683591791 315 38.75 1380.78 12742
1683591801 310.44 38.87 1398.63 10688.8
1683591811 307.63 38.75 1429.19 6639.37
1683591821 313.19 38.87 1400 11209.4
1683591831 313.16 38.87 1433.4 9476.23
1683591841 255.68 38.87 16264.2 10414
1683591851 312.76 38.86 1357.01 13094.8
1683591861 306.86 38.75 1431.99 5629.05
1683591871 312.55 38.87 1380.39 11938
1683591881 310.95 38.75 1402.74 7107.24
1683591891 311.87 38.86 1405.49 12409.4
1683591901 309.64 38.76 1420.84 8368.06
1683591911 313.64 38.87 1331.5 13609.8
1683591921 310.28 38.87 1427.79 6793.35
1683591931 310.19 38.87 1429.19 8057.59
1683591941 314.12 38.75 1381.75 10602.9
1683591951 206.56 38.87 16208.8 10732.6
1683591961 311.06 38.87 1402.74 8673.19
1683591971 314.71 38.87 1355.29 13947.1
1683591981 310.66 38.75 1426.39 6085.63
1683591991 313.47 38.86 1384.46 10420.5
1683592001 310.79 38.87 1405.49 9210.98
1683592011 313.76 38.86 1408.25 9879.76
1683592021 312.14 38.87 1429.19 10549.7
1683592031 312.78 38.87 1373.66 12639.6
1683592041 310.26 38.75 1400.78 8311.72
1683592051 313.26 38.87 1406.87 11388.4
1683592061 203.72 38.87 15932.3 7305.28
1683592071 309.99 38.87 1377.69 9673.97
1683592081 314.22 38.74 1405.49 11466.7
1683592091 312.74 38.87 1379.04 11006.9
1683592101 309.69 38.75 1403.52 9243.05
1683592111 309.31 38.87 1405.49 7783.92
1683592121 313.71 38.87 1404.11 12395.7
1683592131 309.76 38.87 1425 8318.75
1683592141 304.5 38.88 1401.37 7751.32
1683592151 311.65 38.75 1402.74 10731.5
1683592161 314.19 38.87 1378.08 12947.2
1683592171 288.93 38.87 15965.5 6780
1683592181 312.02 38.87 1376.34 10306.2
1683592191 313.59 38.87 1401.37 10702.2
1683592201 312.46 38.75 1406.87 8783.91
1683592211 308.5 38.87 1401.37 8634.21
1683592221 314.32 38.87 1355.29 13325.1
1683592231 313.44 38.75 1431.99 10787
1683592241 313 38.87 1426.39 7213.69
1683592251 311.48 38.87 1405.49 9820.39
1683592261 310.64 38.87 1400 10535.9
1683592271 310.11 38.87 1406.87 8352.89
1683592281 298.23 38.87 16478.8 12900.4
1683592291 309.51 38.75 1430.59 6747.45
1683592301 310.1 38.74 1380.39 10018
1683592311 311.27 38.87 1429.19 9686.19
1683592321 313.25 38.87 1406.87 9461.43
1683592331 312.53 38.75 1404.11 10707.9
1683592341 308.72 38.74 1328.89 13534.6
1683592351 308.14 38.87 1430.59 6177.25
1683592361 313.51 38.75 1404.11 10727.1
1683592371 314.57 38.75 1427.79 8703.33
1683592381 153.28 38.81 14722.4 8894.02
1683592391 295.02 38.91 333.92 1287.97
1683592401 228.96 38.79 230.92 3673.58

Execution duration: 00:55:49.49
