1683689105 286.17 2.66 5900.5 13896.5
1683689115 302.88 3.58 5733.07 21752.5
1683689125 305.65 4.55 5689.29 24341.3
1683689135 279.67 5.21 5308.34 18860.3
1683689145 302.97 5.85 5663.89 20343.7
1683689155 289.99 6.17 5365.31 22461
1683689165 310.52 7.24 5600.4 24782.2
1683689175 301.49 7.74 5822.79 17349.8
1683689185 307.24 8.81 5651.19 23633.3
1683689195 304.46 9.5 5645.59 20851.1
1683689205 280.32 10.48 5165.98 18553.1
1683689215 307.63 10.64 5563.56 24997.6
1683689225 302.28 11.25 5639.6 19132.7
1683689235 307.61 12.41 5583.38 24909.2
1683689245 288.65 12.98 5433.76 17935.2
1683689255 305.03 14.04 5617.75 22833.5
1683689265 307.22 14.84 5679.45 20885.4
1683689275 281.6 15.22 5052.03 23930.8
1683689285 305.22 15.86 5586.99 20811.4
1683689295 299.41 16.79 5655.62 18175.2
1683689305 305.23 17.37 5534.84 21284.5
1683689315 278.26 18.3 5186.17 22231.2
1683689325 307.69 19.4 5575.17 20993.1
1683689335 295.46 19.7 5327.81 23807.1
1683689345 302.17 20.18 5628.46 17616.6
1683689355 303.45 21.27 5655.23 20965.3
1683689365 306.58 21.96 5570.14 21235.8
1683689375 306.2 23.07 5656.69 22383.5
1683689385 299.9 23.68 5347 22340.9
1683689395 304.31 24.44 5458.32 25042.3
1683689405 289.94 24.64 5453.25 14434.3
1683689415 304.43 25.51 5613.37 20327.6
1683689425 308.38 26.53 5637.04 23101.9
1683689435 305.34 27.22 5467.96 22047.4
1683689445 278.05 28.21 5089.76 18135
1683689455 300.69 28.74 5544.99 19956
1683689465 303.44 29.09 5526.99 24038.1
1683689475 303.53 30.1 5553.77 21335.6
1683689485 305.59 30.77 5544.99 21971.3
1683689495 303.43 31.52 5600.39 18907.7
1683689505 309.64 32.66 5575.61 24733.1
1683689515 300.1 33.2 5645.58 19309.6
1683689525 282.74 33.76 5120 21618
1683689535 306.97 34.63 5426.5 24864
1683689545 296.07 35.45 5688.89 17514.7
1683689555 308.72 36.1 5415.87 23674
1683689565 299.61 36.9 5652.6 17608.6
1683689575 300.99 37.52 5451.62 21863.4
1683689585 277.7 38.07 4878.59 22775.2
1683689595 300.68 38.39 5573.39 17541.3
1683689605 304.97 38.69 5521.32 24103.2
1683689615 287.47 38.72 5160.08 20098.2
1683689625 304.4 38.9 5592.96 18604.1
1683689635 305.65 38.69 5459.01 20774.7
1683689645 295.09 38.9 5026.1 26938.6
1683689655 301.17 38.7 5736.2 15396.1
1683689665 312.85 38.86 5596.86 26525.9
1683689675 305.09 38.87 5441.84 20137.4
1683689685 290.58 38.72 5439.06 16284.6
1683689695 312.73 38.89 5523.03 23312.3
1683689705 306.27 38.73 5505.11 24975.9
1683689715 276.05 38.73 5047.71 18025.7
1683689725 302.25 38.9 5585.91 19635.2
1683689735 306.45 38.7 5567.94 22312.4
1683689745 308.69 38.69 5550 20808.6
1683689755 276.51 38.9 5045.44 19164.3
1683689765 308.37 38.8 5637.04 22848.1
1683689775 301.18 38.97 5380.64 21708.7
1683689785 304.7 38.81 5485.71 21503.7
1683689795 302.14 38.82 5612.5 22024.6
1683689805 306.08 38.98 5546.67 20208.2
1683689815 308.22 38.86 5385.52 25155.8
1683689825 275.35 39.06 5155.21 16783.5
1683689835 309.33 38.88 5386.59 24686.1
1683689845 303.92 38.89 5628.99 17450.3
1683689855 304.98 39.06 5467.84 22844.6
1683689865 304.79 38.89 5467.84 22291.3
1683689875 308.02 39.06 5410.57 22412.1
1683689885 301.94 39.08 5585.23 18387.2
1683689895 305.89 38.89 5333.33 24729
1683689905 305.77 39.08 5573.39 21332.7
1683689915 300.39 38.86 5585.23 16055.6
1683689925 307.04 38.88 5485.71 24086.9
1683689935 305.57 39.09 5573.78 19157.3
1683689945 302.24 38.93 5532.49 19724.5
1683689955 266.24 38.92 4532.69 25000
1683689965 297.95 39.11 5593.35 15837.7
1683689975 303.12 38.91 5505.77 20833.6
1683689985 304.99 39.11 5579.23 20994.7
1683689995 296.96 39.05 5220.78 23708.6
1683690005 308.33 39 5516.55 22654.3
1683690015 305.79 39.24 5634.9 18547.1
1683690026 277.17 39.04 4884.01 20944.5
1683690035 306.17 39.07 5534.12 21413.7
1683690045 302.54 39.03 5555.82 18216.2
1683690055 294.53 39.26 5200.39 24257
1683690066 309.13 39.06 5477.3 23080
1683690075 301.57 39.27 5641.92 16572.8
1683690085 280.53 39.27 4909.98 22913.5
1683690095 308.81 39.07 5541.62 20742
1683690105 306.26 39.08 5523.68 20679.8
1683690115 305.19 39.25 5591.77 21518.5
1683690125 284.96 39.03 5137.89 17606.2
1683690135 305.69 39.27 5572.15 20241.6
1683690145 302.34 39.09 5246.44 25731.5
1683690156 302.05 39.08 5562.89 15844.1
1683690165 307.63 39.26 5561.25 24323.3
1683690175 307.05 39.27 5516.55 21330.1
1683690186 306.95 39.35 5601.17 21510.8
1683690195 280.53 39.08 5113.11 18541.3
1683690205 302.35 39.17 5191.78 25459.8
1683690215 298.53 39.34 5622.35 15481.2
1683690226 306.94 39.17 5568.33 21483.5
1683690236 302.65 39.36 5421.57 21127.5
1683690246 306.51 39.14 5429.18 20667.3
1683690256 304.8 39.35 5511.15 19910.8
1683690266 284.94 39.17 4830.89 26617
1683690276 301.75 39.18 5523.42 16068.8
1683690286 307.36 39.34 5547.06 21779.2
1683690296 293.44 39.19 5348.34 18684.9
1683690306 307.04 39.37 5593.35 21060
1683690316 308.01 39.14 5487.89 23321.1
1683690326 307.83 39.13 5536.2 21456.4
1683690336 277.65 39.32 5154.9 18543.9
1683690346 309.5 39.17 5432.95 23556.6
1683690356 304.76 39.35 5505.63 20015.5
1683690366 288.67 39.45 5205.86 19988.3
1683690376 305.09 39.25 5473.58 23810.6
1683690386 302.84 39.41 5566.7 18025.1
1683690396 300.1 39.26 5216.05 24138.5
1683690406 302.05 39.27 5534.18 18156.2
1683690416 306.36 39.44 5548.73 20401.2
1683690426 296.29 39.26 5410.96 22009.8
1683690436 309.41 39.43 5504.01 22020.4
1683690446 296.78 39.23 5505.77 17140.2
1683690456 309.39 39.21 5467.71 25946
1683690466 302.15 39.45 5717.14 21205.1
1683690476 305.1 39.26 5597.25 19580
1683690486 290.71 39.46 5273.19 18554.6
1683690496 307.14 39.46 5493.25 20445.8
1683690506 306.82 39.19 5514.62 23908.8
1683690516 283.61 39.24 4863.24 23684.2
1683690526 296.48 39.45 5554.16 17694.8
1683690536 311.26 39.26 5423.48 24039.1
1683690546 300.69 39.43 5641.92 17085.2
1683690556 283.45 39.24 5278.35 21045.6
1683690566 307.13 39.29 5362.89 23352.3
1683690576 86.79 38.94 791464 14906.1

Execution duration: 00:24:36.36
