1683691075 308.47 1.75 1702 4988.05
1683691085 310.11 2.2 1426.93 9740.2
1683691095 310.82 2.61 1424.82 9857.8
1683691105 314.1 3.12 1423.63 9758.49
1683691115 315.1 3.4 1442.7 14255.8
1683691125 310.51 3.51 1496.93 6304.46
1683691135 313.58 4 1446.58 11633.7
1683691145 312.7 4.42 1447.62 10199.2
1683691155 311.4 4.56 1422.62 9286.51
1683691165 201.98 5.21 15372.5 10286.1
1683691175 314.38 5.42 1422.79 12852.7
1683691185 308.13 5.28 1472.35 7316.15
1683691195 311.07 5.91 1441.9 9763.64
1683691205 311.07 5.99 1443.32 8831.65
1683691215 312.26 6.66 1418 10449.5
1683691225 311.26 7.1 1417 10719.4
1683691235 316.34 7.4 1420.6 13701.4
1683691245 309.59 7.26 1469.04 6466.47
1683691255 310.29 7.87 1443.32 10536.9
1683691265 213.07 8.07 15021 7290.7
1683691275 313.47 8.64 1419.41 11961.6
1683691285 311.65 9.02 1439.05 9921.1
1683691295 315.04 9.28 1419.19 14376.7
1683691305 311.18 9.24 1418 8448.27
1683691315 309.79 9.68 1417 7180.24
1683691325 313.25 10.2 1416.6 9930.43
1683691335 310.68 10.4 1442.3 9016.6
1683691345 312.53 10.62 1415.2 9545.51
1683691355 313.47 10.94 1416.32 17130
1683691365 310.46 11.44 1440.86 6288.25
1683691375 246.36 11.74 16368.4 9985.79
1683691385 310.18 12.01 1418.4 8719.68
1683691395 311.25 12.38 1440.47 9003.36
1683691405 311.83 12.78 1439.44 10357.8
1683691415 313.33 13.22 1415.2 9591.71
1683691425 311.34 13.47 1390.53 11754.2
1683691435 313.15 13.72 1454.55 8893.68
1683691445 311.82 14.2 1412.8 10887.5
1683691455 309.85 14.46 1437.64 7053
1683691465 313.04 14.64 1415.59 12192.3
1683691475 311.05 15.3 1415.2 9232.77
1683691485 267.45 15.45 16555 12756.6
1683691495 314.1 15.44 1414.2 9836.29
1683691505 310.26 15.91 1464.3 6960.95
1683691515 311.53 16.41 1412.8 10787
1683691525 309.28 16.38 1413.81 8396.06
1683691535 315.18 17.11 1437.64 10337.3
1683691545 312.9 17.27 1411.41 13421.6
1683691555 309.86 17.5 1463.25 8245.52
1683691565 311.82 17.52 1437.64 7804.14
1683691575 312.93 18.2 1440.47 11047.2
1683691585 314.37 18.7 1436.61 10887.8
1683691595 237.71 19.02 16634.2 9315.12
1683691605 314.88 19.32 1387.98 12978.9
1683691615 310.05 19.22 1439.05 6957.4
1683691625 312.6 19.9 1411.41 11598.8
1683691635 310.63 20.22 1436.22 7509.06
1683691645 314.11 20.64 1414.2 10704.1
1683691655 308.37 20.91 1394.55 8707
1683691665 314.14 21.16 1383.89 14418.9
1683691675 310.72 20.89 1461.42 6586.22
1683691685 311.7 21.58 1408.25 10412.2
1683691695 311.82 21.61 1437.64 9051.03
1683691705 170.9 22.37 16428.7 10724.5
1683691715 310.43 22.72 1436.61 8350
1683691725 313.22 22.74 1379.43 14608
1683691735 309.92 23.24 1433.79 6880.94
1683691745 311.37 23.36 1405.49 9483.53
1683691755 307.37 23.95 1407.26 9279.69
1683691765 307.36 24.28 1406.87 9465.36
1683691775 312.37 24.46 1406.87 9662.02
1683691785 317.49 25.05 1409.04 15783.1
1683691795 310.22 25.26 1434.81 5835.2
1683691805 311.27 25.35 1404.5 10880.3
1683691815 137.32 25.93 15900.9 8852.5
1683691825 310.41 26.37 1382.14 9965.46
1683691835 310.69 26.7 1430.59 8232.55
1683691845 313.73 27.13 1355.68 16084.7
1683691855 305.01 27.37 1406.87 5441.81
1683691865 309.69 27.54 1404.11 7978.84
1683691875 311.65 27.94 1404.5 10468.6
1683691885 310.02 28.38 1406.87 10518.5
1683691895 308.32 28.81 1402.74 10967.1
1683691905 310.88 28.95 1405.49 8797.65
1683691915 126.37 29.36 14232.5 11391
1683691925 308.82 29.7 1405.49 9149.41
1683691935 307.34 29.91 1401.76 8305.77
1683691945 311.97 30.36 1430.59 10521.2
1683691956 309.47 30.75 1424 9169.17
1683691965 311.69 31.14 1433.4 10310.8
1683691975 312.24 31.38 1404.89 12506.2
1683691986 305.56 31.46 1425.39 6666.02
1683691995 311.86 31.97 1405.49 11718
1683692006 304.77 31.96 1396.3 8407.79
1683692016 309 32.78 1377.69 11686.1
1683692026 121.6 33.04 15574.2 8766.37
1683692036 310.92 33.17 1349.07 12166.6
1683692046 307.31 33.04 1425 6367.19
1683692056 311.36 33.68 1404.11 11280.3
1683692066 313.39 34.04 1401.37 8473.12
1683692076 311.73 34.45 1401.76 10609.6
1683692086 312.35 34.97 1394.55 11884
1683692096 312.72 34.88 1378.08 11351.9
1683692106 309.49 35.39 1402.74 5634.05
1683692116 311.86 35.7 1379.43 10605.3
1683692126 312.14 36.28 1376.34 11217.2
1683692136 134.84 36.54 15359.3 9860.66
1683692146 310.25 37.01 1375.39 9942.97
1683692156 311.82 37.23 1376.73 12839.1
1683692166 308.43 37.34 1454.65 6741.63
1683692176 309.79 37.36 1429.19 9692.07
1683692186 309.48 37.87 1400.39 9062.11
1683692196 310.69 38.02 1405.49 9160.39
1683692206 312.68 38.24 1398.63 12314.9
1683692216 314.56 38.24 1400.39 12757
1683692226 310.15 38.24 1425.39 7062.89
1683692236 311.29 38.23 1419.46 9552.14
1683692246 118.08 38.24 15449.8 10735
1683692256 307.31 38.25 1396.3 10548.4
1683692266 312.11 38.23 1425 9359.77
1683692276 316.41 38.24 1375.78 12908.2
1683692286 308.95 38.23 1445.76 5734.76
1683692296 309.17 38.24 1397.66 9076.8
1683692306 311.34 38.24 1401.37 10892.3
1683692316 310.12 38.24 1444.75 7989.11
1683692326 311.33 38.24 1401.76 10718.3
1683692336 315.3 38.25 1397.27 15859.3
1683692346 308.65 37.97 1418.47 8046.26
1683692356 310.45 37.97 1425 7939.84
1683692366 265.62 38.24 16851.9 11617.2
1683692376 309.56 38.24 1373.66 8452.68
1683692386 308.39 38.23 1422.61 9743.08
1683692396 309.72 38.24 1419.46 9740.47
1683692406 311.52 37.97 1375.39 11161.3
1683692416 308.88 38.25 1424 8196.29
1683692426 311.22 38.24 1398.63 10866.3
1683692436 309.24 38.24 1419.46 8399.61
1683692446 311.5 37.97 1422.22 10550.1
1683692456 310.72 37.97 1397.27 9298.64
1683692466 312.74 37.96 1394.55 12449
1683692476 292.68 38.24 16287.3 8971.54
1683692486 308.88 37.99 1400 8266.02
1683692496 310.9 38.27 1394.94 12910.9
1683692506 311.03 38.26 1397.7 8979.69
1683692516 308.07 38.26 1369.65 9952.92
1683692526 312.48 38 1399.02 12013.7
1683692536 312.01 38.27 1450 5976.17
1683692546 311.01 38.28 1395.91 9883.54
1683692556 309.93 38.1 1422.22 10078
1683692566 311.54 38.37 1400.39 11132
1683692576 310.75 38.38 1426.39 8447.7
1683692586 279.01 38.36 16482.8 13519.1
1683692596 311.51 38.1 1423.61 7901.66
1683692606 312.07 38.37 1408.49 10212.4
1683692616 312.68 38.37 1399.02 8931.51
1683692626 312.83 38.37 1368.32 12566
1683692636 310.98 38.11 1417.09 7923.11
1683692646 310.15 38.38 1349.07 14222.4
1683692656 308.87 38.38 1422.61 6210.14
1683692666 313 38.13 1375 13772.3
1683692676 312.41 38.41 1451.81 6203.32
1683692686 182.33 38.4 14988.3 9285.16
1683692696 314.66 38.41 1401.37 12316.7
1683692706 314.05 38.41 1374.44 12682.9
1683692716 306.71 38.41 1419.46 6238.52
1683692726 313.44 38.4 1396.3 11806
1683692736 311.95 38.41 1393.2 9684.74
1683692746 313.35 38.41 1395.91 11328.5
1683692756 311.56 38.41 1391.84 8784.47
1683692766 312.94 38.41 1347.23 14155
1683692776 308.48 38.41 1422.22 6395.71
1683692786 126.13 38.4 14338.8 8641.72
1683692796 309.84 38.41 1422.61 9703.7
1683692806 311.39 38.41 1370.98 10012.1
1683692816 309.76 38.41 1399.02 9374.05
1683692826 316.13 38.14 1351.32 14194.3
1683692836 310.37 38.41 1416.1 8380.21
1683692846 313.67 38.41 1425 8614.45
1683692856 311.91 38.14 1425.39 11193
1683692866 312.19 38.41 1398.63 10562.7
1683692876 308.96 38.14 1422.22 8178.56
1683692886 311.62 38.41 1392.19 9252.73
1683692896 299.71 38.41 15361.8 12561
1683692906 310.37 38.41 1401.76 8302.64
1683692916 311.98 38.41 1397.27 11708.8
1683692926 310.73 38.41 1424 8291.12
1683692936 309.52 38.41 1419.46 9044.36
1683692946 310.63 38.14 1398.63 11081
1683692956 313.09 38.41 1425.78 12273.4
1683692966 309.97 38.4 1452.84 8737.38
1683692976 312.08 38.14 1397.66 10226.5
1683692986 311.79 38.41 1422.22 11221.4
1683692996 221.87 38.41 15142.6 9432.03
1683693006 314.18 38.4 1391.84 9812.04
1683693016 312.72 38.41 1366.05 13059.5
1683693026 309.56 38.41 1400 6376.95
1683693036 313.55 38.41 1397.27 12062.8
1683693046 308.4 38.42 1425.39 8103.52
1683693056 314.68 38.43 1402.74 11340.1
1683693066 312.88 38.42 1424 8430.44
1683693076 315.14 38.43 1375.39 13823
1683693086 309.66 38.16 1399.02 7273.37
1683693096 105.27 38.43 14630.1 9495.31
1683693106 310.2 38.43 1392.23 8980.97
1683693116 311.22 38.17 1373.66 11731.9
1683693126 311.28 38.46 1394.94 9981.71
1683693136 311.07 38.45 1366.05 11834.7
1683693146 309.88 38.45 1426.39 7030.3
1683693156 311.71 38.45 1425 9366.02
1683693166 310.34 38.46 1422.22 9795.32
1683693176 311.98 38.46 1397.27 12193.8
1683693186 311.03 38.46 1423.61 7467.32
1683693196 315.08 38.19 1371.76 14571.8
1683693206 178.58 38.45 15222.2 5885.1
1683693216 310.03 38.45 1396.3 10377.4
1683693226 308.76 38.19 1419.46 8886.77
1683693236 308.72 38.45 1387.8 11322.8
1683693246 309.87 38.46 1425 8593.36
1683693256 315.01 38.46 1372.71 15286.9
1683693266 306.67 38.46 1434.98 5645.22
1683693276 311.04 38.46 1423.61 7477.07
1683693286 310.63 38.45 1422.22 10533.7
1683693296 309.72 38.19 1394.55 10887.2
1683693306 311.52 38.19 1425.39 9342.19
1683693316 207.91 38.46 15870.3 9876.95
1683693326 313.57 38.45 1400.39 11609.4
1683693336 312.33 38.46 1418.47 9293.29
1683693346 308.78 38.55 1400 9245.31
1683693356 311.23 38.27 1400 9841.8
1683693366 311.9 38.55 1423.61 9622.24
1683693376 311.8 38.55 1399.02 9884.1
1683693386 312.41 38.54 1400.78 12124.6
1683693396 310.54 38.28 1422.22 8921.25
1683693406 310.16 38.55 1400 8958.59
1683693416 308.21 38.56 1400 11808.2
1683693426 153.13 38.57 16010.5 8919.53
1683693436 312.36 38.57 1359.07 11357.9
1683693446 311.59 38.3 1371.76 11272.4
1683693456 311.79 38.57 1397.27 9954.39
1683693467 310.25 38.57 1373.56 7950.19
1683693476 309.16 38.57 1395.91 10234.9
1683693486 312.65 38.57 1394.94 11716.3
1683693496 312.69 38.3 1423.61 8618.54
1683693506 313.72 38.56 1370.04 13180.9
1683693516 311.61 38.3 1399.02 8319.22
1683693527 313.41 38.57 1350.19 8805.75
1683693536 295.9 38.57 15511.8 8075.32
1683693546 312.81 38.57 1375 11310.5
1683693556 307.63 38.56 1375 9446.09
1683693566 315.01 38.57 1348.68 13087.2
1683693576 307.01 38.57 1421.23 5674.78
1683693586 312.5 38.57 1375 11080.1
1683693596 308.28 38.57 1420.84 8914.51
1683693606 310.06 38.57 1400.39 9460.55
1683693616 311.34 38.57 1426.39 10278.8
1683693626 95.13 38.22 0.39 15899
1683693636 302.93 38.57 14987.1 5337.5
1683693646 313.26 38.3 1372.71 11857.3
1683693656 310.45 38.57 1400 8804.69
1683693666 313.47 38.57 1398.63 9877.46
1683693676 308.17 38.57 1395.91 7576.24
1683693686 308.57 38.29 1348.54 15352.4
1683693696 305.69 38.58 1430.98 5902.35
1683693706 312.27 38.57 1397.27 10918.5
1683693716 307.8 38.3 1424 7758.83
1683693727 311.09 38.58 1394.55 9980.93
1683693737 132.1 38.57 15068.5 9755.19
1683693747 311.12 38.57 1398.63 10703.2
1683693757 312.4 38.3 1387.71 11155.1
1683693767 310.29 38.57 1416.7 7967.77
1683693777 310.07 38.57 1376.34 10271.8
1683693787 312.99 38.57 1400 10629.3
1683693797 308.26 38.57 1394.55 7695.33
1683693807 310.75 38.58 1400 11392.2
1683693817 314.44 38.57 1398.63 11672.6
1683693827 310.13 38.57 1420.84 7924.83
1683693837 308.88 38.3 1400 9278.12
1683693847 133.96 38.57 15545.4 10517.8
1683693857 312.13 38.56 1390.49 12537
1683693867 307.8 38.56 1423.61 7257.37
1683693877 313.27 38.57 1373.66 12322
1683693887 310.61 38.57 1420.84 6944.11
1683693897 313.63 38.54 1370.98 12376.2
1683693907 308.6 38.52 1426.39 6328.05
1683693917 308.58 38.53 1397.27 10739.6
1683693927 312.2 38.52 1398.63 11347.9
1683693937 315.69 38.53 1363.02 13302.2
1683693947 307.72 38.26 1423.61 6623.22
1683693957 89.76 38.54 15581.2 9187.89
1683693967 316.02 38.54 1450 10977
1683693977 314.92 38.27 1397.27 11191
1683693987 310.66 38.53 1401.37 8563.83
1683693997 316.57 38.54 1347.37 13017.9
1683694007 309 38.53 1451.42 5746.63
1683694017 312.86 38.53 1370.98 11099.5
1683694027 312.5 38.53 1399.02 9423.61
1683694037 310.73 38.53 1422.61 10147.8
1683694047 310.03 38.53 1395.91 8043.23
1683694057 315.77 38.53 1371.37 15070.7
1683694067 86.45 38.52 15171.5 5417.93
1683694077 311.82 38.53 1400.39 8842.19
1683694087 311.8 38.26 1397.27 10811.3
1683694097 312.41 38.54 1364.34 12321.7
1683694107 309.26 38.54 1422.22 7165.3
1683694117 313.76 38.54 1349.07 14693.9
1683694127 308.11 38.53 1475.39 6020.7
1683694137 312.19 38.27 1423.61 9774.05
1683694147 313.76 38.54 1424 10631.4
1683694157 315.72 38.54 1423.61 10083.5
1683694167 308.64 38.28 1417.09 9029.51
1683694177 197.37 38.55 15248.3 12590.2
1683694187 310.83 38.55 1398.44 10017.1
1683694197 311.31 38.55 1373.66 9486.83
1683694207 309.86 38.56 1425.39 8955.08
1683694217 309.13 38.28 1394.55 9662.65
1683694227 309.08 38.55 1373.66 9505.95
1683694237 311.81 38.56 1399.02 12878
1683694247 314.43 38.34 1397.66 11182.1
1683694257 309.04 38.6 1417.09 9406.6
1683694267 309.64 38.33 1395.91 7933.4
1683694277 312.59 38.6 1374.05 13052.9
1683694287 184.57 38.61 15814.5 7099.61
1683694297 310.75 38.6 1400.39 9402.73
1683694307 316.58 38.61 1399.02 13233.6
1683694317 309.44 38.6 1395.91 6751.31
1683694327 313.88 38.68 1376.73 13307.1
1683694337 307.36 38.75 1412.58 7019.55
1683694347 311.11 38.74 1397.27 11393.8
1683694357 309.66 38.48 1423.61 7907.51
1683694367 316.29 38.74 1364.73 12793
1683694377 306.24 38.74 1420.84 6570.2
1683694387 313.84 38.47 1422.61 10860
1683694397 261.27 38.75 14833.6 2399.22
1683694407 292.34 38.67 288.26 1005.24
1683694417 68.19 38.66 103.5 64.98

Execution duration: 00:55:44.44
