1683704640 285.67 2.75 5827.67 13677.2
1683704650 307.04 3.73 5683.65 24461
1683704660 300.7 4.21 5811.09 20215
1683704670 297.92 5.35 5640 21980.2
1683704680 303.86 6.08 5601.98 22905
1683704690 282.49 6.73 5253.41 20805.1
1683704700 302.97 7.08 5697.73 18770.7
1683704710 303.95 8.15 5572.75 23370.2
1683704720 303.46 8.72 5576.64 20704.2
1683704730 260.24 9.47 4862.12 20109.6
1683704740 301.49 10.58 5520.48 20848.3
1683704750 302.37 10.85 5565.62 24290.1
1683704760 306.03 11.68 5755.34 20005.1
1683704770 300.89 12.33 5590.91 19487.8
1683704780 307.67 13.26 5638.93 24360.3
1683704790 304.55 14.39 5641.51 21607.5
1683704800 272.78 14.95 5175.93 16997.6
1683704810 307.4 15.28 5535.63 25353.6
1683704820 304.74 15.76 5731.36 19585.8
1683704830 305.41 16.74 5606.69 21004.3
1683704840 303.66 17.68 5598.02 20733.7
1683704850 300.3 18.31 5598.02 21487.9
1683704860 305.02 19.45 5631.89 22192.1
1683704870 304.34 19.89 5345.31 26203.3
1683704880 298.82 20.35 5652.99 17279.3
1683704890 300.29 21.32 5565.06 18541.7
1683704900 308.08 21.96 5611.82 24264
1683704910 283.86 22.9 5291.73 18177.2
1683704920 300.29 23.58 5468.11 20455.9
1683704930 303.42 24.49 5294.32 27658.3
1683704940 281.4 25.1 5241.53 15250.1
1683704950 298.42 25.5 5563.42 18219.1
1683704960 305.6 26.69 5545.38 22494.3
1683704970 284.56 27.31 5034.41 21610.2
1683704980 304.02 28.46 5583.1 21156
1683704990 305.19 28.86 5641.92 19862.9
1683705000 282.99 29.37 5144.08 21092.5
1683705010 302.55 30.2 5547.06 20703.1
1683705020 307.17 31.32 5552.11 20547.2
1683705030 304.02 31.79 5521.96 21760
1683705040 305.41 33.08 5514.82 22800
1683705050 286.72 33.45 5275.39 18750
1683705060 302.45 33.79 5460.39 22099.6
1683705070 302.15 34.39 5598.82 19628.6
1683705080 304.3 35.43 5518.28 20369.5
1683705090 305.09 36.1 5616.84 21032.7
1683705100 304.5 37.27 5530.79 22306.5
1683705110 302.35 37.76 5541.62 21435.1
1683705120 292.25 38.51 5088.52 24628.1
1683705130 297.87 38.29 5544.58 18632.6
1683705140 304.41 38.55 5673.97 21115.1
1683705150 301.66 38.87 5573.39 18595.3
1683705160 308.34 38.6 5597.25 24377.6
1683705170 304.89 38.88 5580.84 18767.9
1683705180 284.73 38.63 4889.71 26413.3
1683705190 299.13 38.9 5721.13 14804.7
1683705200 307.23 38.89 5475.39 23709.4
1683705210 307.12 39.16 5539.57 21484.2
1683705220 289.61 38.87 5333.72 17311
1683705230 306.63 38.9 5457.56 23970.7
1683705240 303.41 39.15 5477.19 20721.6
1683705250 294.23 38.88 5348.34 21329.2
1683705260 300.69 39.13 5591.38 22026.6
1683705270 309.32 39.14 5534.12 19686.7
1683705280 304.77 38.9 5546.25 20268.3
1683705290 298.92 38.85 5367.74 21810
1683705300 295.48 39.16 5341.73 21494.1
1683705310 305.93 38.9 5404.67 23920.6
1683705320 307.35 39.17 5673.58 21117
1683705330 307.18 38.88 5524.73 21306.7
1683705340 301.94 38.89 5453.91 20675.6
1683705350 305.38 39.18 5567.94 20423.5
1683705360 308.72 39.16 5403.33 22839.2
1683705370 291.01 39.15 5230.11 20716.7
1683705380 303.43 38.85 5654.45 18516.8
1683705390 305.28 38.9 5542.91 21880.3
1683705400 306.86 39.17 5471.37 24362
1683705410 302.55 38.91 5641.53 16514
1683705420 311.95 39.14 5553.77 25221.9
1683705430 296.77 38.85 5385.91 23064.6
1683705440 299.23 39.15 5611.64 17280.3
1683705450 310.84 38.87 5450 24367.6
1683705460 290.41 38.86 5432.95 19462.4
1683705470 310.93 39.12 5594.54 21866.5
1683705480 312.12 38.87 5517.89 23495.6
1683705490 273.29 39.17 4739.83 22878.7
1683705500 301.66 39.15 5655.52 15956.2
1683705510 303.33 38.96 5616.45 23323.8
1683705520 290.81 39.21 5280.16 22016.4
1683705530 299.81 38.97 5518.11 19197.6
1683705540 307.82 39.23 5605.47 22836.8
1683705550 312.67 38.99 5464.33 26587.5
1683705560 272.47 38.99 4980.93 15461.5
1683705570 310.96 39.26 5610.96 23353.4
1683705580 300.77 39.01 5544.17 17610.8
1683705590 304.02 39.02 5534.51 20889.4
1683705600 292.97 39.29 5262.89 22019.9
1683705610 306.57 39.06 5554.16 22177.5
1683705620 304.61 39.34 5403.72 23212.9
1683705630 301.17 39.06 5525.39 19080.1
1683705640 306.82 39.31 5527.1 22946.2
1683705650 304.75 39.33 5606.59 19172.5
1683705660 309 39.04 5611.35 22430.5
1683705670 276.42 39.05 4897.45 21947.5
1683705680 308.24 39.32 5411.77 22238
1683705690 304.51 39.07 5454.26 20879.1
1683705700 297.26 39.28 5566.7 15638
1683705710 295.11 39.34 5398.43 22216
1683705720 301.56 39.06 5475.39 22007.4
1683705730 306.17 39.33 5611.35 20318.6
1683705740 256.92 39.04 4429.63 21699.8
1683705750 298.33 39.07 5498.63 17608.2
1683705760 304.41 39.34 5541.62 19810.8
1683705770 308.61 39.05 5461.06 23510
1683705780 279.05 39.04 5003.12 19327.5
1683705790 301.77 39.33 5523.68 18620.7
1683705800 311.18 39.07 5416.73 27312.1
1683705810 275.63 39.33 5054.19 15919.7
1683705820 302.15 39.06 5495.02 19097.8
1683705830 306.49 39.32 5551.6 20695.5
1683705840 304.89 39.07 5530.79 22581
1683705850 285.74 39.33 5350.39 21303.5
1683705860 304.58 39.07 5577 19460.8
1683705870 307.93 39.33 5333.99 23123.2
1683705880 304.11 39.03 5550.39 19629.7
1683705890 310.18 39.12 5523.68 22920.9
1683705900 308.01 39.4 5537.89 22442.2
1683705910 301.08 39.4 5395.12 21224.2
1683705920 274.36 39.11 5198.04 15247
1683705930 308 39.4 5411.12 23814.2
1683705940 300.78 39.12 5611.74 16804.3
1683705950 299.41 39.14 5484.7 22068.6
1683705960 307.05 39.4 5511.15 21993
1683705970 304.79 39.09 5655.91 23144.1
1683705980 307.14 39.07 5530.79 22840.7
1683705990 282.09 39.39 5191.78 19594.5
1683706000 303.92 39.13 5623.87 18101
1683706010 307.93 39.38 5591.77 21444.1
1683706020 299.81 39.14 5414.81 20224.9
1683706030 286.23 39.1 5100.39 21985.5
1683706040 306.37 39.43 5609.8 20808.2
1683706050 297.45 39.17 5231.76 24378.8
1683706060 301.86 39.43 5616.84 17981.6
1683706070 301.47 39.16 5529.09 19002.5
1683706080 307.14 39.41 5568.33 24300.3
1683706090 303.92 39.17 5566.7 19891.1
1683706100 285.71 39.42 5122.89 22024.7
1683706110 42.19 38.8 789855 10287.1

Execution duration: 00:24:33.33
