1683701246 308.26 1.76 1627.06 5004.98
1683701256 311.21 2.3 1429.76 11069.8
1683701266 309.52 2.65 1447.37 7284.44
1683701276 313.77 3.04 1420.81 10881.7
1683701286 313.45 3.41 1410.48 14235
1683701296 310.58 3.62 1443.32 7435.01
1683701306 310.78 3.92 1443.32 8364.79
1683701316 312.98 4.29 1419.41 10012.3
1683701326 311.68 4.4 1445.15 9058.61
1683701336 202.68 5.04 15359.8 9870.63
1683701346 314.47 5.42 1345.89 16445.2
1683701356 309.8 5.45 1445.54 5742.18
1683701366 313.84 5.72 1441.9 7883.4
1683701376 316.89 6.25 1440.86 11857.5
1683701386 312.17 6.53 1443.32 9001.38
1683701396 314.92 6.97 1417 10292.1
1683701406 315.92 7.43 1418 12828.5
1683701416 312.63 7.53 1441.26 10435.5
1683701426 314.73 7.65 1443.32 10515.1
1683701436 209.2 8.16 14794.1 8877.1
1683701446 312.76 8.61 1443.32 10180
1683701456 311.46 8.94 1440.47 7840.08
1683701466 314.72 9.45 1391.3 9768.77
1683701476 311.84 9.45 1388.95 12928.6
1683701486 314.41 9.67 1415.59 8743.53
1683701496 312.35 9.89 1441.9 8212.65
1683701506 313.18 10.26 1435.2 11337.7
1683701516 315.33 10.42 1418 9217.41
1683701526 314.27 11.21 1446.22 12920.8
1683701536 312.78 11.03 1436.61 10473.2
1683701546 232.42 11.64 16276.3 8744.43
1683701556 311.36 11.86 1440.86 8482.53
1683701566 314.4 12.42 1413.81 10922.7
1683701576 311.73 12.69 1438.03 8718.42
1683701586 314.61 12.91 1389.93 10038.7
1683701596 311.52 13.17 1411.81 12836.2
1683701606 310.44 13.32 1461.42 6930.31
1683701616 313.7 13.65 1439.44 10606.3
1683701626 315.18 13.9 1413.81 12032.4
1683701636 311.62 14.42 1461.81 7285.83
1683701646 313.79 14.75 1387.19 10608.5
1683701656 248.92 15.04 16376.8 13362.3
1683701666 310.63 15.15 1436.61 7881.1
1683701676 312.11 15.39 1436.22 7970.47
1683701686 314.58 15.82 1412.8 10290.4
1683701696 309.15 16.45 1384.46 11592.9
1683701706 311.51 16.66 1436.61 7050.39
1683701716 315.29 16.92 1380.39 15171.8
1683701726 310.03 16.98 1460.37 6586.43
1683701736 313.18 17.37 1409.64 10935.7
1683701746 309.33 17.29 1433.4 6671.51
1683701756 316.62 18 1435.2 10596.7
1683701766 210.41 18.51 16424 11640.5
1683701777 306.16 18.81 1376.73 12688.2
1683701786 309.85 18.98 1436.22 5617.32
1683701797 310.88 19.2 1430.98 8854.9
1683701806 316.35 19.68 1411.02 11055.5
1683701817 313.25 20.04 1431.99 9277.33
1683701826 310.71 20.5 1408.25 10931.2
1683701837 315.03 20.75 1383.89 14012.6
1683701847 308.73 20.6 1431.99 5775.47
1683701857 314.61 21.18 1430.59 10127.8
1683701867 310.69 21.12 1430.98 8161.57
1683701877 130.59 21.89 16129.4 11556.1
1683701887 312.69 22.31 1435.2 8855.06
1683701897 311.95 22.32 1404.11 10743.6
1683701907 312.12 22.74 1390.88 10586.6
1683701917 313.65 23 1408.25 10196.9
1683701927 311.18 23.34 1430.59 8123.92
1683701937 311.49 23.75 1407.26 9890.09
1683701947 308.74 23.79 1406.87 9119.53
1683701957 311.13 24.58 1411.41 11465
1683701967 310.21 24.59 1407.26 10558.6
1683701977 310.41 24.65 1432.38 9264.38
1683701987 313.55 25.11 1360.94 10330.1
1683701997 301.08 25.72 16904.2 7781.78
1683702007 310.91 25.77 1408.25 10084.9
1683702017 313.33 26.49 1405.49 10731.8
1683702027 311.56 26.79 1356.47 11384.3
1683702037 309.52 26.86 1406.87 5941.51
1683702047 311.25 27.02 1428.18 11301
1683702057 313.61 27.69 1402.74 10441.9
1683702067 311.9 28.18 1398.63 10407.8
1683702077 309.29 28.34 1426.39 9666.47
1683702087 313.41 28.71 1379.82 12054.1
1683702097 279.61 29.06 15185.9 8122.35
1683702107 311.27 29.01 1380.39 8470.98
1683702117 311.05 29.68 1376.73 8514.17
1683702127 310.77 30.06 1404.11 9677.57
1683702137 310.32 30.48 1394.94 10775.1
1683702147 313.81 30.69 1378.08 13335.4
1683702157 303.03 30.7 1426.78 5515.15
1683702167 310.08 31.14 1413.95 10190.3
1683702177 311.82 31.12 1426.78 8520.04
1683702187 312.79 31.54 1425.39 10649.2
1683702197 312.79 32.21 1398.63 9868.49
1683702207 266.6 32.57 16384.8 14525
1683702217 308.4 32.94 1401.37 7189.83
1683702227 310.46 33.05 1401.76 9518.28
1683702237 307.67 33.49 1393.2 9432.07
1683702247 308.59 33.55 1375.39 8318.75
1683702257 312.62 34.24 1377.69 11293.1
1683702267 315.24 34.51 1375.78 14159.8
1683702277 310.17 34.58 1450 5739.06
1683702287 308.69 34.83 1425 9467.58
1683702297 310.56 34.93 1403.13 10180.4
1683702307 310.97 35.58 1390.49 8060.52
1683702317 279.1 35.98 16204.7 12265.2
1683702327 315.53 36.39 1350.39 14250.8
1683702337 305.94 36.26 1422.61 5663.94
1683702347 311.72 36.8 1400 9250.78
1683702357 310.04 37.44 1371.37 9935.74
1683702367 310.82 37.41 1397.66 10007
1683702377 305.16 37.91 1395.91 7386.95
1683702387 313.87 38.12 1375.39 13804.3
1683702397 309.44 37.84 1419.85 9778.99
1683702407 309.8 38.11 1415.71 7714.06
1683702417 312.29 37.86 1373.66 11975.8
1683702427 247.28 38.22 16184.1 8595.35
1683702437 311.21 38.23 1395.91 9480.82
1683702447 311 37.98 1370.98 11674.8
1683702457 310.15 38.25 1373.88 10092
1683702467 309.63 38.25 1419.46 9212.45
1683702477 316.25 38.25 1394.94 11353.7
1683702487 311.78 38.26 1373.18 8344.83
1683702497 308.37 38.25 1421.23 9178.97
1683702507 311.89 38.07 1422.22 9198.05
1683702517 316.28 38.33 1373.1 13665.5
1683702527 308.2 38.08 1423.61 7185.56
1683702537 147.65 38.34 16063.8 10276.3
1683702547 309.46 38.34 1399.02 8249.37
1683702557 312.25 38.07 1394.55 10414.4
1683702567 310.71 38.33 1395.91 9314.9
1683702577 314.34 38.07 1374.44 12147.9
1683702587 309.69 38.34 1390.88 8043.45
1683702597 309.55 38.34 1422.22 10213.3
1683702607 313.37 38.34 1399.02 8294.63
1683702617 309.53 38.34 1394.55 9272.76
1683702627 311.89 38.34 1397.27 11305.6
1683702637 311.73 38.08 1340.31 12960.1
1683702647 149.72 38.35 15438.6 5769.98
1683702657 308.48 38.36 1397.66 10267.8
1683702667 311.09 38.08 1369.65 9851.36
1683702677 311.9 38.36 1374.05 12571.3
1683702687 310.98 38.12 1393.2 8768.9
1683702697 316.48 38.39 1372.71 14762.2
1683702707 309.3 38.39 1414.34 7193.02
1683702717 312.37 38.39 1422.22 8266.28
1683702727 310.89 38.39 1395.91 10127.4
1683702737 314.3 38.4 1394.55 10766.1
1683702747 310.03 38.12 1419.85 9229.96
1683702757 124.18 38.38 15478 13572.7
1683702767 307.8 38.39 1424 5897.37
1683702777 309.25 38.39 1372.32 9354.78
1683702787 309.34 38.39 1393.2 8401.17
1683702797 312.02 38.13 1375.39 9933.2
1683702807 308.56 38.39 1393.2 10816.7
1683702817 317.74 38.4 1372.71 14795.3
1683702827 309.32 38.12 1418.08 5654.42
1683702837 311.9 38.43 1397.66 11428.9
1683702847 309.35 38.16 1397.27 7674.85
1683702857 311.89 38.43 1397.66 9615.98
1683702867 232.5 38.42 15184.5 9727.65
1683702877 316.26 38.42 1370.98 12733.8
1683702887 312.48 38.43 1386.85 9311.41
1683702897 309.27 38.43 1373.66 7666.73
1683702907 313.74 38.43 1347.76 11192.6
1683702917 314.12 38.43 1361.7 13311.8
1683702927 311.19 38.43 1359.07 6061.78
1683702937 314.98 38.43 1344.75 11061.9
1683702947 312.47 38.42 1371.76 10988.9
1683702957 309.75 38.16 1397.66 8136.84
1683702967 147.29 38.42 14357.7 10745.2
1683702977 308.86 38.42 1396.3 8849.85
1683702987 310.72 38.43 1397.27 8563.35
1683702997 313.2 38.43 1367.38 11420.2
1683703007 312.68 38.16 1372.71 11522
1683703017 310.55 38.43 1425.39 7369.14
1683703027 313.97 38.54 1381.12 12059
1683703037 307.4 38.55 1420.84 7297.76
1683703047 311.89 38.56 1397.66 10400.4
1683703057 314.71 38.56 1422.22 8678.36
1683703067 315.11 38.28 1365.3 14133.7
1683703077 294.07 38.55 15356.8 6397.67
1683703087 309.95 38.29 1397.27 9120.86
1683703097 310.11 38.28 1393.2 10411.7
1683703107 313.74 38.56 1372.71 11949.3
1683703117 310.68 38.56 1416.7 8333.98
1683703127 314.24 38.29 1349.07 12880
1683703137 306.81 38.55 1419.85 6540.86
1683703147 315.31 38.56 1397.27 11179.3
1683703157 310.25 38.6 1424 9490.34
1683703167 311.41 38.33 1372.32 9579.34
1683703177 206.24 38.6 14948.4 10408.2
1683703187 314.21 38.6 1371.76 12342
1683703197 310.23 38.6 1422.22 6920.86
1683703207 310.24 38.6 1397.66 8592.98
1683703217 310.92 38.33 1372.32 10359.8
1683703227 312.69 38.6 1399.02 9604.29
1683703237 311.81 38.6 1423.61 9554.73
1683703247 317.24 38.6 1346.84 13959.9
1683703257 309.63 38.6 1420.84 5252.97
1683703267 311.68 38.33 1396.3 8521.13
1683703278 315.08 38.6 1369.65 12141.2
1683703288 284.63 38.6 15703.8 7580.56
1683703297 312.37 38.6 1397.66 11736.8
1683703308 317.43 38.33 1364.73 15042.2
1683703318 311.48 38.6 1395.33 7418.68
1683703328 311.58 38.6 1369.65 10431.9
1683703338 311.37 38.32 1418.47 7684.74
1683703348 308.97 38.6 1392.37 9348.85
1683703358 312.38 38.6 1422.22 9601.95
1683703368 309.81 38.33 1366.99 11403.1
1683703378 313.84 38.6 1398.05 10615.2
1683703388 141.47 38.59 14948.4 8382.47
1683703398 312.36 38.6 1370.98 11896
1683703408 310.33 38.33 1396.3 9144.69
1683703418 312.65 38.6 1408.49 7851.74
1683703428 316.21 38.33 1400 10176.6
1683703438 315.38 38.6 1371.37 13329.3
1683703448 308.96 38.6 1397.66 7394.93
1683703458 312.79 38.33 1398.63 10570.1
1683703468 310.41 38.6 1419.46 9946.69
1683703478 311.6 38.6 1447.56 9392.98
1683703488 310.79 38.33 1393.2 9462
1683703498 150.53 38.6 15420.4 11647.8
1683703508 309.03 38.6 1368.32 9694.85
1683703518 312.44 38.33 1407.53 9215.81
1683703528 315.31 38.6 1397.27 9886.55
1683703538 313.79 38.33 1407.53 10329
1683703548 311.89 38.59 1422.22 9352.44
1683703558 313.07 38.6 1398.05 11823.8
1683703568 306.39 38.33 1414.34 6194.19
1683703578 310.53 38.6 1372.32 11621.8
1683703588 307.22 38.33 1424 8813.27
1683703598 314.82 38.33 1397.27 10489.7
1683703608 84.41 38.52 0 9440.55
1683703618 310.92 38.59 16877.2 13450.7
1683703628 308.07 38.33 1421.23 5676.73
1683703638 312.04 38.33 1342.14 13692.8
1683703648 310.2 38.6 1403.08 7922.31
1683703658 309.56 38.6 1399.02 10091.3
1683703668 311.74 38.33 1391.84 9086.6
1683703678 315.18 38.6 1371.76 14444.8
1683703688 308.97 38.6 1422.22 5846.78
1683703698 309.65 38.33 1424 8014.05
1683703708 309.85 38.33 1372.32 10817.1
1683703718 216.86 38.6 14997.7 8858.48
1683703728 310.97 38.6 1366.99 10792.2
1683703738 317.91 38.33 1346.84 15539.2
1683703748 308.85 38.6 1394.37 6497.96
1683703758 308.85 38.33 1369.65 8454.47
1683703768 309.33 38.6 1394.55 9381.32
1683703778 312.87 38.6 1397.27 10414
1683703788 313.32 38.6 1393.59 10992.4
1683703798 312.13 38.6 1416.7 10748.7
1683703808 311.5 38.6 1372.71 9049.9
1683703818 222.16 38.61 14423.4 8382.05
1683703828 310.95 38.6 1364.34 9612.02
1683703838 312.55 38.6 1394.94 10687.9
1683703848 313.44 38.6 1370.98 10636.4
1683703858 311.61 38.33 1424 7399.02
1683703868 315.28 38.6 1394.94 12369.3
1683703878 310.12 38.59 1419.85 6298.83
1683703888 309.63 38.61 1394.55 10944
1683703898 310.72 38.59 1372.32 9113.45
1683703908 308.36 38.33 1394.94 9283.27
1683703918 310.83 38.33 1398.63 9779.12
1683703928 256.44 38.61 15866.3 12492.8
1683703938 308.17 38.6 1419.46 6603.5
1683703948 311.97 38.33 1409.54 11439.9
1683703958 313.75 38.59 1373.66 10718
1683703968 309.92 38.6 1380.17 9870.26
1683703978 310.08 38.59 1390.88 8981.96
1683703988 310.92 38.6 1347.76 12273.7
1683703998 311 38.6 1419.85 8579.38
1683704008 306.01 38.59 1412.58 7623.23
1683704018 311.45 38.59 1390.88 9705.92
1683704028 310.22 38.32 1395.91 9691.92
1683704038 234.76 38.59 16091.3 9284.66
1683704048 315.6 38.6 1349.46 13375.2
1683704058 308.36 38.6 1419.46 6017.9
1683704068 310.01 38.6 1393.59 9936.25
1683704078 310.79 38.6 1394.55 9460.31
1683704088 309.76 38.6 1397.66 8515.4
1683704098 312.46 38.6 1394.55 10424.5
1683704108 315.99 38.6 1372.71 14082.6
1683704118 305.7 38.33 1413.95 5561.24
1683704128 313.18 38.34 1399.02 10494.8
1683704138 310.72 38.33 1395.91 8658.62
1683704148 165 38.6 16002.3 10832.4
1683704158 311.79 38.6 1399.22 9150.49
1683704168 315.11 38.6 1347.76 14067.5
1683704178 306.7 38.6 1417.09 5971.65
1683704188 310.15 38.33 1397.27 8373.1
1683704198 311.21 38.6 1372.71 11900.2
1683704208 309.17 38.6 1398.63 7992.98
1683704218 310.2 38.59 1417.09 9677.67
1683704228 314.48 38.6 1418.08 11292.1
1683704238 305.53 38.33 1387.8 10956.8
1683704248 310.76 38.6 1389.54 9798.06
1683704258 152.28 38.59 15530.7 7660.37
1683704268 311.49 38.6 1396.3 10190.1
1683704278 312.77 38.6 1372.32 11289.3
1683704288 308.55 38.59 1417.09 6781.75
1683704298 316.44 38.32 1344.75 12879.8
1683704308 311.35 38.59 1415.71 8591.27
1683704318 314.4 38.6 1444.75 10245.1
1683704328 314.46 38.33 1416.7 9764.27
1683704338 310.02 38.6 1394.94 10184
1683704348 312.38 38.33 1397.27 11192.6
1683704358 316.68 38.33 1424.39 10528.8
1683704368 234.23 38.6 15492.6 9264.2
1683704378 311.55 38.59 1392.23 9429.9
1683704388 309.25 38.33 1395.91 9472.64
1683704398 311.38 38.6 1394.55 9335.02
1683704408 309.71 38.32 1397.09 8534.5
1683704418 315 38.6 1347.23 13628.8
1683704428 310.9 38.6 1394.94 7878.21
1683704438 308.49 38.6 1397.27 9181.68
1683704448 312.88 38.6 1397.66 9990.25
1683704458 313.32 38.6 1393.2 11849.6
1683704468 308.29 38.33 1424 6353.95
1683704478 220.93 38.6 15871.5 14216.9
1683704488 309.35 38.6 1397.27 7633.14
1683704498 314.69 38.33 1386.85 9807.74
1683704508 308.57 38.6 1395.91 8471.28
1683704518 309.84 38.33 1397.66 10079.9
1683704528 315.6 38.6 1397.27 11321.6
1683704538 315.72 38.59 1341.33 11730.3
1683704548 307.89 38.6 1422.22 6157.12
1683704558 311.57 38.33 1393.59 8974.54
1683704568 311.86 38.33 1394.55 12594.5
1683704578 311.08 38.33 1375.32 9082.99
1683704588 273.29 38.61 14838.6 3754.39
1683704598 295.62 38.6 310.72 2156.34
1683704608 60.47 38.51 75.17 58.81

Execution duration: 00:56:04.04
