1683706594 283.06 2.76 5911.15 13394
1683706604 304.65 3.72 5609.1 24358.5
1683706614 302.58 4.36 5790.88 20553.2
1683706624 275.28 5.41 5134.33 20542
1683706634 296.93 6.01 5450.94 25657.5
1683706644 294.83 6.2 5675.94 15098.2
1683706654 303.86 7.28 5647.09 22970.9
1683706664 302.07 7.77 5724.38 20578.9
1683706674 305.64 8.64 5690.7 21151.3
1683706684 309.59 9.95 5647.09 23683.9
1683706694 258.99 10.23 4869.97 16424.5
1683706704 303.26 10.58 5478.26 24658.1
1683706714 300.1 11.47 5652.68 19804
1683706724 304.65 12.14 5578.27 22158.1
1683706734 298.32 13.09 5515.02 19654.2
1683706744 304.64 14.03 5616.21 21447.4
1683706754 303.76 14.54 5666.8 22787.8
1683706764 269.59 15.12 4865.94 21957.3
1683706774 304.73 16.04 5573.99 19527.5
1683706784 308.97 16.72 5605.12 23286.4
1683706794 302.14 17.5 5553.7 20279.4
1683706804 269.1 18.46 5004.14 18455.7
1683706814 301.77 19.21 5725.71 22800
1683706824 307.67 20.12 5494.09 22746.1
1683706834 301.57 20.43 5556.3 19323.6
1683706844 297.63 21.21 5635.93 18544.9
1683706854 307.78 22.34 5574.38 23147.6
1683706864 304.63 22.78 5637.43 20574.6
1683706874 281.81 23.88 5195.28 20345.3
1683706884 304.03 24.44 5361.65 25396.6
1683706894 300.29 25.06 5676.69 15933.9
1683706904 304.83 25.71 5556.3 23127.6
1683706914 302.44 26.8 5629.38 23695.6
1683706924 307.49 27.79 5536.55 20403.5
1683706934 306.49 28.25 5676.69 20083.4
1683706944 282.08 28.97 5027.16 24044.5
1683706954 298.73 29.62 5710.19 16915.3
1683706964 301.38 30.2 5469.94 21621.6
1683706974 293.92 31.05 5326.4 20252.4
1683706984 303.83 32.13 5622.35 20567.4
1683706994 302.74 32.64 5561.25 20752.2
1683707004 312.2 33.75 5556.7 28162.6
1683707014 270.45 33.78 4986.44 13643.8
1683707024 302.36 34.56 5552.5 19856.3
1683707034 307.17 35.74 5557.95 22739.5
1683707044 298.62 36.28 5478.94 20242.9
1683707054 303.13 37.54 5612.89 22764.4
1683707064 306.64 38.05 5512.89 21043.4
1683707074 273.7 38.13 4894.24 20505.2
1683707084 302.35 38.46 5641.92 18609.2
1683707094 300.78 38.5 5582.44 23079
1683707104 305 38.75 5552.5 19362.1
1683707114 285.6 38.49 5203.13 22119.1
1683707124 306.17 38.51 5654.45 20616.3
1683707134 285.7 38.95 5015.47 22502.2
1683707144 304.02 38.67 5611.74 18975
1683707154 299.9 38.94 5587.2 22431.8
1683707164 309.97 38.81 5418.18 23411.9
1683707174 296.98 39.08 5490.55 16753.3
1683707184 298.34 39.09 5425.39 21600.8
1683707194 295.5 38.84 5160.08 25607.4
1683707204 301.27 38.83 5757.27 18469.1
1683707214 304.89 38.81 5525.39 21525.8
1683707224 308.53 39.1 5609.8 18975.7
1683707234 306.92 38.78 5614.43 23802.7
1683707244 287.01 39.1 5205.47 20082.9
1683707254 304.68 38.82 5447.32 26620.1
1683707264 298.44 38.83 5550.78 15419.5
1683707274 303.81 39.05 5562.5 19610.5
1683707284 305.86 38.75 5542.91 24827
1683707294 304.5 39.02 5616.45 20798.8
1683707304 297.75 38.86 5430.3 18654.1
1683707314 308.22 38.91 5535.81 22611.3
1683707324 309.71 39.2 5559.61 22500
1683707334 304.01 38.94 5628.99 18700.5
1683707344 306.55 39.19 5417.79 26739
1683707354 303.81 38.94 5688.89 16399.2
1683707364 308.39 38.87 5507.12 23113
1683707374 303.03 39.2 5448.14 24932.3
1683707384 305.96 38.94 5492.86 20229.9
1683707394 302.83 39.16 5557.07 19056.8
1683707404 305.48 38.89 5491.09 22896.8
1683707414 301.46 38.92 5542.91 21842.4
1683707424 302.55 39.2 5641.53 18644.9
1683707434 292.19 38.94 5966.8 19676.2
1683707444 308.99 39.22 5475 24126.2
1683707454 306.55 38.95 5542.91 19204.3
1683707464 309.21 39.14 5654.06 22481.5
1683707474 306.33 38.94 5496.4 23259.6
1683707484 301.17 39.18 5530.4 17956.2
1683707494 305.79 38.95 5609.41 21728.2
1683707504 287.08 39.22 5114.99 22973.2
1683707514 300.59 38.9 5578.84 18360.4
1683707525 309.82 38.99 5420.6 23632
1683707534 286.81 39.25 5217.6 19858.5
1683707544 300.29 38.98 5578.84 22313.4
1683707554 306.06 38.95 5455.33 21801.4
1683707564 271.83 39.22 4840.55 20676
1683707574 301.08 39.27 5669.46 17064.6
1683707584 309.41 38.97 5609.41 22299.2
1683707594 308.42 39.27 5516.16 22089.7
1683707604 285.41 38.99 5277.96 21543.2
1683707614 309.29 39.26 5560.86 20770.6
1683707625 306.55 39 5355.23 26113.4
1683707634 294.13 38.99 5372.99 16942.5
1683707644 305.29 39.28 5610.96 22328
1683707655 306.24 39 5496.25 18375
1683707665 305.75 39.26 5403.89 24066.9
1683707675 289.32 38.97 5390.79 16470.1
1683707685 309.54 38.99 5471.47 26135.5
1683707695 299.32 39.25 5311.56 19459.7
1683707705 305.86 39.01 5450 22326.2
1683707715 301.66 39.01 5578.21 19193.4
1683707725 306.65 39.27 5450 21539.1
1683707735 308.49 39.29 5464.33 23648.3
1683707745 270.63 39 5057.56 18099.1
1683707755 305.66 38.99 5362.5 23040.6
1683707765 302.94 39.25 5648.53 18575.7
1683707775 304.57 39.27 5467.96 20102.1
1683707785 309.86 39.1 5437.5 24657.8
1683707795 302.44 39.1 5638.99 18199.6
1683707805 289.34 39.36 5155.03 22075.5
1683707815 309.19 39.1 5516.71 24019.2
1683707825 302.25 39.1 5585.91 19259.5
1683707835 305.19 39.37 5435.62 21906.8
1683707845 304.61 39.1 5708.45 18356
1683707855 310.63 39.37 5414.42 26846.4
1683707865 295.41 39.09 5650 15423.8
1683707875 300.3 39.34 5200 25612.9
1683707885 302.94 39.4 5679.14 16065
1683707895 309.19 39.14 5442.82 25114
1683707905 291.89 39.41 5380.25 16967
1683707915 305.07 39.13 5464.33 20924.4
1683707925 308.32 39.13 5473.19 24704.9
1683707935 270.34 39.42 4803.12 20422.6
1683707945 302.26 39.15 5640.04 16522.1
1683707955 304.26 39.41 5545.84 21901.7
1683707965 306.65 39.13 5480.35 24195.5
1683707975 293.32 39.14 5191.87 22151
1683707985 300.68 39.37 5452.08 18177
1683707995 308.13 39.51 5420.18 23973.8
1683708005 279.39 39.22 4979.3 19480.1
1683708015 309.09 39.52 5580.45 21637.9
1683708025 303.01 39.51 5578.21 17324.1
1683708035 309.37 39.23 5500 24277.3
1683708045 278.52 39.51 5162.5 17370.3
1683708055 307.24 39.25 5485.71 23281.4
1683708065 32.09 38.88 791406 9556.55

Execution duration: 00:24:32.32
