1683650282 307.27 1.76 1645.42 4988.84
1683650292 311.82 2.26 1432.21 10171
1683650302 309.63 2.68 1449.21 8444.05
1683650312 312.91 3.06 1449.06 10331.3
1683650322 311.38 3.46 1412.67 16003.2
1683650332 307.22 3.54 1468.64 5910.19
1683650342 313.1 3.94 1448.02 10522.6
1683650352 310.89 4.29 1444.75 9417.43
1683650362 311.51 4.72 1422.62 9720.63
1683650372 204.55 5.14 15389.5 11241.1
1683650382 309.91 5.47 1397.03 13529
1683650392 312.99 5.4 1473.81 6246.03
1683650402 311.33 5.59 1437.64 8381.08
1683650412 310.7 6.3 1419.81 9837.62
1683650422 311.97 6.76 1419.41 11721.6
1683650432 311.23 7.12 1438.03 8922.17
1683650442 314.87 7.59 1420.81 11718.9
1683650452 310.86 7.67 1442.69 10753.8
1683650462 312.47 7.92 1444.75 8464.16
1683650472 223.07 8.31 15059 10992.1
1683650482 308.6 8.58 1418 7772.11
1683650492 314.16 9.07 1419.41 11211.5
1683650502 310.79 9.34 1419.81 9090.69
1683650512 315.53 9.58 1393.47 13916.1
1683650522 309.69 9.59 1418.4 7503.07
1683650532 314.34 10.17 1418 11452.4
1683650542 311.16 10.53 1440.86 9521.82
1683650552 311.24 10.53 1413.81 9248.92
1683650562 311.45 11.25 1440.47 9619.74
1683650572 312.86 11.17 1393.47 12860.5
1683650582 250.94 11.63 16473 7339.78
1683650592 312.46 12.05 1417 11019
1683650602 310.08 12.22 1441.9 9270.36
1683650612 310.65 12.86 1414.2 9605.52
1683650622 312.36 13.15 1441.9 8342.29
1683650632 315.09 13.46 1389.35 14284.4
1683650642 311.22 13.57 1461.42 5979.53
1683650652 312.43 14 1415.2 11197.6
1683650662 312.8 14.37 1436.22 7963.78
1683650672 312.91 14.79 1438.03 10744
1683650682 310.74 14.84 1412.41 9408.08
1683650692 278.03 15.32 16576.5 14874.9
1683650702 309.74 15.36 1411.41 7936.61
1683650712 311.94 15.64 1439.05 10127.4
1683650722 314.42 16.27 1440.86 8470.29
1683650732 310.84 16.64 1413.81 9375.94
1683650742 311.33 17.2 1412.8 11017.9
1683650752 315 17.34 1388.95 13101.4
1683650762 312.32 17.6 1438.03 6530.05
1683650772 311.83 17.77 1439.05 9227.22
1683650782 314.21 17.96 1413.81 11218.5
1683650793 311.78 18.49 1407.26 7879.88
1683650802 234.49 18.97 16632.9 11411.6
1683650813 314.63 19.29 1382.54 14025.1
1683650822 308.67 19.09 1437.64 6160.79
1683650833 311.37 19.58 1432.38 8278.7
1683650843 314.19 20 1412.41 10603.7
1683650853 311.59 20.52 1433.79 9344.99
1683650863 313.49 20.85 1436.22 12009.8
1683650873 314.66 21.34 1387.01 13978.4
1683650883 313.39 21.5 1486.61 6294.09
1683650893 310.62 21.79 1436.22 9363.78
1683650903 308.74 21.9 1433.4 10693.9
1683650913 165.39 22.54 16403.5 7383.28
1683650923 311.49 23.02 1408.64 10608.2
1683650933 314.41 23.26 1356.07 15494.9
1683650943 310.11 23.09 1432.38 5667.52
1683650953 311 23.63 1406.87 9024.53
1683650963 309.43 23.9 1408.64 9540.67
1683650973 313.79 24.14 1385.83 10889
1683650983 311.39 24.72 1433.4 9818.07
1683650993 314.8 25.34 1380.78 13570.6
1683651003 309.37 25.42 1425.39 7483.98
1683651013 308.9 25.42 1428.18 8802.35
1683651023 113.88 26.28 15777.5 10830.7
1683651033 312.68 26.46 1408.64 9025.15
1683651043 311.57 26.72 1406.87 10528
1683651053 311.85 27.22 1404.11 7935.75
1683651063 312.87 27.3 1383.49 13062.9
1683651073 312.44 27.57 1454.26 7831.54
1683651083 309.69 27.88 1403.13 10195.7
1683651093 315.5 28.37 1405.49 10496.9
1683651103 311.18 28.68 1430.98 9325.88
1683651113 308.59 29.11 1400 10505.5
1683651123 99.23 29.31 14019.2 11520.5
1683651133 308.61 29.35 1402.74 6984.34
1683651143 310.67 29.5 1404.5 9844.47
1683651153 313.04 30.18 1405.88 10618.8
1683651163 312.95 30.63 1405.49 8855.69
1683651173 310.38 30.93 1404.5 10092.9
1683651183 315 30.99 1380.78 12086.7
1683651193 309.32 31.37 1406.87 7084.2
1683651203 314.87 31.83 1427.79 9567.51
1683651213 310.06 32.09 1400 8790.23
1683651223 311.05 32.5 1376.34 10145.9
1683651233 313.22 32.92 1379.04 11137.7
1683651243 289.56 33.21 16518.2 11948.5
1683651253 309.58 33.38 1376.34 8183.77
1683651263 309.21 33.4 1404.5 7651.32
1683651273 310.84 34.08 1375 9183.2
1683651283 310.76 34.48 1376.73 10358.5
1683651293 312.72 34.79 1377.69 12009
1683651303 311.72 35.23 1375.39 11759.8
1683651313 309.17 35.6 1398.63 8335.61
1683651323 309.67 35.74 1400 7683.2
1683651333 308.29 35.85 1399.02 9116.88
1683651343 308.3 36.48 1375 9593.36
1683651353 289.62 36.9 16318.4 11078.8
1683651363 315.82 37.04 1375.39 13997.7
1683651373 308.08 37.46 1422.61 7256.53
1683651383 309.58 37.73 1426.39 8318.28
1683651393 312.59 37.99 1399.02 10268.1
1683651403 311.51 37.99 1397.27 10909.9
1683651413 310.88 38.09 1379.79 7959.19
1683651423 314.15 38.09 1349.85 14551.8
1683651433 310.46 38.08 1451.42 6774.19
1683651443 311.96 37.91 1368.71 11184.8
1683651453 310.03 37.92 1420.84 8385.2
1683651463 267.64 38.2 16401.6 11962.5
1683651473 306.83 38.2 1425 6667.19
1683651483 318.66 38.21 1400.39 14893.4
1683651493 310.15 38.21 1386.85 7645.26
1683651503 310.66 38.21 1426.39 8284.65
1683651513 313.08 38.21 1375.39 11402.3
1683651523 309.27 38.21 1423.61 8552.98
1683651533 316.82 38.21 1426.78 9826
1683651543 311.09 38.21 1394.55 10979.8
1683651553 313.67 38.21 1400.39 11639.5
1683651563 310.73 37.93 1425 9034.77
1683651573 170.78 38.2 16292.5 10473.5
1683651583 311.05 38.21 1426.39 8486.41
1683651593 309.85 38.21 1398.63 9671.02
1683651603 313.58 37.93 1401.76 10941.1
1683651613 309.22 38.24 1342.53 10492.4
1683651623 307.68 38.23 1417.09 7288.54
1683651633 311.52 37.95 1400 10431.2
1683651643 308.6 38.4 1425.39 10087.1
1683651653 313.15 38.4 1397.27 9038.99
1683651663 312.45 38.4 1394.94 10264.6
1683651673 313.85 38.12 1376.17 12784
1683651683 193.77 38.4 15647.9 8029.21
1683651693 311.24 38.4 1401.76 9005.67
1683651703 309.63 38.4 1394.55 11042.8
1683651713 311.99 38.4 1421.23 9208.96
1683651723 309.18 38.4 1426.39 8340.57
1683651733 312.21 38.41 1350.78 14197.3
1683651743 307.91 38.12 1423.61 6280.2
1683651753 312.42 38.42 1401.37 11242.2
1683651763 311.91 38.43 1425.39 9415.23
1683651773 310.61 38.42 1395.91 9608.18
1683651783 309.35 38.15 1422.61 8282.26
1683651793 179.49 38.43 15857.4 15292.6
1683651803 308.6 38.43 1424 6520.98
1683651813 311.34 38.15 1401.37 10132.2
1683651823 313.68 38.43 1400.39 10025.8
1683651833 312.67 38.42 1386.46 10034.8
1683651843 309.68 38.43 1426.78 8270.58
1683651853 315.42 38.43 1349.07 15178.5
1683651863 309.46 38.43 1423.61 7333.07
1683651873 308.97 38.43 1397.66 6180.51
1683651883 315.29 38.43 1370.98 13823.6
1683651893 309.66 38.43 1437.27 7047.41
1683651903 303.51 38.43 15657.7 11678
1683651913 313.9 38.43 1349.04 13501.9
1683651923 310.16 38.15 1400 8450.39
1683651933 309.24 38.43 1416.7 7667.96
1683651943 311.3 38.43 1422.61 9286.55
1683651953 306.62 38.44 1395.91 9347.22
1683651963 308.89 38.44 1426.78 9659.82
1683651973 316.15 38.44 1369.65 13488.7
1683651983 310.25 38.44 1410.25 9092.17
1683651993 312.3 38.44 1425 8939.06
1683652003 245.76 38.44 15077.1 8156.49
1683652013 309.33 38.44 1379.79 9446.78
1683652023 310.45 38.36 1400 10530.1
1683652033 313.16 38.65 1371.37 11952.5
1683652043 311.64 38.64 1376.73 10217
1683652053 311.12 38.64 1397.66 8589.86
1683652063 310.41 38.65 1408.49 9305.41
1683652073 313.09 38.65 1425.39 9305.86
1683652083 314.34 38.65 1373.66 11657.8
1683652093 308.63 38.65 1390.88 9263.24
1683652103 179.62 38.65 14652.5 11036.5
1683652113 308.08 38.64 1370.98 8217.72
1683652123 311.1 38.37 1396.3 9544.69
1683652133 311.62 38.65 1400 12639.1
1683652143 311.6 38.64 1422.61 8135.28
1683652153 314.29 38.64 1369.65 11598
1683652163 309.82 38.36 1368.71 10516.2
1683652173 310.15 38.64 1398.63 10577.2
1683652183 311.12 38.64 1397.66 7328.65
1683652193 311.51 38.65 1387.8 10161.5
1683652203 84.88 38.57 0 10586.9
1683652213 303.62 38.65 15642.6 8585.55
1683652223 312.45 38.65 1394.94 12869.6
1683652233 306.8 38.37 1418.47 6554.71
1683652243 310.7 38.65 1418.08 8775.9
1683652253 313.08 38.65 1398.63 10919.8
1683652263 311.32 38.37 1400 10627.3
1683652273 315.5 38.64 1422.22 10705.3
1683652283 313.16 38.65 1374.44 12495.6
1683652293 306.54 38.65 1423.61 6456.59
1683652303 313.49 38.38 1401.37 9684.07
1683652313 186.54 38.64 15150.5 8956.34
1683652323 311.9 38.65 1374.05 11051.7
1683652333 310.07 38.37 1401.37 9347.8
1683652343 312.46 38.65 1371.76 13848.9
1683652353 307.12 38.66 1398.63 5482.54
1683652363 311.51 38.64 1398.63 9659.32
1683652373 309.08 38.37 1400.39 9749.22
1683652383 309.89 38.65 1390.49 10772.5
1683652393 309.53 38.66 1368.71 12643.7
1683652403 315.03 38.65 1374.05 12172.5
1683652413 306.74 38.65 1399.02 6347.32
1683652423 261.89 38.65 15711.1 8631.58
1683652433 315.9 38.64 1399.02 11255
1683652444 310.38 38.64 1389.15 8187.98
1683652453 309.76 38.65 1375 12151.2
1683652463 311.63 38.65 1375.39 9790.62
1683652474 313.64 38.65 1362.09 10783.4
1683652483 310.72 38.65 1397.27 8722.42
1683652493 313.67 38.65 1425 10125.8
1683652503 310.06 38.65 1425 8113.67
1683652514 309.92 38.36 1394.55 10064.2
1683652524 311.98 38.36 1422.61 9651.85
1683652534 265.21 38.64 16189.1 11471.7
1683652544 310.04 38.65 1422.22 8279.92
1683652554 308.09 38.64 1395.91 9035.25
1683652564 314.26 38.64 1425 10971.5
1683652574 312.4 38.37 1398.63 9059.51
1683652584 312.07 38.65 1420.84 9543.14
1683652594 315.43 38.64 1375.39 12778.1
1683652604 309.14 38.65 1418.08 8144.61
1683652614 310.56 38.65 1426.78 9989.83
1683652624 310.54 38.65 1400 9044.92
1683652634 311.39 38.37 1422.22 9153.61
1683652644 203.41 38.65 16262.9 9832.91
1683652654 315.92 38.65 1375.39 13554.7
1683652664 305.42 38.37 1388.19 6065.83
1683652674 311.49 38.36 1346.06 12128.9
1683652684 310.95 38.65 1426.78 6864.91
1683652694 310.84 38.65 1375 11324.6
1683652704 309.48 38.64 1400.39 9567.97
1683652714 315.25 38.64 1367.38 12729.7
1683652724 309.95 38.64 1423.61 6652.49
1683652734 308.67 38.65 1370.98 9730.09
1683652744 115.4 38.65 14373.5 9698.25
1683652754 309.47 38.65 1375.39 10847.3
1683652764 310.81 38.38 1370.98 9618.7
1683652774 316.85 38.66 1313.85 13971.7
1683652784 309.73 38.66 1394.55 6627.24
1683652794 310.06 38.67 1398.63 10622
1683652804 310.04 38.66 1396.3 7765.92
1683652814 312.19 38.66 1398.63 10827.3
1683652824 311.03 38.66 1425.39 9509.38
1683652834 314.83 38.66 1374.05 14057.8
1683652844 123.31 38.66 13849 6330.54
1683652854 312.53 38.67 1368.32 11207.4
1683652864 309.94 38.39 1407.53 7544.07
1683652874 310.63 38.67 1397.27 9058.09
1683652884 310.85 38.67 1375 11278.1
1683652894 314.54 38.67 1374.05 12792.2
1683652904 309.07 38.39 1408.88 7405.02
1683652914 311.22 38.67 1448.59 7939.12
1683652924 314.06 38.65 1425 10756.6
1683652934 314.11 38.66 1421.23 8354.82
1683652944 313.07 38.67 1372.32 11388.3
1683652954 174.39 38.66 15376.8 10729.5
1683652964 308.11 38.67 1352.83 9172.08
1683652974 309.58 38.39 1426.39 8141.54
1683652984 316.5 38.67 1375.39 12953.9
1683652994 309.34 38.66 1394.22 7575.34
1683653004 312.79 38.67 1399.02 11866.1
1683653014 310.18 38.66 1376.6 7841.51
1683653024 312.05 38.67 1393.98 12025.3
1683653034 310.03 38.67 1420.84 7790.85
1683653044 310.15 38.67 1399.02 8825.76
1683653054 309.55 38.39 1397.27 10008.2
1683653064 170.77 38.66 15750.1 12487.7
1683653074 307.12 38.65 1422.4 7021.62
1683653084 315.79 38.65 1347.76 13253
1683653094 308.57 38.38 1422.61 6223
1683653104 312.28 38.66 1372.32 11788.7
1683653114 309.18 38.65 1400.39 8756.25
1683653124 310.71 38.38 1395.91 8801.95
1683653134 311.83 38.66 1401.37 10772.6
1683653144 313.18 38.66 1389.15 13813.2
1683653154 308.69 38.66 1423.61 6786.73
1683653164 312.1 38.66 1400.39 9293.36
1683653174 121 38.66 15762.1 11889.8
1683653184 309.94 38.66 1423.78 8520.47
1683653194 307.5 38.66 1396.3 9425.9
1683653204 311.78 38.38 1321.52 13857.8
1683653214 306.53 38.65 1420.84 5284.91
1683653224 311.91 38.66 1399.02 9677.66
1683653234 310.77 38.38 1391.84 10950.7
1683653244 312.4 38.66 1426.39 8614.66
1683653254 312.48 38.66 1411.61 9804.64
1683653264 314.27 38.67 1350.39 14509
1683653274 306.43 38.66 1421.23 6197.86
1683653284 119.35 38.66 15227.5 8793.04
1683653294 311.33 38.65 1375.39 10211.3
1683653304 310.25 38.38 1398.63 9560.2
1683653314 311.81 38.66 1375.39 9258.59
1683653324 312.69 38.66 1350 12853.1
1683653334 308.94 38.66 1405.2 8835.42
1683653344 311.1 38.67 1396.3 9283.74
1683653354 310.54 38.66 1423.61 11036.9
1683653364 313.86 38.66 1389.54 10867.4
1683653374 310.42 38.66 1383.78 10901.5
1683653384 308.1 38.38 1424 6700.49
1683653394 204.09 38.66 15283.4 12929.3
1683653404 309.48 38.66 1426.78 6986.51
1683653414 310.16 38.37 1400 11102.7
1683653424 312.54 38.66 1368.32 11179.4
1683653434 310.52 38.66 1422.61 8122.03
1683653444 311.07 38.65 1390.49 10227
1683653454 314.36 38.66 1375.78 12349.2
1683653464 312.8 38.66 1426.39 9344.28
1683653474 311.22 38.65 1424 7547.71
1683653484 308.06 38.66 1390.49 9395.93
1683653494 311.91 38.66 1400.39 11109.4
1683653504 196.79 38.65 15799.4 11582.8
1683653514 312.48 38.66 1373.1 12952.8
1683653524 307.6 38.67 1396.3 7858.23
1683653534 312.07 38.65 1419.46 9625.68
1683653544 311.71 38.66 1399.02 11603.5
1683653554 313.97 38.66 1400 11096.9
1683653564 308.35 38.38 1418.47 8881.63
1683653574 315.91 38.66 1382.84 13911.3
1683653584 307 38.66 1445.76 5769.04
1683653594 311.61 38.67 1397.66 10573.9
1683653604 311.52 38.67 1400 10052.7
1683653614 266.35 38.67 14855.8 2576.39
1683653624 289.56 38.6 331.31 3449.76
1683653634 69.92 38.58 96.48 1975.39

Execution duration: 00:55:54.54
