1683633463 284.26 2.72 5915.93 13718.7
1683633473 301.59 3.59 5740.08 21672.6
1683633483 301.68 4.16 5701.99 22533.7
1683633493 281.55 5.29 5295.64 20606
1683633503 303.47 6.25 5632.91 22501.1
1683633513 283.55 6.56 5292.37 21969.1
1683633523 299.81 6.84 5728.72 18255
1683633533 307.24 8.11 5645.59 23849
1683633543 307.13 8.67 5678.02 22647.9
1683633553 304.25 9.77 5659.75 21027.9
1683633563 285.55 10.63 5272.48 21061.4
1683633573 304.36 10.91 5602.37 23095.1
1683633583 299.12 11.77 5693.49 19365.7
1683633593 305.25 12.37 5685.07 22525.4
1683633603 306.33 13.53 5583.78 21372.1
1683633613 303.45 13.96 5718.73 19409.5
1683633623 306.83 15.09 5571.12 23203.6
1683633633 299.11 15.47 5358.34 25951.4
1683633643 299.21 16.43 5700.49 19774.6
1683633653 300.89 16.81 5668.24 17517.2
1683633663 302.76 17.62 5439.14 23962.1
1683633673 305.63 18.77 5749.65 20355.8
1683633683 300.89 19.49 5662.66 22301.1
1683633693 275.96 20.22 4812.61 23118.4
1683633703 296.34 20.41 5690.7 16800.4
1683633713 301.09 21.24 5581.49 21561.8
1683633723 300.49 22 5486.1 20504.4
1683633733 293.89 22.98 5466.27 19211.8
1683633743 294.75 23.76 5462.18 22359.6
1683633753 300.69 24.75 5513.86 20899.5
1683633763 273 24.87 4944.63 20546.6
1683633773 300.4 25.73 5563.03 18706.8
1683633783 303.75 26.78 5460.49 25503.5
1683633793 305.71 27.38 5548.77 21294.2
1683633803 274.07 27.94 5180.35 17736
1683633813 301.09 29.21 5669.29 21802.4
1683633823 305.2 29.31 5529.09 21746.9
1683633833 308.84 30.57 5532.42 23739.1
1683633843 303.05 30.88 5588.2 19594.1
1683633853 303.54 31.7 5676.3 20076.7
1683633863 304.52 32.83 5607.86 21897.8
1683633873 280.66 33.4 5187.83 18686.6
1683633883 304.39 34.24 5357.66 25343.6
1683633893 298.73 34.35 5560.86 16991
1683633903 304.81 35.61 5509.02 21618
1683633913 300.78 36.13 5580.45 20375
1683633923 304.03 37.01 5489.3 22787.8
1683633933 300.99 38.23 5356.39 22705.3
1683633943 265.03 38.37 4702.94 22604.3
1683633953 299.61 38.24 5691.67 15308.1
1683633963 307.05 38.6 5566.31 22690.7
1683633974 309.59 38.82 5460.67 24864.6
1683633984 297.26 38.83 5600 16353.1
1683633994 306.34 38.82 5487.5 23509.8
1683634004 310.75 39.1 5617.99 23447.9
1683634014 272.63 38.79 4902.52 19421.3
1683634024 304.8 39.1 5673.58 17694.7
1683634034 304.39 38.79 5519.61 21194.5
1683634044 300.79 38.75 5442.82 22575.6
1683634054 296.41 39.09 5266.93 23101.2
1683634064 307.83 38.83 5573.39 23951.9
1683634074 292.5 39.06 5377 19497.1
1683634084 308.83 39.03 5596.86 21692.9
1683634094 301.37 38.81 5548.34 21519.4
1683634104 307.81 38.84 5687.5 23395.3
1683634114 302.33 39.08 5544.19 18125.6
1683634124 279.92 38.86 5265.43 19754.3
1683634134 313.4 39.16 5368.52 26473.9
1683634144 299.02 38.89 5679.14 16045.5
1683634154 304.88 38.88 5617.99 21768.9
1683634164 302.15 39.16 5483.93 23113.1
1683634174 299.02 38.87 5525 20197.3
1683634184 304.61 39.14 5541.23 19636.4
1683634194 305.37 39.13 5368.13 25562.5
1683634204 304.86 38.88 5647.42 18370.8
1683634214 307.04 38.83 5500 22923
1683634224 304.07 38.88 5617.09 21434.2
1683634234 307.82 39.16 5455.33 24168.1
1683634244 302.44 39.03 5641.53 21093
1683634254 294.92 39.3 5230.11 23810.8
1683634264 299.6 39.33 5621.03 14866.6
1683634274 308.72 39.33 5560.86 23315.8
1683634284 305.28 39.29 5617.99 20815.2
1683634294 300.58 39.05 5500 21369.1
1683634304 304.79 39.03 5641.53 21560
1683634314 294.82 39.31 5075 27189.8
1683634324 278.54 39.03 5316.54 14764.6
1683634334 305.85 39.29 5569.56 21049.8
1683634344 306.07 38.98 5553.77 23124.8
1683634354 304.8 39.04 5591.38 19050.3
1683634364 302.84 39.32 5498.24 21407.4
1683634374 305.58 39.31 5560.86 23007.8
1683634384 288.43 39.04 5132.94 20664.7
1683634394 303.62 39.05 5628.99 21050.7
1683634404 305.3 39.32 5647.06 19328.2
1683634414 300.59 39.07 5561.98 21702.8
1683634424 300.39 39.03 5453.48 19802.9
1683634434 308.51 39.4 5560.86 22542.1
1683634444 309.27 39.42 5495.02 23816.2
1683634454 301.37 39.43 5510.76 22484.5
1683634464 300.29 39.13 5637.5 16222.3
1683634474 306.97 39.15 5609.41 23972.9
1683634484 307.81 39.4 5462.5 24072.3
1683634494 271.84 39.41 5077.58 16403.1
1683634504 301.47 39.41 5126.17 24862.9
1683634514 303.91 39.15 5485.71 17402.3
1683634524 305.87 39.38 5423.09 21582.8
1683634534 306.34 39.42 5519.61 20704.8
1683634544 304.4 39.39 5549.91 22899.8
1683634554 302.83 39.43 5457.95 20621.3
1683634564 310.35 39.15 5333.46 24943.6
1683634574 301.07 39.34 5621.03 16367.7
1683634584 307.81 39.1 5500 22748
1683634594 304.49 39.41 5462.5 20103.1
1683634604 309.14 39.13 5448.4 23561.1
1683634614 302.26 39.12 5616.45 17451.5
1683634624 313.6 39.45 5448.14 27485.7
1683634634 276.24 39.15 4935.93 19110.4
1683634644 306.17 39.46 5628.99 20457.6
1683634654 300.29 39.46 5668.04 20782
1683634664 308.83 39.17 5571.76 21346.3
1683634674 280.24 39.46 5210.18 17387.9
1683634684 306.88 39.13 5482.17 22630.2
1683634694 292.76 39.14 5172.99 22403.1
1683634704 303.33 39.44 5529.09 18096
1683634714 307.68 39.17 5598.06 21095.8
1683634724 307.92 39.48 5493.25 23558.2
1683634734 263.7 39.23 4809.78 17764
1683634744 305.91 39.23 5480.7 23329.5
1683634754 289.82 39.51 5146.33 21412
1683634764 302.15 39.51 5641.92 18795.3
1683634774 307.98 39.2 5583.64 20665.2
1683634784 306.17 39.22 5561.25 23985.9
1683634794 303.4 39.49 5500.29 22275.1
1683634804 280.55 39.22 5105.38 18489.9
1683634814 309.77 39.25 5530.79 24188.1
1683634824 304.32 39.51 5584.7 19805.5
1683634834 306.33 39.2 5509.25 19678.7
1683634844 306.94 39.51 5587.89 20732.8
1683634854 306.54 39.5 5495.02 23045.1
1683634864 304.98 39.23 5393.16 20871.9
1683634874 305.09 39.18 5369.64 24948.5
1683634884 270.07 39.51 4886.75 16726.6
1683634894 303.92 39.23 5541.23 18028.2
1683634904 308.71 39.51 5611.35 24284.1
1683634914 299.71 39.32 6154.84 18515.3
1683634924 119.1 38.89 792168 16097.9

Execution duration: 00:24:29.29
