1683640118 306.97 1.76 1746.62 5006.37
1683640128 310.42 2.25 1423.01 10193.6
1683640138 310.71 2.62 1448.81 9374.6
1683640148 310.84 3.09 1450.5 8796.02
1683640158 314.8 3.37 1443.89 14681.2
1683640168 308.11 3.48 1441.9 7303.56
1683640178 310.82 3.84 1476.47 9261.17
1683640188 312.98 4.35 1420.81 11472.8
1683640198 308.23 4.38 1448.02 8115.08
1683640208 213.98 5.09 15492.2 9800.2
1683640218 314.08 5.39 1397.62 14786.1
1683640228 309.02 5.31 1446.58 5984.54
1683640238 312.38 5.77 1444.75 8817.43
1683640248 313.46 6.17 1418.4 14180.4
1683640258 310.59 6.74 1453.07 8967.13
1683640268 310.41 7 1447.62 8094.84
1683640278 315.02 7.28 1394.86 14945.9
1683640288 309.69 7.02 1469.04 5798.62
1683640298 311.67 7.4 1392.68 11634.4
1683640308 224.6 7.86 15075.5 6087.36
1683640318 312.46 8.33 1416.6 11670.8
1683640328 312.52 8.77 1387.19 11502.3
1683640338 311.09 8.99 1369.11 14111.7
1683640348 309.59 8.81 1441.9 5731.62
1683640358 312.87 9.31 1444.75 8295.45
1683640368 312.73 9.82 1440.47 10397.6
1683640378 310.88 10.14 1443.32 10941.2
1683640388 312.11 10.39 1412.41 11469.6
1683640398 310.95 10.67 1460.35 9999.21
1683640408 310.29 11.03 1444.51 10885.1
1683640418 259.74 11.32 16517.9 8927.4
1683640428 311.86 11.67 1441.9 8846.25
1683640438 313.99 11.77 1437.64 10400.4
1683640448 311.37 12.39 1416.6 7724.9
1683640458 312.42 12.85 1412.41 11665
1683640468 315.6 13.13 1415.99 12408.3
1683640478 311.06 13.41 1440.47 9556.17
1683640488 311.74 13.74 1440.86 8262.19
1683640498 311.87 14.1 1406.87 10732.5
1683640508 312.75 14.19 1417 7136.76
1683640518 314.07 14.98 1409.64 13487.9
1683640528 278.74 15.26 16585.4 12391.7
1683640538 310.24 15.42 1439.44 6776.33
1683640548 313.34 15.47 1441.9 9889.33
1683640558 312.04 16.09 1440.86 7902.07
1683640568 312.43 16.47 1388.56 11078.1
1683640578 311.13 16.56 1387.58 8200.99
1683640588 314.56 17.22 1360.08 14898.3
1683640598 310.95 17.23 1438.03 5854.98
1683640608 312.91 17.72 1437.64 11442
1683640619 311.45 17.73 1429.58 7910.68
1683640628 310.55 18.48 1412.41 10568.3
1683640639 237.87 18.79 16592.7 9035.13
1683640648 314.38 19.23 1387.98 15172.8
1683640659 307.47 19 1434.81 6601.38
1683640669 311.21 19.68 1435.2 9341.2
1683640679 310.77 20.05 1404.11 9863.66
1683640688 310.35 20.37 1439.05 9411.44
1683640699 312.86 20.97 1406.87 11467.3
1683640709 314.36 21.15 1435.99 12022.4
1683640719 309.22 20.94 1431.99 5804.51
1683640729 313.36 21.65 1433.4 11317.5
1683640739 310.73 21.95 1409.64 7726.25
1683640749 161.09 22.37 16337.1 11225.9
1683640759 309.66 22.95 1387.58 10962.4
1683640769 311.49 23.13 1407.26 12836.9
1683640779 310.84 23.32 1437.64 7683.15
1683640789 305.6 23.49 1433.4 7823.97
1683640799 311.82 23.99 1411.41 11723.2
1683640809 311.38 24.46 1431.99 10214.3
1683640819 310.99 24.57 1433.4 8884.48
1683640829 314.42 25.18 1408.05 13845
1683640839 307.18 25.18 1434.81 5408.85
1683640849 310.12 25.67 1408.64 10326.9
1683640859 128.13 25.89 15887.9 8658.4
1683640869 311.94 26.3 1402.74 10378.9
1683640879 311.9 26.48 1409.64 11052.9
1683640889 313.37 27.04 1360.47 13972.1
1683640899 310.88 27.14 1430.59 6181.18
1683640909 307.65 27.43 1431.99 7419.43
1683640919 311.33 27.85 1438.03 10581.7
1683640929 314.13 28.02 1431.99 10584.9
1683640939 309.75 28.62 1424 9626.54
1683640949 313.4 29 1402.74 10799.6
1683640959 119.27 29.16 14072.8 11443.2
1683640969 308.23 29.35 1405.49 8779.22
1683640979 312.69 29.46 1400.39 9069.53
1683640989 310.27 30.14 1404.11 10018.8
1683640999 312.14 30.47 1429.19 8215.48
1683641009 308.73 30.87 1405.88 9807.45
1683641019 312.53 30.98 1404.5 13078.5
1683641029 309.11 31.27 1428.18 8134.64
1683641039 308.64 31.71 1405.49 10432.2
1683641049 308.04 32.02 1405.88 8634.51
1683641059 310.56 32.11 1401.37 10491.5
1683641069 114.99 32.82 15529.5 10495.2
1683641079 311.75 33.04 1403.13 11930.3
1683641089 308.71 32.84 1403.13 6295.5
1683641099 310.6 33.52 1406.87 10153.9
1683641109 313.11 33.78 1376.34 11441.6
1683641119 306.63 34.31 1397.66 8520.47
1683641129 309.99 34.77 1405.49 10999.2
1683641139 312.76 35.01 1396.69 12586.6
1683641149 305.75 35.12 1425 7109.77
1683641159 309.77 35.44 1350.39 9996.88
1683641169 313.24 35.91 1431.99 10978.6
1683641179 143.26 36.31 15379.3 9530.86
1683641189 309.69 36.6 1404.11 8597.85
1683641199 313.94 36.62 1373.49 14393.8
1683641209 306.93 36.94 1400 6676.95
1683641219 310.67 37.48 1402.74 10258.3
1683641229 311.74 37.93 1403.13 10470.8
1683641239 304.78 37.94 1420.84 7751.9
1683641249 312 38.07 1399.02 11776
1683641259 314.9 38.08 1371.37 14201
1683641269 309.18 38.07 1424 7573.85
1683641279 306.88 38.08 1413.95 8047.29
1683641289 120.88 38.08 15520 7778.73
1683641299 311.71 38.4 1398.63 12999.8
1683641309 308.52 38.4 1413.95 8230.23
1683641319 316.24 38.4 1345.53 14591.8
1683641329 309.31 38.4 1429.19 7323.41
1683641339 310.02 38.4 1421.23 8234.47
1683641349 310.54 38.4 1425 9840.62
1683641359 311.33 38.12 1425.39 9659.77
1683641369 309.36 38.4 1397.27 9703.7
1683641379 316.41 38.12 1400.39 15027.7
1683641389 308.02 38.12 1451.81 5784.16
1683641399 312.73 38.4 1402.74 9909.2
1683641409 259.78 38.4 16826.9 9233.2
1683641419 309.75 38.39 1420.84 8491.92
1683641429 310.15 38.12 1400.39 10761.3
1683641439 311.84 38.41 1376.34 11824.8
1683641449 310.58 38.4 1354.62 9261.15
1683641459 309.67 38.41 1425.39 7617.19
1683641469 313.39 38.41 1426.39 10263.9
1683641479 312.2 38.41 1425.39 10703.1
1683641489 311.23 38.41 1425 9122.27
1683641499 313.96 38.24 1375.39 10825.8
1683641509 313.07 38.52 1398.63 11560.6
1683641519 282.78 38.53 16301 7375.73
1683641529 311.24 38.53 1375 12500
1683641539 308.99 38.25 1401.37 6884.85
1683641549 311.53 38.53 1400 10832
1683641559 310.17 38.53 1426.39 8883.68
1683641569 315.87 38.53 1396.69 12758.7
1683641579 311.57 38.53 1394.55 10403.9
1683641589 311.64 38.53 1451.81 9770.48
1683641599 312.47 38.52 1420.84 8318.99
1683641609 312.06 38.25 1394.94 9312.06
1683641619 315.04 38.53 1425 10560.9
1683641629 268.2 38.54 16440.3 12395.3
1683641639 312.86 38.52 1422.61 6470.57
1683641649 308.14 38.53 1413.95 9282.95
1683641659 311.5 38.53 1397.66 12448.3
1683641669 310.31 38.53 1395.91 8526.97
1683641679 310.05 38.53 1400.39 9826.17
1683641689 314.36 38.52 1375.39 14491
1683641699 307.81 38.53 1425.39 6290.23
1683641709 311.38 38.26 1369.65 10933.9
1683641719 308.46 38.54 1371.37 9363.58
1683641729 158.06 38.53 14827.8 8119.26
1683641739 311.12 38.54 1372.32 9511.11
1683641749 314.97 38.54 1352.1 14619.8
1683641759 307.05 38.54 1401.37 5986.31
1683641769 311.01 38.53 1395.91 9029.02
1683641779 311.99 38.54 1398.63 11652.3
1683641789 312.09 38.54 1424 7972.68
1683641799 312.11 38.54 1400 11423
1683641809 315.87 38.54 1354.36 15327.3
1683641819 309.45 38.54 1395.91 6169.81
1683641829 99.22 38.54 14166.8 10947.3
1683641839 310.35 38.54 1425.39 9510.55
1683641849 310.67 38.54 1402.74 7812.13
1683641859 309.28 38.54 1400.39 9635.94
1683641869 313.74 38.54 1322.42 15231.6
1683641879 309.76 38.54 1425.39 6392.58
1683641889 309.66 38.54 1400 8594.92
1683641899 310.6 38.54 1418.08 9648.59
1683641909 310.82 38.55 1397.66 12032.4
1683641919 312.7 38.54 1400 9783.59
1683641929 313.11 38.25 1401.76 11400.2
1683641939 273.15 38.53 15104.9 10574.3
1683641949 310.46 38.54 1425.39 8191.02
1683641959 311.69 38.27 1395.91 8918.79
1683641969 312.21 38.54 1400.39 10442.2
1683641979 310.72 38.53 1372.32 10539.2
1683641989 309.23 38.54 1391.84 9698.25
1683641999 314.05 38.54 1399.41 10969.8
1683642009 309.64 38.54 1422.22 8712.67
1683642019 311.52 38.53 1400.39 9878.52
1683642029 311.98 38.55 1420.84 12152.7
1683642039 194.17 38.54 14898.9 10752.5
1683642049 312.36 38.54 1394.55 11764.6
1683642059 310.42 38.26 1396.11 9895.72
1683642069 309.95 38.54 1398.63 7169.95
1683642079 310.74 38.26 1401.37 10324.9
1683642089 308.68 38.54 1399.02 11370.9
1683642099 308.88 38.54 1398.63 7836.1
1683642109 310.29 38.55 1427.19 11912.6
1683642119 315.02 38.54 1355.53 12239.9
1683642129 307.52 38.26 1424 6192.39
1683642139 308.39 38.54 1398.63 11696.8
1683642149 289.16 38.54 15815.6 7178.51
1683642159 311.8 38.26 1373.66 12810.9
1683642169 309.42 38.54 1416.7 6008.54
1683642179 312.98 38.54 1349.46 14513.2
1683642189 304.96 38.54 1393.2 7150.24
1683642199 316.05 38.54 1394.94 12031.5
1683642209 304.86 38.54 1442.95 6214.97
1683642219 308.78 38.54 1374.05 10038.6
1683642229 312.89 38.26 1400 11979.7
1683642239 314.25 38.54 1399.41 12217
1683642249 140.54 38.54 15016.8 5871.09
1683642259 309.66 38.54 1423.61 9476.68
1683642269 311.82 38.54 1400.39 12364.8
1683642279 310.75 38.54 1426.39 8235
1683642289 312.66 38.26 1396.3 11469.5
1683642299 312.78 38.54 1372.32 12577.8
1683642309 306.83 38.54 1450.39 5400.78
1683642319 310.04 38.26 1373.66 11539.9
1683642329 310.71 38.54 1421.23 10309.6
1683642339 307.21 38.26 1420.84 8362.22
1683642349 311.7 38.54 1398.63 11915.7
1683642359 169.66 38.54 15580.9 12376.6
1683642369 307.21 38.53 1419.46 5677.43
1683642379 310.64 38.54 1399.02 11160.6
1683642389 308.59 38.54 1425 5987.5
1683642399 310.44 38.54 1399.02 11141.1
1683642409 312.75 38.54 1395.91 10136.3
1683642419 313.58 38.54 1400.39 11047.3
1683642430 311.28 38.54 1381.51 10579.6
1683642439 312.97 38.55 1422.22 11229.6
1683642450 307.05 38.36 1407.53 7921.7
1683642459 312.41 38.64 1425 9450.78
1683642469 104.11 38.63 15710.5 9992.19
1683642479 311.22 38.63 1348.68 12122.5
1683642489 311.21 38.36 1399.8 8782.05
1683642500 308.76 38.63 1397.27 8601.17
1683642510 311.69 38.63 1396.3 9295.03
1683642519 312.22 38.63 1376.34 11306.4
1683642530 309.85 38.64 1373.66 10861.7
1683642540 312.03 38.35 1428.18 7920.94
1683642550 312.78 38.64 1349.46 13473.2
1683642560 308.99 38.36 1426.39 7364.22
1683642570 313.97 38.64 1375 11666.4
1683642580 233.73 38.64 15191.8 7272.34
1683642590 312.08 38.64 1370.98 11965
1683642600 311.5 38.36 1397.66 8932.94
1683642610 312.06 38.64 1344.75 12061.9
1683642620 309.97 38.36 1401.37 7181.23
1683642630 309.03 38.64 1366.05 10199.4
1683642640 312.41 38.64 1426.39 8936.07
1683642650 313.04 38.64 1394.94 12028
1683642660 310.15 38.35 1423.61 8879.22
1683642670 313.45 38.36 1347.76 12429.2
1683642680 253.6 38.64 14633.5 7899.42
1683642690 313.1 38.36 1376.34 11142.5
1683642700 307.42 38.64 1400 6101.56
1683642710 310.36 38.64 1376.34 10647.1
1683642720 308.29 38.36 1373.66 9615.61
1683642730 311.31 38.64 1362.47 13929.6
1683642740 307.52 38.64 1425.39 6840.23
1683642750 309.48 38.64 1426.39 8462.17
1683642760 311.22 38.65 1424 11244.1
1683642770 310.14 38.36 1397.27 9876.02
1683642780 310.04 38.64 1394.15 8828.46
1683642790 299.81 38.64 16171.5 13604.7
1683642800 309.07 38.36 1423.61 6422.24
1683642810 311.7 38.64 1422.61 9689.67
1683642820 309.43 38.64 1369.65 9793.77
1683642830 309.25 38.64 1435.48 7683.04
1683642840 314.95 38.36 1400 10808.2
1683642850 316.09 38.64 1373.1 15340.4
1683642860 308.15 38.64 1415.71 6145.88
1683642870 311.48 38.64 1420.84 9138.85
1683642880 310.3 38.65 1418.08 8592.03
1683642890 312.4 38.63 1336.2 11210.9
1683642900 303.21 38.64 16619.3 9608.19
1683642910 309.47 38.36 1398.63 8686.83
1683642920 313.56 38.65 1374.83 11895.4
1683642930 310.2 38.64 1391.84 9047.77
1683642940 310.15 38.64 1397.66 8682.65
1683642950 314.87 38.64 1393.2 12539.5
1683642960 307.96 38.64 1399.42 7071.91
1683642970 309.27 38.64 1397.27 11280.3
1683642980 310.56 38.36 1352.1 12695.6
1683642990 308.49 38.35 1448.98 6845.66
1683643000 311.9 38.64 1422.22 10067.5
1683643010 257.99 38.64 16548.5 11443.7
1683643020 311.05 38.35 1426.39 6875.07
1683643030 312.49 38.64 1363.41 12485.6
1683643040 313.17 38.64 1372.71 10727.5
1683643050 308.7 38.36 1400 7360.94
1683643060 310.57 38.64 1377.69 10670.5
1683643070 311.2 38.64 1445.76 10253.9
1683643080 313 38.64 1400.39 12803.9
1683643090 307.42 38.63 1423.61 7337.76
1683643100 311.7 38.64 1348.54 12921.2
1683643110 307.29 38.64 1419.46 6421.79
1683643120 241.55 38.63 16142.3 9264.52
1683643130 310.91 38.64 1370.98 10540.2
1683643140 310.16 38.35 1400 8958.2
1683643150 313.56 38.63 1400.39 10936.3
1683643160 315.22 38.64 1373.66 12812.9
1683643170 309.67 38.64 1450.39 6364.84
1683643180 311.19 38.64 1395.91 9656.48
1683643190 313 38.64 1401.76 10874.3
1683643200 311.59 38.64 1422.22 8685.77
1683643210 314.96 38.36 1426.78 10879
1683643220 115.23 38.64 14753.5 13648
1683643230 308.19 38.64 1397.27 7209.36
1683643240 309.31 38.64 1415.71 8145.88
1683643250 313.76 38.64 1373.66 11619.9
1683643260 309.27 38.36 1349.07 9977.37
1683643270 308.88 38.64 1398.63 9165.66
1683643280 315.22 38.64 1348.68 13635.5
1683643290 310.95 38.36 1451.42 6242.42
1683643300 312.09 38.64 1374.05 9728.39
1683643310 309.69 38.63 1401.37 10362.5
1683643320 313.08 38.36 1373.66 11907.9
1683643330 86.96 38.63 15155.6 5977.43
1683643340 314.13 38.64 1397.27 11057.3
1683643350 312.42 38.36 1390.88 11157.7
1683643360 311.21 38.64 1422.22 9378.95
1683643370 309.92 38.36 1393.59 8616.13
1683643380 311.94 38.64 1402.74 10650.5
1683643390 311.52 38.65 1423.61 9433.76
1683643400 310.64 38.36 1400 9472.66
1683643410 316.59 38.64 1399.02 12917.1
1683643420 310.19 38.64 1415.71 7970.51
1683643430 313.44 38.64 1422.22 9893.18
1683643440 181.13 38.65 14458.6 6102.3
1683643450 292 38.56 291.12 2153.37
1683643460 196.5 38.55 220.84 2139.05

Execution duration: 00:55:48.48
