1683686942 288.15 2.65 5915.93 14417.5
1683686952 303.37 3.7 5663.89 23208.3
1683686962 308.04 4.59 5790.88 22514.7
1683686972 279.87 5.05 5346.43 17295.2
1683686982 306.32 6.22 5572.75 25558.9
1683686992 302.88 6.52 5681.66 20928.8
1683687002 304.46 7.33 5817.43 19760
1683687012 301.98 8.21 5670.96 21558
1683687023 304.45 8.87 5609.1 21526
1683687033 308.3 9.94 5666.8 21884.2
1683687043 287.65 10.55 5236.76 21459.3
1683687053 305.35 11.05 5634.82 22129.8
1683687063 310.79 11.92 5558.46 26375.9
1683687073 287.06 12.54 5464.43 17764.8
1683687083 300.6 13.57 5609.1 20883.5
1683687093 307.22 14.05 5805.93 19446.2
1683687103 312.16 15.35 5641.51 25178.3
1683687113 277.15 15.45 5090.4 21021.2
1683687123 302.08 16.12 5747.97 16759.6
1683687133 303.34 17.02 5601.18 21504.4
1683687143 307.41 17.79 5647.09 23725
1683687153 293.2 18.6 5453.64 20646.5
1683687163 305.21 19.43 5613.76 20432.7
1683687173 275.25 20.2 4835.89 24267.5
1683687183 302.85 20.57 5637.43 19227.6
1683687193 303.75 21.43 5713.1 19272.5
1683687203 307.78 22.13 5619.29 22928
1683687213 286.36 22.81 5351.52 19634.1
1683687223 285.66 23.77 5229.28 17953.7
1683687233 309.84 24.7 5425.98 28032.7
1683687243 292.94 24.79 5560.79 15722.7
1683687253 308.36 25.89 5644.09 23096.8
1683687263 304.81 26.45 5588.2 19513.1
1683687273 306.49 27.52 5449.75 24088.1
1683687283 267.26 28.3 4946.31 19355
1683687293 298.82 29.15 5600.79 18864.5
1683687303 308.88 29.45 5453.64 24721.9
1683687313 303.44 30.37 5669.29 18668.5
1683687323 305.4 31.1 5426.5 22821.6
1683687333 299.9 31.8 5581.1 19901.6
1683687343 304.43 32.95 5568.5 22776.8
1683687353 301.67 33.76 5652.6 20723.8
1683687363 279.98 34.1 5024.53 18967.2
1683687373 306.69 34.93 5505.51 22679.1
1683687383 299.61 35.87 5548.34 19246.6
1683687393 282.91 36.46 5180.35 19910.4
1683687403 305.29 37.48 5528.7 23823.3
1683687413 307.25 38.27 5578.84 20578.2
1683687423 275.84 38.12 4922.11 20335.8
1683687433 301.87 38.49 5716.75 20953.2
1683687443 306.46 38.43 5573.39 19652
1683687453 307.84 38.47 5559.22 22942
1683687463 294.43 38.8 5242.62 22720.6
1683687473 300.19 38.59 5662.5 17735.2
1683687483 302.15 38.81 5202.73 27225
1683687493 300 38.62 5761.25 15513.9
1683687503 306.07 38.93 5636.01 23863.4
1683687513 307.88 38.74 5523.03 24576.5
1683687523 304.17 38.76 5624.05 17323
1683687533 282.66 38.71 5114.99 21602.7
1683687543 312.82 38.91 5473.19 28048.5
1683687553 302.24 38.75 5644.49 16996.7
1683687563 306.25 38.96 5587.5 22401.6
1683687573 304.1 38.91 5558.71 20516.1
1683687583 302.84 38.73 5623.48 21975
1683687593 306.85 38.94 5592.96 20157.6
1683687603 296.57 38.74 5423.09 24937.8
1683687613 297.34 38.73 5475.29 17225.1
1683687623 310.87 38.74 5679.14 22489.3
1683687633 305.97 38.96 5530.4 21028.3
1683687643 305.09 38.98 5578.84 22276.6
1683687653 308.53 39.17 5578.84 21686.6
1683687663 303.31 39.16 5441.25 21154.9
1683687673 260.57 39 4798.83 19697.8
1683687683 307.35 39.19 5541.23 19572.6
1683687693 304.79 39.01 5616.45 22628.8
1683687703 305.38 39.18 5567.94 21398.6
1683687713 280.36 38.99 4992.38 20221.3
1683687723 306.86 39.19 5603.92 19901.3
1683687733 293.73 39.2 5103.23 24582.6
1683687743 300.49 38.99 5723.68 15548.3
1683687753 304.79 38.97 5480.35 21084.6
1683687763 311.82 39.18 5537.5 25287.1
1683687773 305.58 38.99 5591.38 20972.4
1683687783 299.52 38.99 5429.18 21447
1683687793 294.92 39.18 5205.47 23811.5
1683687803 300.4 38.99 5672.16 15654.9
1683687813 305.59 39.17 5458.82 23127.8
1683687823 304.9 38.98 5566.31 20199.8
1683687833 306.75 38.98 5492.86 23115.9
1683687843 308.45 39.16 5627.48 21049.7
1683687853 298.44 39.18 5444.68 24226.3
1683687863 305.75 39.17 5551.66 19391.4
1683687873 300.68 38.95 5582.05 19019.7
1683687883 302.83 39 5611.35 24015.7
1683687893 309.52 39.15 5584.7 19280
1683687903 309.11 38.99 5659.61 23764.7
1683687913 279.2 38.98 5212.44 20492.1
1683687923 306.76 39.19 5504.4 19144
1683687933 305.86 38.99 5587.89 19347.7
1683687943 311.93 39.22 5443.21 27173.4
1683687953 300.78 39.05 5679.53 15940.5
1683687963 308.02 39.02 5518.28 23324.3
1683687973 306.47 39.26 5504.01 22349.1
1683687983 308.4 39.06 5455.72 23236.4
1683687993 305.76 39.24 5651.85 17686.5
1683688003 309.1 39.25 5505.77 22727.7
1683688013 303.33 39.26 5575.35 19865
1683688023 303.82 39.21 5554.16 23002.9
1683688033 306.84 39.05 5530.79 19207.8
1683688043 285.29 39.23 4884.32 24600
1683688053 300 39.25 5580.84 16486
1683688063 312.81 39.25 5468.23 25650
1683688073 302.3 39.02 5496.63 19292.2
1683688083 277.33 39.07 5177.23 16439.2
1683688093 309.31 39.27 5616.84 23813.1
1683688103 294.52 39.01 5136.2 23904.9
1683688113 297.46 39.07 5611.35 13940.9
1683688123 305.37 39.25 5562.89 23614.1
1683688133 304.21 39.06 5486.1 19468.5
1683688143 305.68 39.07 5666.99 23331.6
1683688153 277.19 39.23 4889.71 22273.1
1683688163 302.94 39.06 5421.57 23717.7
1683688173 303.45 39.24 5650.05 17281.2
1683688183 310.67 39.06 5629.77 22440
1683688193 298.83 39.09 5494.63 18945.6
1683688203 306.86 39.26 5541.62 22607.6
1683688213 309.87 39.06 5480.74 24023.8
1683688223 270.21 39.07 4998.25 14824.1
1683688233 311.49 39.02 5477.71 22680.8
1683688243 309.79 39.26 5516.55 24127.3
1683688253 301.57 39.06 5740.92 16719.5
1683688263 303.89 39.27 5366.54 22240.1
1683688273 309.68 39.3 5436.01 25048.5
1683688283 298.53 39.11 5655.91 16716.3
1683688293 284.23 39.28 5153.77 21745.3
1683688303 310.85 39.12 5568.33 22429.7
1683688313 306.56 39.11 5466.4 23485.2
1683688323 283.71 39.31 5301.27 14965.7
1683688333 309.81 39.2 5448.79 24932.9
1683688343 304.3 39.35 5470.05 22146
1683688353 273.02 39.19 4873.51 18691.3
1683688363 302.25 39.21 5573.78 19288.4
1683688373 302.64 39.4 5651.85 22449.9
1683688383 308.47 39.2 5496.79 21168.4
1683688394 285.4 39.38 5112.96 21725.7
1683688403 83.92 38.78 788333 8414.82

Execution duration: 00:24:27.27
