1683668984 308.26 1.77 1707.57 5025.5
1683668994 311.23 2.23 1449.06 9835.15
1683669004 312.19 2.44 1447.77 10855.9
1683669014 310.63 3.15 1449.06 9636.94
1683669024 312.7 3.47 1442.85 14432.9
1683669034 312.4 3.64 1473.02 6655.95
1683669044 310.62 3.9 1473.42 8452.38
1683669054 312.78 4.47 1444.75 11799.6
1683669064 310.12 4.69 1448.02 6761.9
1683669074 209.92 5.17 15531.4 11914.3
1683669084 316.36 5.46 1421.6 14879.7
1683669094 311.4 5.67 1446.97 6045.19
1683669104 309.91 5.43 1446.18 7886.62
1683669114 313.07 6.25 1420.2 11741.8
1683669124 310.68 6.58 1443.32 8159.05
1683669134 312.54 6.96 1440.86 12039.5
1683669144 311.96 7.46 1418 10747.8
1683669154 312.25 7.2 1443.09 10683.4
1683669164 311.39 7.69 1444.75 7091.88
1683669174 224.65 8.14 15071.7 10840
1683669184 312.27 8.42 1418 9435.81
1683669194 308.7 8.55 1416.6 10462.9
1683669204 313.47 9.21 1419.81 9171.88
1683669214 315.69 9.35 1390.32 15209.1
1683669224 312.36 9.73 1443.72 10025.3
1683669234 309.2 9.86 1467.19 7660.87
1683669244 312.25 10.3 1441.9 9871.15
1683669254 315.92 10.75 1441.9 11710.7
1683669264 308.59 11.05 1504.45 8404.34
1683669274 315.43 11.33 1418.79 12570.5
1683669284 269.08 11.58 16552.2 9801.98
1683669294 312.85 11.78 1441.9 10173.5
1683669304 311.95 12.49 1415.2 9380.45
1683669314 310.75 12.73 1439.84 9200.79
1683669324 311.25 13.14 1440.47 8593.48
1683669334 312.54 13.42 1390.32 13268.3
1683669344 311.77 13.59 1467.19 6339.92
1683669354 313.82 13.93 1415.59 10717.9
1683669364 311.73 14.25 1439.44 8236.29
1683669374 313.05 14.41 1442.69 9692.89
1683669384 313.93 15.11 1441.9 12177.1
1683669394 299.61 15.52 16727.9 12490.6
1683669404 310.35 15.45 1426.82 7809.86
1683669414 312.33 16.04 1413.81 9983.04
1683669424 312.83 16.55 1439.44 10229.6
1683669434 311.8 16.85 1411.02 8598.82
1683669444 313.99 17.13 1412.8 10492.2
1683669454 314.09 17.49 1438.03 13235.5
1683669464 309.17 17.68 1438.03 6027.59
1683669474 311.43 17.94 1437.64 10164.3
1683669484 311.55 18.08 1429.58 9153.77
1683669494 310.17 18.68 1413.81 9977.91
1683669504 270.34 19.22 16872.5 9949.95
1683669514 315.86 19.51 1413.2 14508.4
1683669524 306.89 19.69 1436.22 6170.47
1683669534 312.89 19.9 1436.61 8385.83
1683669544 310.32 20.42 1406.87 11648.3
1683669554 311.8 20.47 1436.61 8537.8
1683669564 310.48 21.19 1402.74 10220.4
1683669574 315.93 21.57 1385.25 15074.9
1683669584 309.14 21.7 1458.55 5978.39
1683669594 312.78 21.8 1409.64 10724.1
1683669604 311.11 22.14 1410.03 8448.38
1683669614 208.87 22.7 16696.8 9145.67
1683669624 313.06 23.12 1408.64 9865.23
1683669634 317.28 23.48 1359.14 15376.8
1683669644 306.88 23.48 1435.2 5031.27
1683669654 310.22 24.1 1408.25 8741.45
1683669664 314.37 24.63 1411.41 11425.2
1683669674 309.63 24.92 1408.25 8611.79
1683669684 308.44 25.34 1406.87 10876.5
1683669694 316.41 25.38 1383.49 13737.9
1683669704 308.95 25.88 1393.59 7614.77
1683669714 311.09 25.87 1430.59 9048.24
1683669724 159.9 26.66 16016.9 11159.6
1683669734 311.16 27.06 1354.36 10610.4
1683669744 310.4 27.07 1430.59 7703.14
1683669754 311.67 27.54 1405.88 9083.92
1683669764 312.25 27.93 1353.97 11810
1683669774 310.82 28.25 1411.02 7451.18
1683669784 311.82 28.55 1375.39 9710.55
1683669794 312.32 28.96 1376.34 9943.3
1683669804 311.96 29.31 1407.26 10098.1
1683669814 313.93 29.73 1405.49 9367.84
1683669824 122.55 30 14182.7 11969.8
1683669834 307.24 30.25 1376.34 7029.13
1683669844 311.01 30.3 1383.49 11503.7
1683669854 307.94 31.01 1379.04 9781.78
1683669864 310.51 31.32 1381.75 8642.59
1683669874 312.67 31.78 1408.64 11851.1
1683669884 313.86 31.82 1399.41 11473.6
1683669894 310.27 32.22 1426.78 6711.63
1683669904 311.83 32.53 1401.37 8491.5
1683669914 312.1 32.92 1372.71 9937.62
1683669924 307.82 33.33 1376.34 9616.81
1683669934 308.99 33.52 1360.31 10519.3
1683669944 302.15 34.13 16625.6 13255.1
1683669954 307.6 34.22 1397.27 5882.65
1683669964 312.9 34.22 1401.37 9446.73
1683669974 309.38 34.91 1376.34 9394.72
1683669984 311.19 35.34 1380.78 10230.2
1683669994 310.65 35.38 1375 9267.97
1683670004 315.11 35.92 1382.14 14962.1
1683670015 307.29 36.06 1394.55 6200.39
1683670025 310.25 36.48 1373.66 10400
1683670035 308.89 36.51 1424 8128
1683670044 311.54 36.92 1380.65 11449.9
1683670055 301.57 37.75 16313.8 10984.6
1683670065 312.58 37.67 1349.07 11956.3
1683670075 307.42 37.96 1424 6927.22
1683670085 309.27 37.98 1398.63 9761.56
1683670095 311.77 38.14 1419.85 10210.5
1683670105 311.43 37.86 1387.8 9707.65
1683670115 308.57 38.14 1394.55 9253.7
1683670125 315.95 38.14 1353.42 15431.7
1683670135 309 38.14 1451.42 5445.55
1683670145 312.35 38.14 1370.04 11422.6
1683670155 308.39 37.93 1425 7758.2
1683670165 263.83 38.22 16426.2 10158.8
1683670175 315.72 38.22 1400 12514.8
1683670185 311.31 37.94 1374.88 12349.4
1683670195 312.24 38.22 1417.09 9876.12
1683670205 313.37 37.94 1398.63 10649
1683670215 308.62 38.22 1414.34 7599.61
1683670225 309.94 38.22 1397.27 10825.3
1683670235 309.44 38.21 1418.08 10468.4
1683670245 312.39 38.22 1425 9097.27
1683670255 312.68 38.22 1372.71 11630.8
1683670265 308.89 37.95 1400 8578.52
1683670275 175.5 38.22 16301.9 8975.39
1683670285 309.46 38.22 1424 9895.8
1683670295 306.13 37.94 1394.55 11370.4
1683670305 308.3 38.21 1398.63 8632.59
1683670315 315.92 38.22 1401.37 12851.6
1683670325 306.64 38.22 1374.05 7776.78
1683670335 309.67 37.94 1425 8609.38
1683670345 310.33 38.22 1421.23 11785.8
1683670355 311.03 38.2 1400 8234.77
1683670365 308.92 38.22 1415.71 10947
1683670375 311.48 38.21 1370.98 13362
1683670385 197.47 38.21 15728.4 6829.27
1683670395 311.63 38.22 1376.34 11828
1683670405 311.81 38.22 1375.82 9426.49
1683670415 309.21 37.94 1390.88 9482.44
1683670425 310.25 38.23 1375 10113.7
1683670435 312.37 38.24 1396.69 12412.9
1683670445 307.51 37.96 1448.59 6316.88
1683670455 310.53 38.25 1397.27 9394.54
1683670465 311.02 38.24 1399.02 10665.4
1683670475 311.32 38.25 1386.46 9656.48
1683670485 312.69 37.96 1425.39 10056.2
1683670495 177.37 38.25 15842.3 13774.8
1683670505 309.55 38.25 1422.61 5489.67
1683670515 311.98 37.97 1395.91 10306.9
1683670525 310.64 38.28 1424 9470.44
1683670535 312.5 38.28 1401.37 11834.6
1683670545 308.2 38.29 1397.66 9019.1
1683670555 313 38.28 1350.78 13734
1683670565 307.92 38.28 1426.39 6628.35
1683670575 310.19 38.29 1415.71 8289.82
1683670585 313.77 38.29 1425 9981.25
1683670595 91.23 38.27 14374.6 10160.4
1683670605 314.46 38.28 15738.3 11840.6
1683670615 312.35 38.29 1369.1 13327.9
1683670625 310.64 38 1424 5528.2
1683670635 310.55 38.29 1401.37 8416.81
1683670645 310.39 38.3 1393.59 9006.8
1683670655 313.48 38.3 1375 12338.7
1683670665 309.17 38.3 1399.02 8551.02
1683670675 311.01 38.29 1395.91 10068.5
1683670685 310.62 38.31 1371.37 11377.6
1683670695 310.92 38.3 1397.27 9061.99
1683670705 247.08 38.42 15092.2 9509.77
1683670715 309.83 38.42 1395.91 8650.83
1683670725 313.57 38.42 1375 11750.4
1683670735 309.11 38.42 1374.88 8249.28
1683670745 311.6 38.14 1347.76 12207.8
1683670755 308.5 38.42 1400.39 8184.38
1683670765 315.72 38.42 1398.63 9895.8
1683670775 310.12 38.42 1394.94 9004.28
1683670785 310.85 38.43 1426.39 9191.4
1683670795 315.05 38.45 1401.76 12390.2
1683670805 183.8 38.46 14567.6 11458
1683670815 309.95 38.46 1425 6852.73
1683670825 311.67 38.44 1393.2 10238.7
1683670835 311.77 38.44 1369.65 10792.2
1683670845 311.15 38.43 1426.78 8048.09
1683670855 310.67 38.43 1415.32 10498.2
1683670865 313.46 38.18 1349.07 12729
1683670875 307.88 38.46 1419.46 7197.67
1683670885 311.23 38.46 1424 9098.15
1683670895 311.51 38.46 1373.66 12632.6
1683670905 95.11 38.45 14392.2 5975
1683670915 309.53 38.46 1394.94 10988.3
1683670925 313.97 38.45 1350.39 14185.9
1683670935 308.59 38.17 1425.39 6062.89
1683670945 312.42 38.44 1401.37 9453.76
1683670955 313.75 38.44 1399.02 12410.1
1683670965 308.59 38.45 1423.61 8560
1683670975 310.74 38.45 1401.37 9786.12
1683670985 313.83 38.46 1371.76 13493.3
1683670995 307.31 38.46 1422.22 5695.91
1683671005 310.84 38.17 1399.02 9164.49
1683671015 202.45 38.46 15215.2 11911.4
1683671025 311.82 38.46 1412.97 10245.5
1683671035 311.52 38.18 1400 10434.4
1683671045 316.87 38.17 1374.44 14156.1
1683671055 310.91 38.46 1422.22 5997.66
1683671065 309.37 38.46 1384.17 9845.17
1683671075 315.7 38.18 1423.61 11153.2
1683671085 307.82 38.46 1426.39 6746.43
1683671095 312.64 38.45 1393.59 12329.6
1683671105 310.93 38.46 1398.63 9789.27
1683671115 313.57 38.18 1425.78 10038.3
1683671125 285.65 38.46 15916.8 7705.47
1683671135 314.47 38.45 1376.73 12476.2
1683671145 310.4 38.45 1381.12 10222.4
1683671155 309.66 38.46 1399.02 10341.9
1683671165 311.34 38.45 1426.39 8559.53
1683671175 312.45 38.46 1394.55 12263.4
1683671185 308.09 38.46 1422.61 6148.54
1683671195 313.96 38.45 1400 13018.8
1683671205 306.53 38.46 1422.22 8669.4
1683671215 309.67 38.46 1400 9478.12
1683671225 84.18 38.1 0.39 9180.47
1683671235 310.84 38.46 16470.3 13890.6
1683671245 308.58 38.18 1397.27 7508.38
1683671255 314.08 38.18 1426.39 9725.51
1683671265 311.8 38.45 1374.5 12333.3
1683671275 306.66 38.46 1407.53 7141.37
1683671285 308.86 38.18 1420.84 8539.05
1683671295 317.65 38.45 1373.49 13367.2
1683671305 310.65 38.45 1425 6424.22
1683671315 314.23 38.46 1422.22 11535.7
1683671325 312.22 38.17 1426.39 9089.35
1683671335 312.38 38.18 1397.66 10416.4
1683671345 238.19 38.46 16560.2 8076.95
1683671355 314.66 38.46 1350 14898
1683671365 308.68 38.17 1422.61 6578.17
1683671375 309.33 38.45 1369.65 8549.81
1683671385 312.6 38.18 1400.39 12565.2
1683671395 308.48 38.44 1395.91 7947.42
1683671405 312.24 38.46 1392.23 9980.58
1683671415 314.64 38.46 1349.07 13927.8
1683671425 310.36 38.46 1414.34 6678.29
1683671435 311.41 38.46 1423.61 9497.37
1683671445 156.97 38.45 14662.2 9191.41
1683671455 312.7 38.46 1375.39 10580.1
1683671465 308.78 38.18 1375 9345.7
1683671475 314.63 38.18 1323.59 14111.9
1683671485 307.14 38.46 1400 5842.58
1683671495 309.76 38.46 1374.05 8644.68
1683671505 310.03 38.46 1394.55 8277.04
1683671515 312.68 38.46 1397.27 11186
1683671525 316.97 38.46 1399.02 12211.1
1683671536 314.75 38.45 1382.45 11322.7
1683671545 169.12 38.49 14030.3 9292.43
1683671555 310.02 38.46 1369.65 8554.47
1683671565 313.08 38.18 1374.05 11673.4
1683671575 308.57 38.46 1397.27 8522.81
1683671585 315.94 38.46 1393.59 13466.3
1683671595 310.25 38.46 1423.61 7776.78
1683671605 315.33 38.46 1375.78 11424.2
1683671615 310.93 38.46 1448.98 6392.59
1683671625 308.47 38.46 1393.2 9243.54
1683671635 310.32 38.48 1371.37 12340
1683671645 315.51 38.21 1398.63 9499.32
1683671656 208 38.5 15435.8 9850.1
1683671666 312.55 38.48 1370.04 10746.7
1683671675 310.72 38.21 1422.61 7399.61
1683671686 314.84 38.56 1400 12130.5
1683671696 308.57 38.56 1395.91 7511.59
1683671706 308.62 38.56 1402.33 9880.23
1683671716 310.15 38.55 1424 8504.59
1683671726 312.56 38.56 1355.8 13920.2
1683671736 308.17 38.55 1419.46 7028.4
1683671746 309.53 38.56 1393.59 10576.5
1683671756 309.74 38.28 1395.91 8956.96
1683671766 190.64 38.55 15921.6 10688.8
1683671776 308.57 38.55 1395.91 10137.1
1683671786 314.78 38.56 1351.71 11947.2
1683671796 309.74 38.27 1421.23 6278.09
1683671806 310.73 38.56 1423.61 9028.29
1683671816 315.06 38.56 1376.73 10382
1683671826 309.66 38.28 1372.32 10156.7
1683671836 313.37 38.56 1399.02 10402
1683671846 315.73 38.56 1375.39 12869.1
1683671856 309.94 38.56 1447.56 5763.74
1683671866 314.84 38.56 1400.39 12388.3
1683671876 144.63 38.55 15898.4 9164.84
1683671886 310.6 38.56 1418.47 9081.05
1683671896 309.16 38.28 1420.84 8868.16
1683671906 317 38.56 1350.39 14582.4
1683671916 309.63 38.56 1445.76 5443.82
1683671926 308.88 38.56 1399.02 8469.85
1683671936 312.66 38.68 1369.65 12203.1
1683671946 313 38.67 1401.37 10441.8
1683671956 309.16 38.68 1421.23 6135.15
1683671966 314.24 38.68 1373.66 13383
1683671976 311.44 38.68 1414.34 9289.15
1683671986 142.15 38.68 15486.1 9000.19
1683671996 309.75 38.69 1347.76 10722
1683672006 309.17 38.4 1397.27 9578.95
1683672016 310.71 38.68 1359.46 10064.5
1683672026 307.91 38.68 1422.22 8399.61
1683672036 311.68 38.68 1346.06 11750.7
1683672046 310.07 38.69 1401.76 7997.65
1683672056 312.32 38.69 1390.49 10638.6
1683672066 311.02 38.69 1397.66 8448.73
1683672076 311.09 38.69 1369.65 10311.3
1683672086 312.28 38.4 1347.76 11467.1
1683672096 196.58 38.69 15303.5 10544.5
1683672106 306.43 38.67 1397.66 6689.28
1683672116 313.66 38.69 1397.66 12137.2
1683672126 313.49 38.39 1400 8529.69
1683672136 312.9 38.68 1376.34 12006.3
1683672146 306.62 38.68 1420.84 6838.17
1683672156 315.39 38.68 1371.37 12749.4
1683672166 307.62 38.68 1423.61 5749.46
1683672176 314.27 38.67 1376.73 12604.9
1683672186 308.31 38.69 1426.39 7144.87
1683672196 312.08 38.69 1397.66 9787.91
1683672206 191.9 38.68 15789.5 12417.6
1683672216 311.18 38.69 1370.04 11939.3
1683672226 308 38.68 1423.61 6336.78
1683672236 313.38 38.41 1425 9017.19
1683672246 314.98 38.69 1370.04 14421
1683672256 305.48 38.69 1403.4 6321.74
1683672266 310.93 38.69 1424 8847.61
1683672276 315.42 38.69 1350 16179.7
1683672286 307.67 38.69 1440.16 5362.17
1683672296 313.67 38.69 1400.39 11577.7
1683672306 308.3 38.67 1423.61 7765.07
1683672316 265.03 38.65 14846.9 3155.86
1683672326 296.49 38.67 310.33 4488.11
1683672336 81.08 38.6 96 336.39

Execution duration: 00:55:54.54
