1683643502 308.06 1.76 1647.41 5001.2
1683643512 311.51 2.22 1423.01 9572.62
1683643522 310.62 2.7 1423.41 9685.71
1683643532 310.7 3.11 1419.41 10348.1
1683643542 313.28 3.45 1415.26 14432.5
1683643552 308.03 3.56 1446.18 5930.23
1683643562 312 3.92 1422.62 10879.4
1683643572 310.31 4.38 1423.01 10459.1
1683643582 313.19 4.68 1473.42 7963.1
1683643592 198.91 5 15426.4 9305.45
1683643602 313.68 5.39 1400.2 16270.8
1683643612 310.41 5.52 1446.97 5653.12
1683643622 310.69 5.77 1419.41 9085.15
1683643632 314.86 6.25 1421.21 12469
1683643642 309.11 6.54 1471.56 7683.65
1683643652 312.59 6.97 1446.58 10354
1683643662 315.15 7.04 1419.41 12017.4
1683643672 311.15 7.54 1453.11 10321.8
1683643682 310.5 7.39 1444.75 7748.51
1683643692 215.74 8.14 15007.9 10196
1683643702 310.79 8.44 1444.75 10504.2
1683643712 313.45 8.66 1418 11735.7
1683643722 312.39 9.35 1421.21 8949.85
1683643732 312.95 9.1 1418 11702.9
1683643742 312.16 9.73 1442.3 9821.74
1683643752 309.98 10.04 1441.9 7233.99
1683643762 311.47 10.43 1443.72 9575.47
1683643772 311.96 10.78 1441.9 11555.7
1683643782 314.64 11 1444.11 11306
1683643792 313 11.45 1413.2 10461.5
1683643802 242.03 11.8 16366 9055.99
1683643812 311.01 11.95 1435.2 7393.9
1683643822 311.85 12.06 1416.6 10819.4
1683643832 312.82 12.72 1439.44 8648.13
1683643842 314.2 12.96 1413.81 12003.9
1683643852 315.12 13.51 1392.09 12358.9
1683643862 312.36 13.63 1441.9 7193.28
1683643872 313.38 14.08 1411.41 10637.4
1683643882 311.96 14.12 1467.19 9335.97
1683643892 313.99 14.55 1463.25 10937.9
1683643902 311.94 15.1 1439.05 6701.78
1683643912 268.34 15.38 16542 15493.1
1683643922 311.55 15.6 1440.86 8532.68
1683643932 312.42 15.67 1425.02 7894.78
1683643942 312.63 16.31 1390.32 10728.9
1683643952 311.72 16.73 1413.59 10346
1683643962 310.55 17.23 1412.8 10417.7
1683643972 314.21 17.44 1389.35 12632.4
1683643982 308.86 17.64 1438.03 6166.31
1683643992 309.91 17.57 1457.11 9366.05
1683644002 312.73 18.35 1414.2 10294.3
1683644012 311.39 18.73 1408.64 10752.1
1683644023 239.43 19.18 16625.4 10162.8
1683644033 313.7 19.42 1412.8 12905.2
1683644043 309.66 19.19 1437.64 5746.21
1683644053 313.35 19.96 1383.49 11361.1
1683644063 312.29 20.12 1434.81 9781.71
1683644073 311.29 20.82 1433.79 9375.64
1683644083 310.62 21.1 1409.64 9159.1
1683644093 313.07 21.39 1384.85 13996.1
1683644103 308.16 21.31 1434.81 5775.81
1683644113 309.34 21.81 1409.64 9133.92
1683644123 309.12 22.2 1405.49 11176.9
1683644133 155.96 22.58 16353.2 8671.78
1683644143 311.61 23.02 1410.03 10206.9
1683644153 313.64 23.34 1381.75 14820.8
1683644163 308.15 23.47 1433.79 5876.23
1683644173 311.49 23.77 1408.25 10774.9
1683644183 310.31 24.16 1407.26 7935.62
1683644193 310.82 24.5 1411.41 10590.2
1683644203 311.59 24.73 1406.87 8577.82
1683644213 311.21 25.26 1411.41 12301.2
1683644223 314.54 25.12 1424 10665.8
1683644233 309.83 25.61 1410.03 9086.33
1683644243 118.71 25.95 15853.1 8914.56
1683644253 308.18 26.53 1361.02 11431.5
1683644263 309.94 26.78 1411.02 9098.43
1683644273 309.03 27.16 1407.26 9095.19
1683644283 313.14 27.07 1382.14 11718.5
1683644293 309.32 27.7 1405.49 8089.02
1683644303 312.75 27.92 1432.38 9697.74
1683644313 311.17 28.15 1404.11 10964.9
1683644323 312.27 28.84 1431.99 10169.6
1683644333 307.53 28.87 1401.37 8843.4
1683644343 103.51 29.26 14002.3 11767.2
1683644353 310.59 29.48 1430.59 7311.76
1683644363 309.33 29.75 1367.38 8907.96
1683644373 312.35 30.21 1405.49 11641.2
1683644383 312.83 30.75 1404.11 10599.4
1683644393 307.32 30.97 1401.76 7254.35
1683644403 313.18 31.11 1359.29 13543
1683644413 309.79 30.84 1429.58 6009.01
1683644423 313.61 31.61 1404.11 9980.8
1683644433 309.86 31.98 1425.39 11774.2
1683644443 311.66 32.08 1404.11 9566.7
1683644453 313.6 32.85 1386.69 8713.11
1683644463 304.7 32.97 16666.9 13026.2
1683644473 310.46 33.11 1376.34 8001.96
1683644483 307.02 33.15 1397.66 6446
1683644493 312.67 33.94 1381.75 11943.9
1683644503 313.7 34.38 1402.74 10596.1
1683644513 311.94 34.42 1402.74 9779.26
1683644523 314.57 34.96 1377.12 13431.1
1683644533 310.65 35 1450 6822.66
1683644543 308.72 35.08 1402.74 8440.7
1683644553 314.02 35.84 1405.88 10613.7
1683644563 100.68 36.1 15104.3 7714.45
1683644573 312.78 36.6 1400.39 11713.3
1683644583 314.65 36.56 1390.49 14442.7
1683644593 310.13 36.87 1446.15 5650.63
1683644603 312.7 36.97 1400 9246.09
1683644613 311.04 37.74 1426.78 10628
1683644623 312.58 37.95 1397.27 9246.39
1683644633 310.02 37.75 1394.94 10998.4
1683644643 313.46 38.04 1374.44 13761.2
1683644653 306.74 38.04 1450 5321.48
1683644663 310.95 37.75 1426.78 7806.06
1683644673 88.19 38.12 15260.2 12066
1683644683 312.57 38.2 16661.7 10524.2
1683644693 311.43 38.08 1389.15 11559.7
1683644703 314.51 38.36 1397.66 10780.1
1683644713 308.69 38.36 1393.13 9171.37
1683644723 308.8 38.36 1426.78 7773.61
1683644733 309.86 38.36 1398.63 9973.46
1683644743 312.69 38.36 1423.61 9815.02
1683644753 314.48 38.36 1426.78 12319.8
1683644763 311.39 38.08 1420.84 8092.31
1683644773 314.01 38.36 1395.33 12371.6
1683644783 310.52 38.36 1420.84 9933.01
1683644793 228.56 38.37 16619.5 10454.2
1683644803 311.19 38.37 1395.91 6851.41
1683644813 313.3 38.37 1401.76 12371.1
1683644823 310.55 38.37 1426.39 7723.56
1683644833 311.9 38.09 1348.68 13084.9
1683644843 307.5 38.37 1420.84 6207.21
1683644853 311.41 38.36 1373.66 12672.8
1683644863 308.09 38.37 1424 7033.37
1683644873 309.3 38.37 1402.74 9663.01
1683644883 311.82 38.09 1400.39 11031.6
1683644893 314.57 38.37 1393.59 12529.5
1683644903 246.68 38.36 16043.8 7419.14
1683644913 311.51 38.36 1386.85 8385.69
1683644923 310.62 38.05 1397.27 9985.58
1683644933 312.15 38.34 1369.65 10209
1683644943 310.25 38.06 1398.63 8877.27
1683644953 314.9 38.33 1346.84 14385.2
1683644963 307.49 38.34 1445.76 6003.51
1683644973 312.79 38.34 1399.02 8958.83
1683644983 309.78 38.37 1401.37 11853.4
1683644993 311.65 38.08 1391.84 10011.6
1683645003 310.75 38.37 1401.76 8805.87
1683645013 217.65 38.36 16051.9 14748.5
1683645023 305.35 38.36 1419.85 5876.26
1683645033 313.46 38.09 1398.63 9747.9
1683645043 311.7 38.37 1350.33 10448.3
1683645053 309.7 38.09 1413.95 8105.81
1683645063 309.95 38.37 1425.39 11380.1
1683645073 314.85 38.37 1375.78 13566.8
1683645083 308.09 38.37 1447.17 5968.03
1683645093 310.35 38.37 1400.39 8346.48
1683645103 310.85 38.09 1401.37 10176.3
1683645113 126.26 38.38 14556.8 9503.89
1683645123 310.04 38.49 1357.76 11739.6
1683645133 315.42 38.21 1375.39 13598
1683645143 312.54 38.49 1384.17 8052.51
1683645153 311.8 38.48 1399.02 9235.51
1683645163 313.77 38.49 1425 9762.11
1683645173 310.61 38.49 1394.55 9364.59
1683645183 312.99 38.5 1350 12158.6
1683645193 309.35 38.49 1420.84 7128.33
1683645203 312.48 38.5 1372.71 11766.9
1683645213 311.33 38.49 1425 8385.55
1683645223 282.24 38.48 15277.3 10700.1
1683645233 308.48 38.49 1395.91 9307.5
1683645243 314.69 38.48 1394.94 9130.74
1683645253 312.21 38.49 1376.34 10217.8
1683645263 310.9 38.49 1346.84 12206.8
1683645273 311.04 38.21 1425 8746.09
1683645283 312.43 38.49 1391.84 10504.5
1683645293 312.51 38.48 1401.76 9355.62
1683645303 310.31 38.21 1393.2 10896
1683645313 310.35 38.55 1349.07 9565.66
1683645323 217.35 38.55 14813.6 14239.4
1683645333 309.35 38.55 1395.91 6246.54
1683645343 311.47 38.37 1345.14 12258.8
1683645353 310.84 38.65 1400 9068.75
1683645363 311.61 38.65 1347.37 10930.6
1683645373 308.78 38.65 1420.84 8990.07
1683645383 313.87 38.66 1375.39 12663.3
1683645393 309.38 38.65 1425 6481.25
1683645403 311.11 38.65 1397.27 10205.9
1683645413 309.92 38.37 1394.55 9958.75
1683645423 112.11 38.65 14428.1 9881.76
1683645433 307.79 38.65 1396.3 8729.5
1683645443 313.65 38.37 1348.68 14242.7
1683645453 308.77 38.65 1422.61 6624.17
1683645463 312.26 38.65 1395.91 11126
1683645473 307.5 38.64 1397.27 9440.55
1683645483 312.37 38.65 1370.98 11018.1
1683645493 311.31 38.37 1372.71 11996.1
1683645503 314.06 38.64 1425 11073.8
1683645513 311.13 38.37 1425 6032.81
1683645523 312.06 38.64 1418.47 9609.72
1683645533 217.59 38.65 15345.1 11788.1
1683645543 310.25 38.65 1425.39 10022.3
1683645553 312.6 38.37 1425 9071.88
1683645563 311.99 38.65 1347.76 12688.9
1683645573 310.19 38.37 1416.7 6517.28
1683645583 312.99 38.65 1425.39 8223.05
1683645593 308.86 38.65 1420.84 8669.52
1683645603 312.18 38.66 1397.27 12872.9
1683645613 310.43 38.39 1397.66 8602.34
1683645623 312.86 38.39 1370.98 12871.3
1683645633 312.61 38.66 1390.88 9402.52
1683645643 292.09 38.67 15916.8 10461.3
1683645653 310.04 38.67 1421.23 8832.72
1683645663 312.64 38.38 1393.2 8933.33
1683645673 310.75 38.67 1400 12100.8
1683645683 309.46 38.66 1423.61 7968
1683645693 313.37 38.38 1374.05 11263.6
1683645703 310.84 38.66 1423.61 7903.22
1683645713 312.19 38.66 1423.61 9864.2
1683645723 309.27 38.38 1374.05 10154.5
1683645733 310.83 38.66 1425 8567.97
1683645743 85.85 38.59 15145.3 10751.6
1683645753 314.64 38.66 16480 12344.2
1683645763 309.16 38.67 1421.23 6731.84
1683645774 310.91 38.66 1395.91 10532.8
1683645784 310.42 38.67 1422.22 8648.73
1683645793 311.9 38.66 1399.02 10816.8
1683645804 309.15 38.66 1395.91 9004.48
1683645814 312.96 38.66 1371.37 13248.7
1683645824 309.66 38.67 1448.59 6699.71
1683645834 310.71 38.67 1396.3 10239.1
1683645844 311.38 38.39 1418.08 9484.16
1683645854 311.63 38.66 1401.76 10827
1683645864 245.08 38.67 16544 11064.6
1683645874 313.46 38.67 1347.37 12671
1683645884 308.49 38.67 1424 6660.68
1683645894 311.23 38.67 1375 8812.11
1683645904 312.85 38.66 1394.94 10128
1683645914 309.37 38.67 1398.63 9229.66
1683645924 311.22 38.67 1372.71 11294.7
1683645934 313.81 38.67 1345.14 13118.3
1683645944 310.13 38.67 1422.22 7688.89
1683645954 310.81 38.39 1396.3 8898.54
1683645964 142.89 38.67 14573.1 9458.48
1683645974 313.48 38.67 1375.39 10644.9
1683645984 312.65 38.67 1394.55 9431.52
1683645994 318.17 38.67 1325.39 15042.2
1683646004 305.84 38.67 1394.55 6164.2
1683646014 312.97 38.67 1399.02 8775.8
1683646024 311.71 38.67 1361.7 11951.6
1683646034 309.66 38.39 1423.61 7173.85
1683646044 313.26 38.67 1397.66 10632.8
1683646054 312.68 38.39 1373.66 11338.5
1683646064 158.96 38.67 13957.6 10377
1683646074 313.97 38.66 1375 9083.59
1683646084 313.53 38.39 1395.91 8428.04
1683646094 316.61 38.67 1368.32 11155.7
1683646104 313.89 38.39 1382.84 7199.61
1683646114 314.58 38.67 1368.32 11396.3
1683646124 317.1 38.67 1375 11282.8
1683646134 315.71 38.38 1398.63 9971.9
1683646144 313.58 38.67 1398.63 7182.83
1683646154 316.25 38.39 1370.04 12221.8
1683646164 312.18 38.67 1423.61 6221.66
1683646174 168.3 38.67 15233.2 11645.6
1683646184 313.39 38.67 1377.12 11171.9
1683646194 305.95 38.4 1425 6919.53
1683646204 309.94 38.67 1372.71 8906.04
1683646214 309.05 38.67 1356.66 11944
1683646224 311.13 38.66 1400.39 9385.16
1683646234 309.57 38.66 1423.61 9034.15
1683646244 316.59 38.37 1375.22 12064
1683646254 307.26 38.66 1435.98 6415.47
1683646264 312.29 38.66 1399.02 12067.5
1683646274 310.45 38.66 1400 7672.66
1683646284 161.65 38.65 15695.6 11474.3
1683646294 308.49 38.66 1399.02 8011.71
1683646304 315.04 38.38 1350.39 13403.1
1683646314 309.67 38.65 1425.39 5847.66
1683646324 310.44 38.66 1373.66 9913.37
1683646334 310.74 38.66 1375.39 11633.2
1683646344 308.58 38.66 1422.22 8779.34
1683646354 310.73 38.65 1397.66 9540.35
1683646364 316.1 38.66 1373.66 13911
1683646374 309.94 38.37 1420.84 6888.8
1683646384 312.38 38.65 1422.61 8011.31
1683646394 109.78 38.73 15646.1 12692.1
1683646404 309.63 38.79 1370.04 9601.17
1683646414 310.94 38.8 1425 7940.62
1683646424 312.67 38.79 1347.76 14124
1683646434 309.28 38.8 1425 5626.17
1683646444 313.19 38.8 1400.39 11362.9
1683646454 307.5 38.79 1395.91 7165.34
1683646464 311.91 38.52 1400 11155.9
1683646474 309.41 38.81 1415.32 9759.84
1683646484 315.22 38.8 1347.37 15391
1683646494 308.28 38.52 1419.46 6002.33
1683646504 103.22 38.79 15261.3 9215.61
1683646514 312.48 38.79 1372.71 12531
1683646524 307.4 38.8 1385.75 6453.18
1683646534 311.61 38.79 1398.63 12281.4
1683646544 310.6 38.53 1370.04 9358.75
1683646554 308.16 38.8 1367.38 10862.9
1683646564 309.93 38.8 1421.23 6983.45
1683646574 313.49 38.8 1400 11665.6
1683646584 310.82 38.8 1422.61 8515.79
1683646594 312.46 38.51 1395.91 10894.3
1683646604 309.67 38.8 1399.02 8837.85
1683646614 186.23 38.8 15203.1 12231.2
1683646624 307.1 38.79 1420.84 6602.53
1683646634 313.72 38.8 1370.04 11578.2
1683646644 312.74 38.79 1393.2 10051.3
1683646654 309.04 38.79 1392.23 9072.23
1683646664 312.41 38.8 1400 11187.5
1683646674 315.02 38.8 1399.02 10375
1683646684 312.6 38.8 1450 7502.73
1683646694 313.56 38.79 1424 9656.59
1683646704 317.77 38.79 1423.61 11469.3
1683646714 311.14 38.8 1401.73 8432.66
1683646724 186.83 38.8 15749.5 10970.1
1683646734 314.27 38.78 1351.71 12648.7
1683646744 311.79 38.51 1422.61 7363.35
1683646754 310.31 38.8 1393.2 11425.1
1683646764 312.89 38.79 1425.39 9208.59
1683646774 313.17 38.79 1377.52 10446.5
1683646784 308.75 38.8 1418.47 9156.85
1683646794 314.91 38.52 1347.76 12883.4
1683646804 308.98 38.79 1450 5505.47
1683646814 314.07 38.51 1400.39 10112.5
1683646824 311.47 38.79 1366.99 13963.9
1683646834 253.47 38.79 14604.2 3261.92
1683646844 291.13 38.8 332.55 310.72
1683646854 114.98 38.7 138.94 3448.92

Execution duration: 00:55:55.55
