1683604554 284.56 2.56 5917.13 14275.3
1683604564 303.58 3.39 5726.05 21933.2
1683604574 303.27 4.43 5685.07 22788.9
1683604584 294.96 5.07 5547.48 19679
1683604594 306.14 6.04 5573.46 25469.3
1683604604 297.23 6.28 5659.41 19992.5
1683604614 305.25 6.97 5658.28 22312.4
1683604624 301.78 7.87 5734.39 19239.2
1683604634 306.82 8.62 5583.38 23000.6
1683604644 304.46 9.64 5563.56 21541.4
1683604654 259.68 10.1 4768.38 17689.7
1683604664 306.53 10.44 5596.44 21200.4
1683604674 307.52 11.19 5690.3 22794.5
1683604684 304.05 12.09 5545.8 23308
1683604694 304.55 13.07 5621.36 20008.3
1683604704 304.65 13.7 5691.7 20883.4
1683604714 290.24 14.73 5372.22 20524.1
1683604724 279.9 15 5120 20880.8
1683604734 305.93 15.94 5590.51 24153.8
1683604744 303.56 16.71 5729.64 17862.1
1683604754 286.89 17.35 5170.44 20186
1683604764 303.94 18.16 5651.13 21305.8
1683604774 300.59 19.09 5585 21000.2
1683604784 296.84 19.75 5219.74 24449
1683604794 302.17 20.4 5631.5 18910.2
1683604804 302.17 21.16 5611.82 20070.5
1683604814 306.59 21.97 5613.37 22325.3
1683604824 303.64 22.75 5467.72 21261
1683604834 287.22 23.48 5362.84 18999.4
1683604844 301.18 24.28 5283.94 25112.9
1683604854 303.15 24.83 5611.82 19310.3
1683604864 303.84 25.69 5631.5 20224.4
1683604874 306.99 26.33 5669.29 20407.5
1683604884 307.88 27.15 5518.11 21444.9
1683604894 277.64 28.12 5082.35 21381.6
1683604904 309.54 28.67 5474.93 25172.1
1683604914 301.18 29.35 5676.3 17170.9
1683604924 297.94 30.01 5474.93 19504.8
1683604934 306.67 30.78 5509.02 23089.8
1683604944 305.58 31.79 5566.31 20876.8
1683604954 303.84 32.71 5721.02 22414.5
1683604964 288.5 33.65 5147.69 21897.3
1683604974 301.57 33.9 5611.35 19132.3
1683604984 303.33 34.77 5523.29 21422.7
1683604994 310.39 35.75 5471.37 22886.3
1683605004 298.43 36.35 5589.79 18897.4
1683605014 302.76 37.19 5474.93 22113.3
1683605024 299.61 37.85 5483.92 19805.1
1683605034 272.52 38.48 4748.18 23118.7
1683605044 302.33 38.41 5492.82 21815.9
1683605054 302.84 38.42 5636.01 18274
1683605064 303.72 38.66 5616.45 20576.7
1683605074 284.92 38.83 5077.38 22145.7
1683605084 301.76 38.68 5605.47 18291.7
1683605094 306.73 38.71 5370.54 24401.6
1683605104 304.7 38.85 5603.92 21307.3
1683605115 300.67 38.71 5540.12 17221.1
1683605124 305.09 38.71 5473.19 23749.1
1683605135 302.12 38.84 5548.27 19208.4
1683605144 283.76 38.83 4972.21 23243.8
1683605154 296.18 38.83 5273.58 21603.5
1683605164 302.35 38.97 5711.15 16432.9
1683605174 304.99 38.85 5448.14 22007.4
1683605184 306.17 38.86 5523.29 21000.4
1683605195 304.97 38.98 5491.05 20551.4
1683605204 302.95 38.85 5370.98 23729
1683605214 286.83 38.92 5147.69 23531.2
1683605225 298.16 38.95 5572.79 15343.4
1683605234 309.59 38.82 5510.76 23286.1
1683605245 302.84 39.02 5643.01 19834.2
1683605254 310.67 38.87 5535.81 22875.9
1683605264 303.53 38.86 5603.92 18278.9
1683605274 308.14 38.89 5345.88 28670.2
1683605285 298.04 38.97 5686.11 15081.4
1683605295 309.2 39.03 5460.67 24348.7
1683605305 304.4 38.86 5530.4 21029.1
1683605315 304.56 38.87 5462.66 21544.5
1683605325 305 39.02 5603.92 18430.6
1683605335 282.06 38.93 4875.6 24067.1
1683605345 304.1 38.95 5530.4 20485.6
1683605355 309.06 39.06 5434.08 23864.5
1683605365 302.82 38.94 5603.11 18528.4
1683605375 287.27 39.07 5150.24 23022
1683605385 306.95 39.06 5493.25 23273.1
1683605395 298.05 38.95 5674.36 19594.9
1683605405 284.95 38.93 4943.5 22300.7
1683605415 303.24 39.08 5692.06 17360.2
1683605425 309.06 38.96 5489.67 23909.2
1683605435 303.32 39.04 5655.91 18124
1683605445 278.88 39.19 5005.28 19408
1683605455 311.18 39.16 5584.7 24117.2
1683605465 299.12 39.06 5256.3 22629.1
1683605475 306.24 39.06 5589.47 20518.5
1683605485 306.18 39.12 5461.39 23705.4
1683605495 298.54 39.05 5624.44 16149.8
1683605505 307.05 39.17 5591.77 21061.3
1683605515 281.33 39.02 4967.74 21951.9
1683605525 313.29 39.05 5418.18 24603.7
1683605535 303.42 39.16 5657.37 17418.5
1683605545 300.98 39.04 5562.89 18835.5
1683605555 310.46 39.05 5393.16 27483.5
1683605565 301.28 39.19 5685.1 15004.3
1683605575 308.13 39.09 5541.62 24494.4
1683605585 295.3 39.15 5154.56 23940.4
1683605595 272.86 39.09 5110.72 13550.8
1683605605 313.8 39.19 5461.06 25245.8
1683605615 301.66 39.08 5591.77 18341.2
1683605625 298.93 39.2 5428.79 20905.8
1683605635 307.43 39.22 5593.35 20992
1683605645 305.68 39.2 5523.29 19243.8
1683605655 299.32 39.12 5129.48 22247.6
1683605665 305.09 39.09 5641.92 23039.8
1683605675 308.02 39.21 5648.92 20168.3
1683605685 308.62 39.06 5579.23 18217.4
1683605695 291.42 39.21 5145.37 23214.8
1683605705 306.46 39.09 5491.48 22150.4
1683605715 295.5 39.08 5152.3 21079.6
1683605725 302.34 39.2 5443.21 18623.3
1683605735 308.6 39.09 5418.18 20760.9
1683605745 305.62 39.27 5298.65 21735.8
1683605755 285.38 39.15 5414.33 15797.4
1683605765 312.87 39.11 5402.91 25449
1683605775 301.55 39.28 5197.67 24639.6
1683605785 300.97 39.14 5575.39 15745.3
1683605795 310.97 39.12 5591.77 22328.3
1683605805 307.34 39.27 5505.38 21919.8
1683605815 309.4 39.14 5616.84 24097.5
1683605825 293.43 39.27 5346.27 18557.2
1683605835 308.89 39.27 5504.99 23812.7
1683605845 302.64 39.15 5569.95 20403.1
1683605855 306.08 39.27 5466.4 20021.2
1683605865 309.39 39.28 5505.77 23290.7
1683605875 299.9 39.14 5516.55 16917.1
1683605885 308.92 39.21 5504.01 23121.7
1683605895 299.51 39.19 5337.89 23415.2
1683605905 300.87 39.33 5527.24 18609.3
1683605915 302.54 39.21 5648.92 20975.3
1683605925 305.96 39.33 5443.21 22406.3
1683605935 303.7 39.33 5512.76 21925.2
1683605945 306.47 39.19 5579.23 21200
1683605955 298.05 39.21 5482.54 18581.5
1683605965 311.76 39.32 5509.5 23765.7
1683605975 304.8 39.19 5491.09 19354
1683605985 307.81 39.17 5487.5 20349.2
1683605995 302.94 39.32 5555.82 22863
1683606005 304.88 39.18 5539.18 19799.6
1683606015 297.74 39.21 5471.76 20433.7
1683606025 27.37 38.7 790728 10427.4

Execution duration: 00:24:31.31
