1683599229 308.67 1.61 1625.9 5002.39
1683599239 309.84 2.07 1432.21 8621.87
1683599249 312.6 2.47 1448.81 10369.8
1683599259 312.78 2.91 1420.81 9628.15
1683599269 314.01 3.29 1416.88 14655
1683599279 308.03 3.43 1471.56 5591.67
1683599289 311.62 3.9 1449.06 10605
1683599299 313.21 4.23 1474.48 9460.97
1683599309 314.57 4.61 1446.18 11708.2
1683599319 203.16 5 15445.1 6965.15
1683599329 308.13 5.41 1346.43 16431.3
1683599339 310.78 5.43 1469.43 5674.38
1683599349 310.98 5.47 1443.32 8001.98
1683599359 314.36 5.94 1446.58 12668.4
1683599369 310.89 6.51 1444.75 9104.95
1683599379 313.89 6.92 1422.62 12136.9
1683599389 314.06 7.28 1444.75 9541.78
1683599399 312.96 7.33 1444.11 10833.2
1683599409 313.76 7.58 1444.75 10217.8
1683599419 218.99 7.99 15056.8 7362.62
1683599429 311.89 8.46 1446.18 10899.9
1683599439 313.35 8.86 1418 10681.7
1683599449 311.28 9.21 1394.46 10987.7
1683599459 313.17 9.29 1419.41 11454.6
1683599469 312.29 9.64 1445.15 7988.12
1683599479 313.27 9.97 1444.75 8843.56
1683599489 311.77 10.33 1418.4 8731.16
1683599499 313.04 10.77 1416.6 13768.4
1683599509 310.38 11.08 1481.3 8367.16
1683599519 305.34 11.47 1367.2 12507.5
1683599529 251.03 11.49 16402.4 7367.48
1683599539 313.82 12.05 1390.32 10584.4
1683599549 310.88 12.13 1443.32 8377.45
1683599559 312.85 12.66 1393.08 11960.8
1683599569 310.54 13.06 1412.41 8077.64
1683599579 314.24 13.3 1444.51 12567.8
1683599589 311.46 13.48 1440.47 5996.05
1683599599 313.63 13.86 1415.59 11930.1
1683599609 311.5 14.24 1408.25 9222.79
1683599619 311.55 14.56 1415.2 11093.4
1683599629 313.13 14.97 1415.2 10119.6
1683599639 269.03 15.35 16518.8 12147.5
1683599649 310.16 15.48 1477.31 7095.86
1683599659 314.5 15.92 1413.81 10633.1
1683599669 310.27 16.21 1440.86 9293.19
1683599679 312.54 16.79 1415.2 9378.87
1683599689 310.45 17.07 1414.2 9479.29
1683599699 312.11 17.27 1387.58 14117
1683599709 310.66 17.38 1466.14 6000
1683599719 312.04 17.61 1415.2 11614.6
1683599729 311.34 18.34 1439.44 10782.2
1683599739 309.94 18.46 1461.42 6746.06
1683599749 241.81 18.97 16712.4 11716.4
1683599759 310.64 19.27 1386.22 13342.5
1683599769 311.43 19.3 1462.86 6436.26
1683599779 309.83 19.66 1408.64 9466.4
1683599789 310.92 20.27 1409.64 10080.2
1683599799 311.42 20.57 1436.61 9533.07
1683599809 312.33 20.94 1439.05 10369.2
1683599819 314.06 21.31 1384.85 14130.6
1683599829 310.26 21.29 1439.44 6910.85
1683599839 310.44 21.71 1462.86 8200.99
1683599849 310.13 21.87 1435.2 9701.08
1683599859 169.78 22.4 16444.9 9162.2
1683599869 311.31 22.78 1410.03 9367.55
1683599879 313.29 23.13 1361.97 15869.6
1683599889 310.45 23.34 1425.78 7398.44
1683599899 311.52 23.75 1409.64 10315.4
1683599909 309.81 24.05 1432.38 7778.21
1683599919 311.69 24.47 1433.4 10027.9
1683599929 311.21 24.85 1409.64 11403.3
1683599939 308.42 25.15 1427.79 8134.64
1683599949 314.74 25.25 1408.64 13684.5
1683599959 311.01 25.42 1458.94 7539.88
1683599969 139.65 25.79 15907 7848.87
1683599979 311.71 26.23 1409.64 11100.5
1683599989 310.55 26.64 1375 12359.4
1683599999 308.93 27.07 1405.49 9201.57
1683600009 309.42 27.1 1357.41 11010.4
1683600019 309.43 27.33 1433.4 8422.79
1683600029 311.08 27.63 1431.99 9053.97
1683600039 312.97 28.1 1408.25 10852.3
1683600049 312.38 28.56 1433.4 9653.44
1683600059 312.64 28.8 1404.11 8839.96
1683600069 125.41 29.09 14221.8 13487.7
1683600079 309.41 29.2 1430.59 6826.27
1683600089 311.57 29.6 1405.88 10166.7
1683600099 312.46 29.88 1406.87 8305.4
1683600109 311.38 30.38 1380.39 13315.7
1683600119 310.01 30.76 1432.38 7879.88
1683600129 311.25 31.09 1402.74 13037.2
1683600139 304.71 31.22 1430.59 6256.86
1683600149 307.04 31.56 1400 9229.3
1683600159 310.79 31.99 1405.88 10532.5
1683600169 308.7 32.43 1401.37 10786.7
1683600179 120.48 32.93 15569.8 9656.08
1683600189 309.97 33 1350.39 12722.3
1683600199 310.1 33.18 1406.87 7729.15
1683600209 307.63 33.59 1401.76 9105.77
1683600219 311.97 33.88 1380.39 10763.5
1683600229 308.81 34.29 1403.13 9141.29
1683600239 309 34.84 1401.37 11018.2
1683600249 312.83 35 1378.47 13501.4
1683600259 309.49 35.19 1451.42 7737.24
1683600270 309.49 35.48 1428.18 8291.19
1683600279 312.33 35.68 1404.11 9238.79
1683600290 149.86 36.33 15389.7 10672
1683600300 310.34 36.72 1400.39 8590.62
1683600310 312.78 37.05 1347.37 15363.4
1683600320 309.39 37.08 1426.78 6218.96
1683600330 308.75 37.3 1395.91 7658.42
1683600340 310.56 37.76 1401.76 11072.5
1683600350 314 37.83 1402.74 12227
1683600360 310.61 37.95 1421.23 8076.73
1683600370 313.19 37.95 1375 12423.8
1683600380 311.13 37.84 1425.39 11719.1
1683600390 310.27 37.84 1426.78 6538.03
1683600400 131.72 38.14 15545 12093.7
1683600410 307.03 38.15 1401.76 9036.95
1683600420 310.14 38.04 1397.27 9996.1
1683600430 309.57 38.16 1375.39 7698.83
1683600440 309.57 38.04 1400.78 12489.8
1683600450 309.66 38.15 1423.61 7638.63
1683600460 311.7 38.03 1397.27 9570.37
1683600470 311.72 38.18 1400 12157
1683600480 307.41 38.16 1422.61 7755.95
1683600490 309.38 38.04 1400 10623.8
1683600500 310.72 38.17 1398.05 12074.5
1683600510 308 38.04 1423.61 6759.02
1683600520 259.32 38.17 16810.5 10734.4
1683600530 313.39 38.17 1401.37 8958.75
1683600540 309.2 38.04 1389.54 9900.39
1683600550 311.61 38.16 1398.63 11458.3
1683600560 310.84 38.04 1375 11012.1
1683600570 310.89 38.16 1446.15 6615.77
1683600580 314 38.18 1419.46 12559.1
1683600590 309.96 38.17 1425.39 8324.22
1683600600 313.47 38.03 1400 11677
1683600610 310.74 38.16 1400.39 8891.41
1683600620 308.69 38.17 1350 12451.6
1683600630 281.46 38.17 16228.3 8871.41
1683600640 311.12 38.17 1425 7596.48
1683600650 314.26 38.17 1423.61 10036.7
1683600660 313.18 38.04 1400.39 9692.97
1683600670 314.62 38.17 1397.27 10159.5
1683600680 314.64 38.16 1399.02 13233.2
1683600690 310.17 38.17 1452.84 6151.08
1683600700 311.74 38.17 1426.78 10391.4
1683600710 311.82 38.04 1426.39 9300.49
1683600720 311.24 38.04 1376.73 11962.5
1683600730 308.74 38.17 1418.08 9918.76
1683600740 280.25 38.17 16498.9 13567.9
1683600750 304.76 38.17 1419.85 5554.09
1683600760 312.41 38.03 1426.39 10164.2
1683600770 308.46 38.17 1394.94 9718.68
1683600780 311.91 38.17 1375 11278.5
1683600790 307.81 38.17 1397.66 8348.54
1683600800 311.43 38.18 1325.39 16043.4
1683600810 306.99 38.17 1392.62 6937.09
1683600820 309.86 38.17 1400 8132.42
1683600830 311.41 38.04 1372.32 11894.7
1683600840 165.77 38.16 14830.7 7966.93
1683600850 308.65 38.17 1344.75 10600.8
1683600860 308.48 38.17 1421.23 8861.54
1683600870 311.8 38.03 1349.07 11859.5
1683600880 307.02 38.17 1397.66 7899.81
1683600890 312.19 38.17 1398.63 11380.7
1683600900 304.5 38.17 1375.39 9829.69
1683600910 308.02 38.04 1401.37 7562.07
1683600920 310.35 38.17 1373.66 11397.1
1683600930 310.05 38.17 1374.05 12026.1
1683600940 92.6 38.16 14125.4 6611.88
1683600950 308.21 38.17 1375.39 10391.8
1683600960 307.63 38.04 1351.32 9736.85
1683600970 309.57 38.12 1375.39 9767.97
1683600980 310.92 38.12 1373.66 10752.8
1683600990 309.66 38.25 1347.76 11759.1
1683601000 309.36 38.25 1400 8565.23
1683601010 307.92 38.25 1400 7362.89
1683601020 312.86 38.24 1396.3 12204.5
1683601030 309.54 38.11 1422.22 9119.69
1683601040 311.01 38.24 1397.66 8987.91
1683601050 247.06 38.25 15012.5 13369.6
1683601060 308.52 38.25 1428.18 5883.37
1683601070 312.82 38.44 1377.69 13683
1683601080 307.11 38.31 1419.46 6405.84
1683601090 312.98 38.44 1400.39 10347.3
1683601100 309.94 38.44 1397.27 9924.76
1683601110 314.72 38.44 1373.1 13966.1
1683601120 310.33 38.44 1448.59 6477.66
1683601130 313.05 38.44 1385.51 11279.2
1683601140 310.76 38.31 1426.39 7759.53
1683601150 160.84 38.44 14695.4 10668.2
1683601160 309.85 38.44 1397.27 9260.04
1683601170 314.91 38.43 1347.37 14579.7
1683601180 308.38 38.31 1422.61 7579.73
1683601190 312.75 38.31 1395.91 9433.69
1683601200 310.87 38.44 1404.81 9498.36
1683601210 312.81 38.44 1401.37 10854
1683601220 308.79 38.44 1425.39 7052.73
1683601230 316.51 38.44 1350.39 15309
1683601240 307.53 38.44 1451.81 6092.67
1683601250 309.08 38.31 1398.63 9061.85
1683601260 262.76 38.44 15624.6 9923.2
1683601270 309.84 38.44 1422.61 9520.86
1683601280 311.31 38.3 1397.27 8939.18
1683601290 315.53 38.44 1367.77 15625.2
1683601300 309.37 38.44 1424 6983.41
1683601310 308.86 38.44 1421.23 8222.4
1683601320 312.76 38.44 1395.91 11306.7
1683601330 313.88 38.44 1451.81 10862.6
1683601340 317.08 38.44 1415.32 10563
1683601350 311.18 38.44 1430.44 8283.62
1683601360 140.37 38.43 14884.8 12284.8
1683601370 306.7 38.44 1416.7 7427.96
1683601380 311.67 38.43 1370.04 12138.5
1683601390 309.37 38.31 1398.63 8797.66
1683601400 311.33 38.44 1400 10972.7
1683601410 310.76 38.44 1426.39 8301.86
1683601420 313.26 38.32 1399.02 11880.6
1683601430 313.87 38.44 1425 9493.36
1683601440 307.49 38.44 1419.46 8545.53
1683601450 307.72 38.44 1400.39 9817.97
1683601460 311.58 38.44 1420.84 8458.03
1683601470 152.26 38.44 15545.7 9750.39
1683601480 314.78 38.44 1378.08 13272
1683601490 310.35 38.31 1425.39 7517.19
1683601500 311.52 38.44 1425 9114.45
1683601510 311.34 38.3 1390.88 11636.5
1683601520 310.36 38.44 1401.37 9671.16
1683601530 309.54 38.44 1420.84 6724.44
1683601540 315.65 38.44 1378.86 14817.2
1683601550 307.99 38.44 1447.17 5849.51
1683601560 310.55 38.31 1400.39 10092.6
1683601570 314.17 38.44 1376.34 11095.2
1683601580 86.85 38.23 0.39 10989.7
1683601590 302.84 38.44 16976.7 8325.32
1683601600 314.16 38.44 1376.17 13219.9
1683601610 308.59 38.31 1425 6047.27
1683601620 311.8 38.44 1397.27 9947.37
1683601630 310.72 38.44 1397.66 8703.31
1683601640 312.34 38.32 1418.08 10747.5
1683601650 314.93 38.44 1425 11105.5
1683601660 313.36 38.44 1374.44 12967.8
1683601670 309.55 38.45 1448.98 6005.85
1683601680 312.09 38.31 1422.22 7846.78
1683601690 242.71 38.44 15216.8 11221.5
1683601700 312.1 38.44 1373.66 11682.7
1683601710 313.17 38.31 1372.32 10724.8
1683601720 314.27 38.44 1376.73 11777.1
1683601730 307.29 38.31 1418.08 5809.52
1683601740 310.54 38.44 1399.02 8106.54
1683601750 311.38 38.44 1393.2 11201.9
1683601760 311.05 38.44 1426.78 8903.23
1683601770 311.43 38.44 1400 10394.5
1683601780 311.75 38.31 1367.38 11724.3
1683601790 257.95 38.43 14619.3 8424.93
1683601800 308.99 38.44 1375 8673.44
1683601810 313 38.3 1376.73 10575.2
1683601820 311.23 38.31 1350 12600
1683601830 307.05 38.43 1428.18 5887.28
1683601840 309.93 38.44 1395.91 10962.8
1683601850 312.79 38.44 1400.39 11039.8
1683601860 312.3 38.43 1425 9096.48
1683601870 310.8 38.44 1421.23 10214.2
1683601880 310.25 38.3 1423.61 6784.39
1683601890 310.75 38.31 1372.83 11175
1683601900 299.13 38.44 16181.1 11100.5
1683601910 312.79 38.44 1400 11275.4
1683601921 309.62 38.31 1392.23 8323.5
1683601930 308.98 38.31 1400 9681.25
1683601940 310.16 38.44 1440.47 7786.51
1683601951 313.68 38.44 1400 11316.8
1683601960 312.22 38.44 1426.78 10687.4
1683601971 312.92 38.47 1368.54 12403.9
1683601981 310.26 38.33 1450 7146.09
1683601990 309.97 38.46 1426.78 9318.48
1683602001 310.34 38.46 1336.98 10424.2
1683602011 300.99 38.46 16619.7 10683.7
1683602021 310.24 38.46 1398.63 10209.2
1683602031 311.4 38.32 1349.46 10789.5
1683602041 307.72 38.46 1426.39 6039.88
1683602051 311.43 38.46 1375.39 12316.8
1683602061 312.58 38.45 1422.61 9155.95
1683602071 313.84 38.46 1397.27 12432.4
1683602081 310.74 38.46 1424 7367.02
1683602091 315.14 38.46 1375 13928.5
1683602101 310.54 38.33 1425.39 7092.58
1683602111 309.94 38.46 1420.84 8515.68
1683602121 257.84 38.46 16574.5 7573.52
1683602131 312.19 38.33 1398.63 13555.5
1683602141 311.04 38.45 1400 9934.77
1683602151 312.47 38.33 1371.76 12459.6
1683602161 309.57 38.33 1423.61 7866.54
1683602171 311.99 38.46 1397.27 11528.3
1683602181 307.88 38.46 1419.46 7719.84
1683602191 311.81 38.46 1400.39 10721.1
1683602201 312.89 38.46 1425 11596.1
1683602211 313.91 38.33 1370.04 14094.5
1683602221 311.66 38.33 1443.34 8395.34
1683602231 260.55 38.45 16251.2 10376.9
1683602241 311.12 38.46 1398.63 9358.83
1683602251 308.19 38.33 1398.63 8344.98
1683602261 311.62 38.33 1400.39 12025
1683602271 310.34 38.45 1397.27 9258.48
1683602281 312.98 38.45 1400 10489.1
1683602291 310.54 38.46 1397.27 9917.74
1683602301 312.1 38.45 1450.39 9740.62
1683602311 306.9 38.32 1420.84 8016.75
1683602321 312.79 38.46 1400 12371.9
1683602331 139.38 38.46 14924.4 10638.6
1683602341 313.77 38.46 1400.78 10935.5
1683602351 310.54 38.46 1424 7518.44
1683602361 313.18 38.46 1375 10973
1683602371 310.81 38.33 1420.84 9471.47
1683602381 310.44 38.45 1373.66 10110
1683602391 309.24 38.33 1394.94 9153.7
1683602401 315.62 38.45 1366.44 12698.7
1683602411 310.25 38.46 1423.61 7328
1683602421 312 38.33 1398.63 10181.9
1683602431 310.25 38.46 1397.27 9322.03
1683602441 126.47 38.45 15414.8 8556.25
1683602451 310.54 38.47 1425 10770.7
1683602461 312.97 38.32 1372.71 13327.9
1683602471 310.06 38.46 1450 5961.33
1683602481 312.32 38.33 1376.73 10247.1
1683602491 311.43 38.45 1450 9406.64
1683602501 310.34 38.46 1399.02 9373.66
1683602511 312.71 38.46 1426.39 9704.4
1683602521 314.52 38.45 1372.71 14688.5
1683602531 311.05 38.33 1427.79 7741.68
1683602541 310.91 38.45 1420.84 9464.46
1683602551 222.06 38.39 14690.4 5504.38
1683602561 292.75 38.5 329.59 307.16
1683602571 126.1 38.38 159.14 308.5

Execution duration: 00:55:46.46
