1683646892 309.25 1.75 1740.1 5043.18
1683646902 310.83 2.25 1424.42 10162.5
1683646912 312.81 2.68 1451.44 8893.74
1683646922 312.58 3.1 1419.41 11372.3
1683646932 312.55 3.39 1409.48 14556.5
1683646942 307.84 3.52 1447.62 5983.73
1683646952 312.97 3.94 1454.91 10673.1
1683646962 308.97 4.36 1412.41 10517
1683646972 311.98 4.74 1470.5 8213.47
1683646982 202.87 4.97 15415.3 7430.33
1683646992 313.69 5.29 1372.45 18270.8
1683647002 308.54 5.11 1448.41 5546.83
1683647012 308.93 5.62 1422.22 8796.43
1683647022 313.09 6.05 1421.21 10976
1683647032 311.29 6.49 1444.75 10470.1
1683647042 310.91 6.88 1446.58 9716.95
1683647052 312.94 7.25 1441.9 10037.1
1683647062 313.84 7.13 1444.11 11322.6
1683647072 312.48 7.57 1444.75 7406.73
1683647082 208.99 8 14940.7 11146.2
1683647092 311.86 8.47 1418 11471.4
1683647102 311.37 8.51 1416.6 8447.43
1683647112 311.69 9.1 1419.81 8610.3
1683647122 313.14 8.99 1390.32 13757.5
1683647132 310.38 9.31 1442.3 6622.53
1683647142 313.63 9.89 1416.6 11196
1683647152 311.86 10.09 1467.59 9213.83
1683647162 310.86 10.21 1440.47 9102.47
1683647172 311.86 10.63 1456.13 11659.7
1683647182 314.54 11.16 1418.4 12170.9
1683647192 233.86 11.34 16308.4 7620.53
1683647202 309.89 11.78 1417 11426.1
1683647212 312.65 11.94 1416.6 10247.4
1683647222 312.62 12.55 1413.81 7919.92
1683647232 313.05 13.03 1418 10816.2
1683647242 314.51 13.18 1415.99 12164.3
1683647252 311.56 13.39 1441.9 6646.64
1683647262 310.92 13.62 1411.41 9235.83
1683647272 313.03 13.72 1440.47 9788.35
1683647282 314.21 14.42 1440.86 10614.4
1683647292 310.61 14.88 1408.25 10553.2
1683647302 252.71 15.1 16457.6 13856.7
1683647312 310.75 15.13 1463.25 6077.24
1683647322 315.5 15.78 1415.2 12043
1683647332 310.84 15.88 1439.05 7831.56
1683647342 311.71 16.4 1411.02 10098.4
1683647352 310.26 16.73 1414.2 10134.1
1683647362 315.79 17.2 1389.35 14053.2
1683647372 309.26 17.28 1464.69 5581.46
1683647382 312.82 17.56 1413.81 9785.8
1683647392 311.62 18.02 1436.22 9356.69
1683647402 311.13 18.49 1387.19 11612.2
1683647412 212.18 18.85 16458.1 7823.57
1683647422 315.27 19.21 1387.98 15131.8
1683647432 307.43 19.21 1452.84 5559.69
1683647442 316.45 19.73 1412.8 12128.5
1683647452 311.71 20.02 1436.22 7556.3
1683647462 313.61 20.41 1412.8 10118.2
1683647472 312.6 20.72 1411.02 8802.36
1683647482 314.64 21.14 1408.25 15592.5
1683647492 310.01 21.3 1432.38 5745.24
1683647502 313.48 21.61 1434.81 9384.46
1683647512 312.19 21.96 1410.03 9238.15
1683647522 132.77 22.37 16218.1 10730.7
1683647532 309.48 22.7 1401.76 9466.67
1683647542 315.85 23.15 1385.83 14498.4
1683647552 308.14 23.29 1406.27 8502.75
1683647562 311.28 23.5 1405.49 6852.16
1683647572 309.33 23.93 1408.25 9888.41
1683647582 309.59 24.32 1404.5 10979.4
1683647592 312.97 24.68 1408.25 9796.86
1683647602 309.97 25.15 1400.39 10018.8
1683647612 312.19 25.23 1399.02 11712.4
1683647622 311.8 25.51 1435.2 8374.43
1683647632 86.82 25.72 15529.3 8450.39
1683647642 312.69 26.24 1436.61 11197.2
1683647652 311.97 26.46 1381.75 11725.2
1683647662 310.1 27.01 1431.99 8416.88
1683647672 312.45 27.39 1355.29 11092.5
1683647682 311.58 27.72 1457.11 8223.36
1683647692 308.8 27.98 1400.39 8990.62
1683647702 310.55 28.47 1425 9462.11
1683647712 310.87 28.75 1404.5 9011.95
1683647722 313.05 28.88 1406.87 10860.1
1683647732 313.52 29.43 1379.43 12490.9
1683647742 290 29.6 15271.3 7174.14
1683647752 310.99 29.73 1381.75 9094.8
1683647762 309.27 30.12 1400.39 10128.5
1683647772 313.51 30.89 1402.74 10357.3
1683647782 313.44 31.09 1430.98 8870.2
1683647792 315.95 31.25 1378.08 13686.1
1683647802 312.15 31.71 1454.65 7692.07
1683647812 311.34 32.05 1427.79 9227.79
1683647822 311.71 32.12 1425 9389.45
1683647832 308.58 32.84 1397.27 9939.57
1683647842 309.65 33.2 1397.66 8972.32
1683647852 294.8 33.47 16624.3 14119.6
1683647862 309.58 33.3 1402.74 6354.6
1683647872 310.47 33.93 1376.73 9814.66
1683647882 309.1 34.3 1402.74 9797.26
1683647892 309.86 34.85 1397.27 10456.1
1683647902 310.78 34.93 1405.49 10632.9
1683647912 313.61 35.45 1379.82 13258.8
1683647922 307.24 35.6 1402.74 6630.92
1683647932 303.62 35.62 1404.11 7579.63
1683647942 307.51 36.29 1399.02 10538.5
1683647952 91.62 36.7 15014.6 10759
1683647962 312.73 37.13 16436.8 9290.8
1683647972 311.52 37.11 1338.24 14432.9
1683647982 307.31 37.51 1447.56 5782.46
1683647992 310.76 37.96 1376.34 10524.3
1683648002 308.7 38.03 1401.76 9074.1
1683648012 310.86 38.06 1427.79 9315.85
1683648022 312.1 38.14 1398.63 10046.4
1683648032 315.44 38.29 1376.17 14970.3
1683648042 308.75 38.29 1442.95 5346.55
1683648052 311.6 38.01 1421.23 9402.14
1683648062 311.41 38.29 1373.66 10918.6
1683648072 285.58 38.29 16503.3 9350.88
1683648082 309.84 38.01 1395.91 8361.05
1683648092 315.61 38 1400.39 11087.5
1683648102 314.02 38.29 1396.3 11404.5
1683648112 309.86 38.29 1423.61 7747.12
1683648122 314.48 38.01 1393.59 12013.2
1683648132 311.74 38.29 1401.37 12268.6
1683648142 309.97 38.29 1450.39 6011.33
1683648152 312.12 38.01 1426.39 9379.86
1683648162 313.01 38.29 1377.12 12561.5
1683648172 311.64 38.29 1426.39 7512.41
1683648182 187.1 38.28 16393 9689.93
1683648192 309.76 38.3 1410.16 9805.47
1683648202 311.5 38.29 1397.27 9078.36
1683648212 310.71 38.39 1396.3 11304.4
1683648222 312.21 38.11 1376.73 11615.2
1683648232 311.9 38.39 1422.61 9621.83
1683648242 308.55 38.39 1418.08 6639.46
1683648252 310.72 38.39 1372.71 10302.1
1683648262 311.53 38.39 1425 9593.36
1683648272 311.92 38.11 1400.39 9659.77
1683648282 314.09 38.51 1351.71 13861.6
1683648292 200.49 38.51 15763.5 6263.8
1683648302 311.65 38.51 1367.38 10945.2
1683648312 311.23 38.52 1398.63 9633.95
1683648322 312.83 38.52 1394.94 12179
1683648332 308.76 38.24 1395.91 8863.88
1683648342 311.6 38.52 1372.71 11117.7
1683648352 310.93 38.52 1423.61 7373.66
1683648363 311.32 38.52 1436.37 8148.55
1683648372 311.33 38.24 1375 11623.4
1683648382 311.98 38.52 1420.84 9051.61
1683648392 312.11 38.52 1400.39 11700.4
1683648402 190.05 38.51 15892.3 12562.3
1683648413 307.87 38.52 1418.47 6351.8
1683648422 310.46 38.53 1426.39 7583.97
1683648432 309.77 38.51 1400.39 11320.3
1683648442 310.36 38.52 1401.37 10559.1
1683648452 317.79 38.52 1401.76 10918.1
1683648463 312.95 38.52 1340.95 12931.8
1683648473 307.51 38.51 1447.17 5436.65
1683648483 310.89 38.52 1393.59 9587.95
1683648493 314.03 38.52 1422.22 9384.02
1683648503 104.28 38.51 14357.2 12082.1
1683648513 310.45 38.52 1373.18 8908.05
1683648523 312.94 38.52 1345.53 14483.3
1683648533 308.75 38.51 1418.47 6024.49
1683648543 311.71 38.24 1400 7835.94
1683648553 310.7 38.52 1370.04 12305.1
1683648563 313.86 38.52 1425 8539.06
1683648573 310.63 38.23 1399.02 8992
1683648583 310.89 38.52 1394.55 10224.9
1683648593 312.2 38.23 1351.17 12451.6
1683648603 307.71 38.52 1400 6981.25
1683648613 242.79 38.51 15037.8 9807.41
1683648623 312.66 38.52 1395.91 10492.3
1683648633 314.23 38.23 1372.32 11693.6
1683648643 310.13 38.51 1397.66 8098.25
1683648653 315.41 38.23 1374.05 12153.4
1683648663 311.26 38.51 1415.71 7236.47
1683648673 314.54 38.52 1373.66 10855.8
1683648683 310.22 38.53 1421.23 8126.19
1683648693 313.26 38.24 1373.66 13160.2
1683648703 308.25 38.24 1392.23 7635.73
1683648713 181.15 38.51 14571 12652.7
1683648723 308.49 38.51 1423.61 6179.9
1683648733 311.5 38.24 1396.3 10716.3
1683648743 310.54 38.52 1398.63 9385.37
1683648753 310.61 38.24 1396.3 8928.14
1683648763 310.46 38.52 1376.34 11612.5
1683648773 311.76 38.52 1368.71 12661.6
1683648783 308.67 38.23 1422.22 7936.06
1683648793 310.25 38.52 1425 8500.78
1683648803 312.02 38.24 1390.49 11534.8
1683648813 90.26 38.53 14300.3 7670.89
1683648823 312.35 38.52 1394.55 10387.5
1683648833 314.33 38.51 1363.79 14065
1683648843 307.92 38.52 1424 5513.37
1683648853 309.34 38.52 1395.91 9111.59
1683648863 313.35 38.52 1421.23 9067.96
1683648873 310.6 38.52 1394.55 11970
1683648883 310.55 38.24 1426.39 9207.43
1683648893 316.03 38.52 1377.12 13859.6
1683648903 308.47 38.24 1419.46 6305.06
1683648913 315.12 38.52 1423.61 9230.05
1683648923 197.6 38.52 14942.4 10571.6
1683648933 308.08 38.52 1394.55 9236.96
1683648943 311.48 38.52 1419.46 8645.53
1683648953 319.35 38.52 1344.22 15219.8
1683648963 307.73 38.24 1410.25 5558.65
1683648973 313.28 38.52 1398.63 9606.24
1683648983 315.16 38.52 1393.59 11686.3
1683648993 310.06 38.53 1398.63 11927.4
1683649003 309.94 38.56 1447.56 7329.82
1683649013 309.36 38.57 1383.78 11342.1
1683649023 313.83 38.57 1371.37 12974.5
1683649033 264.08 38.55 15629.4 10091
1683649043 314.25 38.55 1424 9880.2
1683649053 309.56 38.28 1400 8363.28
1683649063 309.47 38.56 1398.63 9469.66
1683649073 312.49 38.56 1397.66 12281.1
1683649083 311.39 38.56 1371.37 9987.54
1683649093 311.48 38.55 1419.85 8831.13
1683649103 311.03 38.56 1398.63 9746.34
1683649113 310.54 38.56 1450.39 7247.66
1683649123 311.52 38.27 1400 10907.8
1683649133 311.55 38.56 1392.23 10081.9
1683649143 272.03 38.56 16213.7 12104.9
1683649153 311.13 38.56 1423.61 7273.37
1683649163 314.13 38.56 1372.71 11042.5
1683649173 311.27 38.56 1391.84 7758.06
1683649183 311.43 38.56 1400.39 9818.36
1683649193 310.85 38.28 1426.39 8519.26
1683649203 311.87 38.56 1358.15 14090.3
1683649213 311.24 38.56 1451.42 6171.65
1683649223 313.46 38.56 1424 10670.8
1683649233 309.67 38.28 1401.37 8391.4
1683649243 309.85 38.56 1398.63 11742.8
1683649253 206.34 38.55 16294.6 10601.4
1683649263 311.96 38.56 1369.65 11519.8
1683649273 306.83 38.56 1424 6065.56
1683649283 312.18 38.56 1372.32 11607.4
1683649293 310.56 38.56 1375.39 10092.2
1683649303 308.7 38.56 1398.63 7988.68
1683649313 311.41 38.56 1399.02 10147.1
1683649323 317.55 38.56 1347.76 14585.2
1683649333 307.39 38.56 1441.55 7052.04
1683649343 309.63 38.56 1396.3 10072.8
1683649353 117.38 38.56 14426.6 8282.42
1683649363 310.25 38.56 1375 10297.3
1683649373 312.61 38.56 1350 11744.5
1683649383 314.36 38.56 1350.78 13144.9
1683649393 309.86 38.55 1425 5510.94
1683649403 311.53 38.56 1375 9985.94
1683649413 312.2 38.57 1425 8921.88
1683649423 314.45 38.56 1400 10263.3
1683649433 311.49 38.56 1422.61 8486.16
1683649443 313.2 38.56 1331.79 15268.2
1683649453 113.53 38.56 13747.2 6111.39
1683649463 310.51 38.56 1368.32 9053.84
1683649473 311.43 38.28 1375.39 10300.8
1683649483 311.63 38.57 1377.14 9269.55
1683649493 309.85 38.56 1395.91 9362.41
1683649503 309.92 38.56 1368.32 10588.9
1683649513 305.17 38.56 1350 11021.1
1683649523 308.4 38.56 1448.98 7136
1683649533 311.9 38.56 1398.63 9904
1683649543 313.05 38.57 1396.3 9488.22
1683649553 311.99 38.56 1372.32 12554
1683649563 133.85 38.55 15049.9 7374.08
1683649573 310.62 38.57 1372.71 11221.8
1683649583 308.84 38.28 1391.84 7843.5
1683649593 309.07 38.56 1372.71 9021.44
1683649603 309.47 38.28 1376.34 9645.75
1683649613 314.15 38.56 1442.58 10675.4
1683649623 311.41 38.56 1397.27 9255.75
1683649633 315.61 38.56 1374.44 12740.3
1683649643 307.69 38.56 1444.36 6295.72
1683649653 315.22 38.61 1398.63 12745
1683649663 309.95 38.61 1425.39 7800.78
1683649673 131.91 38.62 15534 8441.76
1683649683 308.48 38.61 1374.05 10707.9
1683649693 311.29 38.32 1346.84 12289
1683649703 310.06 38.61 1401.76 8622.87
1683649713 308.98 38.33 1373.66 8293.46
1683649723 309.18 38.61 1400 8122.27
1683649733 309.54 38.61 1395.91 8864.26
1683649743 315.11 38.33 1397.27 12402.7
1683649753 313.04 38.62 1336.81 12968.1
1683649763 306.14 38.33 1422.22 5719.3
1683649773 313.67 38.62 1400.39 9960.16
1683649783 311.28 38.61 1393.2 8268.61
1683649793 282.84 38.61 16765.7 9818.93
1683649803 313.65 38.61 1347.37 12791.4
1683649813 313.46 38.33 1373.1 11731
1683649823 308.39 38.61 1422.22 6757.89
1683649833 312.96 38.62 1422.22 9190.64
1683649843 310.21 38.63 1393.2 10392.6
1683649853 307.98 38.62 1418.08 8072.3
1683649863 311.91 38.62 1375.39 9639.84
1683649873 316.39 38.61 1347.37 14878.4
1683649883 309.42 38.33 1417.09 5963.11
1683649893 311.1 38.61 1397.27 8806.63
1683649903 279.61 38.61 16335.6 9510.63
1683649913 311.42 38.62 1398.63 8983.41
1683649923 311.99 38.33 1397.27 10106.4
1683649933 311.15 38.61 1401.76 10964.2
1683649943 312.89 38.61 1364.34 13407
1683649953 311.19 38.33 1446.15 6727.95
1683649963 311.2 38.61 1420.84 10007
1683649973 308.38 38.61 1421.23 8683.15
1683649983 312.76 38.33 1397.27 11815.2
1683649993 309.77 38.34 1400 10277
1683650003 146.05 38.63 14963.9 10193.9
1683650013 310.16 38.62 1400 9386.72
1683650023 312.41 38.34 1401.76 8557.18
1683650033 311.96 38.61 1418.08 9482.6
1683650043 312.4 38.34 1400.39 10234.8
1683650053 310.81 38.62 1395.91 10002.7
1683650063 316.03 38.63 1377.12 12833.2
1683650073 307.21 38.34 1422.22 6607.8
1683650083 311.72 38.61 1400 10762.1
1683650093 313.28 38.33 1375.39 9794.14
1683650103 307.91 38.61 1425 8294.53
1683650113 146.25 38.6 15499.7 11401.4
1683650123 311.98 38.61 1347.37 12453
1683650133 310.06 38.33 1425.39 7170.7
1683650143 310.79 38.6 1369.65 8389.88
1683650153 311.93 38.33 1426.78 9272.73
1683650163 312.3 38.61 1398.63 11812.7
1683650173 307.12 38.61 1400 7803.12
1683650183 317.69 38.61 1376.73 14660.4
1683650193 308.16 38.61 1419.46 6315.56
1683650203 312.86 38.34 1371.37 11515.9
1683650213 311.92 38.62 1425 8847.66
1683650223 208.48 38.62 14733.3 5414.04
1683650233 294.74 38.61 310.5 2436.19
1683650243 161.73 38.53 178.77 2708.86

Execution duration: 00:55:57.57
