1683631913 283.76 2.72 5925.5 13590.8
1683631923 302.88 3.6 5644.09 22715
1683631933 306.25 4.6 5733.07 22487.4
1683631943 282.42 5.42 5262.76 20673.7
1683631953 304.17 6.16 5663.49 21413.9
1683631963 300.29 6.52 5600 22892.7
1683631973 305.55 7.17 5645.59 22098.7
1683631983 303.27 8.19 5759.77 19806.9
1683631993 300.4 8.69 5634.43 19720.7
1683632003 307.03 9.86 5551.29 23025
1683632013 284.28 10.38 5267.26 19477.3
1683632023 303.35 11.02 5491.91 25144.8
1683632033 299.71 11.95 5680.47 21796.8
1683632043 307.13 12.44 5520.48 21069.8
1683632053 278.13 13.55 5095.17 19034.5
1683632063 302.58 13.94 5647.09 19742.8
1683632073 303.35 15.09 5478.89 22114
1683632083 279.12 15.3 5133 22500.9
1683632093 298.91 15.94 5534.45 19979.5
1683632103 304.54 17.05 5630.37 19876.5
1683632113 303.74 17.64 5543.7 22394.9
1683632123 281.44 18.59 5092.59 19762.3
1683632133 303.46 19.32 5622.9 21425.5
1683632143 301.38 20.14 5473.49 22869
1683632153 304.03 20.38 5631.89 17694.1
1683632163 303.55 21.21 5567.25 20328.2
1683632173 304.83 22.41 5504.14 22627.2
1683632183 302.66 23 5637.43 21985
1683632193 268.74 23.8 4822.09 19840.2
1683632203 303.84 24.76 5425.59 24160.2
1683632213 301.67 25.17 5542.01 19653.2
1683632223 301.48 26.12 5669.68 17255.9
1683632233 302.66 26.47 5543.7 21822
1683632243 304.83 27.82 5428.4 22908.9
1683632253 298.82 28.22 5579.23 18667.6
1683632263 297.64 29.45 5178.34 25948.8
1683632273 304.91 29.69 5565.06 19592.5
1683632283 298.43 30.35 5652.99 18469.9
1683632293 306.3 31.46 5538.25 21626.3
1683632303 302.45 32.29 5464.57 20395.7
1683632313 301.48 32.85 5588.2 21327
1683632323 301.08 33.72 5394.11 21767.8
1683632333 277.51 34.01 5079.76 18640.9
1683632343 304.81 35.08 5464.18 22012.6
1683632353 301.08 35.66 5563.03 20812.6
1683632364 293.92 36.59 5368.96 19543
1683632374 303.42 37.6 5487.5 22184.4
1683632384 301.27 38.3 5305.18 22797.6
1683632394 291.55 38.66 5173.25 23833.6
1683632404 301.96 38.41 5634.51 16213.3
1683632414 306.08 38.42 5546.67 21937.2
1683632424 305.94 38.64 5476.8 23305.3
1683632434 287.06 38.47 5144.73 19301.6
1683632444 304.02 38.88 5428.4 23642.3
1683632454 284.62 38.66 5165.91 19863.7
1683632464 307.06 38.68 5584.31 20799.2
1683632474 302.45 38.92 5587.5 20584.4
1683632484 301.37 38.72 5478.55 18228.8
1683632494 309.69 38.94 5523.29 23705.3
1683632504 301.86 38.75 5523.29 18832.1
1683632514 308.3 38.74 5337.5 26930.1
1683632524 300.49 38.96 5591.38 17191.8
1683632534 300.49 38.73 5476.74 18768.6
1683632544 308.91 39.19 5698.63 24683
1683632554 303.79 38.93 5437.83 21199.2
1683632564 280.39 38.93 5207.84 21727.5
1683632574 295.37 39.19 5170.44 23568.5
1683632584 303.04 38.92 5471.37 19507.8
1683632594 297.17 39.18 5600 15917.6
1683632604 304.69 38.91 5542.91 22365.6
1683632614 301.76 39.15 5548.34 19629.8
1683632624 309.3 39.16 5565.13 23416.6
1683632634 301.27 38.91 5405.28 21785
1683632644 302.23 38.9 5431.07 21616.3
1683632654 306.57 39.18 5534.12 22095.3
1683632664 301.28 38.9 5526.99 17810
1683632674 309.2 38.91 5548.34 22080.6
1683632684 306.07 38.93 5473.19 20411.7
1683632694 293.42 39.18 5150.15 22491.8
1683632704 297.44 39.14 5259.11 22158.8
1683632714 303.62 38.93 5387.5 19211.3
1683632724 303.82 38.86 5541.23 19691.3
1683632734 308.57 39.19 5403.89 24041.2
1683632744 302.25 38.93 5569.56 17339.3
1683632754 309.49 39.2 5485.71 24349.1
1683632764 274.12 39.18 4718.43 21155.7
1683632774 304.76 38.92 5411.08 21251.7
1683632784 307.34 39.15 5680.55 21330.6
1683632794 301.37 38.91 5626.51 16774.7
1683632804 304.81 38.91 5501.86 20346.2
1683632814 311.83 39.15 5392.77 26721.4
1683632824 283.17 38.94 4984.74 21140.9
1683632834 301.67 39.17 5623.48 18036.8
1683632844 300 38.89 5510.76 18890.8
1683632854 306.96 38.86 5571.76 22623.1
1683632864 296.49 39.18 5252.24 21995.3
1683632874 272.52 39.19 5195.67 19816.8
1683632884 312.26 38.92 5247.51 25076.2
1683632894 298.82 38.91 5537.89 16191.8
1683632904 303.12 38.92 5412.5 22430.5
1683632914 304.9 39.14 5553.77 19331.6
1683632924 305.65 38.93 5528.4 22942.8
1683632934 281.04 39.21 5042.42 18486
1683632944 304.31 38.96 5521.57 20093.7
1683632954 296.51 39.19 5206.99 23709.5
1683632964 301.85 38.94 5471.47 17258
1683632974 306.17 38.93 5453.48 21296.4
1683632984 308.82 39.17 5478.55 22426.6
1683632994 285.03 39.18 5200 19031.3
1683633004 302.95 39.18 5519.84 20610.6
1683633014 294.84 39.2 4941.91 24629.2
1683633024 305.49 38.93 5578.84 17902.8
1683633034 306.22 38.92 5510.59 21153
1683633044 302.64 39.14 5510.76 19081.8
1683633054 308.64 38.93 5425.71 22813.7
1683633064 311.26 39.28 5478.55 23705.8
1683633074 276.78 39.51 4877.27 21006.4
1683633084 299.42 39.54 5655.52 15782.2
1683633094 313.92 39.28 5433.73 24186.7
1683633104 299.12 39.26 5390.79 21483.2
1683633114 299.9 39.26 5578.21 17341.6
1683633124 310.18 39.54 5448.53 24692.8
1683633134 291.29 39.29 5173.76 23315.2
1683633144 299.71 39.47 5539.21 15428.9
1683633154 305.78 39.49 5504.01 23082.1
1683633164 299.61 39.22 5312.89 19559.4
1683633174 306.17 39.43 5579.23 19943.6
1683633184 308.93 39.23 5521.96 22410.2
1683633194 304.68 39.22 5362.73 22709.8
1683633204 290.25 39.5 5137.56 20511.2
1683633214 304.22 39.19 5554.16 18889.7
1683633224 307.24 39.23 5598.82 24928.4
1683633234 294.3 39.5 5298.65 16749.3
1683633244 308.91 39.5 5428.79 23944
1683633254 308.44 39.5 5509.41 23094.1
1683633264 299.52 39.47 5417.09 17542.5
1683633274 302.75 39.49 5629.38 20137.1
1683633284 308.25 39.49 5615.31 20517.4
1683633294 289.53 39.5 5135.42 20385.9
1683633304 310.09 39.49 5342.6 25771.2
1683633314 304.51 39.48 5591.38 18693.4
1683633324 280.12 39.48 5045.64 20859.2
1683633334 303.7 39.48 5489.67 18110.3
1683633344 311.72 39.22 5462.89 25585.2
1683633354 296.47 39.18 5371.37 20368.2
1683633364 309.66 39.46 5445.07 23626.9
1683633374 300.57 39.28 5526.53 18188.8
1683633384 132.49 38.94 791448 20960.9

Execution duration: 00:24:40.40
