1683612590 287.45 2.68 5949.4 13795.2
1683612600 302.09 3.5 5613.1 22131.3
1683612610 304.26 4.25 5670.96 22320.3
1683612620 276.81 4.96 5252.33 18599.8
1683612630 308.1 6.01 5692.1 22540.7
1683612640 302.48 6.57 5504.85 24239.4
1683612650 301.98 6.97 5766.74 19068.9
1683612660 309.91 8.19 5576.64 24427.3
1683612670 302.68 8.82 5640 20596.8
1683612680 304.26 9.47 5665.35 19467.7
1683612691 274.83 10.46 4965.84 19502.9
1683612701 310.82 10.84 5568.89 25563.8
1683612711 303.35 11.7 5635.93 21817.2
1683612721 303.17 12.29 5685.07 20553.9
1683612731 304.84 13.1 5565.62 21809.9
1683612741 306.92 14.31 5596.44 21825.9
1683612751 304.54 14.82 5648.17 19737.8
1683612761 301.97 15.42 5464.03 23302
1683612771 302.75 16.38 5552.11 19332.7
1683612781 307.21 17.18 5514.62 24596
1683612791 292.8 18.1 5390.14 19809.1
1683612801 302.46 18.75 5592.11 21223.7
1683612811 303.65 19.71 5660.81 20299.3
1683612821 273.38 20.33 4816.9 21927.3
1683612831 301.97 20.74 5624.43 19279.6
1683612841 307.5 21.53 5597.63 21435.3
1683612851 303.55 22.34 5566.86 20613.8
1683612861 302.46 23.57 5410.05 24141.5
1683612871 304.02 24.17 5502.95 20823.6
1683612881 284.86 24.79 5056.83 23440.7
1683612891 292.39 25.11 5527.27 15120.6
1683612901 302.85 26.12 5505.51 19832.7
1683612911 308.28 26.74 5485.71 22373.2
1683612921 306.98 27.52 5469.55 20882.5
1683612931 290.35 28.49 5094.78 20356.7
1683612941 313.45 29.27 5494.7 23181.5
1683612951 309.54 29.92 5537.86 22100.3
1683612961 300.59 30.4 5589.79 18087.1
1683612971 303.84 31.28 5381.53 22275.8
1683612981 305 32.39 5496.47 23871.4
1683612991 298.82 33 5665.16 20014.9
1683613001 275.61 33.69 4926.93 18159.1
1683613011 306.28 34.18 5507.66 22498.6
1683613021 308.64 34.8 5595.28 22459.7
1683613031 300.98 35.48 5485.71 19826.6
1683613041 305.78 36.73 5528.7 22350.6
1683613051 303.14 37.21 5401.37 20725.8
1683613061 304.35 38.22 5570.6 22097.1
1683613071 271.99 38.17 4814.1 22742.4
1683613081 299.32 38.39 5681.95 15400.6
1683613091 306.86 38.67 5634.51 24584.3
1683613101 307.16 38.38 5584.31 19717.2
1683613111 291.49 38.57 5211.61 20695.9
1683613121 310.29 38.98 5446.27 25041.6
1683613131 277.49 38.98 4997.26 19560.9
1683613141 303.33 38.76 5616.45 18094.8
1683613151 303.23 38.76 5573.39 21034
1683613161 304.4 38.75 5442.82 23477.6
1683613171 306.72 38.92 5384.23 19754.2
1683613181 277.95 38.74 5045.07 16729
1683613191 312.54 38.96 5265.43 29694.4
1683613201 281.97 38.74 5414.42 13279.1
1683613211 307.43 38.76 5412.5 22130.5
1683613221 303.71 38.96 5542.91 19327.1
1683613231 303.14 38.96 5521.57 20496.5
1683613241 276.24 38.77 4992.38 20694.4
1683613251 307.94 38.95 5546.67 20908.2
1683613261 299.02 38.76 5265.43 23013.5
1683613271 305.38 38.83 5548.34 22908.8
1683613281 298.63 39.09 5634.51 20228.2
1683613291 305.09 38.83 5530.4 20153.7
1683613301 307.25 39.03 5509.02 23177.2
1683613311 297.16 38.84 5478.55 18637.4
1683613321 308.11 38.84 5462.89 24268.4
1683613331 308.44 39.06 5552.11 20592.7
1683613341 300.19 38.85 5508.86 19047.3
1683613351 305.17 39.08 5471.47 21886.7
1683613361 303.92 38.83 5466.01 20139.9
1683613371 306.47 38.85 5559.22 21232.2
1683613381 289.9 39.13 4999.41 23154.9
1683613391 306.43 39.13 5614.04 18939.2
1683613401 306.45 38.93 5525 22019.9
1683613411 304.22 39.17 5403.33 23847.6
1683613421 304.41 38.92 5647.06 20144.3
1683613431 307.5 38.94 5494.51 20557.5
1683613441 273.93 39.13 4625.39 23972.7
1683613451 297.05 38.95 5609.41 14932.9
1683613461 309.49 39.17 5517.89 22353.9
1683613471 308.02 38.95 5567.94 20359.3
1683613481 284.48 39.16 5150 19617.2
1683613491 305.68 38.93 5453.48 23875.8
1683613501 300.59 39.15 5277.96 23942
1683613511 300.49 38.95 5563.03 18697.7
1683613521 306.95 39.18 5573.39 21245.4
1683613531 303.58 39.01 5385.3 23155.5
1683613541 302.85 39.28 5652.99 17648.7
1683613551 305.57 39.09 5450 20958.6
1683613561 305.87 39.1 5548.73 22374.2
1683613571 298.54 39.31 5246.23 22846.2
1683613581 304.36 39.09 5457.75 19362.8
1683613591 307.26 39.08 5609.8 20630.2
1683613601 308.12 39.29 5598.82 24509.6
1683613611 289.54 39.04 5308.92 17493.4
1683613621 313.13 39.45 5491.48 25298.7
1683613631 302.46 39.23 5521.96 20577.2
1683613641 300.39 39.24 5493.25 17716.1
1683613651 305.48 39.48 5360.86 23425
1683613661 302.83 39.47 5436.01 20527.6
1683613671 299.62 39.24 5291.39 23034.7
1683613681 302.24 39.45 5596.5 15715.3
1683613691 311.68 39.23 5348.79 25325.4
1683613701 287.99 39.49 5058.84 17365.8
1683613711 308.04 39.24 5623.92 22163.9
1683613721 303.02 39.24 5521.71 22488.4
1683613731 306.55 39.48 5443.21 19780.7
1683613741 304.2 39.24 5486.1 19402
1683613751 304.89 39.24 5280.55 25399
1683613761 303.91 39.41 5623.87 18266.5
1683613771 301.93 39.26 5447.2 19429
1683613781 305.1 39.45 5521.96 20871
1683613791 311.62 39.48 5475.39 23948.8
1683613801 302.64 39.26 5537.89 18562.1
1683613811 298.14 39.47 5140.18 25777.1
1683613821 301.66 39.25 5580.84 16208
1683613831 309.3 39.49 5486.1 22476.3
1683613841 303.63 39.46 5453.87 19116.2
1683613851 290.05 39.22 5190.25 19728.7
1683613861 306.13 39.44 5491.44 19575.9
1683613871 306.75 39.24 5415.27 22754.2
1683613881 258.6 39.24 4450.39 20198
1683613891 305.1 39.47 5466.4 19380.6
1683613901 304.89 39.25 5412.89 22446.1
1683613911 303.53 39.47 5521.96 19152.1
1683613921 303.71 39.46 5437.89 19655.5
1683613931 307.54 39.23 5491.48 24545.7
1683613941 279.51 39.25 4855.68 21652.5
1683613951 303.92 39.26 5581.6 19501.8
1683613961 301.67 39.48 5693.45 20452.8
1683613971 308.52 39.47 5486.1 20223.5
1683613981 306.75 39.25 5480.74 20846.1
1683613992 290.1 39.25 5058.25 21212
1683614001 289.33 39.42 5033.65 23571.8
1683614012 300.88 39.25 5553.7 17024.5
1683614021 306.36 39.23 5461.06 21863.4
1683614032 309.28 39.47 5470.05 22151
1683614042 298.93 39.25 5454.3 18101.2
1683614051 298.24 39.4 5233.33 23535.3
1683614062 155.77 38.8 791434 26518.2

Execution duration: 00:24:40.40
