1683714643 284.96 2.75 5941.84 14146.6
1683714653 303.97 3.66 5847.47 21502.3
1683714663 301.09 4.48 5654.15 22222.9
1683714673 286.21 5.14 5397.23 20908.3
1683714683 311.5 6.23 5740.08 24254.8
1683714693 293.65 6.45 5568.28 21491
1683714703 304.55 7.13 5728.72 20898.6
1683714713 305.74 8.24 5728.72 20142.6
1683714723 305.53 8.86 5648.56 22885.7
1683714733 305.55 9.96 5683.65 21718.5
1683714743 284.36 10.45 5272.08 20497.8
1683714753 307.71 10.91 5634.43 23567.6
1683714763 305.09 11.87 5724.07 21784
1683714773 307.03 12.7 5741.39 23188.1
1683714783 295.97 13.54 5513.07 18030.3
1683714793 309.69 14.35 5609.1 24840
1683714803 300.89 15.21 5743.98 18291.5
1683714813 270.85 15.44 4844.27 23084.2
1683714823 301.09 16.26 5641.51 19807.9
1683714833 304.84 16.82 5666.8 20494.5
1683714843 303.66 17.97 5621.76 21926
1683714853 297.54 18.58 5500.49 20924.3
1683714863 306.01 19.53 5682.28 20301.6
1683714873 268.35 19.94 4721.49 24103
1683714883 305.73 20.89 5699.11 19742.5
1683714893 304.34 21.27 5718.73 18938.9
1683714903 301.48 22.41 5655.62 21202.4
1683714913 298.43 23.14 5336.87 24015.7
1683714923 300.7 24.13 5634.43 19325.8
1683714933 310.52 24.72 5546.51 26367
1683714943 289.24 25.17 5561.25 17563.6
1683714953 298.33 26.23 5559.61 18778
1683714963 308.88 26.9 5673.84 24002
1683714973 308.9 28.01 5605.86 20697.6
1683714983 271.68 28.64 5072.56 18440.9
1683714993 304.43 29.23 5513.07 21710.5
1683715003 303.83 29.97 5576.4 23034.4
1683715013 305.12 30.49 5594.09 22387.4
1683715023 295.3 31.14 5491.48 19405.7
1683715033 308.45 32.49 5595.67 22315.9
1683715043 308.74 32.99 5608.25 22785.9
1683715053 296.57 33.79 5509.41 19463.5
1683715063 262.13 34.19 4708.48 19592.5
1683715073 305.19 34.98 5554.16 21770
1683715083 298.92 35.43 5561.25 18729.2
1683715093 302.06 36.78 5424.97 23699.9
1683715103 306.27 37.22 5710.19 20526.7
1683715113 305.2 38.08 5527.45 21963.1
1683715123 281.06 38.48 4951.95 22111.3
1683715133 300.19 38.56 5634.9 19429.8
1683715143 305.88 38.36 5685.1 20497.7
1683715153 312.06 38.66 5609.8 23012.2
1683715163 296.47 38.99 5478.94 18829.4
1683715173 302.85 38.7 5563.42 21079.7
1683715183 305.85 38.68 5277.58 27623.8
1683715193 300 38.97 5760.39 14736.9
1683715203 310.26 38.65 5512.89 24698.8
1683715213 303.44 39 5634.9 19322.7
1683715223 307.8 38.74 5439.77 24603.5
1683715233 282.95 38.83 5371.37 16925.5
1683715243 309.99 39.12 5516.55 28103
1683715253 299.8 38.8 5553.24 17379.7
1683715263 309.21 39.12 5579.23 21832.7
1683715273 305.17 38.84 5682.34 23210.9
1683715283 304.7 39.11 5661.45 19670.8
1683715293 271.58 38.82 4883.63 18470.5
1683715303 302.84 38.82 5586.3 21318.2
1683715313 305.88 39.11 5373.77 24552.2
1683715323 302.83 38.85 5669.85 17433.8
1683715333 302.15 39.1 5461.06 22814.1
1683715343 307.21 38.83 5577 22072.1
1683715353 304.49 38.86 5555.82 20837.9
1683715363 280.41 39.14 5178.06 20006.7
1683715373 307.44 38.87 5403.72 23501.3
1683715383 302.35 38.86 5685.1 21240.4
1683715393 308.52 39.14 5561.25 22675.9
1683715403 281.27 38.8 5333.72 19399.2
1683715413 303.92 39.11 5503.62 18371.4
1683715423 311.27 38.97 5541.62 24993.5
1683715433 278.46 39.25 4965.69 20494.3
1683715443 301.37 38.98 5636.4 16807.4
1683715453 307.91 38.98 5575.39 23136.3
1683715463 304.2 38.91 5668.43 21911.2
1683715473 271.6 39.25 4977.47 17084.4
1683715483 309.7 38.94 5609.8 22152.9
1683715494 308.62 39.24 5328.61 26925.9
1683715503 306.73 38.96 5582.44 20070.2
1683715513 308.43 38.95 5529.09 20907.3
1683715523 305.54 38.98 5461.23 22851.3
1683715533 311.16 39.26 5566.7 22579.8
1683715544 295.25 38.96 5588.77 18777.2
1683715553 279.67 39.25 4842.62 22883.3
1683715563 300.39 38.97 5725.39 17548.4
1683715573 308.04 38.96 5652.99 22203.7
1683715583 283.16 39.25 5203.13 19865.2
1683715593 304.59 38.95 5662.89 19309
1683715603 307.05 38.99 5554.16 22272.3
1683715613 304.61 39.27 5313.83 26646.5
1683715623 274.24 39 5236.18 15119.8
1683715633 311.65 39.05 5541.23 24192
1683715643 305.78 39.39 5642.31 19233.7
1683715654 281.73 39.13 5236.93 17823.1
1683715663 306.38 39.39 5660 24659.6
1683715673 308.12 39.1 5536.2 19846.6
1683715684 292.87 39.39 4964.06 26053.1
1683715694 303.11 39.41 5598.06 18754.5
1683715704 310.96 39.4 5511.15 24787.5
1683715713 297.65 39.13 5518.12 19138.1
1683715724 303.33 39.11 5587.48 21216.8
1683715734 306.75 39.39 5455.72 22366.4
1683715744 285.61 39.19 4981.71 21269.3
1683715754 297.95 39.46 5593.35 15791.2
1683715764 307.61 39.18 5457.56 23251.5
1683715774 310.4 39.15 5429.57 24728.4
1683715784 302.35 39.44 5568.33 18784.4
1683715794 301.17 39.12 5562.89 19719.1
1683715804 264.45 39.18 4652.31 24502.2
1683715814 302.15 39.45 5718.47 16567
1683715824 311.73 39.18 5480.74 25112
1683715834 301.67 39.45 5554.16 18675.8
1683715844 296.57 39.47 5391.18 21347.7
1683715854 311.92 39.18 5450.39 23693
1683715864 306.57 39.5 5412.74 23529.3
1683715874 291.72 39.2 5452.24 15212.5
1683715884 305.77 39.48 5473.19 21854.4
1683715894 305.86 39.21 5650 19604.7
1683715904 303.82 39.49 5453.48 21569.4
1683715914 307.33 39.21 5492.86 24213.1
1683715924 305.39 39.21 5666.6 20650.3
1683715934 285.9 39.43 5141.63 18721.2
1683715944 307.83 39.19 5541.23 21751.2
1683715954 307.64 39.23 5616.45 22827.8
1683715964 299.71 39.5 5560.86 19395.3
1683715974 307.73 39.18 5460.67 25026.6
1683715984 302.74 39.51 5723.68 18185.9
1683715994 297.77 39.21 5210.86 24475.7
1683716004 304.8 39.22 5584.31 21303.9
1683716014 301.06 39.48 5614.69 15970.2
1683716024 299.7 39.23 5417.79 20936.1
1683716034 313.32 39.53 5516.16 25727.3
1683716044 303.91 39.29 5625 16973.4
1683716054 287.43 39.58 4996.49 24596.5
1683716064 300.49 39.56 5562.5 16313.7
1683716074 309.88 39.3 5517.89 24073.1
1683716084 289.4 39.53 5242.02 19438.5
1683716094 309.69 39.3 5598.43 22875.2
1683716104 101.47 38.97 791406 14821.5

Execution duration: 00:24:27.27
