1683679149 285.66 2.73 5911.16 13605.2
1683679159 304.76 3.65 5638.5 23721.4
1683679169 299.71 4.23 5669.52 19846.7
1683679179 303.07 5.44 5600.4 22407.9
1683679189 303.57 6.25 5651.19 21995.2
1683679199 285.65 6.35 5283.57 22223
1683679209 302.08 7 5728.72 20559.6
1683679219 303.08 8.02 5765.48 19408.7
1683679229 303.76 8.64 5614.66 22386.5
1683679239 264.56 9.63 4904.95 18728.7
1683679249 305.04 10.17 5634.43 20666.3
1683679259 307.31 10.74 5509.97 25700.7
1683679269 305.94 11.71 5723.05 21434.2
1683679279 303.46 12.17 5692.1 20116.6
1683679289 302.96 12.86 5617.36 20174
1683679299 303.16 14.04 5598.02 20534.7
1683679309 302.77 14.73 5640 22892.7
1683679319 270.85 15.89 4819.37 23618.2
1683679329 302.27 16.3 5574.38 18077.6
1683679339 301.08 17.1 5693.49 19061.5
1683679349 296.36 17.97 5284.33 21396.3
1683679359 302.16 18.55 5611.82 22546.6
1683679369 305.14 19.67 5610.66 20532.7
1683679379 283.53 20.17 4986.58 24149.9
1683679389 301.77 20.68 5757.87 16905.5
1683679399 306.89 21.46 5624.82 21213
1683679409 305.92 22.47 5662.66 20002.4
1683679419 273.43 22.93 5001.57 19453.5
1683679429 304.43 24.1 5568.89 21261.8
1683679439 305.23 24.76 5537.67 22888
1683679449 276.33 25.09 4998.82 22225.2
1683679460 300.29 26.07 5733.6 19603.5
1683679469 308.76 27.19 5468.11 23650
1683679480 299.9 27.59 5541.62 19652.5
1683679490 284.76 28.37 5261.35 19769.5
1683679500 304.71 29.18 5660 18965.9
1683679510 310.33 29.5 5556.7 23470.5
1683679520 304.51 30.14 5577.62 20014.5
1683679530 258.51 31.24 4596.87 18261.5
1683679540 273.62 31.56 4825.59 19175.2
1683679550 305.7 32.87 5557.95 21858.9
1683679560 288.04 33.45 5358.82 19487.5
1683679570 308.45 33.69 5532.81 24604.3
1683679580 304.03 34.44 5495.09 20609.4
1683679590 292.92 35.38 5407.07 20508
1683679600 301.27 35.87 5537.5 19091.4
1683679610 308.13 37.13 5586.3 23533.1
1683679620 303.13 37.64 5591.77 20262.9
1683679630 297.25 38.14 5140.06 24743.6
1683679640 295.31 38.42 5617.99 17723.6
1683679650 306.55 38.55 5473.19 20798.4
1683679660 306.76 38.3 5566.31 23745.3
1683679670 280.81 38.72 5172.09 17364.3
1683679680 304.89 38.48 5517.89 21364.6
1683679690 289.45 38.92 4992.38 25340.4
1683679700 299.02 38.63 5644.49 15737.8
1683679710 307.54 39.1 5510.76 24027
1683679720 299.8 38.85 5634.51 15615.7
1683679730 306.76 38.81 5458.82 23390.2
1683679740 274.08 39.1 4884.54 20143.2
1683679750 302.82 38.8 5508.86 19170.8
1683679760 298.44 39.11 5284.52 22316.6
1683679770 300.29 38.85 5592.23 22136.3
1683679780 307.14 38.82 5448.14 23759.7
1683679790 303.03 39.23 5535.81 21330.3
1683679800 299.71 39.21 5648.53 17337.8
1683679810 302.42 38.94 5475.07 24681.3
1683679820 306.26 39.22 5473.19 20353.4
1683679830 302.94 39.24 5628.99 20526.5
1683679840 295.12 38.94 5426.9 19753.6
1683679850 305.1 39.24 5571.76 20096.9
1683679860 310.56 38.95 5442.82 26332.3
1683679870 301.96 39.2 5661.06 17701.4
1683679880 277.18 38.96 4851.71 23935.8
1683679890 301.75 38.96 5596.11 18908.7
1683679900 305.35 38.94 5478.6 22528.4
1683679910 288.22 39.24 5359.3 17169.2
1683679920 309.79 38.94 5498.24 24001.6
1683679930 310.38 38.97 5679.14 19891.9
1683679940 286.49 39.21 4903.04 25064.8
1683679950 299.91 39.17 5598.43 15873.2
1683679960 304.11 38.96 5530.4 20738.6
1683679970 306.18 39.2 5571.76 20701.6
1683679980 273.88 38.96 4909.59 20465
1683679990 303.33 39.21 5603.92 22325.6
1683680000 288.27 39.2 5029.91 24290.5
1683680010 298.13 38.97 5712.71 15479.8
1683680020 309.9 39.18 5441.33 26207.2
1683680030 301.66 38.96 5676.41 15799.2
1683680040 310.64 39.26 5550 24285.5
1683680050 286.15 38.92 5032.59 22101.1
1683680060 306.08 39.08 5591.38 19720.3
1683680070 301.76 39.36 5378.26 21606.3
1683680080 308.6 39.36 5530.4 23318.5
1683680090 305.35 39.07 5733.2 17394
1683680100 308.05 39.38 5514.43 23550.2
1683680110 296.18 39.1 5215.28 24367.5
1683680120 302.74 39.08 5654.06 16751.8
1683680130 298.45 39.39 5217.9 21924.9
1683680140 306.56 39.01 5636.01 21055.6
1683680150 304.7 39.1 5503.62 19273.7
1683680160 304.9 39.38 5473.19 22264.6
1683680170 309.02 39.08 5546.67 22183.5
1683680180 271.08 39.37 4956.86 19161.2
1683680190 305.09 39.37 5423.87 23318.2
1683680200 306.26 39.11 5579.23 20648.8
1683680210 302.7 39.39 5438.54 20299
1683680220 304.5 39.34 5561.25 18570.2
1683680230 305 39.35 5438.36 24089.6
1683680240 276.12 39.1 5060.66 18091.6
1683680250 309.01 39.36 5338.55 26065.4
1683680260 298.92 39.37 5661.45 16706.8
1683680270 303.72 39.09 5461.06 20236.4
1683680280 297.85 39.15 5300.39 21394.1
1683680290 309.7 39.43 5516.55 22843.1
1683680300 303.59 39.16 5512.71 18057
1683680310 293.07 39.17 4945.56 25717.1
1683680320 300.98 39.43 5507.37 17187.2
1683680330 306.84 39.41 5505.77 21349.8
1683680340 304.6 39.12 5486.49 22210.6
1683680350 305.57 39.44 5625.39 20417.6
1683680360 302.89 39.15 5542.53 18835.1
1683680370 306.36 39.39 5517.89 21374.4
1683680380 277.27 39.16 4800.78 22867.4
1683680390 306.07 39.16 5473.58 21151.9
1683680400 305 39.45 5559.61 20981.6
1683680410 304.4 39.17 5511.15 18495.9
1683680420 306.73 39.17 5550.39 22828.1
1683680430 305.53 39.38 5400.97 19599.6
1683680440 281.86 39.41 4817.26 22112.9
1683680450 303.52 39.15 5478.94 18096.4
1683680460 304.69 39.27 5362.89 22481.2
1683680470 305.3 39.5 5484.31 19210.2
1683680480 306.55 39.26 5430.69 18621.7
1683680490 290.61 39.23 5080.35 22689.3
1683680500 311.17 39.53 5388.05 25042.1
1683680510 301.66 39.25 5643.4 15822.1
1683680520 306.34 39.53 5557.46 21924.3
1683680530 305.58 39.53 5448.53 18814.5
1683680540 305.29 39.24 5466.4 20655.4
1683680550 308.62 39.53 5335.81 22685.7
1683680560 311.61 39.25 5507.9 22925.3
1683680570 307.81 39.52 5458.34 20244.7
1683680580 302.94 39.41 5442.82 21069.4
1683680590 308.62 39.38 5478.94 20185.3
1683680600 308.51 39.7 5423.48 24065.4
1683680610 303.8 39.75 5640.86 17449
1683680620 134.64 39.14 791384 21803.1

Execution duration: 00:24:39.39
