1683607904 286.06 2.68 5782.07 13811.9
1683607914 304.46 3.7 5582.16 24033.7
1683607924 298.62 4.43 5714.69 19902.8
1683607934 294.45 5.21 5409.92 21921.4
1683607944 300 6.16 5735.71 19388.3
1683607954 291.09 6.64 5220.99 24682.8
1683607965 301.18 7.3 5645.97 18638.1
1683607974 306.13 8.12 5603.16 23715.8
1683607984 307.43 8.69 5525.54 22292.3
1683607994 307.92 9.62 5601.58 22329.9
1683608005 288.48 10.64 5271.33 19660.7
1683608015 307.13 10.93 5474.85 23113.3
1683608025 302.37 11.47 5617.36 20087.6
1683608035 300.89 12.42 5558.06 18098.5
1683608045 303.75 13.03 5489.33 21767.2
1683608055 304.75 13.84 5570.72 20858.2
1683608065 302.27 15.01 5552.57 22946.7
1683608075 285.84 15.35 5133.07 22836.8
1683608085 298.43 16.03 5544.99 16860.1
1683608095 305.53 16.73 5438.74 24093.3
1683608105 300.49 17.73 5534.45 19249
1683608115 300.59 18.56 5635.54 18899.9
1683608125 307.02 19.28 5615.81 23145.8
1683608135 269.82 20.08 4695.86 23395.7
1683608145 298.43 20.19 5611.82 16237.6
1683608155 303.85 21.39 5592.11 22182.2
1683608165 302.95 21.98 5555.91 21001.2
1683608175 279.71 23.05 4993.89 19493.6
1683608185 302.46 23.49 5536.16 19351.3
1683608195 308.96 24.3 5493.99 24745.2
1683608205 277.16 25.02 4944.31 20333.7
1683608215 299.41 25.43 5613.37 19245.6
1683608225 302.66 26.57 5669.29 21855.5
1683608235 308.16 27.14 5437.17 20159.3
1683608245 270.18 27.74 4913.39 18274.8
1683608255 303.16 28.87 5679.05 21476.7
1683608265 306.19 29.68 5293.52 25799.6
1683608275 294.7 30.11 5570.14 15808.6
1683608285 299.31 31.04 5426.5 19507.8
1683608295 308.46 31.79 5480.31 24390.1
1683608305 303.54 32.59 5638.54 20497.2
1683608315 282.95 33.65 5207.84 19069
1683608325 312.36 33.85 5502.25 24085.2
1683608335 301.97 34.58 5613.37 17802.6
1683608345 306.25 35.56 5362.5 25930.1
1683608355 284.97 36.15 5306.09 15495.1
1683608365 305.01 37.26 5469.55 23676.2
1683608375 302.85 37.74 5633.01 19374.1
1683608385 289.05 38.43 5072.41 23601.6
1683608395 301.76 38.22 5610.96 16156.2
1683608405 310.28 38.71 5591.38 25608.2
1683608415 286.61 38.48 5205.08 17515.5
1683608425 311.37 38.76 5383.53 24169
1683608435 303.41 38.55 5557.07 17914.9
1683608445 291.6 38.82 4918.08 28085.6
1683608455 297.94 38.61 5690.28 16587.6
1683608465 305.97 38.83 5442.82 21964.4
1683608475 300.68 38.75 5503.62 17982.4
1683608485 289.51 38.73 5232.94 20451
1683608495 284.53 38.98 5107.39 19417.5
1683608505 312.97 38.73 5401.95 25237.4
1683608515 300.1 38.96 5413.67 21039.8
1683608525 305.78 38.75 5466.01 22489.3
1683608535 305.29 38.69 5578.84 20601.8
1683608545 302.83 38.98 5451.85 19086.2
1683608555 310.76 38.77 5417.79 22076.6
1683608565 288.69 38.98 5090.06 20245.2
1683608575 312.14 38.97 5328.5 24605.3
1683608585 307.7 38.75 5384.23 21570.4
1683608595 304.61 38.97 5591.38 16925
1683608605 307.94 38.78 5534.12 21758.8
1683608615 305.78 38.98 5566.31 20143
1683608625 305.96 38.77 5455.33 19647.7
1683608635 288.16 38.78 4909.59 23206.6
1683608645 304.28 39 5416.34 19411.3
1683608655 309.59 38.95 5535.81 21102.1
1683608665 291.91 38.79 5332.29 18832.4
1683608675 308.53 39 5503.62 24221.7
1683608685 303.52 38.71 5542.91 17533.5
1683608695 289.85 38.77 4907.71 25498.5
1683608705 300.98 39 5528.7 17729.3
1683608715 303.51 38.77 5564.13 19301.4
1683608725 306.17 39.01 5478.55 22400.4
1683608735 305.16 38.78 5416.34 26061.1
1683608745 287.49 38.76 5205.08 18086.4
1683608755 311.17 39 5353.18 26798.4
1683608765 294.33 38.77 5592.96 14829.7
1683608775 309.6 38.78 5491.09 20889.3
1683608785 305.39 39.01 5408.63 22995.3
1683608795 300.29 38.87 5507.12 20024.2
1683608805 307.34 39.12 5510.76 21598.8
1683608815 288.59 38.89 5194.93 18801.2
1683608825 309.05 39.12 5473.67 23121.9
1683608835 305.76 39.16 5507.12 20493.7
1683608845 301.84 38.95 5586.81 19039
1683608855 306.07 39.15 5491.09 23386.5
1683608865 306.77 38.92 5509.02 20362.3
1683608875 303.03 39.18 5550 24082.4
1683608885 293.63 38.94 5220.39 19915.7
1683608895 305.07 38.95 5544.59 19601.6
1683608905 304.61 39.32 5521.57 23649.4
1683608915 303.82 39.29 5523.29 18135.8
1683608925 303.61 39.11 5442.82 21744.7
1683608935 305.68 39.33 5553.77 19791.2
1683608945 280 39.11 4833.17 23152.8
1683608955 302.84 39.3 5604.31 18625.3
1683608965 306.76 39.33 5529.09 21659.5
1683608975 305.16 39.32 5391.83 21644
1683608985 278.86 39.26 5042.89 20018.3
1683608995 305.98 39.07 5592.16 18187.3
1683609005 309.37 39.11 5335.02 26645.8
1683609015 301.95 39.32 5575.39 15993.4
1683609025 307.16 39.42 5483.92 23164.7
1683609035 304.5 39.19 5530.79 21036.9
1683609045 306.12 39.22 5393.79 23273
1683609055 303.53 39.42 5542.01 20352.2
1683609065 288.23 39.19 4974.35 22848.2
1683609075 304.99 39.17 5604.31 18041.1
1683609085 307.66 39.36 5519.77 21061.2
1683609095 304.99 39.2 5529.09 18662.9
1683609105 310.32 39.4 5459.4 23883.5
1683609115 302.25 39.19 5568.33 20575.2
1683609125 285.03 39.2 5036 20808.6
1683609135 300.69 39.39 5507.66 20574.8
1683609145 305.66 39.17 5537.89 19152
1683609155 309.6 39.41 5478.94 24407.4
1683609165 282.15 39.41 5244.88 16546.3
1683609175 312.55 39.19 5509.41 25423.5
1683609185 301.28 39.42 5541.62 16364
1683609195 294.14 39.18 5139.78 23248.1
1683609205 306.17 39.18 5504.01 20009.4
1683609215 311.17 39.35 5566.7 21238.8
1683609225 301.37 39.2 5487.89 19588.7
1683609235 303.79 39.37 5510.98 19105.5
1683609245 311.46 39.17 5378.65 26618.6
1683609255 284.14 39.18 5067.58 19173.8
1683609265 306.27 39.42 5574.17 20711.9
1683609276 306.03 39.17 5435.96 23422.7
1683609285 303.03 39.22 5543.69 19736.5
1683609295 277.62 39.46 5017.79 19358.4
1683609305 305.38 39.22 5505.77 19642.2
1683609315 302.26 39.46 4953.03 25003.5
1683609325 312.14 39.43 5536.2 17976.1
1683609335 306.86 39.22 5415.87 17848.4
1683609345 312.09 39.23 5369.76 20666.5
1683609355 312.43 39.46 5385.91 22290.8
1683609365 299.41 39.22 5295.22 18821.5
1683609376 301.17 39.46 5065.76 25806.8
1683609385 59.98 38.84 791398 7132.29

Execution duration: 00:24:45.45
