1683682909 284.26 2.73 5882.86 14270.1
1683682919 302.97 3.78 5716.04 23844
1683682929 299.02 4.59 5717.4 19245.1
1683682939 294.84 5.06 5422.62 23377.4
1683682949 299.7 6.17 5676.59 19507.5
1683682959 305.36 6.32 5586.9 23466.7
1683682969 300.69 6.97 5645.59 20745.3
1683682979 306.35 8.19 5683.25 21659.9
1683682989 309.8 8.9 5627.33 24639.2
1683682999 274.53 9.64 5049.36 19723.7
1683683009 302.77 10.63 5635.93 19635.1
1683683019 290 11.02 5272.48 23723.2
1683683029 302.86 11.8 5630.37 21015.8
1683683039 300.1 12.14 5609.1 18761.6
1683683049 306.62 12.92 5647.09 21149.8
1683683059 305.24 14.25 5603.56 23563.6
1683683069 280.06 14.62 5307.01 18057.7
1683683079 305.22 15.6 5580.67 23248.1
1683683089 306.42 16.02 5666.4 18382.6
1683683099 307.42 17.18 5625.39 23029.7
1683683109 304.05 17.79 5522.21 23072.5
1683683119 302.26 18.52 5617.75 18900.2
1683683129 304.63 19.56 5536.55 21326.5
1683683139 307.2 20.33 5421.12 25434.2
1683683149 303.75 20.81 5687.88 20370.4
1683683159 302.85 21.55 5645.97 20086.4
1683683169 310.95 22.86 5491.51 23402.4
1683683179 297.44 23.17 5563.42 16774.4
1683683189 302.27 24.21 5529.38 22805.9
1683683199 275.52 25 4811.06 24662.6
1683683209 298.13 25.37 5547.48 18212.8
1683683219 300.98 26.26 5601.18 18627.7
1683683229 305.01 27.02 5475.32 23648
1683683239 278.62 27.88 5157.83 15996.4
1683683249 307.56 28.39 5607.86 22363.9
1683683259 309.64 29.27 5525.27 26741.4
1683683269 287.14 30.01 5341.13 17341.9
1683683279 299.41 30.49 5500.49 19404.1
1683683289 301.87 31.35 5505.9 20597.2
1683683299 305.02 32.52 5435.66 23496.3
1683683309 277.71 32.84 5168.17 17264.4
1683683319 304.52 33.75 5606.69 23275.2
1683683329 305.88 34.36 5441.33 22542.6
1683683339 307.46 34.81 5502.25 21748
1683683349 302.06 35.73 5572.15 20789.4
1683683359 305.29 36.78 5559.61 19796.9
1683683370 306.17 37.29 5523.68 20618.8
1683683380 302.94 38.07 5403.72 25021.3
1683683390 275.24 38.49 4878.14 19971
1683683400 299.51 38.27 5541.62 18121.5
1683683410 306.07 38.97 5586.3 21275.9
1683683420 284.63 38.65 5228.21 19067.2
1683683430 311.97 39.02 5477.13 25835.9
1683683440 298.33 39.05 5672.55 19705.5
1683683450 282.7 38.74 4880.16 22947
1683683460 296.67 38.74 5542.91 15085.4
1683683470 307.21 39.04 5526.71 23545
1683683480 303.93 38.75 5589.79 19896.8
1683683490 306.63 39.02 5489.28 22272.1
1683683500 291.98 38.76 5260.27 21698.2
1683683510 301.17 39.04 5396.47 25023.9
1683683520 297.85 38.75 5600 15860.2
1683683530 305.88 38.71 5509.02 23733.7
1683683540 303.43 39.03 5535.81 19168.3
1683683550 306.27 38.73 5609.41 20865.1
1683683560 287.9 38.69 5222.5 19958.8
1683683570 307.63 39.04 5448.14 25831.3
1683683580 300.78 38.75 5464.33 18262
1683683590 308.22 38.86 5485.71 23520.9
1683683600 302.16 39.18 5647.06 17189.8
1683683610 308.05 38.89 5499.9 22263.8
1683683620 299.81 38.9 5475 19846.1
1683683630 286.82 39.16 5137.5 19410.2
1683683640 306.85 38.9 5485.71 24527.6
1683683650 303.82 38.84 5555.43 18123.6
1683683660 306.65 39.19 5480.35 22873.9
1683683670 302.45 38.89 5483.92 20010.6
1683683680 304.2 39.19 5530.4 19844
1683683690 306.16 38.89 5480.35 23969.1
1683683700 298.73 39.15 5283.14 22551.8
1683683710 303.43 38.88 5552.11 19354.7
1683683720 305.99 39.21 5473.36 22421.6
1683683730 300.38 38.89 5416.34 21172.8
1683683740 305.49 38.9 5647.06 19829.8
1683683750 306.85 39.19 5628.99 25149.5
1683683760 263.64 38.91 4629.52 18878.2
1683683770 300.98 39.18 5648.53 21281.8
1683683780 308.04 38.88 5509.02 22775.7
1683683790 306.46 39.16 5535.81 21339.3
1683683800 280.57 39.19 5237.5 19234
1683683810 303.6 38.9 5521.32 19717.6
1683683820 294.52 38.9 5079.96 24709.3
1683683830 299.41 39.15 5662.27 15372.6
1683683840 306.55 38.9 5573.39 22731.5
1683683850 299.02 39.16 5555.43 18225.2
1683683860 305.09 38.88 5503.62 21735.2
1683683870 285.42 39.02 5197.65 22021.5
1683683880 309.5 39.3 5428.4 23754.8
1683683890 307.06 39.03 5559.22 19548.2
1683683900 301.27 39.31 5530.1 18357.3
1683683910 305.97 39.3 5560.86 25293.5
1683683920 304 39.32 5589.08 17286.5
1683683930 305.67 39.3 5585.91 25230.5
1683683940 287.2 39.3 5164.69 17086.3
1683683950 308.05 39.03 5427.29 23569.8
1683683960 305.59 39.32 5528.7 19628.6
1683683970 302.35 38.98 5621.96 21848.2
1683683980 309.61 39.28 5640.04 21491.7
1683683990 303.52 39.3 5456.89 20955.6
1683684000 302.54 39.28 5555.43 21549.6
1683684010 308.9 39.29 5357.97 22876.2
1683684020 303.63 39.33 5458.82 20829.8
1683684030 302.25 39.13 5483.92 21034.1
1683684040 300.59 39.43 5583.64 21749.2
1683684050 306.45 39.17 5380.25 22236.2
1683684060 301.18 39.44 5308.24 23244.7
1683684070 305.85 39.16 5480.58 20918.2
1683684080 302.35 39.17 5584.31 16644.3
1683684090 308.03 39.45 5398.04 23315.8
1683684100 303.62 39.17 5555.43 18868.8
1683684110 306.26 39.46 5573.39 21307.2
1683684120 307.63 39.41 5523.29 23382.8
1683684130 262.29 39.16 4687.95 21299.9
1683684140 301.28 39.16 5634.51 16107.1
1683684150 305.09 39.45 5480.35 22995.9
1683684160 306.65 39.17 5555.43 18705.4
1683684170 306.88 39.42 5494.57 21975.6
1683684180 310.38 39.18 5453.48 23937.7
1683684190 308.19 39.16 5340.87 24513.2
1683684200 300 39.45 5610.96 16192.6
1683684210 303.81 39.16 5548.34 19240.7
1683684220 305.14 39.16 5499.9 20739.1
1683684230 307.05 39.45 5553.77 21545.9
1683684240 310.57 39.22 5473.19 24138.5
1683684250 262.59 39.5 4681.29 19303.4
1683684260 305.42 39.21 5484.34 20677
1683684270 307.04 39.22 5523.29 21234.8
1683684280 305.67 39.5 5510.76 20907.2
1683684290 278.92 39.19 5107.45 16480.4
1683684300 304.6 39.49 5512.5 22348.8
1683684310 306.43 39.23 5459.01 22158.9
1683684320 285.8 39.21 5163.57 21481.7
1683684330 304.57 39.47 5455.53 19487.4
1683684340 301.96 39.23 5516.55 20221
1683684350 289.13 39.5 5190.21 20844.3
1683684360 307.35 39.22 5446.66 22009
1683684370 304.28 39.49 5480.78 22560.8
1683684380 48.83 38.87 791427 9959.69

Execution duration: 00:24:33.33
