1683672372 309.46 1.76 1769.72 5034.26
1683672382 310.81 2.26 1454.76 10412.3
1683672392 310.68 2.44 1469.83 8587.54
1683672402 312.87 3.11 1444.75 11051.1
1683672412 316.66 3.5 1440.08 15583.3
1683672422 309.22 3.59 1473.02 5702.78
1683672432 310.45 3.91 1439.05 9902.56
1683672442 312.1 4.34 1447.62 9645.24
1683672452 313.77 4.73 1421.21 10242.2
1683672462 209.92 5.07 15449.4 9042.62
1683672472 315.53 5.57 1393.08 15721.1
1683672482 309.01 5.38 1470.89 5860.59
1683672492 312.7 6.01 1422.22 10735.7
1683672502 311.2 6.39 1419.81 7930.3
1683672512 313.65 6.84 1418 12449.5
1683672523 311.98 7.1 1470.5 8202.38
1683672532 316.06 7.55 1408.53 16637.5
1683672543 309.99 7.55 1467.59 5627.67
1683672553 311.76 7.78 1441.9 8747.83
1683672563 225.23 8.25 15044.1 11564.4
1683672573 309.11 8.54 1419.41 6815.05
1683672583 313.64 8.69 1418 11785.6
1683672593 312.06 9.38 1391.7 10000.4
1683672603 313.84 9.45 1393.47 11934.3
1683672613 312.27 9.78 1418.4 9767.75
1683672623 309.97 10.1 1440.47 8495.95
1683672633 312.85 10.39 1417 9160.87
1683672643 312.65 10.55 1441.9 10337.5
1683672653 311.84 11.19 1444.18 8822.49
1683672663 313.15 11.08 1393.08 13850.8
1683672673 233.24 11.56 16366 7912.96
1683672683 310.38 11.57 1417 8760.08
1683672693 311.94 12.3 1413.81 10101.8
1683672703 314.09 12.72 1438.43 11110.5
1683672713 312.91 13.17 1439.05 9408.68
1683672723 315.66 13.39 1413.59 13311.5
1683672733 310.75 13.66 1465.75 8508.59
1683672743 309.87 13.92 1440.86 8729.71
1683672753 313.12 14.33 1439.05 9761.34
1683672763 312.65 14.71 1416.6 9818.18
1683672773 312.64 14.79 1440.47 10169.4
1683672783 261.75 15.38 16491.9 12571.6
1683672793 310.55 15.6 1438.03 6200.59
1683672803 312.32 15.99 1412.41 12011.8
1683672813 310.07 16.34 1414.2 8818.93
1683672823 313.7 16.68 1437.64 9486.9
1683672833 310.52 17.06 1410.03 9691.64
1683672843 317.36 17.51 1389.35 14034.3
1683672853 310.44 17.63 1436.61 5725.59
1683672863 312.41 18.02 1437.64 11034.1
1683672873 312.28 18.35 1433.4 8017.68
1683672883 310.41 18.58 1408.64 11784.7
1683672893 220.57 19.31 16515.8 10353.5
1683672903 312.79 19.51 1386.62 12912.6
1683672913 310.04 19.58 1434.81 6181.32
1683672923 312.97 19.92 1410.03 8991.94
1683672933 311.66 20.48 1379.04 11054.6
1683672943 311.39 20.7 1434.81 7829.7
1683672953 312.37 21.13 1408.25 9777.6
1683672963 317.12 21.57 1410.03 15163.8
1683672973 309.35 21.44 1461.81 6172.05
1683672983 312.31 22.07 1411.02 10177.2
1683672993 313.58 22.13 1436.61 9641.34
1683673003 136.15 22.79 16211.4 9176.42
1683673013 310.13 23.33 1410.03 10993.5
1683673023 316.11 23.53 1383.49 13515.5
1683673033 309.92 23.39 1433.79 5735.17
1683673043 309.4 23.88 1404.11 7940.06
1683673053 310.29 24.32 1380.39 10865.9
1683673063 314.14 24.48 1407.26 11006.1
1683673073 311.01 25.11 1409.64 9448.18
1683673083 312.83 25.46 1404.5 11631.7
1683673093 312.15 25.49 1429.58 9713.61
1683673103 311.36 25.82 1404.5 8837.22
1683673113 93.53 26.25 15615.3 9909.41
1683673123 309.72 26.57 1383.49 9897.84
1683673133 309.44 27.03 1384.46 10003.9
1683673143 308.13 27.04 1404.11 7987.07
1683673153 314.53 27.52 1357.41 13157.2
1683673163 310.67 27.79 1404.11 8145.35
1683673173 312.68 27.83 1435.2 10853.5
1683673183 311.51 28.61 1384.46 9732.55
1683673193 309.91 28.81 1431.99 8672.82
1683673203 313.63 29.34 1405.49 11375.7
1683673213 311.97 29.12 1381.17 11068.2
1683673223 285.69 29.59 15261.2 7226.66
1683673233 308.42 29.96 1379.04 10219.8
1683673243 312.15 30.35 1404.5 9623.11
1683673253 312.76 30.68 1406.87 8768.6
1683673263 310.48 31.1 1402.74 10009.4
1683673273 313.9 31.09 1404.5 12872.5
1683673283 310.98 31.57 1430.98 7309.8
1683673293 309.68 31.96 1401.37 10094.6
1683673303 307.73 32.27 1376.73 9346.24
1683673313 311.74 32.77 1402.74 11595.3
1683673323 308.61 32.76 1427.79 7272.41
1683673333 270.56 33.31 16489.5 14040.8
1683673343 310.64 33.18 1425 7741.8
1683673353 311.26 33.67 1379.43 10049
1683673363 308.7 34.19 1375 9241.8
1683673373 309.37 34.63 1375.39 9011.72
1683673383 313.7 34.98 1402.74 9616.83
1683673393 310.96 35.34 1353.42 13914.3
1683673403 307.13 35.51 1426.39 5725.12
1683673413 312.35 35.81 1405.49 10823.5
1683673423 310.75 36.34 1400.39 9572.66
1683673433 309.48 36.3 1425 9846.09
1683673443 283.49 37.13 16204.3 11867.6
1683673453 313.37 37.42 1375.78 12542.6
1683673463 304.88 37.28 1399.02 5945.76
1683673473 311.27 37.84 1405.49 8910.59
1683673483 312.23 38.23 1390.88 12054.7
1683673493 307.42 37.98 1399.02 8188.88
1683673503 311.52 38.26 1425 8991.8
1683673513 316.6 38.26 1375.78 15257
1683673523 307.23 38.26 1425 5900.78
1683673533 311.3 38.27 1422.61 10151.7
1683673543 311.7 38.26 1422.22 12045.2
1683673553 261.66 38.26 16188.8 7593.45
1683673563 312.38 38.26 1422.22 8759.84
1683673573 311.27 37.98 1370.04 11769.3
1683673583 312.44 38.26 1393.2 11026.6
1683673593 309.64 38.25 1395.91 9699.32
1683673603 309.92 38.25 1421.23 8657.06
1683673613 312.79 38.26 1400 12417.6
1683673623 314.55 38.25 1390.88 9808.34
1683673633 310.43 38.26 1422.22 8342.69
1683673643 312.65 37.98 1396.3 10513.7
1683673653 311.33 37.98 1425 6755.86
1683673663 185.18 38.42 16295.1 14040.5
1683673673 311.43 38.41 1399.02 10146
1683673683 309.18 38.14 1425 7112.89
1683673693 312.59 38.14 1425.39 9166.41
1683673703 314.83 38.42 1374.05 11769.8
1683673713 310.41 38.42 1419.85 8099.61
1683673723 313.93 38.14 1397.27 10258.5
1683673734 310.11 38.42 1417.17 9179.77
1683673743 311.81 38.42 1425 9036.72
1683673753 311.42 38.42 1399.02 10843.7
1683673763 315.24 38.15 1375 11988.7
1683673773 214.85 38.42 15844.1 6706.25
1683673783 313 38.45 1401.76 12142.3
1683673793 308.27 38.45 1418.08 8289.21
1683673803 316.01 38.16 1400.39 10659.4
1683673813 312.2 38.45 1373.66 11551.6
1683673823 313.02 38.56 1403.13 10791
1683673833 312.69 38.27 1425 9348.05
1683673843 312.4 38.54 1425.39 7571.48
1683673853 310.15 38.55 1423.61 8987.32
1683673863 314.02 38.55 1420.84 10539.8
1683673873 309.25 38.27 1421.23 8731.06
1683673884 216.44 38.55 15995.7 14567.7
1683673893 309.07 38.55 1424 7640.2
1683673904 312.13 38.54 1366.99 11368.5
1683673913 311.03 38.27 1424 8289.95
1683673923 309.66 38.55 1398.63 10450
1683673933 312.1 38.56 1399.02 9929.76
1683673944 313.02 38.27 1343.44 13273.5
1683673953 308.22 38.55 1426.39 5785.73
1683673963 312.3 38.27 1425.39 8675.39
1683673974 311.7 38.55 1397.27 10625.7
1683673984 111.51 38.56 14499.1 11808.4
1683673994 310.46 38.55 1400 8996.88
1683674004 315.12 38.56 1374.44 13689.8
1683674014 309.18 38.56 1400 8245.31
1683674024 310.63 38.57 1422.61 6967.25
1683674034 312.58 38.56 1398.63 9532.49
1683674044 315.44 38.55 1391.84 10730.5
1683674054 311.52 38.55 1387.8 8719.46
1683674064 315.64 38.56 1350.39 15958.2
1683674074 307.53 38.56 1428.18 5463.41
1683674084 311.02 38.28 1423.61 9407.61
1683674094 280.84 38.57 15282.1 11954.2
1683674104 308.41 38.57 1426.39 7233.24
1683674114 312.37 38.29 1396.3 10517.6
1683674124 313.38 38.57 1350 11875
1683674134 311.41 38.58 1397.66 9992.2
1683674144 310.14 38.57 1397.66 9814.42
1683674154 314.06 38.57 1365.66 12223.1
1683674164 311.16 38.57 1428.18 5692.37
1683674174 312.89 38.58 1400 12155.5
1683674184 313 38.29 1426.78 10617.4
1683674194 220.94 38.56 14873.6 9292.7
1683674204 306.71 38.56 1394.94 7346.3
1683674214 313.36 38.56 1348.68 12488.2
1683674224 306.55 38.29 1401.37 6865.3
1683674234 312.5 38.57 1400 10762.1
1683674244 310.08 38.57 1401.37 11071.8
1683674254 309.96 38.57 1362.09 11028.2
1683674264 308.12 38.57 1425 7737.89
1683674274 312.6 38.29 1375.39 12260.9
1683674284 308.47 38.57 1420.84 6361.05
1683674294 123.25 38.57 14517.2 11180.1
1683674304 310.16 38.57 1400 9105.86
1683674314 311.73 38.57 1351.32 12645.9
1683674324 308.95 38.29 1394.94 8906.61
1683674334 308.51 38.57 1385.12 9315.94
1683674344 313.47 38.57 1400.39 11974.2
1683674354 308.87 38.54 1397.27 6858.09
1683674364 313.45 38.55 1372.71 10389.5
1683674374 315.45 38.55 1368.71 12950.4
1683674384 311.45 38.55 1451.42 6106.74
1683674394 312.75 38.29 1419.85 10922.2
1683674404 217.4 38.57 15330.1 10273
1683674414 311.56 38.57 1392.23 9802.33
1683674424 314.62 38.29 1397.27 11522.8
1683674434 314.1 38.28 1361.16 13212.8
1683674444 308.68 38.57 1422.22 6989.86
1683674454 310.7 38.57 1421.23 9566.5
1683674464 313.56 38.57 1423.61 9688.2
1683674474 312.41 38.57 1400 9846.09
1683674484 310.15 38.57 1398.63 9818.93
1683674494 315.32 38.57 1374.44 13837.3
1683674504 308.21 38.3 1418.57 5924.14
1683674514 299.12 38.57 15920.1 9876.53
1683674524 312.19 38.57 1424 11266.7
1683674534 312.74 38.29 1369.65 10557.6
1683674544 309.55 38.57 1424 8487.02
1683674554 314.5 38.57 1344.75 16348.2
1683674564 310.61 38.29 1444.75 6680.54
1683674574 314.74 38.57 1424 9377.95
1683674584 309.03 38.57 1390.49 10545.9
1683674594 311.31 38.57 1424 12266.1
1683674604 310.31 38.57 1405.78 10428.9
1683674614 95.91 38.56 15166.1 9015.59
1683674624 312.89 38.57 1375 11716
1683674634 308.11 38.29 1401.76 7401.37
1683674644 312.97 38.57 1372.32 12106.4
1683674654 309.75 38.57 1423.61 8631.41
1683674664 309.81 38.57 1367.38 9207.77
1683674674 309.84 38.28 1398.63 9594.15
1683674684 315.1 38.57 1372.71 12616
1683674694 311.1 38.57 1419.46 8357.59
1683674704 306.59 38.57 1389.15 8508.91
1683674714 311.02 38.29 1398.63 9251.51
1683674724 314 38.29 1370.04 12732.3
1683674734 237.7 38.57 16560.2 7742.97
1683674744 312.72 38.57 1377.51 13191.8
1683674754 312.12 38.29 1401.76 8157.18
1683674764 309.16 38.57 1370.98 9653.75
1683674774 309.76 38.29 1400 8196.09
1683674784 311.45 38.57 1391.84 12306.4
1683674794 309.4 38.57 1386.85 8745.45
1683674804 314.55 38.57 1400.78 13503.9
1683674814 307.99 38.57 1447.56 5748.93
1683674824 311.29 38.57 1346.06 13356.6
1683674834 152.69 38.57 14690.9 6379.27
1683674844 312.87 38.57 1372.71 12290.5
1683674854 309.94 38.57 1395.91 8014.41
1683674864 312.87 38.29 1324.49 13058.7
1683674874 311.39 38.57 1422.22 6124.76
1683674884 314.43 38.57 1397.27 10424.2
1683674894 309.93 38.29 1395.91 8796.49
1683674904 310.92 38.57 1422.22 9502.53
1683674914 313.13 38.56 1419.85 9924.51
1683674924 317.57 38.57 1351.17 14516
1683674934 163.19 38.57 14112.1 5558.2
1683674944 307.87 38.57 1366.99 8006.21
1683674954 312.99 38.58 1325.39 14208.2
1683674964 306.64 38.3 1423.61 5864.98
1683674974 313.66 38.58 1373.66 13836.9
1683674984 311.73 38.58 1332.45 11463.8
1683674994 309.84 38.3 1422.61 7053.02
1683675004 309.08 38.58 1398.63 7877.85
1683675014 313.15 38.58 1372.32 12542.3
1683675024 309.55 38.58 1447.56 6920.86
1683675034 313.68 38.3 1350 13214.8
1683675044 186.81 38.58 15546.9 7501.95
1683675054 311.07 38.58 1391.84 10361.5
1683675064 309.3 38.29 1378.08 8054.01
1683675074 311.02 38.57 1397.27 9286.55
1683675084 314.35 38.57 1386.93 11209.8
1683675094 309.95 38.57 1399.41 10035.1
1683675104 309.66 38.3 1425.95 9074.73
1683675114 312.78 38.58 1374.44 11416.2
1683675124 309.07 38.58 1423.61 7794.73
1683675134 312.5 38.58 1375.39 12287.9
1683675144 309.22 38.3 1441.55 7267.18
1683675154 189.86 38.58 15934.4 8814.44
1683675164 310.17 38.58 1401.37 9734.12
1683675174 312.18 38.57 1347.76 13651.9
1683675184 309.08 38.3 1399.02 8612.29
1683675194 307.8 38.58 1403.08 6926.92
1683675204 310.24 38.58 1399.02 9681.56
1683675214 311.5 38.3 1422.22 10127.1
1683675224 310.64 38.58 1425.39 9848.44
1683675234 313.91 38.57 1344.75 14063
1683675244 309.37 38.58 1448.59 5509.07
1683675254 312.08 38.58 1371.37 11867.6
1683675264 138.42 38.58 15817.9 9124.51
1683675274 308 38.59 1374.05 9108.68
1683675284 312.49 38.59 1373.66 12785.2
1683675294 313.36 38.3 1374.44 10715.3
1683675304 307.91 38.58 1423.61 5205.46
1683675314 311.61 38.58 1374.05 8768
1683675324 313.87 38.3 1400 12827.7
1683675334 307.68 38.58 1418.08 6919.73
1683675344 310.63 38.59 1372.32 11555.2
1683675354 314.74 38.59 1375 12936.3
1683675364 310.7 38.59 1421.23 6181.89
1683675374 130.35 38.59 15411.1 9801.37
1683675384 308.17 38.58 1393.2 9338.78
1683675394 311.91 38.6 1373.66 11331.5
1683675404 311 38.3 1422.61 8334.89
1683675414 316.6 38.58 1375 14328.5
1683675424 308.09 38.57 1422.22 5852.63
1683675434 311.72 38.29 1400.39 8923.05
1683675444 310.34 38.58 1422.22 10472.1
1683675454 312.01 38.59 1408.59 11077.7
1683675464 310.39 38.58 1418.08 8889.41
1683675474 314.74 38.58 1400.39 10027.7
1683675484 218.63 38.58 15413.1 10855.8
1683675494 312.03 38.58 1401.76 9862.37
1683675504 313.62 38.59 1419.46 11068.5
1683675514 310.55 38.58 1400 8912.5
1683675524 313.65 38.58 1397.66 11382.1
1683675534 311.02 38.57 1398.63 9186.73
1683675544 316.5 38.58 1400 11577
1683675554 312.68 38.59 1423.61 8446.44
1683675564 308.67 38.58 1395.91 9107.69
1683675574 310.35 38.58 1375 10472.7
1683675584 310.3 38.57 1393.59 8076.58
1683675594 197.66 38.58 15833.5 9454.58
1683675604 314.65 38.57 1350.39 14202.3
1683675614 309.83 38.3 1421.23 6907.5
1683675624 311.08 38.3 1369.65 11514
1683675634 313.17 38.58 1372.71 13115
1683675644 312.17 38.58 1444.36 6799.61
1683675654 314.74 38.58 1424 11125.5
1683675664 315.27 38.58 1394.94 12867.7
1683675674 309.15 38.58 1447.56 7642.88
1683675684 313.61 38.59 1369.65 11921
1683675694 310.61 38.3 1402.92 7315.29
1683675704 278.66 38.59 14841.7 6249.51
1683675715 297.49 38.59 307.15 1444.1
1683675725 67.05 38.5 75.63 1966.86

Execution duration: 00:55:54.54
