1683657425 286.05 2.66 6009.96 13057.8
1683657435 305.86 3.5 5714.69 22455.6
1683657445 303.16 4.21 5690.7 21706.1
1683657455 275.97 5.24 5046.68 21422.5
1683657465 304.87 5.96 5618.67 21669.1
1683657475 294.35 6.39 5567.89 20494.8
1683657485 307.73 7 5733.99 20223.6
1683657495 310.01 7.94 5645.59 23537.8
1683657505 304.05 8.98 5598.02 21788.7
1683657515 304.54 9.65 5654.15 19906.3
1683657525 286.63 10.38 5234.46 19524.8
1683657535 306.03 10.95 5520.87 24700.3
1683657545 310.98 11.72 5646.69 23622.5
1683657555 297.72 12.49 5533.14 18907.2
1683657565 300.7 12.99 5625.8 19221
1683657575 306.23 13.98 5596.44 22151.9
1683657585 305.93 15 5590.91 22388.1
1683657595 276.77 15.44 5053.94 21575.6
1683657605 303.45 16.08 5605.12 18348.7
1683657615 307.5 16.73 5635.54 20553.6
1683657625 308.09 18.05 5453.64 25689.2
1683657635 288.08 18.65 5296.94 20204.9
1683657645 301.87 19.49 5756.21 17392.9
1683657655 302.95 20.21 5229.53 26364.6
1683657665 302.87 20.34 5603.56 17321
1683657675 311.93 21.54 5523.94 23389.5
1683657685 304.82 22.32 5683.69 20980
1683657695 305.12 23.06 5561.77 21607.9
1683657705 284.68 23.89 5268.76 18510
1683657715 307.97 24.6 5401.19 26276.4
1683657725 302.57 25.28 5579.88 18856.4
1683657735 298.92 25.79 5590.18 17003.7
1683657745 309.07 26.93 5611.82 24628.6
1683657755 306.47 27.55 5565.06 20368.2
1683657765 311.82 28.49 5669.68 23759.1
1683657775 279.75 29.46 5135.03 18183.2
1683657785 307.67 29.63 5518.5 23315.8
1683657795 307.68 30.68 5563.42 22097.1
1683657805 297.45 31.1 5532.81 17403.1
1683657815 311.83 32.15 5529.38 23831.6
1683657825 304.81 33.07 5658.54 19521
1683657835 281.68 33.73 5127.91 20635.5
1683657845 303.44 34.27 5450.14 20268.2
1683657855 308.67 34.97 5549.16 22615.6
1683657865 306.74 35.75 5544.98 21129.8
1683657875 305.3 36.79 5527.38 21558.4
1683657885 304.71 37.39 5640.04 18959.8
1683657895 305.97 38.25 5511.15 23704.1
1683657905 273.09 38.4 4677.16 22375.9
1683657915 302.61 38.41 5549.95 17787.4
1683657925 310.36 38.88 5468.23 27221.5
1683657935 303.82 38.77 5643.4 18522.4
1683657945 305.4 38.93 5509.41 21753.3
1683657955 304.88 38.74 5600.39 19057
1683657965 284.75 38.74 5017.79 24595.1
1683657975 302.65 38.93 5585.91 18594.1
1683657985 307.83 38.78 5570.99 22409.7
1683657995 295 38.95 5258.43 21325.5
1683658005 305.08 38.78 5512.89 22143.4
1683658015 303.71 38.77 5612.89 17535.2
1683658025 284.45 38.95 4797.26 26029.8
1683658035 299.61 38.74 5687.5 14596.9
1683658045 308.68 38.75 5532.1 22192.8
1683658055 306.48 38.95 5621.96 20903.5
1683658065 307.35 38.77 5516.16 23441.3
1683658075 283.93 38.77 5277.96 16828.6
1683658085 313.61 38.95 5498.24 27661.1
1683658095 289.49 38.88 5259.59 17184.8
1683658105 307.33 38.78 5555.43 21970.7
1683658115 307.33 38.77 5623.48 19230.1
1683658125 309.02 38.92 5506.98 22489.9
1683658135 292.5 38.76 5209.74 22024.9
1683658145 307.75 38.76 5609.41 19090.6
1683658155 307.54 38.92 5673.58 21955
1683658165 308.72 38.77 5478.55 22426.6
1683658175 306.27 38.88 5573.39 23482.2
1683658185 308.72 38.75 5679.14 18378.1
1683658195 309.18 38.76 5525 21655.1
1683658205 274.07 38.97 4997.26 20603.5
1683658215 311.63 38.8 5455.33 24356.2
1683658225 302.35 38.95 5628.99 16681.3
1683658235 307.75 38.79 5552.11 22087.2
1683658245 291.46 38.95 5264.02 18230.5
1683658255 306.66 38.79 5573.39 23202.7
1683658265 303.62 38.79 5573.39 23699.8
1683658275 272.38 38.97 4713.81 18990.8
1683658285 306.77 38.78 5715.41 18624.5
1683658295 306.51 38.93 5430.68 23034.2
1683658305 303.03 38.82 5578.84 17925.2
1683658315 293.83 38.82 5240.35 20180.2
1683658325 311.87 39 5534.12 22777.7
1683658335 309.71 38.84 5409.41 26302.3
1683658345 302.84 38.84 5673.58 15903.3
1683658355 313.73 39.25 5521.57 24850.6
1683658365 304.22 39.07 5577.23 18269.3
1683658375 307.71 39.25 5551.66 20799.6
1683658385 283.99 39.1 5008.16 21619
1683658395 315.18 39.07 5491.09 25742.6
1683658405 301.27 39.24 5562.5 16023
1683658415 311.07 39.25 5503.62 24739.7
1683658425 303.03 39.07 5686.11 16606.3
1683658435 308.73 39.23 5496.47 23007.1
1683658445 308.5 39.08 5637.5 21419.1
1683658455 291.33 39.25 5277.19 18243.7
1683658465 302.15 39.03 5217.6 25053.4
1683658475 308.8 39.06 5510.76 19662.2
1683658485 310.79 39.26 5451.62 24419.2
1683658495 301.08 39.27 5562.82 18219.2
1683658505 308.21 39.28 5521.02 22506.3
1683658515 304.01 39.27 5555.82 18579.1
1683658525 307.15 39.11 5284.71 24028.6
1683658536 300.78 39.11 5582.44 18713.8
1683658546 310.74 39.29 5475.39 22093.4
1683658556 308.1 39.1 5357.38 22817
1683658566 307.8 39.28 5577 17984.4
1683658576 274.04 39.11 5040.15 21107.5
1683658586 311.57 39.08 5359.21 23923.9
1683658596 303.32 39.3 5651.85 16963
1683658606 307.62 39.08 5562.89 20369.5
1683658616 296.88 39.29 5207.8 21917.3
1683658626 305.38 39.12 5616.84 20193.9
1683658636 308.31 39.12 5562.89 20586.3
1683658646 280.5 39.28 4756.47 25764.3
1683658656 305.1 39.1 5604.31 18877.2
1683658666 303.95 39.24 5517.84 19148.3
1683658676 306.96 39.08 5572.15 20013.7
1683658686 304.68 39.29 5282.34 25045.5
1683658696 299.31 39.16 5529.09 16826.6
1683658706 308.79 39.16 5547.6 21231.7
1683658716 266.02 39.34 4700.29 20104.4
1683658726 310.47 39.15 5549.12 21371.4
1683658736 306.92 39.35 5584.03 22942.5
1683658746 309.09 39.1 5568.72 19992.2
1683658756 295.54 39.38 5202.33 23607.8
1683658766 300.78 39.18 5611.35 17699.4
1683658776 304.79 39.23 5302.84 24021.5
1683658786 300 39.38 5629.38 16984.1
1683658796 308.31 39.37 5523.29 23162.4
1683658806 306.56 39.22 5503.62 22581.8
1683658816 304.99 39.22 5548.73 17939.3
1683658826 294.91 39.2 5248.14 21900.2
1683658836 309.9 39.38 5411.56 24578.6
1683658846 299.51 39.21 5604.31 15794.7
1683658856 308.42 39.37 5529.09 23520.1
1683658866 306.75 39.38 5511.15 18619.2
1683658876 306.15 39.22 5475.39 21995.3
1683658886 309.31 39.4 5509.41 23156.9
1683658896 24.07 38.75 791418 7099.81

Execution duration: 00:24:32.32
