1683816635 304.79 1.73 1566.54 4959.76
1683816645 305.34 2.23 1426.93 10292.7
1683816655 307.64 2.65 1449.21 7948.41
1683816665 307.15 2.84 1395.84 12094
1683816675 306.82 3.43 1410.46 12388.5
1683816685 304.55 3.24 1446.18 7559.96
1683816695 306.84 3.91 1419.81 8849.11
1683816705 312.48 4.34 1433.5 10858.7
1683816715 309.71 4.68 1432.48 9191.68
1683816725 175.64 5.06 15237.1 9657.19
1683816735 312.66 5.47 1393.87 14372.7
1683816745 308.03 5.3 1446.97 5397.82
1683816755 309.3 5.64 1419.41 11062.6
1683816765 310.59 6.4 1419.81 10311.3
1683816775 308.62 6.68 1419.41 8184.95
1683816785 307.81 6.8 1417 9374.7
1683816795 311.68 7.42 1394.46 15074.5
1683816805 308.6 7.33 1442.3 5891.7
1683816815 309.39 7.8 1416.6 8845.85
1683816825 147.08 8.21 14575.3 10910.8
1683816835 307.52 8.58 1418.4 8592.68
1683816845 309.68 9.04 1391.3 11305.9
1683816855 311.08 9.1 1368.55 14948.4
1683816866 306.83 9.57 1418 6332.74
1683816876 307.39 9.63 1437.64 8611.63
1683816886 311.03 10.16 1411.02 11195.3
1683816896 307.98 10.2 1414.2 7670.61
1683816906 308.58 10.82 1413.81 9276.53
1683816916 308.88 11.26 1395.85 16646.8
1683816926 305.03 11.42 1412.8 6293.2
1683816936 141.09 11.63 15721.4 8418.91
1683816946 310.75 12.15 1414.2 10410.3
1683816956 308.18 12.46 1412.41 10178.9
1683816966 308.1 12.49 1415.59 8349.46
1683816976 314.41 13.19 1389.93 16099.5
1683816986 307.07 13.31 1383.89 6817.68
1683816996 305.2 13.53 1406.87 8474.19
1683817006 308.87 13.62 1439.05 9492.7
1683817016 308.38 14.35 1414.2 9602.76
1683817026 307.39 14.59 1412.41 9447.09
1683817036 307.47 15.09 1408.64 9310.02
1683817046 133.11 15.13 15719.4 12954.5
1683817056 309.56 15.37 1414.2 8477.71
1683817066 307.1 15.74 1387.19 8587.19
1683817076 307.88 15.84 1387.58 10510.7
1683817086 306.89 16.47 1385.83 8125.59
1683817096 306.96 16.96 1355.29 11702
1683817106 311.03 17.1 1411.41 11228
1683817116 307.66 17.21 1433.4 7093.91
1683817126 309.64 17.7 1410.03 12195.1
1683817136 308.55 17.73 1434.81 8983.28
1683817146 308.26 18.4 1411.02 8716.93
1683817156 308.35 18.81 1394.89 11363.9
1683817166 293.31 19 16969.7 12121.6
1683817176 305.31 19 1411.41 6318.9
1683817186 307.07 19.18 1383.1 9842.04
1683817196 312.07 19.75 1405.88 12168.6
1683817206 306.67 20.24 1406.87 8184.49
1683817216 309.44 20.46 1410.03 9827.34
1683817226 311.31 20.88 1360.08 12366.6
1683817236 307.08 20.94 1436.61 6309.84
1683817246 308.85 21.11 1409.64 9900.49
1683817256 309.11 21.74 1404.11 9294.03
1683817266 308.84 22.1 1407.26 10108.7
1683817276 178.98 22.7 16462.9 11010.2
1683817286 306.02 22.78 1341.99 11506.5
1683817296 307.74 23.01 1379.04 7111.46
1683817306 304.21 23 1378.08 8263.41
1683817316 310.5 23.8 1383.1 10840.1
1683817326 309.92 24.02 1433.79 9081.73
1683817336 307.74 24.56 1405.49 10198.4
1683817346 306.53 24.39 1373.66 13512.2
1683817356 305.78 24.73 1429.58 6385.9
1683817366 310.45 24.95 1400 7144.14
1683817376 311.18 25.29 1380.78 13729
1683817386 114.12 25.82 15765.9 8090.19
1683817396 309.04 26.27 1382.14 10709.3
1683817406 310.08 26.27 1378.47 13651.3
1683817416 300.3 26.34 1383.1 5385.46
1683817426 306.29 26.8 1359.68 7616.91
1683817436 306.77 27.26 1380.39 11740.8
1683817446 313.03 27.8 1404.5 10478.4
1683817456 304.29 27.78 1370.98 8792.6
1683817466 311.86 28.53 1355.29 16085.1
1683817476 306.35 28.53 1401.37 6327.66
1683817486 306.26 28.67 1403.13 7745.6
1683817496 280.12 29.17 15171 12241.7
1683817506 305.58 29.5 1402.74 8403.13
1683817516 309.5 29.88 1379.43 10323.2
1683817526 308.11 30.05 1400 10524.6
1683817536 309.09 30.44 1377.12 9962.85
1683817546 303.72 30.64 1402.74 7852.45
1683817556 308.44 30.75 1407.26 8188.81
1683817566 305.86 31.39 1401.37 10413.7
1683817576 308.32 31.51 1429.58 9943.58
1683817586 306.74 32.21 1376.34 9843.21
1683817596 306.27 32.45 1353.03 12036.8
1683817606 228.93 32.67 16297.6 7440.39
1683817616 304.58 32.96 1373.66 8481.56
1683817626 308.62 33.11 1380.78 10917.2
1683817636 304.67 33.48 1369.65 9059.14
1683817646 308.19 34.24 1374.05 11362
1683817656 309.95 34.35 1373.66 11744.8
1683817666 300.88 34.26 1372.32 5905.26
1683817676 307.33 34.91 1403.13 10179.3
1683817686 307.71 34.92 1373.66 8748.1
1683817696 308.87 35.66 1396.3 11275.2
1683817706 307.72 36.04 1400 9525
1683817716 229.24 36.3 15824.2 13047.9
1683817726 301.76 36.54 1377.69 7228.57
1683817736 302.33 36.89 1365.66 10779
1683817746 308.21 37.27 1400.39 7815.23
1683817756 306.72 37.37 1373.66 9529.76
1683817766 308.96 37.88 1394.94 10571.2
1683817776 311.88 37.89 1371.37 12942.5
1683817786 304.09 37.9 1421.23 5827.07
1683817796 308 37.63 1398.63 9811.9
1683817806 305.92 38.02 1392.23 10068.4
1683817816 308.17 37.81 1346.06 11995.3
1683817826 163.05 38.09 15850.6 7209.38
1683817836 309.93 38.09 1320.62 14059.9
1683817846 305.45 38.09 1395.91 9069.91
1683817856 306.04 37.82 1396.3 6792.6
1683817866 305.26 38.12 1395.91 9613.63
1683817876 307.41 38.34 1347.76 12098.2
1683817886 306.97 38.07 1413.95 7257.36
1683817896 311.04 38.07 1350.78 14262.5
1683817906 303.03 38.34 1424 5423.22
1683817916 309.65 38.34 1397.27 9984.02
1683817926 306.47 38.07 1410.25 7263
1683817936 308.1 38.34 1398.63 11696
1683817946 267.12 38.38 16787.2 8956.36
1683817956 312.71 38.39 1350 15108.2
1683817966 306.28 38.38 1385.51 7118.84
1683817976 304.97 38.12 1398.63 7673.76
1683817986 307.98 38.39 1369.65 11083.3
1683817996 307.98 38.4 1418.47 7703.79
1683818006 307.49 38.12 1419.46 8855.64
1683818016 307.49 38.4 1393.59 10333.9
1683818026 309.94 38.4 1346.06 12204.1
1683818036 305.35 38.4 1392.23 6895.15
1683818046 309.12 38.14 1365.66 12602.5
1683818056 263.17 38.41 16090.6 6119.34
1683818066 308.97 38.41 1373.66 12485.1
1683818076 304.88 38.42 1398.63 7298.34
1683818086 310.22 38.15 1370.04 13335.4
1683818096 302.82 38.42 1393.2 6786.01
1683818106 309.54 38.43 1371.37 10967.1
1683818116 309.07 38.16 1347.37 9991.03
1683818126 307.31 38.42 1372.71 8166.86
1683818136 305.62 38.16 1340.83 8934.24
1683818146 311.22 38.43 1324.1 13943
1683818156 304.28 38.16 1393.59 6991.64
1683818166 182.36 38.42 15926.3 7931.38
1683818176 307.67 38.43 1370.04 10070.4
1683818186 309.08 38.16 1375 10745.7
1683818196 307.41 38.43 1397.66 9552.44
1683818206 315.52 38.43 1348.68 15025.2
1683818216 306.84 38.43 1426.39 6104.4
1683818226 307.31 38.43 1371.37 9174.68
1683818236 308.38 38.16 1372.32 11349.3
1683818247 310.04 38.43 1408.88 9102.7
1683818256 304.69 38.43 1347.37 11551.7
1683818266 313.76 38.24 1349.07 15097.8
1683818276 265.21 38.51 15462.8 5560.74
1683818286 307.51 38.51 1372.71 9035.48
1683818296 304.77 38.24 1368.32 12150.8
1683818306 307.22 38.24 1373.66 10428.9
1683818316 306.74 38.51 1350.39 8767.19
1683818326 313.63 38.51 1346.06 15144.3
1683818337 304.57 38.24 1417.09 5365.44
1683818347 307.3 38.51 1368.32 8896.02
1683818357 307.09 38.25 1370.04 8469.26
1683818366 307.11 38.52 1347.37 10359.8
1683818377 179.36 38.52 14528.3 11294.6
1683818387 308.56 38.52 1345.53 13361.5
1683818397 304.5 38.52 1397.27 5888.89
1683818407 309.31 38.34 1341.22 9935.98
1683818417 307.11 38.51 1370.98 8929.31
1683818427 308.27 38.78 1371.37 11448.1
1683818437 304.46 38.52 1366.99 8187.96
1683818447 310.63 38.78 1335.65 12834.8
1683818457 309.02 38.78 1392.62 10673.8
1683818467 307.03 38.78 1373.66 9315.51
1683818477 308.49 38.78 1389.47 9578.95
1683818487 293.11 38.78 15317 8526.73
1683818497 306.74 38.79 1374.05 9062.63
1683818507 306.34 38.5 1373.66 9938.34
1683818517 310.31 38.78 1370.43 12198.8
1683818527 305.84 38.78 1418.08 7992.23
1683818537 306.33 38.78 1369.65 10739.3
1683818547 306.51 38.51 1393.59 7984.84
1683818557 306.33 38.78 1394.55 10149.8
1683818567 308.87 38.78 1397.27 10304.5
1683818577 302.34 38.77 1320.23 11868.5
1683818587 172.75 38.77 14766.6 7639.96
1683818597 309.16 38.78 1397.27 9651.07
1683818607 306.69 38.51 1390.49 9778.47
1683818617 307.71 38.77 1397.66 8617.54
1683818627 310.46 38.51 1375 10292.6
1683818637 309.36 38.78 1334.75 13239.4
1683818647 305.94 38.51 1422.22 7113.45
1683818657 308.37 38.52 1370.04 10931.9
1683818667 310.03 38.78 1370.98 11072.2
1683818677 305.36 38.78 1397.66 8431.58
1683818687 304.82 38.78 1357.76 7954.1
1683818697 253.07 38.78 15490.3 15057.9
1683818707 306.42 38.51 1417.09 6806.21
1683818717 303.55 38.78 1351.25 8839.92
1683818727 305.92 38.78 1392.23 9560
1683818737 306.22 38.49 1366.99 11638.5
1683818747 306.61 38.76 1392.23 7445.05
1683818757 311.58 38.76 1345.14 14577.4
1683818767 303.77 38.76 1413.95 6017.05
1683818777 306 38.76 1388.19 8959.92
1683818787 304.27 38.76 1364.34 9862.79
1683818797 310.55 38.49 1363.41 12467.8
1683818807 287.09 38.76 15677.5 10243.5
1683818817 305.73 38.76 1343.83 11576.3
1683818827 305.77 38.49 1429.19 6610.38
1683818837 306.81 38.49 1394.55 9950.58
1683818847 305.85 38.76 1370.98 8285.88
1683818857 307.5 38.48 1397.27 9433.53
1683818867 308.95 38.76 1370.04 10501.2
1683818877 307.59 38.76 1394.55 9389.49
1683818887 310.51 38.5 1371.76 12090
1683818897 306.14 38.76 1395.91 8791.82
1683818907 311.9 38.49 1349.07 12367.6
1683818917 252.59 38.76 15946.1 7460
1683818927 305.62 38.49 1387.8 9103.19
1683818937 308.59 38.76 1399.02 8752
1683818947 310.95 38.48 1364.73 11573.6
1683818957 303.12 38.76 1370.98 6954.63
1683818967 307.29 38.76 1394.55 9424.51
1683818977 307.21 38.49 1394.55 10024.5
1683818987 308.29 38.74 1398.63 9769.37
1683818997 308.2 38.49 1397.27 10202
1683819007 310.99 38.76 1370.43 11955.6
1683819017 304.87 38.49 1419.46 5877.43
1683819027 150.88 38.75 15929.8 11492.4
1683819037 307.99 38.76 1372.32 9394.93
1683819047 306.03 38.76 1371.37 8380.14
1683819057 306.02 38.49 1366.99 8004.66
1683819067 308.57 38.76 1322.3 13903.8
1683819077 304 38.76 1371.37 6248.1
1683819087 308.97 38.49 1373.66 11209
1683819097 306.83 38.76 1397.66 8638.6
1683819107 308.63 38.76 1390.49 10445.4
1683819117 307.53 38.76 1375.39 8955.47
1683819127 311.36 38.76 1341.22 12768.6
1683819137 225.14 38.76 15014 8784.47
1683819147 308.19 38.75 1372.32 8547.76
1683819157 303.5 38.49 1393.2 7239.65
1683819167 308.77 38.48 1347.76 12052.6
1683819177 306.92 38.48 1397.27 7790.64
1683819187 309.84 38.76 1296.98 14040.5
1683819197 304.97 38.74 1397.27 7113.06
1683819207 308.19 38.76 1397.27 10209
1683819217 302.83 38.49 1397.27 6617.15
1683819227 309.06 38.76 1322.42 11580.1
1683819237 208.19 38.76 14373.1 7148.88
1683819247 313.74 38.76 1323.2 15349.3
1683819257 304.76 38.75 1390.88 5932.49
1683819267 306.91 38.49 1369.65 8845.91
1683819277 306.9 38.75 1367.38 9928.16
1683819287 305.84 38.74 1394.55 8616.73
1683819297 311.02 38.48 1397.27 11313.8
1683819307 310.02 38.75 1369.65 10645.5
1683819317 307.56 38.75 1370.93 10256.6
1683819327 308.37 38.76 1394.94 8828.4
1683819337 308.29 38.75 1348.68 9824
1683819347 206.03 38.76 15599.6 9512.84
1683819357 308.27 38.76 1394.55 9716.73
1683819367 307.78 38.49 1372.6 9936.25
1683819377 308.97 38.48 1348.68 10445.7
1683819387 306.82 38.48 1397.27 7019.1
1683819397 308.36 38.74 1370.43 10670.4
1683819407 305.92 38.74 1369.1 10150
1683819417 308.18 38.75 1396.3 9108.86
1683819427 310.82 38.48 1385.12 11055.9
1683819437 309.82 38.76 1369.1 10645.3
1683819447 305.56 38.49 1398.63 5584.78
1683819457 169.52 38.74 15738.7 11796.3
1683819467 303.76 38.77 1360.78 9099.9
1683819477 306.53 38.76 1370.98 9653.75
1683819487 308.68 38.5 1374.05 9992.59
1683819497 309.91 38.49 1344.22 11460.8
1683819507 305.56 38.76 1396.3 6271.47
1683819517 309.28 38.49 1375 11368.4
1683819527 308.56 38.76 1393.59 9809.14
1683819537 308.1 38.76 1398.63 7736.59
1683819547 308.07 38.76 1393.2 9939.36
1683819557 310.74 38.49 1337.71 13115.7
1683819567 85.76 38.76 15550.1 6026.9
1683819577 311.61 38.76 16889.4 11673
1683819587 304.29 38.76 1373.66 8585.37
1683819597 303.09 38.49 1339.92 7651.16
1683819607 307.7 38.78 1347.37 11858.5
1683819617 311.02 38.77 1348.68 12781.3
1683819627 307.03 38.52 1401.76 6044.57
1683819637 309.34 38.78 1369.65 10211.3
1683819647 304.09 38.78 1399.02 7047.8
1683819657 308.68 38.51 1347.37 13559.5
1683819667 304.58 38.78 1400.39 6732.42
1683819677 313.64 38.51 1346.45 13921.7
1683819687 252.77 38.78 16172.2 5481.83
1683819697 306.63 38.78 1397.66 8906.82
1683819707 307.32 38.78 1373.66 9938.34
1683819717 308.67 38.51 1371.37 11277.5
1683819727 308.46 38.78 1370.98 10406.2
1683819737 309.65 38.78 1395.91 10846.4
1683819747 310.46 38.78 1389.54 9351.55
1683819757 309.34 38.78 1396.3 7770.59
1683819767 306.13 38.51 1370.98 9103.41
1683819777 312.39 38.78 1397.27 13239.4
1683819787 104.73 38.78 14557.9 9485.72
1683819797 304.98 38.78 1397.27 7114.23
1683819807 309.76 38.52 1373.1 13227.3
1683819817 305.46 38.78 1397.27 7555.56
1683819827 307.19 38.77 1318.56 11060.8
1683819837 305.36 38.78 1395.91 8611.88
1683819847 308.78 38.78 1348.68 10470.2
1683819857 304.57 38.51 1394.94 8703.89
1683819867 312.58 38.78 1372.32 12476.4
1683819877 306.14 38.51 1397.27 8322.81
1683819887 308.09 38.78 1372.32 9315.4
1683819897 310.05 38.78 1372.32 9926.32
1683819907 279.76 38.78 16266.8 11919
1683819917 298.44 38.78 1393.59 5538.97
1683819927 311.42 38.51 1324.1 14081.6
1683819937 306.32 38.51 1397.27 6133.33
1683819947 308.98 38.78 1399.02 8969.76
1683819957 310.16 38.51 1375 11279.3
1683819967 309.95 38.78 1399.02 9270.63
1683819978 305.81 38.78 1363.02 9661.96
1683819987 310.74 38.77 1372.71 13479.9
1683819998 305.62 38.78 1390.49 7880.89
1683820008 109.57 38.7 14438.6 7760
1683820017 287.54 38.77 333.39 422.2
1683820027 271.08 38.69 303.41 795.33

Execution duration: 00:56:45.45
