1683777253 275.23 2.65 5642.59 13475.8
1683777263 295.94 3.63 5511.51 23021.8
1683777273 295.43 4.33 5701.99 19489.7
1683777283 279.8 5.18 5209.11 20025
1683777294 297.73 5.72 5552.97 20609.5
1683777304 268.54 6.58 4799.61 25364.2
1683777313 296.83 6.95 5582.16 18946.7
1683777324 293.58 7.59 5540.71 19911.9
1683777334 300.79 8.49 5500.6 20796
1683777344 298.51 9.38 5545.8 20468.1
1683777354 279.33 10.14 5115.34 18724.4
1683777364 301.97 10.92 5275.1 27961.3
1683777374 281.35 11.6 5435.32 16134.1
1683777384 299.2 12.42 5502.38 21775.1
1683777394 298.13 13.17 5598.02 19035
1683777404 302.77 13.97 5464.43 23211.9
1683777414 301.29 14.55 5603.56 19643.1
1683777424 284.5 15.71 5168.02 22216.4
1683777434 297.13 16.04 5547.48 19996
1683777444 299.7 16.56 5547.48 20123.6
1683777454 301.38 17.86 5448.27 23625.2
1683777464 280.96 18.56 5289.54 19459.2
1683777474 300.99 19.43 5428.4 21620.1
1683777484 296.85 19.88 5542.74 19833
1683777494 269.82 20.3 4871.98 21771.9
1683777504 300.19 21.25 5513.07 21151.6
1683777514 294.59 21.63 5543.7 18170.1
1683777524 300.01 22.73 5493.3 22796.8
1683777534 265.84 23.57 4991.51 18326.5
1683777544 296.76 24.1 5484.48 18086.8
1683777554 278.49 24.72 4904.12 22802.4
1683777564 300.59 25.12 5561.77 19532.6
1683777574 297.08 25.96 5469.66 20899.1
1683777584 294.1 27.15 5493.3 21403.5
1683777594 301.47 27.64 5507.66 18675.8
1683777604 290.16 28.68 5223.6 21797.4
1683777614 300.88 29.11 5434.12 24230.6
1683777624 296.06 29.76 5518.5 17641.3
1683777634 294.3 30.27 5407.07 19962.7
1683777644 297.54 31.38 5480.31 18988.6
1683777654 302.66 32.29 5430.31 24246.8
1683777664 297.57 32.77 5503.5 17938.1
1683777674 279.06 33.73 4796.87 26714.3
1683777684 293.62 33.8 5539.55 15552.1
1683777694 298.92 34.67 5396.08 19527.1
1683777704 298.43 35.36 5386.82 20674.9
1683777714 279.94 36.32 5160.08 21547.2
1683777724 300.1 37.38 5478.55 20438.4
1683777734 299.22 37.7 5417.79 20204.9
1683777744 280.47 38.14 5062.61 20481.7
1683777754 295.49 38.51 5277.96 20850.5
1683777764 301.75 38.61 5526.71 22608.2
1683777774 299.22 38.83 5491.09 19288.9
1683777784 265.88 38.59 4692.08 21731.4
1683777794 296.37 38.64 5609.41 15156.5
1683777804 301.08 38.89 5312.5 24511.3
1683777814 298.34 38.67 5542.91 21438.5
1683777824 301.28 38.84 5542.91 18430.9
1683777834 296.19 38.89 5450 22259.8
1683777844 280.91 38.72 4922.11 21843.4
1683777854 295.7 39.06 5498.24 16823.1
1683777864 304.06 38.83 5298.26 24594.6
1683777874 295.41 38.78 5569.56 16206.4
1683777884 302.94 39.04 5342.72 22638.1
1683777894 300.39 38.88 5418.25 22202.7
1683777904 298.44 39.1 5473.19 20449.3
1683777914 280.61 38.89 5190.21 17775.1
1683777924 303.72 39.11 5355.62 26091.1
1683777934 296.57 38.89 5523.29 17410.2
1683777944 300.49 38.86 5387.5 21579.3
1683777954 300.39 39.1 5459.01 20262.5
1683777964 297.65 38.88 5440.94 20228.4
1683777974 299.61 38.88 5363.34 21553.1
1683777984 286.98 39.06 4885.32 26562.4
1683777994 295.41 38.88 5525 15583.6
1683778004 299.22 38.89 5457.17 19884.1
1683778014 294.82 39.1 5430.3 19713
1683778024 305.87 39.11 5398.04 23467.7
1683778034 293.91 38.85 5501.86 20512.3
1683778044 301.67 39.09 5410.57 23439.5
1683778054 272.21 38.86 4942.69 15442.9
1683778064 302.05 38.95 5473.19 22568.7
1683778074 298.14 39.15 5510.76 18750.3
1683778084 303.23 38.92 5510.76 22324.5
1683778094 279.53 39.15 4914.4 20819.6
1683778104 299.42 38.9 5483.93 20800.8
1683778114 299.8 38.94 5260.66 23707.2
1683778124 292.46 39.14 5495.55 19085.5
1683778134 302.25 38.93 5461.06 20390.2
1683778144 297.07 38.93 5461.06 21032.1
1683778154 301.96 39.14 5529.09 21492.7
1683778164 286.01 38.89 5097.85 18890.8
1683778174 309.77 39.15 5293.91 25795.9
1683778184 297.36 38.93 5541.23 16253.5
1683778194 296.97 38.94 5461.06 18995.7
1683778204 301.28 39.16 5403.72 21895
1683778214 303.48 39.02 5367.73 24723.1
1683778224 299.12 39.22 5543.3 17667.6
1683778234 270 39.04 4781.96 23557.6
1683778244 297.95 39.23 5537.89 16532.8
1683778254 298.16 39.04 5436.68 19252.9
1683778264 304.28 39.08 5366.93 23953.7
1683778274 297.85 39.28 5395.12 19691.3
1683778284 296.19 39.06 5398.43 19336.2
1683778294 307.32 39.28 5400.39 25512.5
1683778304 276.33 39.06 5152.67 16113.3
1683778314 302.83 39.02 5412.89 18700.8
1683778324 302.16 39.3 5403.72 24314.2
1683778334 300.78 39.06 5455.72 22046.1
1683778344 267.61 39.3 4874.53 15975
1683778354 299.91 39.06 5392.77 22403.1
1683778364 303.52 39.06 5417.44 22251.5
1683778374 299.14 39.32 5291 20095.3
1683778384 299.02 39.06 5405.67 18874.3
1683778394 303.82 39.29 5471.76 21082.8
1683778404 297.56 39.06 5409.54 19138.5
1683778414 291.37 39.06 5158.04 20612.5
1683778424 295.19 39.28 5212.95 23170.2
1683778434 299.22 39.07 5503.89 18414.8
1683778444 303.62 39.39 5430.69 22662.8
1683778454 296.67 39.17 5448.14 19743.6
1683778464 300 39.19 5436.01 20063.8
1683778474 296.9 39.19 5418.64 22006.6
1683778484 258.87 39.4 4499.9 20252.3
1683778494 301.87 39.41 5516.55 18918.3
1683778504 301.66 39.21 5395.12 20984.6
1683778514 291.13 39.41 5177.78 19819.5
1683778524 296.68 39.19 5443.21 20092.3
1683778534 303.31 39.18 5320.19 18531.9
1683778544 313.51 39.2 5330.33 28315.8
1683778555 291.65 39.38 5422.86 14406.9
1683778564 297.75 39.18 5466.4 21031.2
1683778574 301.66 39.39 5368.13 18893.8
1683778584 304.31 39.16 5478.94 23666.2
1683778595 297.02 39.21 5380.8 21750.9
1683778604 277.16 39.43 5044.71 17165.5
1683778614 306.94 39.2 5339.98 25460.8
1683778624 300.59 39.43 5572.15 21445.5
1683778635 294.3 39.21 5429.57 17851.2
1683778644 294.04 39.42 5443.21 21424.8
1683778654 301.67 39.18 5505.77 19484.7
1683778664 302.25 39.42 5498.63 24564.8
1683778675 278.04 39.18 4979.21 17801.4
1683778684 297.65 39.2 5473.58 17747.9
1683778694 301.08 39.65 5423.48 24876.7
1683778704 298.73 39.42 5468.23 17717.3
1683778715 268.59 39.64 4795.71 21964.5
1683778725 299.71 39.43 5445.07 18940.5
1683778734 302.84 39.67 5341.94 23615.6
1683778744 144.86 39.04 315.38 17984.7
1683778754 2.65 39.04 792925 87.06

Execution duration: 00:25:05.05
