1683775689 282.49 2.59 5924.78 13798.2
1683775699 298.91 3.47 5627.38 23050
1683775709 293.26 4.21 5632.91 20072.2
1683775719 268.81 5.08 5019.01 20675.2
1683775729 297.03 5.84 5578.27 20099.2
1683775739 294.35 6.57 5449.21 23952
1683775749 293.56 7.08 5632.91 18109.8
1683775759 298.51 7.97 5556.79 23962.3
1683775769 298.22 8.73 5690.7 18779.4
1683775779 297.82 9.6 5531.42 23093.4
1683775789 289.91 10.52 5241.94 21478.9
1683775799 300.69 11.27 5585.79 24086.9
1683775809 297.23 11.83 5596.44 18982
1683775819 302.18 12.67 5558.46 21482.5
1683775829 296.55 13.26 5617.75 18559.4
1683775839 298.82 14.36 5487.92 22454.3
1683775849 300.69 15.1 5654.15 18865.2
1683775859 290.22 15.74 5200 26397.6
1683775869 297.63 16.2 5585.39 17479.2
1683775879 299.11 16.92 5623.29 19300.7
1683775889 300.69 17.87 5528.99 23534.9
1683775899 276.53 18.82 5239.05 20658.8
1683775909 297.83 19.5 5542.01 20359.4
1683775919 299.12 20.21 5304.33 25744.1
1683775929 280.72 20.77 5330.96 15211.1
1683775939 298.23 21.56 5460.49 20357
1683775949 295.37 22.28 5506.3 20661.4
1683775959 303.15 23.28 5460.49 24183.6
1683775969 272.99 23.87 5256.19 18020.4
1683775979 298.62 24.67 5429.02 18747.9
1683775989 285.94 25.1 5160.67 23246.4
1683775999 301.96 25.82 5597.25 20918.8
1683776009 295.48 26.5 5581.49 19168.5
1683776019 295.18 27.36 5468.11 20042.9
1683776029 302.76 28.33 5423.05 23909
1683776039 277.19 28.87 5172.86 17831.3
1683776049 295.17 29.52 5321.77 23074.3
1683776059 299.41 30.09 5618.9 20084.7
1683776069 302.06 30.87 5483.92 20815.3
1683776079 292.15 31.97 5293.52 20213.8
1683776089 295.48 32.6 5537.86 22767
1683776099 298.23 33.31 5507.27 19473.5
1683776109 269.74 33.92 4763.96 22769
1683776119 295.3 34.46 5460.67 18985.5
1683776129 295.99 35.26 5440.94 19399.4
1683776139 294.6 36.15 5482.12 20601.6
1683776149 282.4 36.97 5210.62 21120.5
1683776159 301.67 37.69 5483.92 20744.3
1683776169 282.05 38.17 4920.98 24904.2
1683776179 296.38 38.26 5553.77 16937.5
1683776189 299.12 38.28 5516.16 21091.9
1683776199 301.18 38.26 5571.76 21731.4
1683776209 289.62 38.49 5303.04 20146.1
1683776219 302.16 38.58 5509.02 21770.6
1683776229 302.45 38.56 5473.19 23392.2
1683776239 296.78 38.68 5450 20900.4
1683776249 297.75 38.82 5605.47 21110.1
1683776259 301.18 38.69 5478.55 22898.7
1683776269 298.34 38.69 5491.09 20380
1683776279 286.63 38.81 5337.5 20005.1
1683776289 303.32 38.66 5482.15 21383
1683776300 290.05 38.81 5058.16 24083.1
1683776309 294.63 38.65 5592.96 15849.9
1683776319 297.46 38.68 5535.81 21818.8
1683776329 300.58 38.68 5485.71 21015.6
1683776339 299.71 38.84 5539.18 20626.1
1683776349 282.17 38.71 5114.99 21159.3
1683776359 304.21 39.02 5365.72 23368.5
1683776369 301.17 38.89 5560.86 20369.1
1683776379 299.31 38.9 5610.96 20638
1683776390 295.16 38.92 5294.88 22613.3
1683776399 299.42 38.96 5464.33 21596.1
1683776409 303.02 38.92 5426.9 21842.5
1683776419 257.98 39.01 4664.05 17803.7
1683776429 302.83 38.92 5542.91 19612.1
1683776439 296.87 39.04 5566.31 18954.8
1683776450 299.41 38.89 5482.17 20712.8
1683776459 293.75 39.07 5187.5 23356.6
1683776469 296.47 38.9 5471.37 19926.7
1683776480 294.68 38.92 5162.48 25261.5
1683776489 266.21 38.89 4979.17 15771.3
1683776499 304.22 39.03 5498.24 21418
1683776510 298.74 38.91 5439.38 21044.4
1683776520 287.32 38.89 5299.52 18545.6
1683776529 301.37 39.04 5548.34 22406.6
1683776540 295.89 38.9 5610.96 21189
1683776550 287.94 39.01 5056.81 19940.9
1683776559 300.39 38.87 5636.01 19522.5
1683776570 302.25 39.04 5450 21794.9
1683776580 296.88 38.9 5512.5 18749.6
1683776590 294.92 38.92 5317.69 19677
1683776600 278.41 38.92 5049.66 22081.2
1683776610 289.96 39 5215.2 22738
1683776620 299.51 38.89 5551.66 18182.5
1683776630 302.54 39.04 5542.91 21585.1
1683776640 299.02 39.04 5475 22315.6
1683776650 299.12 38.91 5491.09 21343.4
1683776660 291.39 39.05 5322.9 19229.3
1683776670 300.78 38.89 5356.01 24980.2
1683776680 294.62 38.92 5628.99 17455
1683776690 301.28 39.04 5365.72 22933.6
1683776700 298.44 38.87 5583.64 17292.7
1683776710 306.16 39.04 5380.25 24336.3
1683776720 302.84 38.9 5510.76 21163.6
1683776730 292.36 38.9 5140.06 24085.8
1683776740 295.12 39.04 5587.5 15718.4
1683776750 299.31 38.93 5509.02 21089
1683776760 303.33 39.05 5433.04 21167.1
1683776770 302.35 38.99 5450.78 23908.6
1683776780 303.13 39.08 5487.5 22240.6
1683776790 303.49 38.99 5519.38 20795
1683776800 284.84 38.94 5076 20755.7
1683776810 297.17 39.1 5537.5 19249.2
1683776820 300 38.98 5498.24 21640.3
1683776830 303.14 39.04 5408.63 22765.9
1683776840 284.15 39.16 5222.7 19933.5
1683776850 301.86 38.98 5510.76 22703.3
1683776860 298.16 39.15 5466.28 21869.4
1683776870 299.91 39.16 5555.43 17368.1
1683776880 298.53 39.01 5510.76 21780.4
1683776890 302.34 39.01 5405.28 21388.1
1683776900 294.74 39.23 5476.8 19895.5
1683776910 268.23 39.1 4967.35 19378.3
1683776920 305.67 39.23 5338.28 24205.9
1683776930 298.63 39.1 5505.38 17776.7
1683776940 297.38 39.23 5313.68 22343.4
1683776950 299.8 39.1 5559.22 17927.8
1683776960 295.37 39.1 5404.83 20686.8
1683776970 289.62 39.24 5253.28 21090.7
1683776980 306.27 39.06 5354.6 26188.3
1683776990 295.08 39.23 5540.87 15361.9
1683777000 301.76 39.09 5412.89 24031.2
1683777010 291.04 39.24 5332.69 20102.2
1683777020 303.03 39.09 5486.1 21601.6
1683777030 298.34 39.11 5475.39 18638.3
1683777040 292.59 39.2 5129.76 26202.2
1683777050 295.6 39.05 5586.3 16275.5
1683777060 306.46 39.22 5530.79 24421.1
1683777070 277.42 39.13 5192.96 14857.9
1683777080 300.59 39.14 5428.79 21714
1683777090 304.07 39.24 5365.73 22953
1683777100 304.79 39.15 5435.94 23587.5
1683777110 273.78 39.2 4842.11 19421.8
1683777120 293.46 39.12 5550.39 16077.3
1683777130 303.71 39.15 5511.15 24531.1
1683777140 295.89 39.29 5473.58 18634.4
1683777150 291.57 39.17 5328.5 21441.7
1683777160 296.97 39.28 5498.24 20782.8
1683777170 95.5 38.68 791389 17117

Execution duration: 00:24:51.51
