1683827345 279.41 2.6 5775.52 13708.7
1683827355 297.03 3.56 5588.51 22777
1683827365 298.21 4.26 5651.19 22181.8
1683827375 269.08 4.95 5188.9 16876.9
1683827385 301.49 5.99 5600.4 21161.9
1683827395 286.1 6.33 5229.19 24787.8
1683827405 292.35 6.94 5552.5 18610.4
1683827415 298.52 7.84 5582.16 22079.3
1683827425 296.54 8.61 5616.21 19955.7
1683827435 298.22 9.47 5533.14 21855.2
1683827445 275.27 10.05 5115.34 19296.5
1683827455 295.15 10.96 5247.13 26912.9
1683827465 294.97 11.16 5680.86 16397.6
1683827475 298.32 12.2 5469.84 20924.6
1683827485 301.18 12.99 5487.9 23097.7
1683827495 298.43 13.81 5643.39 19525.8
1683827505 302.77 14.69 5590.91 23443.5
1683827515 278.06 15.29 5033.99 23050.2
1683827525 293.5 15.95 5644.48 16654.3
1683827535 299.71 16.85 5491.51 21762.9
1683827545 294.37 17.46 5579.88 18431.5
1683827555 284.9 18.35 5307.4 22462.4
1683827565 300.88 19.26 5554.63 20799.2
1683827575 306.41 20.04 5447.88 25853
1683827585 279.8 20.51 5335.17 16571.4
1683827595 301.87 21.28 5397.83 23680
1683827606 294.19 22.03 5606.69 18660.2
1683827615 281.97 22.98 5170.83 21639.8
1683827625 297.43 23.61 5545.8 18669
1683827636 299.61 24.37 5535.1 21482.4
1683827646 280.79 24.93 5146.67 20076.9
1683827656 301.19 25.7 5498.33 23069.6
1683827666 298.34 26.55 5609.8 18844.3
1683827676 302.46 27.16 5500.49 20756
1683827686 262.94 27.92 4781.57 17498.8
1683827696 299.9 29 5450.14 24480.2
1683827706 295.47 29.28 5437.56 20326.5
1683827716 299.12 30.12 5550.83 20518
1683827726 294.42 31 5428.79 18899.5
1683827736 294 31.72 5437.56 21679.5
1683827746 300.39 32.66 5502.25 20191.2
1683827756 299.21 33.37 5577.62 22496.6
1683827766 266.57 34.09 4817.59 20536.5
1683827776 294.8 34.42 5420.04 17825.9
1683827786 301.76 35.34 5487.5 20342.2
1683827796 280.08 36.26 5150.54 20664.6
1683827806 295.99 36.95 5387.89 20527.3
1683827816 303.14 37.99 5326.4 25798.6
1683827826 275.44 38.25 4978.56 20343.1
1683827836 295.79 38.2 5448.53 17986.3
1683827846 301.48 38.62 5521.96 20831.8
1683827856 298.84 38.46 5392.47 20000.8
1683827866 298.63 38.42 5478.94 20052.1
1683827876 300.59 38.59 5403.72 21428.4
1683827886 298.94 38.63 5039.07 26232.1
1683827896 272.24 38.81 5130.4 14477.8
1683827906 304.57 38.72 5473.67 22974.9
1683827916 294.32 38.89 5554.16 15998.8
1683827926 298.54 38.84 5457.56 23331.1
1683827936 297.56 38.74 5510.76 18915.5
1683827946 301.46 38.74 5462.89 24830.1
1683827956 283.76 38.86 5139.26 19325.3
1683827966 298.36 38.75 5402.52 20507.3
1683827976 305.78 38.89 5453.87 23068.4
1683827986 302.84 38.73 5559.61 22376.5
1683827996 263.01 38.83 4871.3 18843.9
1683828006 296.28 38.96 5491.48 19234.9
1683828016 297.47 38.97 5305.96 23653.2
1683828026 296.09 38.8 5530.79 17873.7
1683828036 297.94 38.9 5478.94 20042.3
1683828046 301.07 38.84 5503.62 21605.5
1683828056 287.03 38.99 5295.22 21178.5
1683828066 301.84 38.82 5436.35 20953.9
1683828076 292.36 38.82 5112.96 23931.9
1683828086 297.95 38.95 5405.67 18133.7
1683828096 299.32 38.82 5470.16 19465.1
1683828106 302.06 38.98 5473.58 22195.7
1683828116 297.96 38.82 5494.96 21160.5
1683828126 281.9 38.76 5122.89 18798
1683828136 300.98 38.99 5205.08 26020.3
1683828146 296.96 38.82 5554.16 18426.6
1683828156 295.21 38.97 5493.25 18457.5
1683828166 297.66 39.04 5407.61 23522.7
1683828176 302.64 38.83 5478.94 21504.8
1683828186 300.49 38.86 5493.25 21627.8
1683828196 288.57 39.03 5018.18 25461.2
1683828206 297.66 38.9 5523.42 18119.7
1683828216 293.38 38.9 5534.18 20138.3
1683828226 300.79 39.05 5443.21 20627.2
1683828236 301.08 38.89 5504.01 22513.2
1683828246 297.46 39.05 5530.79 18814.5
1683828256 281.72 38.9 5005.28 25192.2
1683828266 294.93 39.04 5570.34 15932.5
1683828276 303.71 39.08 5312.89 23965.6
1683828286 298.05 39.26 5375.39 21217.2
1683828296 281.02 39.08 5316.17 18388.4
1683828306 304.99 39.07 5403.72 22924.2
1683828316 300.39 39.2 5486.1 21877.1
1683828326 273.41 39.04 4885.69 18777.4
1683828336 299.12 39.23 5585.91 19648.1
1683828346 298.17 39.08 5336.79 21037.5
1683828356 302.83 39.2 5418.18 22839.9
1683828366 275.24 39.09 5010.17 18489.6
1683828376 295.69 39.21 5629.38 21356.7
1683828386 291.59 39.08 5043.59 23501.9
1683828396 299.7 39.08 5516.55 20511.6
1683828406 296.47 39.2 5478.94 16402.7
1683828416 300.19 39.25 5253.28 23894.6
1683828426 295.99 39.26 5338.16 22330.3
1683828436 301.66 39.07 5586.3 19968.7
1683828446 296.83 39.1 5034.23 25117.3
1683828456 298.24 39.26 5437.89 19022.7
1683828466 295.91 39.23 5477.19 16798.8
1683828476 303.04 39.04 5436.01 23905.3
1683828486 304.98 39.22 5413.28 23485.5
1683828496 298.33 39.09 5529.09 15972.6
1683828506 285.25 39.07 4812.89 25403.1
1683828516 297.94 39.24 5448.53 18355
1683828526 297.76 39.09 5498.54 19335.3
1683828536 298.15 39.24 5287.89 23511.3
1683828546 295.4 39.07 5448.53 19221.1
1683828556 300 39.08 5432.59 22372.3
1683828566 286.52 39.24 5280.55 18669
1683828576 293.5 39.08 5408.53 20760.9
1683828586 299.52 39.08 5493.21 19672.2
1683828596 290.74 39.2 5145.37 22249.4
1683828606 299.12 39.07 5478.94 18744
1683828616 302.14 39.09 5376.14 23357.1
1683828626 281 39.23 5240.74 15872.7
1683828636 307.28 39.09 5249.32 26231.1
1683828646 294.42 39.07 5536.2 15931.5
1683828656 297.85 39.21 5430.69 21770.1
1683828666 297.84 39.07 5366.11 18357.7
1683828676 301.57 39.33 5355.62 23634
1683828686 298.35 39.16 5564.52 21611.7
1683828697 274.41 39.33 4717.17 21935.2
1683828706 290.86 39.12 5436.35 15776.1
1683828716 300.78 39.18 5411.47 22552.8
1683828726 284.63 39.35 5240.74 21599.6
1683828736 295.9 39.11 5487.89 16989.5
1683828746 298.63 39.18 5368.13 25222.7
1683828756 293.37 39.18 5111.11 22872.1
1683828766 292.66 39.31 5535.81 15671.6
1683828776 298.05 39.17 5436.35 19668.8
1683828786 299.12 39.33 5337.5 23368
1683828796 299.42 39.16 5464.33 21857.3
1683828807 302.14 39.18 5485.71 20397.3
1683828816 265.56 39.33 4676.71 23769.5
1683828826 296.37 39.34 5526.99 15919.9
1683828836 70.24 38.72 789106 7547.7

Execution duration: 00:24:59.59
