1683779764 277.61 2.65 5906.07 13724.2
1683779774 296.83 3.57 5615.48 22654.4
1683779784 298.81 4.29 5640 22473.3
1683779794 269.87 5.16 5176.22 18206.5
1683779804 299.51 6.09 5594.85 22124.9
1683779814 286.45 6.36 5255.39 23972.3
1683779824 294.06 6.96 5652.28 15885.1
1683779834 300.79 7.85 5589.31 25425.7
1683779844 296.63 8.57 5652.68 20319.2
1683779854 295.95 9.27 5515.02 20987.4
1683779864 279.91 10.29 5259.41 18929.9
1683779874 305.14 10.77 5483.29 27151.7
1683779884 298.42 11.64 5628.46 19330
1683779894 296.15 12.21 5642.99 18338.5
1683779904 297.33 12.76 5478.89 20730.6
1683779914 299.21 13.75 5558.46 22011.1
1683779924 297.73 14.73 5554.63 22006.3
1683779934 274.93 15.26 4928.73 24207.3
1683779944 296.35 16.03 5648.56 17617
1683779954 298.24 16.74 5584.31 21929.8
1683779964 297.93 17.62 5598.02 19189.7
1683779974 291.22 18.22 5383.21 19396.6
1683779984 297.64 18.94 5473.49 21235.5
1683779994 300.29 19.96 5484.31 24318.4
1683780004 263.95 20.5 4992.93 16659.3
1683780014 302.66 21.21 5536.55 22586.8
1683780024 298.72 22.15 5401.76 21440.6
1683780034 293.76 22.63 5502.14 19388.7
1683780044 266.34 23.4 4926.37 19758.3
1683780054 303.24 24.36 5517.26 22012.9
1683780064 290.27 24.87 5419.25 20496.7
1683780074 298.12 25.28 5511.33 19461.3
1683780084 292.72 26.33 5487.9 19728.6
1683780094 298.62 27.3 5448.27 23901.1
1683780104 297.64 27.87 5601.18 20293.8
1683780114 291.55 28.61 5407.07 21229.1
1683780124 296.66 29.36 5349.86 22726.1
1683780134 299.02 29.87 5532.81 21358.7
1683780144 297.15 30.7 5514.82 19490.1
1683780154 298.23 31.56 5588.2 20949.8
1683780164 298.63 32.64 5591.38 20611.2
1683780174 299.42 33.45 5521.96 22870.6
1683780184 290.81 34.03 5135.81 22955.4
1683780194 295 34.28 5547.06 15872.9
1683780204 298.54 35.22 5366.93 23063.8
1683780214 294.83 36 5425.39 20071.9
1683780224 296.38 36.95 5415.87 20354.9
1683780234 298.13 37.59 5514.43 22093
1683780244 288.56 38.48 4985.52 24827.4
1683780254 293.16 38.48 5530.4 16097.4
1683780264 299.71 38.34 5528.7 22729.5
1683780275 296.35 38.56 5269.87 22099.8
1683780284 296.87 38.64 5560.86 18393.7
1683780294 299.31 38.84 5462.5 21026.6
1683780304 305.6 38.85 5351.13 28259.9
1683780314 257.13 38.61 4837.89 14145.7
1683780324 298.34 38.84 5542.91 19543.7
1683780334 301.75 38.65 5434.08 22347.4
1683780344 273.17 38.98 4839.18 22228
1683780354 292.15 38.78 5534.12 16920
1683780364 300.29 38.82 5550 21343.4
1683780374 297.07 39.04 5368.13 23221.5
1683780384 297.85 38.82 5475 19346.1
1683780394 299.9 39.05 5530.4 21019.3
1683780404 299.22 38.82 5473.19 21833.3
1683780414 293.55 38.82 5367.74 22147.4
1683780424 295.8 39.05 5505.38 19941.7
1683780434 288.75 39.05 5035.22 25273.2
1683780444 299.22 38.82 5591.38 19968.7
1683780455 300.68 39.06 5569.56 19886.4
1683780465 298.93 38.8 5480.35 23298.1
1683780474 302.94 39.05 5603.92 21559.2
1683780485 279.68 39.06 5117.56 18392.4
1683780495 302.72 39 5304.67 26214
1683780504 296.47 38.79 5566.31 18025.9
1683780515 298.53 39.05 5555.43 21281.7
1683780525 298.43 38.82 5535.81 19027
1683780535 300.1 38.82 5475 20966.4
1683780545 302.05 39.11 5460.67 21476.3
1683780555 274.61 38.99 4731.37 26476.9
1683780565 292.34 39.19 5512.32 15625.2
1683780575 300.2 38.98 5407.22 21759.2
1683780585 304.3 38.99 5442.82 24089.5
1683780595 284.5 39.19 5320.93 15996.9
1683780605 302.83 38.96 5525 22064.1
1683780615 304.63 39.21 5394.02 22206.8
1683780625 276.5 38.96 4897.09 21370.5
1683780635 301.37 39.21 5480.35 21929.2
1683780645 303.22 38.96 5485.71 21905.3
1683780655 296.88 38.97 5478.6 17895.7
1683780665 290.22 39.2 5160.08 23031.3
1683780675 295.5 39.21 5473.19 18050.1
1683780685 285.63 38.96 5067.45 23426.8
1683780695 296.18 39.2 5491.09 20425.1
1683780705 294.87 38.94 5489.25 16602.5
1683780715 300.98 38.92 5516.16 25227.4
1683780725 275.83 39.2 4977.78 19407.4
1683780735 292.36 38.96 5528.7 21059.4
1683780745 295.4 38.99 5255.13 21495.6
1683780755 297.95 39.22 5567.94 17108.5
1683780765 300.88 38.96 5453.48 23237.6
1683780775 295.02 39.22 5475 18651.9
1683780785 296.32 39.21 5457.36 23335.7
1683780795 279.57 39.01 4979.86 23353.7
1683780805 290.05 38.99 5144.98 21923.5
1683780815 298.53 39.01 5567.94 19330.6
1683780825 302.55 39.19 5467.84 20791.8
1683780835 296.38 39 5414.09 18640.7
1683780845 298.95 39.22 5314.28 21468.8
1683780855 301.36 39 5478.6 19402.3
1683780865 303.03 39.01 5225 26793.4
1683780875 270.44 39.22 4973.27 13383.8
1683780885 304.75 39 5308.53 23798.8
1683780895 295.7 39.21 5636.01 19058.3
1683780905 304.8 39 5396.08 20621.2
1683780915 281.53 39.23 5079.96 18237.3
1683780925 302.72 39.01 5398.64 25404.1
1683780935 283.36 39.22 5160.08 19560.1
1683780945 300.69 39.23 5467.84 18409.8
1683780955 302.45 39.01 5466.01 20045.5
1683780965 303.72 39.1 5433.73 23152.9
1683780975 263.6 39.32 4846.6 16487.8
1683780985 301.17 39.1 5419.71 22027.7
1683780995 286.28 39.32 5074.71 22592.2
1683781005 298.43 39.06 5528.7 18765.5
1683781015 302.34 39.09 5364.91 23819.9
1683781025 292.38 39.32 5555.82 14834
1683781035 301.07 39.08 5427.29 21905.3
1683781045 267.97 39.31 4764.35 21977.3
1683781055 299.51 39.22 5366.63 21658.5
1683781065 296.38 39.45 5586.3 15811.4
1683781075 303.62 39.29 5473.58 22767.1
1683781085 305.98 39.27 5584.7 21902.3
1683781095 287 39.48 5214.35 19413.4
1683781105 306.73 39.26 5420.1 26006.2
1683781115 294.26 39.46 5217.9 21174.7
1683781125 293.06 39.25 5555.82 14773.8
1683781135 304.6 39.5 5480.74 22052.8
1683781145 303.32 39.24 5457.56 21283.9
1683781155 294.32 39.27 5148.33 23656
1683781165 275.72 39.5 5172.86 15537.5
1683781175 310.85 39.24 5280.94 27822.5
1683781185 294.22 39.5 5424.26 16100.6
1683781195 295.37 39.28 5411.97 20887.3
1683781205 304.12 39.5 5478.94 20627.2
1683781215 304 39.28 5405.67 21700.9
1683781225 296.02 39.48 5231.84 22379.8
1683781235 300.79 39.28 5523.68 18614.5
1683781245 306.92 39.28 5482.14 24985.8
1683781255 26.64 38.87 780673 2308.11

Execution duration: 00:24:56.56
