1683851355 281.6 2.7 5695.13 14330.8
1683851365 300.39 3.73 5716.04 22738.6
1683851375 295.84 4.1 5703.37 19952.9
1683851385 292.77 5.07 5462.58 21389.3
1683851395 306.53 6.25 5634.43 23863.5
1683851405 284.43 6.48 5273.7 21492
1683851415 294.56 7.16 5672.41 18887.4
1683851425 300 7.83 5641.51 20285.4
1683851435 305.04 8.65 5590.91 22833.6
1683851445 299.91 9.96 5529.38 22825.6
1683851455 272.28 10.25 5122.91 16421.6
1683851465 310.96 11.2 5497.33 28492
1683851475 293.6 11.58 5700.49 16666
1683851485 303.74 12.14 5504.14 21898.2
1683851495 295.37 13.15 5588.59 21723.1
1683851505 300.79 14.31 5565.62 21464.8
1683851515 301.58 14.89 5603.56 22461.3
1683851525 276.45 15.63 4956.06 22185.2
1683851535 299.21 15.93 5567.25 19106.5
1683851545 297.26 16.67 5484.31 20350.6
1683851555 299.31 17.74 5561.77 19311.5
1683851565 283.48 18.12 5261.35 19447.8
1683851575 301.88 19.3 5529.38 21180.7
1683851585 302.72 19.74 5322.3 26580.7
1683851595 272.65 20.2 5258.43 15030.6
1683851605 300.1 20.81 5568.89 18987
1683851615 303.94 21.84 5536.55 23496
1683851625 283.78 22.43 5198.03 20588.4
1683851635 304.03 23.43 5543.7 22384.2
1683851645 299.31 24.22 5630.2 18450.2
1683851655 290.96 24.57 5274.73 19869.8
1683851665 298.14 25.26 5530.79 20254.5
1683851675 300.39 26.43 5410.44 22641.6
1683851685 295.71 27.15 5427.29 22398
1683851695 297.44 28.05 5550.83 19353.8
1683851705 272.74 28.58 4994.9 18496.1
1683851715 301.77 29.51 5412.79 25018.3
1683851725 302.26 30.16 5516.55 19295.6
1683851735 296.66 30.5 5496.86 18376.5
1683851745 308.34 31.6 5452.01 24698.3
1683851755 297.56 32.47 5629.38 17209.8
1683851765 277.21 32.94 5048.1 19503.4
1683851775 299.81 33.46 5352.31 24875.8
1683851785 298.53 34.42 5559.61 19634.9
1683851795 299.31 34.93 5441.33 20325.6
1683851805 291.31 36.05 5375.39 19326.6
1683851815 303.53 37.04 5444.79 23808.6
1683851825 296.58 37.44 5537.89 18957
1683851835 256.7 38.41 4429.33 23697
1683851845 296.88 38.23 5445.07 17749.5
1683851855 295.35 38.55 5298.65 21882.8
1683851865 295.88 38.84 5640.43 17998.8
1683851875 262.17 38.55 4792.57 20649.1
1683851885 302.84 38.84 5423.48 21059.5
1683851895 303.33 38.57 5441.33 25989.4
1683851905 280.16 38.84 5156.2 17564
1683851915 296.58 38.57 5543.3 19170.3
1683851925 303.22 38.57 5512.89 19760.9
1683851935 292.97 38.84 5361.72 21191
1683851945 306.37 38.77 5434.12 23211.8
1683851955 302.43 39.08 5431.07 22268.3
1683851965 289.25 39.06 5268.42 17340.4
1683851975 302.83 38.81 5589.47 19355.2
1683851985 309.58 38.81 5468.23 25473.7
1683851995 299.12 38.82 5619.9 17392.4
1683852005 277.52 39.14 5042.81 22696.8
1683852015 301.96 38.87 5654.45 19809.2
1683852025 300.49 39.14 5265.43 25092.7
1683852035 297.17 39.1 5575.39 17971.5
1683852045 299.8 38.86 5544.98 22312.2
1683852055 305.76 39.13 5470.05 21662
1683852065 300 38.87 5521.71 20398
1683852075 278.73 38.88 4995.51 22978.7
1683852085 306.56 38.81 5428.79 23091.5
1683852096 300.39 39.1 5601.95 20113.5
1683852106 298.07 38.86 5486.1 18557.1
1683852115 303.81 39.15 5467.84 21614.1
1683852125 305.59 39.11 5478.94 21655.2
1683852136 303.01 38.84 5500.29 19687.7
1683852146 284.58 39.13 5008 25823.6
1683852156 298.04 38.83 5573.78 17978.1
1683852166 300.79 38.86 5518.28 22186.5
1683852176 304.59 38.84 5412.89 22738.3
1683852186 300.88 39.23 5644.88 17993.4
1683852196 301.27 38.95 5520 20649.4
1683852206 292.6 38.95 5058.84 26310.4
1683852216 298.53 39.23 5605.86 18933.3
1683852226 303.81 38.96 5468.23 23077.6
1683852236 295.89 39.22 5572.15 20695.7
1683852246 276.07 39.23 5037.5 17070.7
1683852256 304.18 38.96 5411.47 23876
1683852266 301.66 39.25 5518.28 19489.7
1683852276 277.29 39 5009.86 20618.7
1683852286 301.66 38.92 5520 19801.4
1683852296 304.1 39.27 5550.39 20698
1683852306 283.72 38.96 5085.66 20816.7
1683852316 298.94 39.27 5417.2 20098.2
1683852326 301.37 38.97 5550.39 23370.3
1683852336 289.53 38.97 5097.85 22651.7
1683852346 296.97 39.26 5612.89 16529.7
1683852356 308.71 39.05 5448.53 25296.7
1683852366 300.3 39.31 5530.79 18001.6
1683852376 296.53 39.11 5258.24 21929
1683852386 298.54 39.08 5446.93 20773.5
1683852396 276.42 39.39 4816.76 22067.1
1683852406 295.8 39.1 5612.89 18659.4
1683852416 304.59 39.35 5532.49 18667.7
1683852426 301.75 39.1 5388.67 22073.4
1683852436 302.34 39.31 5370.6 23522.9
1683852446 297.18 39.36 5545.37 19802.1
1683852456 308.19 39.09 5167.25 27935.7
1683852466 283.74 39.37 5180.64 16862.7
1683852476 301.07 39.37 5613.28 19111.7
1683852486 304.2 39.1 5480.74 21521.8
1683852496 304.99 39.39 5385.91 22814.1
1683852506 302.54 39.09 5437.89 21603.1
1683852516 299.12 39.11 5461.23 18319.9
1683852526 273.86 39.41 4695.8 21954
1683852536 297.75 39.12 5548.73 18353.4
1683852546 299.8 39.09 5498.63 21484.5
1683852556 303.01 39.38 5523.42 21980.6
1683852566 310.86 39.07 5536.2 24421.9
1683852576 275.66 39.39 5014.43 17677.4
1683852586 297.24 39.37 5392.52 21782.7
1683852596 301.96 39.1 5603.92 18910.5
1683852606 302.15 39.35 5532.1 20086.2
1683852616 293.17 39.08 5245.27 21582.4
1683852626 301.95 39.37 5425 21845.3
1683852636 300.97 39.08 5539.18 18824.2
1683852646 277.39 39.08 4796.1 24998.4
1683852656 302.35 39.36 5575 18556.6
1683852666 300 39.11 5460.67 21098.6
1683852676 296.2 39.15 5494.63 18032.4
1683852686 284.57 39.42 5037.5 21790.2
1683852696 297.25 39.08 5439.06 20012.2
1683852706 303.71 39.42 5481.25 24074.2
1683852716 302.82 39.15 5473.28 19724.8
1683852726 303.02 39.51 5501.75 23315.8
1683852736 295.99 39.32 5585.91 16695.5
1683852746 305.47 39.31 5392.77 24628.3
1683852756 297.86 39.61 5489.28 21284.2
1683852766 301.16 39.33 5483.95 18089
1683852776 263.15 39.62 4642.81 20024.2
1683852786 302.15 39.31 5505.38 20304.2
1683852796 301.95 39.33 5526.71 19476
1683852806 302.43 39.61 5414.42 21570.8
1683852816 287.66 39.61 5261.81 17290.6
1683852826 307.34 39.33 5423.09 27101.8
1683852836 109.39 38.98 791419 15765.6

Execution duration: 00:24:52.52
