1683864855 305.47 1.76 1767.96 4971.54
1683864865 306.72 2.19 1394.85 9827.72
1683864875 309.23 2.71 1449.21 9328.97
1683864885 309.53 3.13 1422.22 10536.1
1683864895 309.92 3.3 1418.26 12909.1
1683864905 306.26 3.45 1423.01 6952.38
1683864915 308.72 3.56 1394.46 9801.58
1683864925 309.22 4.19 1422.22 9911.51
1683864935 311 4.69 1395.84 10521.7
1683864945 165.51 5.07 15119 9808.31
1683864955 308.92 5.32 1394.46 11945
1683864965 306.85 5.52 1396.23 7077.9
1683864975 307.23 5.87 1420.81 10233.9
1683864985 308.61 5.97 1418.4 9774.88
1683864995 308.11 6.59 1416.6 9197.63
1683865005 310.6 6.98 1444.75 10535
1683865015 308.09 6.95 1402.96 13465
1683865025 308.7 7.46 1441.9 6586.17
1683865035 304.45 7.38 1418 8950.74
1683865045 143.52 8.26 14537.3 11192.5
1683865055 306.62 8.44 1417 8934.78
1683865065 308.4 8.97 1389.93 10904.6
1683865075 309.89 9.21 1366.01 13142.3
1683865085 307.31 9.02 1415.2 5615
1683865095 308.4 9.48 1418.4 8102.47
1683865105 308.17 9.98 1384.46 11490.3
1683865115 309.97 10.09 1390.32 11017.6
1683865125 305.63 10.64 1442.3 9092.49
1683865135 310.83 10.78 1412.6 15625.2
1683865145 305.44 11.15 1440.86 6139.39
1683865155 145.33 11.5 15690.5 9041.1
1683865165 309.88 11.93 1391.7 9657.31
1683865175 306.41 11.9 1389.93 8702.47
1683865185 309.27 12.7 1388.95 10275
1683865195 313.58 12.8 1361.02 14828.4
1683865205 305.2 13.2 1407.26 4999.8
1683865215 306.41 13.28 1413.81 10070.2
1683865225 308.08 13.85 1437.64 8532.41
1683865235 309.07 14.19 1412.8 9140.89
1683865245 310.06 14.39 1437.64 11322.6
1683865255 309.74 15.14 1384.85 11344.4
1683865265 125.76 15.2 15638.5 9711.7
1683865275 308.76 15.57 1412.8 8633.69
1683865285 307.38 15.94 1411.02 10842.1
1683865295 308.68 16.18 1438.03 7118.82
1683865305 309.08 16.66 1413.2 11385.6
1683865315 306.17 17.23 1380.78 10534.9
1683865325 300.3 16.99 1363.7 11385
1683865335 306.71 17.57 1385.83 9881.1
1683865345 306.28 17.76 1432.38 8321.49
1683865355 306 18.23 1409.64 9314.85
1683865365 306.81 18.59 1414.2 9826.04
1683865375 306.87 18.73 1406.87 10489.1
1683865385 288.87 19.17 16961.2 11211.4
1683865395 307.87 19.42 1410.03 6266.27
1683865405 310.78 19.62 1353.97 12830.2
1683865415 306.08 20.14 1405.88 7630.2
1683865425 308.45 20.61 1383.1 10897.5
1683865435 305.6 20.64 1430.98 7398.43
1683865445 310.62 21.18 1360.08 13967
1683865455 307.27 21.33 1408.64 9242.44
1683865465 303.53 21.67 1404.11 6164.54
1683865475 311.81 22.24 1411.02 12538.6
1683865485 307.25 22.26 1404.5 9957.3
1683865495 183.89 22.79 16513.2 7270.72
1683865505 305 23.16 1332.29 13867.7
1683865515 304.11 23.22 1427.79 6594.52
1683865525 309 23.74 1379.43 11404.5
1683865535 307.93 23.68 1427.79 7612.13
1683865545 305.84 24.37 1394.94 10646.3
1683865555 308.5 24.59 1400 9879.3
1683865565 309.1 25.01 1378.47 13276.7
1683865575 305.87 25.08 1428.18 6139.33
1683865585 309.73 25.17 1408.25 10618.9
1683865595 311.68 25.83 1406.87 8806.28
1683865605 127.75 26.31 15816.1 10433.7
1683865615 305.1 26.71 1357.01 9647.5
1683865625 307.13 26.89 1351.71 13461.6
1683865635 302.93 26.94 1400 5380.86
1683865645 307.54 27.25 1378.08 8938.55
1683865655 307.15 27.58 1402.74 8544.03
1683865665 311.29 28.18 1382.14 11850.4
1683865675 310.01 28.04 1431.99 8624.53
1683865685 312.01 28.82 1350.39 15378.9
1683865695 304.51 28.84 1427.79 5659.1
1683865705 84.77 28.94 0.39 10187.1
1683865715 302.75 29.47 15331.5 7804.3
1683865725 306.76 29.96 1379.43 10068.2
1683865735 310.05 30.39 1398.63 10611.5
1683865745 312.92 30.77 1402.74 12081.8
1683865756 302.68 30.84 1402.5 8427.28
1683865765 306.46 30.9 1402.74 8828.57
1683865775 303.52 31.25 1378.08 8601.96
1683865785 304.89 31.88 1400 10024.6
1683865795 310.09 32.46 1379.43 11444.9
1683865805 306.33 32.28 1420.84 7283.74
1683865815 309.76 32.68 1375 12925
1683865825 266.86 33.03 16402 8048.73
1683865835 305.27 32.98 1376.34 10145.1
1683865845 308.2 33.71 1374.05 10049.6
1683865855 306.53 34.13 1397.27 9820.66
1683865865 306.06 34.41 1400.39 8715.62
1683865875 308.5 34.55 1375.78 13043
1683865886 307.01 34.4 1395.91 6511
1683865895 308.97 35.2 1397.27 11329
1683865905 306.07 35.44 1429.19 9817.83
1683865916 306.32 35.59 1370.04 9615.95
1683865926 308.48 36.33 1395.91 11389.3
1683865936 273.62 36.62 16145.8 11491.7
1683865946 304.65 36.7 1391.84 6989.13
1683865956 304.97 36.93 1371.37 7947.03
1683865965 306.86 37.4 1379.04 10941
1683865976 307.02 37.76 1373.66 10052.7
1683865986 307.49 37.62 1392.23 10122.7
1683865996 307.47 37.91 1341.61 12929.6
1683866006 303.29 37.96 1391.84 8425.63
1683866016 304.59 38.09 1398.63 7624.59
1683866026 306.83 37.82 1397.66 9895.13
1683866036 308.52 38.17 1361.7 11132.7
1683866046 200.1 38.22 15988.7 11559.1
1683866056 308.97 38.23 1357.76 12960.9
1683866066 303.5 38.22 1418.08 5467.06
1683866076 309.27 38.23 1400.39 10019.1
1683866086 311.1 38.25 1395.91 11787
1683866096 305.47 38.25 1447.56 6600.39
1683866106 311.1 38.38 1370.98 12481
1683866116 309.07 38.37 1399.41 12969.8
1683866126 307.43 38.38 1450 6038.28
1683866136 306.99 38.37 1391.84 9616.7
1683866146 306.22 38.12 1417.09 10940.6
1683866156 108.95 38.41 15864.6 7789.88
1683866166 306.51 38.4 1342.53 11646.6
1683866176 308.49 38.14 1349.46 12607.2
1683866186 303.61 38.43 1394.94 5792.61
1683866196 304.66 38.15 1369.65 8472.37
1683866206 307.1 38.42 1345.14 11293.4
1683866216 304.39 38.43 1397.27 7952.44
1683866226 306.83 38.42 1372.32 8865.5
1683866236 305.26 38.43 1368.71 11435.2
1683866246 307.39 38.43 1368.32 11871.7
1683866256 307.11 38.14 1345.14 9799.22
1683866266 305.26 38.42 1339.82 8484.13
1683866276 300.4 38.43 16273.8 8900.58
1683866286 309.84 38.55 1395.91 10359.9
1683866296 308.66 38.56 1369.65 9591.83
1683866306 309.61 38.55 1341.22 11807.6
1683866316 307.02 38.55 1397.27 8623.78
1683866326 306.43 38.27 1396.3 9321.13
1683866336 307.12 38.25 1398.63 9493.07
1683866346 307.5 38.55 1394.94 10907
1683866356 307.89 38.26 1395.91 11031.4
1683866366 308.8 38.55 1385.89 10877.7
1683866376 305.65 38.26 1397.27 7934.5
1683866386 248.59 38.56 16284.7 9910.42
1683866396 306.92 38.55 1397.66 8345.81
1683866406 309.76 38.26 1372.32 11382.9
1683866416 305.85 38.55 1374.05 7937.56
1683866426 314.62 38.26 1347.37 13479.1
1683866436 305.81 38.55 1386.85 6887.43
1683866446 310.71 38.58 1344.75 13676.6
1683866456 303.22 38.6 1423.61 5830.24
1683866466 307.66 38.61 1366.05 10213.8
1683866476 304.68 38.6 1395.91 9002.14
1683866486 129.79 38.61 14589.1 13462.9
1683866496 305.75 38.6 1422.22 7242.88
1683866506 305.56 38.6 1396.3 10881
1683866516 305.84 38.6 1369.65 8417.9
1683866526 304.68 38.61 1374.05 8532.29
1683866536 307.31 38.61 1370.98 11157.2
1683866546 309.04 38.32 1369.65 13184
1683866556 305.93 38.61 1421.23 6200.58
1683866566 308.45 38.61 1393.2 11327.1
1683866576 307.4 38.6 1396.3 8465.43
1683866586 305.32 38.31 1386.46 9744.68
1683866596 271.46 38.61 15257.1 8875.07
1683866606 309.01 38.61 1314.23 14298.2
1683866616 303.23 38.62 1399.02 5779.12
1683866626 305.36 38.6 1371.37 9034.86
1683866636 307.99 38.61 1372.32 9585.19
1683866646 310.21 38.61 1343.83 12703.2
1683866656 305.26 38.32 1420.84 8151.51
1683866666 313.34 38.61 1346.45 16163.6
1683866676 303.38 38.32 1408.49 5579.92
1683866686 309.57 38.61 1400 8118.75
1683866696 188.05 38.61 14645.3 9175.51
1683866706 308.59 38.61 1398.63 9963.71
1683866716 307.43 38.31 1359.46 9615.06
1683866726 306.04 38.61 1369.65 9990.66
1683866736 310.51 38.31 1346.84 12536.3
1683866746 305.75 38.6 1397.27 7902.53
1683866756 308.39 38.32 1399.02 10580.3
1683866766 306.44 38.32 1398.63 8476.49
1683866776 307.23 38.61 1376.73 11184
1683866786 305.84 38.32 1368.32 11687.5
1683866796 310.89 38.61 1343.44 11612.8
1683866806 280.83 38.61 15472.2 7575.85
1683866816 307.68 38.32 1393.2 9696.02
1683866826 306.9 38.31 1394.94 10742
1683866836 306.93 38.61 1372.32 9339.18
1683866846 305.27 38.61 1374.05 8929.56
1683866856 310.24 38.32 1373.66 12442.1
1683866866 305.55 38.61 1422.22 6754.78
1683866876 308.76 38.61 1396.3 10105.2
1683866886 305.67 38.61 1397.27 9538.4
1683866896 306.05 38.32 1372.71 9734.89
1683866906 140.34 38.61 14736.2 8647.2
1683866916 309.11 38.6 1339.01 13710
1683866926 302.82 38.6 1395.91 6051.8
1683866936 306.93 38.6 1373.66 9848.59
1683866946 308.55 38.31 1394.94 9171.21
1683866956 308.68 38.61 1373.66 10242.7
1683866966 309.47 38.32 1399.02 9087.61
1683866976 313.32 38.6 1370.04 14283.7
1683866986 306.53 38.61 1397.27 7578.95
1683866996 309.53 38.61 1368.32 10844.7
1683867006 306.64 38.32 1399.02 7806.44
1683867016 196.7 38.6 15257.2 11349.8
1683867026 304.18 38.6 1394.55 8078.21
1683867036 311.95 38.61 1344.22 13241.2
1683867046 303.4 38.61 1419.46 6587.94
1683867056 309.95 38.61 1399.02 10362.1
1683867066 305.06 38.62 1394.55 10437
1683867076 305.84 38.32 1396.3 7620.25
1683867086 308.56 38.6 1393.2 11637.7
1683867096 307.79 38.61 1370.98 12900.9
1683867106 305.66 38.61 1422.61 6720.08
1683867116 307.29 38.33 1393.2 8115.06
1683867126 192.84 38.6 15608.5 11503.2
1683867136 302.32 38.6 1409.86 8334.69
1683867146 308.89 38.31 1375.39 10343.8
1683867156 310.2 38.6 1368.32 14144.2
1683867166 303.37 38.32 1378.68 7304.51
1683867176 305.94 38.61 1393.2 8656.95
1683867186 307.68 38.32 1366.99 10713.4
1683867196 307.02 38.32 1374.05 10060.9
1683867206 306.44 38.61 1400 7636.72
1683867216 308.79 38.61 1399.02 9930.93
1683867226 312.68 38.61 1349.46 12430.8
1683867236 92.22 38.61 15559.6 8041.6
1683867246 310.23 38.61 1347.37 11328.6
1683867256 307.1 38.32 1394.94 8915.95
1683867266 307.42 38.62 1372.32 11432.8
1683867277 308.48 38.61 1381.12 8260.12
1683867286 308.29 38.61 1349.07 11850.9
1683867296 306.53 38.32 1397.27 7335.28
1683867306 308.16 38.61 1392.23 10055.9
1683867316 307.79 38.61 1395.91 8840.51
1683867326 307.68 38.61 1367.38 8736.7
1683867336 308.67 38.32 1347.37 11050.7
1683867346 196.78 38.6 14848 11996.9
1683867357 303.49 38.61 1388.19 5909.78
1683867366 309.92 38.61 1368.32 11624.1
1683867376 307.29 38.61 1345.14 9059.53
1683867386 305.14 38.32 1342.14 10428.4
1683867396 308.79 38.61 1399.02 8090.93
1683867406 312.37 38.6 1346.45 12496.6
1683867416 301.94 38.6 1416.7 5605.83
1683867426 306.15 38.61 1397.66 9328.65
1683867437 307.09 38.61 1342.14 10867.2
1683867446 175.54 38.6 14109.9 9811.7
1683867456 306.63 38.6 1373.66 7900.1
1683867466 311.91 38.61 1324.49 13929.8
1683867477 306.5 38.61 1365.66 8131.91
1683867486 307.31 38.32 1397.66 6995.71
1683867497 308.24 38.61 1365.66 9568.96
1683867507 308.16 38.61 1343.44 12255
1683867516 304.48 38.32 1422.61 6171.54
1683867527 313.17 38.62 1323.2 15181.7
1683867537 301.45 38.31 1414.34 5905.04
1683867547 311.22 38.61 1373.66 8956.88
1683867557 172.67 38.61 15386.4 8949.42
1683867567 306.43 38.61 1385.58 12045.6
1683867577 307.03 38.61 1440.78 8098.73
1683867587 311.11 38.6 1349.32 14164.9
1683867597 305.08 38.31 1398.63 6117.85
1683867607 307.1 38.62 1369.65 8834.24
1683867617 306.47 38.32 1383.78 8021.62
1683867627 308.55 38.61 1368.54 12721.9
1683867637 307.2 38.61 1394.55 8277.43
1683867647 307.3 38.61 1394.94 9665.37
1683867657 300.78 38.32 1361.62 10784.9
1683867667 126.19 38.61 15496 7215.97
1683867677 309.66 38.6 1372.71 12566.9
1683867687 306.03 38.32 1394.55 6266.15
1683867697 306.81 38.61 1370.04 10959.1
1683867707 310.92 38.32 1373.66 11505.2
1683867717 310.05 38.61 1374.05 10212.3
1683867727 304.77 38.32 1421.23 6776.63
1683867737 307.68 38.6 1369.65 9179.38
1683867747 305.06 38.6 1394.55 10938.5
1683867757 310.06 38.61 1375 11361.3
1683867767 301.74 38.61 1346.45 8856.09
1683867777 310.71 38.32 1370.43 12059.5
1683867787 258.73 38.61 16614.2 6611.9
1683867797 308.1 38.61 1397.27 10297.9
1683867807 308.18 38.61 1346.45 12081.4
1683867817 306.81 38.61 1395.91 7999.61
1683867827 307.1 38.61 1369.65 9828.4
1683867837 309.29 38.6 1340.31 11811.2
1683867847 304.4 38.61 1400 6848.05
1683867857 307.58 38.61 1394.94 11007.4
1683867867 305.72 38.32 1389.15 7820.54
1683867877 307.31 38.61 1372.71 9466.67
1683867887 303.4 38.32 1365.66 11221.7
1683867897 228.14 38.6 15904.6 14777.4
1683867907 306.53 38.6 1396.3 5925.22
1683867917 307.31 38.32 1372.32 8586.35
1683867927 306.7 38.61 1345.14 11614.4
1683867937 305.4 38.32 1357.76 8340.98
1683867947 309.54 38.61 1371.37 9523.27
1683867957 309.74 38.61 1346.45 14047.1
1683867967 303.6 38.6 1397.27 5893.57
1683867977 306.42 38.61 1370.04 10175.1
1683867987 304.88 38.31 1398.63 8255.22
1683867997 309.56 38.31 1397.66 9532.16
1683868007 258.57 38.61 15672.5 9755.56
1683868017 313.34 38.6 1320.62 14386.8
1683868027 306.6 38.32 1415.32 5579.83
1683868037 311.31 38.61 1372.32 11807.4
1683868047 304.45 38.32 1390.88 7944.13
1683868057 302.82 38.61 1369.65 9529.57
1683868067 305.07 38.61 1374.05 8419.51
1683868077 311.12 38.61 1398.63 11552
1683868087 307.29 38.61 1350.72 10478.6
1683868097 308.65 38.32 1393.2 9089.99
1683868107 308.52 38.61 1363.41 9748.69
1683868117 212.95 38.6 15892.9 10607.6
1683868127 273.98 38.6 1254.58 6741.52
1683868137 247.97 38.61 1126.6 7858.25
1683868147 297.09 38.61 1317.05 10744.6
1683868157 309.13 38.61 1393.59 9751.6
1683868167 305.94 38.61 1420.84 7466.02
1683868177 306.54 38.31 1401.75 9662.83
1683868187 309.84 38.61 1398.05 11766.5
1683868197 305.46 38.32 1420.84 7687.63
1683868207 311.76 38.31 1369.49 12819.8
1683868217 307.22 38.61 1422.22 7987.13
1683868227 178.66 38.62 14658.8 5241.9
1683868237 289.33 38.6 331.65 2357.67
1683868247 174.27 38.52 199.22 316.96

Execution duration: 00:56:42.42
