1683820087 304.78 1.73 1500.5 4969.95
1683820097 306.53 2.19 1427.95 10033.7
1683820107 304.96 2.63 1422.4 9211.1
1683820117 306.65 3.04 1395.84 10858.7
1683820127 309.23 3.26 1417.86 12748.4
1683820137 305.06 3.34 1444.75 6522.77
1683820147 306.14 3.8 1421.21 11154
1683820157 307.72 4.22 1419.41 9480.79
1683820167 309.18 4.31 1414.2 9854.44
1683820177 181.93 4.96 15294.5 10949.8
1683820187 310.49 5.05 1394.46 13035.2
1683820197 305.95 5.09 1445.54 5651.09
1683820207 308.42 5.73 1419.41 9760.79
1683820217 310.99 5.91 1421.21 11911.2
1683820227 308.01 6.6 1416.6 8561.66
1683820237 307.71 6.62 1417 9884.19
1683820247 310.96 7.25 1389.93 14680
1683820257 305.94 7.49 1443.72 6391.3
1683820267 306.31 7.77 1413.81 9716.37
1683820277 180.46 8.22 14748.7 10903.4
1683820287 307.7 8.3 1439.44 8833.93
1683820297 308.11 8.56 1418 10119.9
1683820307 310.23 9.36 1359.68 15168.5
1683820317 305.34 9.11 1441.9 5547.83
1683820327 308.3 9.81 1415.59 10092.8
1683820337 307.71 9.84 1441.9 9861.26
1683820347 309.49 10.3 1417 10690.9
1683820357 305.34 10.87 1415.2 8922.01
1683820367 312.92 11.19 1402.57 15570.4
1683820377 306.61 10.94 1466.14 5761.11
1683820387 192.13 11.65 15998.8 11040
1683820397 306.67 11.83 1407.26 7898.72
1683820407 308.09 12.21 1387.19 10114.3
1683820417 307.99 12.28 1388.95 8975.94
1683820427 311.94 12.74 1363.31 16071
1683820437 306.01 13.2 1412.2 6707.09
1683820447 308.38 13.21 1412.41 10104
1683820457 309.85 13.85 1437.64 8872.12
1683820467 307.11 14.23 1414.2 9864.3
1683820477 308.89 14.72 1415.2 10110.2
1683820487 306.61 15.04 1414.2 8466.27
1683820497 187.38 15.11 16063.1 12701.8
1683820507 305.1 15.23 1433.79 6598.04
1683820517 309.88 15.45 1413.81 10320.3
1683820527 305.71 16.18 1410.03 11596.9
1683820537 307.49 16.17 1412.41 7310.34
1683820547 308.39 16.97 1388.95 11558.6
1683820557 309.07 16.79 1387.58 12089.1
1683820567 305.81 16.9 1437.64 7086.11
1683820577 308.26 17.6 1435.2 10381.5
1683820587 308.27 18 1411.02 8980.71
1683820597 307.06 18.36 1405.49 10269.4
1683820607 131.11 18.76 15939.5 8226.49
1683820617 307.27 18.9 1358.35 13816.1
1683820627 305.61 18.64 1412.41 6424.83
1683820637 308.86 19.48 1385.83 11382.7
1683820647 305.5 19.39 1408.64 8298.62
1683820657 308.74 20.15 1431.99 10333.7
1683820667 305.99 20.17 1384.85 10154.6
1683820677 310.8 20.73 1408.64 12858.5
1683820687 305.59 20.88 1408.64 6897.84
1683820697 303.73 20.95 1409.64 9497.74
1683820707 307.85 21.62 1407.26 10273.6
1683820717 306.48 21.75 1381.75 9788.81
1683820727 236.88 22.33 16881.8 8554.96
1683820737 309.83 22.73 1358.75 13393.7
1683820747 303.33 22.61 1404.11 6621.74
1683820757 304.52 23.06 1408.64 7783.5
1683820767 305.8 23.26 1357.96 10350.9
1683820777 306.04 23.89 1399.41 9628.49
1683820787 306.49 24.05 1386.22 10600.4
1683820797 310 24.6 1356.07 13839.2
1683820807 303.63 24.67 1430.98 5697.25
1683820817 304.12 24.91 1405.49 9365.49
1683820827 306.46 25.38 1378.08 10816.4
1683820837 157.25 25.71 16042 8460
1683820847 304.61 25.79 1380.78 9172.55
1683820857 312.66 26.41 1358.75 15708.1
1683820867 300.79 26.21 1376.34 5538.22
1683820877 306.76 26.94 1353.97 10505
1683820887 301.76 27.23 1405.49 6870.98
1683820897 305.77 27.26 1379.43 9241.53
1683820907 301.86 27.66 1351.32 10469.2
1683820917 308.24 28.39 1355.29 15313.7
1683820927 304.65 28.48 1389.15 7052.33
1683820937 81.81 28.69 13979.3 7858.32
1683820947 298.84 29.06 1355.15 8772.67
1683820957 307.04 29.54 1352.64 11131.5
1683820967 304.59 29.55 1376.73 8738.22
1683820977 299.51 29.95 1352.64 7358.12
1683820987 306.76 30.34 1330.98 13270.6
1683820997 305.58 30.56 1377.69 8967.51
1683821007 306.25 30.93 1376.73 9832.65
1683821017 300.97 31.16 1404.11 7357.1
1683821027 305.85 31.27 1397.27 9887.72
1683821037 306.27 32 1403.13 9591.78
1683821047 308.16 31.85 1367.38 11467.2
1683821057 226.96 32.34 16209 7239.06
1683821067 305.77 32.36 1377.69 8536.99
1683821077 307.32 33.23 1350.39 12410.5
1683821087 306.55 33.3 1376.34 9947.61
1683821097 302.44 33.65 1345.14 7243.97
1683821107 305.86 34.01 1348.68 12400.8
1683821117 300.3 33.97 1376.34 6897.36
1683821127 304.3 34.63 1351.32 11327.5
1683821137 301.56 34.62 1344.75 8133.46
1683821147 302.63 35.41 1349.07 10055
1683821157 303.52 35.74 1375 9820.7
1683821167 187.29 35.97 15620.3 12364.4
1683821177 300.68 36.19 1325 8421.09
1683821187 299.9 36.45 1323.71 5774.05
1683821197 303.91 36.65 1351.71 10063
1683821207 301.65 36.81 1323.71 8960
1683821217 301.17 37.55 1324.1 9574.24
1683821227 304.09 37.63 1274.54 13716.3
1683821237 298.93 37.94 1378.08 5972.6
1683821247 305.27 37.93 1349.07 10337.6
1683821257 302.83 38 1373.66 8738.73
1683821267 303.49 37.81 1346.45 9955.6
1683821277 303.12 38.08 1346.06 9435.25
1683821287 279.29 38.08 16405.8 13750.8
1683821297 303.22 38.07 1398.63 8107.32
1683821308 304.64 38.08 1385.51 7578.36
1683821317 302.83 37.84 1344.75 9150.19
1683821328 303.87 38.22 1333.08 9291.8
1683821338 306.19 38.02 1363.41 10294.3
1683821347 308.3 38.28 1347.76 13148.5
1683821357 301.76 38.29 1393.59 7089.99
1683821368 306.02 38.02 1390.49 8116
1683821377 303.12 38.33 1396.3 8932.81
1683821387 306.05 38.06 1398.63 10740.7
1683821397 130.84 38.32 16035.9 8730.93
1683821407 304.6 38.33 1349.07 12331.7
1683821418 303.31 38.06 1346.45 9959.1
1683821427 304.29 38.32 1399.02 6906.15
1683821437 304 38.06 1350 10763.7
1683821447 305.18 38.33 1375.39 9650.78
1683821458 305.44 38.06 1366.99 9363.88
1683821468 304.57 38.34 1408.37 8553.85
1683821478 306.32 38.33 1345.53 11152.1
1683821488 302.14 38.06 1369.65 8360.31
1683821498 303.85 38.33 1378.84 8133.08
1683821508 92.23 38.34 15008 12108.1
1683821518 307.33 38.34 16422.7 8297.16
1683821528 303.61 38.34 1397.27 8850.68
1683821538 302.03 38.07 1291.95 12426.8
1683821548 303.59 38.34 1394.94 7218.68
1683821558 305.04 38.35 1339.53 12034.1
1683821568 303.8 38.35 1370.04 8117.9
1683821578 310.9 38.09 1370.98 11696.2
1683821588 304.49 38.39 1397.66 8061.21
1683821598 308.39 38.4 1356.45 11543
1683821608 304 38.4 1424 6879.22
1683821618 307.31 38.4 1372.32 10584.4
1683821628 229.36 38.4 16178.4 8740.53
1683821638 303.9 38.4 1347.76 9278.36
1683821648 304.59 38.13 1372.32 10666.3
1683821658 305.55 38.13 1345.53 12134.6
1683821668 301.95 38.12 1369.65 6719.46
1683821678 301.75 38.4 1360.78 9604.25
1683821688 308.89 38.13 1350 10479.7
1683821698 304.59 38.39 1397.27 9855.75
1683821708 306.42 38.4 1371.37 10918.4
1683821718 302.34 38.41 1320.23 11896.9
1683821728 85.42 38.4 14343.6 5333.72
1683821738 311.38 38.4 1394.55 12596.1
1683821748 298.45 38.4 1393.59 6067.64
1683821758 305.74 38.13 1342.14 11611.6
1683821768 303.31 38.39 1370.98 7666.99
1683821778 309.82 38.4 1345.92 15039.7
1683821788 301.28 38.4 1395.91 5261.15
1683821798 307.11 38.39 1346.45 11146.6
1683821808 300.3 38.4 1372.32 8268.23
1683821818 306.23 38.4 1322.81 11955.6
1683821828 302.53 38.4 1420.84 5939.24
1683821838 206.45 38.4 14767.6 15664.1
1683821848 300.2 38.13 1392.23 5108.74
1683821858 303.6 38.4 1346.06 8820.25
1683821868 304.97 38.13 1349.07 10869.5
1683821878 304.49 38.4 1347.37 9804.68
1683821888 303.7 38.4 1370.98 7861.34
1683821898 310.24 38.41 1373.66 10439.4
1683821908 306.81 38.4 1352.02 12066
1683821918 308.07 38.14 1393.2 8527.5
1683821928 300.78 38.4 1369.65 9132.68
1683821938 93.17 38.4 14128.4 10626.3
1683821948 305.95 38.4 1348.68 9332.68
1683821958 304.09 38.4 1370.98 10013.6
1683821968 306.25 38.14 1325 11429.7
1683821978 304.08 38.41 1343.83 6798.45
1683821988 303.37 38.4 1330.51 12430.4
1683821998 300.49 38.39 1372.32 7286.16
1683822008 302.14 38.13 1374.05 9573.85
1683822018 305.45 38.39 1370.98 9793.96
1683822028 308.07 38.12 1345.53 12852.1
1683822038 302.63 38.4 1370.98 6954.63
1683822048 160.14 38.51 14713.8 10020.7
1683822058 302.21 38.53 1379.79 8430.41
1683822068 302.44 38.27 1347.37 10478.8
1683822078 304.96 38.54 1343.83 10405
1683822088 306.81 38.26 1346.84 12043.6
1683822098 301.37 38.54 1374.05 8000
1683822108 304.1 38.54 1347.37 10404.7
1683822118 301.26 38.24 1393.59 7280.86
1683822128 303.51 38.51 1370.98 9471.86
1683822138 306.42 38.51 1369.65 10319.1
1683822148 306.34 38.24 1322.81 12183.2
1683822158 188.23 38.5 15156.1 5735.28
1683822168 303.9 38.5 1370.98 8917.62
1683822178 305.27 38.24 1375 10544.1
1683822188 306.04 38.24 1347.37 8928.27
1683822198 303.12 38.61 1369.65 9699.22
1683822208 310.36 38.61 1326.3 13954.2
1683822218 302.92 38.61 1414.34 5575.58
1683822228 304.72 38.61 1357.76 10854.8
1683822238 303.41 38.61 1368.71 9072.11
1683822248 304.19 38.61 1370.98 10122.7
1683822258 306.61 38.61 1343.83 10789.5
1683822268 215.23 38.6 15402.1 12163.5
1683822278 302.82 38.61 1392.23 5663.69
1683822288 306.34 38.61 1347.76 11221.8
1683822298 303.31 38.33 1395.91 7093.28
1683822308 306.34 38.34 1372.32 10162.6
1683822318 306.35 38.61 1372.32 11632.4
1683822328 302.61 38.36 1368.71 8115.06
1683822338 306.68 38.63 1387.62 10434.8
1683822348 304.88 38.62 1399.02 9952.78
1683822358 303.21 38.63 1395.91 9094.06
1683822368 302.24 38.35 1373.66 8404.29
1683822378 172.44 38.63 15649.9 9181.31
1683822388 306.14 38.63 1369.65 10190.7
1683822398 305.92 38.36 1341.61 11803.7
1683822408 303.13 38.63 1397.27 7384.41
1683822418 304.87 38.62 1372.71 9548.54
1683822428 306.13 38.63 1346.06 13778
1683822438 301.17 38.36 1420.84 5294.64
1683822448 306.19 38.63 1359.46 11142.5
1683822458 306.63 38.62 1373.66 11324.1
1683822468 304 38.63 1374.05 7348.29
1683822478 304 38.63 1372.32 8746.2
1683822488 303.4 38.63 1346.06 10551.5
1683822498 266.15 38.63 16693.8 8887.8
1683822508 303.41 38.63 1372.32 9977.78
1683822518 305.27 38.63 1322.81 11775.4
1683822528 304.29 38.35 1373.66 7978.54
1683822538 303.51 38.63 1345.14 10724.5
1683822548 302.44 38.36 1372.32 8747.76
1683822558 305.14 38.36 1393.59 8968.32
1683822568 305.86 38.63 1372.32 8190.25
1683822578 308.16 38.35 1319.34 14269.8
1683822588 301.95 38.63 1396.3 6829.6
1683822598 135.6 38.62 14452.8 8902.81
1683822608 303.71 38.63 1347.76 9255.75
1683822618 307.29 38.36 1368.32 10145
1683822628 301.37 38.35 1374.05 8602.54
1683822638 307.22 38.36 1325.39 13683.6
1683822648 301.86 38.63 1372.71 6297.08
1683822658 305.95 38.36 1372.71 8650.29
1683822668 305.84 38.63 1393.2 10012.8
1683822678 302.82 38.63 1345.14 11014
1683822688 304.19 38.63 1372.32 8550.88
1683822698 110.8 38.63 13659.5 13863.4
1683822708 301.76 38.62 1397.27 5591.42
1683822718 305.46 38.36 1375.39 11004.7
1683822728 307.21 38.36 1348.68 9572.29
1683822738 305.17 38.63 1370.98 8285.1
1683822748 304.2 38.63 1374.05 8426.54
1683822758 307.58 38.36 1342.14 11521.5
1683822768 304.85 38.36 1363.79 10198.3
1683822778 304.38 38.63 1368.32 9001.36
1683822788 303.61 38.36 1374.05 8067.12
1683822798 303.89 38.63 1370.98 9873.81
1683822808 83.67 38.56 14788.7 10030.3
1683822818 302.83 38.63 16356.3 8571.54
1683822828 309.63 38.63 1355.65 12221.8
1683822838 304.19 38.36 1374.05 8896.39
1683822848 302.64 38.64 1370.98 9030.19
1683822858 304.08 38.63 1367.38 8137.48
1683822868 303.5 38.62 1365.66 9844.81
1683822878 306.6 38.63 1366.99 11055.9
1683822888 305.37 38.63 1350.78 10185.2
1683822898 302.25 38.63 1400 8114.84
1683822908 303.61 38.63 1373.66 8391.8
1683822918 303.22 38.36 1370.98 10939.4
1683822928 242.73 38.63 16262.6 7861.46
1683822938 303.61 38.63 1347.37 10581.7
1683822948 307.1 38.64 1319.84 11808.2
1683822958 302.15 38.37 1375.39 6277.34
1683822968 304.98 38.36 1375 8673.05
1683822978 304.48 38.63 1345.14 10756
1683822988 305.53 38.35 1390.49 10663.4
1683822998 299.81 38.63 1390.88 9038.99
1683823008 311.02 38.36 1322.81 14647.6
1683823018 300.87 38.63 1396.3 5616.36
1683823028 304.19 38.36 1370.98 9158.33
1683823038 136.26 38.62 15605.8 8681.63
1683823048 307.01 38.63 1369.65 9448.64
1683823058 305.95 38.36 1348.68 10890.5
1683823068 307.55 38.63 1313.85 13686
1683823078 303.21 38.35 1394.55 7194.16
1683823088 306.8 38.63 1366.99 10513
1683823099 300.01 38.35 1357.76 9191.13
1683823108 304.39 38.36 1400 8846.88
1683823118 307.02 38.63 1372.71 10039.4
1683823128 309.12 38.36 1342.92 13207.4
1683823138 304.37 38.63 1415.71 5939.09
1683823148 303.61 38.36 1347.22 8729.5
1683823158 296.2 38.63 16378.6 11789.7
1683823168 306.13 38.63 1394.55 8271.21
1683823179 303.31 38.63 1364.34 9743.41
1683823188 303.61 38.36 1374.05 9493.85
1683823198 307.9 38.63 1348.68 12461.7
1683823208 303.99 38.36 1399.02 6657.95
1683823219 303.98 38.63 1343.44 12101.5
1683823228 305.35 38.64 1371.37 9622.98
1683823238 304.86 38.36 1369.65 8229.57
1683823248 301.94 38.63 1370.98 9614.41
1683823259 113.24 38.64 14735.4 13264.6
1683823268 303.82 38.64 1372.32 8561.4
1683823278 303.81 38.36 1373.66 7772.49
1683823289 303.3 38.36 1340.83 9825.02
1683823299 304.93 38.64 1312.58 12524.6
1683823309 302.52 38.63 1389.15 7445.74
1683823319 310.98 38.36 1342.14 11977.5
1683823329 302.91 38.63 1394.55 6633.46
1683823339 304.48 38.62 1344.75 11322.6
1683823349 306.24 38.62 1399.41 8558.05
1683823359 301.66 38.63 1370.98 8444.79
1683823369 306.34 38.36 1374.05 10695.8
1683823379 270.76 38.63 16232.8 12225.7
1683823389 300.88 38.63 1398.63 5704.98
1683823399 305.82 38.36 1342.14 13165.8
1683823409 301.85 38.64 1395.91 5762.8
1683823419 305.36 38.63 1373.66 9425.95
1683823429 305.06 38.63 1344.75 11759.5
1683823439 300.49 38.36 1298.73 12645.9
1683823449 298.94 38.63 1418.08 5205.83
1683823459 307.32 38.63 1397.27 11508.4
1683823469 302.33 38.63 1393.2 8790.67
1683823479 85.44 38.58 0 11306.8
1683823489 282.67 38.66 14850.6 3477.7
1683823499 291.12 38.58 286.1 2163.32
1683823509 31.97 38.57 54.26 31.01

Execution duration: 00:57:06.06
