1683801510 279.9 2.73 5772.34 13790.6
1683801520 302.38 3.76 5645.59 24342.1
1683801530 294.65 4.26 5741.39 19060.2
1683801540 272.62 5.33 5155.96 19749.6
1683801550 299.41 6 5670.56 20936
1683801560 296.13 6.77 5360.32 26069.4
1683801570 295.95 7.2 5610.66 19403
1683801580 302.08 7.95 5709.02 21761.8
1683801590 297.24 8.93 5654.49 18367.2
1683801600 299.5 9.52 5540.32 22851
1683801610 270.38 10.65 4953.6 19718.5
1683801620 305.34 11.1 5571.51 24393.7
1683801630 298.22 11.61 5686.47 17501.7
1683801640 301.58 12.43 5610.66 22180.5
1683801650 300.1 13.52 5533.14 20561
1683801660 296.35 14.18 5560.11 21994.1
1683801670 299.71 15.3 5552.5 22290.5
1683801680 266.4 15.81 4769.17 22923.3
1683801690 294.37 16.17 5673.84 14552.8
1683801700 301.48 17.38 5504.14 23695.1
1683801710 298.33 17.85 5599.6 18877.2
1683801720 291.82 18.94 5385.22 22091.8
1683801730 297.14 19.75 5637.43 22567.9
1683801740 301.86 20.55 5489.69 22149.6
1683801750 284.67 21.11 5312.49 19015.2
1683801760 302.76 21.78 5486.1 21519.2
1683801770 294.87 22.86 5655.23 20845.8
1683801780 296.95 23.31 5450.14 19707.4
1683801790 293.3 24.17 5372.22 22061.9
1683801800 302.75 25.41 5497.15 21697.3
1683801810 277.45 25.19 5109.02 19543.5
1683801820 298.63 26.16 5594.09 20528
1683801830 297.14 26.76 5511.33 20166.3
1683801840 304.23 27.89 5543.31 23026.8
1683801850 296.56 28.44 5513.07 19810.4
1683801860 270.64 29.61 4985.13 20692.4
1683801870 293.23 29.72 5414.33 21404.1
1683801880 302.25 30.43 5583.1 20967.4
1683801890 297.35 31.44 5529.09 17398.2
1683801900 304.03 32.04 5500.49 24209.6
1683801910 298.73 33 5566.7 19033.9
1683801920 297.95 33.61 5410.96 19243.8
1683801930 284.05 34.26 4989.77 26963
1683801940 299.12 35.06 5573.39 18767.5
1683801950 298.34 35.58 5516.55 20074.4
1683801960 286.28 36.56 5359.21 18466.7
1683801970 302.36 37.45 5545.38 23272.7
1683801980 297.95 37.93 5539.57 18913.5
1683801990 275.56 38.63 4711.59 25503.4
1683802000 295.2 38.9 5641.92 16028.6
1683802010 304.98 38.92 5443.21 23082.3
1683802020 299.61 38.62 5607.41 18942
1683802030 304.22 38.99 5428.79 24028.2
1683802040 282.47 38.7 5102.84 22190.8
1683802050 298.24 38.75 5437.89 20674.6
1683802060 300.1 39.02 5519.61 20553.4
1683802070 300.98 38.77 5537.5 20624.2
1683802080 302.72 39.04 5473.67 20734.3
1683802090 301.07 38.75 5519.61 22256
1683802100 296.77 38.7 5273.19 21278.7
1683802110 300.69 38.74 5496.86 21558.4
1683802120 286.92 39.01 5126.17 21517.6
1683802130 299.71 39.02 5498.63 20454.4
1683802140 301.47 38.75 5445.07 21962.2
1683802150 302.15 38.76 5504.01 21336.7
1683802160 295.45 39.02 5500.29 20279.7
1683802170 277.3 38.76 5285.71 16893.1
1683802180 311.86 39.02 5467.58 25458.6
1683802190 295.8 38.73 5568.33 17159.7
1683802200 305.4 39.04 5409.02 25774.1
1683802210 296.88 38.78 5637.89 17653.9
1683802220 305 39.02 5378.26 25708.5
1683802230 297.07 38.85 5593.74 16986.9
1683802240 279.09 38.85 4793.35 24558.4
1683802250 293.94 39.13 5605.86 18545.8
1683802260 301.17 38.8 5480.35 21834.2
1683802270 300.59 39.35 5348.34 22802
1683802280 272.19 39.33 5090.3 15214.9
1683802290 304.01 39.07 5430.69 23214.1
1683802300 302.74 39.08 5364.06 24988.3
1683802310 296.01 39.07 5564.52 16235.5
1683802320 304.99 39.09 5466.4 23247.4
1683802331 296.42 39.33 5432.95 18740.3
1683802341 291.25 39.12 5411.47 21913.3
1683802350 301.08 39.31 5566.7 19923.6
1683802361 304.47 39.08 5374.15 23447.6
1683802371 286.27 39.04 5262.28 21920.7
1683802381 304.6 39.36 5418.18 21881.1
1683802391 300.59 39.01 5580.84 20401.2
1683802401 296.67 39.07 5493.25 19467.4
1683802411 281.74 39.3 5000.39 21764.8
1683802420 295.97 39.06 5651.52 16022
1683802431 306.67 39.32 5370.98 24525.1
1683802441 299.21 39.07 5523.29 19231.7
1683802451 299.51 39.04 5498.63 21266.1
1683802461 303.63 39.36 5504.01 21769.2
1683802471 296.3 39.34 5552.05 20038.6
1683802481 303.44 39.35 5471.76 20558.8
1683802491 290.93 39.08 5065.11 23197.7
1683802501 300 39.08 5598.82 21807.8
1683802511 303.12 39.06 5455.72 20355.8
1683802521 275.83 39.35 4985.13 18850.5
1683802531 300.39 39.05 5387.89 21471.5
1683802541 298.84 39.33 5573.18 17525.8
1683802551 294.83 39.07 5050.39 25843.4
1683802561 298.82 39.07 5523.29 17253.6
1683802571 299.71 39.29 5492.77 20240.3
1683802581 305.56 39.36 5362.73 25042.3
1683802591 296.46 39.36 5522.6 16283.5
1683802601 301.95 39.06 5375 23628.1
1683802611 278.61 39.09 4812.89 24359
1683802621 293.55 39.31 5523.68 15058.3
1683802631 302.24 39.07 5444.68 21246
1683802641 303.72 39.07 5398.04 24459.1
1683802651 295.74 39.34 5446.81 18318
1683802661 303.81 39.11 5425 25143
1683802671 277.68 39.39 5077.58 18093.6
1683802681 303.02 39.13 5296.98 23286.1
1683802691 300 39.39 5491.01 19499.1
1683802701 300.88 39.35 5462.5 21110.5
1683802711 287.71 39.1 5369.76 16748.5
1683802721 307.44 39.36 5435.62 25128.4
1683802731 299.61 39.36 5621.96 17050.6
1683802741 293.64 39.12 5171.03 23933.5
1683802751 300.79 39.4 5466.01 19337.5
1683802761 301.08 39.13 5498.24 17915.8
1683802771 305.28 39.37 5337.5 26278.1
1683802781 297.56 39.11 5601.56 16417.5
1683802791 306.17 39.07 5440.94 24530.5
1683802801 293.15 39.41 5249.71 21919
1683802811 298.05 39.14 5600 15776.2
1683802821 304.7 39.48 5423.09 23782.4
1683802831 289.33 39.19 5303.04 19078.5
1683802841 303.23 39.14 5555.43 21665.7
1683802851 295.82 39.44 5508.86 22134.8
1683802861 274.49 39.2 4769.89 20652.6
1683802871 300.69 39.47 5596.11 20302.6
1683802881 300.87 39.18 5505.24 19314.2
1683802891 302.75 39.4 5503.62 20321.2
1683802901 269.3 39.12 4753.22 20812.5
1683802911 297.75 39.19 5585.91 18510.4
1683802921 291.58 39.42 4992.17 25572.6
1683802931 299.51 39.4 5589.79 17104.6
1683802941 301.36 39.26 5403.89 22777
1683802951 296.78 39.52 5575 20107
1683802961 297.27 39.28 5494.63 16923.7
1683802971 277.2 39.54 5059.88 20943.6
1683802981 300.78 39.52 5576.61 23090.1
1683802991 80.62 38.91 787554 11502.2

Execution duration: 00:24:50.50
