1683877131 281.99 2.73 5665.67 13523.2
1683877141 299.01 3.64 5549.61 22699.2
1683877151 302.28 4.24 5600.4 22811.9
1683877161 271.81 4.98 5128 18528.6
1683877171 295.55 6.15 5457.71 20161.7
1683877181 293.8 6.33 5304.04 23360.8
1683877191 298.71 7.11 5493.36 21149.7
1683877201 300.2 7.85 5583.78 21961.2
1683877211 297.83 8.8 5545.8 18859.8
1683877221 300.49 9.49 5448.27 21906.2
1683877231 277.12 10.41 5112.43 19357
1683877241 307.02 10.88 5445.3 26292.4
1683877251 299.51 11.61 5640 18554.8
1683877261 302.56 12.76 5387.21 21696.8
1683877271 300.69 13.24 5529.38 19901.4
1683877281 298.42 13.78 5509.57 19903.7
1683877291 269.99 14.97 4928.33 19145.1
1683877301 297.43 15.35 5267.65 25138.3
1683877311 297.56 16.27 5493.25 18192.8
1683877321 300.19 16.55 5499.12 20363
1683877331 280.65 17.3 5155.38 17663.2
1683877341 299.01 18.44 5446.39 21743.3
1683877351 298.43 19.07 5480.7 21779.1
1683877361 298.23 19.73 5246.9 25055.4
1683877371 266.27 20.3 5027.1 14516.7
1683877381 302.27 20.88 5484.3 21371
1683877391 298.04 21.88 5452.01 19049.3
1683877401 290.23 22.62 5180.45 21492.9
1683877411 301.97 23.26 5475.32 21481.2
1683877421 297.94 24.4 5465.22 19448.3
1683877431 270.24 24.4 4943.02 18904.9
1683877441 302.85 25.49 5374.63 21342
1683877451 294 25.88 5531.1 20192.9
1683877461 302.66 27.1 5424.97 21568.5
1683877471 269.22 27.52 4908.55 17972.9
1683877481 305.78 28.44 5433.73 23514.1
1683877491 272.92 28.95 5000.59 19099.1
1683877501 294.3 29.55 5412.39 18512.1
1683877511 297.06 29.94 5313.83 19740.9
1683877521 303.54 31.14 5407.07 20824.4
1683877531 297.74 31.69 5432.22 19579.2
1683877541 263.32 32.52 4657.22 21520.9
1683877551 296.87 33.37 5341.43 22504.2
1683877561 292.82 33.7 5311.7 19205.1
1683877571 299.61 34.58 5495.09 20046.4
1683877581 295.48 35.01 5351.52 18864.8
1683877591 304.99 35.92 5448.53 21611.7
1683877601 300 36.98 5511.15 19545.2
1683877611 277.95 37.38 4733.66 25538.7
1683877621 292.26 38.08 5471.37 16591.4
1683877631 302.34 38.59 5400.39 19685.9
1683877641 296.78 38.54 5505.77 21203.5
1683877651 305.28 38.86 5455.72 24131
1683877661 300.58 38.58 5337.89 21930.9
1683877671 300.29 38.61 5395.12 21941.8
1683877681 260.51 38.92 4707.39 17009
1683877691 299.03 38.61 5448.79 19997.7
1683877701 300.19 38.83 5509.41 19841.2
1683877711 297.18 38.59 5414.81 19194.5
1683877721 297.85 38.61 5315.96 21257.6
1683877731 309.11 39.05 5428.79 24583.7
1683877741 278.6 38.78 4902.22 19894.7
1683877751 296.86 38.77 5504.01 16686.8
1683877761 301.18 39.06 5428.79 20481.1
1683877771 303.62 38.76 5423.48 22056
1683877781 299.61 39.08 5237.89 22614.5
1683877791 255.96 39.18 4750.39 14951.6
1683877801 301.47 38.88 5255.91 25251.2
1683877811 294.63 39.19 5455.72 15640.3
1683877821 302.15 39.17 5457.56 22743.4
1683877831 303.92 38.88 5366.11 23159.3
1683877841 301.47 39.19 5478.94 20505.4
1683877851 295.01 38.95 5348.34 20285.7
1683877861 302.23 38.95 5349.27 23974
1683877871 297.56 39.23 5360.47 19576.5
1683877881 297.37 38.93 5482.54 17930.1
1683877891 297.17 39.17 5364.91 21504.9
1683877901 302.74 38.94 5425.39 21722.3
1683877911 299.81 38.93 5388.56 21428.9
1683877921 286.98 39.24 4972.99 23041.1
1683877931 295.1 38.95 5523.68 15257.5
1683877941 306.45 38.94 5442.82 23417
1683877951 298.16 39.22 5359.3 18765
1683877961 303.91 38.95 5353.57 23164
1683877971 297.56 39.23 5414.81 17832
1683877981 282.74 38.94 4806.66 27652.9
1683877991 285.35 38.93 5450.14 15282.6
1683878001 303.32 39.18 5420.1 18819.5
1683878011 303.99 38.96 5364.52 23429.6
1683878021 291.08 39.25 5227.16 19278.4
1683878031 303.51 38.96 5437.89 20699.6
1683878041 297.88 38.97 5362.16 19188.4
1683878051 273.59 39.25 4660.67 21832.1
1683878061 302.93 38.98 5318.08 23363.4
1683878071 297.56 39.35 5493.25 15783
1683878081 294.53 39.06 5287.89 19600.8
1683878091 301.66 39.07 5420.1 20505.8
1683878101 302.24 39.07 5407.22 22254
1683878111 283.48 39.38 4855.91 22532.5
1683878121 294.15 39.03 5377.39 16233.5
1683878131 297.66 39.37 5407.61 19942.6
1683878141 302.64 39.09 5380.64 22238.5
1683878151 286.68 39.36 5228.21 20888.9
1683878161 304.11 39.08 5360.86 21308.4
1683878171 294.9 39.1 4965.72 23851.9
1683878181 291.31 39.37 5569.56 15471.2
1683878191 301.57 39.09 5466.4 20760.4
1683878201 297.58 39.37 5378.12 21779.3
1683878211 290.51 39.34 5124.85 20724.1
1683878221 297.76 39.08 5423.22 16755.5
1683878231 302.62 39.08 5346.13 23883.7
1683878241 286.35 39.37 4996.68 20773.5
1683878251 295.88 39.07 5428.4 17177.7
1683878261 299.62 39.39 5383.73 22903.1
1683878271 300 39.18 5421.96 18242
1683878281 303.72 39.16 5385.91 24951.5
1683878291 286.11 39.46 5085.32 20133.5
1683878302 301.45 39.19 5298.65 19574.9
1683878311 301.18 39.38 5448.53 18052.8
1683878321 298.92 39.19 5445.07 22295
1683878331 295.22 39.48 5325.39 21257.4
1683878342 299.23 39.48 5306.8 19624.8
1683878351 299.61 39.47 5393.16 20012.9
1683878361 281.54 39.19 4737.89 22993
1683878371 296.39 39.5 5505.77 18338.2
1683878382 300.2 39.22 5464.72 21719.7
1683878391 302.84 39.47 5330.21 20170.5
1683878401 281.76 39.47 5107.45 17727.5
1683878411 296.97 39.17 5443.21 19915.9
1683878421 304.9 39.48 5255.63 25828.8
1683878432 298.73 39.18 5405.28 19534.7
1683878442 296.1 39.18 5475.39 16400.8
1683878451 303.53 39.5 5366.11 22319.3
1683878462 301.44 39.2 5213.83 24760
1683878472 296.12 39.51 5361.71 17629.9
1683878482 301.76 39.21 5074.37 26698.2
1683878491 271.22 39.18 4991.75 15033.8
1683878502 301.36 39.5 5395.12 21835.7
1683878512 295.93 39.2 5345.74 18398.1
1683878522 301.47 39.46 5410.57 21595.3
1683878532 306.81 39.18 5371.76 23186.4
1683878542 289.54 39.51 5255.13 15880.4
1683878552 287.54 39.52 4982.14 22558.2
1683878562 301.86 39.21 5410.57 20407.8
1683878572 300.29 39.2 5432.2 20138.1
1683878582 278.29 39.49 4966.8 18452.9
1683878592 302.64 39.22 5300 23183.6
1683878602 302.05 39.33 5457.17 19813.8
1683878612 271.02 39.63 4657.96 20865.6
1683878622 297.86 39.31 5553.31 18701.2
1683878632 298.93 39.64 5317.69 20963.4
1683878642 32.16 39.01 790617 6486.02

Execution duration: 00:25:16.16
