1683857235 280.6 2.77 5777.52 14279.8
1683857245 298.71 3.68 5613.1 24497.2
1683857255 295.84 4.6 5754.06 19504.2
1683857265 275.99 5.01 5257.54 18872.6
1683857275 296.07 6.16 5550.83 22095.2
1683857285 279.88 6.69 5176.61 24264.8
1683857295 298.51 7.05 5670.96 20884
1683857305 297.23 7.83 5666.8 19641.9
1683857315 299.81 9.04 5538.62 22715.2
1683857325 299.21 9.51 5635.93 20060
1683857335 267.29 10.58 4920.56 19099.6
1683857345 293.18 11.01 5305.64 25594.9
1683857355 294.29 11.63 5664.11 17586.2
1683857365 300.39 12.25 5609.1 21672
1683857375 300.99 13.49 5686.47 21053.9
1683857385 301.48 13.87 5590.91 20800.4
1683857395 292.78 14.63 5533.14 19483.3
1683857405 306.8 15.46 5478.89 27521.5
1683857415 292.44 16.14 5540.73 16134.2
1683857425 297.04 16.88 5592.5 19891.5
1683857435 297.93 17.61 5603.16 23489.3
1683857445 303.06 18.52 5536.55 21880.2
1683857455 288.09 19.49 5417.71 20627.2
1683857465 295.37 20.02 5630.37 20849.7
1683857476 297.35 20.85 5466.4 21801.8
1683857486 295.37 21.19 5624.82 18686.9
1683857495 300.49 21.98 5565.62 22004
1683857506 299.21 23.11 5557.95 20361.1
1683857516 295.86 23.71 5523.94 22042.6
1683857526 266.08 24.73 4954.11 18666.3
1683857536 302.65 25.04 5507.66 22890
1683857546 299.21 25.6 5645.97 20398
1683857556 305.5 26.79 5578.02 20530.3
1683857566 296.07 27.57 5495.09 21172.1
1683857576 301.28 28.28 5539.94 24585.3
1683857586 304.82 29.47 5588.59 20678.5
1683857596 277.75 29.43 5071.37 21167.5
1683857606 299.21 30.07 5609.8 18700.8
1683857616 302.15 31.21 5543.3 21135.5
1683857626 301.47 31.84 5579.23 21226.6
1683857636 280.02 32.84 5214.74 19394.8
1683857646 298.92 33.37 5557.56 22037.3
1683857656 278.87 34.05 4910.76 22327.6
1683857666 299.41 34.91 5527.38 19260.8
1683857676 299.81 35.56 5511.15 21469.7
1683857686 297.65 36.21 5623.87 18970.2
1683857696 296.58 37.27 5397.26 19821.9
1683857706 256.58 38.01 4790.96 19209
1683857716 309.99 38.16 5429.58 27329.3
1683857726 292.48 38.54 5605.47 14726.9
1683857736 303.53 38.39 5461.06 23398.8
1683857746 293.4 38.63 5455.92 18641.2
1683857756 303.52 38.91 5443.21 23545.3
1683857766 297.65 38.76 5536.2 23120.9
1683857776 268.48 39.04 4978.47 16975.4
1683857786 301.95 39.04 5450.39 23007.4
1683857796 298.44 38.75 5726.71 20948.9
1683857806 300.88 38.77 5536.2 21978.1
1683857816 278.32 39.04 4975.39 23210.9
1683857826 299.21 38.74 5529.09 20607.6
1683857836 296.26 39.05 5631.89 17461.3
1683857846 283.37 38.76 5023.09 24218.8
1683857856 303.91 39.05 5586.3 19483
1683857866 300.09 38.76 5468.58 21740.6
1683857876 304.1 38.75 5532.49 21633.2
1683857886 265.73 39 4964.93 17242.7
1683857896 297.55 38.75 5523.68 20597.3
1683857906 295.21 39.02 5288.28 24477.7
1683857916 296.1 38.76 5626.9 18202.7
1683857926 305.18 38.71 5493.25 22138
1683857936 301.55 39.03 5521.47 23339.3
1683857946 293.94 38.78 5650.39 20459
1683857956 290.43 39.07 5180.06 21137
1683857966 304.9 38.81 5389.2 23037.5
1683857976 296.38 38.81 5643.4 17728.6
1683857986 304.02 39.11 5554.16 18769
1683857996 300.68 39.2 5425.39 22548.8
1683858006 295.5 38.84 5391.18 21393.1
1683858016 300.09 38.89 5598.82 21769.9
1683858026 300.1 39.21 5108.29 26062
1683858036 270.67 38.9 5165.74 12452.8
1683858046 301.56 39.16 5507.51 20793.8
1683858056 301.76 38.91 5509.41 20960
1683858066 300.59 39.18 5387.89 20820.3
1683858076 300.29 38.91 5495.02 20537.8
1683858086 299.12 38.89 5471.86 20736.1
1683858096 290.99 39.18 5229 22967.3
1683858106 299.81 38.92 5548.73 21620.7
1683858116 301.95 39.2 5525.39 24387.9
1683858126 295.86 38.89 5494.89 16614
1683858136 277.11 38.98 4997.65 22555.4
1683858146 303.21 39.2 5516.34 22137.3
1683858156 294.24 38.98 5350.78 21103.9
1683858166 299.03 39.25 5516.55 21492.3
1683858176 298.46 38.97 5510.81 19304.2
1683858186 301.66 38.96 5555.82 21492.9
1683858196 279.58 39.26 5018.29 20511.3
1683858206 303.71 38.93 5568.33 20647.9
1683858216 294.73 38.95 5231.28 25110.5
1683858226 296.19 38.96 5673.97 15519.8
1683858236 305.87 39.26 5350.39 26349.6
1683858246 296.96 38.96 5604.31 16175.1
1683858256 300.1 38.98 5557.46 22909.3
1683858266 271.43 39.26 4947.55 20052
1683858276 308.93 39.24 5421.57 26337.2
1683858286 296.38 39.26 5650.39 15097.7
1683858296 299.02 38.97 5470.05 20500.3
1683858306 298.93 38.97 5458.85 20967.7
1683858316 301.27 39.26 5512.33 21377.3
1683858326 300 38.97 5505.77 21241.5
1683858336 304.99 38.98 5311.15 24203.5
1683858346 297.87 39.22 5495.73 18141.1
1683858356 307.24 38.99 5486.1 25143.6
1683858366 296.09 39.37 5555.82 17151.5
1683858376 301.77 39.08 5534.51 19775.3
1683858386 303.91 39.3 5462.89 25798.8
1683858396 282.27 39.02 5253.28 18982.2
1683858406 300.2 39.35 5511.54 19247.8
1683858416 300.98 39.09 5521.96 19363.9
1683858426 303.61 39.38 5409.54 23771
1683858436 295.99 39.34 5416.26 20170
1683858446 298.82 39.08 5549.12 19924.8
1683858456 298.92 39.32 5516.16 20717.3
1683858466 289.6 39.07 5093.33 23059.6
1683858476 300.78 39.09 5543.3 19123.8
1683858486 300.87 39.37 5427.69 20120.8
1683858496 299.71 39.31 5544.98 19671.8
1683858506 301.27 39.07 5434.47 23043
1683858516 303.81 39.34 5461.06 23021.1
1683858526 299.02 39.08 5304.6 22829.4
1683858536 295.81 39.09 5662.89 19010.2
1683858546 301.85 39.36 5491.44 18163
1683858556 280.06 39.01 5167.94 18977.9
1683858566 305 39.02 5453.87 23638.8
1683858576 301.76 39.36 5568.33 19444.8
1683858586 277.3 39.07 4929.55 25113.1
1683858596 298.34 39.35 5637.5 17801.6
1683858606 295.4 39.09 5655.52 19837
1683858616 307.62 39.07 5512.5 21318.8
1683858626 279.36 39.38 5097.46 18988.6
1683858636 298.74 39.02 5426.9 20778.6
1683858646 301.56 39.43 5525.44 21751.1
1683858656 284.31 39.08 5148.15 21921.2
1683858666 302.93 39.16 5442.82 21679.4
1683858676 299.31 39.42 5548.34 18152.2
1683858686 299.81 39.14 5512.5 22675
1683858696 302.45 39.43 5392.77 23950.3
1683858706 120.39 38.82 792967 13902.4

Execution duration: 00:24:44.44
