1683885280 282.78 2.73 5820.5 14217.3
1683885290 298.52 3.72 5571.12 23010.9
1683885300 298.61 4.57 5689.29 20628.2
1683885310 280.09 5.25 5251.03 20547.2
1683885320 299.21 5.91 5652.68 20179.8
1683885330 270.45 6.43 4896.44 24338.7
1683885340 296.24 7.22 5589.31 18532.3
1683885350 300 7.66 5659.75 20615.2
1683885360 301.78 8.77 5614.66 20123.2
1683885370 275.54 9.27 5049.7 20116.4
1683885380 301.88 10.02 5558.46 20137.3
1683885390 290.41 11.1 5090.4 27971.1
1683885400 294.65 11.06 5607.54 16010.7
1683885410 304.64 12.18 5534.84 20591.5
1683885420 305.44 13.11 5482.5 22140.8
1683885430 302.17 13.66 5623.29 21798.6
1683885440 269.96 14.62 5069.95 17834.9
1683885450 299.9 15.13 5511.33 20452.8
1683885460 298.82 15.93 5333.46 25684.1
1683885470 295.97 16.55 5644.48 21104.7
1683885480 300.69 17.37 5522.21 18618.8
1683885490 302.65 17.95 5583.1 21618.1
1683885500 299.21 18.85 5567.25 19266.7
1683885510 289.55 19.54 5252.07 22845.4
1683885520 295.75 19.78 5464.03 21062.9
1683885530 301.87 20.93 5556.3 19789.8
1683885540 305.52 21.67 5561.77 24522.2
1683885550 278.31 22.52 5276.15 17215.7
1683885560 300.1 23.04 5563.42 19168.5
1683885570 300.69 24.06 5557.05 24774.8
1683885580 289.59 24.94 5269.16 20602.4
1683885590 297.74 25.36 5570.53 18943.8
1683885600 298.82 26.45 5518.5 19681.1
1683885610 299.9 27.06 5432.22 22543
1683885620 294.88 27.71 5462.73 19951.2
1683885630 306.1 29.04 5537.86 23392.7
1683885640 291.27 29.32 5238.47 21392
1683885650 303.15 30.35 5575.61 21125.3
1683885660 298.44 30.77 5586.3 18406.3
1683885670 300.29 31.66 5457.36 22639.7
1683885680 296.85 32.64 5444.79 19523.4
1683885690 266.74 33.17 4775.19 20437
1683885701 299.51 34.1 5404.51 23816.7
1683885710 295.87 34.64 5532.81 16944.2
1683885721 299.21 35.14 5421.57 21038.4
1683885731 297.86 35.97 5434.47 20669.9
1683885741 303.53 37.12 5428.79 22229.2
1683885751 295.89 37.73 5523.68 21551.1
1683885761 288.48 38.45 5075.39 24202
1683885770 260.92 38.15 4938.97 13014.6
1683885781 303.92 38.74 5504.01 22119.9
1683885791 303.33 38.59 5504.01 22137.1
1683885801 299.22 38.6 5416.26 21084
1683885811 303.39 38.88 5556.98 19312.4
1683885821 299.31 38.89 5478.94 20050.9
1683885831 268.55 38.89 4699.9 22516.8
1683885841 297.67 38.58 5484.32 18440.1
1683885851 303.82 38.94 5573.78 22642.3
1683885861 301.27 38.63 5503.89 19375.5
1683885871 293.34 38.64 5127.52 24707.5
1683885881 298.15 38.95 5532.1 18719.6
1683885891 288.95 38.82 5031.08 23792
1683885901 295.79 38.86 5586.3 15760.5
1683885911 305.28 39.18 5393.16 25237.1
1683885921 301.56 38.88 5537.89 18992.2
1683885931 303.09 39.16 5404.83 23417.6
1683885941 280.46 38.83 5236.36 15475
1683885951 308.57 39.18 5409.93 27490.6
1683885961 296.68 39.17 5591.38 19761.8
1683885971 299.61 38.87 5553.77 19916.2
1683885981 308.41 39.15 5573.39 24763.2
1683885991 297.53 38.87 5397.15 19260
1683886001 299.41 38.87 5507.12 18871
1683886011 272.9 39.14 4571.43 26542.5
1683886021 294.32 38.87 5628.99 16805.1
1683886031 301.56 39.14 5530.4 20547.8
1683886041 305.67 38.95 5342.72 25218.4
1683886051 285.91 38.98 5398.04 15084.5
1683886061 304.4 39.26 5541.23 20296.2
1683886071 306.55 39 5380.25 26355.8
1683886081 284.13 38.98 5122.88 19493.7
1683886091 298.26 39.29 5432.56 20661.6
1683886101 298.83 38.98 5444.68 17584.4
1683886111 291.54 39 5254.47 21173.1
1683886121 304.6 39.3 5623.48 20971.4
1683886131 305.96 39.01 5462.5 24531.2
1683886141 276.13 39.31 4972.21 18898.2
1683886151 300.39 39.01 5451.85 20717.7
1683886161 300.88 38.99 5592.96 18247.5
1683886171 307.24 39.46 5365.72 24577.9
1683886181 295.49 39.15 5335.42 22109.6
1683886191 299.62 39.15 5492.82 16906.8
1683886201 299.02 39.44 5117.89 26593.5
1683886211 296.42 39.15 5469.77 19023.6
1683886221 299.71 39.45 5492.82 19248.5
1683886231 300.49 39.16 5584.31 19385.5
1683886241 287.79 39.46 5200 20368.8
1683886251 300.29 39.16 5480.35 20617.4
1683886261 305.87 39.45 5235.23 27270.4
1683886271 299.71 39.15 5580.45 17590.2
1683886281 302.54 39.45 5448.14 22060.3
1683886291 300 39.15 5414.42 19721.2
1683886301 300.69 39.43 5541.23 19087.6
1683886311 274.01 39.18 4854.32 20848.1
1683886321 305.18 39.16 5325.39 26686.3
1683886331 305.48 39.41 5535.81 19029.3
1683886341 300.77 39.15 5437.83 19569.7
1683886351 301.86 39.46 5487.78 20071.9
1683886361 301.65 39.16 5358.14 21426
1683886371 304.08 39.12 5341.63 24018.7
1683886381 293 39.45 5398.64 15872.9
1683886391 269.53 39.21 4737.29 21271.3
1683886401 299.51 39.5 5503.62 18947.3
1683886411 305.87 39.2 5528.7 23234.5
1683886421 300.49 39.51 5453.48 21025.3
1683886431 301.38 39.19 5406.68 21326.1
1683886441 294.52 39.21 5372.99 19303.3
1683886451 306.35 39.49 5287.89 25908.6
1683886461 298.06 39.21 5547.91 17792
1683886471 307.73 39.46 5360.47 25257.9
1683886481 298.83 39.5 5471.47 19390.5
1683886491 303.61 39.2 5550 22332.8
1683886501 300.1 39.52 5525 19096.1
1683886511 293.84 39.22 5172.24 24050
1683886521 301.17 39.51 5492.86 16581
1683886531 309.01 39.2 5365.72 23819.4
1683886541 289.93 39.21 5280.16 16080.9
1683886551 306.63 39.47 5439.38 23164.9
1683886561 302.05 39.21 5544.59 21125.1
1683886571 273.9 39.47 4762.07 22311.6
1683886581 293.35 39.19 5585.91 18310
1683886591 305.97 39.22 5485.71 19631.7
1683886601 305.69 39.47 5446.27 23274.5
1683886611 291.1 39.17 5372.99 17540.9
1683886621 299.61 39.5 5467.84 22641.2
1683886631 309.57 39.18 5373.22 25958.2
1683886641 300.87 39.19 5535.47 17124.2
1683886651 300.88 39.5 5469.66 20573.3
1683886661 302.44 39.2 5462.5 22541
1683886671 301.86 39.17 5548.34 19381.6
1683886681 305.71 39.48 5452.08 21134.6
1683886691 279.61 39.19 4907.71 21808.4
1683886701 300 39.46 5513.59 19146.4
1683886711 303.91 39.18 5492.86 20056.3
1683886721 301.08 39.49 5505.38 20161.5
1683886731 296.38 39.16 5335.81 20546
1683886741 305.19 39.19 5516.16 21234.9
1683886751 305.4 39.52 5432.92 23208.8
1683886761 132.91 38.89 787602 19667.8

Execution duration: 00:24:54.54
