1683880548 281.99 2.67 5724.58 14381.7
1683880558 301.39 3.67 5682.23 22281.2
1683880568 297.63 4.26 5654.15 20288.9
1683880578 274.01 4.94 5173.52 19445.8
1683880588 303.67 6.25 5544.5 24067.4
1683880598 270.64 6.64 4982.46 22327.1
1683880608 299.51 7.62 5589.31 20158.4
1683880618 295.58 7.86 5701.86 16878.7
1683880628 299.71 9.01 5444.51 22010.3
1683880638 302.37 9.5 5571.12 21700.1
1683880648 276.29 10.22 5084.98 18173.5
1683880658 305.44 11.07 5419.19 27962.8
1683880668 279.65 11.59 5326.48 15917.8
1683880678 300.59 12.24 5502.25 23815.9
1683880688 297.64 13.34 5498.72 19806.1
1683880698 300.2 13.94 5565.62 19775.9
1683880708 299.31 15.06 5590.91 23326.1
1683880718 265.41 15.65 4953.75 15803.6
1683880728 304.25 15.83 5477.47 24296.1
1683880738 299.02 16.82 5572.75 18501.9
1683880748 306.4 17.61 5435.66 25617.7
1683880759 289.03 18.17 5514.62 17502
1683880769 292.43 19.26 5374.63 19530.8
1683880779 303.14 19.92 5396.47 22078.4
1683880789 255.86 20.43 4679.01 19972
1683880799 301.77 20.77 5568.89 19065.7
1683880809 300.1 21.61 5556.3 21794.1
1683880819 295.09 22.77 5389.2 19362.9
1683880829 299.7 23.23 5304.33 22020.5
1683880839 300.89 24.2 5473.1 21192.5
1683880849 286.81 25.05 5154.73 22988.6
1683880859 293.32 25.25 5602.75 16811.8
1683880869 305.2 26.42 5507.27 23254.2
1683880879 298.13 26.86 5539.94 19246.3
1683880889 281.28 27.61 5145.49 19340.8
1683880899 300.39 28.83 5583.1 20846.8
1683880909 284.48 29.64 4904.12 25271.5
1683880919 296.75 29.84 5619.29 16729.9
1683880929 297.56 30.81 5443.21 20025.8
1683880939 293.92 31.5 5471.76 21540
1683880949 303.73 32.22 5469.94 20652.3
1683880959 276.04 33.1 5117.49 17192.5
1683880969 302.66 34.14 5487.9 22872.4
1683880979 280.33 33.98 5122.48 20593
1683880989 303.52 34.89 5385.52 23686.9
1683880999 294.91 35.86 5536.2 18449.7
1683881009 305.58 36.51 5441.33 22929.3
1683881019 297.65 37.33 5523.68 20086.1
1683881029 289.82 38.3 5240.74 21453.1
1683881039 304.24 38.36 5301.16 23349.8
1683881049 296.86 38.61 5634.9 16267.5
1683881059 303.32 38.37 5455.72 21746.2
1683881069 300.98 38.37 5521.96 20280.8
1683881079 307.25 38.75 5478.94 22906.2
1683881089 298.74 38.64 5392.47 21375.5
1683881099 267.49 38.92 4812.89 21009
1683881109 302.06 38.95 5591.77 17872.7
1683881119 303.6 38.64 5416.73 23361.5
1683881129 294.85 38.68 5368.93 20885
1683881139 301.27 38.97 5464.72 21980.1
1683881149 299.61 38.66 5529.09 19191
1683881159 271.82 38.95 4684.15 24872.8
1683881169 296.88 38.65 5662.89 15114.8
1683881179 302.44 38.65 5543.3 21416.6
1683881189 310.76 39.06 5405.67 24814.1
1683881199 292.21 38.78 5459.4 16384.8
1683881209 305.87 39.14 5448.53 24691.2
1683881219 301.56 39.12 5446.93 22613
1683881229 282.47 38.83 5210.52 19088.2
1683881239 298.36 39.13 5425.8 19053.3
1683881249 298.34 38.82 5566.31 21013.9
1683881259 305.46 38.84 5357.66 23137.2
1683881269 266.86 39.12 4817.59 19140.6
1683881279 299.51 38.83 5518.28 21997.6
1683881289 298.43 39.13 5441.33 20769.4
1683881299 302.92 38.85 5407.61 21453.7
1683881309 301.46 38.85 5569.95 18063.6
1683881319 301.08 39.13 5548.73 21935.8
1683881329 299.42 38.83 5473.58 24177.7
1683881339 294.82 39.1 5330.6 21522.2
1683881349 304.01 39.12 5398.04 22515.1
1683881359 302.06 39.11 5616.45 20656.6
1683881369 299.02 38.81 5495.02 19566.8
1683881379 303.32 39.13 5505.77 19493.3
1683881389 301.44 38.99 5403.08 23072.7
1683881399 291.89 39.32 5318.08 21673.1
1683881409 297.45 38.98 5303.04 20922.6
1683881419 296.97 39.01 5480.74 18290.5
1683881429 301.45 39.3 5463.2 21479.8
1683881439 306.16 39.02 5360.86 25002.3
1683881449 295.51 39.32 5587.89 16399.6
1683881459 293.25 39 5290.56 22217.3
1683881469 296.4 39.01 5160.27 22564.4
1683881479 294.49 39.31 5385.3 18653
1683881489 299.51 39.01 5391.18 21991.4
1683881499 286.87 39.01 5354.48 15902
1683881509 304.17 39.3 5450.63 22565.7
1683881519 298.83 39.01 5544.98 19038.8
1683881529 286.23 39.33 4812.89 25704.3
1683881539 280.43 39.05 5311.7 14940
1683881549 301.95 39.33 5459.01 22609.5
1683881559 297.27 39.31 5443.21 19537
1683881569 297.56 39.05 5478.94 19617.2
1683881579 305.66 39.02 5482.54 24466
1683881589 304.4 39.32 5611.35 22936.6
1683881599 281.06 39.04 5058.93 19548.2
1683881609 301.08 39.34 5486.1 20812.1
1683881619 301.76 39.04 5418.18 17677.4
1683881629 284.6 39.09 5006.24 23394.9
1683881639 301.67 39.43 5491.09 21384.9
1683881649 301.76 39.14 5525.39 18747.3
1683881659 293.04 39.45 5008.39 22395.8
1683881669 302.15 39.15 5530.79 19004.5
1683881679 300.39 39.42 5518.28 18298
1683881689 302.54 39.15 5357.66 26076.9
1683881699 280.34 39.16 5097.85 16973.8
1683881709 295.52 39.44 5495.02 21482.5
1683881719 303.99 39.15 5260.37 22926.6
1683881729 299.51 39.42 5525.39 16766.8
1683881739 307.04 39.44 5480.74 26096.2
1683881749 296.27 39.15 5438.85 16930.9
1683881759 305.1 39.12 5416.26 22919.5
1683881769 299.81 39.16 5400 20009
1683881779 282.57 39.45 5041.48 22609.9
1683881789 297.95 39.15 5512.89 17646.9
1683881799 306.2 39.44 5402.91 23198.5
1683881809 293.46 39.15 5457.56 16506.9
1683881819 303.82 39.45 5478.94 21364.9
1683881829 303.72 39.16 5410.96 22861.1
1683881839 288.03 39.14 4926.58 24498.1
1683881849 292.52 39.44 5467.72 15947.2
1683881859 306.25 39.15 5480.35 24124.3
1683881869 300 39.43 5482.56 18060.1
1683881879 293.19 39.13 5200 21633.8
1683881889 298.64 39.47 5539.18 18271.3
1683881899 303.3 39.45 5368.93 25169.7
1683881909 280.12 39.13 5017.54 18745.8
1683881919 301.08 39.45 5475.39 19745.3
1683881929 297.11 39.15 5438.54 22346.4
1683881939 283.58 39.41 4979.86 21782.6
1683881949 297.65 39.16 5493.25 17179.3
1683881959 304.59 39.16 5343.11 25611
1683881969 285.75 39.44 5168.39 18498.3
1683881979 301.17 39.15 5554.16 19417
1683881989 299.32 39.45 5418.18 17439.3
1683881999 284.92 39.16 5090.3 21673.3
1683882009 303.62 39.46 5385.52 22239.1
1683882020 299.9 39.13 5378.84 18094.6
1683882029 289.66 39.13 4704.09 26130.2
1683882039 64.88 38.83 789114 7642.53

Execution duration: 00:24:59.59
