1683883067 282.79 2.77 5874.63 13941.1
1683883077 303.47 3.77 5683.65 23803
1683883087 300.69 4.65 5721.71 21914.8
1683883097 284.53 5.09 5435.66 20353.9
1683883107 300.6 6.17 5734.39 20200.2
1683883117 283.08 6.49 5166.77 24650.8
1683883127 295.65 6.95 5697.73 18718.9
1683883137 300.1 8.04 5721.31 20239.8
1683883147 300.89 8.93 5552.97 20672.7
1683883157 298.32 9.88 5500.99 22753.3
1683883167 280.73 10.58 5135.58 20732
1683883177 295.66 11.07 5108.18 25899.1
1683883187 295.05 11.22 5710.39 16859.4
1683883197 298.02 12.33 5571.12 19360.6
1683883207 299.9 13.15 5578.27 24309.1
1683883217 301.78 13.98 5642.99 20613.8
1683883227 274.04 14.82 5105.23 18090
1683883237 300.89 15.54 5560.11 24267.7
1683883247 298.15 15.92 5536.59 18277.1
1683883257 300.99 16.93 5635.93 20023.3
1683883267 302.07 17.77 5516.37 21791.7
1683883277 302.47 18.27 5592.5 21838.7
1683883287 298.91 19.22 5605.12 20378.7
1683883297 276.36 20.19 5069.95 19068
1683883307 304.83 20.54 5453.64 25127.8
1683883317 299.7 21.24 5727.04 18887.7
1683883327 302.27 22.53 5379.92 23737.8
1683883337 296.08 23.38 5647.45 19803.5
1683883347 304.92 23.76 5480.7 21240.5
1683883357 301.27 24.94 5534.9 21968.8
1683883367 285.13 25.02 5241.33 20728.3
1683883377 302.06 25.8 5565.46 21428.8
1683883387 299.7 26.86 5613.76 20526.3
1683883397 283.18 27.23 5223.6 18197.4
1683883407 304.81 28.51 5452.01 24293.2
1683883417 298.92 29.17 5525.66 21425
1683883427 276.11 29.58 5065.62 20653.9
1683883437 297.46 30.27 5672.55 17672.1
1683883447 299.51 30.78 5484.31 21451
1683883457 297.05 31.89 5432.22 19024.4
1683883467 289.66 32.73 5367.32 21123.2
1683883477 298.14 33.24 5557.95 21754.4
1683883487 292.44 34.35 5137.98 24603.3
1683883497 295.69 34.56 5634.9 17480.4
1683883507 301.27 35.71 5358.82 22526.3
1683883517 297.27 36.16 5568.33 19624.6
1683883527 305.39 37.21 5634.9 23296.9
1683883537 291.59 38.31 5235.62 21163.2
1683883547 294.42 38.14 5266.21 24232.3
1683883557 295.78 38.1 5690.67 15762.1
1683883568 303.88 38.65 5450.63 22826
1683883578 300.78 38.97 5530.1 21370.5
1683883587 299.41 38.66 5634.9 22334.1
1683883598 305.46 38.94 5527.1 20122.4
1683883608 291.82 38.68 5334.76 21453.2
1683883618 299.81 38.95 5620.29 22516.7
1683883628 306.36 38.94 5548.73 23054.8
1683883638 302.13 38.68 5459.58 21045.7
1683883648 302.45 38.96 5636.79 20266.5
1683883657 304.41 38.68 5534.9 21229
1683883668 300.68 38.69 5548.3 21509.4
1683883678 261.58 38.96 4717.5 23087.4
1683883688 298.14 38.68 5548.34 18619.6
1683883698 302.73 38.98 5607.02 19976.2
1683883708 306.37 38.8 5509.41 23508.2
1683883718 281.69 38.85 5252.89 18441.9
1683883728 300.98 39.08 5586.3 19308.8
1683883738 303.51 39.15 5245.27 27275.7
1683883748 295.3 38.85 5661.45 15395.3
1683883758 305.48 38.84 5523.68 23736.2
1683883768 301.45 39.16 5424.33 21607.3
1683883778 300.78 38.83 5507.51 20910.8
1683883788 276.12 39.16 5102.92 16633.9
1683883798 309.95 38.88 5382.63 27422
1683883808 298.62 38.87 5616.84 15385.3
1683883818 303.52 39.14 5511.15 22428.6
1683883828 306.26 38.87 5466.4 24251.9
1683883838 299.22 39.17 5504.01 17770.8
1683883848 298.56 38.89 5500.2 20382.3
1683883858 291.77 38.87 5014.69 27366.9
1683883868 296.01 39.18 5569.95 15351.4
1683883878 302.35 38.91 5448.53 22836
1683883888 299.51 39.23 5495.09 22435
1683883898 299.12 38.93 5575.39 18932.8
1683883908 303.13 38.87 5536.2 23229.7
1683883918 279.84 39.22 5048.45 20121.3
1683883928 302.24 38.92 5465.11 21180.5
1683883938 299.7 38.9 5598.82 23209.8
1683883948 298.75 39.21 5464.86 17828.8
1683883958 300.58 38.91 5462.89 21871.5
1683883968 306.55 38.91 5443.21 25311.4
1683883978 298.95 39.22 5579.56 17176.1
1683883988 268.07 39.21 4576.3 24255.8
1683883998 294.22 38.91 5653.62 18250.3
1683884008 307.24 39.21 5523.68 21718.2
1683884018 301.36 38.92 5551.6 21250
1683884028 276.4 38.9 5052.69 19038.2
1683884038 302.54 38.89 5470.05 22342.6
1683884048 292.77 39.21 5343.11 22411
1683884058 302.45 39.19 5554.16 18938.3
1683884068 300.2 38.9 5555.82 19799
1683884078 307.65 39.18 5554.16 24454.5
1683884088 293.02 38.92 5375.75 17700.5
1683884098 304.6 38.91 5506.16 23677.8
1683884108 296.86 39.21 5198.04 24021.5
1683884118 299.22 39.22 5507.37 17148.1
1683884128 300.1 38.91 5566.7 19764.5
1683884138 300.49 39.23 5513.28 21400.4
1683884148 303.23 38.89 5484.43 23635.3
1683884158 297.41 39.24 5448.22 21120.1
1683884168 307.63 39.22 5248.53 27083.8
1683884178 299.8 38.92 5611.35 16589.8
1683884188 306.27 38.98 5473.58 24070.1
1683884198 297.35 39.37 5541.62 16832.1
1683884208 303.13 39.06 5368.13 24164.6
1683884218 296.19 39.38 5524.07 18192.2
1683884228 286.03 39.09 5153.86 21112.8
1683884238 301.83 39.08 5516.14 20320.8
1683884248 302.84 39.34 5561.25 20347.2
1683884258 305.11 39.13 5290.17 25116
1683884268 295.99 39.13 5586.3 16056.4
1683884278 287.3 39.41 5150.39 21454.7
1683884288 305.75 39.11 5489.67 22659.3
1683884298 300.01 39.42 5456.22 19679.5
1683884308 306.56 39.13 5378.65 23865.2
1683884318 297.07 39.39 5550.39 16379.7
1683884328 304.88 39.11 5588.28 21880.1
1683884338 291.98 39.39 5272.8 21318.6
1683884348 284.28 39.42 5050 20890.2
1683884358 308.11 39.36 5443.99 22097.4
1683884368 301.86 39.13 5516.55 21169
1683884378 299.51 39.42 5561.25 20729.9
1683884388 295.47 39.11 5401.55 19879.8
1683884398 302.25 39.41 5511.15 20985.5
1683884408 301.25 39.14 5385.97 20418.4
1683884418 284.86 39.44 5016.8 24484.8
1683884428 297.76 39.09 5614.43 16521.2
1683884438 301.94 39.12 5420.55 21298.1
1683884448 299.32 39.42 5561.25 22161.6
1683884458 303.53 39.12 5604.31 21781
1683884468 302.84 39.09 5468.23 19798.2
1683884478 293.26 39.38 4833.63 27366.2
1683884488 294.85 39.39 5672.69 17132.8
1683884498 302.35 39.43 5598.82 19487.3
1683884508 300.29 39.15 5412.89 20332
1683884518 290.63 39.21 5432.59 22169
1683884528 310.57 39.5 5486.1 24153
1683884538 91.01 38.87 790721 12019.5

Execution duration: 00:24:41.41
