1683833648 278.51 2.67 5734.13 13367.6
1683833658 297.12 3.54 5638.5 21068.7
1683833668 298.51 4.57 5600.4 23596.8
1683833678 279.12 4.92 5296.94 19075.9
1683833688 299.8 6.04 5601.98 21029.3
1683833698 291.88 6.34 5299.01 24348.5
1683833708 296.53 6.89 5683.65 18472.6
1683833718 295.26 7.91 5572.75 20081.3
1683833728 296.94 8.67 5502.38 21845.1
1683833738 301.09 9.43 5489.73 23608.3
1683833748 258.34 10.43 4751.43 18437.1
1683833758 305.25 10.8 5412.28 25611.1
1683833768 294.56 11.39 5748.37 16754.5
1683833778 300.69 11.84 5534.84 21055.9
1683833788 301.38 12.64 5567.25 21306.1
1683833798 295.06 13.78 5502.38 21194.9
1683833808 298.13 14.42 5523.94 20032.3
1683833818 280.91 14.98 4951.14 27491.2
1683833828 291.82 15.73 5579.49 14579.1
1683833838 296.27 16.41 5533.59 23077
1683833848 299.21 17.54 5478.89 22150.3
1683833858 300.1 18.09 5529.38 21134.9
1683833868 300.98 19.02 5574.38 21032.9
1683833878 296.35 19.88 5516.76 18932.5
1683833888 270.07 20.06 4799.22 22694
1683833898 298.42 20.76 5536.55 18792.1
1683833908 300.3 21.78 5460.88 22465
1683833918 292.82 22.22 5487.9 18588.8
1683833928 277.99 22.97 5092.73 20083.3
1683833938 293.93 24.21 5511.46 21531.8
1683833948 280.61 24.54 4989.37 19314.6
1683833958 297.95 25.39 5521.96 20665.9
1683833968 295.09 26.03 5475.32 20414.2
1683833978 299.51 27.3 5444.79 22941.1
1683833988 296.95 27.8 5412.39 20492.8
1683833998 295.28 28.78 5550.83 19233.8
1683834008 285.97 29.2 5063.4 23171.3
1683834018 294.98 29.7 5513.07 18843.7
1683834028 294.81 30.78 5408.63 19569.4
1683834038 297.73 31.34 5387.21 20700.5
1683834048 299.01 32.17 5475.32 22443.3
1683834058 268.64 33.32 4896.36 20173.8
1683834069 298.06 33.64 5361.71 23360.9
1683834078 290.89 34.35 5471.37 16844.7
1683834088 299.22 34.91 5373.38 20807
1683834098 295.59 35.81 5378.65 21759.8
1683834108 295.19 36.99 5344.2 22644.4
1683834118 293.63 37.36 5434.12 18291
1683834129 299.7 38.05 5158.24 26671.2
1683834138 293.93 38.44 5548.73 15064.2
1683834148 302.54 38.59 5478.55 22323.2
1683834159 295.32 38.84 5357.66 21859.9
1683834169 300.68 38.6 5455.72 22776.9
1683834179 298.43 38.57 5493.25 19085.8
1683834189 298.36 38.84 5268.8 22349
1683834199 298.63 38.6 5452.24 21327.9
1683834209 296.87 38.61 5457.56 19964.1
1683834219 299.22 39.05 5445.07 19980.5
1683834229 299.12 38.82 5452.24 21150.1
1683834239 302.24 38.79 5400.39 22607
1683834249 289.22 39.01 5125.37 22812.8
1683834259 298.54 38.84 5513.28 20965.2
1683834269 295.8 39.06 5468.23 17623.1
1683834279 302.05 38.81 5407.61 21725.3
1683834289 300.77 38.81 5399.62 21198.8
1683834299 303.62 38.78 5521.96 21153.7
1683834309 290.33 39.02 5130.01 22813.3
1683834319 289.27 39.03 5253.54 20906.7
1683834329 301.36 38.82 5432.59 21743.2
1683834339 293.27 39.13 5550.39 16290.2
1683834349 288.26 38.91 5160.47 24186.3
1683834359 299.32 38.92 5579.23 19629
1683834369 299.71 39.14 5438.54 19614.6
1683834379 280.3 38.91 4895.61 24198.2
1683834389 296.48 38.91 5530.79 16965.8
1683834399 301.86 38.91 5504.01 24586.1
1683834409 285.34 39.17 5142.91 18157.2
1683834419 298.74 39.18 5436.35 20808.5
1683834429 299.61 39.12 5523.68 16816.8
1683834439 288.84 38.87 4965.72 27370.4
1683834449 296.68 38.92 5512.89 15931.2
1683834459 302.34 39.24 5425.39 23785.2
1683834469 297.27 39 5518.28 19518.7
1683834479 299.61 39.25 5511.15 20820
1683834489 283.78 39.01 5180.06 21143.7
1683834499 303.63 39.01 5334.51 24298.8
1683834509 279.57 38.98 5267.32 14207
1683834519 301.47 39.24 5511.15 21980.8
1683834529 300.2 39.02 5561.25 23474
1683834539 294.6 39.24 5468.47 16948.1
1683834549 291.77 39.23 5195.68 20755.3
1683834559 301.85 39.06 5400.39 21213.7
1683834569 299.51 39.25 5318.08 22320.6
1683834579 300.39 38.99 5489.67 20693.6
1683834589 299.61 39.34 5366.11 22941.8
1683834599 296.29 39.06 5475.39 19952
1683834609 305.58 39.11 5310.76 24769.1
1683834619 269.44 39.33 5052.69 14682.9
1683834629 304.4 39.12 5355.62 24139.6
1683834639 295.6 39.11 5500.39 17495.7
1683834649 301.46 39.36 5405.67 23024
1683834659 301.37 39.34 5470.05 21165.3
1683834669 293.16 39.11 5375.78 18214.5
1683834679 281.64 39.13 5100 22134
1683834689 302.51 39.36 5322.81 24192.1
1683834699 303.42 39.11 5436.01 20760.1
1683834709 296.6 39.11 5473.67 17339.2
1683834719 275.23 39.36 5027.62 21727.3
1683834729 300.49 39.06 5367.64 21341.9
1683834739 300 39.33 5511.54 18619.2
1683834749 303.01 39.11 5335.02 26242.5
1683834759 293.74 39.1 5468.23 15034.2
1683834769 302.74 39.33 5443.21 24322.6
1683834779 300.59 39.15 5391.83 22393
1683834789 295.8 39.45 5398.43 21530.3
1683834799 288.84 39.22 5466.4 20288.3
1683834809 277.85 39.46 4845.66 20194.7
1683834819 298.83 39.23 5561.25 16746.8
1683834829 301.87 39.48 5504.01 24164.9
1683834839 292.67 39.22 5450 20877.3
1683834849 299.61 39.45 5432.59 17197.7
1683834859 303.52 39.21 5523.68 22343.6
1683834869 291.31 39.19 5066.54 25262.8
1683834879 296.09 39.47 5598.82 15958.9
1683834889 298.83 39.22 5427.29 21045.2
1683834899 297.46 39.17 5487.89 17498
1683834909 300.2 39.47 5397.08 25654.9
1683834919 301.77 39.47 5446.66 19900.4
1683834929 299.71 39.47 5359.93 21459.3
1683834939 260.95 39.2 4686.66 18156.6
1683834949 299.41 39.46 5362.89 21864.1
1683834959 300.3 39.24 5466.4 22562.2
1683834969 289.99 39.22 5310.1 15940.3
1683834979 300.78 39.43 5504.01 22816.1
1683834989 300.69 39.21 5449.22 22001.2
1683834999 301.18 39.49 5488.46 20549.5
1683835009 303.04 39.19 5416.26 22788.2
1683835019 293.56 39.46 5569.95 16754.3
1683835029 300.1 39.18 5492.86 19867.8
1683835039 302.34 39.23 5350.39 23840.2
1683835049 288.95 39.48 5305.57 17266.1
1683835059 308.81 39.18 5165.95 27454.4
1683835069 290.99 39.23 5578.84 14404.7
1683835079 296.49 39.45 5382.24 22442.5
1683835089 301.17 39.23 5423.09 19362
1683835099 307.54 39.45 5385.52 24760.1
1683835109 300 39.23 5612.5 18733.2
1683835119 284.83 39.22 4968.87 25351.8
1683835129 298.44 39.49 5567.94 17648.5
1683835139 33.72 38.84 786010 2984.65

Execution duration: 00:24:57.57
