1683771896 279.58 2.55 5604.78 14054.6
1683771906 295.95 3.48 5603.56 20603.2
1683771916 295.83 4.11 5580.54 21834
1683771926 281.73 4.98 5288.19 19794.6
1683771936 300.2 6.03 5562.3 21706.3
1683771946 280.5 6.56 5032.08 25199.2
1683771956 293.75 6.76 5670.96 16086
1683771966 301.09 7.82 5493.36 24388.9
1683771976 294.37 8.58 5609.1 16913.2
1683771986 279.55 9.28 5047.04 21839.5
1683771996 299.6 10.04 5533.14 19817.2
1683772006 302.08 10.93 5376.68 27263.2
1683772016 290.38 11.18 5506.05 17031.9
1683772026 294.22 12.07 5521.57 19306.3
1683772036 300.1 12.78 5489.73 21172.3
1683772046 300.19 13.56 5529.38 19035.9
1683772056 288.94 14.58 5224.12 22470.8
1683772066 297.43 15.36 5603.56 22979.8
1683772076 289.86 15.98 5165.74 20842.5
1683772086 292.15 16.68 5520.23 20099
1683772096 300.4 17.29 5459.03 21014.4
1683772106 299.12 18.05 5460.49 20503.2
1683772116 304.82 19.18 5473.49 22727.9
1683772126 289.77 19.84 5311.7 20773.6
1683772136 289.76 20.13 5405.11 19493.7
1683772146 302.36 21.18 5349.07 23114.7
1683772156 296.06 21.67 5599.21 17790.3
1683772166 304.63 22.54 5543.31 21602
1683772176 301.18 23.6 5435.27 23701.3
1683772186 277.44 24.18 5241.38 16510.3
1683772197 301.96 24.5 5375.03 23486.7
1683772207 295.98 25.36 5501.86 20494.6
1683772217 292.92 25.87 5487.51 18334.7
1683772227 296.26 26.77 5329.13 21689.8
1683772237 296.48 27.82 5317.69 23063.5
1683772247 296.07 28.43 5532.42 18829.1
1683772257 282 28.88 5097.35 22861.8
1683772267 292.31 29.36 5473.1 16181.7
1683772277 296.56 30.36 5399.41 20942
1683772287 296.85 31.07 5404.72 22509.8
1683772297 291.25 31.88 5298.72 20210.4
1683772307 297.44 32.71 5480.31 19621.7
1683772317 281.41 33.33 4971.87 25135.5
1683772327 298.92 34.01 5492.91 18950.8
1683772337 295 34.83 5340.65 19654.8
1683772347 293.42 35.53 5356.39 19857
1683772357 281.2 36.26 5064.84 21441.3
1683772367 299.02 37.06 5516.16 20207.2
1683772377 305.01 37.89 5333.33 25405.1
1683772387 282.22 38.38 5193.72 19301.4
1683772397 297.94 38.3 5534.12 18734.1
1683772407 299.61 38.44 5380.25 23872.1
1683772417 280.96 38.55 5225 17260.5
1683772427 287.58 38.54 5384.83 21478.6
1683772437 301.67 38.51 5380.25 19800.6
1683772447 282.46 38.67 5002.73 22811.7
1683772457 297.65 38.72 5491.09 21151
1683772467 296.79 38.59 5471.47 18472.1
1683772477 303.63 38.72 5435.62 22327.6
1683772487 291.63 38.65 5272.05 17333.6
1683772497 300.58 38.65 5503.62 22034.5
1683772507 294.38 38.77 5048.84 24941.5
1683772517 295.98 38.62 5439.06 18235.5
1683772527 297.26 38.8 5417.79 19654.7
1683772537 301.08 38.72 5448.14 20068.1
1683772547 301.36 38.87 5487.5 22732
1683772557 281.68 38.87 5102.45 18878.7
1683772567 299.41 39.02 5326.4 24593.5
1683772577 299.61 39 5541.23 17357.1
1683772587 301.95 39 5485.71 20006.7
1683772597 280.75 38.86 5192.57 20034.8
1683772607 306.46 38.88 5415.87 23648.2
1683772617 300.58 39.02 5442.82 21075.3
1683772627 304.4 38.88 5210.18 25343.6
1683772637 264.26 39.01 5037.5 12964.4
1683772647 298.85 38.83 5425.82 20492.9
1683772657 299.11 38.87 5503.62 20401.2
1683772667 296.48 38.96 5247.75 20220.3
1683772677 301.07 39.01 5386.2 20892.1
1683772687 299.9 39 5378.26 21675.2
1683772697 280.88 39 5046.63 22094
1683772707 296.1 38.87 5507.12 18018.7
1683772717 302.85 38.87 5328.11 22059.2
1683772727 298.73 38.99 5516.16 21331.6
1683772737 305.18 38.88 5485.71 24852.5
1683772747 301.65 38.89 5423.52 21680.9
1683772757 287.08 39.03 4947.55 23663.8
1683772767 295.4 38.87 5634.51 17001.2
1683772777 303.5 38.89 5409.15 22537.5
1683772787 301.07 39 5407.75 19278.7
1683772797 276.64 39.01 5054.94 19084.6
1683772807 300.39 38.85 5385.52 20761.6
1683772817 297.66 39.07 5097.85 25706.8
1683772827 297.16 39 5517.89 15869
1683772837 302.43 39.11 5435.96 22623.9
1683772847 297.65 39.01 5534.12 19725.9
1683772857 301.08 39 5413.94 21749.6
1683772867 275.83 39.13 4934.64 22394.9
1683772877 303.12 39 5292.22 24107
1683772887 295.4 38.98 5473.58 15890.4
1683772897 303.62 39.06 5415.87 23060.9
1683772907 298.83 38.98 5430.3 20281.9
1683772917 299.22 39.11 5360.15 20175.6
1683772927 300.79 39.24 5367.74 22824.6
1683772937 282.83 39.09 5177.11 16787.2
1683772947 305.58 39.23 5303.04 24140.7
1683772957 300.48 39.12 5441.25 19990.7
1683772967 300.78 39.07 5466.01 19905.6
1683772977 298.34 39.17 5317.12 21535.8
1683772987 295.4 39.09 5310.76 20779.6
1683772997 299.32 39.23 5374.05 20856.2
1683773007 298.93 39.11 5409.19 21163.6
1683773017 302.64 39.11 5403.72 21281.9
1683773027 279.69 39.2 4955.22 20373.4
1683773037 286.32 39.06 5367.32 18183.5
1683773047 306.16 39.09 5405.67 25095.2
1683773057 297.66 39.21 5437.89 16855.1
1683773067 293.93 39.08 5228.21 22106.6
1683773077 297.65 39.21 5523.68 18887.3
1683773087 304.2 39.18 5455.72 21073.7
1683773097 292.27 39.21 5335.81 21416
1683773107 307.34 39.36 5390.79 22409
1683773117 295.2 39.23 5572.15 19154.1
1683773127 277.48 39.18 4653.09 24760.8
1683773137 295.61 39.22 5520 18297
1683773147 299.41 39.17 5435.62 19554.2
1683773157 301.38 39.36 5516.55 19466.4
1683773167 300.49 39.21 5425.39 20301.6
1683773177 300.68 39.36 5473.19 20166.7
1683773187 294.91 39.22 5116.47 26904.3
1683773197 295.52 39.37 5407.61 16930.7
1683773207 305.26 39.24 5409.54 21859.8
1683773217 294.56 39.24 5361.71 17378.4
1683773227 295.11 39.36 5223.09 23917.8
1683773237 299.32 39.24 5412.89 20340.2
1683773247 297.36 39.37 5462.89 17861.3
1683773257 286.1 39.36 5100.49 21898.1
1683773267 299.12 39.22 5443.21 21053
1683773277 299.71 39.22 5423.48 19845
1683773287 297.75 39.37 5355.62 22421.5
1683773297 277.2 39.21 5072.8 16683.4
1683773307 301.37 39.33 5455.72 22479.4
1683773317 288.87 39.26 5192.58 20009.4
1683773327 299.42 39.21 5461.06 17462.2
1683773337 302.54 39.37 5357.66 23943
1683773347 297.85 39.25 5498.63 18715.1
1683773357 280.33 39.23 4973.32 22127
1683773367 297.65 39.36 5521.96 17428.2
1683773377 291.98 39.26 5079.84 25936.2
1683773387 132.49 38.75 791407 15263.4

Execution duration: 00:25:04.04
