1683853182 280.5 2.71 5775.53 14133.3
1683853192 301 3.74 5652.68 22914.5
1683853202 294.96 4.49 5634.43 19911
1683853212 282.77 5.21 5297.83 19668.5
1683853222 302.18 5.92 5483.01 22396
1683853232 295.55 6.39 5279.92 25209.9
1683853242 298.22 7.11 5685.07 16628.7
1683853252 303.16 8.02 5540.32 24393.3
1683853262 296.75 8.47 5534.84 18317.9
1683853272 302.47 9.33 5572.75 22365.2
1683853282 278.07 10.42 5047.04 19737.9
1683853292 305.63 11.13 5530.17 26086
1683853302 297.14 11.51 5586.99 19975.6
1683853312 300.89 12.51 5550.83 19781.7
1683853322 295.66 13.02 5352.66 20612.2
1683853332 301.28 13.9 5550.83 20529
1683853342 300.1 15.03 5543.7 21182.7
1683853352 300.1 15.33 5221.28 26118.6
1683853362 251.29 15.91 4705.54 13637.9
1683853372 298.72 16.39 5599.6 21466
1683853382 304.24 17.57 5562.17 20072.1
1683853392 295.86 18.35 5220.89 22066.2
1683853402 298.13 18.84 5592.5 18568.8
1683853412 299.02 19.97 5513.07 20133.3
1683853422 279.53 20.17 5065.75 20370.5
1683853432 302.07 20.92 5448.27 19858.1
1683853442 299.33 22 5445.35 21396.1
1683853452 299.11 22.55 5489.69 20878.5
1683853462 294.69 23.56 5334.77 18781.1
1683853472 272.66 24.03 4999.02 19772.5
1683853482 298.03 25.01 5355.51 24241.7
1683853492 294.78 25.55 5543.31 17978.3
1683853502 300.59 26.21 5468.11 22317.7
1683853512 302.95 27.33 5543.7 21480.3
1683853522 300.49 27.83 5459.4 20927
1683853532 298.82 28.54 5477.13 19237.7
1683853542 273.23 29.4 4775.19 24096.9
1683853552 300.09 29.73 5434.12 19919.2
1683853562 297.74 30.95 5462.73 21172.5
1683853572 301.86 31.2 5552.5 19683.2
1683853582 284.28 32.07 5150 18989.8
1683853592 298.33 33.11 5541.62 19379
1683853602 282.18 33.74 4940.25 24672.7
1683853612 294.14 34.16 5443.21 16710.5
1683853622 297.95 34.71 5491.48 20488.5
1683853632 304.32 35.95 5341.04 22597.4
1683853642 298.14 36.42 5541.62 19335.5
1683853652 277.15 37.45 5050.39 20489.8
1683853662 307.25 38.16 5260.66 24789
1683853672 298.83 38.28 5428.79 20147.1
1683853682 302.15 38.48 5425.39 19829.3
1683853692 300.1 38.35 5535.81 20924.1
1683853702 309.58 38.92 5375.39 21993
1683853712 299.42 38.87 5487.89 15685.2
1683853723 281.61 38.97 4882.48 21596.5
1683853732 304 39 5475.39 21480.9
1683853742 301.86 38.74 5600 21694.8
1683853752 298.44 38.97 5542.91 21559.7
1683853762 293.85 38.74 5387.5 21812.9
1683853773 299.9 38.73 5546.25 17485.5
1683853782 297.66 39.01 5498.63 21899
1683853793 283.07 38.73 4948.33 22378.9
1683853803 295.61 39.01 5582.44 17494.6
1683853813 298.14 38.78 5512.89 22343
1683853823 301.86 38.75 5395.12 21974.2
1683853833 277.34 38.74 4950.39 21005.5
1683853843 300.69 39.02 5648.92 20736.2
1683853853 294.36 38.77 5238.63 20706.7
1683853863 302.93 38.99 5432.59 20058.2
1683853873 296.8 39.02 5438.22 19041.3
1683853883 300.1 38.78 5486.1 21571.4
1683853893 302.25 38.96 5485.71 21345.6
1683853903 281.48 38.89 5015.59 22429.2
1683853913 286.97 39.16 5115.77 22553.2
1683853923 293.32 38.9 5514.43 14801.5
1683853933 300.19 38.89 5514.62 21883.4
1683853943 306.26 39.16 5493.25 24390.6
1683853953 299.41 38.9 5636.4 17347.2
1683853963 289.15 39.18 5235.23 21438.8
1683853973 301.07 38.86 5410.96 20430.1
1683853983 291.32 39.16 5145.37 24969.8
1683853993 298.53 38.88 5567.94 17345.1
1683854003 302.05 38.89 5414.81 22687.3
1683854013 300 39.16 5576.38 17838.1
1683854023 307.41 38.89 5457.56 25322.2
1683854033 272.94 39.17 5060.57 17352.7
1683854043 298.44 38.91 5237.32 23208.2
1683854053 298.64 38.91 5559.1 18544.9
1683854063 302.64 39.2 5432.59 25010
1683854073 296.98 38.93 5608.96 16830.4
1683854083 307.61 38.99 5432.59 24597.1
1683854093 296.29 39.27 5280.55 19497.2
1683854103 282.97 38.99 5060.27 21736.2
1683854113 296.87 38.98 5600.39 17336.7
1683854123 304.98 39.01 5525.39 22165.2
1683854133 289.44 39.26 5147.68 21650
1683854143 300.1 39.01 5503.89 17494.5
1683854153 302.54 39.39 5568.33 24111.4
1683854163 271.21 39.06 4626.47 22558.1
1683854173 294.44 39.38 5637.89 15889.8
1683854183 302.73 39.08 5480.74 21684.8
1683854193 299.81 39.09 5525.39 20522.7
1683854203 296.58 39.39 5305.57 20148.6
1683854213 300.68 39.39 5459.4 20728.3
1683854223 288.76 39.13 5031.47 27019
1683854233 296.89 39.37 5653.31 15521.8
1683854243 310.06 39.14 5425.39 25278.5
1683854253 291.65 39.12 5383.11 17261.4
1683854263 301.66 39.39 5443.21 22881.3
1683854273 302.84 39.12 5511.54 21996.1
1683854283 300.29 39.38 5455.72 19128.4
1683854293 289.29 39.1 5115.45 21490.7
1683854303 305.48 39.35 5428.79 22756.9
1683854313 299.9 39.09 5524.07 20765.5
1683854323 300 39.11 5516.55 19328.5
1683854333 295.42 39.39 5439.77 22031.6
1683854343 275.59 39.4 4937.5 17384.8
1683854353 303.52 39.13 5492.86 23825.6
1683854363 304.48 39.38 5484.32 22621.6
1683854373 302.25 39.12 5468.23 18966.2
1683854383 297.95 39.1 5505.77 17890.5
1683854393 299.9 39.36 5332.68 23710.8
1683854403 287.63 39.14 5272.44 19123.7
1683854413 307.51 39.06 5425.17 24056.6
1683854423 297.36 39.41 5548.73 17287.7
1683854433 302.93 39.38 5493.25 22106.3
1683854443 300.49 39.11 5393.16 22158.4
1683854453 295.79 39.14 5523.68 17798.4
1683854463 305.19 39.13 5446.66 24912.2
1683854473 284.56 39.42 4995.5 22245.9
1683854483 296.68 39.16 5525.39 17894.1
1683854493 301.08 39.44 5380.64 22008.2
1683854503 297.96 39.15 5480.39 18438.8
1683854513 289.85 39.18 5325.39 19611.7
1683854523 303.51 39.45 5397.08 23847.7
1683854533 300.87 39.18 5394.97 23260
1683854543 281.66 39.45 5157.46 17543.8
1683854553 301.28 39.45 5566.31 20413.3
1683854563 301.46 39.19 5527.1 21982.1
1683854573 304.89 39.12 5493.25 20026.2
1683854583 277.66 39.46 5000.97 18603.3
1683854593 292.92 39.17 5336.87 21121.3
1683854603 288.59 39.46 5236.29 22612.3
1683854613 300.98 39.17 5457.17 20030.8
1683854623 297.17 39.18 5614.04 20687.7
1683854633 301.27 39.44 5471.47 20701.5
1683854643 283.71 39.17 5169.95 19836.5
1683854653 304.7 39.55 5485.71 22456.4
1683854663 295.41 39.56 5286.33 21957.8
1683854673 33.56 38.94 786781 2642.42

Execution duration: 00:24:57.57
