1683799683 280.38 2.72 5948.21 13586.9
1683799693 299.41 3.69 5589.31 23036
1683799703 298.31 4.46 5740.08 20046.4
1683799713 282.43 5.09 5181.04 22046.2
1683799723 301.98 6.22 5589.31 21457
1683799733 288.03 6.5 5357.07 21003
1683799743 300.89 7.14 5594.85 21182.6
1683799753 296.64 8.15 5614.66 19584.5
1683799763 303.34 8.89 5507.66 24005.1
1683799773 294.56 9.73 5609.1 18193.1
1683799783 303.86 10.39 5464.43 22983.8
1683799793 304.55 11.28 5533.53 23759.5
1683799803 299.6 11.7 5603.56 20432.8
1683799813 301.58 12.61 5507.82 21047.7
1683799823 298.82 13.59 5623.29 20200.6
1683799833 303.36 14.17 5565.62 21751.4
1683799843 270.16 15.32 4882.61 19758.5
1683799853 300.69 15.62 5511.33 24064.6
1683799863 296.95 16.24 5567.25 18071
1683799873 302.96 17.08 5504.14 22225.6
1683799883 299.81 17.8 5496.93 21476.4
1683799893 298.02 18.57 5598.02 19132.9
1683799903 297.74 19.8 5601.18 22285.5
1683799913 274.88 20.17 4843.35 22561.6
1683799923 298.63 20.89 5650.05 17419.1
1683799933 298.33 21.48 5557.56 20164.2
1683799943 302.66 22.22 5599.6 20412.2
1683799953 294.39 23.43 5342.12 21802.8
1683799963 300.59 24.02 5475.32 21028.5
1683799973 302.86 25.01 5501.18 24346.8
1683799983 279.71 25.16 5096.08 18259.6
1683799993 299.71 25.98 5613.37 20511.3
1683800003 301.96 26.97 5514.43 19773.1
1683800013 302.45 27.69 5450.14 22090.9
1683800023 285.07 28.59 5293.91 18375.6
1683800033 300.59 29.34 5477.13 23705.6
1683800043 288.42 30.03 5238.47 19461.4
1683800053 302.46 30.38 5552.5 20760
1683800063 300.49 31.49 5457.36 19145.4
1683800073 297.94 32.02 5552.5 22512.3
1683800083 295.02 33.03 5405.67 17511.2
1683800093 297.74 33.55 5453.87 21833.1
1683800103 292.74 34.39 5125.81 23439.1
1683800113 297.75 34.59 5335.81 17580
1683800123 299.21 35.56 5336.87 20204.5
1683800133 301.18 36.18 5218.46 22274.3
1683800143 301.96 37.17 5421.18 19422.3
1683800153 297.84 37.9 5434.12 21598
1683800163 308.81 38.44 5387.48 25848.5
1683800173 299.41 38.2 5510.76 16785.1
1683800183 300.49 38.29 5521.71 20359.5
1683800193 304.41 38.89 5553.77 20401.2
1683800203 304.01 38.65 5505.77 23869
1683800213 300.29 38.65 5504.01 20884.2
1683800223 289.53 38.91 5140.45 23262.3
1683800233 299.51 38.69 5586.3 18042.3
1683800243 299.31 38.66 5616.84 19551.8
1683800253 301.57 38.93 5415.87 21998.8
1683800263 303.61 38.77 5394.73 23159
1683800273 296.28 39.03 5541.23 16920.7
1683800283 298.54 39.06 5169.95 27786.9
1683800293 298.24 38.78 5489.28 16931.4
1683800303 305.08 39.07 5544.59 22985.4
1683800313 299.91 38.82 5390.77 19513.8
1683800323 293.04 39.08 5202.74 22202.2
1683800333 297.48 38.82 5510.59 19204.3
1683800343 303.91 38.84 5492.86 22304.2
1683800353 264.72 39.09 4705.37 20281.9
1683800363 301.26 38.83 5374.52 19620.1
1683800373 305.13 39.17 5384.91 21996.5
1683800383 297.26 38.93 5455.33 15984.4
1683800393 284.95 39 5104.99 23293.8
1683800403 301.27 39.27 5516.16 20923.4
1683800414 301.51 39.26 5243.52 22323.2
1683800423 304.32 39.01 5446.27 21310.2
1683800433 295.4 38.98 5553.77 17569.8
1683800443 299.23 39 5446.81 21211.6
1683800453 306.56 39.21 5460.67 21516.6
1683800463 272.86 38.99 5000 17922.3
1683800473 308.71 39.27 5360.47 25906.8
1683800483 300.1 39.26 5500 20082.4
1683800494 296.11 38.98 5510.59 18466.1
1683800503 304.31 39.29 5485.71 21261.1
1683800514 303.41 39.02 5439.38 22936.1
1683800524 302.71 38.94 5444.96 20308.9
1683800534 272.17 38.97 4650 24868.8
1683800543 295.47 39.26 5404.72 18720.1
1683800553 301.08 39 5548.34 19682.2
1683800564 297.76 39.27 5487.5 17820.3
1683800574 305.27 39 5367.74 25456.1
1683800584 296.97 39.26 5435.62 17737.4
1683800594 302.54 39.26 5514.23 21956.7
1683800604 282.1 39 5018.68 20864.6
1683800614 302.54 39.27 5491.09 20192
1683800624 300.39 39.02 5466.01 20269.9
1683800634 276.78 39 5114.99 18542.6
1683800644 304.67 39.29 5411.08 23401.8
1683800654 299.12 38.99 5516.16 19011.6
1683800664 296.67 39.03 5252.89 22289.9
1683800674 300 39.26 5573.39 18896.3
1683800684 301.97 39.28 5534.12 19099.2
1683800694 304.11 39.27 5550 22152
1683800704 295.7 39.01 5187.5 23753.9
1683800714 301.96 39 5510.76 19835.2
1683800724 288.03 39.27 5097.96 21196.5
1683800734 300.88 38.95 5500 19099.2
1683800744 303.52 39 5403.33 21510.7
1683800754 301.67 39.25 5562.5 22378.1
1683800764 297.66 39 5384.19 19623.4
1683800774 304.69 39.27 5369.76 23670.6
1683800784 296.07 39.15 5326.8 20379.2
1683800794 300.98 39.39 5530.4 17131.2
1683800804 300.67 39.15 5457.94 20923.6
1683800814 301.36 39.15 5450 22402.7
1683800824 302.05 39.39 5542.91 17971.8
1683800834 284.06 39.07 4872.41 24649.3
1683800844 303.01 39.12 5329.18 21753.7
1683800854 293.07 39.4 5575 16009
1683800864 305.28 39.14 5535.81 22350.3
1683800874 305.58 39.42 5448.14 20185.9
1683800884 308.32 39.4 5460.67 24088.5
1683800894 292.49 39.42 5457.17 15042.3
1683800904 303.62 39.41 5493.25 23503.4
1683800914 300 39.11 5418.4 22129.5
1683800924 303.62 39.42 5498.24 19759.3
1683800934 307.11 39.12 5421.62 22289.8
1683800944 277.5 39.15 5139.86 20084.6
1683800954 303.13 39.41 5535.81 21254.4
1683800964 302.22 39.15 5453.91 19147.4
1683800974 290.45 39.4 5182.44 22711.4
1683800984 306.32 39.12 5441.25 22320.6
1683800994 300.69 39.37 5475 18943.8
1683801004 281.17 39.15 5194.93 16809.4
1683801014 303.33 39.44 5442.82 22168.1
1683801024 304.69 39.15 5405.28 23211.3
1683801034 274.46 39.15 4823.09 22221.5
1683801044 302.35 39.43 5580.45 17915.9
1683801054 301.56 39.11 5615.56 17638.5
1683801064 310.57 39.4 5423.09 27525.6
1683801074 265.01 39.13 4927.88 14439.4
1683801084 303.42 39.13 5430.3 21796.3
1683801094 288.04 39.42 5073.15 22534.6
1683801104 300.88 39.15 5555.43 18947
1683801114 303.1 39.41 5377.73 22368.6
1683801124 300.19 39.15 5591.38 18328.3
1683801134 306.06 39.41 5425 20841.4
1683801144 298.16 39.42 5531.78 21417.1
1683801154 307.82 39.15 5458.32 24235.2
1683801164 110.19 38.79 785227 16756.5

Execution duration: 00:24:53.53
