1683825516 277.61 2.69 5755.62 13457.9
1683825526 298.12 3.69 5600.4 21949.6
1683825536 297.32 4.21 5638.5 21997.2
1683825546 283.58 5.35 5279.93 21137.5
1683825556 297.23 5.83 5594.85 19394.7
1683825566 289.79 6.27 5305.05 22904.7
1683825576 298.91 7.13 5620.22 19804.6
1683825586 302.66 7.71 5648.56 20907.4
1683825596 300.29 8.73 5590.91 22507.9
1683825606 300.79 9.39 5659.75 21078.5
1683825616 263.1 10.45 4849.46 19399.8
1683825626 305.85 10.8 5455.7 24315.2
1683825636 297.24 11.17 5717.4 18922.1
1683825646 299.41 12.22 5509.57 22202.2
1683825656 294.58 12.79 5568.07 20038.6
1683825666 302.07 13.97 5549.16 22096.1
1683825676 299.31 14.46 5486.1 20788.6
1683825686 279.39 15.38 5075.74 24302.6
1683825696 281.81 16.03 5406.53 15172.3
1683825706 300.89 16.54 5498.72 21206.7
1683825716 301.38 17.67 5542.01 19910.8
1683825726 301.78 18.25 5516.76 22102.2
1683825736 275.35 19.09 5011.44 21688.4
1683825746 297.15 20.14 5637.83 18742.9
1683825756 298.02 20.17 5421.12 20668.9
1683825766 300.98 21.38 5545.38 21958
1683825776 299.8 21.84 5568.89 20983.9
1683825786 297.64 22.68 5505.9 20903.2
1683825796 302.66 23.95 5367.32 23200
1683825806 289.77 24.45 5306.98 19696
1683825816 300.29 24.97 5500.1 21348.3
1683825826 296.56 25.56 5638.93 21023
1683825836 302.27 26.3 5624.82 20547
1683825846 301.96 27.4 5496.47 21458.4
1683825856 303.05 28.01 5424.97 22205.7
1683825866 295.47 29.02 5586.99 20578.1
1683825876 277.68 29.49 4960.08 21262.5
1683825886 295.01 30.28 5528.7 17913.4
1683825896 301.47 31.09 5379.92 21720.5
1683825906 301.28 31.67 5541.62 20449.8
1683825916 281.06 32.57 5251.03 21298.9
1683825926 303.44 33.76 5565.06 20456.1
1683825936 288.71 33.98 5175.66 22168
1683825946 299.52 34.84 5455.72 18818
1683825956 302.84 35.51 5478.94 22373.4
1683825966 303.93 36.31 5584.7 22055.7
1683825976 294.13 37.55 5523.68 20805.9
1683825986 276.89 38.15 5040.15 15923.6
1683825996 301.86 38.38 5308.63 26619.6
1683826006 297.26 38.4 5623.87 16458.7
1683826016 304.51 38.95 5398.43 25338.5
1683826026 300.4 38.92 5636.4 16659.1
1683826036 300.79 38.71 5428.79 22029.8
1683826046 301.48 38.96 5516.55 20286.4
1683826056 284.46 38.7 4830.11 27593.7
1683826066 295.15 38.7 5530.49 14622.5
1683826076 300.69 38.97 5484.31 22729.8
1683826086 298.14 38.96 5559.22 19872.5
1683826096 293.58 38.98 5304.28 20084
1683826106 297.97 38.74 5450.63 19584.1
1683826116 302.34 38.73 5562.89 24359
1683826126 271.66 39.04 4803.86 19983
1683826136 299.6 38.76 5453.87 19710.5
1683826146 302.52 38.91 5388.56 23677.6
1683826156 301.37 39.18 5418.18 21933.9
1683826166 297.56 39.19 5643.4 15847.1
1683826176 304.47 38.88 5443.5 23949.9
1683826186 276.89 38.91 4914.4 22047.8
1683826196 296.09 39.16 5523.68 16588.3
1683826206 301.26 38.86 5386.59 22470
1683826216 288.29 39.17 5350.39 17712.9
1683826226 301.37 38.91 5512.89 22734.4
1683826236 305.38 39.17 5461.06 24928.8
1683826246 270.53 38.9 4737.01 22707.6
1683826256 294.34 39.17 5582.44 16640.8
1683826266 305.09 38.88 5378.65 24359.7
1683826276 297.46 38.91 5537.89 18546.5
1683826286 293.22 39.17 5259.3 19248.8
1683826296 297.26 38.92 5493.25 23123
1683826306 311.27 39.16 5353.57 26665.6
1683826316 264.66 39.16 4933.59 13311.5
1683826326 298.04 38.9 5553.77 21024.1
1683826336 305.78 38.91 5459.21 22560.4
1683826346 301.17 39.17 5487.89 21807.4
1683826356 283.51 39.16 5257.37 19466.5
1683826366 303.53 38.91 5541.62 22959.1
1683826376 293.18 38.9 5202.73 21909.9
1683826386 297.08 39.1 5557.46 17037.3
1683826396 301.27 38.91 5318.08 23967.5
1683826406 298.45 39.23 5539.57 17404.7
1683826416 303.9 38.93 5432.59 21964.9
1683826426 290.93 39.22 5345.17 19890.3
1683826436 309.21 38.96 5353.57 25621.9
1683826446 297.36 39.17 5598.82 15727.2
1683826456 303.13 38.95 5505.77 21673.9
1683826466 305.68 39.01 5398.43 25338.5
1683826476 300.59 39.3 5591.77 18541.4
1683826486 304.19 39.07 5464.72 22015.6
1683826496 279.62 39.29 4958.05 22299.7
1683826506 296.88 39.37 5618.38 18540
1683826516 305.98 39.33 5516.55 22648.8
1683826527 291.76 39.06 5382.76 17527.6
1683826536 302.16 39.34 5486.1 21844.2
1683826546 296.47 39.09 5511.15 21612.5
1683826556 291.09 39.34 5064.84 24709.9
1683826566 295.11 39.03 5560.86 16930.3
1683826576 306.14 39.03 5414.42 20294
1683826586 302.46 39.33 5371.6 23152.6
1683826596 296.11 39.09 5448.1 18893.9
1683826606 302.75 39.37 5366.11 24139.1
1683826616 296.87 39.06 5190.21 23283.8
1683826626 273.35 39.07 5173.65 15611.8
1683826637 303.29 39.35 5392.08 19678.8
1683826647 294.84 39.08 5466.15 20644.4
1683826656 302.84 39.34 5390.79 23972.2
1683826666 297.94 39.11 5341.04 21036.2
1683826677 289.77 39.35 5401.95 17428.5
1683826686 304.99 39.07 5355.23 23557
1683826697 297.01 39.1 5431.05 19539.4
1683826706 298.93 39.33 5403.33 24563.4
1683826717 300.48 39.1 5375.75 18319.7
1683826727 299.61 39.4 5450 21237.5
1683826737 275.32 39.39 5089.91 16803.5
1683826747 304.29 39.09 5348.14 24667.1
1683826757 297.26 39.12 5510.76 17622.7
1683826767 295.99 39.09 5328.11 24708.3
1683826777 299.62 39.39 5448.4 19988.3
1683826787 297.16 39.11 5505.38 19481.9
1683826797 299.05 39.32 5357.85 20396.5
1683826807 289.05 39.4 5185.13 23482.6
1683826817 303.52 39.12 5475 19830.5
1683826827 300.98 39.39 5460.67 22230.9
1683826837 277.5 39.12 5109.98 16685.3
1683826847 299.8 39.12 5514.23 21783.2
1683826857 299.71 39.11 5402.52 21371.9
1683826867 281.51 39.37 5002.35 23083.4
1683826877 293.26 39.1 5600 14168
1683826887 301.66 39.12 5480.35 20475.8
1683826897 299.13 39.39 5492.86 25026.8
1683826907 285.26 39.37 5175 22347.3
1683826917 298.33 39.12 5435.62 18323.7
1683826927 285.07 39.15 4866.34 25779.9
1683826937 295.12 39.42 5532.1 16250.5
1683826947 300.88 39.42 5505.38 19896.4
1683826957 300.58 39.13 5395.35 21478.3
1683826967 305.97 39.07 5390.79 23338.7
1683826977 276.03 39.39 4997.26 20796.1
1683826987 298.17 39.08 5449.47 18253.3
1683826997 145.76 38.79 787540 20255.5

Execution duration: 00:24:54.54
