1683839084 304.98 1.75 1613.13 4962.39
1683839094 309.23 2.2 1459.13 8595.63
1683839105 309.13 2.39 1423.41 11206.8
1683839114 307.44 3.1 1422.22 10930.6
1683839125 307.82 3.4 1439.61 12341.8
1683839135 307.22 3.31 1446.18 8595.44
1683839145 307.83 3.97 1446.58 9991.67
1683839155 310.2 4.51 1444.75 10836.8
1683839165 305.85 4.45 1446.58 6963.33
1683839175 187.93 5.18 15336.5 9407.32
1683839185 309.21 5.37 1394.85 13992.5
1683839195 305.73 5.55 1417.39 6271.15
1683839205 307.79 5.84 1389.93 12044.2
1683839215 308.51 5.99 1418 9702.47
1683839225 308.61 6.67 1444.75 9045.54
1683839235 307.03 6.98 1419.81 10180.2
1683839245 308.9 7.21 1393.08 12869.6
1683839255 306.43 7.12 1418.4 6731.16
1683839265 305.42 7.78 1415.2 10527.5
1683839275 173.57 8.06 14741.8 9037.23
1683839285 307.51 8.38 1418 8832.44
1683839295 308.2 8.79 1418.4 9175.87
1683839305 311.13 8.86 1362.76 15883.7
1683839315 306.03 9.19 1416.6 5289.72
1683839325 306.02 9.53 1388.95 10600.4
1683839335 307.31 9.64 1441.9 8927.67
1683839345 308.47 10.22 1439.44 9089.15
1683839355 308.49 10.81 1415.2 12646.4
1683839365 309.87 10.88 1415.78 13671
1683839375 303.96 11.23 1415.59 6050.94
1683839385 171.38 11.63 15954.6 9402.96
1683839395 307.89 11.95 1414.2 10321.5
1683839405 307.12 12.31 1416.6 8888.93
1683839415 307.8 12.51 1414.2 9477.32
1683839425 312.83 12.75 1389.93 15081.5
1683839435 306.39 13.27 1383.89 6752.85
1683839445 306.01 13.35 1439.44 7323.87
1683839455 309.36 13.6 1387.58 11122.4
1683839465 306.31 14.21 1412.8 9719.41
1683839475 308.46 14.33 1436.22 9646.06
1683839485 306.49 14.83 1410.03 10475.1
1683839495 169.2 15.44 15905.5 11853.5
1683839505 305.42 15.58 1411.41 6883.07
1683839515 308.97 16 1413.81 10594.5
1683839525 307.29 16.29 1412.8 9139.7
1683839535 308.46 16.47 1409.64 10862.9
1683839545 307.7 17.12 1413.81 9038.66
1683839555 308.75 17.27 1383.49 12255.4
1683839565 306.8 17.08 1437.64 6381.48
1683839575 311.03 17.83 1436.61 10250
1683839585 306.88 17.92 1433.4 11123
1683839595 305.4 18.25 1407.26 9147.79
1683839605 115.27 19.01 15901.5 10156.4
1683839615 308.83 19.19 1382.14 12222.2
1683839625 307.47 19.3 1434.81 6792.13
1683839635 308.33 19.82 1380.39 11258.8
1683839645 306.89 19.88 1386.22 8406.3
1683839655 308.35 20.66 1408.25 9943.03
1683839665 309.14 20.6 1408.64 8821.22
1683839675 312.6 21.14 1385.83 13120.9
1683839685 307.97 21.36 1410.03 7411.21
1683839695 306.48 21.36 1408.25 9189
1683839705 307.55 22.08 1380.39 9955.29
1683839715 308.71 22.14 1404.11 9292.46
1683839725 230.33 22.87 16724.1 11051.7
1683839735 309.41 23.16 1381.17 12413.3
1683839745 303.73 23.21 1408.25 6561.49
1683839755 308.21 23.5 1400.39 8207.42
1683839765 307.15 23.7 1379.04 10755.3
1683839775 307.56 24.38 1408.64 10050.3
1683839785 309.34 24.48 1433.4 9510.02
1683839795 313.64 25.09 1382.14 15336.6
1683839805 306.26 25.08 1430.59 5889.02
1683839815 306.78 25.39 1406.87 10031.4
1683839825 305.89 25.54 1380.78 11183.1
1683839835 172.29 26.12 16126.5 8243.29
1683839845 307.26 26.56 1382.14 10321.5
1683839855 308.62 26.96 1364.73 12946.9
1683839865 304.61 26.95 1405.88 5124.71
1683839875 306.18 27.06 1381.75 8743.47
1683839885 307.93 27.81 1379.04 11906
1683839895 307.24 27.83 1404.5 8638.59
1683839905 303.42 28.48 1402.74 8827.4
1683839915 311.3 28.79 1371.37 16175.7
1683839925 303.34 28.87 1430.59 5647.06
1683839935 136.5 29.06 14304.9 6901.37
1683839945 307.33 29.59 1376.34 12803.9
1683839955 304.89 29.92 1403.13 7652.05
1683839965 309.61 30.31 1380.39 10417.6
1683839975 310.42 30.67 1346.06 12096.6
1683839985 305.09 30.98 1403.13 9493.54
1683839995 302.24 30.99 1394.55 7639.69
1683840005 306.57 31.4 1382.14 10851
1683840015 307.22 32.09 1398.63 9212.88
1683840025 303.82 32.11 1403.13 9883.76
1683840035 306.07 32.71 1404.11 8907.35
1683840045 99.7 32.84 15384.4 13129.7
1683840055 303.71 33.2 1376.34 7888.17
1683840065 305.54 33.6 1346.06 10622.4
1683840075 305.08 33.91 1375.39 9633.98
1683840085 308.8 34.1 1377.69 10669.3
1683840095 307.13 34.72 1399.02 10091.3
1683840105 310.47 34.75 1376.34 11027.2
1683840115 304.19 34.76 1424 6369.17
1683840125 305.97 35.51 1402.74 10330.3
1683840135 306.93 35.51 1400 9257.81
1683840145 306.16 36.25 1376.34 10082.1
1683840155 100.2 36.81 15035.2 11531.8
1683840165 306.35 36.83 1376.34 11434.6
1683840175 301.17 36.91 1391.84 5474.17
1683840185 305.58 37.39 1375.39 10115.6
1683840195 302.33 37.42 1372.32 9129.04
1683840205 306.15 37.95 1398.63 9957.07
1683840215 302.34 37.97 1347.37 10225.7
1683840225 309.36 37.85 1347.76 13506.4
1683840235 303.69 38.13 1420.84 8418.31
1683840245 305.86 38.12 1423.61 7114.93
1683840255 306.52 37.92 1394.94 10580.9
1683840265 306.05 37.93 1386.15 12118.6
1683840275 262.73 38.19 16432 7891.9
1683840285 309.86 38.19 1350.39 12490.2
1683840295 304.88 38.19 1425 6100.39
1683840305 307.38 38.02 1392.23 10931.3
1683840315 303.8 38.3 1395.91 9043.82
1683840325 303.71 38.3 1422.61 7420.27
1683840335 307.97 38.02 1394.55 11622.6
1683840345 308.66 38.3 1372.15 13033.3
1683840355 304.11 38.3 1400 7618.36
1683840365 306.4 38.3 1439.15 6530.23
1683840375 307.48 38.03 1369.65 12078.2
1683840385 158.83 38.31 16185.8 9690.54
1683840395 306.92 38.31 1421.23 8870.5
1683840405 311.49 38.31 1346.45 14470.1
1683840415 304.88 38.31 1375.39 7683.98
1683840425 304.59 38.04 1397.27 7625.73
1683840435 305.56 38.32 1397.66 9033.53
1683840445 307.33 38.33 1375 10437.1
1683840455 306.63 38.1 1424 8774.63
1683840465 308.85 38.38 1393.2 12496.8
1683840476 306.89 38.1 1367.77 11152.2
1683840485 306.05 38.1 1399.02 8113.56
1683840496 167.5 38.37 15413.4 10445.8
1683840505 303.42 38.38 1375.39 8290.62
1683840516 306.22 38.37 1391.84 10095.9
1683840526 307.47 38.09 1367.38 11767
1683840536 305.91 38.1 1364.73 9184.88
1683840546 306.03 38.38 1396.3 7401.36
1683840556 307.31 38.11 1373.66 10352.8
1683840566 308.78 38.46 1372.32 11720.5
1683840576 308.97 38.46 1397.66 11017.9
1683840586 305.16 38.46 1395.91 7166.5
1683840596 309.65 38.18 1374.83 12549.9
1683840606 113.84 38.45 15502.1 8134.5
1683840616 306.26 38.46 1400.39 8321.88
1683840626 305.82 38.46 1366.99 9612.82
1683840636 307.69 38.46 1368.32 11367.5
1683840646 310.34 38.19 1347.76 12253.4
1683840656 307.6 38.52 1355.92 9644.27
1683840666 304.49 38.53 1400.39 6427.73
1683840676 305.86 38.24 1398.63 9596.49
1683840686 312.4 38.52 1400.39 12319.5
1683840696 305.64 38.25 1394.55 10398.4
1683840706 304 38.24 1400.39 7770.31
1683840716 219.92 38.52 15138.7 12868
1683840726 304.37 38.53 1365.66 9802.13
1683840736 303.76 38.53 1384.17 7719.31
1683840746 305.52 38.53 1361.7 8996.91
1683840756 306.82 38.53 1372.71 11186.7
1683840766 306.93 38.53 1375 11093.8
1683840776 309.08 38.53 1349.85 13242.1
1683840786 304.1 38.53 1397.27 7769.2
1683840796 303.78 38.53 1411.22 7152.8
1683840806 313.36 38.53 1372.71 13515.8
1683840816 133.5 38.57 14127.1 6931.29
1683840826 305.08 38.56 1372.71 9452.63
1683840836 312.09 38.57 1347.76 14513.1
1683840846 304.85 38.28 1394.94 5731.91
1683840856 307.8 38.29 1346.06 10379.4
1683840866 304.75 38.57 1390.88 8791.85
1683840876 308.58 38.57 1397.27 9375.83
1683840886 306.23 38.29 1368.32 11609.3
1683840896 310.97 38.63 1341.22 14524.5
1683840906 303.7 38.35 1397.27 5789.86
1683840916 305.84 38.64 1371.37 10451.8
1683840926 257.33 38.64 15063.8 10682.1
1683840936 303.13 38.64 1400.39 7423.44
1683840946 306.93 38.64 1397.27 10736.1
1683840956 307.2 38.65 1368.32 12545.4
1683840966 307.42 38.64 1356.84 8646.24
1683840976 304.66 38.64 1394.55 8948.64
1683840986 306 38.35 1388.19 8937.08
1683840996 307.91 38.64 1426.39 8514.96
1683841006 305.76 38.36 1375.39 11595.7
1683841016 307.71 38.63 1397.27 10644
1683841026 145.05 38.64 14529.5 10958.1
1683841036 303.52 38.64 1395.91 7213.63
1683841046 306.26 38.64 1375 10192.2
1683841056 308.55 38.35 1394.94 10602.3
1683841066 304.48 38.64 1395.91 8007.79
1683841076 304.08 38.64 1370.04 9643.97
1683841086 308.49 38.64 1349.07 13405.3
1683841096 306.93 38.36 1424 7367.02
1683841106 304.29 38.65 1372.32 11208.2
1683841116 308.68 38.64 1398.63 10371.9
1683841126 304.18 38.63 1392.23 8307.18
1683841136 220.6 38.64 15265.6 11532.8
1683841146 309.66 38.64 1373.1 11609.4
1683841156 306.73 38.63 1400 8152.73
1683841166 306.53 38.64 1396.3 8254.72
1683841176 306.49 38.36 1364.34 10592.6
1683841186 306.12 38.64 1366.05 11674.5
1683841196 305.35 38.35 1421.23 6132.04
1683841206 310.5 38.63 1343.83 14423.3
1683841216 302.24 38.36 1397.66 6990.25
1683841226 308.43 38.37 1389.15 8912.4
1683841236 311.41 38.64 1399.02 11973.9
1683841246 268.45 38.64 15679 7627.11
1683841256 306.23 38.63 1368.32 9672.69
1683841266 309.17 38.63 1349.46 15097.8
1683841276 304.78 38.35 1400 6015.62
1683841286 307 38.64 1369.65 11075.5
1683841296 305.96 38.64 1423.61 8529.56
1683841306 306.71 38.36 1371.37 10045.6
1683841316 304.78 38.64 1422.22 8730.99
1683841326 311.47 38.64 1342.92 14617.5
1683841336 303.31 38.36 1420.84 5674
1683841346 306.06 38.64 1372.71 10365.7
1683841356 250.44 38.64 16154.5 8103.8
1683841366 307.27 38.64 1363.02 10857.7
1683841376 306.06 38.63 1400.39 9688.28
1683841386 310.16 38.35 1375 11697.3
1683841396 307.04 38.63 1358.15 11512.4
1683841406 305.55 38.64 1397.27 6799.61
1683841416 304.93 38.64 1388.19 8896.81
1683841426 304.78 38.64 1423.61 9137.56
1683841436 308.29 38.36 1372.32 11836.6
1683841446 306.74 38.64 1399.02 9297.95
1683841456 307.9 38.36 1374.44 11090.7
1683841466 147.28 38.64 15979.3 7896.69
1683841476 308.02 38.64 1375 10482
1683841486 305.36 38.64 1371.37 9005.26
1683841496 306.33 38.63 1372.32 11022.6
1683841506 303.58 38.36 1364.34 9482.17
1683841516 310.71 38.63 1346.06 12747
1683841526 303.61 38.63 1370.98 7911.2
1683841536 305.95 38.36 1372.71 8895.52
1683841546 307.39 38.64 1369.65 11546.3
1683841556 305.02 38.36 1384.17 10440.9
1683841566 304.58 38.63 1394.55 6374.32
1683841576 254.68 38.62 15227.7 13119.1
1683841586 304.3 38.62 1423.61 5943.41
1683841596 309.76 38.64 1325 12430.9
1683841606 303.51 38.64 1399.02 7185.95
1683841616 308.4 38.36 1350 11829.3
1683841626 305.55 38.64 1396.3 7482.77
1683841636 309.57 38.36 1350.39 13748
1683841646 308.74 38.64 1418.47 9378.43
1683841656 301.93 38.64 1382.45 7173.77
1683841666 307.31 38.36 1371.37 9929.5
1683841676 247.81 38.64 14544.5 10541.8
1683841686 304.97 38.64 1397.27 8381.68
1683841696 309.65 38.64 1349.46 13082.1
1683841706 304.19 38.64 1423.61 5536.39
1683841716 309.27 38.36 1375.39 10602
1683841726 306.63 38.65 1397.27 10291.6
1683841736 304.77 38.35 1419.85 7817.12
1683841746 306.83 38.64 1373.66 11714
1683841756 308.46 38.36 1344.22 12612.2
1683841766 306.75 38.35 1425 5975.78
1683841776 307.19 38.63 1394.55 8452.53
1683841786 262.2 38.64 15944 9969.68
1683841796 308.37 38.63 1458.61 9404.87
1683841806 306.71 38.63 1374.54 9293.68
1683841816 308.34 38.35 1395.15 12523
1683841826 310.94 38.64 1375.8 11021.5
1683841836 306.02 38.63 1367.38 9234.95
1683841846 307.02 38.35 1372.32 10515.4
1683841856 305.36 38.64 1422.61 7870.96
1683841866 308 38.35 1372.32 9122.42
1683841876 307.6 38.35 1372.71 11332.9
1683841886 309.95 38.35 1350.39 10936.3
1683841896 226.04 38.63 16206.4 8128
1683841906 303.91 38.64 1372.32 7976.22
1683841916 305.65 38.64 1373.66 10574
1683841926 307.3 38.63 1371.37 9629.6
1683841936 304.95 38.36 1342.14 10805
1683841946 308 38.64 1374.05 10135.8
1683841956 304.07 38.36 1390.88 7821.92
1683841966 307.86 38.63 1392.23 12462.9
1683841976 310.98 38.63 1391.84 10361.9
1683841986 306.64 38.35 1400.39 10565.2
1683841996 306.05 38.63 1397.27 8253.8
1683842006 155.15 38.64 15869.6 12073.5
1683842016 303.04 38.64 1424 6087.02
1683842026 307.23 38.64 1400 10909.8
1683842036 307.4 38.36 1371.37 11232.7
1683842046 304.97 38.36 1420.84 6998.25
1683842056 307.65 38.65 1387.8 8858.86
1683842066 310.55 38.36 1351.32 13984.8
1683842076 303.51 38.63 1394.55 6160.31
1683842086 306.43 38.64 1394.94 10255.2
1683842096 308.3 38.63 1398.63 11944.6
1683842106 309.04 38.64 1368.32 11944.8
1683842117 123.46 38.64 15188.9 6923.85
1683842126 308.58 38.64 1323.2 14350.1
1683842136 300.49 38.64 1418.08 5407.19
1683842146 308.68 38.36 1399.02 10249
1683842156 306.83 38.64 1373.66 8789.85
1683842166 306.04 38.64 1370.98 9857.06
1683842176 309.87 38.64 1400.39 10525.8
1683842186 310.24 38.35 1347.37 13458.9
1683842196 305.74 38.64 1444.75 7214.79
1683842206 304.09 38.64 1419.46 7828.79
1683842216 306.06 38.36 1400.39 10431.2
1683842226 183.22 38.63 15238.2 8696.98
1683842236 306.13 38.64 1395.91 9247.91
1683842246 308.01 38.63 1324.1 13037.3
1683842257 306.39 38.63 1386.85 9353.19
1683842266 305.07 38.35 1396.3 7792.02
1683842277 305.92 38.63 1391.84 9906.41
1683842286 305.45 38.63 1371.37 10952.3
1683842297 304.18 38.35 1394.55 8519.46
1683842307 305.17 38.63 1371.37 8759.49
1683842317 302.34 38.34 1299.51 13157.9
1683842327 304.87 38.63 1397.27 8059.26
1683842337 132.36 38.64 15459.6 8903.31
1683842347 307.6 38.63 1370.98 9783.84
1683842357 308.88 38.64 1382.84 9485.05
1683842367 304.49 38.64 1395.91 9751.12
1683842377 311.42 38.36 1350.78 12471.9
1683842387 307.3 38.64 1395.91 9858.62
1683842397 303.57 38.36 1382.45 8656.89
1683842407 305.17 38.36 1372.71 10346.6
1683842417 303.9 38.64 1373.66 9169.56
1683842427 308.31 38.35 1375.39 11491.4
1683842437 307.59 38.63 1373.13 11852.6
1683842447 174.61 38.65 14686.8 4198.83
1683842457 292.5 38.63 332.62 1573.91
1683842467 166.93 38.55 185.99 120.23

Execution duration: 00:56:31.31
