1683871739 305.87 1.75 1639.8 4948.06
1683871749 306.64 2.23 1427.95 9448.56
1683871759 308.13 2.7 1398.02 10348.4
1683871769 309.01 3.08 1420.81 9469.18
1683871779 301.58 3.3 1366.27 13083.3
1683871789 307.23 3.4 1446.18 6562.93
1683871799 307.33 3.43 1421.21 9068.78
1683871809 308.42 4.23 1419.41 11639.2
1683871819 309.23 4.55 1421.21 9062.44
1683871829 171.01 5.01 15211.9 10309.4
1683871839 310.8 5.32 1370.07 13301.9
1683871849 305.44 5.35 1444.11 6106.43
1683871859 309.7 5.85 1444.75 10424.2
1683871869 308.64 6 1407.26 11250.6
1683871879 307.22 6.55 1418 7522.06
1683871889 309.79 6.7 1418 11549.4
1683871899 310.79 7 1394.46 12849.1
1683871909 303.36 7.37 1443.32 5739.27
1683871919 308.13 7.34 1445.54 9357.62
1683871929 148.57 7.99 14546.5 9062.58
1683871939 306.92 8.42 1367.76 9986.94
1683871949 303.93 8.88 1334.12 10866.5
1683871959 308.61 8.88 1317.51 14197.8
1683871969 303.54 9.01 1389.93 5396.25
1683871979 304.14 9.56 1390.32 7902.47
1683871989 304.23 9.77 1336.75 10793.7
1683871999 305.23 10.33 1392.68 8931.36
1683872009 308.21 10.89 1366.41 11138.7
1683872019 308.69 11.1 1345.46 14161.7
1683872029 303.64 11.37 1386.22 6172.83
1683872039 305.34 11.5 1350.35 8752.13
1683872049 303.17 11.91 16738.4 9924.58
1683872059 309.97 12.22 1415.2 9375.72
1683872069 310.55 12.72 1402.57 9453.5
1683872079 310.94 12.69 1414.2 13046.9
1683872089 306.27 13.13 1404.11 9009.99
1683872099 309.58 13.12 1414.2 9313.21
1683872109 310.16 13.47 1388.56 9059.17
1683872119 310.33 14.18 1386.22 8895.67
1683872129 309.06 14.2 1387.19 10714.1
1683872139 311.33 15 1388.95 10176.3
1683872149 310.93 15.09 1386.62 10706.3
1683872159 270.73 15.3 16565 7426.32
1683872169 312.9 15.64 1385.83 9385.04
1683872179 309.76 15.81 1388.56 9047.73
1683872189 308.56 16.59 1386.22 12365.4
1683872199 308.08 16.93 1412.41 8426.4
1683872209 307.67 16.79 1361.42 12161
1683872219 309.26 17.31 1437.64 9249.66
1683872229 308.23 17.57 1429.58 6362.78
1683872239 309.74 17.7 1409.64 11230.3
1683872249 311.33 18.49 1412.41 10899.7
1683872259 308.54 18.57 1408.64 10003.1
1683872269 207.09 19.16 16415 12129.1
1683872279 302.94 19.16 1408.64 6284.87
1683872289 305.6 19.31 1383.1 9895.09
1683872299 310.63 20.04 1387.58 10394.5
1683872309 307.76 20.05 1408.25 9245.97
1683872319 309.83 20.76 1410.03 9097.74
1683872329 310.57 20.75 1353.03 13939.7
1683872339 304.72 21.2 1408.25 7511.59
1683872349 306.39 21.63 1408.64 9607.07
1683872359 308.55 21.63 1383.1 8462.87
1683872369 309.63 22.35 1383.49 8972.1
1683872379 88.31 22.72 15909.6 11870.7
1683872389 309.6 23.01 17192.2 12363.6
1683872399 307.48 23.09 1434.81 5944.15
1683872409 307.16 23.11 1406.87 7879.49
1683872419 310.82 23.91 1384.85 10879.1
1683872429 307.04 24.19 1402.74 10435.6
1683872439 309.51 24.7 1405.88 10090.6
1683872449 311.57 24.92 1381.17 13764.3
1683872459 303.9 24.96 1424 5461.46
1683872469 310.08 25.3 1402.74 8892.37
1683872479 306.45 25.66 1375.39 10751.2
1683872489 307.75 25.72 1406.87 8966.44
1683872499 244.14 26.41 16511.5 8287.28
1683872509 311.33 26.79 1325.78 16421.1
1683872519 306.96 26.6 1406.87 7256.53
1683872529 306.25 27.14 1401.76 7436.56
1683872539 307.16 27.35 1379.04 9513.42
1683872549 305.58 27.84 1404.5 8650.34
1683872559 308.44 28.02 1383.1 10130.8
1683872569 310.76 28.65 1376.73 14525.9
1683872579 306.76 28.44 1403.13 8903.33
1683872589 304.01 28.94 1377.69 6273.19
1683872599 199.22 29.41 14637.3 11309.7
1683872609 308.22 29.86 1352.64 10665.4
1683872619 309.66 30 1400.39 9700
1683872629 307.56 30.66 1380.39 10570.2
1683872639 308.52 30.55 1403.52 10034.8
1683872650 305.95 31.09 1400 7175
1683872659 309.97 31.58 1401.37 10545.9
1683872670 302.74 31.82 1400 7579.69
1683872680 306.27 32.19 1402.74 10049.7
1683872690 307.3 32.44 1396.3 12006.6
1683872700 309.65 32.82 1373.1 10692
1683872710 156.65 33.11 15759 7372.66
1683872720 306.42 33.27 1395.91 9224.15
1683872730 307.61 33.75 1347.76 9645.22
1683872740 308.21 33.79 1375 9637.11
1683872750 306.54 34.49 1348.68 9544.98
1683872760 315.95 34.7 1403.52 13049.3
1683872770 302.54 34.47 1370.98 6345.86
1683872780 308.22 34.82 1403.13 10601.6
1683872790 309.95 35.46 1398.63 9267.9
1683872800 306.16 35.9 1376.73 10479.8
1683872810 307.44 36.26 1376.34 8949.36
1683872820 151.13 36.52 15395.9 13516.7
1683872830 305.46 36.65 1398.63 7035.32
1683872840 308.52 37.14 1376.34 11168.3
1683872850 304.69 37.09 1376.73 7262.95
1683872860 309.12 38 1380.39 10038.8
1683872870 305.67 38 1376.73 8528.25
1683872880 310.1 38.13 1342.14 14671.1
1683872890 305.27 37.83 1422.61 5816.76
1683872900 307.97 38.2 1369.65 12161.1
1683872910 308.91 38.21 1402.74 10870.1
1683872920 306.82 38.21 1397.66 7687.33
1683872930 282.58 37.92 1271.28 8080.62
1683872940 296.78 38.21 16529 14240.2
1683872950 305.45 38.21 1420.84 5454.72
1683872960 305.65 38.21 1371.37 9405.65
1683872970 309.33 37.92 1369.65 11279.4
1683872980 307.05 38.21 1409.86 8304.15
1683872990 307.62 38.24 1400.39 10068.8
1683873000 311.1 38.24 1371.37 13906.9
1683873010 307.8 38.25 1399.02 6854.24
1683873020 306.55 38.25 1405.78 7769.94
1683873030 307.99 38.24 1396.3 9815.38
1683873040 307.9 38.25 1373.66 10754.3
1683873050 172.76 38.26 16213.6 11276.6
1683873060 308.6 38.26 1320.34 11878.1
1683873070 305.85 38.26 1420.84 6084.52
1683873080 308.12 37.97 1403.13 10196.9
1683873090 311.22 38.26 1372.32 10950.1
1683873100 304.6 38.26 1397.7 5948.66
1683873110 306.69 38.25 1364.34 12680.6
1683873120 311.05 37.97 1401.37 9809.19
1683873130 311.41 38.26 1397.66 11578.2
1683873140 304.95 38.26 1391.84 7170.49
1683873150 309.46 38.26 1400.39 11131.2
1683873160 165.33 38.25 15493.8 10997.3
1683873170 306.73 38.26 1397.66 9382.85
1683873180 306.05 38.26 1375 8307.03
1683873190 311.19 37.97 1345.14 12660.3
1683873200 308.19 37.97 1397.27 7015.98
1683873210 305.52 38.4 1314.73 12260.5
1683873220 307.61 38.13 1400.39 8993.75
1683873230 307.98 38.12 1393.2 9308.45
1683873240 311.5 38.41 1374.05 11996.1
1683873250 308.68 38.12 1399.41 9685.07
1683873260 306.94 38.41 1399.02 8592.78
1683873270 108.37 38.42 15412.3 11656.9
1683873280 304.39 38.42 1348.68 9366.24
1683873290 306.72 38.42 1395.91 8434.66
1683873300 310.94 38.13 1375 11721.1
1683873310 310.82 38.12 1349.71 11152.4
1683873320 308.78 38.41 1425 6871.48
1683873330 307.89 38.12 1397.27 9464.33
1683873340 310.83 38.4 1398.63 11279.6
1683873350 308.57 38.39 1378.84 9896.15
1683873360 307.14 38.41 1405.78 8735.65
1683873370 310.18 38.41 1341.61 14033
1683873380 190.93 38.41 15034.3 5386.35
1683873390 306.52 38.41 1369.65 10365.4
1683873400 309.18 38.12 1375.39 10046.1
1683873410 306.05 38.42 1370.98 10014.4
1683873420 308.48 38.12 1349.07 11167.6
1683873430 308.71 38.41 1362.09 12583.4
1683873440 304.76 38.12 1393.59 6135.67
1683873450 308.3 38.4 1398.63 9639.41
1683873460 306.89 38.42 1366.99 8714.95
1683873470 309.95 38.18 1349.07 12068.3
1683873480 108.48 38.48 14214 8727.49
1683873490 310.57 38.48 1341.61 13775
1683873500 305.57 38.48 1398.63 5822.83
1683873510 308.88 38.2 1399.02 9332.29
1683873520 307.98 38.2 1321.13 11366.3
1683873530 307.21 38.48 1397.27 7758.28
1683873540 308.56 38.49 1370.04 9808.17
1683873550 309.44 38.19 1346.06 14480.6
1683873560 308.74 38.48 1417.48 8210.49
1683873570 307.8 38.48 1397.27 8215.59
1683873580 306.03 38.49 1394.94 9980.93
1683873590 243.97 38.5 15012.5 12381.7
1683873600 308.92 38.49 1376.2 6856.43
1683873610 310.06 38.18 1375 11234.8
1683873620 309.56 38.48 1374.05 11187.1
1683873630 306.25 38.19 1400.39 7401.56
1683873640 311.18 38.48 1394.55 11331.9
1683873650 307.08 38.21 1392.23 8973.2
1683873660 308.38 38.48 1395.91 11005.3
1683873670 308.28 38.19 1396.3 8644.99
1683873680 304.88 38.49 1348.15 12379
1683873690 127.75 38.49 14524.6 7884.71
1683873700 306.89 38.49 1366.05 9562.75
1683873710 308.88 38.49 1375 9169.92
1683873720 311.24 38.2 1401.76 10943.1
1683873730 306.42 38.49 1391.84 8333.2
1683873740 312.86 38.48 1372.71 13810.9
1683873750 304.2 38.49 1398.63 7269.07
1683873760 307.7 38.2 1370.98 8828.82
1683873770 309.21 38.5 1366.99 10751.1
1683873780 307.13 38.49 1400 8433.2
1683873790 307.2 38.48 1343.83 9958.41
1683873800 193.97 38.49 15096.5 12950.6
1683873810 305.66 38.49 1400.39 6242.58
1683873820 308.48 38.2 1373.66 10289.6
1683873830 306.03 38.2 1371.37 7776.05
1683873840 308.49 38.52 1372.32 13111.5
1683873850 307.03 38.51 1398.63 8386.73
1683873860 307.57 38.22 1318.95 13512.1
1683873870 302.43 38.51 1419.46 5539.3
1683873880 311.99 38.52 1399.02 11510.2
1683873890 302.96 38.5 1388.39 7313.8
1683873900 309.15 38.51 1396.3 9042.65
1683873910 234.26 38.51 15496.4 11721.1
1683873920 311.02 38.51 1349.07 13810.7
1683873930 306.74 38.22 1400.39 6745.31
1683873940 305.36 38.51 1370.98 9670.5
1683873950 305.63 38.26 1342.53 11285.8
1683873960 304.68 38.56 1422.22 6021.83
1683873970 308.19 38.28 1397.66 11501.8
1683873980 307.31 38.57 1370.98 10920.4
1683873990 308.05 38.28 1414.34 9742.64
1683874000 309.43 38.56 1394.55 9313.62
1683874010 305.95 38.28 1398.63 8297.76
1683874020 220.63 38.56 15898.7 10656.3
1683874030 306.63 38.56 1398.63 8686.83
1683874040 306.83 38.57 1423.61 8894.83
1683874050 311.71 38.27 1375 12398.8
1683874060 305.84 38.56 1393.59 8975.7
1683874070 305.26 38.57 1370.98 8676.53
1683874080 309.34 38.56 1370.04 11310.9
1683874090 304.47 38.56 1419.46 7601.17
1683874100 306.53 38.28 1395.91 9709.83
1683874110 311.58 38.58 1346.45 12880.6
1683874120 304.18 38.56 1394.55 6699.22
1683874130 130.57 38.57 15860.2 10106.2
1683874140 309.57 38.57 1375 11318.8
1683874150 305.06 38.28 1372.71 7472.51
1683874160 309.37 38.57 1372.32 11472.1
1683874170 308.96 38.28 1346.06 11411.9
1683874180 304.68 38.57 1397.66 5981.29
1683874190 310.74 38.57 1373.66 10894
1683874200 307.89 38.6 1371.37 11669.7
1683874210 304.59 38.62 1398.63 7434.15
1683874220 308.99 38.62 1374.05 10110.8
1683874230 311.53 38.61 1350.39 12832.4
1683874240 228.46 38.61 15122.4 6352.05
1683874250 307.77 38.62 1366.99 11321.2
1683874260 310.34 38.33 1398.63 9246.05
1683874270 305.34 38.62 1342.53 8370.49
1683874280 307.22 38.33 1348.68 10490.9
1683874290 310.21 38.62 1344.22 12887.1
1683874300 304.18 38.62 1394.55 6421.4
1683874310 306.8 38.62 1394.94 7742.8
1683874320 308.19 38.33 1397.27 10402.3
1683874330 308.55 38.62 1368.32 11096.6
1683874340 216.6 38.62 14387.5 9623.05
1683874350 306.04 38.62 1346.06 12576
1683874360 302.84 38.62 1374.05 5593.37
1683874370 306.92 38.33 1373.66 8647.02
1683874380 306.59 38.72 1389.54 10028.7
1683874390 306.92 38.72 1370.98 9819.28
1683874400 306.79 38.43 1367.38 8206.21
1683874410 312.14 38.72 1342.53 15156.9
1683874421 307.27 38.72 1407.37 9494.19
1683874431 305.34 38.72 1394.55 6656.81
1683874440 310.53 38.72 1348.68 9889.56
1683874450 210.71 38.73 15767.5 9709.06
1683874460 304.78 38.73 1374.83 8909.27
1683874471 307.39 38.73 1367.38 11421
1683874480 309.36 38.43 1374.05 10249
1683874491 306.52 38.44 1393.2 8333.14
1683874501 307.61 38.73 1397.66 8608.97
1683874511 303.97 38.44 1364.34 9209.3
1683874521 307.9 38.73 1372.71 8754.39
1683874531 309.08 38.44 1398.63 11580.5
1683874541 313.56 38.44 1348.54 11671.4
1683874551 305.93 38.73 1419.46 7194.94
1683874561 183.61 38.72 15795.2 9807.57
1683874571 309.56 38.73 1398.63 9973.07
1683874581 308.91 38.44 1364.34 11382.6
1683874591 306.93 38.73 1374.05 8643.12
1683874601 309.52 38.72 1368.32 11091.2
1683874611 307.89 38.72 1396.3 8056.48
1683874621 307.89 38.73 1394.55 9319.84
1683874631 307.79 38.44 1395.91 9640.9
1683874641 307.41 38.72 1395.91 11118.6
1683874651 305.96 38.44 1400 9892.97
1683874661 310.79 38.72 1342.92 10436.5
1683874671 96.22 38.73 15432.8 8376.29
1683874681 304.77 38.73 1396.3 8757.16
1683874691 306.62 38.73 1394.55 8461.87
1683874701 309.48 38.72 1375 11266.8
1683874711 307.33 38.43 1400 8622.27
1683874721 311.34 38.72 1340.31 13493.8
1683874731 306.15 38.72 1422.22 5471.35
1683874741 308.15 38.43 1340.83 8711.54
1683874751 310.04 38.8 1384.17 11035.5
1683874761 309.22 38.52 1366.99 11309.5
1683874771 303.6 38.81 1360.53 7645.16
1683874781 311.95 38.81 1343.83 14436.5
1683874791 275.68 38.81 16376.6 6016.8
1683874801 307.23 38.81 1375 8928.12
1683874811 306.93 38.8 1372.32 9856.14
1683874821 309.26 38.52 1372.32 9696.69
1683874831 308.17 38.81 1368.32 9104.37
1683874841 314.19 38.8 1367.38 14798.8
1683874851 306.61 38.51 1444.36 5505.45
1683874861 311.59 38.81 1396.3 11101.1
1683874871 304.1 38.81 1419.46 7047.47
1683874881 309.25 38.81 1347.76 11097.5
1683874891 121.53 38.8 14785.2 11857.8
1683874901 302.93 38.81 1397.27 9066.67
1683874911 311.18 38.81 1370.43 11238.9
1683874921 309.36 38.81 1348.68 10668.1
1683874931 304.97 38.8 1397.66 6667.45
1683874941 306.71 38.81 1394.55 10452.1
1683874951 308.66 38.81 1368.32 10237.1
1683874961 306.74 38.51 1400 9191.02
1683874971 311.02 38.8 1372.71 11406.6
1683874981 305.45 38.51 1370.04 8750.19
1683874991 308.39 38.81 1400 9445.7
1683875001 83.58 38.79 15116 8530.61
1683875011 305.26 38.81 16466.2 10283.2
1683875021 304.38 38.81 1368.71 8139.16
1683875031 311.91 38.8 1349.07 14134.2
1683875041 303.79 38.52 1391.84 6093.98
1683875051 309.55 38.81 1371.37 12167.1
1683875061 306.76 38.52 1385.12 8688.7
1683875071 305.07 38.81 1397.66 9070.18
1683875081 304.09 38.81 1368.32 9953.74
1683875091 309.46 38.52 1350.63 12645.1
1683875101 309.23 38.81 1393.2 9695.24
1683875111 128.29 38.81 14643.1 4966.63
1683875121 289.08 38.73 312.28 2527.1
1683875131 240.41 38.72 283.54 192.02

Execution duration: 00:56:44.44
