1683790861 307.15 1.74 1557.86 4964.61
1683790871 309.21 2.24 1426.93 10138.6
1683790881 308.03 2.68 1445.54 8353.27
1683790891 308.53 3.05 1420.81 9971.85
1683790901 305.36 3.29 1390.68 12750
1683790911 306.93 3.2 1444.75 6980.2
1683790921 308.02 3.52 1419.81 9714.46
1683790931 310.58 4.21 1392.68 10572.1
1683790941 310.49 4.44 1419.81 10336.2
1683790951 174.16 4.99 15257.4 8180.2
1683790961 310.77 5.19 1393.08 14391.7
1683790971 306.45 5.2 1445.54 6183.76
1683790981 309.41 5.65 1419.41 9508.51
1683790991 308.19 6.07 1414.2 12178.3
1683791001 307.53 6.46 1419.41 9307.33
1683791011 307.51 6.72 1418.4 7986.94
1683791021 311.59 6.8 1394.46 14808.7
1683791031 307.02 6.87 1443.72 5884.08
1683791041 308.49 7.37 1392.68 10481.1
1683791051 169.22 7.83 14741.8 8923.96
1683791061 308.22 8.25 1445.15 9596.04
1683791071 310.38 8.63 1416.6 10185
1683791082 308.57 9.02 1361.02 14952.8
1683791092 308.1 8.92 1416.6 6425.69
1683791102 306.9 9.38 1414.2 9268.64
1683791112 309.17 9.44 1413.81 7736.49
1683791122 310.92 9.94 1409.64 12955
1683791132 308.48 10.48 1462.86 7324.14
1683791142 311.74 10.95 1429.59 16615.8
1683791152 303.64 10.76 1433.79 5523.77
1683791162 185.4 11.23 16005.1 7162.48
1683791172 312.12 11.83 1387.58 13051.8
1683791182 310.35 12.04 1388.56 8073.77
1683791192 310.85 12.47 1390.32 9426.26
1683791202 315.09 12.85 1363.31 14575.1
1683791212 310.89 13.02 1382.54 7342.89
1683791222 310.46 12.9 1415.2 7398.62
1683791232 313.96 13.46 1384.46 12204.5
1683791242 313.38 14.05 1436.61 9107.48
1683791252 311.9 14.14 1411.02 9791.34
1683791262 312.31 14.89 1386.22 9007.48
1683791272 146.85 14.92 15778.7 11652.8
1683791282 303.23 15.03 1407.26 6325.42
1683791292 308.87 15.33 1360.63 13043.3
1683791302 308.57 15.96 1412.8 9756.45
1683791312 308.35 15.91 1408.25 7361.49
1683791322 308.76 16.63 1385.83 10574
1683791332 309.65 16.78 1387.58 11927.5
1683791342 307.69 16.6 1437.64 7073.89
1683791352 306.88 17.37 1408.64 10839.3
1683791362 309.06 17.55 1387.19 9230.34
1683791372 304.17 18.11 1415.71 8704.56
1683791382 307.78 18.11 1347.24 10081.5
1683791392 297.94 18.66 16995.3 13132.7
1683791402 306.38 18.73 1431.99 6916.19
1683791412 308.77 19.21 1411.02 10370.9
1683791422 308.95 19.64 1410.03 10521.5
1683791432 306.27 19.84 1404.11 6644.86
1683791442 313.48 20.1 1411.41 12060.6
1683791452 311.61 20.52 1410.03 12569.9
1683791462 308.36 20.66 1436.61 7279.53
1683791472 307.87 20.74 1409.64 9690.86
1683791482 306.07 21.3 1404.11 10043.9
1683791492 309.72 21.94 1408.64 10842.4
1683791502 198.34 22.22 16564.9 9133.4
1683791512 309.23 22.58 1358.35 12558.4
1683791522 307.76 22.86 1408.25 7426.33
1683791532 308.15 23.03 1407.26 7905.79
1683791542 308.66 23.32 1385.83 10882.3
1683791552 305.84 23.81 1394.94 8089.49
1683791562 307.54 24.2 1402.74 9165.56
1683791572 312.39 24.56 1383.49 15413.8
1683791582 304.89 24.65 1426.78 5863.15
1683791592 309.53 24.61 1408.25 7923.77
1683791602 309.3 25.02 1404.5 10622.5
1683791612 133.27 25.72 15881.8 10168
1683791622 307.22 26.09 1375.39 10060.5
1683791632 313.53 26.16 1380.78 14343.1
1683791642 304.6 26.62 1404.5 6199.8
1683791652 306.47 26.58 1377.69 7778.08
1683791662 306.56 27.25 1379.04 10182.6
1683791672 304.89 27.4 1401.76 10054
1683791682 306.76 28.02 1404.11 8762.78
1683791692 310.67 28.36 1379.43 15615.7
1683791702 307.21 28.46 1396.3 7324.25
1683791712 91.92 28.86 13924.8 9407.02
1683791722 307.05 29.03 1452.84 7834.44
1683791732 307.15 29.49 1353.97 9673.65
1683791742 307.8 29.89 1374.05 10835.1
1683791752 305.29 30.25 1379.04 8268.76
1683791762 310.49 30.48 1381.17 11972.5
1683791772 302.06 30.25 1402.74 6794.52
1683791782 309.13 30.95 1405.88 9206.27
1683791792 308.22 31.24 1402.74 9971.82
1683791802 308.6 31.8 1376.73 12253
1683791812 308.61 32.11 1427.79 9678.67
1683791822 300.6 32.04 1349.46 10553.4
1683791832 255.59 32.49 16416 7407.83
1683791842 306.55 32.91 1376.34 10703.4
1683791852 307.32 33.38 1399.02 9187.12
1683791862 307.3 33.66 1370.98 10391
1683791872 308.89 33.83 1376.73 9236.75
1683791882 308.83 34.22 1367.38 12684.7
1683791892 306.25 34.41 1398.63 6754.34
1683791902 311.21 34.8 1397.27 10841.3
1683791912 309.96 34.87 1400 7589.45
1683791922 305.28 35.33 1351.71 9944.87
1683791932 307.05 35.86 1377.69 9991.78
1683791942 261.97 36.11 16070.8 14460.6
1683791952 306.45 36.4 1376.34 7379.86
1683791962 305.76 36.55 1399.02 8450.73
1683791972 308.09 37.11 1373.66 10771.5
1683791982 308.26 37.46 1369.65 10693.4
1683791992 307.2 37.85 1394.94 7791.44
1683792002 309.48 37.88 1336.94 13736.2
1683792012 304.88 38.16 1424 6227.51
1683792022 307.7 38.15 1372.32 8417.54
1683792032 308.98 37.9 1399.02 9850.54
1683792042 309.51 38.17 1365.66 10116.8
1683792052 199.6 38.17 16019.9 9388.88
1683792062 311.56 38.17 1369.1 14468.4
1683792072 306.31 38.16 1393.2 7313.12
1683792082 307.26 38.17 1363.41 7857.89
1683792092 307.96 38.17 1366.99 10291.3
1683792102 309.36 38.18 1411.51 8759.41
1683792112 307.5 38 1395.91 9584.42
1683792122 311.29 38.27 1345.53 14856.4
1683792132 306.64 38.27 1423.61 5755.71
1683792142 308.49 38 1373.66 11166.8
1683792152 307.31 38.27 1396.3 8052.19
1683792162 308.68 38 1375.22 10331.7
1683792172 295.82 38.27 17002.3 7634.95
1683792182 308.96 38.28 1346.06 13861
1683792192 305.75 38 1398.05 8819.49
1683792202 305.84 38.26 1369.65 7985.99
1683792212 306.24 38.27 1372.32 9980.51
1683792222 309.65 38.27 1372.71 9576.61
1683792232 307.89 38.16 1369.65 11807
1683792242 302.43 38.43 1392.23 7948.35
1683792252 310.74 38.43 1373.66 12249
1683792262 307.31 38.18 1397.27 9737.62
1683792272 305.54 38.43 1394.55 7125.68
1683792282 290.77 38.45 16189.7 12645.7
1683792292 304.39 38.45 1393.2 6368.12
1683792302 305.55 38.18 1370.98 12435.8
1683792312 309.95 38.45 1347.76 11857.7
1683792322 305.54 38.45 1394.55 8530.35
1683792332 305.36 38.45 1372.71 7208.58
1683792342 307.02 38.18 1397.27 10370.4
1683792352 308.46 38.46 1368.71 11510.6
1683792362 307.52 38.45 1375 11059.8
1683792372 295.73 38.18 1318.56 10382.1
1683792382 302.82 38.45 1394.94 7487.16
1683792392 211.39 38.46 16085.3 8378.58
1683792402 307.92 38.46 1375.39 10614.8
1683792412 304.58 38.46 1373.66 8636.88
1683792422 310.05 38.46 1373.66 12937.8
1683792433 310.12 38.18 1370.04 11271.6
1683792443 303.79 38.46 1418.47 5661.81
1683792452 309.18 38.19 1400 9725.78
1683792463 309.07 38.46 1347.37 13909.2
1683792473 304.87 38.18 1421.23 5734.37
1683792483 309.9 38.19 1366.99 12071.1
1683792492 101.66 38.45 14424.6 12019.9
1683792503 307.03 38.46 1400 5983.2
1683792513 309.94 38.45 1346.45 11838.8
1683792523 305.67 38.46 1377.14 7892.8
1683792533 303.11 38.18 1346.06 9953.26
1683792543 306.71 38.46 1370.04 8814.79
1683792553 310.41 38.46 1346.84 13992.2
1683792563 306.53 38.19 1425.39 6938.67
1683792573 307 38.46 1369.65 9421.01
1683792583 307.66 38.46 1390.88 8651.41
1683792593 307.9 38.18 1372.32 9887.72
1683792603 228.23 38.46 14923.5 10167.1
1683792613 313.36 38.46 1347.76 13914.6
1683792623 304.2 38.46 1397.27 6005.07
1683792633 306.91 38.46 1394.94 8480.16
1683792643 307.31 38.19 1348.68 9166.44
1683792653 307.89 38.45 1370.98 12729.9
1683792663 307.82 38.19 1425 6746.09
1683792673 310.03 38.46 1370.04 11319.5
1683792683 307.94 38.46 1386.85 11323
1683792693 306.7 38.18 1393.59 8681.83
1683792703 149.13 38.45 14407.8 9193.79
1683792713 307.02 38.45 1348.68 12005.9
1683792723 306.63 38.46 1374.05 9278.44
1683792733 305.56 38.45 1397.27 9043.27
1683792743 309.96 38.46 1349.07 12010.5
1683792753 305.17 38.46 1397.27 7648.73
1683792763 306.92 38.19 1372.32 11531.8
1683792773 304.97 38.19 1395.91 8256.67
1683792783 303.2 38.46 1387.8 7390.9
1683792793 307.59 38.33 1346.45 13820.1
1683792803 307.7 38.6 1370.98 10632.1
1683792813 230.76 38.61 15217.6 7101.17
1683792823 307.59 38.6 1393.2 9641.59
1683792833 309.93 38.33 1372.71 10209.4
1683792843 306.53 38.6 1397.27 9153.22
1683792853 307.43 38.6 1400 9141.02
1683792863 310 38.6 1341.61 13360.6
1683792873 306.03 38.33 1393.2 7760.54
1683792883 308.88 38.59 1400.39 10367.2
1683792893 305.94 38.33 1420.84 7426.68
1683792903 308.94 38.36 1343.83 12631.7
1683792913 82.59 38.54 14340 8051.07
1683792923 308.17 38.62 15769.7 12510.9
1683792933 305.94 38.62 1394.94 5270.04
1683792943 309.27 38.62 1348.68 11365.5
1683792953 307.2 38.61 1370.04 8531.52
1683792963 308.37 38.62 1369.65 11150.2
1683792973 306.22 38.35 1368.71 8903.79
1683792983 312.66 38.35 1359.3 13207.8
1683792993 303.8 38.62 1435.09 5830.02
1683793003 308.41 38.35 1361.7 11158.2
1683793013 305.17 38.62 1397.27 7113.45
1683793023 125.57 38.62 14865.2 12100.3
1683793033 304.49 38.62 1397.27 6305.65
1683793043 313.05 38.62 1346.84 15626.5
1683793053 304.57 38.61 1419.46 7050.58
1683793063 307.51 38.35 1372.71 7772.32
1683793073 306.72 38.62 1395.91 9006.43
1683793083 309.08 38.38 1375 12458.2
1683793093 305.26 38.38 1397.66 8948.54
1683793103 310.71 38.64 1357.76 13399.8
1683793113 307.75 38.64 1388.57 9113.65
1683793123 309.02 38.65 1365.66 9383.9
1683793133 94.93 38.65 15166.1 8088.11
1683793143 304.87 38.65 1370.98 8463.49
1683793153 306.54 38.65 1372.71 10503.7
1683793163 310.72 38.65 1348.68 11759.2
1683793173 310.14 38.65 1358.15 9897.01
1683793183 308.2 38.65 1397.27 7454.58
1683793193 307.3 38.65 1393.2 10836.9
1683793203 306.63 38.65 1349.07 8812.88
1683793213 307.51 38.65 1395.91 9625.32
1683793223 307.61 38.65 1399.02 8536.59
1683793233 311.06 38.38 1342.14 13113
1683793243 307.98 38.38 1369.65 9902.72
1683793253 198.54 38.64 16294.6 6802.73
1683793263 306.01 38.65 1340.83 11315.2
1683793273 305.44 38.65 1370.04 8552.14
1683793283 306.52 38.65 1369.65 7973.54
1683793293 308.87 38.38 1323.2 13918.1
1683793303 306.13 38.65 1397.27 6733.72
1683793313 309.61 38.38 1365.66 11245.4
1683793323 310.12 38.65 1369.65 10804.3
1683793333 308.39 38.65 1372.32 9828.85
1683793343 306.3 38.48 1392.23 9519.61
1683793353 90.77 38.68 0.39 12342.1
1683793363 300.69 38.75 15501.3 7132.75
1683793373 307.71 38.76 1379.79 10513.6
1683793383 307.58 38.76 1368.71 10366.6
1683793393 303.8 38.76 1372.32 7881.87
1683793403 305.44 38.76 1366.99 8746.02
1683793413 311.9 38.76 1349.85 13671
1683793423 304.58 38.48 1422.22 6330.6
1683793433 311.37 38.75 1394.94 11807.8
1683793443 307.03 38.48 1425 7717.97
1683793453 305.47 38.76 1337.5 9875.39
1683793463 302.33 38.75 14854.1 8794.55
1683793473 311.49 38.74 1322.3 14213.8
1683793483 304.49 38.48 1370.98 6685.49
1683793493 308.59 38.74 1373.66 8005.07
1683793503 307.82 38.75 1359.07 10805.4
1683793513 305.76 38.75 1372.32 8576.61
1683793523 309.85 38.48 1399.02 9361.56
1683793533 314.6 38.75 1345.53 14326.1
1683793543 303.7 38.75 1396.3 5692.31
1683793553 308.38 38.48 1347.37 11641.7
1683793563 305.46 38.75 1395.91 7748
1683793573 287.73 38.75 16138.3 9562.61
1683793583 307.58 38.75 1397.09 9347.33
1683793593 311.68 38.47 1371.76 12989.7
1683793603 304.46 38.75 1363.79 7176.38
1683793613 307.32 38.75 1399.02 9313.56
1683793623 304.76 38.48 1368.32 10007.8
1683793633 307 38.49 1369.65 10055.6
1683793643 306.52 38.76 1419.85 8869.26
1683793653 306.81 38.49 1419.46 8677.43
1683793663 309.83 38.76 1370.43 11357.6
1683793673 307.32 38.48 1423.61 7926.24
1683793683 264.24 38.76 16277.1 9664.34
1683793693 307.9 38.49 1372.32 9869.4
1683793703 309.56 38.49 1399.02 9619.12
1683793713 309.28 38.76 1360.39 10333.1
1683793723 309.07 38.76 1348.54 10888.9
1683793733 304.86 38.76 1391.27 9511.93
1683793743 309.18 38.76 1400 10086.7
1683793753 303.31 38.76 1419.85 7084.82
1683793763 308.96 38.74 1370.98 11275.2
1683793773 306.54 38.48 1399.02 8147.51
1683793783 308.48 38.76 1346.84 12572.5
1683793793 186.25 38.74 16183 7141.07
1683793803 308.68 38.75 1348.68 13082.1
1683793813 307.66 38.75 1371.87 7790.62
1683793823 306.72 38.75 1396.3 8380.92
1683793833 304.77 38.48 1370.98 9301.27
1683793843 313.34 38.75 1346.84 14303.4
1683793853 305.35 38.47 1416.7 6927.38
1683793863 307.54 38.75 1386.85 8549.71
1683793873 311.91 38.76 1399.02 13026.3
1683793883 305.07 38.49 1397.27 7794.93
1683793893 308.27 38.49 1393.59 10309.4
1683793903 170.75 38.76 15595.7 12536.8
1683793913 304.67 38.76 1421.23 5825.51
1683793923 307.61 38.76 1397.27 9284.6
1683793933 307.58 38.76 1370.04 8911.67
1683793943 309.18 38.76 1350 11048
1683793953 308 38.76 1400 8375.78
1683793963 312.93 38.49 1345.92 14671.2
1683793973 303.5 38.76 1394.55 6901.56
1683793983 302.62 38.76 1414.34 7398.84
1683793993 310.24 38.76 1372.32 11398.4
1683794003 307.29 38.49 1392.23 8886.21
1683794014 219.03 38.75 15177 7832.5
1683794023 310.24 38.76 1322.42 15417.9
1683794033 306.01 38.49 1388.19 7026.52
1683794043 309.25 38.76 1370.98 9180.53
1683794053 307.59 38.49 1368.71 11116
1683794063 307.4 38.77 1393.2 9003.69
1683794073 305.94 38.49 1422.61 7846.78
1683794083 309.67 38.76 1400 9841.8
1683794093 309.19 38.75 1375.78 11178.1
1683794103 306.89 38.49 1391.84 7769.32
1683794113 311.23 38.75 1375 12644.1
1683794123 172.61 38.76 15683.8 8925.54
1683794133 307.98 38.76 1393.2 9263.75
1683794143 307.22 38.76 1348.68 9152.39
1683794153 311.7 38.76 1347.37 11685
1683794163 305.36 38.49 1422.61 6582.46
1683794173 309.52 38.76 1391.84 9990.68
1683794183 308 38.49 1398.63 10838.2
1683794193 308.39 38.75 1422.61 8966.86
1683794203 308.27 38.76 1419.46 8477.04
1683794213 312.8 38.76 1365.62 14749.6
1683794224 303.79 38.49 1416.7 6424.08
1683794233 226.86 38.77 14746.7 5263.04
1683794244 293.4 38.74 309.9 2324.66
1683794254 109.88 38.67 137.08 88.67

Execution duration: 00:56:39.39
