1683878977 281.49 2.71 5771.54 14346.3
1683878987 295.15 3.64 5678.02 20229.7
1683878997 300.3 4.23 5670.96 22258.1
1683879007 273.91 5.29 5155.96 20129.8
1683879017 299.31 5.94 5561.9 22627.4
1683879027 286.62 6.71 5329.63 23504.9
1683879037 291 6.98 5672.41 18294.4
1683879047 300.59 7.86 5657.88 22434.1
1683879057 300.69 8.84 5678.02 19114.9
1683879067 302.17 9.39 5515.02 23940.3
1683879077 275.53 10.45 5100.1 20000.4
1683879087 309.9 11.17 5507.82 26576.1
1683879097 293.97 11.46 5684.67 16717.7
1683879107 304.65 11.89 5723.05 19767
1683879117 298.43 13.06 5531.1 21155.1
1683879127 302.37 13.73 5477.08 23205.9
1683879137 294.97 14.72 5567.25 20341.6
1683879147 306.51 15.28 5529.38 25392.5
1683879157 246.07 15.63 4548.42 16600.4
1683879167 296.17 16.62 5570.53 19797.2
1683879177 299.6 17.04 5585.39 20217.6
1683879187 299.41 18.24 5630.37 21770.8
1683879197 274.18 18.76 5133 19113.3
1683879207 299.81 19.85 5516.76 21776.7
1683879217 300.59 20.15 5605.91 21125.4
1683879227 300.49 21.16 5491.51 19146
1683879237 299.9 21.68 5549.16 21101.1
1683879247 304.62 22.91 5525.66 24613.6
1683879257 296.55 23.37 5561.77 18973.4
1683879267 289.96 24.37 5261.41 20196.5
1683879277 301.77 24.6 5463.13 23312.9
1683879287 298.52 25.2 5568.89 20171.3
1683879297 298.72 26.22 5595.67 20091.9
1683879307 305.41 26.68 5406.68 20146.6
1683879317 298.42 27.57 5397.83 20830
1683879327 292.93 28.64 5193.32 21380.8
1683879337 305.33 29.11 5441.02 22828
1683879347 301.17 29.53 5523.68 19825.8
1683879357 289.3 30.2 5351.52 18578.2
1683879367 303.14 31.45 5301.27 22506
1683879377 291.56 32.16 5376.14 18137.3
1683879387 296.27 32.54 5457.36 20885.7
1683879397 286.63 33.65 4972.27 27549.7
1683879407 282.58 33.53 5468.11 12321.3
1683879417 303.73 34.53 5338.96 24643
1683879427 296.87 35.15 5571.76 18254.9
1683879437 296.77 36.53 5253.28 23531.8
1683879447 295.1 37 5486.1 19629.8
1683879457 302.94 38.09 5491.48 22994.7
1683879467 274.9 38.51 5001.56 19355.5
1683879477 294.81 38.24 5466.4 20143
1683879487 297.36 38.56 5611.35 20602.7
1683879497 300.1 38.52 5486.1 24718.6
1683879507 283.43 38.84 5314.62 17416.8
1683879517 306.56 38.58 5348.34 26617.6
1683879527 298.05 38.89 5478.94 19199.2
1683879537 298.83 38.91 5457.56 21689.8
1683879547 291.98 38.62 5586.3 18830.1
1683879557 303.43 38.6 5409.02 20304.3
1683879567 301.47 38.91 5484.31 19713.3
1683879577 283.97 38.88 4980.25 23357.6
1683879587 302.64 39.16 5475.39 21599.2
1683879598 293.84 38.88 5475.39 18085.9
1683879608 299.9 39.11 5448.53 22185.5
1683879618 293.93 38.85 5398.43 20256.8
1683879628 298.17 38.87 5519.53 17960.3
1683879638 302.64 39.17 5423.48 24881
1683879648 268.49 38.87 4846.97 20668.1
1683879658 291.59 39.19 5568.33 16777.7
1683879668 300.39 38.85 5473.58 21398.8
1683879678 293.76 39.17 5382.63 21127.4
1683879688 300.39 38.87 5536.2 19338.9
1683879698 302.85 39.09 5466.4 20349.1
1683879708 280.16 39.14 4742.91 27436.6
1683879718 297.64 38.84 5606.69 15753.2
1683879728 299.33 39.19 5346.13 22578.7
1683879738 295.1 39.15 5534.51 16940.4
1683879748 277.26 38.92 5032.98 20259.9
1683879758 301.08 38.91 5437.89 19898
1683879768 299.51 38.92 5423.48 22741.3
1683879778 275.94 39.19 4835.22 22345.6
1683879788 301.37 38.9 5516.55 17746.9
1683879798 299.81 39.19 5507.37 20662.8
1683879808 303.14 38.92 5503.62 21926.7
1683879818 278.24 39.14 5045.46 21320.2
1683879828 300.48 38.94 5487.89 21044.1
1683879838 295.89 38.94 5406.45 21785.7
1683879848 299.23 39.22 5388.56 19687.3
1683879858 301.86 39.2 5407.61 22190.8
1683879868 298.14 39.21 5486.1 19375.7
1683879878 298.05 38.87 5423.48 19454.4
1683879888 273.51 38.9 4873.61 21126.8
1683879898 303.99 38.92 5314.62 24284.2
1683879908 291.48 39.2 5554.16 16572.8
1683879918 301.04 38.93 5366.16 20142.6
1683879928 300.59 39.21 5523.68 20156.5
1683879938 299.22 38.92 5507.51 21396.7
1683879948 304.77 39.1 5471.86 23755.4
1683879958 274.42 39.32 4782.36 23576.5
1683879968 296.67 39.09 5578.84 16828.6
1683879978 304.3 39.38 5462.89 23397.3
1683879988 298.83 39.05 5498.15 19509
1683879998 286.88 39.1 5178.06 22077.2
1683880008 296.91 39.35 5521.47 17960.2
1683880018 304.4 39.11 5385.52 24931.1
1683880028 288.89 39.09 5117.35 22387.5
1683880038 296.3 39.39 5507.51 16905.4
1683880048 303.14 39.09 5443.68 21483.6
1683880058 306.45 39.41 5467.84 23240.7
1683880068 290.61 39.13 5353.34 17237.2
1683880078 294.15 39.43 5262.5 23529.7
1683880088 297.66 39.09 5271.02 22057
1683880098 301.96 39.15 5455.72 20585.7
1683880108 303.92 39.4 5521.96 21248.2
1683880118 300.78 39.14 5437.89 22969.9
1683880128 297.57 39.43 5552.05 17860.8
1683880138 261.55 39.15 4684.54 22179.6
1683880148 299.72 39.34 5228.38 22102
1683880158 301.27 39.13 5562.5 20337.5
1683880168 302.45 39.39 5468.23 21535.1
1683880178 283.24 39.12 5252.63 16954.4
1683880188 302.44 39.36 5496.79 21115.1
1683880198 300 39.43 5525.39 19034.4
1683880208 279.67 39.13 4796.12 25071.4
1683880218 298.26 39.42 5525.12 18546.7
1683880228 299.02 39.15 5495.02 19662
1683880238 293.65 39.16 5155.42 24645.5
1683880248 296.89 39.4 5534.18 18596.3
1683880258 299.61 39.11 5518.28 18541.5
1683880268 307.9 39.4 5269.46 26652.5
1683880278 257.63 39.4 4739.75 15848.4
1683880288 300.69 39.1 5423.48 20600.4
1683880298 297.79 39.42 5440.38 19736.5
1683880308 296.18 39.12 5385.91 19564
1683880318 304.31 39.12 5459.21 23879.6
1683880328 301.47 39.43 5498.24 19553.8
1683880338 273.89 39.09 4763.64 22247.6
1683880348 295.01 39.43 5648.92 19805.1
1683880358 301.27 39.15 5586.3 19745.2
1683880368 294.62 39.37 5303.43 19713.6
1683880378 299.71 39.22 5461.06 21243
1683880388 302.64 39.26 5417.79 20561.1
1683880398 305.64 39.53 5086.49 27152.2
1683880408 298.15 39.24 5618.38 16100.9
1683880418 299.71 39.66 5330.6 21763
1683880428 302.14 39.31 5411.47 23479.5
1683880438 299.02 39.4 5572.15 19144.3
1683880448 300 39.65 5536.2 21837.6
1683880458 273.96 39.38 4818.97 21276.7
1683880468 56.35 39.04 789861 8706.64

Execution duration: 00:24:58.58
