1683794306 304.67 1.74 1497.82 4985.29
1683794316 306.94 1.95 1422.22 9849.21
1683794326 307.53 2.68 1422.4 10144.3
1683794336 307.15 3.09 1420.81 10767.9
1683794346 310.08 3.36 1436.6 13165.2
1683794356 304.56 3.19 1444.75 7198.81
1683794366 309.9 3.93 1445.15 10773.9
1683794376 306.63 4.17 1445.15 7832.87
1683794386 310.71 4.67 1396.63 10267.6
1683794396 185.25 4.93 15377.8 8763.17
1683794406 309.88 5.14 1393.47 14945.2
1683794416 304.85 4.99 1420.2 6722.77
1683794426 308.3 5.71 1418 11334.5
1683794436 308.21 6.23 1418.4 10929.4
1683794446 306.64 6.49 1444.75 7921.98
1683794456 305.84 6.94 1419.81 10169.9
1683794466 310.47 6.93 1390.32 12808.3
1683794476 307.52 7.12 1418.4 7271.61
1683794486 305.34 7.64 1416.6 7730.43
1683794496 172.82 8.05 14712.6 11140.7
1683794506 306.92 8.33 1418 7383.98
1683794516 308.31 8.83 1391.3 11895.6
1683794526 311.87 9.17 1368.15 14591.1
1683794536 305.74 9.02 1416.6 5583.4
1683794546 307.99 9.54 1415.59 8714.71
1683794556 308.01 9.92 1416.6 9190.91
1683794566 310.46 10.23 1414.2 12619.3
1683794576 308.29 10.95 1412.41 10884.3
1683794586 310.26 10.9 1445.76 12983.4
1683794596 304.05 11.19 1415.59 6252.32
1683794606 174.76 11.65 15964.1 8206.7
1683794616 308.58 12.07 1414.2 10124.6
1683794626 308.38 12.46 1412.41 10228.6
1683794636 307.3 12.91 1438.03 9474.68
1683794646 316.14 12.95 1385.83 15148.8
1683794656 305.41 13.4 1433.79 5562.67
1683794666 310.56 13.61 1439.05 7394.08
1683794676 308.94 13.66 1408.64 10271.9
1683794687 309.89 14.42 1404.11 12227.2
1683794697 305.39 14.69 1404.11 8783.94
1683794706 307.08 14.88 1411.41 10315
1683794716 177.04 15.22 15996.9 11937.3
1683794726 303.64 15.38 1410.03 7705.8
1683794737 308.74 15.83 1408.25 9229.47
1683794746 306.68 16.16 1384.85 10099.5
1683794756 309.05 16.72 1385.83 11569.7
1683794766 305.13 17.02 1414.2 8044.18
1683794777 309.73 17.09 1410.43 11697.5
1683794786 307.98 17.67 1437.64 8489.85
1683794797 308.25 18.09 1407.26 9788.81
1683794807 310.79 18.37 1457.11 9768.01
1683794817 310.04 18.5 1436.61 9051.57
1683794827 124.79 19.25 15858.6 10889.7
1683794837 307.64 19.42 1385.51 11264.5
1683794847 306.47 19.58 1405.49 8347.06
1683794857 309.62 20.04 1408.25 9801.18
1683794867 309.04 19.97 1408.64 8562.67
1683794877 308.37 20.72 1384.46 10763
1683794887 306.96 21.13 1405.88 9041.96
1683794897 309.64 21.1 1384.46 13557.9
1683794907 305.41 21.51 1433.79 7033.79
1683794917 309.32 21.81 1406.87 9810.01
1683794927 305.11 21.88 1408.64 7924.17
1683794937 306.88 22.36 1408.25 10907.7
1683794947 248.09 23.13 16873.8 12260.6
1683794957 308.94 23.39 1382.93 11022.6
1683794967 295.22 23.57 1376.34 7235.19
1683794977 308.45 23.99 1383.49 10947.4
1683794987 305.01 23.95 1406.87 8023.16
1683794997 308.46 24.59 1410.03 9666.47
1683795007 304.23 24.77 1409.64 10187.2
1683795017 311.28 25.26 1355.68 15328.2
1683795027 306.08 25.26 1454.26 5953.38
1683795037 308.64 25.43 1406.87 10346.6
1683795047 306.56 25.72 1430.98 8825.1
1683795057 187.75 26.4 16217.6 9706.27
1683795067 309.52 26.85 1380.78 11074.9
1683795077 306.56 26.89 1327.59 13293.1
1683795087 305.76 27.4 1400.39 6226.56
1683795097 304.1 27.59 1376.34 8404.3
1683795107 309.2 28.1 1378.08 10547.2
1683795117 307.62 28.35 1398.63 9044.68
1683795127 306.05 28.52 1400 8451.95
1683795137 310.09 29.11 1353.81 16321.7
1683795147 306.26 29.01 1427.79 5664.97
1683795157 138.5 29.45 14318.9 7279.14
1683795167 307.44 29.99 1377.69 11700.6
1683795177 304.68 30.37 1375 9944.53
1683795187 304.9 30.82 1377.69 9165.95
1683795197 310.56 30.75 1402.74 10216
1683795207 309.33 31.3 1392.23 10490.1
1683795217 304.79 31.1 1400 7624.61
1683795227 308.14 31.85 1403.13 10374.6
1683795237 304.71 32.18 1377.69 9792.95
1683795247 307.84 32.44 1405.88 9653.73
1683795257 306.94 32.95 1410.36 8957.18
1683795267 101.65 33.21 15369 11354.5
1683795277 307.89 33.6 1395.91 8562.8
1683795287 306.25 33.8 1398.63 9050.54
1683795297 308.82 34.18 1404.5 10439.6
1683795307 304.88 34.32 1375 8467.97
1683795317 308.68 35.05 1397.66 10978.6
1683795327 309.44 35.17 1369.65 11839.7
1683795337 306.14 35.1 1424 7491.9
1683795347 307.72 35.82 1400 10241.8
1683795357 306.15 36.14 1424 10194.3
1683795367 304.27 36.38 1369.65 8889.49
1683795377 105.97 36.9 15169.1 8993.16
1683795387 308.69 37.12 1350.78 13664.8
1683795397 304.68 37.13 1372.32 5849.51
1683795407 307.03 37.67 1372.71 12087.7
1683795417 307.21 37.78 1370.98 10252
1683795427 308.89 38.05 1375.39 10209.4
1683795437 303.8 38.07 1420.84 7557.16
1683795447 306.63 37.81 1372.71 12588.3
1683795457 303.01 38.07 1417.09 5823.69
1683795467 307.1 37.8 1369.65 9666.93
1683795477 309.56 37.82 1372.71 11546.6
1683795487 308.48 38.11 1420.84 7667.77
1683795497 274.13 38.12 16231.9 11563.5
1683795507 306.85 38.21 1359.07 11953.3
1683795517 305.46 38.21 1421.23 7546.25
1683795527 307.32 38.21 1372.32 9487.72
1683795537 305.45 38.21 1395.91 9071.86
1683795547 309.45 37.94 1397.66 10357.5
1683795557 305.65 37.97 1397.27 9140.35
1683795567 304.4 38.25 1325.27 13653.5
1683795577 301.94 37.98 1444.36 5867.32
1683795587 308.36 37.98 1394.94 9214.79
1683795597 307.61 38.25 1398.63 9432.59
1683795607 157.3 38.33 16145 10888.9
1683795617 302.23 38.39 1370.04 7659.14
1683795627 311.31 38.4 1322.81 15354.4
1683795637 305.45 38.4 1394.55 5500
1683795647 305.73 38.18 1318.56 12215
1683795657 305.84 38.45 1418.47 6423.32
1683795667 307.8 38.18 1398.63 9940.29
1683795677 307.98 38.45 1419.85 9490.27
1683795687 309.71 38.45 1391.84 10069.5
1683795697 310.28 38.18 1366.44 12541.2
1683795707 308.27 38.45 1394.94 7572.37
1683795717 137.98 38.45 15298.9 10251.6
1683795727 305.65 38.46 1371.37 10507.1
1683795737 305.54 38.46 1391.84 8624.08
1683795747 304.58 38.46 1397.66 9315.79
1683795757 310.8 38.46 1371.37 12694.5
1683795767 307.13 38.46 1425 8048.44
1683795777 307.2 38.18 1420.84 8956.18
1683795787 308.07 38.46 1394.55 11678.2
1683795797 304.46 38.46 1364.34 9001.16
1683795807 305.84 38.45 1395.91 10185.8
1683795817 305.84 38.18 1345.53 12293.4
1683795827 303.81 38.45 1356.1 7442.34
1683795837 300.49 38.45 16634.1 9053.55
1683795847 313.76 38.46 1373.66 11788.5
1683795857 304.5 38.19 1371.87 9416.27
1683795867 308.58 38.46 1374.05 9897.76
1683795877 305.71 38.46 1362.47 11971
1683795887 305.27 38.19 1425.39 8797.66
1683795897 309.35 38.46 1395.91 8899.71
1683795907 305.21 38.46 1384.17 8747.1
1683795917 306.05 38.18 1398.63 9717.46
1683795927 307.5 38.46 1370.98 10318.2
1683795937 185.46 38.46 14862.1 12270.4
1683795947 306.84 38.46 1400 5856.25
1683795957 305.23 38.19 1366.05 9511.54
1683795967 309.95 38.46 1373.66 11815.8
1683795977 305.23 38.19 1364.73 8159.3
1683795987 306.83 38.46 1373.66 11464.6
1683795997 306.05 38.19 1349.46 13054.4
1683796007 306.72 38.45 1397.27 7578.95
1683796017 306.24 38.46 1397.27 8809.75
1683796027 305.55 38.18 1397.66 9324.37
1683796037 101.66 38.45 14139.2 11067.1
1683796047 304.29 38.46 1399.02 7571.51
1683796057 312.05 38.46 1317.67 14660.2
1683796067 303.31 38.46 1397.66 5751.66
1683796077 307.81 38.46 1348.68 10683.7
1683796087 307.88 38.46 1368.32 10388.7
1683796097 305.96 38.46 1399.02 6810.15
1683796107 308.86 38.21 1395.91 10833.5
1683796117 312.65 38.48 1345.14 14630
1683796127 304.18 38.48 1416.7 5923.5
1683796137 304.85 38.48 1366.05 9653.15
1683796147 227.88 38.59 14937.6 10761.8
1683796157 304.58 38.45 1397.66 7433.14
1683796167 308.1 38.43 1397.27 9368.42
1683796177 307.6 38.71 1372.32 10803.9
1683796187 308.7 38.44 1387.23 10893.2
1683796197 308.49 38.71 1425 7362.89
1683796207 309.14 38.72 1393.59 9662.59
1683796217 308.38 38.72 1394.55 10277
1683796227 309.27 38.72 1400.39 11675.4
1683796237 309.75 38.45 1398.63 9718.63
1683796247 123.74 38.71 14436.2 13035.4
1683796257 303.22 38.72 1399.02 9795.51
1683796267 305.77 38.72 1401.37 8238.91
1683796277 308.88 38.72 1399.02 9632
1683796287 307.11 38.72 1397.27 9438.99
1683796297 305.71 38.72 1386.85 10318.8
1683796307 309.28 38.72 1349.07 13817.8
1683796317 301.65 38.45 1418.08 6329.25
1683796327 310.41 38.72 1394.55 12423.7
1683796337 303.39 38.72 1415.32 6106.69
1683796347 306.42 38.45 1371.37 11635.4
1683796357 198.16 38.72 15092.9 9249.86
1683796367 310.31 38.72 1345.14 12828
1683796377 305.07 38.72 1422.22 7171.93
1683796387 309.44 38.72 1369.65 12064.6
1683796397 306.31 38.71 1366.99 9913.01
1683796407 304.97 38.72 1374.05 7581.66
1683796417 307.41 38.72 1395.91 10558.5
1683796427 309.94 38.72 1346.06 12565.5
1683796437 302.04 38.72 1422.61 5355.56
1683796447 309.96 38.46 1373.66 11941.9
1683796457 306.06 38.72 1399.02 7871.61
1683796467 260.95 38.72 15646 12790.3
1683796478 301.85 38.44 1394.94 6430.35
1683796488 311.87 38.44 1345.14 15300.8
1683796498 303.79 38.72 1420.84 5527.95
1683796508 307.48 38.44 1343.44 11071.7
1683796518 306.64 38.72 1370.98 7881.21
1683796528 306.43 38.72 1347.76 8916.18
1683796538 308.58 38.72 1372.32 11091.2
1683796548 315.78 38.72 1339.4 14868.5
1683796558 303.52 38.45 1413.51 5855.76
1683796568 306.34 38.72 1397.27 8799.22
1683796578 214.77 38.72 15843.3 10885.1
1683796588 309.34 38.72 1394.55 9490.66
1683796598 312.87 38.45 1397.66 10350.5
1683796608 306.52 38.72 1371.87 10501
1683796618 307.6 38.72 1371.76 9897.18
1683796628 310.6 38.72 1394.55 9240.86
1683796638 306.32 38.44 1394.55 8912.45
1683796648 305.75 38.72 1372.32 9227.68
1683796658 310.5 38.45 1368.32 12677.9
1683796668 304.86 38.44 1396.3 7506.91
1683796678 311.21 38.72 1373.1 11431.6
1683796688 112.63 38.71 15708.5 7300.68
1683796698 307.68 38.72 1368.32 10262.8
1683796708 308 38.72 1372.71 10256.9
1683796718 306.69 38.72 1365.66 10219.2
1683796728 304.85 38.72 1365.33 8111.62
1683796738 310.72 38.72 1348.15 11875.6
1683796748 303.99 38.44 1393.2 6489.02
1683796758 307.12 38.71 1370.98 11778.4
1683796768 309.01 38.72 1363.02 10414.7
1683796778 308.13 38.45 1338.63 7260.41
1683796788 307.13 38.72 1372.32 11091.2
1683796798 215.6 38.72 14860.5 12602.7
1683796808 304.77 38.72 1371.37 8789.48
1683796818 304.56 38.45 1391.84 6636.12
1683796828 307.3 38.72 1346.45 10591.2
1683796838 308.66 38.45 1369.65 10574.3
1683796848 303.67 38.72 1382.84 8032.79
1683796858 311.1 38.45 1346.06 14230.6
1683796868 303.5 38.72 1419.85 5418.68
1683796878 309.43 38.45 1369.65 11372
1683796888 306.64 38.73 1398.63 7415.02
1683796898 197.57 38.72 14218.1 10541.1
1683796908 305.76 38.71 1372.32 9017.54
1683796918 311.69 38.72 1323.2 14197.7
1683796928 303.03 38.72 1395.91 5760.08
1683796938 305.73 38.45 1393.59 8908.07
1683796948 306.8 38.72 1343.44 11076.8
1683796958 304.72 38.45 1382.45 9857.28
1683796968 306.99 38.72 1415.71 8472.94
1683796978 312.54 38.72 1318.95 15063.6
1683796988 302.72 38.45 1413.35 5017.62
1683796998 306.8 38.72 1366.99 8632.62
1683797008 198.05 38.71 15476 9599.61
1683797018 308.86 38.45 1358.91 12448.3
1683797028 303.98 38.72 1397.28 7769.71
1683797038 304.38 38.73 1370.82 8212.06
1683797048 310.24 38.45 1348.15 12643.3
1683797058 307.89 38.72 1394.94 9805.84
1683797068 307.12 38.44 1422.22 8185.96
1683797078 306.66 38.71 1360.39 10783
1683797088 303.98 38.71 1366.99 9014.76
1683797098 308.3 38.7 1397.66 9023.78
1683797108 308.53 38.45 1365.66 10976.9
1683797118 158.8 38.72 15706.3 9019.67
1683797128 306.71 38.72 1394.94 9930.74
1683797138 305.85 38.46 1370.98 8007.79
1683797148 305.66 38.72 1375.39 9226.56
1683797158 308.3 38.45 1350 11763.7
1683797168 309.27 38.72 1374.05 10869.1
1683797178 302.74 38.45 1398.63 6096.39
1683797188 311.6 38.72 1397.66 12299
1683797198 302.42 38.72 1390.49 6864.02
1683797208 307.89 38.72 1395.91 11034.1
1683797218 304.2 38.44 1399.02 8101.07
1683797228 312.28 38.71 1306.43 13953.2
1683797238 300.3 38.71 16906.9 6562.34
1683797248 305.84 38.72 1370.98 8001.56
1683797258 308.65 38.71 1367.38 10483.9
1683797268 307.09 38.72 1365.66 11832.8
1683797278 305.95 38.72 1372.32 8879.92
1683797288 309.04 38.45 1344.22 12589.7
1683797298 304.38 38.45 1423.61 5350.24
1683797308 308.28 38.72 1346.45 11602
1683797318 303.02 38.45 1419.46 8827.63
1683797328 307.7 38.72 1397.66 9740.35
1683797338 307.32 38.72 1373.66 8700.49
1683797348 270.86 38.72 16220.3 15024.2
1683797358 303.42 38.45 1396.3 5687.24
1683797368 310.12 38.45 1395.91 9871.86
1683797378 306.24 38.72 1396.74 9127.27
1683797388 305.94 38.72 1369.65 9275.88
1683797398 308.36 38.72 1368.71 10675.2
1683797408 309.14 38.45 1391.84 11913
1683797418 306.26 38.72 1381.51 8135.65
1683797428 307.91 38.45 1398.63 9294.44
1683797438 306.38 38.45 1412.58 8986.25
1683797448 113.31 38.72 14731.6 10517
1683797458 306.22 38.72 1344.75 11801.2
1683797468 307.32 38.72 1400.39 9416.02
1683797478 306.73 38.72 1347.76 9791.81
1683797488 308.61 38.45 1403.13 8311.55
1683797498 308.67 38.72 1370.98 11140
1683797508 304.29 38.45 1396.3 6807.4
1683797518 308.19 38.45 1397.27 9859.65
1683797528 307.51 38.72 1372.32 10136.8
1683797538 312.01 38.44 1349.07 12341.1
1683797548 305.27 38.72 1398.63 7821.66
1683797558 307.02 38.45 1363.51 10277.5
1683797568 293.47 38.72 16448.4 8945.17
1683797578 304 38.45 1374.05 10425.4
1683797588 306.25 38.72 1373.66 9840.78
1683797598 308.34 38.72 1365.83 11733.2
1683797608 304.39 38.72 1398.63 5757.66
1683797618 309.38 38.45 1375 11897.7
1683797628 305.36 38.44 1421.23 9270.89
1683797638 304.85 38.72 1419.46 9135.41
1683797648 307.32 38.45 1400.39 9078.52
1683797658 309.76 38.72 1363.51 13816.6
1683797668 126.37 38.72 14656.2 5087.89
1683797678 287.88 38.73 331.71 1485.16
1683797688 239.94 38.63 284.38 1630.47

Execution duration: 00:56:34.34
