1683758070 304.48 1.58 2519.01 8686.57
1683758080 304.87 1.93 1449.46 6117.97
1683758090 304.17 2.23 1399.4 9042.7
1683758100 310.01 2.66 1395.44 11214.7
1683758110 306.04 3.04 1421.6 9886.22
1683758120 308.21 3.41 1419.41 9400.79
1683758130 310.41 3.8 1396.63 14669.6
1683758140 307.42 4.01 1444.75 6424.95
1683758150 306.34 4.26 1394.46 9470.89
1683758160 179.09 4.73 15263 10042
1683758170 306.03 5.02 1418.58 8675.89
1683758180 312.68 5.6 1420.2 11125.5
1683758190 311.95 5.79 1430.38 15225.6
1683758200 306.63 5.87 1442.69 5728.46
1683758210 306.13 6.34 1394.06 9476.83
1683758220 312.08 6.63 1445.15 10211.1
1683758230 310.2 7.09 1444.75 10083.2
1683758240 309.37 7.44 1440.86 9819.55
1683758250 308.19 7.73 1415.2 9983.42
1683758260 174.58 8.02 14696.3 11321.4
1683758270 307.91 8.15 1443.72 7267.26
1683758280 310.97 8.67 1391.3 10264.8
1683758290 309.28 8.74 1415.59 10305.2
1683758300 311.64 9.36 1415.2 9716.09
1683758310 312.24 9.86 1415.59 12251.5
1683758320 309.09 9.88 1391.3 9802.77
1683758330 307.61 10.18 1440.86 8025.67
1683758340 310.86 10.69 1440.47 10739.6
1683758350 311.03 10.92 1426.43 9666.27
1683758360 308.2 11.35 1416.6 9921.34
1683758370 185.92 11.74 16011.4 7418.72
1683758380 299.61 11.96 1342.29 15260.1
1683758390 306.52 11.96 1415.2 6191.12
1683758400 306.69 12.38 1412.8 10590
1683758410 308.39 12.77 1413.81 10158.6
1683758420 307.88 13.21 1412.8 10609.7
1683758430 309.37 13.62 1413.81 10401.6
1683758440 311.94 13.82 1415.99 12071.1
1683758450 307.29 13.91 1463.25 5821.48
1683758460 312.1 14.35 1409.64 10421.2
1683758470 308.67 14.48 1437.64 8499.31
1683758480 172.96 15.11 15952 10684
1683758490 309.28 15.59 1439.44 11426
1683758500 311.81 15.85 1386.22 12381.5
1683758510 302.96 15.85 1413.81 5347.14
1683758520 311.84 16.21 1388.56 10755.8
1683758530 308.44 16.57 1433.4 9371.71
1683758540 309.34 16.87 1410.03 11218.1
1683758550 309.15 17.46 1436.22 8850.39
1683758560 312.69 17.73 1409.64 14820.5
1683758570 305.62 17.72 1437.64 5855.76
1683758580 308.08 18.15 1438.03 9432.91
1683758590 129.55 18.67 15989.8 11443.1
1683758600 307.18 19 1411.41 8228.74
1683758610 307.97 19.31 1411.02 9782.68
1683758620 310.64 19.57 1360.63 14718.1
1683758630 304.91 19.79 1430.98 6592.55
1683758640 308.96 20.03 1436.22 7222.83
1683758651 311.56 20.5 1404.5 12322
1683758660 307.94 20.62 1431.99 7664.77
1683758671 308.14 21.22 1405.88 10159.6
1683758681 314.83 21.49 1383.1 15453
1683758690 305.2 21.59 1433.79 6089.98
1683758701 309.82 22.04 1408.25 8491.55
1683758711 252.51 22.37 16924 8968.4
1683758720 308.25 22.71 1408.64 8894.3
1683758731 307.83 23.15 1404.11 10440.7
1683758741 310.22 23.66 1358.35 12711.6
1683758751 306.37 23.71 1379.04 9402.94
1683758761 306.57 24.16 1404.11 8995.49
1683758771 306.49 24.34 1408.25 8965.42
1683758781 308.81 24.81 1404.5 10069.3
1683758791 310.32 25.18 1433.4 9333.2
1683758801 308.32 25.62 1404.11 10045
1683758811 307.07 25.62 1358.35 10814.5
1683758821 180.73 26.04 16215.1 9950.05
1683758831 305.85 26.31 1401.76 8378.1
1683758841 307.05 26.9 1379.04 11235.6
1683758851 307.15 27.09 1405.88 7905.88
1683758861 309.33 27.47 1383.1 9962.28
1683758871 310.12 27.63 1408.25 12401.6
1683758881 303.53 27.9 1380.78 7950.59
1683758891 305.79 28.21 1406.87 11524.6
1683758901 307.66 28.72 1382.14 8168.79
1683758911 302.95 28.94 1383.1 7941.06
1683758921 144 29.31 14163.2 8918.77
1683758931 311.07 29.55 1354.75 14327.9
1683758941 304.3 29.68 1403.13 6891.19
1683758951 306.94 29.99 1401.37 7684.85
1683758961 305.86 30.3 1375 11606.6
1683758971 309.19 30.82 1401.76 9452.2
1683758981 304.5 31.09 1376.34 9366.57
1683758991 307.63 31.45 1350.39 13294.1
1683759001 305.06 31.58 1420.84 6639.14
1683759011 306.86 32.05 1405.88 11258.4
1683759021 307.63 32.22 1401.37 7896.38
1683759031 101.96 32.71 15449.1 9914.37
1683759041 303.69 33.23 1344.75 10159.9
1683759051 307.75 33.25 1330.2 14256.9
1683759061 304.85 33.64 1390.88 7911.15
1683759071 304.7 33.82 1426.39 7271.16
1683759081 306.94 34.31 1350 9601.17
1683759091 304 34.66 1400 9524.61
1683759101 303.81 34.99 1376.73 8852.39
1683759111 312.4 35.31 1350 15908.6
1683759121 303.14 35.32 1401.37 5630.5
1683759131 303.9 35.71 1396.3 9829.02
1683759141 92.57 36.12 15083.8 10672.4
1683759151 304.29 36.55 1374.05 7921.56
1683759161 306.84 36.82 1376.34 9841.64
1683759171 309.25 37.21 1346.45 15217.1
1683759181 303.91 37.44 1400 6527.73
1683759191 305.17 37.45 1401.76 7809.19
1683759201 306.43 37.96 1397.27 9658.48
1683759211 304.99 37.97 1400 9499.22
1683759221 307.4 37.97 1396.3 9680.62
1683759231 307.81 38.03 1350 13731.2
1683759241 304.28 37.91 1394.94 8713.62
1683759251 304.48 38.03 1395.91 9861.73
1683759261 246.25 38.03 16294.2 7946.93
1683759271 306.65 38.03 1351.32 10276.4
1683759281 304.87 37.91 1398.63 8270.83
1683759291 307.3 38.04 1346.06 11166.9
1683759301 308.09 38.04 1374.05 10519
1683759311 304.68 38.03 1397.27 7315.4
1683759321 304.38 38.05 1340.83 10845
1683759331 305.91 38.22 1363.02 9436.59
1683759341 309.83 38.11 1369.65 10842
1683759351 306.12 38.09 1420.84 7461.73
1683759361 312.31 38.21 1350 12804.7
1683759371 101.65 38.21 15870.6 7031.58
1683759381 306.75 38.23 1376.34 10307.3
1683759391 303.02 38.11 1397.27 9387.13
1683759401 304.76 38.23 1394.55 9789.11
1683759411 302.64 38.11 1372.32 11135.3
1683759421 308 38.23 1349.07 10282.1
1683759431 303.22 38.24 1420.84 6562.41
1683759441 307.69 38.11 1394.55 10430
1683759451 304.48 38.22 1395.91 8756.77
1683759461 305.87 38.23 1400 10677
1683759471 304.28 38.23 1397.27 9947.76
1683759481 100.68 38.22 15079 13363.9
1683759491 304 38.22 1372.32 7535.67
1683759501 301.75 38.23 1366.99 8636.5
1683759511 310.24 38.23 1372.32 11312.3
1683759521 301.85 38.23 1370.98 8315.09
1683759531 305.45 38.23 1373.66 11484.9
1683759541 308.39 38.22 1348.68 11779.9
1683759551 303.4 38.1 1422.22 5311.89
1683759561 304.11 38.22 1347.37 9256.14
1683759571 305.27 38.1 1398.63 10754.7
1683759581 308.47 38.1 1369.65 11384.4
1683759591 303.8 38.22 1398.63 8010.15
1683759601 250.1 38.22 16276 13347
1683759611 300.98 38.22 1393.2 5888.44
1683759621 308.47 38.1 1370.98 11448.9
1683759631 304.77 38.22 1395.91 7549.37
1683759641 305.46 38.23 1373.66 9622.63
1683759651 309.27 38.23 1373.66 10872.6
1683759661 310.89 38.22 1343.44 14660.8
1683759671 302.06 38.23 1395.91 5737.88
1683759681 305.56 38.1 1375 8423.05
1683759691 305.26 38.23 1369.65 10943.2
1683759701 114.18 38.23 14453.6 10026.4
1683759711 309.96 38.23 1375 10913.7
1683759721 308.45 38.22 1368.32 12531.4
1683759731 304.74 38.1 1363.02 8876.28
1683759741 302.72 38.22 1346.06 7317.62
1683759751 307.32 38.23 1373.66 12472.6
1683759761 303.8 38.23 1370.98 9242.84
1683759771 302.23 38.1 1393.2 8501.46
1683759781 305.37 38.22 1372.32 9983.63
1683759791 307.48 38.11 1343.44 11996.9
1683759801 303.31 38.23 1395.91 7049.66
1683759811 232.79 38.23 14958.4 8793.39
1683759821 304.98 38.23 1347.37 10594.1
1683759831 305.76 38.11 1375 9578.91
1683759841 305.76 38.23 1372.32 10192.2
1683759851 306.72 38.24 1345.14 12006.6
1683759861 304.77 38.23 1370.98 8861.15
1683759871 302.74 38.24 1375 7832.42
1683759881 304.49 38.23 1397.27 10635.5
1683759891 306.15 38.11 1397.27 9929.04
1683759901 306.24 38.23 1398.63 8302.05
1683759911 130.91 38.23 14272.1 13344.6
1683759921 303.52 38.23 1372.32 7605.46
1683759931 307.5 38.11 1370.98 10828.8
1683759941 306.42 38.23 1369.65 11079.8
1683759951 304.28 38.15 1346.06 9861.73
1683759961 302.45 38.27 1397.27 6054.58
1683759971 308.57 38.15 1321.13 14289
1683759981 301.76 38.15 1400 5665.23
1683759991 307.51 38.27 1373.66 11081.8
1683760001 303.11 38.15 1370.98 9216.75
1683760011 305.75 38.27 1370.98 10420.2
1683760021 210.62 38.27 15048.1 9551.7
1683760031 306.72 38.27 1344.75 13358
1683760041 306.34 38.27 1398.63 7541.85
1683760051 303.68 38.15 1364.34 9263.18
1683760061 306.74 38.26 1372.32 11192.6
1683760071 302.63 38.27 1395.91 8674.98
1683760081 305.64 38.26 1368.32 10824.9
1683760091 307.21 38.27 1347.37 12588.7
1683760101 301.56 38.27 1409.86 5520.77
1683760111 307.41 38.15 1375 10649.2
1683760121 303.02 38.27 1395.91 8158.13
1683760131 270.69 38.26 15609.4 11185.6
1683760141 303.52 38.27 1397.27 7714.62
1683760151 310.13 38.27 1322.42 15240.5
1683760161 302.53 38.15 1370.98 6421.81
1683760171 303.51 38.26 1397.27 7258.09
1683760181 302.53 38.27 1370.98 9680.23
1683760191 307.51 38.15 1372.32 12466.7
1683760201 302.83 38.27 1366.99 8365.83
1683760211 306.84 38.15 1373.66 12272.4
1683760221 308.86 38.27 1370.98 9289.58
1683760231 88.89 38.26 14652.5 10261.1
1683760241 301.18 38.26 1427.79 7306.07
1683760251 302.05 38.15 1369.65 8562.65
1683760261 307.49 38.27 1370.98 11152.1
1683760271 302.92 38.15 1368.32 8401.94
1683760281 307.88 38.26 1344.75 12291.8
1683760291 307.68 38.15 1420.84 9376.05
1683760302 304.78 38.27 1367.94 10147.3
1683760311 304.76 38.27 1368.32 10068.4
1683760321 302.23 38.15 1409.86 7292.37
1683760331 305.26 38.15 1395.91 8746.25
1683760341 305.64 38.27 1320.23 13973.5
1683760351 271.4 38.26 16231.9 8619.46
1683760361 302.83 38.26 1394.55 10236.2
1683760371 303.7 38.28 1372.32 6731.38
1683760381 306.24 38.14 1372.32 9683.82
1683760391 302.74 38.34 1347.37 9795.32
1683760401 307.81 38.22 1350 12511.7
1683760411 300.38 38.34 1395.91 6666.8
1683760421 307.79 38.34 1395.91 9464.85
1683760431 305.85 38.22 1395.91 9231.16
1683760442 303.6 38.33 1369.65 9147.08
1683760452 306.49 38.35 1364.34 12109.3
1683760462 159.74 38.34 15901.5 10881.1
1683760472 300.58 38.35 1395.91 6105.55
1683760482 304.76 38.35 1342.14 9066.41
1683760491 301.17 38.23 1350 10613.3
1683760502 305.96 38.35 1348.68 10823.8
1683760512 304.97 38.35 1348.68 9710.83
1683760522 308.79 38.35 1348.68 13000.6
1683760532 302.15 38.23 1398.63 5588.68
1683760542 303.9 38.35 1372.32 8410.53
1683760552 304.39 38.38 1371.37 11390.9
1683760562 305.07 38.39 1346.06 11473.4
1683760572 240.59 38.39 15186.7 8489.76
1683760582 309.47 38.41 1300.39 14566.8
1683760592 302.51 38.28 1390.49 5593.4
1683760602 305.18 38.27 1349.07 9846.63
1683760612 302.25 38.41 1325 9287.89
1683760622 302.94 38.41 1374.05 9171.51
1683760632 305.46 38.29 1373.66 8628.68
1683760642 311.12 38.42 1347.76 14665.9
1683760652 300.4 38.31 1366.99 9132.04
1683760662 302.93 38.42 1373.66 7923.12
1683760672 205.42 38.42 14223.6 8783.76
1683760682 306.54 38.42 1348.68 10125.3
1683760692 303.51 38.31 1350.39 10719.1
1683760702 304.11 38.44 1372.32 9108.77
1683760712 307.33 38.31 1350.39 10498.8
1683760722 305.46 38.43 1370.98 7909.64
1683760732 305.56 38.31 1373.66 9980.88
1683760742 302.74 38.43 1371.37 8010.91
1683760752 303.99 38.31 1398.63 9158.63
1683760762 305.06 38.43 1368.71 10015.5
1683760772 309.91 38.43 1332.17 12225.9
1683760782 180.8 38.42 15541 6576.53
1683760792 306.65 38.43 1351.32 11028.7
1683760802 304.26 38.43 1361.7 10581.8
1683760812 301.76 38.43 1396.1 7440.16
1683760822 305.56 38.43 1392.41 10961.6
1683760832 305.24 38.43 1339.92 11787.6
1683760842 302.45 38.43 1375 5824.61
1683760852 305.65 38.31 1370.98 9754.24
1683760862 303.99 38.43 1368.32 9851.12
1683760872 305.57 38.43 1401.37 10685
1683760882 303.4 38.31 1370.04 10343.6
1683760892 123.32 38.43 15611.3 11070.8
1683760902 304.29 38.42 1371.37 7193.38
1683760912 300.4 38.42 1372.32 7666.67
1683760922 306.63 38.43 1347.76 12288.5
1683760932 300.87 38.38 1370.98 6713.53
1683760942 304.29 38.49 1344.75 10533.5
1683760952 303.7 38.39 1321.52 13113.5
1683760962 302.15 38.5 1422.22 4944.64
1683760972 303.22 38.5 1372.71 8368.81
1683760982 304.67 38.6 1368.32 12791.1
1683760992 305.16 38.49 1374.05 11083.3
1683761002 301.47 38.62 1372.32 7502.92
1683761012 238.76 38.61 16276.9 13581.7
1683761022 304.59 38.61 1372.32 5334.5
1683761032 310.42 38.49 1321.13 9970.4
1683761042 312.56 38.61 1346.45 11082
1683761052 302.87 38.49 1349.95 6337.1
1683761062 307 38.61 1345.14 9766.15
1683761072 318.36 38.61 1300.39 14810.5
1683761082 303.88 38.6 1364.73 4944.19
1683761092 312.27 38.49 1370.98 12711.2
1683761102 303.76 38.61 1299.25 8003.01
1683761112 309.33 38.49 1368.71 7612.44
1683761122 137.08 38.61 15436.1 12628.7
1683761132 300.59 38.6 1368.32 7812.24
1683761142 307.55 38.6 1339.92 11257.8
1683761152 305.16 38.48 1371.37 9267.38
1683761162 304.54 38.61 1360.39 7983
1683761172 304 38.61 1373.66 9586.73
1683761182 303.2 38.49 1388.19 11029.6
1683761192 305.43 38.6 1389.15 9707.36
1683761202 298.34 38.6 1323.2 11335.7
1683761212 305.28 38.61 1400 8443.36
1683761222 304.47 38.6 1392.23 8452.04
1683761232 169.11 38.62 15054.6 11254.4
1683761242 302.24 38.61 1369.65 8782.1
1683761252 303.79 38.49 1396.3 9217.53
1683761262 305.74 38.61 1320.62 12904.3
1683761272 302.62 38.49 1370.04 6505.45
1683761282 302.41 38.61 1312.19 10449.9
1683761292 301.75 38.6 1372.71 8481.87
1683761302 304.58 38.49 1372.32 9341.52
1683761312 300.68 38.61 1366.99 10657.9
1683761322 309.44 38.49 1346.45 12512.2
1683761332 304 38.48 1397.27 7304.09
1683761342 95.44 38.61 15136.4 9372.65
1683761352 304.01 38.61 1347.37 10324
1683761362 302.64 38.65 1347.76 8454.58
1683761372 301.94 38.65 1357.76 8258.44
1683761382 308.2 38.53 1325.39 13987.1
1683761392 298.26 38.65 1367.38 5210.87
1683761402 301.36 38.52 1370.98 9291.14
1683761412 302.91 38.53 1339.92 11253.1
1683761422 303.02 38.65 1368.32 9589.12
1683761432 303.42 38.53 1349.07 10978
1683761442 306.91 38.65 1320.23 14530.7
1683761452 101.27 38.58 14623.7 5511.63
1683761462 288.85 38.68 332.11 2241.71
1683761472 273.18 38.59 289.99 352.96

Execution duration: 00:56:55.55
