1683859427 282.19 2.75 5752.44 14047.8
1683859437 298.21 3.57 5663.89 21580.2
1683859447 301.79 4.63 5575 23521.4
1683859457 290.58 5.08 5473.42 19998.4
1683859467 300.69 6.16 5589.31 21507.3
1683859477 282.35 6.35 5177.8 23319.7
1683859487 300.2 7.01 5652.68 19175.5
1683859497 298.62 7.91 5640 19778.6
1683859507 298.22 8.73 5589.31 20990.9
1683859517 302.17 9.33 5621.76 21725.4
1683859527 293.88 10.55 5294.76 22702.5
1683859537 291.9 10.91 5295.95 24339.6
1683859547 295.95 11.65 5603.56 17597.6
1683859557 295.94 12.11 5545.8 20388.1
1683859567 301.37 12.86 5455.51 20546.9
1683859577 299.8 14.02 5568.89 21342.5
1683859587 302.87 14.58 5598.02 21333.1
1683859597 274.24 15.69 4877.78 24301.7
1683859607 293.05 15.75 5554.55 15947.5
1683859617 300.79 16.61 5441.02 23005.5
1683859627 298.82 17.81 5574.38 20296.7
1683859637 278.62 18.3 5056.95 19811.2
1683859647 298.71 19.34 5572.75 21614.2
1683859657 301.58 19.9 5585.39 21021.5
1683859667 267.59 20.45 4742.06 20948.2
1683859677 302.27 21.58 5542.01 21426.8
1683859687 297.35 22.24 5658.54 20209
1683859697 303.35 22.68 5581.49 19468.9
1683859707 266.77 23.56 4934.12 20700.9
1683859717 300.29 24.64 5527.95 19083.1
1683859727 301.85 24.87 5343.5 22377.3
1683859737 304.82 25.88 5574.38 22017
1683859748 296.21 26.28 5535.86 19484.9
1683859757 300.2 27.11 5475.32 20659.2
1683859767 299.51 28.21 5556.3 21639
1683859777 287.14 28.85 5200.78 19777.4
1683859787 303.63 29.43 5439.06 25550.5
1683859797 296.96 30.27 5528.7 18598.6
1683859807 294.5 30.8 5500.1 20071.6
1683859817 295.78 31.88 5419.25 20921.4
1683859827 303.13 32.44 5441.33 21936.9
1683859837 295.09 33.24 5502.25 19641.2
1683859847 274.8 33.79 4794.91 24219.2
1683859857 296.66 34.43 5544.99 17314.3
1683859868 299.42 34.97 5411.47 20955.1
1683859878 301.86 36.2 5448.53 21441.5
1683859888 290.04 36.78 5475.39 20183.2
1683859898 303.43 37.97 5323.29 22020
1683859908 300.59 38.53 5466.4 22078.8
1683859918 265.98 38.24 4928.27 19184.8
1683859928 304.39 38.45 5475.39 20600.8
1683859938 300.4 38.75 5480.74 19942.5
1683859948 293.25 38.57 5185.52 23513.9
1683859958 300 38.88 5468.23 20362.8
1683859968 301.66 38.62 5428.79 21438.2
1683859978 293.35 38.6 5273.97 21619.6
1683859988 304.01 38.91 5475.39 21728.9
1683859998 297.11 38.7 5366.53 19737.7
1683860008 296.3 38.69 5528.79 18558
1683860018 280.26 38.98 4942.33 22692.1
1683860028 296.19 38.69 5619.9 18740.3
1683860038 301.26 39 5207.38 24759.2
1683860048 296.68 38.98 5530.79 15920.6
1683860058 303.23 38.81 5473.58 23218.8
1683860068 299.8 39.12 5591.77 19621.9
1683860078 305.58 38.83 5453.87 22934
1683860088 269.4 38.84 4892.28 20009
1683860098 296.29 39.11 5225.39 23615.6
1683860108 296.38 39.12 5516.55 16398.8
1683860118 301.66 38.83 5561.25 18909.6
1683860128 304.89 38.82 5368.13 24081.7
1683860138 299.12 38.79 5505.77 21828.3
1683860148 299.13 39.09 5477.25 17097.8
1683860158 284.25 39.15 4859.88 26849.3
1683860168 298.34 38.86 5612.89 16158.6
1683860178 300.98 38.86 5461.06 20501
1683860188 305.78 39.14 5466.4 25069.2
1683860198 275.78 39.19 5187.89 15662.1
1683860208 305.87 38.9 5491.48 23536.5
1683860218 303.13 39.32 5418.18 23424.8
1683860228 280.3 39.06 5108.68 18751.2
1683860238 297.99 39.02 5489.59 19301.6
1683860248 307.32 39.37 5470.05 24223.2
1683860258 298.15 39.08 5376.14 20607.6
1683860268 298.34 39.08 5482.54 19824
1683860278 303.04 39.39 5516.55 21519.3
1683860288 273.05 39.1 4737.5 22498.8
1683860298 302.05 39.37 5594.93 21144.6
1683860308 302.74 39.04 5473.58 21587.5
1683860318 298.34 39.37 5611.35 17054
1683860328 283.88 39.08 5025.39 23429.3
1683860338 296.58 39.08 5498.63 16650.9
1683860348 310.26 39.35 5380.64 26267.1
1683860358 300.2 39.3 5529.09 17873.8
1683860368 303.88 39.08 5470.16 22395.7
1683860378 298.53 39.37 5512.89 17832.4
1683860388 301.76 39.08 5473.58 22565.6
1683860398 303.92 39.08 5511.15 20277.5
1683860408 290.65 39.07 5072.64 24079.5
1683860418 296 39.38 5527.1 16687.7
1683860428 304.1 39.08 5412.89 23030.5
1683860438 299.12 39.36 5408.63 19995.3
1683860448 301.46 39.07 5423.48 21897.5
1683860458 294.03 39.09 5611.35 19696.7
1683860468 282.47 39.37 4776.49 24600.2
1683860478 288.4 39.35 5485.26 14889.6
1683860488 306.75 39.38 5461.06 21860.3
1683860498 296.52 39.09 5392.85 20325.4
1683860508 303.71 39.38 5471.61 21166.8
1683860518 306.66 39.35 5441.33 23780.2
1683860528 299.14 39.37 5407.8 17717.2
1683860538 298.73 39.08 5060.27 25143.6
1683860548 295.31 39.39 5530.79 15331.8
1683860558 300.29 39.07 5455.72 20438.3
1683860568 305 39.38 5416.26 24260.1
1683860578 281.14 39.07 5080.35 18637.7
1683860588 302.63 39.1 5459.79 22216.9
1683860598 303.23 39.34 5448.53 21953.8
1683860608 306.24 39.1 5482.54 23036.9
1683860618 294.5 39.39 5480.81 15149.9
1683860628 301.18 39.1 5416.26 23235.3
1683860638 297.08 39.09 5495.02 18649.8
1683860648 303.92 39.38 5466.4 21292.5
1683860658 300.98 39.06 5194.93 25140.7
1683860668 302.81 39.35 5512.71 18303.4
1683860678 302.14 39.08 5553.7 19896.1
1683860688 302.94 39.4 5403.72 23662.7
1683860698 299.32 39.09 5475.39 19010.5
1683860708 310.16 39.39 5437.89 25780.9
1683860718 271.72 39.1 4849.36 20004.7
1683860728 298.63 39.07 5623.87 16048.9
1683860738 308.32 39.46 5410.96 24421.1
1683860748 299.12 39.18 5500.39 19306.6
1683860758 300.1 39.48 5493.25 18337.8
1683860768 303.51 39.47 5459.4 22250.8
1683860778 287.59 39.19 5092.47 21787.7
1683860788 288.51 39.19 5381.92 19779.6
1683860798 297.19 39.47 5548.3 21420.8
1683860808 304.99 39.13 5403.72 21804.9
1683860818 292.77 39.49 5313.28 19012.5
1683860828 301.96 39.13 5420.1 19530.9
1683860838 304.6 39.2 5448.53 23316.2
1683860848 266.76 39.45 4689.8 19523.9
1683860858 299.22 39.48 5516.16 17492.7
1683860868 302.55 39.45 5485.71 20866.9
1683860878 304.68 39.19 5512.5 21624.6
1683860888 278.35 39.5 5107.51 19099.7
1683860898 304.4 39.23 5430.69 22839.5
1683860908 290.62 39.17 4953.67 23028.3
1683860918 9.5 38.9 792188 589.23

Execution duration: 00:24:55.55
