1683797733 280.18 2.69 5856.97 13933.9
1683797743 299.01 3.69 5676.59 21046.8
1683797753 300.89 4.41 5736.38 23010.1
1683797763 281.25 5.08 5257.54 21950.4
1683797773 298.52 6.32 5563.96 22314.1
1683797783 266.77 6.47 4874.95 23155.4
1683797793 295.94 6.95 5747.08 16858.3
1683797803 306.03 8.17 5692.1 22255.7
1683797813 300.59 8.6 5742.69 20004.4
1683797823 279.13 9.67 5115.34 20830.9
1683797833 301.28 10.36 5558.46 21517.7
1683797843 307.13 11.42 5525.94 27839.2
1683797853 277.27 11.33 5313.04 16036.8
1683797863 301.49 12.47 5628.86 21533.6
1683797873 302.87 12.99 5552.97 21484.6
1683797884 298.82 13.84 5642.99 19846.2
1683797893 282.71 14.9 5198.82 19784.6
1683797904 298.92 15.47 5487.9 22890.5
1683797914 286.09 16.25 5188.56 23222.9
1683797924 296.95 16.84 5638.93 20103.8
1683797934 304.54 17.62 5523.94 20591.9
1683797944 298.72 18.58 5567.25 20367.3
1683797954 307.77 19.44 5525.66 26363
1683797964 272.1 20.22 5105.3 18880.9
1683797974 298.62 20.54 5628.46 20268
1683797984 296.19 21.44 5580.84 19153.1
1683797994 300.3 21.94 5436.06 22385.4
1683798004 279.87 23.11 5266.93 19876.7
1683798014 301.18 23.75 5504.01 21343
1683798024 303.35 24.74 5564.18 20644.1
1683798034 278.14 24.83 5027.95 22444.5
1683798044 297.65 25.51 5592.18 17391.6
1683798054 298.63 26.5 5480.7 20834.2
1683798064 299.51 27.35 5405.11 20194.1
1683798074 283.37 28.2 5001.96 22722.8
1683798084 298.43 28.67 5664.11 19288.1
1683798094 296.06 29.36 5254.33 24898.4
1683798104 301.68 30.25 5525.66 20268.2
1683798114 298.52 30.5 5645.97 18760.7
1683798124 300.78 31.41 5565.06 19942.3
1683798134 300.49 32.74 5428.79 23024.9
1683798144 294.78 33.1 5594.09 19049.2
1683798154 275.89 33.77 4787.4 25765.3
1683798164 293.04 34.25 5514.43 14123.3
1683798174 299.32 34.87 5466.01 22371.8
1683798184 304.12 36.19 5496.47 22035.3
1683798194 301.76 36.64 5487.5 20934.4
1683798204 301.57 37.65 5571.76 20566.7
1683798214 287.02 38.3 5095.02 23096.6
1683798224 280.5 38.58 5145.22 19381.3
1683798234 299.71 38.39 5597.67 19407.2
1683798244 299.03 38.65 5625 22820.3
1683798254 279.44 38.44 5089.91 19433.1
1683798264 305.66 38.5 5469.66 22343.8
1683798274 299.22 38.91 5555.43 20464.1
1683798284 274.65 38.61 5072.41 20180
1683798294 298.63 38.91 5566.31 18342.8
1683798304 301.47 38.61 5448.14 21192.6
1683798314 304.7 38.9 5503.62 21865.2
1683798324 296.87 38.64 5390.79 21673.6
1683798334 298.54 38.65 5517.67 20915.3
1683798344 279.94 38.92 5034.83 20853.2
1683798354 301.77 38.62 5546.67 18461.2
1683798364 303.7 39.03 5428.79 22325.3
1683798374 305.85 38.97 5369.76 24869.8
1683798384 296.51 38.97 5606.2 15961.6
1683798394 283.58 39.23 5180.06 22374.6
1683798404 306.65 38.94 5448.92 25369.5
1683798414 296.87 38.95 5617.99 16464.5
1683798424 300 39.24 5628.99 22901.1
1683798434 301.93 38.98 5439.69 18176.6
1683798444 301.36 38.98 5457.17 22800.8
1683798454 292.38 39.24 5200 22439.1
1683798464 291.92 38.95 5246.5 22840.2
1683798474 294.86 38.98 5586.81 16718.5
1683798484 302.06 39.23 5521.57 21717.2
1683798494 302.54 38.96 5391.18 21717.1
1683798504 300.1 39.25 5541.23 19227.4
1683798514 304.41 38.98 5453.48 22774.5
1683798524 269.66 38.96 4947.16 16818.4
1683798534 309.1 38.93 5398.04 25373.8
1683798544 297.26 39.25 5548.34 17287.7
1683798554 306.38 38.98 5446.27 23856.5
1683798564 295.2 39.24 5478.55 18573.2
1683798574 300.88 38.97 5394.73 22071
1683798584 304.51 38.97 5498.24 20987.5
1683798594 279.94 39.24 4922.89 22968.7
1683798604 299.12 38.94 5616.45 16333
1683798614 304.61 39.22 5483.92 21932.1
1683798624 305.58 39.23 5461.06 24527.2
1683798634 274.37 38.96 5010.17 18287.3
1683798644 299.61 39.2 5617.99 17837
1683798654 305.86 38.91 5332.68 26074.1
1683798664 304.11 38.97 5591.77 18320.1
1683798674 295.81 39.24 5489.67 19858.5
1683798684 308.12 38.98 5448.14 25358.5
1683798694 294.42 39.24 5623.87 16129.9
1683798704 279.93 39.22 4977.47 21059.3
1683798714 299.81 38.96 5311.15 23663.8
1683798724 295.41 39.21 5457.56 17971.9
1683798734 302.15 38.97 5498.63 19900.2
1683798744 303.59 39.25 5393.79 21988.3
1683798754 305.96 39.24 5544.98 21315.5
1683798764 299.51 38.98 5591.77 18134.8
1683798774 279.86 38.97 4819.07 25679.8
1683798784 297.17 39.25 5430.69 18507.5
1683798794 298.74 38.96 5523.42 17348.1
1683798804 296.67 38.99 5298.24 23766.7
1683798814 279.45 39.22 5173.25 16518
1683798824 298.25 38.99 5377.39 22603.1
1683798834 300.2 38.99 5457.75 19407.8
1683798844 283.43 39.24 4855.36 24033.1
1683798854 298.92 38.98 5646.35 19875
1683798864 303.43 38.96 5556.12 19242.3
1683798874 301.95 38.98 5439.06 22419.9
1683798884 305.97 39.26 5478.94 22736.9
1683798894 296.29 38.99 5675.39 18957.4
1683798904 277.75 38.99 5034.9 19529.8
1683798914 301.86 39.25 5480.74 20821.1
1683798924 301.37 39.06 5486.1 19387.9
1683798934 306.27 39.13 5509.41 23759.6
1683798944 306.35 39.4 5505.77 22576.3
1683798954 297.77 39.13 5491.4 16736.2
1683798964 273.02 39.13 4779.67 23180.5
1683798974 297.95 39.43 5530.79 18017.6
1683798984 304.79 39.1 5466.4 22827.8
1683798994 303.03 39.39 5485.71 21918.2
1683799004 297.08 39.12 5628.41 17425.3
1683799015 300.86 39.13 5486.09 20433
1683799024 288.07 39.38 5093.15 25211
1683799034 302.25 39.1 5520 19300.3
1683799044 298.05 39.37 5562.89 16361.3
1683799054 307.35 39.39 5428.79 25687.4
1683799064 290.91 39.08 5518.28 16197.9
1683799074 304.5 39.13 5512.89 20946.5
1683799084 306.75 39.12 5537.83 23335.7
1683799094 286.57 39.4 5260.76 19619.1
1683799104 309.81 39.44 5496.86 24502.8
1683799114 296.09 39.52 5512.89 17412.9
1683799124 305.1 39.26 5396.47 23434.5
1683799134 299.61 39.27 5580.84 17687.6
1683799144 286.99 39.54 5097.85 22310
1683799155 304.3 39.26 5444.77 21776
1683799165 299.23 39.48 5542.91 17412.4
1683799175 305.07 39.21 5445.07 22247.8
1683799185 298.18 39.53 5384.02 21564.6
1683799195 299.03 39.25 5569.95 21037.3
1683799205 303.42 39.27 5555.82 22200.2
1683799215 68.95 38.92 789875 11661.3

Execution duration: 00:24:50.50
