1683803074 281.49 2.73 5791.84 14475.2
1683803084 299.41 3.67 5720.36 19887.2
1683803094 300.79 4.42 5625.8 23038.1
1683803104 302.38 5.38 5658.28 22231.1
1683803114 302.18 5.93 5609.1 21446.9
1683803124 280 6.71 5083.57 25082.4
1683803134 292.38 7.34 5690.7 15850.7
1683803144 301.29 7.87 5572.75 22485.3
1683803154 299.21 8.99 5596.44 19701.3
1683803164 294.57 9.65 5320.03 23399.8
1683803174 300.1 10.7 5554.63 20022.9
1683803184 291.3 11.17 5306.04 25177
1683803194 289.6 11.55 5569.48 15970.7
1683803204 301.98 12.62 5586.6 20400.8
1683803214 302.97 13.25 5444.51 23643.5
1683803224 301.68 14.23 5547.48 22554.4
1683803234 285.62 15.28 5435.66 17743
1683803244 300.89 15.71 5616.21 20269.6
1683803254 297.05 16.03 5375.41 21731.8
1683803264 301.58 17.29 5592.5 22643.4
1683803274 302.46 18.08 5505.9 21186.6
1683803284 297.92 18.58 5560.11 20502.3
1683803294 299.21 19.58 5576 19747.9
1683803304 280.19 20.31 5103.06 22555.3
1683803314 297.54 20.86 5411.23 20357.8
1683803324 298.33 21.22 5505.9 19255.9
1683803334 293.9 22.09 5462.73 21790
1683803344 302.26 23.16 5473.49 20599.4
1683803354 300.89 23.73 5505.51 19690.5
1683803364 302.27 25.01 5298.52 24546.2
1683803374 265.45 25.02 4953.6 19249
1683803384 299.21 25.56 5651.52 19136.3
1683803394 305.02 26.73 5556.3 21744.5
1683803404 281.63 27.2 5131.23 20138.7
1683803414 303.74 28.35 5581.49 19709.1
1683803424 298.44 28.95 5461.06 21550.3
1683803434 291.07 29.78 5181.92 24698.2
1683803444 302.76 30.16 5570.14 21105.3
1683803455 298.53 31.24 6224.61 18625.8
1683803465 295.21 31.59 5480.74 18968.5
1683803474 286.63 32.46 5211.01 22267.1
1683803485 291.42 33.45 5482.54 18402
1683803494 295.87 33.82 5199.21 25082.4
1683803505 296.68 34.72 5511.15 16196.5
1683803515 300.39 35.29 5433.73 23017.6
1683803525 301.38 36.28 5609.8 19775.7
1683803535 301.18 36.9 5496.86 21934.5
1683803545 278.87 38.1 5122.89 20194.1
1683803555 310.29 38.21 5434.12 25411.8
1683803565 296.99 38.44 5485.1 18101.7
1683803575 301.56 38.22 5500.78 19365.6
1683803585 307.11 39 5471.47 24001.6
1683803595 306.36 38.63 5480.35 23436.6
1683803605 300 38.7 5473.75 18529.7
1683803615 280.25 38.97 4992.77 19819.8
1683803625 304.67 38.71 5296.47 23987.8
1683803635 294.61 38.69 5636.4 15087.7
1683803645 299.7 39 5453.87 21250.2
1683803655 297.65 38.97 5416.26 22195.5
1683803665 298.43 38.66 5491.48 19976.5
1683803675 299.32 38.68 5505.77 20934.5
1683803685 277.51 38.95 4956.01 23067.5
1683803695 299.22 38.98 5554.16 17680.3
1683803705 304.96 38.76 5366.93 22764.2
1683803715 302.53 38.76 5312.5 19421.5
1683803725 303.03 39.05 5457.56 21724.5
1683803735 305.37 38.77 5350.39 19825.4
1683803745 295.12 39.01 4813.28 25342.6
1683803755 300.88 38.82 5444.68 19878.2
1683803765 299.12 39.12 5523.68 16258.7
1683803775 303.03 38.82 5425.39 21646.9
1683803785 300.49 38.83 5410.96 24297.8
1683803795 265.31 39.13 4792.57 18175.6
1683803805 305.67 38.84 5385.91 24537
1683803815 295.01 38.78 5586.3 14925.6
1683803825 300.69 39.14 5491.48 24728.3
1683803835 299.03 38.85 5482.56 18889.9
1683803845 302.64 39.27 5437.89 22301.2
1683803855 292.48 38.97 5355.62 18379.3
1683803865 309.17 38.98 5420.1 26009.4
1683803875 285.02 39.23 5180.16 19517.5
1683803885 301.17 39.21 5462.89 21501.6
1683803895 298.63 38.99 5512.89 18431.2
1683803905 304.66 39.27 5418.64 23228
1683803915 293.85 38.98 5418.18 18845.4
1683803925 285.28 38.99 5181.92 18850.8
1683803935 307.04 39.26 5435.62 24439.1
1683803945 305.77 39.27 5531.18 21418.6
1683803955 299.51 38.97 5492.86 19424.8
1683803965 306.66 39.28 5436.01 20432.9
1683803975 306.83 38.99 5407.61 21818.5
1683803985 291.92 39.23 5097.96 24023.8
1683803995 301.54 39.02 5411.97 18978.4
1683804005 303.63 39 5471.76 22675.3
1683804015 295.16 39.01 5457.75 16461.2
1683804025 302.44 39.3 5452.24 20881.9
1683804035 304.7 39.31 5493.25 21477.6
1683804045 305.55 39.01 5502.14 23965.3
1683804055 283.7 39.3 5075.78 21548.8
1683804065 299.61 39.01 5598.82 16964.4
1683804075 297.84 39.02 5536.2 22477.5
1683804085 287.51 39.03 5207.8 20126
1683804095 307.73 39.35 5473.58 24101.8
1683804105 297.65 39.34 5566.7 16081.1
1683804115 291.39 39.05 4960.47 27151.9
1683804125 296.58 39.04 5487.5 16282.8
1683804135 303.5 39.33 5493.21 21956.5
1683804145 299.13 39.05 5420.55 20530.6
1683804155 301.76 39.35 5561.25 20696.3
1683804165 303.33 39.05 5480.35 21556.2
1683804175 292.17 39.07 5102.84 25819
1683804185 274.24 39.3 5172.86 13740.8
1683804195 303.89 39.05 5452.24 21428.5
1683804205 302.74 39.33 5530.79 21546.8
1683804215 292.76 39.35 5160.47 20782.4
1683804225 301.56 39.05 5468.23 21438.5
1683804235 297.98 39.06 5445.62 16677.2
1683804245 291.2 39.27 5193.35 21273.5
1683804255 301.17 39.07 5455.72 21018.2
1683804265 302.74 39.35 5516.55 21118.9
1683804275 304.3 39.06 5461.06 23511.9
1683804285 274.54 39.07 5120 16055.8
1683804295 303.14 39.36 5541.23 21214.5
1683804305 299.71 39.01 5245 25405.2
1683804315 299.62 39.35 5379.71 20341.3
1683804325 300.39 39.05 5505.38 19535.5
1683804335 294.39 39.41 5085.27 22229.1
1683804345 305.57 39.14 5398.43 23382.4
1683804355 295.9 39.45 5512.5 16219.1
1683804365 264.52 39.45 4563.53 23844.3
1683804375 294.15 39.15 5478.36 15894.7
1683804385 301.67 39.42 5428.4 20504.2
1683804395 304.87 39.16 5464.33 21602.3
1683804405 302.94 39.43 5340.65 24052.5
1683804415 301.96 39.42 5520 20264.6
1683804425 306.06 39.15 5415.44 24705.8
1683804435 277.36 39.44 5274.25 15508.6
1683804445 304.6 39.09 5505.38 19329.8
1683804455 300.59 39.6 5450 22306.2
1683804465 294.73 39.32 5325 21541.8
1683804475 298.44 39.26 5510.76 18055.6
1683804485 302.55 39.6 5435.62 22017.6
1683804495 280.31 39.32 4777.5 22532.7
1683804505 303.22 39.61 5525 21792.2
1683804515 300 39.3 5498.24 17424.3
1683804525 301.57 39.54 5467.84 21887.8
1683804535 287.18 39.31 5172.6 20027
1683804545 298.53 39.3 5498.24 19246.2
1683804555 145.41 38.97 789868 22974.6
1683804565 1.87 38.97 793489 49.46

Execution duration: 00:24:54.54
