1683813193 304.88 1.74 1636.26 4942.63
1683813203 307.93 2.24 1430.16 10048.4
1683813213 308.54 2.69 1399.4 10227.6
1683813223 307.53 3.14 1395.44 10850.7
1683813233 308.6 3.33 1436.76 12242.3
1683813243 308.33 3.15 1471.56 6754.41
1683813253 311.49 3.7 1421.21 12363.5
1683813263 306.03 4.21 1441.9 7759.68
1683813273 307.33 4.27 1419.41 8996.04
1683813283 180.69 4.94 15316.9 8773.05
1683813293 310.38 5.22 1393.47 15128.8
1683813303 307.54 5.29 1421.6 7601.98
1683813313 306.94 5.43 1395.44 10124.1
1683813323 306.34 5.68 1420.2 7776.24
1683813333 308.92 6.54 1420.81 12262
1683813343 306.82 6.53 1440.86 7512.73
1683813353 313.74 7.16 1393.08 14633.8
1683813363 307.33 6.95 1419.81 5933.07
1683813373 307 7.58 1387.19 9305.62
1683813383 157.19 7.89 14582.6 9405.91
1683813393 309.59 8.33 1366.41 9375.1
1683813403 309.49 8.63 1392.68 10254
1683813413 312.04 8.96 1364.1 16723.1
1683813423 307.62 8.94 1441.9 5434.78
1683813433 312.06 9.27 1417 9602.77
1683813443 306.11 9.56 1412.41 10251.8
1683813453 310.2 9.73 1445.15 9396.44
1683813463 308.02 10.43 1391.3 10798
1683813473 311.27 10.68 1407.11 14590.9
1683813483 306.22 10.8 1454.95 6143.87
1683813493 149.96 10.97 15815.6 7393.08
1683813503 307.89 11.5 1390.32 12501.1
1683813513 306.82 11.49 1418 6271.02
1683813523 309.39 12.21 1391.7 11612.6
1683813534 310.84 12.42 1385.83 13047.2
1683813544 305.58 12.8 1428.57 8697.46
1683813554 307.2 12.98 1387.19 10258.1
1683813564 305.02 13.47 1409.64 8428.71
1683813573 307.52 13.71 1442.3 7088.93
1683813584 309.06 14.17 1437.64 11594.9
1683813594 311.73 14.72 1388.95 12430.8
1683813604 136.95 14.86 15744.6 9618.13
1683813614 306.71 14.99 1439.44 7650.89
1683813624 309.36 15.57 1385.83 10805.9
1683813634 308.97 15.52 1414.2 9121.1
1683813644 307.26 15.88 1406.87 7186.65
1683813654 310.44 16.56 1387.19 11845.1
1683813664 309.74 16.38 1411.81 12275.6
1683813674 306.92 16.94 1441.9 8824.9
1683813684 309.83 17.32 1386.22 10235.8
1683813694 305.91 17.62 1411.02 7955.51
1683813704 308.17 18.11 1411.41 10090.5
1683813714 310.23 18.14 1397.64 9759.45
1683813724 300.99 18.63 16945.2 13174.9
1683813734 306.29 18.36 1410.03 6214.75
1683813744 309.64 19.05 1411.02 10418.9
1683813754 307.58 19.05 1386.22 7527.95
1683813764 308.52 19.8 1380.39 11109.4
1683813774 309.63 20.01 1382.54 11416.3
1683813784 309.07 20.42 1386.22 11878.7
1683813794 308.56 20.54 1436.61 7085.83
1683813804 308.94 20.73 1408.25 9751.28
1683813814 306.2 21.24 1384.46 8119.96
1683813824 309.22 21.48 1380.78 12172.5
1683813834 180.45 22.05 16513.2 7944.59
1683813844 308.65 22.32 1333.99 13797.6
1683813854 305.31 22.06 1409.64 5638.15
1683813864 308.23 22.77 1382.14 9757.41
1683813874 308.45 22.72 1409.64 9553.98
1683813884 307.47 23.48 1408.25 9585.46
1683813894 309.72 23.49 1431.99 10105.6
1683813904 313.27 24.03 1360.08 14632.5
1683813914 305.51 24.36 1436.61 5967.32
1683813924 308.93 24.75 1381.75 9610.21
1683813934 305.77 24.97 1403.13 8537.77
1683813944 123.55 25.44 15806.5 9996.46
1683813954 307.65 25.74 1383.49 9926.92
1683813964 312.08 26.09 1381.75 14766.2
1683813974 304.01 26.13 1402.74 5801.96
1683813984 307.15 26.5 1405.88 8696.86
1683813994 305.58 26.75 1379.04 8936.34
1683814004 309.2 26.96 1429.58 11064.5
1683814014 311.89 27.67 1408.25 11061.3
1683814024 309.28 28.04 1401.76 10595.1
1683814034 312.82 27.94 1404.11 10818.8
1683814044 303.62 28.42 1353.27 6845.36
1683814054 302.16 28.75 15326.4 10635.9
1683814064 304.01 29.07 1350 8367.97
1683814074 307.34 29.44 1378.08 12776.5
1683814084 302.94 29.83 1379.04 8027.03
1683814094 304.18 30.17 1345.53 10317.1
1683814104 301.27 30.19 1376.34 8214.66
1683814114 306.88 30.82 1382.14 11254.2
1683814124 306.68 31.17 1408.25 8436.15
1683814134 308.71 31.3 1403.13 11191
1683814144 306.85 32.02 1404.11 8794.91
1683814154 307.05 32.2 1378.47 11964
1683814164 252.55 32.45 16365.9 8505.28
1683814174 309.57 32.69 1425 8894.14
1683814184 309.26 33.21 1371.37 10595.5
1683814194 308.42 33.25 1377.69 9331.12
1683814204 313.46 34.15 1399.02 10109.3
1683814214 307.89 34.16 1396.3 11402.1
1683814224 306.81 34.25 1395.91 6877.9
1683814234 306.83 34.55 1375.39 9745.31
1683814244 308.41 34.81 1376.34 11329.8
1683814254 309.29 35.33 1426.78 7976.15
1683814264 311.31 35.55 1398.63 10231.8
1683814274 243.57 36.01 15894.9 12829.2
1683814284 302.15 36.03 1426.39 5954.25
1683814294 308.28 36.47 1371.37 9926
1683814304 306.62 36.5 1397.27 9605.85
1683814314 305.66 36.97 1373.66 11082.5
1683814324 304.17 37.58 1366.05 8209.51
1683814334 311.21 37.58 1347.76 15142.7
1683814344 304.69 37.92 1399.02 6928.39
1683814354 306.12 37.87 1444.36 9048.64
1683814364 309.09 38.14 1400 8624.22
1683814374 306.42 38.11 1369.65 12804.3
1683814384 200.49 38.38 15963.4 9548.2
1683814394 307.13 38.38 1375.39 12037.5
1683814404 304.55 38.38 1411.22 6331.53
1683814414 304.87 38.11 1396.3 9268.94
1683814424 306.92 38.11 1398.63 8727.41
1683814434 308.19 38.39 1374.05 11492.3
1683814444 305.15 38.12 1416.7 7339.03
1683814454 312.09 38.39 1349.07 15152.4
1683814464 303.99 38.39 1418.08 5402.53
1683814474 308.39 38.39 1398.63 11015.4
1683814484 305.46 38.12 1424 7873.56
1683814494 90.94 38.38 15730.5 10648.5
1683814504 308 38.39 17110.2 8979.51
1683814514 309.43 38.39 1343.44 11377.3
1683814524 308.55 38.11 1370.04 10859.9
1683814534 305.76 38.4 1350 7326.95
1683814544 307.77 38.39 1342.14 11216.3
1683814554 308.58 38.12 1397.66 11819.9
1683814565 304.96 38.39 1412.75 6315.51
1683814574 306.64 38.39 1399.02 11655.4
1683814584 303.6 38.12 1321.91 10775.9
1683814594 308.95 38.39 1419.85 9810.12
1683814604 306.16 38.39 1423.61 7544.98
1683814614 286.54 38.39 16252.9 7506.73
1683814624 310.53 38.45 1373.66 13016.2
1683814634 306.43 38.52 1395.91 9234.66
1683814644 306.24 38.52 1373.49 11211.7
1683814654 303.51 38.52 1395.91 7071.08
1683814664 311.33 38.25 1400.39 11055.1
1683814674 310.93 38.52 1411.22 11433.7
1683814684 305.27 38.53 1400.39 8155.47
1683814694 309.74 38.25 1395.91 9861.73
1683814704 308.57 38.52 1370.04 13245.1
1683814714 306.33 38.52 1422.22 6228.85
1683814724 241.32 38.52 16196.7 10639.8
1683814734 305.37 38.52 1397.66 8718.13
1683814744 308.05 38.52 1389.15 9096.9
1683814754 308.86 38.25 1396.3 11163.4
1683814764 313.46 38.25 1348.68 13372.5
1683814774 306.83 38.52 1375.39 6143.36
1683814784 304.39 38.52 1370.98 8938.66
1683814794 307.81 38.53 1398.63 10096.8
1683814804 305.94 38.52 1396.3 8930.48
1683814814 307.12 38.57 1373.66 12344.2
1683814824 121.06 38.56 14535.3 12672.9
1683814834 304.38 38.57 1391.84 5573.2
1683814844 308.09 38.58 1347.76 10494.4
1683814854 306.42 38.57 1394.55 8987.94
1683814864 308.96 38.3 1345.14 10970.8
1683814874 308.75 38.57 1369.65 10344
1683814884 308.98 38.57 1374.44 12114
1683814894 305.06 38.57 1421.23 5201.56
1683814904 305.76 38.57 1370.98 9287.63
1683814914 307.2 38.3 1371.37 10970.2
1683814924 307.51 38.57 1395.91 10208.8
1683814934 247.57 38.57 15117.2 8033.98
1683814944 308.5 38.56 1350 10692.6
1683814954 308.45 38.3 1367.38 10991.8
1683814964 308.09 38.57 1374.05 10229.5
1683814975 308.52 38.3 1363.02 10509.6
1683814984 308.1 38.58 1399.02 8407.41
1683814994 304.69 38.3 1398.63 8343.41
1683815004 309.74 38.57 1370.98 11642.5
1683815015 305.64 38.57 1393.59 9542.08
1683815024 307.8 38.57 1399.02 9804.49
1683815035 170.29 38.57 14556.5 7970.88
1683815044 308.3 38.56 1375 11630.5
1683815055 308.32 38.3 1362.09 9392.26
1683815065 307.7 38.57 1398.63 10098.3
1683815075 309.83 38.3 1346.84 11172
1683815085 306.93 38.57 1398.63 7701.46
1683815095 308.88 38.58 1400.39 8400.39
1683815105 309.44 38.3 1370.98 12139.8
1683815115 306.84 38.58 1399.02 8444.1
1683815125 307.31 38.58 1372.71 11019.9
1683815135 303.9 38.56 1349.07 11276.5
1683815145 270.69 38.58 15397.5 7681.01
1683815155 310.13 38.58 1370.98 11710.6
1683815165 306.35 38.57 1399.02 8092.88
1683815175 307.44 38.57 1375 7315.62
1683815185 309.37 38.58 1374.05 11800.2
1683815195 310.26 38.57 1375.78 12060.9
1683815205 306.04 38.3 1397.27 5754.78
1683815215 310.44 38.57 1372.71 12965.3
1683815225 303.3 38.58 1415.32 7030.84
1683815235 307.62 38.58 1400.39 8880.08
1683815245 131.75 38.58 14694 12603.9
1683815255 308.8 38.58 1350.78 11844.9
1683815265 304.37 38.59 1415.32 5844.42
1683815275 310.05 38.58 1373.66 10919.4
1683815285 302.59 38.3 1376.2 7236.85
1683815295 310.07 38.58 1376.34 11661.8
1683815305 310.34 38.32 1399.02 9880.2
1683815315 310.11 38.31 1331.79 13125.2
1683815325 304.4 38.59 1424 5487.61
1683815335 308.04 38.58 1389.15 9900
1683815345 303.6 38.58 1396.3 9981.3
1683815355 180.49 38.58 15177 11283.5
1683815365 305.26 38.58 1395.91 9481.6
1683815375 309.53 38.58 1370.04 14213.6
1683815385 304.65 38.31 1386.85 7541.97
1683815395 306.93 38.58 1400.39 9395.7
1683815405 310.15 38.57 1373.66 11897.8
1683815415 308.49 38.57 1424 10257.2
1683815425 303.42 38.3 1422.22 8203.12
1683815435 309.55 38.57 1397.66 10440.9
1683815445 309.93 38.57 1395.33 12370.8
1683815455 309.08 38.58 1400 9382.81
1683815465 172.69 38.58 15680.4 7793.56
1683815475 309.36 38.58 1372.32 11596.1
1683815485 306.52 38.57 1394.94 9573.93
1683815495 306.35 38.58 1398.63 8265.37
1683815505 311.58 38.31 1345.92 13075.1
1683815515 306.72 38.58 1422.22 7197.27
1683815525 307.42 38.58 1398.63 9848.2
1683815535 305.37 38.31 1424 9468.1
1683815545 313.96 38.57 1400 11929.3
1683815555 305.9 38.58 1386.85 8118.38
1683815565 308.95 38.57 1345.14 13253.3
1683815575 80.59 38.49 15520.4 7397.46
1683815585 305.17 38.58 16968.6 9076.68
1683815595 304.28 38.58 1371.37 7777.22
1683815605 308.4 38.31 1375 11415.6
1683815615 310.25 38.3 1375 10643
1683815625 311.63 38.58 1340.31 13645.4
1683815635 304 38.31 1400 6698.83
1683815645 311.03 38.32 1400.39 12351.2
1683815655 308.44 38.58 1391.84 10035.7
1683815665 306.71 38.31 1394.94 9331.91
1683815675 307.4 38.58 1344.75 11715.6
1683815685 207.64 38.57 14807 10892.1
1683815695 303.71 38.3 1400.39 5855.47
1683815705 305.93 38.57 1369.65 9052.14
1683815715 309.56 38.31 1372.71 10352.4
1683815725 307.41 38.58 1347.37 11161
1683815735 306.21 38.58 1390.88 8701.45
1683815745 311.31 38.57 1322.81 12747.8
1683815755 303.22 38.57 1394.94 5675.49
1683815765 308.1 38.31 1375 10261.3
1683815775 306.82 38.58 1369.65 7917.12
1683815785 196.01 38.58 14171 12689
1683815795 303.52 38.58 1398.63 5566.44
1683815805 312.36 38.58 1346.45 15957.9
1683815815 306.62 38.3 1395.91 7311.39
1683815825 307.51 38.31 1372.71 8336.45
1683815835 307.02 38.58 1372.32 9792.59
1683815845 308.87 38.31 1373.66 11845.9
1683815855 305.07 38.58 1374.05 9086.83
1683815865 306.9 38.58 1394.55 8385.6
1683815875 308.78 38.58 1374.44 11630.4
1683815885 307.49 38.31 1395.91 7674.78
1683815895 193.69 38.58 15456.3 12268
1683815905 304.58 38.58 1409.15 7705.94
1683815915 307.11 38.58 1411.31 9028.85
1683815925 306.05 38.3 1347.76 8591.03
1683815935 309.3 38.3 1339.92 13988.8
1683815945 304.58 38.57 1397.66 7186.35
1683815955 309.63 38.57 1393.2 10757.2
1683815965 308.86 38.31 1421.23 9340.6
1683815975 306.25 38.57 1401.75 9421.66
1683815985 310.45 38.57 1400.39 11447.3
1683815995 309.3 38.31 1429.68 10343
1683816005 155.04 38.58 15744.3 8342.91
1683816015 307.46 38.57 1388.19 8607.16
1683816025 305.75 38.57 1407.19 8371.23
1683816035 309.77 38.57 1466.02 11459.4
1683816045 308.82 38.57 1412.79 8362.4
1683816055 312.99 38.57 1357.81 14198
1683816065 304.69 38.57 1400 6143.75
1683816075 308.98 38.3 1398.83 9573.88
1683816085 309.28 38.57 1374.83 11442
1683816095 308.08 38.57 1370.98 9002.92
1683816105 306.13 38.57 1394.94 8035.8
1683816115 304.78 38.3 1299.9 14393.4
1683816125 287.21 38.57 16830.9 5708.98
1683816135 308.07 38.57 1368.32 11276.2
1683816145 304.19 38.3 1375.39 6178.12
1683816155 311.3 38.57 1397.27 10837.8
1683816165 307.26 38.57 1343.51 11951.5
1683816175 309.35 38.57 1347.23 11831.7
1683816185 307.12 38.3 1400 6414.45
1683816195 307.03 38.57 1400.39 7933.59
1683816205 308.28 38.3 1395.91 9532.62
1683816215 307.03 38.57 1374.05 10147.5
1683816225 309.64 38.3 1372.32 9946.98
1683816235 249.86 38.57 15986.1 13488.5
1683816245 306.8 38.57 1390.88 9499.52
1683816255 311.59 38.3 1346.06 11549.8
1683816265 304.57 38.57 1419.85 6791.05
1683816275 306.82 38.57 1370.98 10749
1683816285 306.23 38.57 1421.23 8643.43
1683816295 311.22 38.3 1373.66 11344.8
1683816305 307.39 38.57 1371.37 9905.74
1683816315 305.75 38.3 1395.91 8330.67
1683816325 307.5 38.57 1372.32 11221.4
1683816335 85.56 38.22 0.39 9486.44
1683816345 304.49 38.56 15987.9 8562.73
1683816355 309.7 38.57 1365.66 9902.23
1683816365 308.67 38.3 1321.13 12175.3
1683816375 305.64 38.57 1370.04 8382.88
1683816385 308.37 38.56 1370.98 9680.23
1683816395 309.13 38.57 1393.2 8847.04
1683816405 308.44 38.31 1389.54 9694.96
1683816415 308.67 38.58 1397.27 10023.8
1683816425 312.16 38.58 1371.21 12664.2
1683816435 303.69 38.58 1368.32 7439.07
1683816445 309.84 38.3 1395.91 9962.22
1683816455 255.51 38.57 16248.6 7805.66
1683816465 307.32 38.57 1374.05 12185
1683816475 307.21 38.31 1374.05 8244.29
1683816485 309.26 38.57 1358.83 13229.3
1683816495 303.01 38.56 1417.09 5770.49
1683816505 305.75 38.56 1395.91 8723.27
1683816515 311.92 38.29 1400 11166
1683816525 302.81 38.57 1391.84 9059.81
1683816535 307.8 38.3 1400.39 10847.7
1683816545 309.15 38.57 1374.88 13494.5
1683816555 100.01 38.57 14545 5435.96
1683816565 287.83 38.57 333.39 1048.1
1683816575 274.17 38.48 290.84 1134.5

Execution duration: 00:56:35.35
