1683854753 281.9 2.73 5764.21 13422.7
1683854763 300.5 3.61 5638.5 23007.5
1683854773 294.85 4.19 5645.59 19938.6
1683854783 297.53 5.17 5471.66 24055.3
1683854793 299.5 6.29 5614.66 21645.5
1683854803 262.79 6.78 4751.97 23321.7
1683854813 298.71 7.52 5647.09 18809.9
1683854823 295.95 8.05 5704.75 18924.1
1683854833 300.49 8.57 5614.66 21327.9
1683854843 296.1 9.69 5512.89 20555.1
1683854853 288.65 10.65 5218.95 23343.7
1683854863 303.35 11.26 5598.02 23239.1
1683854873 292.61 11.31 5474.68 19424.6
1683854883 297.44 11.97 5592.5 19748.7
1683854893 299.9 13.24 5598.02 21633.2
1683854903 299.31 13.82 5532.81 22258.2
1683854913 301.38 14.63 5585.39 21521.8
1683854923 261.44 15.37 4834.71 17641.4
1683854933 300.1 15.85 5523 21713.3
1683854943 298.22 16.56 5561.77 23322.2
1683854953 303.14 17.68 5457.36 20605.1
1683854963 298.43 18.02 5637.04 19258.3
1683854973 300.3 19.32 5536.55 22870.2
1683854983 273.82 20 5072.84 18632.3
1683854993 293.07 20.14 5406.53 20328
1683855003 302.07 21.33 5485.71 22796.5
1683855013 300.1 21.83 5549.16 20221.5
1683855023 285.82 22.51 5367.32 19515
1683855033 301.55 23.35 5382.14 22152.2
1683855043 295.89 24.43 5567.48 19120.5
1683855053 285.74 24.77 5022.62 23681.4
1683855063 295.28 25.56 5588.59 18079.5
1683855073 296.27 26.02 5464.57 18855
1683855083 298.72 26.74 5448.27 21706
1683855093 291.29 28.07 5177.67 23435.8
1683855103 299.21 28.57 5613.76 19522.1
1683855113 275.15 29.24 4791.03 23880.7
1683855123 292.63 29.61 5570.53 18069.5
1683855133 298.92 30.64 5500.1 20758.7
1683855143 295.69 31.37 5453.87 19069.5
1683855153 302.15 31.87 5453.87 21781
1683855163 282.76 33.04 5240.74 20992.4
1683855173 303.53 33.51 5414.33 25469.7
1683855183 283.88 33.83 5150.78 18444.5
1683855193 298.44 34.9 5423.09 19135.4
1683855203 292.37 35.47 5436.01 22227
1683855213 298.83 36.23 5346.27 20654.9
1683855223 261.3 37.23 4854.71 19103
1683855233 301.08 37.88 5351.52 22416.1
1683855243 287.32 38.32 5220.68 20924.1
1683855253 301.57 38.36 5486.1 19621.1
1683855263 299.51 39.01 5484.32 22957.3
1683855273 295.1 38.73 5498.63 16790.2
1683855283 297.28 39.01 5480.78 21735.2
1683855293 297.57 38.72 5384.62 22845.2
1683855303 304.9 39 5516.94 22054.8
1683855313 300.78 38.73 5511.15 21860.3
1683855323 303.12 38.99 5487.89 22421.1
1683855333 294.68 38.74 5429.57 17634
1683855343 301.28 39.03 5504.01 20715
1683855353 299.61 38.73 5475.39 20967.2
1683855363 266.05 38.67 4735.82 22012.9
1683855373 301.17 39.03 5557.46 17323.7
1683855383 302.93 38.75 5423.48 23206.7
1683855393 296.59 38.74 5532.49 16802.3
1683855403 288.11 39.17 5139.96 23190.6
1683855413 297.26 38.88 5512.89 18873.8
1683855423 297.85 39.17 5155.42 26414.5
1683855433 296.97 38.84 5604.31 15730.1
1683855443 300.87 38.87 5514.62 20713.5
1683855453 296.55 39.19 5480.84 23125.3
1683855463 297.46 38.87 5505.77 19357.6
1683855473 276.64 39.18 4948.39 20834.3
1683855483 303.13 38.82 5382.63 23961.4
1683855493 288.42 38.88 5404.67 17591.4
1683855503 298.83 39.15 5525.39 20475.4
1683855513 302.74 38.88 5450.39 21601.2
1683855523 303.92 39.17 5480.74 23840.9
1683855533 278.66 38.89 5003.12 20147.8
1683855543 288.41 38.86 5218.46 19767
1683855553 297.27 39.19 5305.57 22660.4
1683855563 303.43 39.01 5478.94 22613.1
1683855573 291.4 39.01 5480.35 16104.8
1683855583 304.8 39.3 5448.14 22888.1
1683855593 302.24 38.99 5452.24 21803.5
1683855603 281 39.27 5152.99 20503
1683855613 307.24 39.01 5480.74 22726.1
1683855623 303.13 39.3 5443.21 21739.2
1683855633 295.23 38.99 5496.79 16739.2
1683855643 293.44 39.31 5190.6 23670.1
1683855653 298.46 39.02 5424.33 20390
1683855663 298.44 39 5482.54 18103.4
1683855673 288.28 39.28 5000.78 24054.3
1683855683 300.98 39 5461.06 19662.6
1683855693 303.62 39.3 5543.3 21814.3
1683855703 299.22 39.01 5521.71 19771
1683855713 278.27 39 5210.18 16713.9
1683855723 300.89 39.31 5430.69 22620.5
1683855733 286.97 39.02 4994.9 26299.6
1683855743 296.4 39.29 5534.18 17670.5
1683855753 300.1 39.01 5523.68 19454.8
1683855763 304.09 39.27 5534.18 20461.2
1683855773 301.46 39.31 5484.32 20772.7
1683855783 260.87 39.05 4535.92 21982.9
1683855793 303.79 39.33 5509.64 21770.2
1683855803 298.06 39.35 5469.14 20839.3
1683855813 300.49 39.04 5505.77 19070.2
1683855823 289.53 39.34 5386.69 20657.5
1683855833 304.2 39.37 5449.47 23721.6
1683855843 295.99 39.36 5544.47 16629.1
1683855853 303.02 39.36 5426.9 22729.8
1683855863 288.83 39.05 5165.91 20576.3
1683855873 298.83 39.05 5568.33 22031.7
1683855883 302.93 39.36 5548.73 20342.9
1683855893 299.51 39.06 5467.84 19108.9
1683855903 303.62 39.38 5450.39 20518.8
1683855913 303.8 39.35 5484.32 20477.1
1683855923 278.77 39.06 4945.2 22635.6
1683855933 308.21 39.06 5480.74 22380.5
1683855943 297.76 39.3 5593.35 17228.5
1683855953 286.7 39.05 5142.91 21248.5
1683855963 291.84 39.38 5361.65 22154.2
1683855973 294.65 39.11 5559.88 17478.1
1683855983 307.63 39.1 5314.95 26073.5
1683855994 298.45 39.38 5515.95 17328.4
1683856003 303.12 39.08 5544.98 20183.4
1683856013 296.87 39.37 5185.52 24733.8
1683856023 295.4 39.19 5561.25 15490.4
1683856034 306.47 39.44 5373.38 25400.4
1683856044 282.54 39.18 5025.56 21131.3
1683856054 297.74 39.12 5641.92 15012
1683856064 302.84 39.48 5412.89 21441
1683856074 305.25 39.47 5566.15 23849.8
1683856084 279.61 39.16 5207.8 17351.4
1683856094 299.71 39.48 5436.01 20007.8
1683856104 301.08 39.17 5207.42 26818.7
1683856114 265.2 39.18 5080.35 15810.8
1683856124 301.77 39.17 5573.78 20671.6
1683856134 296.98 39.41 5557.46 22656
1683856144 301.86 39.14 5432.59 18615.4
1683856154 264.06 39.2 4851.71 16183.3
1683856164 301.47 39.44 5494.63 22508.1
1683856174 309.15 39.18 5480.43 23734.8
1683856184 303.42 39.47 5401.95 22605.8
1683856194 299.61 39.15 5500 17927.3
1683856204 301.47 39.49 5372.99 21808.2
1683856214 296.68 39.43 5525 19320.3
1683856224 284.53 39.18 5177.67 19799.4
1683856234 306.64 39.46 5488.28 24591.8
1683856244 20.04 38.84 790636 2194.33

Execution duration: 00:24:55.55
