1683809754 304.28 1.73 1785.07 4945.27
1683809764 306.46 2.2 1424.43 9887.98
1683809774 306.93 2.66 1422.4 9399.41
1683809784 305.55 2.94 1392.46 14963.9
1683809794 307.33 3.02 1445.54 6737.82
1683809804 309.01 3.16 1420.81 9943.71
1683809814 306.75 3.73 1448.02 8455.56
1683809824 305.62 4.09 1412.41 9918.42
1683809834 306.36 4.23 1420.81 8607.73
1683809844 179.39 4.88 15187.7 16306
1683809854 305.26 4.91 1444.75 5230.5
1683809864 307.33 4.97 1394.85 8441.19
1683809874 306.05 5.58 1395.44 10295.3
1683809884 308.08 5.76 1387.19 11412.8
1683809894 308.01 6.38 1416.6 8630.43
1683809904 309.47 6.56 1390.32 12337.2
1683809914 307.31 6.9 1414.2 9420.51
1683809924 308.5 6.87 1418.4 8030.46
1683809934 309.1 7.57 1392.68 11303.3
1683809944 137.88 8 14519.5 10028
1683809954 307.91 8.46 1418.4 11328.2
1683809964 305.84 8.73 1416.6 7962.45
1683809974 308.7 8.84 1418.4 11852.4
1683809984 307.7 8.67 1415.2 6335.64
1683809994 308.49 9.41 1415.59 9692.79
1683810004 311.45 9.7 1389.93 13683.3
1683810014 306.7 10.21 1414.2 8248.13
1683810024 309.59 10.49 1447.83 7515.02
1683810034 312.33 10.55 1388.95 15235.9
1683810044 305.54 10.92 1440.86 6955.58
1683810054 140.2 11.24 15734 8830.73
1683810064 307.37 11.71 1386.22 10014.6
1683810074 310.68 11.87 1391.3 11058.5
1683810084 311.54 12.56 1363.7 11633.9
1683810094 310.15 12.41 1389.35 10753.1
1683810104 306.52 12.91 1390.32 8425.27
1683810114 307.67 12.94 1434.81 7562.64
1683810124 309.28 13.34 1415.2 10495.6
1683810134 311.45 14.13 1390.32 11430.6
1683810144 307.39 14.04 1437.64 8184.04
1683810154 311.75 14.58 1390.72 13901.3
1683810164 119.48 14.57 15677.9 5840.15
1683810174 308.15 15.16 1383.49 11227.1
1683810184 305.91 15.43 1413.81 9039.05
1683810194 308.59 15.91 1365.05 10723.4
1683810205 305.17 16.18 1423.61 8197.46
1683810214 311.05 16.48 1338.86 14496.6
1683810224 306.6 16.6 1439.44 6397.24
1683810234 310.63 16.78 1412.41 10539.1
1683810244 304.74 17.39 1438.03 8543.45
1683810255 311.22 17.76 1411.02 10437.8
1683810265 306.58 18.01 1432.38 8471.44
1683810274 313.42 18.44 1388.95 15543.6
1683810285 280.1 18.47 16961.2 5276.06
1683810295 311.64 18.93 1413.81 11926.6
1683810305 305.71 19.19 1406.87 6321.49
1683810315 307.47 19.68 1383.49 11722.6
1683810325 310.31 20.18 1381.75 9954.86
1683810335 310.32 20.29 1383.89 13591.4
1683810345 305.11 20.17 1430.59 5981.96
1683810355 309.13 20.71 1408.64 8843.22
1683810365 307.27 20.83 1433.4 8916.31
1683810375 307.47 21.61 1381.75 11812.4
1683810385 307.58 21.87 1410.03 8044.05
1683810395 194.89 22.28 16505 16018.1
1683810405 303.93 22.38 1407.26 5408.83
1683810415 308.44 22.31 1406.87 8565.26
1683810425 307.56 22.93 1382.14 9660.06
1683810435 309.93 23.05 1409.64 9676.3
1683810445 307.17 23.81 1383.1 10958.4
1683810455 310.82 24.16 1409.64 9666.47
1683810465 313.85 24.03 1433.79 10992.1
1683810475 306.75 24.61 1404.5 8889.32
1683810485 308.33 24.92 1405.49 8760.39
1683810495 305.48 25.33 1403.13 9632.09
1683810505 135.26 25.84 15850.7 10899.1
1683810515 306.94 26.15 1378.08 11454.8
1683810525 308.16 26.29 1383.49 9395.68
1683810535 306.74 26.34 1401.76 7440.47
1683810545 309.69 26.66 1377.69 9722.11
1683810555 307.54 27.37 1404.11 9009.99
1683810565 305.89 27.44 1405.88 9723.92
1683810575 303.44 28.11 1356.62 10404.7
1683810585 305.85 28.26 1374.05 12484.3
1683810595 306.95 28.3 1404.11 8924.19
1683810605 94.73 28.86 14015.6 8997.46
1683810615 308.02 29.31 1376.34 9301.27
1683810625 308.79 29.64 1376.73 12067.2
1683810635 305.29 30.1 1377.69 8972.21
1683810645 306.86 29.99 1353.97 12075.6
1683810655 306.86 30.41 1405.88 6558.82
1683810665 309.78 30.9 1401.37 11280.5
1683810675 309.3 30.9 1404.5 8844.66
1683810685 308.33 31.67 1405.49 10369
1683810695 303.23 31.67 1402.74 8455.58
1683810705 306.16 32.28 1350.39 13330.1
1683810715 307.24 32.49 1402.74 6897.06
1683810725 274.35 32.81 16532 9568.66
1683810735 304.09 33.11 1369.65 8449.42
1683810745 309 33.36 1379.43 11482.5
1683810755 304.77 33.99 1366.99 9326.6
1683810765 310.46 34.24 1353.42 13312.7
1683810775 303.03 34.33 1423.61 6192.78
1683810785 306.43 34.53 1396.3 9004.09
1683810795 309.55 35.09 1397.27 9870.96
1683810805 305.57 35.27 1400 10867.2
1683810815 303.91 35.83 1400.39 7447.27
1683810825 312.61 36.21 1350.78 16050.4
1683810835 270.86 36.39 16172.7 7439.77
1683810845 301.17 36.7 1375 7205.86
1683810855 303.53 37.02 1380.78 9532.94
1683810865 306.9 37.59 1368.32 11311.2
1683810875 301.37 37.75 1397.66 7725.15
1683810885 312.54 37.88 1354.36 15311.7
1683810895 304.11 38.15 1425 5592.19
1683810905 308 38.16 1400.39 7721.48
1683810915 309.92 38.16 1368.32 12049
1683810925 308.06 38.16 1392.23 9076.5
1683810935 309.1 38.18 1376.34 8362.07
1683810945 228.16 38.18 16129 12686.5
1683810955 306.36 38.18 1383.22 9974.54
1683810965 306.05 37.91 1397.27 8907.21
1683810975 308.3 38.27 1397.27 11918.1
1683810985 304.36 38 1413.95 7748.06
1683810995 309.66 38.27 1400.39 10521.1
1683811005 304.87 38.27 1420.84 6879.07
1683811015 308.46 38.27 1370.43 12768.1
1683811025 306.53 38.25 1423.61 8327.41
1683811035 306.59 38.27 1390.88 7858
1683811045 309.77 38.34 1423.61 11166
1683811055 121.91 38.34 15929.9 10150.7
1683811065 304.95 38.34 1390.88 9500.68
1683811075 310.57 38.33 1351.32 12076.6
1683811085 307.71 38.07 1400.39 8392.58
1683811095 306.22 38.07 1368.32 9966.18
1683811105 305.94 38.33 1396.3 8309.25
1683811115 305.72 38.07 1363.02 10005.4
1683811125 306.61 38.06 1393.2 9435.96
1683811135 310.05 38.34 1350.24 12725.5
1683811145 302.73 38.07 1423.61 6013.27
1683811155 309.98 38.33 1351.71 11985.5
1683811165 111.14 38.33 15061.4 9613.17
1683811175 304.08 38.34 1369.65 7729.57
1683811185 306.05 38.34 1373.66 9009.56
1683811195 309.95 38.07 1324.49 14057.4
1683811205 305.37 38.34 1425 6842.97
1683811215 303.48 38.34 1383.78 10167.2
1683811225 307.9 38.34 1349.07 10682.9
1683811235 305.86 38.07 1426.39 7425.61
1683811245 310.34 38.34 1374.05 11752.2
1683811255 306.22 38.07 1367.77 12722.3
1683811265 305.17 38.34 1397.66 5938.01
1683811275 302.93 38.34 1395.91 8571.76
1683811285 266.15 38.33 16393.8 10100.8
1683811295 307.21 38.34 1395.91 11221.4
1683811305 307.89 38.34 1395.91 9527.17
1683811315 309.44 38.07 1358.53 13334.2
1683811325 304.78 38.34 1422.22 5786.74
1683811335 306.74 38.36 1399.02 7618.73
1683811345 311.12 38.48 1385.12 13452
1683811355 304.88 38.51 1422.61 9280.7
1683811365 307.22 38.24 1423.61 9843.51
1683811375 308.46 38.51 1321.52 14691.3
1683811385 149.46 38.51 14799.2 5493.07
1683811395 305.66 38.5 1397.27 8789.08
1683811405 308.97 38.24 1374.05 12095.2
1683811415 306.04 38.24 1420.84 6835.83
1683811425 306.44 38.51 1374.05 11687
1683811435 306.82 38.51 1395.91 11434.9
1683811445 309.58 38.52 1364.18 11286
1683811455 305.83 38.24 1394.55 8147.47
1683811465 305.46 38.51 1397.27 11336.8
1683811475 308.18 38.51 1396.3 8726.78
1683811485 86.22 38.44 14034.6 11031.5
1683811495 303.82 38.51 15507.3 8735.87
1683811505 306.63 38.51 1347.76 11691.6
1683811515 306.53 38.24 1372.71 10585.6
1683811525 304.98 38.51 1400 7164.84
1683811535 306.25 38.5 1399.02 10658.7
1683811545 307.78 38.51 1369.65 9478.99
1683811555 303.89 38.24 1395.91 9939.24
1683811565 307.69 38.51 1370.43 12398.4
1683811575 304.48 38.23 1420.84 6687.83
1683811585 308.59 38.51 1374.05 11718.6
1683811595 238.53 38.5 14935.5 9030.4
1683811605 305.85 38.51 1370.98 9138.07
1683811615 309.74 38.24 1397.27 10173.5
1683811625 309.82 38.51 1342.53 12805.4
1683811635 303.7 38.24 1396.3 6820.64
1683811645 307.48 38.51 1366.99 12067.6
1683811655 303.03 38.24 1412.89 6145.7
1683811665 306.42 38.51 1369.65 10961.1
1683811675 308 38.51 1422.61 8594.93
1683811685 311.18 38.51 1342.14 14429.1
1683811695 128.15 38.5 14589.1 6941.13
1683811705 308.23 38.51 1351.32 11268
1683811715 306.54 38.23 1397.27 8667.84
1683811725 307.3 38.51 1370.04 11152.1
1683811735 304.37 38.24 1389.15 7811.24
1683811745 310.95 38.51 1350.78 14404.7
1683811755 305.07 38.23 1398.63 5813.07
1683811765 308.1 38.24 1400.39 9572.27
1683811775 309.17 38.51 1400 12353.5
1683811785 303.59 38.24 1392.23 7530.87
1683811795 308.89 38.51 1400 11596.9
1683811806 204.25 38.5 15083.2 12832.5
1683811815 303.03 38.51 1425.39 6057.03
1683811825 308.87 38.24 1372.32 10145.4
1683811835 307.79 38.24 1393.59 8772.4
1683811845 308.47 38.5 1369.65 10598.4
1683811855 308.98 38.5 1399.02 10676.7
1683811865 311.12 38.5 1397.27 12150.1
1683811876 309 38.51 1388.19 8823.23
1683811885 307.43 38.24 1400.39 9112.89
1683811896 305.65 38.5 1393.2 9555.3
1683811905 307.7 38.51 1371.37 8957.35
1683811916 261.64 38.5 15625.2 10879.2
1683811925 304.29 38.51 1400 7566.8
1683811936 308.47 38.51 1371.76 11940.8
1683811945 306.55 38.51 1400.39 9382.42
1683811955 307.21 38.24 1400 9335.55
1683811965 309.67 38.51 1400 10539.5
1683811976 307.62 38.51 1399.02 10949.9
1683811986 304.75 38.51 1389.15 8871.32
1683811996 309.95 38.49 1424 10692.3
1683812006 304.57 38.5 1420.84 6709.25
1683812016 308.14 38.24 1389.54 11508.5
1683812026 250.05 38.51 16129.6 9788.1
1683812036 308.48 38.5 1372.71 9974.66
1683812046 307.9 38.5 1423.61 7589.07
1683812056 312.25 38.51 1343.44 13310.8
1683812066 303.69 38.23 1394.94 6014.79
1683812076 307.3 38.52 1394.55 10220.2
1683812086 306.06 38.24 1400.39 9083.2
1683812096 307.1 38.51 1395.91 10809.4
1683812106 305.86 38.24 1398.63 8945.95
1683812116 312.47 38.5 1347.37 13565.7
1683812126 303.02 38.25 1395.91 5414.61
1683812136 163.87 38.5 15988.3 12725.6
1683812146 306.04 38.51 1422.22 8154.78
1683812156 310.75 38.51 1400.39 10630.5
1683812166 305.84 38.51 1372.32 9173.49
1683812176 306.73 38.24 1324.49 13747.1
1683812186 303.6 38.51 1395.91 6476.73
1683812196 307.39 38.24 1368.71 10637.5
1683812206 303.21 38.5 1395.91 7821.62
1683812216 308.49 38.51 1372.32 10592.6
1683812226 306.64 38.51 1400.39 9188.67
1683812236 308.58 38.51 1349.46 14004.7
1683812246 265.17 38.51 15361.6 6045.27
1683812256 309.74 38.51 1395.91 9381.11
1683812266 304.27 38.24 1366.05 7728.03
1683812276 306.15 38.24 1347.37 12074.9
1683812286 307.27 38.51 1363.02 10109.2
1683812296 309.16 38.24 1333.85 14553.9
1683812306 306.78 38.24 1389.54 9077.52
1683812316 308.3 38.51 1400.39 7798.05
1683812326 305.46 38.24 1397.27 8031.19
1683812336 305.06 38.51 1370.04 10026.1
1683812346 265.4 38.51 14658.5 10037.8
1683812356 307.56 38.51 1364.73 10073.3
1683812366 308.4 38.51 1349.07 10992
1683812376 306.64 38.24 1373.66 9424
1683812386 305.18 38.51 1376.73 7501.08
1683812396 309.67 38.52 1398.63 11686.6
1683812406 307.68 38.25 1394.94 10741.6
1683812416 305.17 38.52 1397.27 7290.84
1683812426 308.97 38.52 1374.83 11848.2
1683812436 305.94 38.52 1395.91 8349.76
1683812446 310.63 38.24 1398.63 11520.8
1683812456 268.57 38.51 15962.8 8264.21
1683812466 306.91 38.51 1408.76 8962.41
1683812476 305.46 38.51 1371.76 11156
1683812486 309.67 38.24 1375 11075.4
1683812496 306.44 38.51 1397.66 8469.79
1683812506 310.61 38.23 1369.65 11111.3
1683812516 306.25 38.51 1424 7890.34
1683812526 308 38.52 1398.63 11003.3
1683812536 303.02 38.26 1395.91 9090.17
1683812546 310.03 38.52 1347.62 13101.9
1683812556 302.91 38.25 1418.08 6262.78
1683812566 247.61 38.51 16301.3 8410.54
1683812576 308.19 38.52 1372.32 11072.9
1683812586 307.09 38.52 1368.71 11445.7
1683812596 300.87 38.25 1385.12 7646.38
1683812606 312.3 38.52 1324.49 15349.5
1683812616 304.18 38.52 1419.85 5366.15
1683812626 308.5 38.52 1400 10599.6
1683812636 305.65 38.51 1419.85 8327.63
1683812646 311.31 38.25 1397.27 12627.3
1683812656 308.02 38.52 1401.76 8852.79
1683812666 304.58 38.26 1343.51 12222.1
1683812676 174.49 38.52 16109.5 5382.28
1683812686 305.83 38.52 1370.98 11315.7
1683812696 304.1 38.52 1398.63 6809.37
1683812706 306.35 38.25 1350.39 9230.86
1683812716 309.17 38.53 1372.32 11773.1
1683812726 307.99 38.52 1321.52 13646
1683812736 301.66 38.52 1344.75 6584.82
1683812746 305.65 38.25 1396.3 8134.76
1683812756 311.29 38.52 1395.91 11486.3
1683812766 304.77 38.51 1370.04 9059.53
1683812776 307.12 38.25 1398.63 8893.66
1683812786 144.87 38.52 15381 11112
1683812796 308.07 38.52 1369.1 9708.84
1683812806 303.69 38.52 1389.15 7977.13
1683812816 306.05 38.25 1397.66 9805.46
1683812826 308.98 38.52 1398.63 12702
1683812836 304.95 38.52 1414.34 6727.52
1683812846 305.56 38.25 1398.63 9725.66
1683812856 310.23 38.25 1371.37 11903.8
1683812866 303.9 38.52 1400 6780.08
1683812876 309.85 38.52 1398.63 12294.6
1683812886 304.57 38.52 1394.94 9853.7
1683812896 206.3 38.51 15298.5 7997.67
1683812906 309.45 38.52 1396.3 12857.6
1683812916 311.12 38.52 1336.04 12993.6
1683812926 303.31 38.51 1382.49 6569.26
1683812936 307.8 38.25 1349.07 11644.9
1683812946 305.95 38.52 1398.63 8457.76
1683812956 308.16 38.52 1376.2 9557.77
1683812966 305.55 38.51 1398.63 9967.22
1683812976 308.28 38.24 1344.75 11929.2
1683812986 304.96 38.51 1391.84 8458.25
1683812996 308 38.52 1372.32 9891.23
1683813006 161.33 38.51 15689.5 6129.3
1683813016 307.71 38.51 1375 12041.4
1683813026 307.8 38.52 1346.45 11571.6
1683813036 308 38.52 1374.05 11434.1
1683813046 304.59 38.24 1424 5559.8
1683813056 307.39 38.52 1369.65 12030.4
1683813066 301.06 38.52 1415.71 6580.41
1683813076 310.25 38.25 1398.63 11376.8
1683813086 306.2 38.53 1412.97 8975.8
1683813096 311.04 38.53 1338.63 14060.4
1683813106 306.14 38.53 1423.61 5742.44
1683813116 225.08 38.54 14735.9 5859.28
1683813126 287.44 38.45 290.17 1751.9
1683813136 105.49 38.44 136.28 79.69

Execution duration: 00:56:29.29
