1683849392 280.1 2.71 5751.24 13565.4
1683849402 299.6 3.73 5672.62 23428.6
1683849412 294.56 4.13 5665.35 20183.8
1683849422 289.6 5.35 5437.23 22040.8
1683849432 298.71 5.79 5659.75 20425.3
1683849442 287.03 6.58 5172.28 26329.5
1683849452 294.85 7.41 5678.02 17968.3
1683849462 295.17 7.83 5686.47 18996.2
1683849472 301.09 8.97 5589.31 21368.7
1683849482 272.08 9.56 4930.3 22824.2
1683849492 294.96 10.28 5654.15 17362.1
1683849502 307.8 11.34 5472.85 28230.2
1683849512 294.48 11.57 5737.01 19070.9
1683849522 301.97 12.71 5459.03 21669.9
1683849533 296.17 13.22 5708.84 19937.9
1683849543 301.97 14.39 5588.59 21386
1683849552 289.45 15.05 5264.3 20156.2
1683849563 299.61 15.52 5536.16 22695.6
1683849573 292.43 15.83 5293.91 21360.3
1683849583 299.31 16.88 5630.37 18926.2
1683849593 296.55 17.69 5510.94 19423.4
1683849603 301.68 18.19 5599.6 23337.1
1683849613 298.72 19 5561.77 19322.2
1683849623 290.84 20.2 5246.5 23549.2
1683849633 294.69 20.24 5576 18876.7
1683849643 299.9 21.11 5442.91 22269.3
1683849653 297.15 22.23 5550.83 19862.3
1683849663 302.45 22.63 5439.06 22195.9
1683849673 297.04 23.82 5536.55 19636.6
1683849683 306.49 24.48 5419.87 24755.2
1683849693 277.19 24.74 5198.42 18000.8
1683849703 299.51 25.82 5532.81 18721.4
1683849713 301.28 26.52 5550.83 20078.7
1683849723 293.22 27.17 5261.35 23520.5
1683849733 296.14 28.24 5535.53 18152.1
1683849743 295.69 28.77 5452.01 21758.6
1683849753 271.52 29.4 4842.43 21892.7
1683849763 303.43 30.43 5572.15 21731.8
1683849773 299.41 30.99 5532.81 20398.8
1683849783 297.37 31.67 5564.52 19207
1683849793 276.59 32.7 5077.77 19068.8
1683849803 305.2 33.4 5539.55 25375.1
1683849813 279.1 34.27 5051.23 20987.2
1683849823 294.01 34.79 5539.94 19009.6
1683849833 298.66 35.31 5412.46 19944.4
1683849843 295.2 36.04 5473.58 19087.7
1683849853 294.6 37.22 5469.94 20235.4
1683849863 285.83 37.74 5130.4 22429.3
1683849873 304.02 38.59 5422.36 26560.4
1683849883 289.47 38.32 5408.78 16731.7
1683849893 303.62 38.51 5541.62 23376.7
1683849903 300 38.81 5566.7 20761.2
1683849913 297.85 38.76 5537.89 18550.8
1683849923 264.02 38.64 4824.81 17595.8
1683849933 306.85 38.63 5523.68 23614.1
1683849943 302.64 38.63 5523.68 21700.2
1683849953 298.73 38.93 5600.39 18938.7
1683849963 301.56 38.64 5398.43 22865.4
1683849973 301.76 38.92 5537.89 18986.3
1683849983 302.54 38.64 5470.05 21256.6
1683849993 275.66 38.91 5017.79 19324.7
1683850003 307.38 38.64 5437.96 24299.7
1683850013 301.27 38.63 5552.05 21299.8
1683850023 297 38.92 5558.61 17246.4
1683850033 299.42 38.74 5468.23 24251.8
1683850043 304.26 39.04 5484.34 21725
1683850053 297.95 38.74 5580.84 19165.6
1683850063 260.91 39.03 4491.89 21368.1
1683850073 298.63 39.03 5629.38 18927.3
1683850083 302.62 39.12 5489.64 23604.3
1683850093 302.44 39.14 5507.9 23484.1
1683850103 268.16 38.88 4900 20283.2
1683850113 299.22 38.88 5477.19 19369.2
1683850123 296.4 39.16 5171.12 25699.9
1683850133 294.96 38.88 5569.38 17712.4
1683850143 302.73 39.16 5491.44 20565
1683850153 302.94 38.9 5466.4 22312.6
1683850163 302.25 39.17 5530.79 20889.9
1683850173 276.08 38.9 5100.39 19264.5
1683850183 310.17 38.88 5443.21 27233.2
1683850193 281.74 39.17 5350.39 19016.8
1683850203 305.08 38.91 5530.79 20479.8
1683850213 304.68 39.27 5420.1 25153.2
1683850223 295.7 38.99 5593.35 17205.1
1683850233 268.88 39.22 4759.69 23299
1683850243 293.42 38.93 5532.81 17260.9
1683850253 307.92 38.99 5398.43 24466.1
1683850263 300.1 39.28 5592.62 17665.6
1683850273 300.59 39 5461.06 23159.7
1683850283 304.79 39.28 5543.3 21854.5
1683850293 300 38.99 5482.15 19831.4
1683850303 302.74 39.28 5441.33 22504.2
1683850313 258.05 39 4658.34 17356.1
1683850323 300.1 39.26 5619.9 20409.8
1683850333 303.91 39.28 5462.89 21978.9
1683850343 275.47 39.01 5130.4 19062
1683850353 304.6 39.28 5448.14 22741.7
1683850363 304.37 39.14 5455.92 23072.6
1683850373 283.78 39.16 5118.67 20361.3
1683850383 297.07 39.4 5648.92 15969.9
1683850393 298.83 39.15 5430.69 22541.9
1683850403 304.19 39.4 5459.4 23747.2
1683850413 261.46 39.44 4897.06 15154.2
1683850423 307.73 39.17 5448.53 24513.1
1683850433 310.67 39.45 5356.95 24950.7
1683850443 290.34 39.15 5632.39 15659.7
1683850453 300.09 39.13 5455.72 18686.2
1683850463 293.64 39.41 5403.33 20306
1683850473 306.44 39.13 5475.78 23351.2
1683850483 306.69 39.44 5413.39 23238.8
1683850493 301.55 39.16 5364.91 21019.9
1683850503 263.68 39.18 4626.29 20564.8
1683850513 306.33 39.47 5539.57 21842.1
1683850523 294.52 39.19 5581.13 16841.6
1683850533 290.83 39.19 5183.22 23322.5
1683850543 299.71 39.47 5332.69 21430.7
1683850553 303.42 39.13 5493.25 21090.9
1683850563 284.08 39.49 5008.98 21949.2
1683850573 299.22 39.49 5521.71 19227.3
1683850583 302.16 39.21 5548.73 20318.2
1683850593 289.06 39.22 5325.39 17769.1
1683850603 306.06 39.18 5487.89 23796.5
1683850613 278.7 39.48 5067.84 21422.9
1683850623 305.55 39.21 5447.32 22389.5
1683850633 301.47 39.43 5605.86 18527.9
1683850644 300 39.22 5498.37 22076.3
1683850653 282.38 39.49 5147.81 19511.2
1683850663 300.68 39.2 5516.34 19708.6
1683850673 304.78 39.49 5484.32 22995.5
1683850683 280.97 39.22 4801.17 23711.2
1683850693 294.29 39.49 5606.59 15250
1683850703 299.22 39.18 5518.28 20147.8
1683850713 305.27 39.21 5393.16 24691.7
1683850723 299.02 39.48 5643.4 19815.8
1683850733 258.94 39.49 4667.45 15805.7
1683850743 307.11 39.17 5409.54 22683.5
1683850753 302.24 39.19 5508.95 19660.7
1683850763 306.27 39.47 5391.18 22173.5
1683850774 297.03 39.46 5314.28 17932.9
1683850783 301.66 39.17 5325.39 21628.1
1683850793 304.86 39.18 5441.64 20216.3
1683850803 304.28 39.18 5377.39 23175.4
1683850813 296.39 39.46 5314.29 19016
1683850823 306.35 39.46 5355.62 23578.5
1683850833 301.27 39.73 5557.46 19537.2
1683850844 297.47 39.48 5498.54 22179.2
1683850853 302.15 39.74 5455.72 21402.2
1683850864 303.12 39.39 5539.57 22722
1683850873 140.55 39.12 792232 22211.5

Execution duration: 00:24:54.54
