1683828919 279.62 2.63 5940.36 14328.8
1683828929 293.37 3.54 5589.31 20252.3
1683828939 297.22 4.4 5640.84 22121.3
1683828949 283.35 5.06 5264.62 21641.6
1683828959 299.11 6.08 5607.54 20597.4
1683828969 267.46 6.71 4913.94 22931.8
1683828979 300.4 7.46 5683.65 19075.5
1683828989 294.66 7.82 5661.2 19160.1
1683828999 302.68 8.9 5607.54 20562.1
1683829009 275.49 9.45 5122.93 20869.2
1683829019 306.93 10.67 5626.93 23235.2
1683829029 302.27 11.31 5421.52 26484.5
1683829039 283.43 11.4 5403.15 16022.9
1683829049 294.01 12.41 5588.59 19132
1683829059 300.1 12.91 5507.82 22457.8
1683829069 296.75 14.01 5547.48 20822.5
1683829079 298.81 14.64 5509.57 20488.5
1683829089 276.65 15.61 5137.98 18896.6
1683829099 304.54 16.09 5459.43 24787
1683829109 302.56 16.56 5700.49 19501.9
1683829119 298.44 17.79 5315.01 23112.7
1683829129 295.27 18.34 5617.75 20293.5
1683829139 301.98 19.07 5509.57 22253.5
1683829149 274.85 20.05 5108.08 18296.2
1683829159 289.33 20.71 5376.28 20407.9
1683829169 297.34 21.14 5510.94 22608.9
1683829179 303.73 22.21 5358.82 21497.2
1683829189 277.33 22.97 5276.15 17101.5
1683829199 298.42 23.7 5554.63 23641.4
1683829209 298.33 24.79 5480.87 19840.2
1683829219 262.7 25.19 4662.22 23175.7
1683829229 297.37 25.77 5527.1 17394.9
1683829239 301.68 26.75 5462.73 20813.8
1683829249 296.17 27.32 5514.82 21170.2
1683829259 280.78 28.15 5145.49 20558.8
1683829269 294.3 29.06 5525.66 17854.5
1683829279 284.83 29.79 4982.46 26238.4
1683829289 295.59 30.09 5554.16 17511.8
1683829299 299.22 30.95 5469.55 19797.6
1683829309 295.23 31.58 5466.54 20680.2
1683829319 297.44 32.67 5500.49 21002.2
1683829329 271.36 33.15 5001.96 19509.5
1683829339 305 34.01 5421.96 26700
1683829349 296.27 34.79 5521.57 17467.5
1683829359 300 35.2 5541.62 19569
1683829369 297.95 36.34 5473.58 21268.9
1683829379 297.26 36.9 5443.21 20307.7
1683829389 299.12 37.94 5425.39 22984
1683829399 272.82 38.59 4874.19 20670.8
1683829409 296.28 38.49 5452.41 18588
1683829420 298.54 38.76 5507.51 19120
1683829429 299.8 38.51 5530.79 21576.1
1683829440 298.64 38.73 5412.5 19924.2
1683829450 305.48 38.47 5461.06 23814.9
1683829460 299.32 38.52 5463.05 18020.6
1683829469 253.53 38.77 4521.72 20917
1683829480 296.79 38.53 5528.79 19560.3
1683829490 298.44 38.76 5493.25 19654.3
1683829500 297.49 38.69 5454.3 21847
1683829510 294.13 38.74 5348.34 19361.2
1683829520 300.2 39.01 5436.01 23708
1683829530 278.15 38.99 4933.07 21982.4
1683829540 298.53 38.73 5611.35 17955.8
1683829550 299.61 38.73 5511.15 20355.8
1683829560 302.25 39 5418.18 22214.7
1683829570 286.2 38.75 5273.19 19448.1
1683829580 305.68 38.8 5450.87 23345.3
1683829590 295.4 39.02 5128.7 25086.4
1683829600 293.05 38.79 5616.84 17772
1683829610 300.4 39.04 5443.21 20927.1
1683829620 297.15 38.8 5496.86 19237.6
1683829630 301.07 38.81 5554.16 19516.9
1683829640 295.7 39.02 5318.08 22177.5
1683829650 290.8 38.79 5172.99 22720.9
1683829660 295.91 39.04 5335.15 21619.9
1683829670 301.08 38.79 5446.66 24187.8
1683829680 294.32 39.11 5443.78 17260.2
1683829690 301.18 38.88 5455.72 21038.5
1683829700 300.59 38.88 5432.2 20878.4
1683829710 284.88 39.14 5120.39 19852.1
1683829720 302.93 39.05 5431.08 22369.9
1683829730 297.36 39.13 5450 21411.7
1683829740 292.87 38.92 5450 19504.3
1683829750 302.15 38.89 5412.89 19609
1683829760 307.88 39.14 5416.73 25734.2
1683829770 287.31 38.91 5350.39 15878.5
1683829780 292.73 39.12 5206.29 23884.1
1683829790 301.08 38.89 5534.51 20638
1683829800 293.63 38.91 5451.33 18106.8
1683829810 294.73 39.12 5375.39 22969.9
1683829820 300.68 38.91 5378.12 20189
1683829830 297.58 38.91 5376.14 20892
1683829840 289.92 39.24 5127.91 22557.5
1683829850 302.54 38.99 5470.05 21398.2
1683829860 299.71 39.22 5504.01 20973.5
1683829870 298.04 38.98 5566.31 17424.5
1683829880 296.48 39 5393.16 20359.7
1683829890 301.07 39.21 5500.39 20749.2
1683829900 278.91 39.01 4763.67 25658.6
1683829910 292.69 39.23 5589.47 14710.3
1683829920 302.64 38.95 5461.06 23145.6
1683829930 305.24 39 5361.71 24398.1
1683829940 293.2 39.28 5510.98 19257.5
1683829950 279.31 39.29 4989.41 19105.7
1683829960 306.24 39 5395.12 25136.8
1683829970 289.21 39.29 5454.09 15527.6
1683829980 301.76 39.04 5443.21 19846.7
1683829990 301.67 39.25 5321.17 23339.6
1683830000 303.6 39.27 5445.14 23097.7
1683830010 296.68 39.03 5543.69 17110.8
1683830020 304.69 39.34 5537.89 21353.1
1683830030 310.84 39.1 5339.45 27278.5
1683830040 294.51 39.11 5584.7 16342.4
1683830050 302.05 39.34 5530.79 22216.6
1683830060 305.97 39.1 5486.1 22733.5
1683830070 267.42 39.34 4972.6 21863.4
1683830080 302.55 39.33 5410.96 20602.3
1683830090 303.52 39.12 5368.13 23847.9
1683830100 300.58 39.07 5605.86 18972.4
1683830110 296.67 39.32 5392.77 21371.3
1683830120 297.58 39.11 5269.52 21354.6
1683830130 293.09 39.11 5454.09 16206.6
1683830140 302.45 39.34 5492.86 21102.2
1683830150 273 39.11 4974.95 23147.5
1683830160 296.58 39.1 5520 19042.3
1683830170 305.53 39.35 5450.63 20706.1
1683830180 303.21 39.11 5299.52 24393.8
1683830190 293.26 39.35 5580.84 15623.5
1683830200 300.1 39.1 5505.77 20395.3
1683830210 295.51 39.12 5000.39 26502.3
1683830220 294.32 39.33 5554.16 19194.9
1683830230 301.66 39.11 5448.53 21825
1683830240 291.98 39.1 5360.47 17128
1683830250 303.7 39.47 5464.72 24349.7
1683830260 302.42 39.19 5417.2 21200.8
1683830270 284.14 39.47 5052.69 24407
1683830280 300.88 39.47 5507.51 18498.3
1683830290 297.17 39.22 5612.5 18027.3
1683830300 299.51 39.23 5517.89 20638.5
1683830310 284.96 39.46 5250 21856.6
1683830320 303.79 39.22 5460.84 18876.6
1683830330 305.18 39.58 5435.94 25994.1
1683830340 278.73 39.31 5120 18002
1683830350 302.82 39.31 5428.79 21430
1683830360 295.99 39.55 5453.48 18134.8
1683830370 296.97 39.33 5335.42 22457.5
1683830380 299.91 39.55 5585.91 19171.4
1683830390 297.85 39.31 5600 23613.3
1683830400 278.07 39.33 4932.95 19507.2
1683830410 14.99 38.95 792183 1054.65

Execution duration: 00:24:56.56
