1683842521 302.99 1.72 1855.53 4938.91
1683842531 308.73 2.3 1397.23 10435.3
1683842541 307.53 2.35 1421.6 8645.39
1683842551 307.05 3.18 1396.83 11153.6
1683842561 306.25 3.31 1439.84 11661.5
1683842571 304.95 3.17 1446.18 7406.94
1683842581 305.06 3.87 1421.21 9170.27
1683842591 307.23 4.21 1394.06 10076.8
1683842601 306.73 4.55 1394.46 9586.53
1683842611 159.86 5.07 15140.5 10061
1683842621 309.58 5.3 1365.84 13393.9
1683842631 304.84 5.39 1415.99 5546.69
1683842641 310 5.58 1368.71 11721.2
1683842651 306.13 6.19 1394.46 8865.35
1683842661 308.21 6.57 1394.06 10484.8
1683842671 308 7.03 1417 9499.6
1683842681 310.97 7.03 1391.7 13585.4
1683842691 306.64 7.46 1446.58 6398.81
1683842701 305.34 7.71 1418.4 8259.94
1683842711 120.78 8.26 14372.7 10580.4
1683842721 307.3 8.5 1388.95 11260.8
1683842731 306.01 8.88 1387.19 8273.1
1683842741 309.59 8.91 1342.83 14654.8
1683842751 306.72 8.92 1416.6 5335.18
1683842761 308.97 9.49 1388.95 9807.1
1683842771 306.82 9.74 1391.3 9583.4
1683842781 310.17 10.1 1415.2 11876
1683842791 306.61 10.8 1415.59 9180.65
1683842801 312.37 11.01 1392.29 14031.3
1683842811 303.16 10.78 1415.59 5378.08
1683842821 97.63 11.27 15459.2 8114
1683842831 308.28 11.67 1362.36 9172.41
1683842841 309.18 12.16 1389.93 10992.7
1683842851 305.72 12.51 1414.2 9587.77
1683842861 310.4 12.63 1383.1 13172.1
1683842871 305.89 12.96 1405.49 8301.96
1683842881 307.69 13.03 1414.2 9166.47
1683842891 307.6 13.72 1439.44 10298.6
1683842901 308.07 14.17 1413.2 10948.2
1683842911 305.83 14.44 1440.47 8261.8
1683842921 308.66 14.84 1410.03 10852.7
1683842931 302.67 14.64 1343.98 11653.2
1683842941 298.05 15.11 16737.6 6248.48
1683842951 308.08 15.58 1387.19 12227
1683842961 306 15.86 1411.02 6851.57
1683842971 308.27 16 1413.81 11261.9
1683842981 306.1 16.69 1422.66 9884.14
1683842991 309.15 16.64 1410.03 12768.5
1683843001 306.7 17.14 1437.64 8525.32
1683843011 305.99 17.54 1434.81 8473.94
1683843021 308.63 17.91 1430.59 9846.27
1683843031 307.96 17.97 1435.2 10397.2
1683843041 307.07 18.51 1408.25 10782.7
1683843051 258.04 18.95 16712.2 11652.9
1683843061 305.81 19.11 1411.41 7491.73
1683843071 307.17 19.43 1411.02 9249.61
1683843081 311.5 19.92 1384.85 11526.5
1683843091 305.49 20.03 1404.11 10730.3
1683843101 309.63 20.81 1408.64 11161.1
1683843111 309.04 21.08 1383.1 10200.8
1683843121 308.16 21.15 1435.2 7880.04
1683843131 307.08 21.18 1458.55 8583.1
1683843141 310.92 22.02 1384.46 11656.2
1683843151 305.79 21.93 1434.81 8308.75
1683843161 176.9 22.72 16453.9 9684.17
1683843171 308.35 22.88 1359.14 12980
1683843181 306.19 23.01 1408.25 6154.03
1683843191 308.94 23.36 1408.64 9019.25
1683843201 309.62 23.77 1406.87 11497.5
1683843211 307.84 24.21 1405.88 10551.4
1683843221 308.04 24.54 1405.49 9270.2
1683843231 311.99 24.59 1408.64 13761.9
1683843241 302.54 24.97 1430.98 5851.76
1683843252 310.39 25.25 1429.19 8438.39
1683843261 308.15 25.4 1433.79 11306.9
1683843272 123.48 26.1 15847.1 10189
1683843282 302.83 26.47 1376.73 9198.04
1683843292 310 26.76 1355.68 14734.1
1683843302 303.83 26.81 1433.79 6055.01
1683843312 306.05 27.26 1372.32 10715
1683843322 307.54 27.45 1429.19 8069.74
1683843332 306.07 27.95 1401.37 10433.6
1683843342 306.17 27.97 1404.11 9121.25
1683843352 309.52 28.8 1357.8 15733.9
1683843362 304.29 28.6 1450 5296.48
1683843372 94.82 29.4 13976.9 10135.2
1683843382 303.73 29.59 1379.04 9362.98
1683843392 306.08 30.06 1380.39 10522.4
1683843402 305.29 30.34 1404.5 7957.3
1683843412 306.84 30.39 1375 9713.67
1683843422 309.09 30.74 1375.78 11862.5
1683843432 307.05 31.1 1377.69 9834.83
1683843442 306.27 30.97 1403.13 7457.53
1683843452 306.45 31.73 1400 10518.8
1683843462 305.97 32.1 1403.13 8767.51
1683843472 307.53 32.52 1401.37 10334.3
1683843482 310.57 32.51 1353.97 11981.2
1683843492 260.9 32.98 16450 7221.11
1683843502 305.88 33.38 1353.97 10657
1683843512 304.49 33.73 1374.05 9559.8
1683843522 305.3 33.79 1380.39 8538.04
1683843532 305.8 34.43 1382.14 10163.3
1683843542 310.42 34.72 1346.45 12944.1
1683843552 308.31 34.88 1401.76 8028.15
1683843562 307.72 35.23 1375.39 8736.33
1683843572 305.58 35.24 1379.04 10482.3
1683843582 308.31 36.06 1375.39 11099.6
1683843592 307.89 36.12 1395.91 9411.1
1683843602 251.67 36.58 16030.9 11889.1
1683843612 306.54 36.8 1398.63 7997.66
1683843622 309.58 37.31 1376.73 9451.03
1683843632 305.36 37.49 1397.27 8464.72
1683843642 310.83 38.04 1372.32 10000.4
1683843652 304.86 38.2 1394.94 10089.1
1683843662 310.63 37.92 1348.68 12813.3
1683843672 304.27 38.19 1417.09 6400.39
1683843682 307.41 38.2 1398.63 10123.3
1683843692 309.11 37.93 1389.54 11204.3
1683843702 305.95 38.2 1395.91 7915.87
1683843712 203.31 38.2 16013.6 9777.61
1683843722 310.45 38.2 1350.39 12754.7
1683843732 307.22 38.2 1425 6593.75
1683843742 306.1 38.2 1389.54 9437.6
1683843752 306.73 38.05 1423.61 9656.59
1683843762 308.45 38.32 1391.84 9974.76
1683843772 307.7 38.33 1398.63 10270.8
1683843782 309.14 38.32 1370.04 14086.4
1683843792 305.74 38.32 1445.76 5270.5
1683843802 308 38.05 1422.61 10023.8
1683843812 306.04 38.33 1395.91 10530.5
1683843822 100.68 38.32 15799.4 8263.17
1683843832 307.3 38.33 1396.3 9377.6
1683843842 311.93 38.33 1341.22 15219
1683843852 303.01 38.33 1417.09 5266.8
1683843862 305.07 38.33 1370.98 10358.7
1683843872 309.08 38.33 1375.39 8423.83
1683843882 308.34 38.34 1415.32 11668.3
1683843892 307.79 38.05 1420.84 8568.65
1683843902 308.38 38.48 1397.66 12309.5
1683843912 305.65 38.48 1372.32 9143.86
1683843922 305.94 38.2 1396.3 9199.22
1683843932 115.53 38.49 15218.8 8256.25
1683843942 305.44 38.48 1343.83 10237.9
1683843952 305.17 38.49 1373.66 9400.98
1683843962 304.67 38.49 1346.45 11172.4
1683843972 302.44 38.2 1322.81 9680.31
1683843982 302.54 38.49 1398.63 6793.37
1683843992 305.27 38.49 1373.66 11239
1683844002 306.71 38.21 1344.75 11927.2
1683844012 301.08 38.49 1372.71 8207.02
1683844022 304.68 38.21 1348.68 11811.5
1683844032 305.06 38.49 1370.04 9998.44
1683844042 302.24 38.21 1397.66 6820.66
1683844052 240.3 38.48 16291.5 9861.85
1683844062 306.65 38.49 1400.39 10908.2
1683844072 310.34 38.49 1373.66 9335.41
1683844082 303.51 38.21 1393.59 9785.42
1683844092 309.36 38.49 1372.32 12380.5
1683844102 307.72 38.49 1424 6769.95
1683844112 304.76 38.21 1394.55 10110.5
1683844122 306.25 38.48 1375 10719.1
1683844132 304.58 38.21 1422.61 8340.35
1683844142 306.81 38.49 1395.91 10391
1683844152 124.8 38.49 14507 12789.5
1683844162 304.29 38.49 1372.32 7753.61
1683844172 309.19 38.48 1375.39 11383.2
1683844182 304.4 38.49 1398.63 6311.41
1683844192 305.94 38.2 1371.37 10878.3
1683844202 307.5 38.49 1346.06 15004.5
1683844212 310.39 38.21 1355.15 12691
1683844222 303.99 38.21 1421.23 8239.14
1683844232 306.01 38.49 1390.49 9387
1683844242 306.22 38.21 1394.94 8665.37
1683844252 305.37 38.49 1400 9756.25
1683844262 256.4 38.49 15127.4 9600.39
1683844272 312.41 38.49 1350 14241.4
1683844282 305.18 38.49 1398.63 5979.71
1683844292 306.91 38.21 1370.04 10446.7
1683844302 307.39 38.49 1369.65 10070.8
1683844312 302.33 38.49 1393.59 7301.46
1683844322 309.75 38.2 1372.32 12064.3
1683844332 310.82 38.49 1348.15 13486.5
1683844342 306.03 38.21 1419.85 5194.16
1683844352 305.19 38.49 1400.39 9392.19
1683844362 176.78 38.48 14652.5 10074.1
1683844372 309.46 38.49 1375 9322.27
1683844382 306.82 38.48 1397.66 9239.77
1683844392 309.09 38.49 1375 9894.14
1683844402 309.46 38.21 1347.76 11929.8
1683844412 309.16 38.49 1395.91 9300.1
1683844422 306.11 38.21 1364.73 10171.7
1683844432 306.83 38.22 1398.63 8179.51
1683844442 308.95 38.49 1343.44 12265.9
1683844452 306.15 38.21 1397.66 8302.53
1683844462 308.1 38.48 1374.05 11784.2
1683844472 282.41 38.49 15442.2 9295.63
1683844482 304.34 38.49 1407.14 8023.14
1683844492 305.84 38.21 1372.71 9922.03
1683844502 306.82 38.49 1370.98 10150.3
1683844512 305.46 38.5 1397.66 8304.48
1683844522 308.07 38.23 1343.44 13850.3
1683844532 304.57 38.5 1419.46 6500.39
1683844542 306.9 38.51 1394.94 11045.9
1683844552 307.63 38.23 1375 10143
1683844562 309.55 38.51 1396.3 10618.1
1683844572 133.99 38.5 14855.1 10662.1
1683844582 310.15 38.51 1349.46 11674.9
1683844592 303.97 38.51 1438.76 5755.04
1683844602 306.54 38.51 1399.02 9324.88
1683844612 309.37 38.23 1373.66 10752
1683844622 306.16 38.51 1400 9524.22
1683844632 306.81 38.23 1394.55 9207
1683844642 310.13 38.5 1346.84 13957.2
1683844652 306.05 38.51 1450.39 6306.25
1683844662 308.29 38.23 1372.32 11558.7
1683844672 304.29 38.51 1397.66 7294.74
1683844682 196.11 38.51 15272 11337.5
1683844692 306.06 38.51 1397.27 10058.9
1683844702 308.2 38.51 1375 12491.4
1683844712 304.78 38.51 1398.63 5946.54
1683844722 308.86 38.23 1394.94 9263.42
1683844732 305.15 38.51 1391.84 10087
1683844742 306.09 38.23 1410.25 9171.79
1683844752 306.62 38.23 1395.91 9970.79
1683844762 312.18 38.51 1372.71 14651.1
1683844772 304.4 38.23 1426.39 5408.02
1683844782 306.73 38.22 1400 10880.9
1683844792 188.35 38.5 15678.4 10262.5
1683844802 304.88 38.51 1420.84 7965.73
1683844812 308.3 38.51 1375.39 12093.8
1683844822 307.03 38.52 1397.27 9069.01
1683844832 309.2 38.23 1388.19 10366.3
1683844842 307.03 38.51 1397.27 8023.78
1683844852 307.9 38.23 1397.27 9486.55
1683844862 308.69 38.24 1400 10840.2
1683844872 313.31 38.52 1416.7 11516.5
1683844882 304.87 38.24 1418.47 6839.65
1683844892 310.46 38.52 1350.78 14020.7
1683844902 103.61 38.53 15674.3 7754.48
1683844912 307.13 38.53 1373.66 9260.1
1683844922 307.51 38.53 1347.76 11507.2
1683844932 305.6 38.25 1385.12 8154.59
1683844942 308.1 38.53 1372.32 9909.94
1683844952 310.64 38.53 1350.78 11326.2
1683844962 303.81 38.52 1395.91 6910.61
1683844972 311.91 38.53 1374.05 12190
1683844982 305.53 38.52 1416.7 7100.97
1683844992 307.32 38.26 1374.05 11226.5
1683845002 310.04 38.26 1397.27 9724.37
1683845013 217.93 38.53 14813.9 12074.4
1683845022 301.95 38.54 1399.02 5907.9
1683845032 310.92 38.53 1372.32 11427.7
1683845042 306.79 38.25 1366.05 10113.7
1683845052 303.8 38.53 1372.32 8147.37
1683845062 310.63 38.54 1348.68 12685.7
1683845073 308.6 38.55 1359.84 10775.3
1683845082 304.39 38.54 1422.61 5586.35
1683845092 308.88 38.54 1398.63 11507.1
1683845102 305.35 38.26 1346.06 11815.8
1683845113 202.8 38.54 14237.4 6038.34
1683845122 307.81 38.55 1373.66 9361.56
1683845132 311.03 38.55 1324.49 14169.8
1683845142 302.15 38.27 1398.63 5326.05
1683845153 305.25 38.55 1343.83 11000.2
1683845162 304.19 38.55 1398.63 8492.88
1683845173 305.55 38.26 1395.91 8997.08
1683845183 307.42 38.54 1397.66 9934.89
1683845193 312.91 38.25 1342.92 13840.8
1683845203 304 38.54 1425.39 5755.08
1683845213 306.93 38.25 1375 8591.41
1683845223 200.97 38.55 15530.9 10396.9
1683845233 302.73 38.54 1388.33 9074.32
1683845243 308.19 38.55 1399.02 10079.6
1683845253 309.92 38.55 1345.14 12810.5
1683845263 305.64 38.27 1370.43 9007
1683845273 308.3 38.55 1397.66 9041.72
1683845283 306.42 38.26 1394.55 8863.81
1683845293 306.82 38.54 1370.98 11747.2
1683845303 304.59 38.26 1423.61 7104.39
1683845313 304.89 38.54 1374.05 9704.2
1683845323 309.52 38.26 1343.31 12742.9
1683845333 152.25 38.54 15680.3 8058.48
1683845343 304.47 38.55 1393.59 8194.75
1683845353 306.83 38.56 1373.66 9941.46
1683845363 305.95 38.56 1374.05 8634.93
1683845373 309.95 38.28 1347.37 13721.6
1683845383 308.44 38.57 1367.38 9623.3
1683845393 305.07 38.57 1396.3 7867.96
1683845403 305.55 38.29 1395.91 8542.55
1683845413 305.17 38.57 1395.91 9240.51
1683845423 305.95 38.57 1372.32 9754.78
1683845433 306.61 38.29 1370.04 10706.6
1683845443 309.05 38.57 1329.7 12017.5
1683845453 291.8 38.57 16839.8 6349.27
1683845463 306.12 38.57 1390.49 9165.08
1683845473 307.38 38.29 1366.05 11427
1683845483 307.21 38.58 1397.27 10785.2
1683845493 307.36 38.57 1364.34 10619.4
1683845503 308.47 38.57 1345.14 12194.5
1683845513 303.31 38.56 1422.22 6260.43
1683845523 307.37 38.57 1389.54 9916.28
1683845533 311.91 38.57 1423.61 9690.54
1683845543 306.8 38.29 1394.94 9349.03
1683845553 310.76 38.29 1376.34 12220.1
1683845563 269.93 38.56 16166.4 11510.8
1683845573 305.27 38.57 1375 7697.27
1683845583 306.04 38.57 1420.84 8786.37
1683845593 305.16 38.29 1396.3 10211.9
1683845603 307.22 38.57 1400 7581.25
1683845613 307.87 38.58 1392.23 11001.9
1683845623 311.09 38.29 1345.53 14506.6
1683845633 304.1 38.57 1448.98 6595.9
1683845643 306.43 38.29 1372.32 11034.7
1683845653 305.05 38.29 1415.32 7709.41
1683845663 115.03 38.57 14839 8977.95
1683845673 307.88 38.57 1369.65 9602.72
1683845683 311.9 38.56 1349.07 13988.3
1683845693 306.38 38.29 1385.51 8647.73
1683845703 305.76 38.58 1373.66 9418.54
1683845713 305.74 38.57 1394.55 7824.12
1683845723 306.72 38.29 1371.37 10727.6
1683845733 305.36 38.57 1347.37 8803.51
1683845743 308.17 38.57 1394.55 9936.96
1683845753 306.93 38.57 1373.1 11032
1683845763 305.65 38.29 1368.32 9045.29
1683845773 309.16 38.57 1396.3 10944.5
1683845783 289.95 38.56 16414.5 10635.2
1683845793 306.25 38.57 1375 10039.5
1683845803 303.8 38.57 1395.91 8044.4
1683845813 311.91 38.57 1373.66 12435.1
1683845823 305.75 38.57 1424 7235.12
1683845833 309.05 38.29 1394.55 10292.6
1683845843 307.21 38.57 1371.37 10868.5
1683845853 304.39 38.57 1422.22 8366.86
1683845863 307.12 38.56 1399.02 10214.6
1683845873 305.16 38.29 1322.81 11407.4
1683845883 113.84 38.49 14586 5995.71
1683845893 288.46 38.57 329.54 2342.64
1683845903 254.7 38.48 282.44 1877.4

Execution duration: 00:56:34.34
