1683831422 279.98 2.65 5770.12 14327.1
1683831432 293.37 3.53 5640 20570.7
1683831442 298.51 4.19 5632.91 22536.4
1683831452 288.5 5.39 5353.82 22168.5
1683831462 298.32 6.05 5670.96 19146.9
1683831472 267.32 6.48 4792.08 24121.6
1683831482 297.43 7.17 5724.38 17765.5
1683831492 300.89 7.78 5623 21966.7
1683831502 298.81 8.56 5647.09 19442.1
1683831512 277.13 9.64 5133.07 21380.6
1683831522 297.63 10.08 5585.39 19416
1683831532 289.82 10.9 5153.32 27113.4
1683831542 296.55 11.5 5635.54 16895.6
1683831552 300.3 12.25 5563.96 22124.8
1683831562 299.21 13.22 5616.21 19346.6
1683831572 301.19 14.22 5547.48 22434.3
1683831582 298.02 14.81 5596.44 20180.4
1683831592 276.58 15.68 5059.69 23853.8
1683831602 295.87 16.32 5455.51 18803.5
1683831612 295.31 16.79 5410.96 19392.6
1683831622 299.8 18.03 5444.51 23242.7
1683831632 297.93 18.57 5694.88 21269.7
1683831642 304.73 19.66 5511.33 20528.1
1683831652 297.24 20.08 5561.38 19830.9
1683831662 271.16 20.73 4813.39 20468.9
1683831672 294.69 21.14 5475.32 18367.7
1683831682 304.63 22.05 5473.49 22540.7
1683831692 291.16 23 5268.76 22426.7
1683831702 296.37 23.93 5424.97 18820.5
1683831712 295.87 24.28 5520.94 21382.1
1683831722 279.72 24.91 4990.16 22582.7
1683831732 295.29 25.78 5557.95 17636.2
1683831742 294.61 26.49 5489.69 20236.3
1683831752 297.24 27.08 5480.7 20693.3
1683831762 277.17 28.22 5102.75 21156.7
1683831772 301.47 28.75 5477.13 21705.6
1683831782 297.85 29.62 5386.3 22964
1683831792 299.41 29.85 5557.56 17636.5
1683831802 300.49 30.91 5421.57 22914.1
1683831812 300.59 31.95 5513.07 21143.8
1683831822 297.35 32.44 5602.75 19875.2
1683831832 286.81 33.39 5305.57 19882.3
1683831842 285.04 33.92 5102.75 25457.1
1683831852 293.82 34.54 5421.57 18467
1683831862 294.03 35.39 5461.06 18569.5
1683831872 300.88 36.04 5455.33 23175
1683831882 299.13 37.05 5566.7 19513.4
1683831892 300.88 37.96 5521.96 20758.8
1683831902 308.23 38.14 5428.79 27908.7
1683831912 271.53 38.19 4893.05 15943.6
1683831922 299.61 38.58 5597.25 18657.6
1683831932 300.29 38.54 5420.98 21546.5
1683831942 297.47 38.54 5484.32 19098.7
1683831952 302.25 38.8 5504.01 21986.7
1683831962 300.3 38.91 5371.37 23172.9
1683831972 287.22 38.65 5132.88 21099.3
1683831982 302.45 38.91 5579.23 21476.2
1683831992 297.94 38.86 5504.01 18677.8
1683832002 304.37 39.11 5418.64 23038.5
1683832012 279.86 38.85 5192.22 16156.4
1683832022 301.07 38.86 5446.93 21418.9
1683832032 300.98 39.09 5210.96 24848.9
1683832042 295.4 38.83 5573.78 17479.1
1683832052 299.71 39.1 5543.3 23886.6
1683832062 298.54 38.84 5443.21 18047.7
1683832072 300.49 38.87 5536.2 24444.2
1683832082 276.49 39.11 5077.38 18187.7
1683832092 305.75 38.87 5320.58 26020.3
1683832102 295.64 39.08 5599.61 15263.2
1683832112 304.11 38.87 5478.94 22654.3
1683832122 295.89 38.86 5555.82 19967.9
1683832132 307.93 39.1 5573.78 23329.9
1683832142 303.57 38.86 5500.2 22066.7
1683832152 297.37 38.85 5217.9 25144.8
1683832162 292.19 39.09 5562.89 15443.4
1683832172 306.85 39.11 5410.17 24151.9
1683832182 293.36 38.86 5480.74 17419.3
1683832192 300.68 38.83 5429.18 22344.4
1683832202 306.16 39.12 5455.33 22441
1683832212 298.05 38.87 5143.3 25453.4
1683832222 254.69 39.11 5020.29 10689.3
1683832232 302.25 38.85 5445.46 22328.6
1683832242 300.68 38.86 5480.78 19840.4
1683832252 301.28 39.05 5541.62 22464.6
1683832262 274.24 39.04 4789.03 22253.5
1683832272 300.39 39.28 5561.64 18422.7
1683832282 289.64 39.03 5104.99 23115.9
1683832292 301.94 39.29 5420.55 21403.1
1683832302 297.75 39.05 5648.92 17524.1
1683832312 302.92 39.06 5520 20365.7
1683832322 301.37 39.29 5470.05 23385.4
1683832332 263.31 39.29 4922.5 15246.6
1683832342 307.91 39.02 5425.78 25172.3
1683832352 299.13 39.3 5548.3 19657.9
1683832362 300.98 39.02 5436.01 21495.5
1683832372 302.05 39.04 5460.67 23764
1683832382 299.03 39.29 5468.23 21096
1683832392 297.98 39.31 5472.04 17403.7
1683832402 285.16 39.01 5038.28 24223.4
1683832412 297.75 39.05 5666.99 17086
1683832422 305.77 39.26 5505.77 23886.2
1683832432 283.88 39.06 5293.06 16557.2
1683832442 305.97 39.29 5430.69 24281.5
1683832452 302.83 39.05 5445.07 20562
1683832462 282.56 39.29 4927.32 23337.9
1683832472 296 39.28 5617.99 14953.7
1683832482 304.4 39.07 5405.67 21628.9
1683832492 302.84 39.07 5346.92 24945.3
1683832502 296.78 39.26 5502.63 17396.3
1683832512 303.42 39.05 5480.35 21919.8
1683832522 295.05 39.05 5425.8 17345.1
1683832532 297.96 39.29 5158.45 22686.2
1683832542 298.92 39.03 5516.55 21491.1
1683832552 300.98 39.05 5512.89 19401.2
1683832562 305.18 39.3 5318.08 24103.2
1683832572 257.63 39.05 4797.26 14872.8
1683832582 302.34 39.29 5459.4 20470.5
1683832592 293.74 39.06 5208.22 23744.2
1683832602 302.25 39.06 5410.96 22827.4
1683832612 285.04 39.34 5343.11 15480.7
1683832622 302.64 39.1 5530.79 22366.4
1683832632 306.16 39.34 5498.63 24558.5
1683832643 282.45 39.07 5202.33 18993.2
1683832652 302.05 39.09 5232.39 24748.9
1683832662 298.83 39.35 5554.16 16727.1
1683832672 302.24 39.1 5505.77 22266.7
1683832682 300.39 39.05 5462.89 19389.1
1683832692 296.97 39.1 5475.39 21948
1683832702 280.04 39.31 5010.17 20654.4
1683832712 303.91 39.12 5405.08 24307
1683832722 296.97 39.06 5498.24 17024.6
1683832732 298.15 39.37 5462.89 19847.3
1683832743 286.14 39.34 5088.35 21283.5
1683832752 303.52 39.11 5504.01 22956.3
1683832763 299.02 39.07 5520.39 19919.6
1683832773 293.54 39.33 5044.07 23443.3
1683832783 294.75 39.09 5486.1 16119.7
1683832793 301.28 39.34 5455.72 21887.8
1683832803 297.65 39.09 5396.47 22086.7
1683832813 290.33 39.11 5437.5 19757.8
1683832823 299.22 39.33 5487.89 18615.2
1683832833 305.58 39.08 5486.1 23895.9
1683832843 277.59 39.34 4893.18 19488.5
1683832853 298.06 39.07 5528.79 17983.7
1683832863 303.91 39.33 5455.72 23692.3
1683832873 278.77 39.29 4861.15 21833.3
1683832883 284.87 39.07 5381.92 15405.1
1683832893 300.97 39.1 5462.89 23055.9
1683832903 290.35 39.1 5317.74 23172.3
1683832913 14.16 38.72 784480 1635.7

Execution duration: 00:24:55.55
