1683768468 303.78 1.57 1562.19 4946.07
1683768478 309.63 2.12 1397.62 10447.6
1683768488 306.46 2.33 1424.82 7932.87
1683768498 308.6 2.98 1391.7 11750.2
1683768508 310.11 3.12 1443.65 12483.3
1683768518 307.03 3.11 1446.18 7655.1
1683768528 310.41 3.68 1421.21 10406.7
1683768538 306.24 3.97 1420.2 7959.21
1683768548 308.3 4.47 1392.68 10653.2
1683768558 164.29 4.86 15194.5 10005.1
1683768568 310.81 5.02 1421.6 12682.3
1683768578 304.06 5.18 1445.54 6305.35
1683768588 309.51 5.27 1444.75 10326.7
1683768599 311.97 5.92 1443.72 10667.1
1683768608 307.62 6.18 1419.41 8281.19
1683768619 308.12 6.59 1445.15 11325.1
1683768629 312.74 6.85 1391.7 13717
1683768639 303.86 6.93 1446.18 5733.6
1683768649 304.25 7.34 1388.56 7814.6
1683768659 156.54 7.78 14640.4 12012.3
1683768669 308.51 8.25 1394.46 10112.5
1683768679 307.4 8.55 1415.2 8676.01
1683768689 311.47 8.88 1391.7 15165.2
1683768699 304.54 8.98 1418 6020.97
1683768709 309.19 9.42 1418.4 9244.71
1683768719 309.17 9.88 1439.05 11166.9
1683768729 307.3 10.35 1412.8 10209.7
1683768739 307.9 10.71 1440.47 9411.25
1683768749 311.76 10.92 1418.18 14307.1
1683768759 305.94 11.05 1442.3 5499.6
1683768769 169.46 11.51 15919.8 9031.63
1683768779 307.01 11.77 1415.2 8868.71
1683768789 308.79 12.14 1389.93 10752.6
1683768799 307.99 12.63 1414.2 9335.7
1683768809 315.02 12.97 1366.01 15594.1
1683768819 304.68 13.1 1428.18 5310.76
1683768829 309.56 13.42 1412.41 8798.82
1683768839 308.49 13.64 1440.47 10738
1683768849 311.83 14.28 1438.03 10454.8
1683768859 310.25 14.66 1412.8 11868.8
1683768869 310.13 15.03 1411.41 9364.96
1683768879 164.5 15.11 15889.1 10416.1
1683768889 306.61 15.59 1414.2 10457.6
1683768899 307.49 15.75 1439.05 7004.73
1683768909 308.67 16.22 1387.58 11425.4
1683768919 309.64 16.48 1384.46 8906.59
1683768929 306.71 16.9 1412.41 9694.58
1683768939 307.1 16.94 1412.8 12386.2
1683768949 309.63 17.1 1434.81 6632.45
1683768959 311.01 17.71 1410.03 12886.5
1683768969 309.37 17.98 1439.05 9308.09
1683768979 305.97 18.25 1404.5 9382.17
1683768989 108.36 18.78 15819.9 9950.05
1683768999 309.64 18.98 1411.81 11448
1683769009 307.88 19.18 1412.41 8172.61
1683769019 309.82 19.43 1408.25 7759.14
1683769029 309.33 19.85 1408.64 11221.6
1683769039 308.95 20.24 1408.25 8129.67
1683769049 310.03 20.77 1410.03 13804.9
1683769059 309.78 20.95 1403.13 11445
1683769069 304.98 21.12 1448.98 6008.59
1683769079 310.34 21.5 1411.02 11415.8
1683769089 309.05 21.89 1435.2 9017.5
1683769099 307.16 22.24 1406.87 8621.79
1683769109 242.03 22.73 16865.2 11994.9
1683769119 310.13 23.02 1387.01 12107.5
1683769129 305.18 23.12 1400 6150.39
1683769139 308.25 23.49 1433.4 9078.59
1683769149 307.45 23.86 1405.49 11509
1683769159 306.36 24.41 1404.11 10478.8
1683769169 309.43 24.73 1433.4 9451.47
1683769179 312.02 25.07 1377.51 13451
1683769189 305.49 24.94 1455.69 6218.82
1683769199 308.93 25.55 1406.87 10473
1683769209 307.24 25.63 1404.5 8086.97
1683769219 197.65 26.2 16220.1 10230.7
1683769229 306.66 26.49 1379.43 8473.65
1683769239 312.04 26.96 1353.03 15311.5
1683769249 302.83 27.02 1375.39 5206.64
1683769259 307.56 27.24 1381.75 10143.3
1683769269 308.23 27.8 1429.58 9266.99
1683769279 310.07 28.13 1377.69 11556.2
1683769289 306.37 28.51 1405.49 9048.24
1683769299 310.96 28.88 1379.82 14824.3
1683769309 306.56 28.93 1404.11 5500.1
1683769319 155 29.24 14433.3 8898.04
1683769329 308.5 29.64 1401.37 9336.85
1683769339 307.06 29.84 1380.78 9722.35
1683769349 303.22 30.19 1372.32 8504.87
1683769359 312.43 30.67 1377.69 14144
1683769369 307.99 30.9 1396.69 9316.85
1683769379 307.04 31.05 1401.37 8197.85
1683769389 310.95 31.45 1401.76 10191.2
1683769399 306.39 31.86 1385.12 7866.28
1683769409 308.13 32.09 1403.13 10845.8
1683769419 307.83 32.6 1402.74 8159.69
1683769429 120.8 32.98 15585.5 12862.4
1683769439 305.2 33.13 1380.39 7474.9
1683769449 306.16 33.43 1404.11 9014.69
1683769459 310.16 33.99 1376.73 10858.6
1683769469 309.01 34.31 1404.11 8112.83
1683769479 307.42 34.85 1375.39 12567.6
1683769489 309.66 34.91 1373.66 10912.4
1683769499 310.1 35.17 1432.38 8223.75
1683769509 305.36 35.55 1397.27 8764.52
1683769519 308.13 35.81 1402.74 10428.6
1683769529 309.77 36.37 1400 7881.64
1683769539 123.1 36.71 15224.6 10479.5
1683769549 310.75 36.98 1327.47 14153.3
1683769559 303.21 36.99 1398.63 7134.44
1683769569 305.72 37.38 1363.41 9980.64
1683769579 305.56 37.74 1400 9188.28
1683769589 307.22 37.86 1372.71 9971.93
1683769599 307.2 37.94 1395.91 9354.24
1683769609 311.14 37.8 1376.17 13096.5
1683769619 304.39 37.93 1425.39 6589.06
1683769629 308.58 37.82 1370.98 11598.4
1683769639 307.64 37.95 1403.13 7153.82
1683769649 307.02 37.82 1397.27 9876.02
1683769659 291.31 37.99 16585.5 10556.2
1683769669 311.05 37.86 1339.92 13227.9
1683769679 304.58 37.99 1395.91 6228.24
1683769689 309.46 37.86 1373.66 9990.24
1683769699 309.27 38.1 1398.63 8602.54
1683769709 309.17 37.97 1374.05 10024.6
1683769719 306.04 38.11 1398.63 7444.68
1683769729 312.71 38.24 1352.1 16625.2
1683769739 303.7 38.1 1419.46 5451.75
1683769749 307.32 38.24 1374.05 10121.4
1683769759 307.61 38.11 1373.66 9534.44
1683769769 166.99 38.23 16251.9 9194.92
1683769779 309.55 38.24 1373.66 12044.1
1683769789 310.1 38.24 1366.99 11666.8
1683769799 303.4 38.11 1397.66 5408.19
1683769809 307.42 38.24 1375 8589.84
1683769819 310.05 38.24 1375.39 10327.7
1683769829 307.59 38.11 1370.98 8802.73
1683769839 311.41 38.24 1397.66 9846
1683769849 312.18 38.27 1348.54 15998.4
1683769859 305.9 38.14 1415.11 6200.78
1683769869 308.78 38.14 1397.66 9977.39
1683769879 158.11 38.29 15418.5 8433.82
1683769889 306.16 38.37 1375 9673.44
1683769899 310.1 38.36 1391.84 11336.7
1683769910 308.38 38.24 1381.51 9754.91
1683769919 307.61 38.25 1374.05 9995.32
1683769929 304.39 38.37 1400.39 7904.69
1683769939 306.53 38.24 1397.27 9364.52
1683769949 310.03 38.24 1372.32 11901.8
1683769959 306.73 38.36 1399.02 8713.37
1683769969 306.92 38.25 1395.91 9658.03
1683769979 309.52 38.37 1393.98 11780
1683769989 116.78 38.38 15517.3 9231.22
1683770000 309.85 38.38 1372.25 9768.8
1683770009 307.33 38.24 1400 7976.56
1683770019 306.42 38.24 1394.94 10359.1
1683770030 305.05 38.25 1392.23 7831.07
1683770039 311.04 38.38 1350 13121.9
1683770049 304.37 38.37 1418.47 6877.36
1683770059 306.54 38.25 1400 8701.95
1683770070 309.91 38.37 1367.38 12243.1
1683770079 308.79 38.26 1400 10453.9
1683770089 305.65 38.38 1421.23 8211.49
1683770099 227.4 38.37 15184.8 13580.9
1683770110 303.4 38.37 1391.84 6864.85
1683770120 307 38.25 1371.37 9431.35
1683770130 311.01 38.25 1372.32 12004.7
1683770140 305.49 38.38 1403.46 6465.38
1683770149 307.4 38.38 1398.63 8339.12
1683770159 313.4 38.38 1351.71 15273.9
1683770170 305.94 38.38 1395.91 6128.53
1683770180 310.71 38.36 1370.98 11278.7
1683770190 305.74 38.25 1394.94 8372.37
1683770200 142.88 38.37 14388.7 11132.9
1683770210 303.71 38.37 1399.02 7956.68
1683770220 311.09 38.24 1347.23 14636.4
1683770230 305.53 38.25 1393.2 6659.67
1683770240 303.81 38.38 1372.32 7881.48
1683770250 307.88 38.38 1346.06 10886.9
1683770260 305.37 38.38 1397.27 9923.59
1683770270 303.68 38.25 1366.99 7576.31
1683770280 311.43 38.38 1340.31 16158.9
1683770290 304.88 38.38 1400 6914.45
1683770300 308.19 38.25 1399.02 8451.12
1683770310 274.47 38.37 15202.7 8850.49
1683770320 306.03 38.38 1370.04 9169.26
1683770330 308.05 38.25 1389.15 9272.48
1683770340 312.09 38.38 1347.76 12801.2
1683770350 308.69 38.38 1360.78 11285.4
1683770360 307.79 38.38 1395.91 8880.23
1683770370 306.73 38.25 1399.02 8103.41
1683770380 309.34 38.38 1369.65 12132.3
1683770390 307.23 38.25 1401.37 8989.25
1683770400 308.39 38.26 1373.66 10754.3
1683770410 164.75 38.38 14724.8 10102.8
1683770420 305.54 38.37 1394.55 7178.6
1683770430 311.13 38.25 1373.66 12786.7
1683770440 305.37 38.37 1400.39 7447.66
1683770450 310.41 38.38 1368.32 12133.7
1683770460 304.48 38.38 1422.61 6982.46
1683770470 310.52 38.24 1346.45 12853.4
1683770480 307.33 38.25 1426.78 5753.27
1683770490 309.25 38.38 1370.98 11899.9
1683770500 307.02 38.25 1423.61 8286.05
1683770510 307.62 38.37 1400.39 8955.86
1683770520 240.68 38.37 15389.9 12109.5
1683770530 307.9 38.41 1371.76 11166.1
1683770540 307.51 38.42 1395.91 9758.91
1683770550 306.14 38.29 1424 6727.8
1683770560 307.51 38.29 1373.66 9724.1
1683770570 311.58 38.42 1394.94 11856.4
1683770580 306.15 38.29 1400 7251.56
1683770590 309.55 38.42 1373.49 13448.7
1683770600 304.47 38.29 1417.09 6273.01
1683770610 308.78 38.42 1373.66 11877.9
1683770620 306.63 38.29 1373.66 9364.68
1683770630 289.85 38.42 15916.8 8462.11
1683770640 306.79 38.41 1390.88 8886.13
1683770650 312.41 38.42 1325.78 14381.2
1683770660 305.94 38.28 1397.66 7389.86
1683770670 308.3 38.41 1398.63 9986.34
1683770680 307.12 38.29 1425 7592.97
1683770690 306.13 38.29 1371.37 11704.4
1683770700 307.61 38.41 1397.27 9132.16
1683770710 311.66 38.29 1369.1 13832.9
1683770720 305.19 38.42 1448.59 5111.41
1683770730 307.8 38.29 1397.66 8823.78
1683770740 280.57 38.42 16345.3 9977.73
1683770750 310.82 38.41 1398.63 11002.5
1683770760 312.81 38.42 1401.76 10282.3
1683770770 311.76 38.41 1346.08 12952.2
1683770780 303.6 38.41 1392.23 5870.29
1683770790 307.96 38.41 1391.84 8203.5
1683770800 305.95 38.29 1397.66 9160.23
1683770810 308.58 38.42 1397.27 9499.03
1683770820 312.2 38.29 1400.39 11978.9
1683770830 308.86 38.42 1369.65 11977.8
1683770840 310.99 38.28 1394.55 11479
1683770850 192.89 38.41 16228.9 9269.79
1683770860 306.64 38.41 1373.66 7493.85
1683770870 311.05 38.42 1351.71 13115.5
1683770880 303.31 38.42 1370.98 7890.56
1683770890 308.18 38.29 1370.04 11042
1683770900 310.64 38.43 1348.68 11208.6
1683770910 307.51 38.3 1398.63 7880.98
1683770920 309.28 38.43 1375.39 10373
1683770930 308.3 38.43 1400 8566.02
1683770940 310.24 38.3 1374.05 11170.3
1683770950 83.03 38.22 0 9068.09
1683770960 305.86 38.43 15542.5 12372.2
1683770970 305.93 38.3 1394.55 7041.25
1683770980 308.67 38.42 1345.14 12442
1683770990 305.83 38.29 1368.32 7892.32
1683771000 309.18 38.42 1375 9753.12
1683771010 309.19 38.3 1376.73 11187.1
1683771020 308.7 38.3 1376.34 11067.8
1683771030 304.96 38.43 1396.3 5751.51
1683771040 308.19 38.3 1398.63 10474.5
1683771050 309.26 38.42 1374.05 10336.8
1683771060 290.23 38.41 14862.1 9231.25
1683771070 306.62 38.42 1346.06 9935.35
1683771080 310.23 38.29 1310.04 12653.7
1683771090 303.42 38.29 1398.63 6167.02
1683771100 309.18 38.42 1350.39 11941.4
1683771110 304.88 38.3 1398.63 6456.2
1683771120 308.59 38.3 1397.66 10625.7
1683771130 306.45 38.43 1375 9268.36
1683771140 311.48 38.3 1370.43 13768.1
1683771150 302.22 38.43 1385.12 6260.1
1683771160 304.86 38.29 1369.65 10315.6
1683771170 291.22 38.42 16115.4 10663.9
1683771180 302.44 38.43 1412.08 6600
1683771190 306.04 38.43 1376 10908.1
1683771200 310.53 38.3 1349.85 13045.5
1683771210 302.04 38.42 1371.37 7333.98
1683771220 303.88 38.3 1365.66 8495.05
1683771230 304.28 38.42 1370.98 9270.5
1683771240 306.43 38.43 1397.66 10069.4
1683771250 307.22 38.29 1398.63 8935.41
1683771260 312 38.42 1349.07 14523.7
1683771270 305.21 38.3 1385.51 7443.86
1683771280 248.93 38.43 16259 11578.5
1683771290 303.79 38.43 1394.55 7177.04
1683771300 307.01 38.3 1373.66 9746.73
1683771310 306.02 38.3 1365.66 9644.23
1683771320 303.41 38.43 1372.32 8875.63
1683771330 306.43 38.43 1345.53 11307
1683771340 309.47 38.43 1373.66 9540.68
1683771350 303.34 38.43 1367.01 7054.72
1683771360 308.18 38.3 1395.91 11345.7
1683771370 305.46 38.43 1347.37 9944.64
1683771380 304.23 38.3 1378.46 8493.08
1683771390 154.54 38.43 15970.3 11733.7
1683771400 305.25 38.42 1394.94 7241.25
1683771410 307.13 38.43 1350 11035.9
1683771420 302.93 38.3 1376.73 7785.34
1683771430 303.12 38.3 1373.66 9129.76
1683771440 309.73 38.43 1346.45 13364.8
1683771450 304.18 38.3 1368.32 9655.2
1683771460 303.7 38.43 1373.66 9376.78
1683771470 304.76 38.43 1415.71 6815.52
1683771480 305.96 38.3 1373.66 10372.3
1683771490 306.15 38.3 1374.05 9233.17
1683771500 108.95 38.42 15241.6 10717.1
1683771510 309.07 38.42 1348.15 12128.3
1683771520 303.51 38.43 1398.63 5892.68
1683771530 307.5 38.3 1395.91 10532
1683771540 304.18 38.3 1368.71 9002.92
1683771550 308.87 38.43 1372.32 9244.83
1683771560 306.3 38.43 1364.73 9713.57
1683771570 304.29 38.43 1322.81 13891.6
1683771580 302.54 38.43 1397.27 7925.15
1683771590 305.17 38.43 1400 7733.98
1683771600 303.61 38.3 1372.71 8895.13
1683771610 147.12 38.43 14988.5 11442.7
1683771620 305.57 38.42 1350 11567.6
1683771630 310.04 38.43 1323.2 13833.5
1683771640 302.24 38.3 1395.91 5867.58
1683771650 305.56 38.31 1373.66 8387.51
1683771660 306.45 38.43 1372.32 10264.3
1683771670 300.69 38.42 1372.71 7801.17
1683771680 304.38 38.29 1368.32 10207.6
1683771690 306.91 38.42 1347.37 11692
1683771700 305.99 38.42 1361.16 10873
1683771710 306.83 38.43 1347.37 11225
1683771720 299.33 38.3 1360.86 5808.37
1683771730 294.93 38.42 16425.3 8484.44
1683771740 305.37 38.42 1349.07 11301.9
1683771750 304.3 38.42 1400 8466.41
1683771760 308.69 38.42 1325.39 11458.2
1683771770 303.81 38.43 1397.66 7569.2
1683771780 310.94 38.43 1387.5 11227.3
1683771790 303.62 38.29 1375.39 10166.4
1683771800 303.62 38.43 1375 6783.2
1683771810 307.03 38.3 1374.05 11556.7
1683771820 306.92 38.3 1348.68 11672.6
1683771831 108.34 38.45 14542.4 5419.21
1683771840 289.08 38.37 314.15 3802.54
1683771851 258.21 38.34 288.03 2046.72

Execution duration: 00:56:34.34
