1683861417 301.7 1.76 1682.38 4942.49
1683861427 307.66 2.21 1430.78 9634.96
1683861437 308.13 2.67 1427.38 10456.8
1683861447 305.46 3.06 1392.86 14290.5
1683861457 305.16 3.19 1448.41 5794.05
1683861467 305.64 3.21 1419.41 9443.17
1683861477 307.51 3.9 1443.32 9399.8
1683861487 306.51 4.37 1440.47 10500.3
1683861497 310.61 4.9 1395.84 11947.7
1683861507 178.81 5.13 15304.6 13316
1683861517 306.14 5.35 1420.81 5846.98
1683861527 306.53 5.46 1418.79 8828.49
1683861537 307.83 5.84 1419.41 9346.53
1683861547 309 6.1 1391.7 12340.3
1683861557 306.53 6.68 1444.75 8211.88
1683861567 310.9 6.79 1421.21 10765.5
1683861577 308.41 7.14 1391.3 10596
1683861587 307.81 7.34 1418.4 7615.83
1683861597 309 7.42 1418 9300.1
1683861607 159.95 8.21 14651.2 10441.1
1683861617 308.5 8.45 1443.72 9516.91
1683861627 309.2 9.02 1418 10098.1
1683861637 307.91 8.75 1417.79 12889.3
1683861647 307.61 8.9 1416.6 7507.51
1683861657 306.73 9.55 1392.68 9643.52
1683861667 309.77 9.87 1388.56 12474.2
1683861677 305.73 10.29 1440.86 8027.25
1683861687 307.58 10.9 1438.27 10164.5
1683861697 309.1 10.91 1417 13163.2
1683861707 306.89 10.77 1435.2 8288.3
1683861717 173.52 11.4 15970.8 8301.98
1683861727 308.55 11.87 1408.64 9864.44
1683861737 307.79 12.25 1385.83 12012.2
1683861747 310.27 12.78 1390.32 10197.8
1683861757 307.8 12.5 1389.93 11426.3
1683861767 306.72 13.06 1390.32 8291.02
1683861777 307.88 13.22 1461.42 8005.12
1683861787 309.67 13.56 1413.81 11942
1683861797 308.19 14.06 1414.2 8798.82
1683861807 307.2 14.27 1412.41 9114.88
1683861817 308.46 14.68 1384.85 13660.6
1683861827 169.16 14.78 15996.1 7101.08
1683861837 306.01 15.04 1411.02 8474.8
1683861847 306.79 15.49 1387.19 10885.9
1683861857 310.95 15.77 1390.32 12113.7
1683861867 306.18 16.32 1405.49 7218.04
1683861877 310.54 16.43 1362.36 14200.6
1683861887 304.81 16.56 1432.38 6287.73
1683861897 306.69 16.67 1385.83 11166.5
1683861907 308.38 17.3 1437.64 7453.79
1683861917 306.48 17.31 1406.87 9383.71
1683861927 306.98 17.69 1411.41 10162.6
1683861937 117.73 18.32 15877.1 15063.6
1683861947 303.05 18.44 1433.79 5742.63
1683861957 309.64 18.49 1409.64 9520.94
1683861967 309.35 19.33 1385.83 10961.8
1683861977 304.81 19.22 1433.79 8757.96
1683861987 307.28 19.97 1385.83 9154.72
1683861997 313.85 20.3 1384.67 14916.3
1683862007 308.06 20.13 1433.4 7354.03
1683862017 307.28 20.73 1436.61 7853.94
1683862027 308.72 21.24 1379.04 10560.2
1683862037 306.68 21.14 1433.79 8631.83
1683862047 307.33 21.83 1426.39 9150.73
1683862057 249.07 22.15 16881.8 14022.8
1683862067 306.85 22.29 1430.37 7907.54
1683862077 309.24 22.59 1383.1 9779.96
1683862087 306.59 22.66 1410.03 9155.95
1683862097 308.86 23.51 1384.46 11915.4
1683862107 301.37 23.68 1403.13 6223.87
1683862117 307.77 24.02 1409.64 9799.02
1683862127 310.72 24.16 1410.03 12986.4
1683862137 305.88 24.35 1405.49 7013.33
1683862147 308.05 24.81 1381.75 10396.5
1683862157 304.51 24.81 1405.88 9516.08
1683862167 188.21 25.56 16224.4 10719.8
1683862177 308.32 25.9 1379.43 9521.25
1683862187 308.84 25.99 1358.35 11767.8
1683862197 301.57 26.42 1375.39 5848.05
1683862207 307.77 26.98 1357.96 12467.6
1683862217 304.97 27.4 1375.39 9861.33
1683862227 305.09 27.65 1377.69 8854.01
1683862237 303.62 27.73 1376.34 8365.59
1683862247 313.23 28.26 1380.78 13378.4
1683862257 307.66 28.15 1406.87 7227.48
1683862267 126.4 28.71 14271.6 8098.13
1683862277 310.48 29.1 1404.11 11391.2
1683862288 307.41 29.59 1372.71 9842.5
1683862297 309.89 29.89 1379.04 9669.34
1683862308 309.28 29.84 1400.78 12520.3
1683862318 306.05 30.32 1425.39 7385.16
1683862328 308.81 30.76 1404.11 9938.1
1683862338 304.01 30.77 1401.76 8865.69
1683862348 306.44 31.45 1425 9781.64
1683862358 309.19 31.73 1400.39 11683.6
1683862368 309.59 32.19 1378.86 11787.9
1683862378 99.9 32.34 15479.3 6177.86
1683862388 308.56 32.75 1347.37 9070.57
1683862398 308.19 32.95 1374.05 10800
1683862408 305.38 33.14 1401.76 9197.26
1683862418 308.72 33.91 1404.11 9176.1
1683862428 309.93 34.2 1345.14 14787.5
1683862438 303.9 33.92 1398.63 5390.83
1683862448 308.08 34.64 1371.37 10901.7
1683862458 308.5 34.88 1400 7952.34
1683862468 305.28 35.26 1376.73 10278.4
1683862478 307.82 35.5 1376.34 10767.9
1683862488 100.3 35.93 15094.4 13788.9
1683862498 304.78 36.08 1399.02 6619.32
1683862508 307.71 36.45 1400 9503.12
1683862518 305.87 36.71 1426.78 8695.21
1683862528 303.82 36.87 1379.04 8846.23
1683862538 307.92 37.57 1376.73 11270
1683862548 308.11 37.92 1400 12349.2
1683862558 305.27 37.65 1398.63 9392.78
1683862568 305.56 37.93 1400.39 7691.41
1683862578 308.13 38.17 1402.74 10886.5
1683862588 307.81 38.17 1399.02 9681.17
1683862598 307.8 38.17 1397.27 10125.5
1683862608 277.52 38.16 16437.4 13069.1
1683862618 306.43 38.16 1371.76 8982.28
1683862628 307.39 37.88 1369.65 9780.93
1683862638 304.78 38.17 1397.27 7633.14
1683862648 309.87 38.17 1401.37 10184.6
1683862658 306.04 38.19 1394.94 8749.03
1683862668 304.79 38.29 1348.68 10743
1683862678 308.21 38.32 1377.12 12506
1683862688 307.79 38.32 1393.2 8599.81
1683862698 306.92 38.03 1400.39 8321.88
1683862708 303.69 38.11 1394.55 8480.16
1683862718 159.64 38.41 16138.9 12102.7
1683862728 306.25 38.5 1398.63 9907.12
1683862738 307.68 38.2 1370.04 10732.7
1683862748 307.98 38.21 1370.04 8818.68
1683862758 304.28 38.49 1395.91 8059.98
1683862768 307.52 38.5 1400.39 9183.2
1683862778 306.59 38.5 1387.8 11133.4
1683862788 305.95 38.21 1397.27 9537.23
1683862798 308.75 38.51 1368.71 11705.3
1683862808 303.7 38.5 1394.94 7130.35
1683862818 306.61 38.21 1394.55 8049.42
1683862828 156.28 38.56 15398.6 12242.6
1683862838 305.07 38.56 1399.02 8231.02
1683862848 306.71 38.55 1394.55 9400
1683862858 307.32 38.56 1350.24 13365.5
1683862868 306.43 38.27 1422.22 5850.68
1683862878 305.27 38.56 1399.02 9466.93
1683862888 306.05 38.28 1398.63 9515.71
1683862898 305.18 38.57 1400 10114.8
1683862908 307.11 38.57 1396.3 10337.7
1683862918 310.05 38.29 1374.44 15078.6
1683862928 303.71 38.58 1424 6973.27
1683862938 114.23 38.58 15477.2 11071.7
1683862948 302.92 38.58 1394.94 7366.15
1683862958 307.9 38.58 1373.66 8592.39
1683862968 309.34 38.29 1371.37 13205.8
1683862978 308.76 38.58 1346.84 12341.6
1683862988 304.49 38.58 1420.84 5865.63
1683862998 307.51 38.3 1398.63 7700.68
1683863008 309.58 38.29 1401.37 10421.5
1683863018 309.18 38.59 1400.39 10069.1
1683863028 307.78 38.29 1369.65 11640.5
1683863038 310.05 38.58 1349.07 13227.7
1683863048 211.21 38.58 15133.7 8796.88
1683863058 305.57 38.57 1399.02 7322.54
1683863068 308.87 38.29 1397.27 9742.3
1683863078 308.08 38.28 1370.98 11498
1683863088 306.72 38.58 1396.3 9155.21
1683863098 306.41 38.57 1369.65 10589.5
1683863108 307.9 38.29 1374.27 10086.2
1683863118 306.05 38.58 1398.63 7697.17
1683863128 307.02 38.58 1399.02 10751.2
1683863138 305.57 38.58 1398.63 11397.9
1683863148 141.22 38.57 14371.6 10256.9
1683863158 308.27 38.58 1370.04 10693
1683863168 306.83 38.58 1372.71 11263.5
1683863178 305.44 38.29 1417.09 6984.08
1683863188 308.38 38.58 1370.98 10256.3
1683863198 307.71 38.58 1397.66 8809.75
1683863208 309.14 38.29 1369.65 12865.8
1683863218 305.65 38.58 1397.27 9315.79
1683863228 309.25 38.58 1397.66 11380.9
1683863238 306.13 38.28 1397.27 8023
1683863248 308.78 38.58 1406.17 8370.33
1683863258 284.91 38.58 15321.9 9480.82
1683863268 306.34 38.58 1372.71 10227.3
1683863278 304.39 38.58 1395.91 10540.2
1683863288 312.58 38.58 1373.49 12089.3
1683863298 303.89 38.59 1419.46 6992.61
1683863308 307.42 38.29 1400.39 10858.2
1683863318 305.87 38.58 1374.05 9867.71
1683863328 309.08 38.58 1400 10073.8
1683863338 305.37 38.58 1397.66 10899
1683863348 311.22 38.29 1373.1 12331
1683863358 177.49 38.58 14888.5 5895.52
1683863368 305.25 38.58 1368.32 9500.1
1683863378 309.73 38.58 1394.94 11532.7
1683863388 307.09 38.28 1374.5 8825.7
1683863398 309.45 38.58 1395.91 9668.94
1683863408 309.91 38.58 1342.53 13645.4
1683863418 305.45 38.29 1422.22 7215.2
1683863428 305.36 38.58 1397.66 7702.92
1683863438 307.8 38.58 1373.66 10190.8
1683863448 305.94 38.59 1393.59 9601.94
1683863458 311.59 38.29 1395.91 11934.6
1683863468 264.15 38.58 15530.4 12230.1
1683863478 303.22 38.58 1394.55 5644.36
1683863488 308.48 38.58 1370.98 9813.44
1683863498 304.19 38.29 1371.37 9271.28
1683863508 305.24 38.58 1366.99 9779.03
1683863518 304.76 38.58 1366.05 10621.1
1683863528 305.95 38.28 1347.37 11341.9
1683863538 306.46 38.57 1382.84 8972.42
1683863548 307.43 38.57 1376.34 10443.8
1683863558 306.53 38.57 1397.27 8558.67
1683863568 86.84 38.2 0.39 12486.2
1683863578 300.58 38.57 15779.8 6673.19
1683863588 308.01 38.57 1375.39 8626.95
1683863598 309.47 38.28 1374.05 12930
1683863608 304.56 38.28 1392.23 7933.2
1683863618 307.22 38.57 1397.27 9276.8
1683863628 309.05 38.28 1370.04 12116.7
1683863638 306.76 38.29 1409.86 8807.73
1683863648 307.69 38.57 1393.2 11607.4
1683863658 309.07 38.58 1398.05 10498.2
1683863668 306.06 38.58 1423.61 7384.2
1683863678 306.61 38.29 1339.17 10538.4
1683863688 290.71 38.58 16461.4 9009.19
1683863698 310.24 38.58 1399.02 11304.6
1683863708 302.34 38.58 1373.66 7756.49
1683863718 309.75 38.29 1372.71 12578.6
1683863728 304.68 38.58 1398.63 7035.32
1683863738 307.22 38.3 1425 9019.14
1683863748 311.04 38.3 1375.39 12824.2
1683863758 308.18 38.58 1420.84 8886.85
1683863768 303.56 38.58 1404.81 6904.33
1683863778 303.62 38.29 1324.1 13632.8
1683863788 305.57 38.29 1399.02 7217.17
1683863798 198.63 38.58 16269.3 8555.32
1683863808 305.74 38.58 1344.75 12140.9
1683863818 307.45 38.29 1362.09 8596.91
1683863828 305.36 38.58 1346.06 9782.28
1683863838 311.4 38.29 1323.2 14088.5
1683863848 305.54 38.58 1420.84 6000
1683863858 307.37 38.57 1366.05 9916.2
1683863868 308.9 38.58 1401.37 10006.3
1683863878 307.98 38.58 1394.55 10651.8
1683863888 308.59 38.58 1372.71 10180.5
1683863898 307.27 38.58 1291.86 11883
1683863908 294.46 38.58 15476.4 6225.85
1683863918 307.96 38.58 1365.66 8703.01
1683863928 305.56 38.29 1347.37 10283.8
1683863938 306.14 38.58 1372.32 10111.1
1683863948 307.32 38.58 1374.05 8304.78
1683863959 309.84 38.29 1334.75 14225.5
1683863968 306.91 38.58 1421.23 7653.75
1683863979 307.46 38.58 1415.71 8415.13
1683863988 309.46 38.29 1372.32 11050.7
1683863999 309.08 38.58 1371.43 9008.88
1683864009 290.45 38.58 14818.7 8375.85
1683864019 305.94 38.58 1371.37 9436.03
1683864029 307.94 38.29 1350.63 11869.1
1683864039 306.33 38.58 1372.32 7102.14
1683864049 308.38 38.58 1347.76 12450.7
1683864059 310.03 38.29 1395.91 9628.04
1683864069 307.23 38.58 1400.39 7418.36
1683864079 307.47 38.58 1366.99 12044.3
1683864089 306.83 38.58 1374.44 11239
1683864099 306.33 38.29 1394.55 7183.66
1683864109 309.24 38.29 1341.64 11029.2
1683864119 292.71 38.58 16175.7 9280.23
1683864129 305.55 38.58 1372.71 9551.66
1683864139 308.6 38.29 1401.76 9434.6
1683864149 312.18 38.29 1377.39 11927.1
1683864159 304.58 38.58 1397.66 6712.28
1683864169 307.21 38.29 1397.27 10067.5
1683864179 308.68 38.58 1422.61 9821.83
1683864189 307.2 38.58 1393.2 10210.3
1683864199 311.57 38.29 1393.2 11214.4
1683864209 310.33 38.58 1373.49 10982.9
1683864219 304.38 38.29 1395.91 6160.86
1683864229 271.88 38.58 16428.5 10721.5
1683864239 307.1 38.58 1412.06 10512.8
1683864249 301.07 38.29 1386.85 7376.4
1683864259 307.21 38.29 1348.68 11366.6
1683864269 311.22 38.57 1349.85 12170.1
1683864279 304.1 38.3 1423.61 5302.24
1683864289 306.24 38.29 1372.32 10010.9
1683864299 310.05 38.58 1401.17 10566
1683864309 307.38 38.29 1397.67 9667.57
1683864319 305.64 38.57 1394.75 8332.75
1683864329 312.38 38.28 1396.49 14771.1
1683864339 184.76 38.57 16252.4 5786.33
1683864349 307.91 38.58 1400 9819.92
1683864359 306.21 38.29 1394.37 8549.66
1683864369 312.1 38.58 1375.78 12938.7
1683864379 307.18 38.29 1379.21 6823.82
1683864389 312.59 38.59 1349.46 15623.4
1683864399 307.1 38.58 1418.47 6398.06
1683864409 307.32 38.29 1399.02 9927.41
1683864419 307.33 38.58 1347.37 10699.4
1683864429 306.14 38.29 1422.61 8396.88
1683864439 307.26 38.29 1364.34 11009.7
1683864449 168.95 38.58 15676.2 8724.61
1683864459 310.7 38.58 1344.61 12314.5
1683864469 305.85 38.58 1397.27 8260.04
1683864479 308.46 38.3 1394.94 10722.2
1683864489 308.46 38.58 1419.46 8341.25
1683864499 310.76 38.58 1366.05 10810.1
1683864509 303 38.58 1385.12 9169.08
1683864519 310.62 38.29 1371.76 11794.4
1683864529 308 38.58 1398.63 10271.2
1683864539 300.3 38.58 1422.22 6034.7
1683864549 309.37 38.29 1372.32 11696.7
1683864559 235.61 38.59 15562.9 8577.56
1683864569 308.11 38.58 1375.39 10424.6
1683864579 311.51 38.58 1347.76 11801.6
1683864589 307.62 38.28 1375.39 8715.23
1683864599 304.35 38.58 1409.86 8063.38
1683864609 309.27 38.58 1373.66 10242.3
1683864619 306.32 38.29 1394.94 7753.7
1683864629 310.93 38.58 1400 10974.6
1683864639 310.8 38.58 1346.31 12802.7
1683864649 305.37 38.29 1400 6400.39
1683864659 307.42 38.29 1400 10423.4
1683864669 201.86 38.58 15889.5 11029.7
1683864679 303.9 38.58 1396.3 7256.48
1683864689 307.47 38.58 1365.66 12659.2
1683864699 310.42 38.57 1371.76 11383.1
1683864709 303.89 38.29 1394.94 6526.46
1683864719 309.57 38.58 1398.63 9029.85
1683864729 308.89 38.29 1400.39 10530.1
1683864739 307.9 38.58 1425 10144.5
1683864749 307.4 38.58 1422.61 10017.1
1683864759 311.47 38.29 1343.83 14857.9
1683864769 303.6 38.58 1394.94 6442.41
1683864779 252.82 38.58 14789.5 1936.19
1683864789 286.76 38.5 310.03 1960.27
1683864799 61.25 38.49 95.81 50.63

Execution duration: 00:56:28.28
