1683845960 306.18 1.74 1620.3 4960.4
1683845970 308.33 2.24 1403.97 10219.4
1683845980 307.43 2.7 1398.81 10200.4
1683845990 308.82 2.87 1420.81 10170.5
1683846000 306.05 3.38 1394.84 11905.6
1683846010 303.56 3.22 1419.41 7136.24
1683846020 308.23 3.84 1421.21 8733
1683846031 308.22 4.37 1419.41 11360.4
1683846040 306.05 4.43 1397.23 9002.78
1683846051 163.44 5.02 15188.9 8449.81
1683846060 312.38 5.24 1394.85 15360.8
1683846071 305.93 5.32 1444.11 6583.58
1683846081 307 5.35 1439.05 9341.62
1683846091 310.78 5.99 1418 10820.6
1683846101 308.9 6.4 1441.9 9235.97
1683846111 309.1 6.47 1418.4 9513.75
1683846121 308.76 6.89 1388.37 14448.1
1683846131 305.43 7.2 1439.44 5441.03
1683846141 309.89 7.43 1367.36 11522.1
1683846151 139.75 7.91 14532.1 7884.02
1683846161 310.89 8.33 1428.13 10620.2
1683846171 309.37 8.74 1413.81 9128.99
1683846181 309.69 9.15 1366.41 15640.7
1683846191 306.13 8.93 1418 5355.09
1683846201 309.09 9.59 1390.32 9707.8
1683846211 306.69 9.67 1411.02 9047.24
1683846221 307.8 10.13 1415.59 10759.7
1683846231 307.89 10.69 1415.2 8738.8
1683846241 311.63 10.83 1414.38 16424.4
1683846251 303.84 11.17 1436.61 5928.35
1683846261 141.76 11.39 15760.7 6332.87
1683846271 308.09 11.93 1388.95 12213.8
1683846281 306.3 11.92 1412.41 7867.59
1683846291 307.77 12.62 1411.41 11221.3
1683846301 313.03 13.09 1389.93 14952
1683846311 304.03 13.17 1407.26 6708.54
1683846321 306.1 13.01 1436.61 6733.07
1683846331 307.9 13.44 1415.2 12220.3
1683846341 307.49 14.05 1412.8 6925.32
1683846351 309.46 14.34 1388.56 11050.9
1683846361 306.67 14.79 1408.64 9090.37
1683846371 128.59 14.96 15622.8 13211
1683846381 306.02 15.1 1415.59 6586.77
1683846391 308.58 15.58 1389.93 13061.8
1683846401 307.67 16 1411.02 9300.39
1683846411 308.27 16.13 1387.58 10093.8
1683846421 307.47 16.65 1408.25 8081.73
1683846431 307.47 16.61 1386.62 12142.5
1683846441 308.09 17.1 1413.81 7287.18
1683846451 310.52 17.58 1410.03 12553.8
1683846461 308.14 17.67 1431.99 8469.48
1683846471 307.97 17.99 1436.61 9401.97
1683846481 305.7 18.7 1409.64 9762.05
1683846491 291.45 18.84 16927.8 11939.4
1683846501 306.68 19.01 1408.64 7249.51
1683846511 306.7 19.19 1385.83 9582.68
1683846521 309.03 19.61 1357.01 11116
1683846531 305.4 20.23 1405.49 9699.22
1683846541 309.72 20.46 1382.14 10885.2
1683846551 308.35 20.78 1409.04 11371.3
1683846561 310.32 21.18 1408.64 8722.59
1683846571 304.52 21.03 1433.4 7694.3
1683846581 311.52 21.77 1409.64 9626.75
1683846591 307.82 21.83 1403.13 9953.03
1683846601 177.82 22.51 16446.7 10734.4
1683846611 309.63 22.78 1358.75 13191.8
1683846621 307.36 22.89 1406.87 6657.51
1683846631 305.2 23.04 1383.49 10007.1
1683846641 307.07 23.33 1380.39 7972.16
1683846651 308.74 24.06 1382.14 10350.5
1683846661 306.96 24.18 1379.04 10320.9
1683846671 309.92 24.69 1383.1 13544.2
1683846681 306.58 24.83 1433.79 5586.25
1683846691 310.31 25.17 1408.25 10786.2
1683846701 304.39 25.27 1400.39 9546.09
1683846711 105.29 26.03 15659.9 9871.23
1683846721 305.78 26.35 1379.43 9075.42
1683846731 312.26 26.59 1357.41 13846.1
1683846741 305.97 26.72 1379.04 6945.74
1683846751 303.21 26.69 1372.71 6363.35
1683846761 308.35 27.36 1406.87 10880.1
1683846771 308.2 27.61 1375.39 10260.9
1683846781 306.95 27.93 1402.74 9809
1683846791 310.67 28.57 1328.37 14313.5
1683846801 304 28.39 1422.22 6203.12
1683846811 306.38 28.9 1405.88 7238.43
1683846821 279.14 29.45 15171 11287.8
1683846831 306.74 29.63 1376.34 8347.21
1683846841 305.33 30.15 1364.34 10962.4
1683846851 306.96 30.19 1380.39 10652.9
1683846861 305.68 30.63 1378.86 9921.72
1683846871 307.26 30.6 1405.49 8517.25
1683846881 306.92 31.13 1371.37 8946.06
1683846891 308.52 31.6 1402.74 11448.5
1683846901 307.33 31.69 1426.39 8709.68
1683846911 305.57 32.33 1401.37 9291.5
1683846921 311.15 32.34 1378.86 11992.2
1683846931 233.34 32.98 16132.6 6682.56
1683846941 305.08 33.25 1373.66 9679.22
1683846951 309.39 33.31 1402.74 9376.52
1683846961 307.5 33.73 1398.63 9820.88
1683846971 305.37 34.52 1325.39 11719.5
1683846981 308.5 34.67 1376.73 11622.7
1683846991 304.19 34.55 1400 7079.3
1683847001 305.19 35.26 1376.34 9194.92
1683847011 305.29 35.33 1404.11 10780.4
1683847021 306.83 36.03 1372.71 9434.31
1683847031 308.02 36.33 1401.37 9583.19
1683847041 221.12 36.68 15820.5 13280.2
1683847051 308.28 36.91 1397.27 7865.89
1683847061 308.3 37.19 1375.39 8580.08
1683847071 309.73 37.39 1370.98 9777.99
1683847081 307.1 37.93 1368.32 11043.7
1683847091 306.9 38.02 1370.04 9316.73
1683847101 310.72 38.28 1371.37 12902.8
1683847111 305.06 38.29 1393.59 7502.82
1683847121 307.43 38.01 1400 8933.59
1683847131 308.29 38.29 1399.02 10013.3
1683847141 306.93 38.01 1398.63 8461.27
1683847151 156.71 38.29 15723.7 9872.37
1683847161 311.64 38.3 1318.06 13998.5
1683847171 304.07 38.02 1365.66 6387.2
1683847181 308.79 38.3 1373.66 12083.9
1683847191 306.04 38.02 1370.98 9202.34
1683847201 304.69 38.3 1399.02 6935.41
1683847211 309.05 38.01 1395.91 10163.6
1683847221 311.33 38.3 1350.39 14331.6
1683847231 304.57 38.3 1418.47 6282.99
1683847241 308.09 38.29 1397.27 9465.5
1683847251 308.65 38.02 1370.04 11076.3
1683847261 309.57 38.3 1423.61 9200.39
1683847271 255.77 38.3 16801.9 9432.42
1683847281 312.19 38.4 1349.07 14048.8
1683847291 304.86 38.12 1395.91 5860.18
1683847301 314.04 38.12 1397.66 10357.1
1683847312 306.83 38.4 1377.14 6854.95
1683847321 309.19 38.4 1351.71 12495
1683847331 306.53 38.4 1395.91 8781.69
1683847341 309.46 38.41 1372.32 11264.7
1683847352 305.55 38.12 1370.93 9208.8
1683847361 308.19 38.4 1399.02 7997.66
1683847371 307.87 38.12 1369.65 10146.3
1683847381 239.75 38.39 15968.8 10867.2
1683847391 307.99 38.4 1374.05 9678.05
1683847401 310.91 38.42 1395.91 11571.2
1683847411 308.66 38.15 1370.04 10863.8
1683847421 305.85 38.43 1398.63 8200.59
1683847431 307.2 38.44 1371.37 9366.31
1683847441 305.66 38.15 1398.63 8074.93
1683847451 307.02 38.5 1347.76 11853.4
1683847461 308.2 38.22 1398.63 9973.46
1683847471 307.6 38.5 1374.05 10993.2
1683847481 305.75 38.22 1397.66 6964.91
1683847491 178.64 38.51 15891.9 11624.2
1683847501 308.79 38.51 1374.05 10785.6
1683847512 308.82 38.23 1387.8 8286.54
1683847522 306.99 38.51 1392.23 9314.95
1683847531 310.65 38.51 1350 13184.4
1683847541 305.64 38.5 1420.84 6606.04
1683847551 308.29 38.51 1375.39 9967.97
1683847562 307.88 38.23 1394.55 10013.2
1683847572 303.3 38.51 1392.23 7613.2
1683847582 310.23 38.51 1397.27 11266.3
1683847592 309.66 38.23 1374.05 13201.2
1683847602 274.82 38.5 15548.1 6288.78
1683847612 308.98 38.51 1372.71 12546.6
1683847622 304.09 38.51 1366.63 5949.67
1683847632 306.22 38.51 1343.44 10000
1683847642 305.14 38.5 1390.88 8671.58
1683847652 312.38 38.23 1347.37 15238.2
1683847662 302.55 38.51 1399.02 5692.49
1683847672 310.08 38.51 1401.37 11293.1
1683847682 306.44 38.51 1397.66 8429.63
1683847692 309.37 38.23 1373.66 10970.5
1683847702 183.22 38.51 14727.4 7337.37
1683847712 309.65 38.5 1323.2 15521.6
1683847722 304.69 38.51 1425 5349.61
1683847732 308.05 38.23 1342.53 11483.9
1683847742 304.85 38.51 1391.84 7731.65
1683847752 305.05 38.51 1367.38 9860.19
1683847762 306.14 38.51 1397.27 8872.51
1683847772 313.48 38.22 1376.95 15656.2
1683847782 306.11 38.49 1412.58 5794.39
1683847792 305.67 38.5 1400 7940.62
1683847802 113.14 38.51 14200.6 11518.2
1683847812 307.03 38.51 1398.63 8364.49
1683847822 309.46 38.51 1347.76 12113.8
1683847832 307.71 38.51 1373.66 9419.71
1683847842 309.33 38.23 1344.22 10667.8
1683847852 308.69 38.51 1398.63 8645.85
1683847862 306.67 38.51 1336.94 11548.2
1683847872 308.19 38.22 1422.61 8580.9
1683847882 308.44 38.51 1373.18 9688.12
1683847892 307.89 38.51 1421.23 8343.14
1683847902 311.79 38.23 1371.37 12140.2
1683847912 207.51 38.51 15038.2 9298.25
1683847922 307.32 38.51 1400 10194.5
1683847932 308.77 38.51 1372.71 10805.1
1683847942 306.61 38.23 1394.55 8640.08
1683847952 309.96 38.5 1398.63 10038.2
1683847962 311.48 38.51 1370.04 11636.2
1683847972 306.83 38.51 1398.63 8418.73
1683847982 303.9 38.51 1370.04 8601.17
1683847992 306.83 38.23 1372.32 10398.4
1683848002 310.6 38.51 1370.04 12112.1
1683848012 308.48 38.51 1382.45 10572
1683848022 281.83 38.5 15654 11238.1
1683848032 305.45 38.51 1394.94 6782.1
1683848042 309.87 38.51 1400 10852.7
1683848052 305.76 38.22 1372.32 8767.64
1683848062 305.55 38.5 1370.98 10490
1683848072 306.12 38.5 1392.23 9126.99
1683848082 314.8 38.23 1396.3 12662.9
1683848092 304.07 38.51 1415.71 6107.47
1683848102 308.75 38.51 1370.98 11279.5
1683848112 305.95 38.23 1398.63 8656.78
1683848122 118.06 38.51 14755.7 10719.6
1683848132 308.3 38.5 1375 10362.9
1683848142 309.26 38.51 1347.76 11981.3
1683848152 303.78 38.22 1393.2 6522.84
1683848162 309.18 38.5 1400.39 10163.3
1683848172 305.75 38.51 1397.27 9177.39
1683848182 309.32 38.23 1391.84 10529.3
1683848192 308.18 38.51 1397.66 10527.9
1683848202 309.65 38.51 1372.71 13236.3
1683848212 305.65 38.51 1421.23 6019.86
1683848222 308.87 38.51 1395.91 9554.04
1683848232 102.03 38.51 15186.4 8387.55
1683848242 306.71 38.51 1346.06 12288.6
1683848252 304.48 38.51 1420.84 7638.56
1683848262 308.55 38.51 1343.44 13609.3
1683848272 306.25 38.23 1401.73 7124.3
1683848282 307.39 38.51 1343.83 11058.5
1683848292 301.96 38.23 1420.84 7030.96
1683848302 312.39 38.51 1399.02 12198.6
1683848312 302.62 38.51 1389.15 7107.36
1683848322 308 38.51 1399.02 8242.34
1683848332 309.49 38.23 1363.41 13233.3
1683848342 305.95 38.23 1424 7281.56
1683848352 230.89 38.51 16453 10435.1
1683848362 305.42 38.5 1363.02 9196.13
1683848372 310.33 38.22 1374.05 10137.4
1683848382 310.83 38.23 1348.68 12310.2
1683848392 307.21 38.51 1372.54 9299.71
1683848402 306.43 38.51 1397.27 6853.41
1683848412 307.67 38.51 1366.99 9688.93
1683848422 307.8 38.51 1372.32 10540.7
1683848432 304.76 38.23 1368.32 9648.59
1683848442 306.81 38.23 1371.37 9650.24
1683848452 121.92 38.5 14384.8 11528.7
1683848462 306.62 38.51 1397.66 6818.71
1683848472 306.05 38.51 1400 11372.7
1683848482 308.98 38.23 1350.39 8655.08
1683848492 307.81 38.52 1373.66 10923.7
1683848502 308.39 38.51 1347.37 9439.38
1683848512 310.07 38.51 1363.79 12057.7
1683848522 303.22 38.23 1397.27 7507.6
1683848532 308.88 38.51 1374.05 9995.32
1683848542 307.8 38.51 1372.32 10967.2
1683848552 102.81 38.5 13617.8 6855.76
1683848562 306.54 38.5 1348.68 11451.7
1683848572 308.58 38.51 1373.1 11807.8
1683848582 303.69 38.24 1394.55 5322.18
1683848592 309.53 38.23 1370.98 11567.7
1683848602 309.06 38.51 1356.84 7574.18
1683848612 308.78 38.23 1398.63 11524.7
1683848622 307.61 38.51 1374.05 8447.22
1683848632 312.52 38.51 1376.73 13675.5
1683848642 304.39 38.23 1397.66 5845.22
1683848652 306.76 38.51 1359.07 7087.64
1683848662 106.22 38.51 14987.9 11166.9
1683848672 308.1 38.51 1363.51 11372.5
1683848682 304 38.51 1373.66 7630.44
1683848692 300 38.23 1266.21 14582
1683848702 303.32 38.23 1422.22 5360.23
1683848712 308.07 38.53 1345.14 11602.7
1683848722 305.27 38.53 1397.27 7585.19
1683848732 308.06 38.53 1392.23 8800.78
1683848742 307.01 38.53 1397.66 9696.69
1683848752 309.27 38.53 1373.66 11134
1683848762 306.94 38.25 1358.53 10854.8
1683848772 304.59 38.53 1372.32 8448.73
1683848782 277.1 38.52 16364.3 8433.4
1683848792 309.14 38.52 1369.65 9381.71
1683848802 306.93 38.53 1396.3 9599.22
1683848812 308.48 38.25 1347.37 11741.1
1683848822 305.64 38.52 1343.83 9807.19
1683848832 307.6 38.25 1397.66 8841.33
1683848842 306.42 38.53 1393.2 8422.55
1683848852 307.12 38.53 1399.02 10034.3
1683848862 308.46 38.25 1394.55 9047.47
1683848872 311.26 38.53 1366.05 12270.4
1683848882 309.92 38.25 1370.43 10256.8
1683848892 196.2 38.53 16182.7 8067.38
1683848902 304.97 38.53 1397.66 7793.76
1683848912 307.11 38.25 1373.66 11747.9
1683848922 305.33 38.53 1364.73 10615.1
1683848932 307.99 38.24 1370.98 9283.74
1683848942 311.87 38.53 1346.84 12953.9
1683848952 306.05 38.53 1422.22 6435.09
1683848962 310.31 38.53 1394.94 10919.8
1683848972 307.12 38.53 1395.91 10255.5
1683848982 308.75 38.53 1393.2 11144.8
1683848992 306.93 38.25 1424 10022.6
1683849002 179.4 38.52 15600.8 10952
1683849012 304.38 38.53 1394.94 6501.95
1683849022 306.43 38.53 1370.98 9441.87
1683849032 308.87 38.53 1371.37 11763.2
1683849042 305.91 38.25 1390.49 8454.7
1683849052 305.21 38.53 1384.17 8420.85
1683849062 309.82 38.25 1346.06 13748.4
1683849072 305.86 38.53 1398.63 7529.37
1683849082 306.13 38.53 1396.3 8255.11
1683849092 309.17 38.53 1373.66 11170
1683849102 304.77 38.25 1419.85 7630.74
1683849112 228.32 38.54 15398.2 10314.3
1683849122 310.79 38.53 1344.22 13394
1683849132 305.25 38.25 1394.55 6619.46
1683849142 305.73 38.54 1369.65 8668.87
1683849152 308.28 38.25 1371.37 10927.8
1683849162 306.34 38.55 1398.63 9092.68
1683849173 308.48 38.54 1381.51 9807.32
1683849182 311.78 38.54 1370.98 13633.9
1683849193 307.92 38.53 1384.17 7218.53
1683849202 305.56 38.25 1372.32 6840.55
1683849212 308.97 38.54 1374.05 12711.8
1683849222 185.11 38.53 15728 10852.9
1683849233 307.75 38.52 1364.34 8365.12
1683849242 304.37 38.53 1394.94 8570.43
1683849252 310.71 38.25 1347.62 12179.2
1683849262 305.75 38.53 1421.23 6445.96
1683849272 309.05 38.53 1370.98 12715.9
1683849283 306.22 38.25 1418.47 7577.07
1683849292 308.19 38.53 1372.32 11096.3
1683849303 305.64 38.53 1391.84 7949.13
1683849313 310.31 38.53 1349.03 12963
1683849322 307.11 38.24 1397.27 9024.56
1683849333 231 38.45 14527.8 5646.45
1683849343 289.09 38.45 311.11 277.58
1683849353 102.72 38.44 138 80.86

Execution duration: 00:56:39.39
