1683783966 303.99 1.74 1737.85 4961.35
1683783976 308.02 2.23 1427.95 9833.5
1683783986 307.03 2.65 1422.4 9330.82
1683783996 309.3 2.99 1412.07 14955.5
1683784006 305.65 3.15 1446.58 5523.49
1683784016 307.34 3.2 1422.22 9075
1683784026 308.03 3.96 1419.81 12490.7
1683784036 308.11 4.27 1418 7756.28
1683784046 308.41 4.64 1419.81 9849.5
1683784056 180.12 5.11 15207.5 15253.8
1683784066 302.56 5.3 1412.41 6193.1
1683784076 308.88 5.16 1414.6 8483.63
1683784086 313 6.02 1420.81 12985.5
1683784096 304.84 5.99 1442.69 6902.77
1683784106 310.67 6.65 1418 10551.1
1683784116 312.68 6.96 1368.71 14524.4
1683784126 306.13 6.82 1444.11 8630.27
1683784136 306.62 7.28 1443.72 7457.17
1683784146 308.48 7.4 1412.41 9564.93
1683784156 161.19 8.05 14665.8 10474.1
1683784166 309.4 8.54 1419.81 10097
1683784176 307.61 8.92 1391.3 11194.9
1683784186 307.22 9.11 1393.47 10285.7
1683784196 307.41 9.08 1415.2 9056.27
1683784206 307.61 9.59 1417 7069.17
1683784216 311.87 9.88 1392.68 12667.1
1683784226 305.34 10.14 1440.86 7906.81
1683784236 310.86 10.99 1444.82 12535.8
1683784246 310.01 11.13 1382.14 10699.5
1683784256 305.34 11.06 1417 6620.95
1683784266 159.2 11.62 15869.2 9823.72
1683784276 309.07 12.03 1414.2 9584.22
1683784286 309.56 12.14 1412.41 10568.7
1683784296 309.18 12.8 1439.44 9845.76
1683784307 310.73 12.75 1386.62 12982.7
1683784317 305.52 13.12 1439.44 6235.5
1683784327 308.64 13.57 1408.25 10892.3
1683784336 307.81 13.63 1416.6 8384.19
1683784346 309.48 14.38 1415.59 12160.3
1683784357 310.54 14.9 1412.41 10831.9
1683784367 309.48 14.97 1391.11 11011.6
1683784377 147.78 15.18 15844.7 6872.9
1683784387 308.08 15.48 1412.8 10161.6
1683784397 306.48 15.86 1406.87 9483.02
1683784407 308.86 16.18 1386.22 8738.19
1683784417 308.05 16.74 1381.75 9908.15
1683784427 307.09 16.91 1362.36 14070.1
1683784437 304.92 16.97 1410.03 5879.25
1683784447 307.39 17.04 1439.05 9720.71
1683784457 310.03 17.81 1409.64 10919.6
1683784467 306.97 18.1 1433.4 9645.58
1683784477 307.95 18.37 1408.64 10471.9
1683784487 97.45 18.91 15720 12987.2
1683784497 307.38 19.07 1449.21 6019.69
1683784507 307.73 19.32 1404.11 8776.89
1683784517 309.63 19.81 1384.46 9601.18
1683784527 308.64 20.14 1408.64 10110
1683784537 309.24 20.76 1359.29 11699.1
1683784547 309.75 20.61 1386.22 12052.4
1683784557 305.61 20.95 1409.64 6574.24
1683784567 308.26 21.33 1410.03 8561.65
1683784577 309.15 21.45 1384.46 10571.1
1683784587 306.78 22.08 1386.22 9052.36
1683784597 311 22.48 1408.25 11760.7
1683784607 207.44 22.86 16587.1 13062.6
1683784617 301.56 23.09 1378.08 6576.91
1683784627 305.42 23.26 1385.83 7336.61
1683784637 310.79 23.59 1405.88 9847.06
1683784647 307.26 23.78 1408.25 9861.69
1683784657 308.91 24.36 1404.5 10157.5
1683784667 311.58 24.77 1381.75 13926.6
1683784677 305.39 24.85 1429.36 9102.54
1683784687 306.58 25.1 1430.98 8570.2
1683784697 308.12 25.3 1377.69 11018.4
1683784707 305.21 25.56 1433.79 7308.06
1683784717 144.66 26.31 15932.1 11346
1683784727 309.92 26.61 1383.49 7009.04
1683784737 311.08 26.75 1380.78 14328.2
1683784747 304.88 26.78 1376.34 7238.71
1683784757 307.54 27 1353.97 10730.7
1683784767 307.93 27.55 1402.74 7946.77
1683784777 310.5 28.03 1405.49 12685.5
1683784787 304.21 28.2 1402.74 8553.03
1683784797 310.12 28.58 1382.54 11461.8
1683784807 308.22 28.55 1402.74 7901.76
1683784817 101.77 29.04 14093.2 7927.52
1683784827 305.88 29.47 1381.75 10053.8
1683784837 307.76 29.92 1382.14 11266
1683784847 306.05 30.43 1375 9360.16
1683784857 294.61 30.6 1305.49 12056.1
1683784867 306.86 30.78 1429.58 6736.14
1683784877 312.03 30.96 1402.74 9626.22
1683784887 305.36 31.5 1397.66 9427.29
1683784897 309.03 31.96 1405.49 9806.67
1683784907 308.6 32.26 1400.39 9694.92
1683784917 309.69 32.36 1378.08 13631.7
1683784927 305.08 32.8 1426.78 7478.4
1683784937 275.5 33.15 16509 8797.27
1683784947 304.11 33.56 1379.04 8750.24
1683784957 309.09 33.96 1376.73 10539.2
1683784967 306.45 34.32 1376.34 9380.65
1683784977 310.02 34.66 1370.04 13602.3
1683784987 304.88 34.87 1423.61 6559.61
1683784997 304.96 34.81 1371.37 8747.42
1683785007 306.84 35.5 1376.34 10043.8
1683785017 307.23 35.97 1400 10618.4
1683785027 306.64 36.38 1399.02 10166.2
1683785037 306.36 36.35 1326.3 14481.7
1683785047 262.08 36.72 16170.5 6060.21
1683785057 304.88 37.1 1348.68 9723.32
1683785067 307.39 37.42 1370.04 9855.64
1683785077 306.85 37.97 1376.34 9759.14
1683785087 304.97 37.99 1372.32 9609.75
1683785097 308.31 38.11 1350.78 14073.8
1683785107 305.74 38.1 1418.47 5351.99
1683785117 307.61 38.13 1375.39 10776.6
1683785127 306.62 37.87 1422.22 8612.87
1683785137 308.78 37.85 1400.39 8828.12
1683785147 308.77 38.13 1370.98 10887.6
1683785157 221.31 38.14 16176.3 8602.54
1683785167 309.74 38.14 1370.98 12259.8
1683785177 304.68 38.14 1373.66 7648.39
1683785187 307.6 38.3 1374.05 12727.8
1683785197 310.95 38.3 1426.39 10034.4
1683785207 309.64 38.3 1381.51 10027.4
1683785217 306.72 38.3 1420.84 9763.58
1683785227 309.58 38.3 1400.39 11099.6
1683785237 306.15 38.03 1400 7551.95
1683785247 309.27 38.3 1399.02 11110.6
1683785257 309.94 38.08 1397.27 10210.1
1683785267 114.51 38.36 15880 10025.3
1683785277 307.01 38.37 1421.23 8791.04
1683785287 310.24 38.09 1374.05 12653.3
1683785297 302.54 38.37 1426.39 6126.3
1683785307 305.57 38.37 1372.32 9432.36
1683785317 307.91 38.37 1350.39 10961.7
1683785327 309.56 38.37 1398.63 8939.32
1683785337 306.59 38.1 1414.34 8563.18
1683785347 310.76 38.37 1351.71 14130.6
1683785357 304.78 38.1 1423.61 5459.12
1683785367 309.46 38.47 1374.05 11648.4
1683785377 110.74 38.46 15178.9 8307.9
1683785387 307.14 38.48 1375 9914.45
1683785397 306.83 38.48 1373.66 8602.93
1683785407 310.66 38.48 1377.12 14332
1683785417 302.73 38.21 1420.84 5648.3
1683785427 306.63 38.48 1397.27 10430
1683785437 309.08 38.48 1373.66 11079.4
1683785447 305.83 38.21 1416.7 8470.29
1683785457 307.12 38.48 1372.71 10339.2
1683785467 307.8 38.21 1347.37 13134.5
1683785477 301.76 38.21 1421.23 5654.92
1683785487 307.8 38.48 1398.63 9462.63
1683785497 275.81 38.48 16427.6 10555.5
1683785507 306.93 38.48 1395.91 10037.8
1683785517 311.13 38.21 1375 10367.2
1683785527 311.77 38.48 1358.15 12768.4
1683785537 303.31 38.48 1422.22 5254.19
1683785547 305.66 38.21 1372.71 8286.94
1683785557 311.63 38.54 1400 11777.7
1683785567 306 38.53 1386.85 8989.94
1683785577 305.36 38.54 1422.22 9101.36
1683785587 309.66 38.27 1322.81 13260.8
1683785597 156.84 38.54 14713.1 9813.78
1683785607 306.03 38.54 1368.32 8745.97
1683785617 306.34 38.53 1374.05 9120.78
1683785627 307.4 38.54 1372.32 12087.7
1683785637 307.82 38.54 1401.37 8812.12
1683785647 309.38 38.54 1375 10442.6
1683785657 306.95 38.26 1360.61 10062.5
1683785667 303.51 38.27 1397.27 7730.99
1683785677 309.76 38.54 1398.63 10958.4
1683785687 310.35 38.54 1400.39 10191
1683785697 307.42 38.26 1366.8 10009
1683785707 292.9 38.53 15317.4 7792.42
1683785717 311.22 38.54 1348.15 13110.3
1683785727 306.92 38.54 1372.71 7840.94
1683785737 305.74 38.54 1344.75 8749.81
1683785747 306.42 38.54 1346.06 8698.34
1683785757 306.51 38.54 1367.38 10382.5
1683785767 307.8 38.27 1373.66 11289
1683785777 311.79 38.53 1372.71 11051.5
1683785787 304.49 38.54 1425 6096.09
1683785797 307.48 38.27 1370.04 10211.7
1683785807 192.49 38.54 14727.4 11361.6
1683785817 306.61 38.54 1370.04 9026.07
1683785827 307.6 38.27 1397.27 9224.95
1683785837 311.8 38.54 1347.76 13044.4
1683785847 304.2 38.53 1397.66 5954
1683785857 310.44 38.54 1373.66 10763.3
1683785868 306.22 38.53 1393.2 9170.85
1683785877 307.6 38.27 1373.66 9980.49
1683785887 309.09 38.53 1400 8507.81
1683785898 308.48 38.26 1346.84 15264.6
1683785907 304.11 38.53 1392.19 5842.97
1683785918 293.96 38.54 15556.8 9679.38
1683785928 306.83 38.54 1372.32 9644.44
1683785938 308 38.27 1399.02 9576.59
1683785948 308.1 38.54 1375 10403.5
1683785958 313.58 38.54 1341.99 15438.6
1683785968 302.14 38.27 1394.55 5265.76
1683785978 307.4 38.27 1371.37 10216.5
1683785988 307.73 38.54 1401.37 8835.58
1683785998 307.12 38.27 1400 9423.83
1683786008 305.86 38.54 1399.02 10226
1683786018 152.98 38.53 14837 14363.8
1683786028 302.52 38.54 1415.71 6024.83
1683786038 307.41 38.54 1400 8646.88
1683786048 306.14 38.54 1372.71 11087.3
1683786058 309.3 38.26 1338.24 11366.9
1683786068 305.84 38.54 1393.2 9203.5
1683786078 308.86 38.26 1346.45 11444.6
1683786088 308.97 38.28 1397.66 9704.48
1683786098 305.36 38.54 1372.71 8495.52
1683786108 304.49 38.55 1373.66 9289.76
1683786118 305.66 38.27 1372.71 10226.9
1683786128 194.17 38.53 15252.4 8787.57
1683786138 307.43 38.54 1375.39 9378.91
1683786148 308.19 38.27 1348.68 12345.4
1683786158 306.93 38.54 1400 6447.27
1683786168 307.59 38.53 1370.04 12798.4
1683786178 306.63 38.53 1397.27 8713.84
1683786188 305.79 38.54 1384.17 11064.5
1683786198 305.16 38.54 1419.46 8561.87
1683786208 310.94 38.54 1375.78 12098.4
1683786218 305.64 38.54 1394.55 7698.44
1683786228 308.47 38.54 1395.91 11241.3
1683786238 178.62 38.54 15558.9 8927.4
1683786248 305.27 38.54 1398.63 8861.66
1683786258 310.07 38.54 1401.76 12348.4
1683786268 312.95 38.54 1370.98 11429.8
1683786278 290.29 38.55 1317.67 5402.33
1683786288 294.17 38.54 1322.87 9586.22
1683786298 309.08 38.27 1375.39 10955.9
1683786308 304.09 38.54 1393.2 7334.89
1683786318 308.4 38.54 1375 11394.1
1683786328 309.66 38.54 1374.44 12812.1
1683786338 304.29 38.27 1395.91 6169.81
1683786348 308.11 38.27 1375.39 9593.75
1683786358 274.12 38.55 16760.2 9019.53
1683786368 310.13 38.55 1346.45 11923.3
1683786378 305.23 38.27 1365.66 7467.31
1683786388 311.32 38.55 1349.07 13958.6
1683786398 303.7 38.55 1393.59 5861.22
1683786408 307.2 38.28 1370.98 8618.5
1683786418 308.77 38.54 1371.37 11792.4
1683786428 306.35 38.55 1375 10857.8
1683786438 296.71 38.55 1360.39 7683.09
1683786448 310.94 38.28 1350.39 13536.3
1683786458 148.83 38.55 14623 5920.08
1683786468 309.08 38.55 1375.39 8315.23
1683786478 307.52 38.55 1375 10589.5
1683786488 300.96 38.55 1336.94 8076.21
1683786498 308.2 38.56 1350 10688.7
1683786508 308.48 38.55 1324.1 13150
1683786518 303.24 38.55 1367.01 7487.89
1683786528 307.78 38.28 1392.23 9549.9
1683786538 306.13 38.56 1368.71 8583.48
1683786548 305.57 38.55 1373.66 10231.4
1683786558 135.85 38.55 13887.5 11106.6
1683786568 305.66 38.55 1375.82 8507.49
1683786578 308.47 38.55 1321.91 10497.4
1683786588 307.4 38.55 1395.91 6233.3
1683786598 306.85 38.28 1350.39 9551.17
1683786608 311.32 38.55 1373.66 11830.2
1683786618 307.7 38.29 1422.22 9630.41
1683786628 309.1 38.55 1376.73 10880.2
1683786638 307.68 38.55 1396.69 9751.51
1683786648 305.75 38.55 1371.37 7917.43
1683786658 308.67 38.28 1372.32 10256.5
1683786668 126.78 38.54 15152.5 7963.39
1683786678 308.78 38.55 1387.32 12645.5
1683786688 302.54 38.55 1396.3 6020.25
1683786698 309.27 38.56 1347.37 13267.8
1683786708 306.82 38.28 1397.27 8280.31
1683786718 309.65 38.55 1424 8767.61
1683786728 307.7 38.28 1411.69 10794.5
1683786738 306.56 38.28 1384.17 10039.4
1683786748 308.46 38.55 1394.55 8970.04
1683786758 310.45 38.28 1352.1 12941.1
1683786768 307.6 38.55 1422.22 7888.5
1683786778 107.78 38.54 15377.8 8342.8
1683786788 306.53 38.55 1399.02 9961.37
1683786798 306.03 38.55 1369.65 8850.97
1683786808 309.17 38.55 1398.63 11711.6
1683786818 311.8 38.28 1349.46 12570.5
1683786828 305.83 38.55 1419.85 5900.39
1683786838 307.62 38.28 1373.66 10930.7
1683786848 307.39 38.28 1393.59 8023.71
1683786858 308.01 38.55 1373.66 10771.1
1683786868 307.32 38.27 1397.27 9966.47
1683786878 310.41 38.28 1371.76 12853.4
1683786888 305.58 38.55 1426.39 5716.52
1683786898 257.7 38.54 16554 10543.9
1683786908 305.55 38.54 1393.2 8330.81
1683786918 308.6 38.55 1377.34 9912.5
1683786928 309.66 38.55 1373.66 10232.6
1683786938 310.53 38.27 1349.46 13932.9
1683786948 307.1 38.55 1392.62 6147.57
1683786958 306.92 38.28 1397.27 9026.12
1683786968 308.87 38.55 1397.66 9472.51
1683786978 305.46 38.28 1351.25 8109.4
1683786988 308.29 38.28 1372.32 10857.7
1683786998 308.51 38.55 1375 10781.2
1683787008 219.39 38.54 15945.8 10045.6
1683787018 305.27 38.54 1398.63 6929.56
1683787028 307.21 38.28 1373.66 11579.3
1683787038 309.58 38.58 1376.73 9183.58
1683787048 305.74 38.46 1395.91 9171.18
1683787058 307.81 38.73 1374.05 10115.9
1683787068 308.21 38.73 1375.78 11115.6
1683787078 305.85 38.73 1425 7020.31
1683787088 309.65 38.46 1397.27 11265.9
1683787098 309.46 38.73 1415.8 9484.1
1683787108 306.92 38.46 1471.08 9060.18
1683787118 278.68 38.73 15836 11492.5
1683787128 309.91 38.74 1368.71 9658.31
1683787138 307.3 38.47 1372.32 8760.62
1683787148 307.73 38.73 1376.73 9304.4
1683787158 307.49 38.73 1369.65 10330.7
1683787168 308.57 38.47 1397.66 8916.96
1683787178 310.13 38.73 1420.84 9678.68
1683787188 311.58 38.74 1346.84 12383.2
1683787198 303.31 38.73 1394.55 6217.51
1683787208 308.68 38.46 1398.63 11538
1683787218 307.14 38.46 1401.76 9669.21
1683787228 248.59 38.74 16142.2 8146.45
1683787238 306.51 38.74 1370.04 11749
1683787248 311.8 38.47 1326.44 12878
1683787258 304.96 38.74 1417.09 6637.67
1683787268 307.42 38.47 1397.27 11008.6
1683787278 309.43 38.72 1393.2 8708.26
1683787288 308.08 38.74 1368.71 11498.1
1683787298 305.06 38.73 1394.55 8986.77
1683787308 306.62 38.47 1353.07 13473.4
1683787318 304.79 38.75 1422.22 6800.39
1683787328 87.23 38.66 14529 11297.9
1683787338 283.8 38.66 14856.2 918.24
1683787348 290.63 38.75 326.18 490.43
1683787358 22.69 38.65 54.53 25.32

Execution duration: 00:56:36.36
