1683835642 301.39 1.73 1722.59 4893.53
1683835652 308.53 2.26 1433.33 10056.4
1683835662 304.95 2.63 1421.79 8293.47
1683835672 305.93 3.06 1385.77 15360.9
1683835682 253.76 3.21 1191.69 4441.58
1683835692 306.04 3.49 1419.41 8071.68
1683835702 307.54 3.83 1395.84 10274.7
1683835712 308.33 4.27 1396.83 10990.1
1683835722 304.75 4.65 1420.81 7897.32
1683835732 126.73 5 14868.9 16326.7
1683835742 303.36 5.13 1443.32 5630.07
1683835752 304.15 5.28 1420.2 7796.04
1683835762 307.54 5.77 1420.81 9662.24
1683835772 307.39 5.85 1438.03 11103.8
1683835782 310.59 6.61 1419.41 11363.6
1683835792 310.27 6.61 1439.44 10551.1
1683835802 307.6 7.12 1389.93 11616.6
1683835812 306.83 6.99 1419.41 8417.03
1683835822 309.19 7.32 1417 7309.49
1683835832 106.52 7.99 14282.6 11283.8
1683835842 305.93 8.35 1418.4 8560.24
1683835852 308.79 8.85 1389.93 11746.9
1683835862 308.02 8.67 1394.46 11553.7
1683835872 307.51 9.09 1441.9 6310.28
1683835882 308.68 9.43 1415.59 10040.3
1683835892 309.5 9.89 1392.68 12451
1683835902 306.14 10.28 1416.6 8840.71
1683835912 308.58 10.73 1429.98 10895.9
1683835922 309.25 10.59 1411.41 12145.7
1683835932 307.59 10.64 1439.44 6521.89
1683835942 107.21 11.38 15540.3 11109.1
1683835952 309.59 11.87 1418.4 10087.8
1683835962 307.73 12.31 1377.69 11446.2
1683835972 306.2 12.33 1411.41 9674.41
1683835982 310.06 12.89 1389.35 11035.5
1683835992 305.43 13.05 1389.93 7300.3
1683836002 308.5 13.36 1415.59 9117.08
1683836012 309.88 13.9 1416.6 10216.6
1683836022 309.48 14.26 1415.59 11303.9
1683836032 305.71 14.61 1434.81 8634.41
1683836042 308.28 14.52 1401.57 13507.3
1683836052 87.48 14.82 15494.3 7125.83
1683836062 307.49 15.35 1387.58 9949.56
1683836072 309.36 15.63 1413.81 8736.49
1683836082 308.88 16.09 1413.81 10562.9
1683836092 308.67 16.12 1412.8 8932.02
1683836102 310.59 16.76 1381.75 13635.7
1683836112 303.74 16.82 1410.03 5945.72
1683836122 306.88 17.07 1384.85 9029.7
1683836132 308.05 17.6 1408.64 12411.4
1683836142 305.41 17.6 1433.4 6509.23
1683836152 310.46 18.06 1414.2 11321.5
1683836162 313.73 18.57 1380.39 15195.3
1683836172 249.81 18.57 16734.8 5301.77
1683836182 307.68 18.96 1384.85 9858.8
1683836192 307.38 19.36 1409.64 10088.5
1683836202 310.09 19.87 1379.43 10630
1683836212 306.57 19.74 1405.49 7694.51
1683836222 312.05 20.53 1356.07 15104.3
1683836232 306.19 20.69 1408.25 6099.8
1683836242 304.6 20.87 1380.78 9118.82
1683836252 308.76 21.35 1409.64 9799.8
1683836262 306.08 21.41 1406.87 10368.6
1683836272 309.43 21.83 1384.85 9446.61
1683836282 143.13 22.37 16211.8 14097
1683836292 305.88 22.58 1404.5 5249.76
1683836302 312.49 22.49 1434.81 8442.48
1683836312 307.94 22.96 1380.78 10962.4
1683836322 305.98 23.59 1380.39 9468.63
1683836332 306.86 23.92 1405.49 9238.04
1683836342 311.1 24.27 1383.49 12350.1
1683836352 306.63 24.55 1425 8892.58
1683836362 310.61 24.98 1408.64 9537.13
1683836372 309.41 25.13 1405.49 8239.61
1683836382 309.71 25.36 1407.26 10529.5
1683836392 307.74 25.71 1379.04 10143
1683836402 292.36 26.29 16870.6 7741.96
1683836412 308.52 26.4 1355.68 13341.6
1683836422 306.86 26.66 1380.39 7665.49
1683836432 306.47 26.77 1380.78 10464.7
1683836442 308.74 27.5 1383.1 11182.3
1683836452 308.35 27.95 1407.26 9048.87
1683836462 307.65 27.83 1405.49 8307.06
1683836472 310.96 28.31 1379.82 12701.7
1683836482 305.57 28.17 1400 7758.59
1683836492 309.31 28.83 1405.88 9368.63
1683836502 247.31 29.26 14970.4 9260.33
1683836512 307.75 29.68 1383.1 10325
1683836522 311.04 29.88 1401.76 10736.3
1683836532 305 30.23 1355.68 11628.6
1683836542 307.62 30.09 1426.78 6165
1683836552 307.7 30.79 1397.27 10932.5
1683836562 310.09 31.2 1428.18 9275.15
1683836572 308.69 31.69 1400 10777.7
1683836582 304.69 31.57 1426.39 8308.9
1683836592 310.27 32.19 1378.47 13440.3
1683836602 307.13 31.97 1400 5951.95
1683836612 216.93 32.62 16190.6 9288.06
1683836622 311.04 33.16 1351.32 12445.4
1683836632 304.01 33.4 1403.13 7512.33
1683836642 308.13 33.89 1379.04 9978.84
1683836652 301.85 34.12 1300.39 13464.8
1683836662 302.93 34.21 1423.61 5599.22
1683836672 306.75 34.33 1376.34 9515.93
1683836682 309.56 35.12 1374.05 12423.4
1683836692 305.16 35.08 1397.27 7272.51
1683836702 308.32 35.77 1378.08 9592.17
1683836712 312.19 35.8 1348.68 15903.2
1683836722 203.62 36.16 15841.6 5876.08
1683836732 303.04 36.43 1376.34 8661.19
1683836742 304.4 36.44 1379.04 9394.71
1683836752 302.11 37.28 1348.66 11074.7
1683836762 304.48 37.3 1397.27 8739.96
1683836772 313.4 37.85 1376.73 15526.9
1683836782 306.82 37.58 1420.84 5255.31
1683836792 308.19 38.15 1422.61 8428.85
1683836802 308.59 37.96 1397.27 9985.58
1683836812 306.24 37.96 1396.3 10585.4
1683836822 309.87 38.24 1375 11428.5
1683836832 160.92 38.29 15708.5 9977.46
1683836842 310.17 38.27 1377.51 11763
1683836852 303.59 38.28 1390.49 6386.81
1683836862 309.17 38.38 1374.05 11948.9
1683836872 305.16 38.11 1395.91 7460.56
1683836882 307.84 38.39 1386.85 9376.02
1683836892 306.81 38.11 1369.65 10658.4
1683836902 308.77 38.45 1396.69 10860
1683836912 305.36 38.44 1395.91 7961.83
1683836922 309.62 38.45 1394.55 10437.4
1683836932 307.32 38.17 1401.76 9779.08
1683836942 308.11 38.46 1381.12 11035.5
1683836952 266.76 38.45 16869 10007.8
1683836962 311.7 38.44 1374.44 10645.9
1683836972 306.92 38.17 1398.63 10023
1683836982 309.26 38.45 1397.27 8683.82
1683836993 305.11 38.45 1381.51 8656.26
1683837002 310.45 38.45 1400 9864.06
1683837012 308.89 38.17 1400 11952.7
1683837022 312.07 38.45 1371.76 12712
1683837032 305.28 38.45 1400 6974.22
1683837042 305.96 38.17 1400.39 10072.3
1683837052 307.52 38.45 1398.63 11045.5
1683837062 264.76 38.45 16097 6738.46
1683837072 306.93 38.45 1398.63 10680.2
1683837082 311.37 38.16 1366.99 13403.9
1683837092 308.36 38.45 1370.04 9835.8
1683837102 303.7 38.45 1397.27 6918.91
1683837112 306.43 38.45 1421.23 10841.3
1683837122 312.12 38.17 1376.34 9018.57
1683837132 307.69 38.45 1422.61 8967.64
1683837142 306.92 38.22 1323.2 13761.8
1683837152 305.07 38.22 1423.61 7304.98
1683837163 305.44 38.5 1391.84 8373.59
1683837172 222.92 38.49 16166.6 9011.9
1683837182 309.38 38.61 1350.39 12839.1
1683837192 305.95 38.33 1422.22 7538.4
1683837203 311.2 38.34 1345.53 13581.3
1683837212 304.5 38.62 1398.63 5929.76
1683837222 309.06 38.61 1398.05 11347
1683837233 307.11 38.61 1422.22 7572.71
1683837243 307.6 38.6 1397.66 10770.4
1683837253 306.25 38.61 1397.66 9295.52
1683837263 311.3 38.33 1347.76 14367.6
1683837273 104.17 38.6 14468 5844.9
1683837283 307.12 38.62 1347.37 10512.3
1683837293 306.15 38.61 1399.02 8702.05
1683837303 304.57 38.33 1370.98 8593.96
1683837313 310.92 38.33 1372.71 9801.56
1683837323 312.19 38.61 1324.1 15413.1
1683837333 308.87 38.61 1346.45 7120.55
1683837343 304.19 38.34 1399.02 6610.73
1683837353 308.63 38.61 1390.49 11191.1
1683837363 307.02 38.61 1398.63 10090.9
1683837373 308.39 38.6 1400 8510.55
1683837383 244.35 38.62 15033.5 10649.4
1683837393 310.72 38.62 1322.42 12827.3
1683837403 302.81 38.33 1415.71 6960.62
1683837413 308.58 38.63 1347.37 12250.7
1683837423 307.37 38.62 1363.02 8428.27
1683837433 307.41 38.61 1397.66 9329.04
1683837443 308.89 38.62 1401.37 9061.97
1683837453 308.75 38.61 1370.43 12912.5
1683837463 306.12 38.62 1419.46 8110.51
1683837473 309.16 38.35 1422.61 9522.81
1683837483 170.9 38.62 14599 9421.23
1683837493 308.53 38.61 1389.15 10534.1
1683837503 308.71 38.34 1388.19 9769.6
1683837513 310.04 38.62 1347.76 11607.8
1683837523 304.67 38.61 1421.23 6094.64
1683837533 306.26 38.61 1401.37 9912.81
1683837543 311.22 38.62 1399.02 11075.5
1683837553 306.61 38.34 1370.98 9977.8
1683837563 308.95 38.61 1394.55 10251.8
1683837573 310.34 38.34 1398.63 11931.7
1683837583 304.88 38.62 1397.27 6745.42
1683837593 288.11 38.61 15512.3 10992.2
1683837603 307.14 38.61 1401.37 7669.99
1683837613 307.59 38.33 1370.04 10710.1
1683837623 308.18 38.33 1395.91 10555.8
1683837633 311.32 38.61 1374.44 13068.1
1683837643 305.15 38.62 1391.84 7071.07
1683837653 307.98 38.33 1395.91 7894.06
1683837663 308.17 38.61 1368.32 12467.6
1683837673 306.72 38.33 1422.22 6727.1
1683837683 308.96 38.33 1372.71 12736.8
1683837693 154.17 38.62 14847.5 13015.9
1683837703 302.35 38.62 1424 5201.56
1683837713 311 38.61 1369.65 12457.6
1683837723 303.09 38.35 1407.53 5679.46
1683837733 310.34 38.61 1372.32 11805.9
1683837743 306.43 38.6 1397.27 7366.86
1683837753 313.44 38.61 1346.84 15586
1683837763 304.68 38.34 1422.22 6024.95
1683837773 308.09 38.61 1396.3 10181.5
1683837783 306.52 38.61 1395.91 7568.06
1683837793 311.01 38.33 1396.3 11780.3
1683837803 213.27 38.61 15451.7 7828.29
1683837813 307.28 38.61 1367.38 11033.8
1683837823 307.87 38.62 1367.38 9706.02
1683837833 306.44 38.34 1375 9886.33
1683837843 308.07 38.62 1392.23 8532.82
1683837853 306.62 38.6 1370.98 9716.85
1683837863 307.24 38.63 1400.39 8573.44
1683837873 308.01 38.62 1375 12359.4
1683837883 307.82 38.61 1376.17 10539.1
1683837893 306.32 38.33 1393.2 8129.06
1683837903 306.72 38.62 1396.3 8358.33
1683837913 195.03 38.61 15749.2 9131.84
1683837923 306.7 38.62 1394.55 10102
1683837933 308.17 38.34 1370.04 9432.68
1683837943 308.76 38.62 1370.04 12623
1683837953 305.55 38.61 1394.94 6547.08
1683837963 308.5 38.61 1400 9865.62
1683837973 309.37 38.61 1374.05 11385.4
1683837983 304.76 38.34 1419.46 8209.73
1683837993 308.7 38.59 1400 11812.5
1683838003 308.59 38.59 1374.05 11191.8
1683838013 306.22 38.3 1394.55 6932.68
1683838023 100.49 38.59 15685.5 11015.2
1683838033 306.24 38.59 1395.91 8959.3
1683838043 310.62 38.31 1347.76 12381.3
1683838053 303.52 38.59 1423.61 5914.15
1683838063 310.3 38.31 1318.95 13967
1683838073 301.55 38.59 1411.22 5963.64
1683838083 307.61 38.59 1348.68 13290.9
1683838093 305.46 38.32 1399.02 7534.44
1683838103 306.91 38.6 1394.55 8607.78
1683838113 305.74 38.6 1368.71 10606
1683838123 309.66 38.33 1348.68 12595.9
1683838133 205.48 38.6 15016.6 6382.79
1683838143 308.48 38.6 1397.27 8959.06
1683838153 311.19 38.61 1344.75 11801.2
1683838163 304.94 38.34 1314.07 9094.68
1683838173 307.23 38.62 1376.34 8949.76
1683838183 313.34 38.62 1346.84 14526.6
1683838193 304.69 38.62 1397.27 5875.24
1683838203 305.97 38.61 1400.39 9446.88
1683838213 311 38.62 1344.75 14452.5
1683838223 305.64 38.34 1418.47 5514.87
1683838233 210.45 38.61 14362.1 9730.08
1683838243 316.52 38.62 1326.17 14944.5
1683838253 309.03 38.62 1368.16 8655.92
1683838263 302.91 38.34 1415.32 5293.5
1683838273 309.24 38.61 1370.04 11355.6
1683838283 306.71 38.61 1394.55 8263.42
1683838293 306.54 38.61 1399.02 9648
1683838303 310.34 38.62 1398.63 9948.49
1683838313 307.64 38.62 1336.94 11135.4
1683838323 306.13 38.6 1393.59 8557.82
1683838333 309.62 38.33 1369.65 11724.5
1683838343 210.92 38.62 15651 9085.49
1683838353 310.33 38.61 1387.13 11610.9
1683838363 305.07 38.61 1412.66 9132.23
1683838373 308.77 38.33 1384.8 10122
1683838383 307.67 38.61 1366.99 10292.8
1683838393 306.8 38.61 1416.7 7097.86
1683838403 305.25 38.6 1418.25 9457.86
1683838413 307.41 38.61 1400.58 9779.12
1683838423 306.03 38.61 1366.99 11940.6
1683838433 306.98 38.33 1367.6 10284
1683838443 306.52 38.61 1393.2 6870.36
1683838453 186.2 38.61 15886.5 11492.3
1683838463 302.83 38.61 1459.9 6896
1683838473 310.73 38.34 1355.31 13653.9
1683838483 305.37 38.62 1423.61 6358.63
1683838493 312.66 38.62 1372.93 13092.9
1683838503 303.99 38.62 1396.3 6479.07
1683838513 308.28 38.34 1395.91 9592.6
1683838523 308.19 38.34 1397.66 10522.4
1683838533 308.09 38.62 1395.91 10685.1
1683838543 306.94 38.34 1400.39 8103.52
1683838553 310.99 38.63 1333.47 13609.6
1683838563 117.77 38.61 15773.8 6019.14
1683838573 308.1 38.61 1372.32 12087.7
1683838583 305.77 38.33 1400 8007.03
1683838593 304.86 38.33 1394.55 8374.71
1683838603 308.57 38.61 1348.4 12273.4
1683838613 310.46 38.61 1375.39 11989.5
1683838623 304.57 38.33 1394.55 5856.42
1683838633 306.85 38.61 1375.39 9679.3
1683838643 304.77 38.61 1394.55 9771.21
1683838653 306.03 38.62 1370.98 10383.2
1683838663 306.52 38.34 1396.3 8029.6
1683838673 312.41 38.34 1302.83 14565.4
1683838683 295.92 38.61 16453.4 6361.05
1683838693 308.39 38.61 1397.27 8383.63
1683838703 304.66 38.33 1370.04 9909.34
1683838713 310.34 38.61 1373.66 13363.9
1683838724 304.81 38.6 1377.14 6770.03
1683838733 310.44 38.61 1374.05 10359.4
1683838744 305.19 38.32 1378.29 9248.03
1683838753 307.11 38.6 1397.66 8969.59
1683838763 306.43 38.61 1395.91 9261.54
1683838773 306.03 38.33 1371.37 11128
1683838783 140.25 38.61 14973.9 10801.2
1683838793 307.01 38.61 1374.05 8846.44
1683838803 309.34 38.33 1345.14 11827.2
1683838813 307.11 38.61 1397.27 7814.81
1683838823 308.39 38.62 1373.66 8358.24
1683838834 306 38.61 1385.12 9653.33
1683838843 307.29 38.33 1345.14 10710.5
1683838853 305.65 38.32 1398.63 9050.54
1683838863 309.93 38.61 1322.81 11705.3
1683838873 305.83 38.33 1368.32 8960.93
1683838883 309.27 38.61 1398.63 10819.9
1683838894 90.88 38.61 15136.4 7607.37
1683838903 308.07 38.6 1344.75 10787.9
1683838913 304.19 38.61 1396.3 7515.87
1683838923 313.15 38.61 1346.45 12919.6
1683838934 304.84 38.33 1412.97 6437.56
1683838943 305.95 38.61 1400 10520.7
1683838953 310.61 38.61 1371.37 12131.6
1683838963 309.37 38.61 1399.02 10737.2
1683838974 301.75 38.6 1394.55 7278.21
1683838984 313.34 38.61 1346.84 13228.8
1683838994 307.77 38.32 1394.55 8948.64
1683839004 142.3 38.54 14630 5715.79
1683839014 289.58 38.62 332.62 3483.54
1683839024 212.79 38.52 261.63 167.44

Execution duration: 00:56:33.33
