1683807775 280.2 2.76 5922.38 13437.2
1683807785 300.7 3.76 5625.8 24107.5
1683807795 293.36 4.16 5696.34 19641.6
1683807805 275 5 5244.84 20359.5
1683807815 298.82 6.1 5630.44 19944.7
1683807825 294.86 6.55 5300.79 27015.8
1683807835 294.07 6.8 5742.69 16417
1683807845 301.48 8.08 5621.76 24034.4
1683807855 297.82 8.67 5601.98 19327.5
1683807865 296.25 9.84 5641.51 22614.6
1683807875 286.76 10.41 5186.17 21598.8
1683807885 294.97 10.93 5397.83 24965.5
1683807895 298.52 11.61 5817.43 15922
1683807905 301.09 12.12 5565.62 21600.4
1683807915 296.93 13.25 5464.43 22449.4
1683807925 297.63 14.24 5617.75 21349.9
1683807935 298.52 14.73 5451.78 22249
1683807945 294.97 15.7 5370.58 25711.8
1683807955 269.31 15.66 5196.44 13529.9
1683807965 298.24 16.92 5539.94 23041
1683807975 297.14 17.31 5534.84 20272.1
1683807985 291.11 18.14 5337.95 21508.3
1683807995 299.61 19.03 5570.53 22581.1
1683808005 297.64 20.07 5662.66 18895.4
1683808015 287.5 20.63 5178.34 20994.1
1683808025 301.87 21.09 5581.49 21587
1683808035 299.81 21.98 5581.49 21129.9
1683808045 301.08 22.85 5461.06 23170.2
1683808055 274.38 23.6 5183.44 18328.7
1683808065 290.21 24.71 5530.37 20728
1683808075 303.15 24.82 5423.05 22281.4
1683808085 293.74 25.67 5548.73 18389.8
1683808095 302.26 26.44 5624.82 23246.5
1683808105 304.71 27.49 5572.15 22711.8
1683808115 296.66 27.96 5583.1 19038.1
1683808125 300.49 28.96 5633.4 21469.9
1683808135 279.32 29.66 5108.23 22465.5
1683808145 297.24 30.24 5513.07 18873.9
1683808155 292.67 30.68 5455.33 19020.5
1683808165 280.2 32.01 5221.28 23215
1683808175 293.09 32.53 5529.38 18212.2
1683808185 296.68 33.28 5467.84 20824.6
1683808195 290.78 34.15 5026.1 26245
1683808205 292.35 34.43 5527.38 15541.1
1683808215 291.93 34.85 5379.92 20483.1
1683808225 303.54 35.98 5412.39 24392.9
1683808235 290.82 36.9 5518.28 17038.9
1683808245 284.95 37.48 5105.38 21662.6
1683808255 298.04 38.65 5185.52 26066.1
1683808265 295.2 38.37 5461.06 18609.8
1683808275 299.7 38.39 5548.73 19775
1683808286 301.73 38.93 5435.15 24053.8
1683808295 299.61 38.66 5650.39 19112.5
1683808305 267.69 38.95 4952.4 21249
1683808315 292.72 38.66 5537.86 18605.3
1683808325 304.11 38.67 5448.53 23137.4
1683808336 297.67 38.9 5548.3 19589.5
1683808345 301.86 38.69 5487.89 20452.7
1683808356 299.52 38.95 5582.44 22662.6
1683808365 302.74 38.68 5496.47 22895.7
1683808376 273.83 39.09 4987.89 20793.8
1683808386 298.73 38.8 5557.85 19230.4
1683808396 307.03 39.1 5500.39 24962.9
1683808406 294.44 38.81 5479.07 19193.9
1683808416 296.42 38.79 5395.74 20589.5
1683808426 297.76 39.1 5535.81 19636.8
1683808436 304.4 38.87 5511.15 24180.4
1683808446 269.49 39.19 4841.72 20159.1
1683808456 293.83 38.86 5536.2 15625.4
1683808466 301.37 39.19 5496.79 22403.5
1683808476 300.88 38.85 5491.48 22428.2
1683808486 283.06 38.9 5265.82 17583.5
1683808496 304.4 39.16 5543.3 21180.5
1683808506 295.84 38.89 5150.87 26082.8
1683808516 299.71 39.18 5661.45 18022.7
1683808526 299.32 38.92 5415.3 22213
1683808536 297.94 38.92 5535.81 21011.3
1683808546 301.87 39.18 5491.48 18185.7
1683808556 300.01 39.18 5398.43 22253.2
1683808566 309.19 39.2 5406.45 28037.9
1683808576 293.17 38.91 5607.8 15844.3
1683808586 297.26 38.88 5430.69 20013.7
1683808596 298.73 39.2 5591.77 22919.5
1683808606 299.12 38.92 5534.18 20221.2
1683808616 299.62 39.19 5466.4 20552.8
1683808626 273.65 38.91 4827.03 23688.1
1683808636 298.94 38.92 5472.34 22677.4
1683808646 304 39.17 5534.18 22384.4
1683808656 287.39 38.91 5518.28 19064.7
1683808666 303.42 38.9 5473.58 19543.2
1683808676 301.08 39.19 5480.74 21732.5
1683808686 301.86 38.9 5548.73 19257.9
1683808696 260.1 39.16 4500.19 21916.1
1683808706 295.8 39.19 5618.38 18202.5
1683808716 300.78 38.91 5539.57 21116.2
1683808726 301.77 39.12 5486.1 19967.5
1683808736 280.98 39.07 5020.49 21877.8
1683808746 298.44 39.09 5539.57 19750.1
1683808756 278.85 39.36 4841.33 23346.2
1683808766 296.68 39.35 5607.41 16132.3
1683808776 301.38 39.07 5541.62 21179.6
1683808786 303.13 39.07 5423.48 23688.8
1683808796 269.11 39.34 4930.2 19549.2
1683808806 293.31 39.35 5525.66 18221.4
1683808816 306.26 39.1 5406.45 25613.7
1683808826 294.53 39.36 5530.79 16485.2
1683808836 298.72 39.08 5498.63 21135.4
1683808846 301.96 39.38 5438.36 22598.4
1683808856 300.58 39.36 5533.79 18210.8
1683808866 304.2 39.05 5473.97 23737
1683808876 299.71 39.38 5436.01 21066.5
1683808886 295.21 39.09 5395.51 20104
1683808896 301.67 39.38 5566.7 22142.2
1683808906 297.95 39.11 5427.29 19058.9
1683808916 303.23 39.1 5391.18 22650.7
1683808926 300.49 39.38 5425.39 20478.9
1683808936 260.29 39.21 4623.3 21588.3
1683808946 299.21 39.48 5572.1 18586.2
1683808956 297.46 39.22 5525.39 18776.9
1683808966 306.66 39.5 5448.53 22927.6
1683808976 291.69 39.22 5410.96 18128.4
1683808986 300.49 39.49 5464.86 21711.5
1683808996 296.3 39.22 5484.32 22360.3
1683809006 302.26 39.52 5420.57 21689.7
1683809016 297.74 39.23 5604.31 22187.3
1683809026 299.81 39.21 5411.47 20150.4
1683809036 293.54 39.51 5190.6 24145.7
1683809046 295.94 39.22 5663.12 16932
1683809056 301.95 39.21 5386.59 23622.5
1683809066 274.24 39.52 4859.55 21530.6
1683809076 297.26 39.23 5604.31 15468.8
1683809086 302.34 39.21 5496.79 22139
1683809096 300.69 39.52 5536.2 20164.8
1683809106 278.28 39.22 5022.7 20478.7
1683809116 305.58 39.52 5448.53 22811
1683809126 293.67 39.23 5296.59 24433.1
1683809136 294.62 39.46 5629.38 15163.6
1683809146 301.26 39.23 5580.2 21187.6
1683809156 305.48 39.49 5536.2 22938.5
1683809166 303.92 39.5 5554.16 21696.4
1683809176 272.17 39.24 4885.41 19671.5
1683809186 303.2 39.25 5494.58 23774.4
1683809196 297.55 39.25 5492.86 19157.8
1683809206 302.91 39.53 5443.11 22950.3
1683809216 298.24 39.25 5511.15 19679.1
1683809226 304.5 39.53 5442.82 23431.9
1683809236 295.89 39.16 5579.23 17477.8
1683809246 275.27 39.25 5030.3 17833
1683809256 46.09 38.89 791438 12102.2

Execution duration: 00:24:46.46
