1683823547 279.5 2.73 5668.06 14237.6
1683823557 293.97 3.51 5612.26 20429.6
1683823567 301.79 4.36 5600.4 23383.7
1683823577 291.18 5.31 5493.36 20232.3
1683823587 299.51 5.91 5583.78 20540.5
1683823597 265.94 6.76 4855.84 23807.9
1683823607 292.47 6.84 5665.35 15622.2
1683823617 302.57 7.99 5563.96 23110.1
1683823627 294.26 8.55 5583.78 18700.3
1683823637 301.59 9.51 5589.31 24280
1683823647 268.55 10.47 4925.42 18769.5
1683823657 307.21 10.92 5579.06 27104.8
1683823667 281.54 11.38 5333.86 14946.9
1683823677 298.61 12.09 5547.48 20155.2
1683823687 297.55 12.9 5478.94 21663.1
1683823697 299.11 13.92 5534.84 21413.6
1683823707 298.52 14.85 5630.37 20930.6
1683823717 285.2 15.38 5282.13 20869.5
1683823727 296.26 16.12 5392.92 20709.8
1683823737 303.75 16.82 5496.93 23466.9
1683823747 290.14 17.63 5504.14 19370.8
1683823757 302.36 18.8 5430.31 21646.8
1683823767 296.94 19.06 5617.75 18661.9
1683823777 303.45 20.17 5549.16 23253.6
1683823787 244.04 20.61 4465.42 17708.8
1683823797 295.28 21.1 5543.7 17405.9
1683823807 305.02 21.88 5500.49 23863.5
1683823817 298.13 22.8 5543.7 18889.4
1683823827 291 23.29 5330.21 18685.4
1683823837 300.2 24.22 5508.36 23853.7
1683823847 280.71 25.24 5014.96 21798.4
1683823857 292.4 25.58 5428.4 18564.1
1683823867 297.36 26.67 5403.72 22226
1683823877 296.47 27.07 5547.06 19207.5
1683823887 283.11 27.91 5130.45 20408.2
1683823897 292.84 28.92 5446.66 18739.2
1683823907 293.62 29.36 5137.98 25945
1683823917 295.58 29.75 5665.55 16894.6
1683823927 300.99 30.92 5381.92 20483.7
1683823937 300.49 31.82 5391.18 22062.7
1683823947 294.31 32.36 5609.8 19671.8
1683823957 273.94 33.43 4939.47 20565.3
1683823967 301.56 33.96 5436.01 21854.4
1683823978 299.03 34.31 5471.86 19632.3
1683823987 297.46 35.38 5423.48 20202.3
1683823997 298.82 36.2 5441.33 22598.2
1683824007 293.35 36.64 5461.06 17893.5
1683824017 298.92 37.57 5401.76 23088.1
1683824028 272.5 38.08 5021.92 18379.6
1683824037 294.3 38.4 5344.2 22273.5
1683824048 305.25 38.53 5454.09 22732.7
1683824058 294.34 38.84 5544.98 16935.8
1683824068 295.13 38.89 5147.81 26276.1
1683824078 296.58 38.74 5493.25 17240.7
1683824088 304.68 39.03 5359.69 23009.5
1683824098 289.49 38.71 5147.81 19926.4
1683824108 299.42 38.74 5482.15 18054.2
1683824118 305.96 39.02 5500.39 21095.3
1683824128 304.6 38.77 5417.79 22018.4
1683824138 277.39 38.77 4877.97 20586
1683824148 301.76 39.03 5530.79 18398.8
1683824158 298.93 39.11 5137.89 24371.9
1683824168 298.15 38.8 5512.5 17189.8
1683824178 297.65 39.08 5362.89 20854.7
1683824188 299.8 38.8 5500.39 23287.1
1683824198 301.17 38.8 5511.15 17551.1
1683824208 278.26 39.07 5177.67 21223.9
1683824218 288.51 38.82 5023.17 24280
1683824228 299.71 39.09 5491.48 19855.8
1683824238 296.98 38.8 5569.56 17172.3
1683824248 300.49 38.81 5528.79 23184.4
1683824258 303.32 39.11 5400.39 20348
1683824268 270.94 38.82 4985.13 18526
1683824278 306.25 38.86 5200.39 28503.9
1683824288 293.67 39.12 5454.09 14872.4
1683824298 302.72 38.8 5389.86 23203.9
1683824308 294.92 38.86 5418.18 17209.4
1683824318 306.27 39.22 5378.26 23960.8
1683824328 298.73 38.99 5427.29 20108.8
1683824338 285.71 38.95 5085.32 22911.1
1683824348 293.11 38.95 5468.74 19501.8
1683824358 300.01 39.19 5375.39 21791.4
1683824368 300.49 38.96 5305.57 21015.8
1683824378 298.73 39.23 5500.39 18021.5
1683824388 306.65 39.22 5405.67 24012.9
1683824398 294.53 38.94 5430.69 18550.5
1683824408 298.04 39.23 5396.47 21042.3
1683824418 299.9 38.96 5450.39 21886.3
1683824428 301.37 39.23 5539.57 24152
1683824438 256.38 38.91 4555.51 15917.2
1683824448 208.57 39.24 3884.14 14609.7
1683824458 305.77 38.97 5393.16 25521.8
1683824468 289.46 38.95 5270.24 17767
1683824478 300.88 39.22 5428.79 19265
1683824488 308.9 38.98 5393.16 24223.3
1683824498 292.41 39.05 5428.79 16748.6
1683824508 294.03 39.32 5341.04 19594.9
1683824518 300.39 39.04 5359.69 23824.7
1683824528 296.29 39.3 5225 23062.9
1683824538 297.95 39.04 5523.29 17864.6
1683824548 304.29 39.09 5396.69 23457.1
1683824558 295.01 39.35 5498.24 15971
1683824568 299.32 39.37 5380.25 20616.6
1683824578 306.07 39.09 5415.87 22993.5
1683824588 288.24 39.36 4975.7 23747.3
1683824598 293.65 39.04 5492.86 14778.5
1683824608 301.96 39.38 5450 21461.3
1683824618 301.55 39.5 5405.83 22545.6
1683824628 301.37 39.54 5331.51 20555
1683824638 296.67 39.22 5436.4 18839.1
1683824648 307.9 39.52 5296.68 26191.8
1683824658 303.99 39.52 5319.06 18844
1683824668 302.34 39.24 5443.21 17997.3
1683824678 301.67 39.53 5341.04 21235.6
1683824688 303.79 39.25 5398.64 23254.4
1683824698 300.78 39.53 5305.57 19048.7
1683824708 298.25 39.22 5307.71 20018.3
1683824718 303.91 39.26 5325 24919.9
1683824728 303.91 39.51 5363.28 19207.4
1683824738 301.47 39.25 5356.01 22211.1
1683824748 299.62 39.53 5409.54 18328.7
1683824758 305.25 39.38 5361.71 24199.4
1683824768 295.82 39.66 5436.35 17393.6
1683824778 275.8 39.35 4970.15 21496.2
1683824788 299.7 39.38 5468.23 18349.2
1683824798 303.23 39.68 5468.23 22703
1683824808 296.78 39.4 5402.73 20085.4
1683824818 298.64 39.67 5498.63 21333.9
1683824828 304.19 39.4 5282.73 24622
1683824838 282 39.69 5176.12 19522.1
1683824848 296.47 39.38 5504.01 16757.3
1683824858 300.2 39.69 5405.67 20937.2
1683824868 302.84 39.39 5423.48 21314.7
1683824878 302.54 39.65 5427.29 22842.9
1683824888 302.84 39.41 5405.67 22455.1
1683824898 275.17 39.69 4869.03 19578.1
1683824908 295.02 39.38 5518.28 15986.7
1683824918 305.08 39.38 5505.77 20636.6
1683824928 301.67 39.64 5430.69 23966.4
1683824938 288.31 39.39 5339.96 18173.1
1683824948 303.32 39.65 5375.39 23072.7
1683824958 300.3 39.39 5500.59 18886.9
1683824968 274.13 39.34 4918.53 18897.7
1683824978 304.41 39.66 5510.76 21216.8
1683824988 296.39 39.36 5530.79 21575.8
1683824998 309.01 39.67 5366.11 22507
1683825008 270.01 39.67 4998.25 16168.3
1683825018 299.03 39.4 5475.39 20135.2
1683825028 303.14 39.66 5327.2 23513.5
1683825038 297.36 39.4 5585.91 21110.8
1683825048 8.41 39.05 790634 479.77

Execution duration: 00:25:05.05
