1683781993 279.48 2.68 5846.22 14215.1
1683782003 298.91 3.65 5658.28 22869
1683782013 298.41 4.59 5670.96 22080.9
1683782023 269.97 5.35 5150.85 19325.7
1683782033 297.03 5.86 5614.66 20189.7
1683782043 287.33 6.68 5299.01 23948.5
1683782053 294.95 6.93 5647.09 19211.5
1683782063 298.32 8.1 5620.99 20879.2
1683782073 296.74 8.56 5590.91 20065.2
1683782083 299.01 9.57 5596.44 22820.2
1683782093 279.7 10.51 5133.07 20640
1683782103 293.71 11.02 5286.93 25805.7
1683782113 302.85 11.93 5523.94 18294.4
1683782123 295.16 12.37 5489.33 20945.1
1683782133 305.43 13.28 5421.12 23185
1683782143 300.89 14.07 5515.02 18763.2
1683782153 304.44 14.93 5509.57 23271.5
1683782163 300.79 15.84 5401.98 23807.5
1683782173 291.53 15.97 5505.9 13665.4
1683782183 301.48 17.15 5540.32 23748.6
1683782193 298.53 17.86 5516.37 20120.7
1683782203 297.05 18.71 5618.9 23421.3
1683782213 300.99 19.37 5642.99 19957.4
1683782223 283.68 20.4 5148.08 21635.8
1683782233 298.82 20.56 5498.24 20142.9
1683782243 301.58 21.44 5612.21 21631.1
1683782253 297.43 22.32 5579.88 18883.6
1683782263 282.76 23.07 5145.22 21753.3
1683782273 302.27 23.81 5510.94 22344.8
1683782283 297.83 24.59 5546.12 18860.6
1683782293 288.09 25.04 5191.73 21655.1
1683782303 296.66 25.45 5570.53 18455
1683782313 298.63 26.74 5552.5 24361.5
1683782323 301.18 27.28 5550.83 20779.5
1683782333 287.13 28.41 5180.74 19932.4
1683782343 301.38 29.22 5612.21 22259.3
1683782353 293.24 29.24 5453.87 20888.5
1683782363 297.56 29.98 5566.7 19949.8
1683782373 301.18 31.01 5396.08 20713.7
1683782383 300 31.55 5521.96 20036.5
1683782393 300 32.5 5509.41 23204.3
1683782403 294.69 33.54 5507.66 21027.1
1683782413 302.64 34.04 5399.21 22448.9
1683782423 290.47 34.47 5475.32 16550.2
1683782433 302.17 35.59 5419.25 24956.8
1683782443 296.87 36.32 5485.71 21003.1
1683782453 297.85 37.35 5573.39 19724.1
1683782463 303.24 38.12 5514.43 21788
1683782473 284.67 38.29 5137.89 23866
1683782483 292.66 38.53 5573.39 19117
1683782493 298.14 38.36 5517.89 20109.1
1683782503 292.77 38.38 5405.28 20014.9
1683782513 300.19 38.59 5496.4 20349.4
1683782523 301.76 38.8 5414.42 21738.4
1683782533 298.43 38.6 5242.62 27694.6
1683782543 269.45 38.78 5042.04 16237.7
1683782553 302.84 38.65 5528.7 22159.5
1683782563 292.18 38.86 5636.01 18514.7
1683782573 299.31 38.66 5442.82 20174
1683782583 302.54 38.86 5530.4 21686
1683782593 298.05 38.78 5547.91 22148.5
1683782603 279.97 39 5043.2 20196.3
1683782613 301.76 38.8 5505.38 19165.2
1683782623 301.86 38.8 5485.71 22259.9
1683782633 297.66 38.95 5505.38 19834.2
1683782643 279.79 38.86 5200 21122.3
1683782653 302.74 39.09 5498.24 21633.7
1683782663 300.69 38.88 5436.01 23579.7
1683782673 299.7 38.88 5585.91 20202.7
1683782683 297.06 39.07 5603.92 18214.7
1683782693 303.32 39.12 5437.5 23940.6
1683782703 301.37 38.88 5473.19 22040.7
1683782714 279.38 39.11 5192.22 16199.2
1683782723 305.48 38.91 5435.62 25580.8
1683782733 299.31 39.13 5541.23 19417.8
1683782743 297.05 38.98 5446.27 23237.2
1683782753 298.83 39.21 5566.31 19339.5
1683782764 299.51 39.01 5655.52 22331.6
1683782774 302.15 38.97 5455.33 18870
1683782784 306.4 38.99 5401.36 27058.8
1683782794 298.73 39.22 5578.84 21016.3
1683782804 300.1 39 5512.5 18289.5
1683782814 295.61 39.22 5455.33 22460.6
1683782824 301.08 39.22 5528.7 22475.6
1683782834 300.49 39.01 5654.06 18423.5
1683782844 288.38 39.2 5000 25485.2
1683782854 298.92 38.99 5585.91 19396.9
1683782864 300.3 38.98 5603.11 18271.6
1683782874 298.53 39.23 5430.3 20601
1683782884 294.67 39 5313.68 21627.2
1683782894 301.66 39.23 5548.34 21146.4
1683782904 306.05 39.24 5457.17 22960.4
1683782914 277.94 39.24 5138.58 19220.2
1683782924 301.95 39 5462.5 21423.8
1683782934 301.47 39.22 5560.86 20101.4
1683782944 302.93 38.95 5442.82 22127.1
1683782954 294.85 39.01 5249.37 22715.3
1683782964 300.97 39 5512.5 21962.1
1683782974 298.05 39.19 5429.18 19851.9
1683782984 305.19 38.95 5686.11 20868.1
1683782994 301.66 39.21 5494.63 25454.4
1683783004 297.37 39 5453.7 17297.3
1683783014 290.12 39 5385.52 21929.5
1683783024 304.01 39.21 5605.47 22383.6
1683783034 275.1 39.21 4710.04 22822
1683783044 296.58 39.16 5567.94 16951.3
1683783054 295.7 39 5467.84 19669.6
1683783064 301.76 39.01 5453.12 21709.8
1683783074 302.93 39.24 5407.22 22491.7
1683783084 295.9 39 5482.15 20091.3
1683783094 306.96 39.23 5379.44 24045.8
1683783104 298.63 39 5634.9 16256.9
1683783114 307.64 38.97 5453.87 23833.9
1683783124 294.42 39.21 5403.33 19650.5
1683783134 297.98 39.01 5359.38 20638.3
1683783144 300.77 39.01 5461.23 20101.8
1683783154 284.49 39.24 4925.7 25170.1
1683783164 287 39.01 5510.94 14580.1
1683783174 304.49 39.38 5462.5 25370.3
1683783184 294.71 39.37 5628.99 16585.7
1683783194 291.49 39.14 5398.43 23142.1
1683783204 304.11 39.39 5542.91 22088.4
1683783214 300.2 39.18 5466.15 20516
1683783224 299.02 39.18 5355.86 21082
1683783234 304.61 39.39 5503.62 22874.8
1683783244 299.22 39.17 5578.6 16575.9
1683783254 302.93 39.39 5507.51 21102.4
1683783264 301.86 39.18 5491.48 22798
1683783274 306.76 39.18 5504.01 23542.8
1683783284 296.99 39.4 5336.97 22438.5
1683783294 294.82 39.16 5561.25 16576.1
1683783304 299.9 39.38 5520 23207.4
1683783314 281.07 39.16 5207.8 21256.6
1683783324 305.18 39.38 5430.3 22796.9
1683783334 297.85 39.16 5588.28 17280.9
1683783344 282.58 39.39 4875.93 24627
1683783354 294.15 39.17 5651.85 16285
1683783364 305.86 39.14 5518.28 23279.8
1683783374 303.52 39.39 5410.96 22897.8
1683783384 286.57 39.17 5083.29 20837.9
1683783394 294.36 39.4 5521.32 17443.8
1683783404 292.36 39.15 5078.55 24302.1
1683783414 296.38 39.38 5567.94 16221.3
1683783424 299.61 39.17 5569.56 20371.9
1683783434 300.79 39.4 5475 23524.2
1683783444 305.37 39.11 5475 21831.6
1683783454 272.1 39.16 5135.27 19064.3
1683783464 127.23 38.76 792176 22257

Execution duration: 00:24:42.42
