1683868301 305.37 1.74 1639.01 5008.16
1683868311 307.54 2.22 1448.02 8728.57
1683868321 308.14 2.64 1423.41 11593.2
1683868331 308.64 3.01 1449.06 8239.13
1683868341 306.64 3.37 1388.91 13969.5
1683868351 308.62 3.6 1420.81 8147.08
1683868361 307.34 3.59 1422.62 8980.95
1683868372 311.4 4.38 1420.81 10508.2
1683868382 304.21 4.37 1428.18 7118.59
1683868392 179.43 5.04 15223.7 11266.9
1683868402 308.69 5.25 1390.72 13870.1
1683868412 307.72 5.4 1445.54 7232.08
1683868422 307.71 5.52 1391.3 9068.38
1683868432 306.23 5.84 1393.08 10208.1
1683868442 308.41 6.61 1416.6 10953.8
1683868452 310.77 6.67 1418.4 8979.23
1683868462 310.21 6.98 1394.46 13710.1
1683868472 307.41 7.39 1442.3 6482.61
1683868482 306.24 7.38 1394.06 8487.92
1683868492 155.24 8.09 14636.8 9756.13
1683868502 308.69 8.42 1390.32 9540.77
1683868512 311.06 9 1364.66 9534.06
1683868522 312.75 8.88 1341.11 15361.3
1683868532 308.71 9.3 1366.01 5787.35
1683868542 308.59 9.59 1390.32 9450.74
1683868552 308.8 10 1391.3 9832.41
1683868562 309.4 9.96 1418 8865.68
1683868572 310.66 10.67 1390.32 9554.99
1683868582 310.86 10.85 1389.93 15341
1683868592 307.32 11.19 1442.3 5352.57
1683868602 124.9 11.63 15579.9 9735.04
1683868612 305.74 11.83 1417 8666.4
1683868622 306.12 12.21 1389.93 10226.6
1683868632 306.11 12.29 1412.8 7316.26
1683868642 312.85 12.86 1366.01 17648.2
1683868652 305.8 13.2 1410.43 6194.69
1683868662 308.88 13.55 1415.59 9535.24
1683868672 307.2 13.56 1412.41 7185.02
1683868682 307.77 14.28 1409.64 11350.2
1683868692 309.76 14.34 1437.64 8303.84
1683868702 308.08 15.11 1412.8 11907.8
1683868712 119 15.31 15602.7 11764.2
1683868722 306.88 15.48 1411.41 8814.17
1683868732 307.7 15.94 1388.56 11046.1
1683868742 305.55 16.23 1394.55 7821.01
1683868752 306.29 16.33 1382.14 9036.7
1683868762 308.28 17.08 1412.41 10673.9
1683868772 309.05 17.15 1386.03 11324.3
1683868782 308.73 17.44 1381.75 8330.52
1683868792 302.84 17.62 1401.76 8253.37
1683868802 309.45 18.06 1409.64 10236.4
1683868812 310.24 18.49 1411.02 9630.71
1683868822 308.56 18.52 1409.64 8658.41
1683868832 278.24 19.19 16802.7 13811.8
1683868842 306.99 19.36 1435.2 6048.38
1683868852 309.75 19.58 1387.19 11864.8
1683868862 307.77 20.22 1386.22 9971.26
1683868872 306.19 20.56 1406.87 8130.72
1683868882 310.43 20.96 1436.61 9809.06
1683868892 312.9 20.97 1387.01 14712.6
1683868902 305.9 21.35 1435.2 5734.51
1683868912 308.08 21.84 1412.41 10767.3
1683868922 307.84 22.17 1405.49 9788.63
1683868932 310.12 22.63 1383.1 11357.2
1683868942 167.75 22.87 16453.9 7479.64
1683868952 309.19 23.24 1377.9 13305.6
1683868962 304.92 23.33 1409.64 6941.99
1683868972 306.78 23.79 1359.29 10394.5
1683868982 305.19 24.13 1377.69 8347.16
1683868992 306.59 24.4 1410.03 10109
1683869002 308.35 24.59 1409.64 10844
1683869012 310.87 24.85 1379.43 13470.3
1683869022 305.89 25.24 1435.2 5512.68
1683869032 307.46 25.29 1408.25 10076.2
1683869042 308.12 25.98 1401.76 9712.61
1683869052 105.1 26.41 15706 9932.48
1683869062 304.81 26.69 1404.5 8387.46
1683869072 313.04 27.19 1355.68 14825.9
1683869082 303.72 27.16 1402.74 6144.81
1683869092 307.65 27.61 1380.78 8660
1683869102 306.86 28.06 1405.49 10647.8
1683869112 307.84 28.37 1405.88 7663.92
1683869122 307.25 28.46 1404.11 10477.2
1683869132 308.11 29.2 1351.32 15625.4
1683869142 305.11 29.34 1430.59 5325.88
1683869152 307.41 29.69 1399.02 9085.27
1683869162 282.67 29.9 15132.2 8241.09
1683869172 309.03 30.42 1406.87 10634
1683869182 306.16 30.41 1375.39 9482.42
1683869192 313.32 30.91 1354.36 15573.4
1683869202 304.78 31.34 1422.01 6477.51
1683869212 301.96 31.63 1400 8127.34
1683869222 304.71 31.75 1379.43 10709.1
1683869232 306.46 32.35 1402.74 9044.62
1683869242 305.96 32.71 1401.76 9908.9
1683869252 308.42 33.09 1404.5 9991.77
1683869262 308.97 32.92 1398.63 11655.8
1683869272 239.48 33.54 16299.9 9349.75
1683869282 306.27 33.8 1371.04 8847.36
1683869292 307.59 34.01 1368.71 10582.7
1683869302 308.22 34.6 1376.34 9085.43
1683869312 303.5 34.68 1366.05 8658
1683869322 309.5 35.29 1354.36 14271.9
1683869332 302.83 35.61 1373.66 7751.8
1683869342 304.19 35.89 1400.39 8698.05
1683869352 307.05 36.3 1376.34 9297.36
1683869362 307.52 36.56 1437.89 9896.88
1683869372 309.27 36.94 1425 9405.86
1683869382 231.11 37.13 15877.1 13352.2
1683869392 306.05 37.21 1398.63 6833.95
1683869402 304.98 37.55 1400 8421.48
1683869412 308.1 37.63 1350.39 11196.5
1683869422 306.23 37.93 1369.65 10686.8
1683869432 307.41 38.22 1372.71 9390.64
1683869442 308.45 37.93 1367.38 12985.2
1683869452 301.95 38.21 1394.94 5607.78
1683869462 308 38.25 1397.27 11028.5
1683869472 307.31 38.25 1371.37 9446.93
1683869482 305.94 38.25 1395.91 9992.21
1683869492 179.91 38.25 15894.6 10103
1683869502 310.02 38.26 1346.84 12359.5
1683869512 305.17 37.96 1423.61 6212.29
1683869522 308.01 38.26 1372.71 9628.46
1683869532 305.22 37.96 1409.86 8614.11
1683869542 307.7 38.27 1399.02 9648.39
1683869552 309.46 38.22 1398.63 11825.2
1683869562 310.65 38.5 1375.39 12938.3
1683869572 303.99 38.5 1422.22 5881.48
1683869582 306.73 38.5 1398.63 10078.4
1683869592 306.51 38.5 1418.47 10076.6
1683869602 309.44 38.5 1372.54 8746.64
1683869612 296.97 38.5 17051.9 11193
1683869622 308.07 38.5 1344.75 13391.4
1683869632 304.3 38.5 1424 5745.56
1683869642 305.34 38.21 1369.65 8991.83
1683869652 307.32 38.49 1374.05 9307.32
1683869662 306.33 38.21 1395.91 9830.57
1683869672 307.22 38.21 1373.66 10409.4
1683869682 305.45 38.5 1370.04 11215.2
1683869692 309.62 38.5 1392.23 9865.24
1683869702 308.56 38.5 1371.37 11792.4
1683869712 302.33 38.5 1415.98 5688.11
1683869722 296 38.5 16287.3 9128.66
1683869732 308.28 38.5 1397.27 10321.2
1683869742 307.39 38.21 1369.65 10808.2
1683869752 309.46 38.21 1373.1 11575
1683869762 307.9 38.5 1422.22 7257.31
1683869772 310.33 38.5 1371.37 11554.4
1683869782 308.68 38.21 1398.63 9843.51
1683869792 305.37 38.5 1424 8316.49
1683869802 307.6 38.21 1397.27 9507.21
1683869812 309.76 38.5 1374.05 12403.9
1683869822 306.34 38.21 1425 7567.97
1683869833 252.28 38.5 16246.4 10374.8
1683869842 305.76 38.5 1375.39 10342.2
1683869852 306.74 38.5 1423.61 8553.37
1683869862 308.77 38.21 1347.76 12366.1
1683869873 308.28 38.5 1369.65 10210.1
1683869883 307.49 38.5 1393.59 8176.48
1683869893 297.48 38.5 1369.65 7421.79
1683869903 305.25 38.5 1365.66 10126.5
1683869913 309.44 38.21 1370.98 11533.8
1683869923 304.09 38.5 1395.91 7158.71
1683869933 132.13 38.5 14589.1 13783.6
1683869943 307.5 38.5 1397.27 6672.51
1683869953 307.89 38.5 1370.04 10393.8
1683869963 307.4 38.5 1369.65 9359.53
1683869973 305.55 38.21 1370.04 8501.56
1683869983 309.45 38.5 1346.06 11547.8
1683869993 309.84 38.21 1346.84 12251.6
1683870003 308.39 38.5 1374.05 8519.8
1683870013 304.57 38.5 1419.46 7418.68
1683870023 305.76 38.5 1347.76 10666.3
1683870033 305.96 38.5 1372.32 11068.6
1683870043 250.88 38.5 15058.4 9608.17
1683870053 310.53 38.5 1372.32 13674.5
1683870063 304.88 38.21 1422.22 6676.8
1683870073 307.61 38.5 1371.37 9112.37
1683870083 305.34 38.21 1393.2 8729.25
1683870093 309.16 38.5 1372.71 10733.3
1683870103 307.89 38.5 1397.27 12229.2
1683870113 308.58 38.49 1372.71 12078.8
1683870123 305.26 38.2 1422.22 5681.09
1683870133 308.27 38.5 1368.71 10480.1
1683870143 177.21 38.5 14648.9 7458.62
1683870153 307.51 38.49 1372.32 9306.82
1683870163 312.59 38.5 1400.39 11873
1683870173 307.89 38.2 1369.65 13150.2
1683870183 307.5 38.5 1396.69 9025.9
1683870193 304.17 38.5 1391.84 8061.75
1683870203 310.84 38.5 1375.39 10502.7
1683870213 304.9 38.2 1378.46 8479.62
1683870223 307.81 38.5 1375 9518.36
1683870233 308.21 38.5 1375 11751.6
1683870243 306.93 38.5 1401.76 9387.29
1683870253 280.27 38.5 15442.2 7830.52
1683870263 307.82 38.51 1375 9133.98
1683870273 308.27 38.2 1368.71 11100.1
1683870283 309.87 38.5 1401.37 9531.18
1683870293 307.4 38.49 1397.66 8809.36
1683870303 309.93 38.5 1346.45 12280.4
1683870313 308.08 38.5 1346.06 9691.53
1683870323 306.04 38.5 1398.63 8577.17
1683870333 306.92 38.5 1373.66 8236.1
1683870343 307.19 38.5 1369.65 10068.1
1683870353 131.81 38.5 14772.4 9329.96
1683870363 309.85 38.51 1348.54 13550.9
1683870373 306.23 38.51 1394.55 8312.84
1683870383 306.61 38.21 1395.91 8058.42
1683870393 308.37 38.51 1396.3 9457.84
1683870403 309.17 38.49 1398.63 9829.46
1683870413 309.49 38.21 1388.19 9984.9
1683870423 309.27 38.5 1347.76 13211.7
1683870433 306.22 38.49 1417.09 7994.17
1683870443 304.2 38.5 1395.91 7911.59
1683870453 308.88 38.51 1399.02 9874.34
1683870463 203.13 38.49 15356.8 11650.8
1683870473 303.88 38.49 1391.84 9273.01
1683870483 312.89 38.49 1325.39 13791.8
1683870493 304.57 38.21 1420.84 5532.62
1683870503 309.22 38.5 1392.23 10680
1683870513 308.98 38.5 1398.63 10339.1
1683870523 308.17 38.21 1420.84 8278.09
1683870533 306.92 38.49 1420.84 10601.4
1683870543 311.02 38.5 1347.76 13848.7
1683870553 306.03 38.2 1445.76 5622.59
1683870563 309.82 38.5 1393.2 8862.2
1683870573 201.65 38.5 15722.9 12548.4
1683870583 308.47 38.5 1397.27 9913.84
1683870593 307.6 38.21 1372.71 9487.33
1683870603 313.62 38.5 1351.63 13465.3
1683870613 307.02 38.5 1397.66 7323.59
1683870623 303.11 38.51 1363.02 7645.3
1683870633 310.6 38.22 1369.65 11835
1683870643 307.12 38.5 1397.27 8565.69
1683870653 306.44 38.5 1397.27 9172.71
1683870663 309.73 38.21 1346.45 12035.4
1683870673 307.2 38.49 1368.71 9615.16
1683870683 102.51 38.49 15578.7 8364.7
1683870693 306.05 38.51 1398.63 9624.98
1683870703 305.87 38.51 1375 8923.44
1683870713 308.39 38.22 1373.66 9424.39
1683870723 308.68 38.22 1372.32 10187.1
1683870733 309.33 38.52 1354.23 11701.1
1683870743 304.68 38.22 1398.63 6993.56
1683870753 311.37 38.51 1370.04 13442.4
1683870763 307.98 38.58 1419.46 7813.23
1683870773 310.87 38.58 1415.71 8897.38
1683870783 307.62 38.58 1376.34 10863.7
1683870793 225.65 38.58 14978.4 13776.5
1683870803 306.05 38.58 1371.37 8454.53
1683870813 307.2 38.58 1369.65 9632.3
1683870823 304 38.29 1372.32 8547.76
1683870833 309.57 38.58 1347.37 10594.9
1683870843 310.36 38.58 1351.71 11005.3
1683870853 310.43 38.58 1398.05 12034.3
1683870863 305.56 38.58 1422.61 5843.66
1683870873 307.87 38.29 1368.32 12260.1
1683870883 309.36 38.58 1383.78 7884.17
1683870893 216.5 38.57 14303.3 10659
1683870903 305.74 38.57 1368.32 9267.25
1683870913 309.84 38.29 1348.54 12074.1
1683870923 304.47 38.58 1369.65 7116.73
1683870933 306.15 38.29 1372.71 9479.53
1683870943 306.32 38.58 1369.65 10397.3
1683870953 304.4 38.58 1400 7460.94
1683870963 307.13 38.57 1400.39 10174.6
1683870973 309.23 38.57 1318.95 14129.8
1683870983 305.18 38.29 1424 5206.24
1683870993 308.29 38.58 1372.32 10893.6
1683871003 217.65 38.58 15691.2 8318.13
1683871013 309.82 38.58 1381.93 10974.5
1683871023 303.79 38.29 1400.39 7662.26
1683871033 310.82 38.58 1323.59 14590.6
1683871043 306.73 38.58 1397.27 5981.29
1683871053 306.8 38.58 1394.55 10443.6
1683871063 305.75 38.58 1419.46 8545.53
1683871073 309.07 38.58 1398.63 8765.27
1683871083 307.03 38.29 1375 11391
1683871093 309.26 38.58 1347.76 14346.2
1683871103 306.93 38.58 1399.02 8243.51
1683871113 185.34 38.58 15811.7 10164.7
1683871123 305.85 38.58 1424 7073.95
1683871133 303.79 38.59 1394.55 9331.52
1683871143 310.24 38.28 1372.71 11573.1
1683871153 306.63 38.29 1397.27 9362.18
1683871163 305.24 38.58 1368.16 10263.7
1683871173 306.61 38.29 1391.84 8385.63
1683871183 304.47 38.57 1368.71 11435.2
1683871193 306.24 38.58 1395.91 9427.07
1683871203 306.91 38.58 1370.98 11404.5
1683871213 305.55 38.57 1370.04 10383.3
1683871223 109.57 38.58 15675 9965.62
1683871233 306.9 38.58 1419.85 7216.73
1683871243 309.76 38.59 1373.66 10489.4
1683871253 308.49 38.29 1372.32 12085.4
1683871263 304.79 38.29 1401.37 7297.75
1683871273 310.53 38.58 1372.71 10025.7
1683871283 308.83 38.28 1328.72 11408.3
1683871293 304.2 38.58 1397.27 7128.27
1683871303 307.81 38.58 1373.66 9761.56
1683871313 304.27 38.3 1415.32 8822.89
1683871323 308.87 38.59 1396.3 10064.3
1683871333 84.79 38.21 0 10562
1683871343 305.15 38.58 16380.2 12555.7
1683871353 304.47 38.58 1391.84 6642.72
1683871363 307.69 38.29 1370.98 12167.1
1683871373 305.8 38.58 1385.51 7924.64
1683871383 307.94 38.58 1387.8 7032.33
1683871393 303.59 38.29 1394.94 10774.7
1683871403 313.48 38.28 1350 14862.9
1683871413 306.13 38.57 1421.23 6428.82
1683871423 307.84 38.29 1364.34 10803.9
1683871433 306.05 38.59 1425.39 8208.2
1683871443 148.01 38.59 14901.6 10591.7
1683871453 308.13 38.59 1364.34 9536.43
1683871463 312.45 38.59 1320.62 13709
1683871473 307.61 38.59 1400 6223.05
1683871483 310.05 38.59 1372.71 10756.7
1683871493 309.33 38.59 1368.32 10484.7
1683871503 305.18 38.58 1424 7246.05
1683871513 306.23 38.3 1393.2 9802.14
1683871523 309.94 38.58 1348.68 14332.5
1683871533 306.01 38.58 1391.27 8122.6
1683871543 304.98 38.59 1400 8754.3
1683871553 104.48 38.58 15190.7 11808.4
1683871563 307.6 38.59 1397.27 10532.2
1683871573 307.47 38.58 1347.75 11211.5
1683871583 307.03 38.29 1423.61 6668.88
1683871593 311.28 38.58 1350.2 12265.4
1683871603 307.11 38.58 1371.37 10474.8
1683871613 302.34 38.29 1420.84 6054.92
1683871623 308.1 38.59 1399.02 10760.2
1683871633 309.96 38.59 1373.66 11264.8
1683871643 305.72 38.58 1388.19 10410.5
1683871653 308.48 38.59 1390.64 9735.28
1683871663 159.7 38.51 14664.2 5209.76
1683871673 291.17 38.59 332.36 1345.39
1683871683 195.14 38.5 219.24 2038.49

Execution duration: 00:56:32.32
