1683773858 282.87 2.61 5807.17 14043
1683773868 302.28 3.66 5651.19 23613.1
1683773878 294.15 4.24 5696.34 18833.7
1683773888 278.16 5.03 5186.17 20071.5
1683773898 302.58 5.99 5582.16 21186.1
1683773908 290.21 6.75 5255.39 26376.7
1683773918 290.19 6.98 5632.91 15468.8
1683773928 302.68 7.81 5645.59 22824.6
1683773938 299.4 8.64 5547.48 20645.6
1683773948 302.57 9.55 5578.27 21011.1
1683773958 279.92 10.4 5115.34 19573.1
1683773968 302.77 10.98 5482.5 26134.5
1683773978 296.54 11.53 5628.86 17419.8
1683773988 302.37 12.24 5502.38 23586.2
1683773998 297.92 13.19 5552.57 19842.7
1683774008 306.72 14.06 5545.8 21661.3
1683774018 281.52 14.69 5249.41 19491.7
1683774028 305.73 15.59 5502.77 25701.2
1683774038 296.56 15.93 5624.82 16234.9
1683774048 301.68 16.83 5413.84 23442.7
1683774058 296.46 17.7 5557.56 20856.6
1683774068 297.59 18.66 5486.1 20547.9
1683774078 301.09 19.3 5522.21 20918.8
1683774088 285.59 20.16 4982.35 24130.2
1683774098 295.48 20.53 5593.7 17683.1
1683774108 300.98 21.35 5613.76 20827.5
1683774118 296.65 22.26 5397.83 20660.1
1683774128 298.82 23.27 5518.5 22062.6
1683774138 297.43 23.8 5548.77 19085.7
1683774148 303.05 24.6 5395.08 25733.2
1683774158 270.84 25.05 5096.75 15608.3
1683774168 298.53 25.5 5437.56 20515.2
1683774178 302.35 26.55 5538.76 22967.2
1683774188 290.28 27.37 5432.22 20427.5
1683774198 293.7 28.24 5334.77 19462.9
1683774208 301.47 28.89 5584.7 21337.2
1683774218 301.57 29.46 5388.39 22166
1683774228 293.81 29.85 5431.83 19049.5
1683774238 295.76 30.82 5410.05 19071.5
1683774248 297.46 31.77 5516.16 22900.3
1683774258 269.38 32.38 4898.92 18343.9
1683774268 299.41 33.45 5467.72 21677.6
1683774278 296.87 33.71 5383.92 22479.6
1683774288 293.62 34.3 5401.37 17905.8
1683774298 297.14 35.32 5442.52 23167.7
1683774308 300.3 36.05 5458.82 19089
1683774318 298.82 36.79 5478.55 21020.2
1683774328 281.51 37.5 5185.45 19369.1
1683774338 293.32 38.17 5142.63 25295.9
1683774348 298.53 38.3 5528.7 17159.3
1683774358 304.41 38.65 5446.27 25338.8
1683774368 291.11 38.69 5437.5 17587.5
1683774378 305.49 38.85 5421.18 23304.3
1683774388 300.2 38.7 5505.38 19843.2
1683774398 296.21 38.85 5284.52 24548.4
1683774408 296.78 38.69 5530.4 18121.2
1683774418 300.1 38.84 5559.22 18445.5
1683774428 296.58 38.83 5417.79 21245.8
1683774438 304.7 38.95 5408.63 23254.1
1683774448 300.59 38.8 5483.92 20000.8
1683774458 307.43 38.83 5392.08 25880.2
1683774468 260.33 38.84 4731.32 17064.6
1683774478 304.51 38.97 5471.37 22896.9
1683774488 294.81 38.83 5498.24 16647.8
1683774498 307.46 38.95 5521.57 24194.1
1683774508 291.7 38.85 5350 18874.2
1683774518 301.57 38.98 5571.76 20332.9
1683774528 307.12 38.84 5232.39 27419.3
1683774538 295.81 38.93 5571.18 16423.8
1683774548 305.18 38.87 5448.14 24697.8
1683774558 303.73 38.9 5428.4 23147.5
1683774568 283.94 39.09 5303.04 15944.8
1683774578 307.24 38.96 5455.33 24116.5
1683774588 298.63 39.09 5292.67 22319.5
1683774598 297.87 38.97 5512.32 16979.2
1683774608 305.19 38.95 5415.87 23898.9
1683774618 300.49 39.02 5505.38 17803.3
1683774628 294.53 38.92 5242.62 20606.8
1683774638 297.54 39.02 5392.13 20597.2
1683774648 308.59 38.95 5270.63 27218.7
1683774658 297.07 38.98 5580.45 16106.3
1683774668 302.84 39.13 5467.84 21172.2
1683774678 303.02 39.01 5475 22923.8
1683774688 299.12 39.14 5603.92 22266
1683774698 297.36 39.02 5482.15 19320.2
1683774708 290.64 39.14 5045.07 24108.9
1683774718 293.84 39.14 5480.35 16062.9
1683774728 302.05 39 5616.45 19833.1
1683774738 303.62 39.12 5460.67 23047.4
1683774748 302.04 39.01 5460.84 23455.4
1683774758 297.75 39.12 5480.35 18172.8
1683774768 295.02 39.19 5000 26586.7
1683774778 298.14 39.18 5526.71 18594.1
1683774788 297.75 39.18 5610.96 18214.5
1683774798 302.26 39.32 5485.71 23722.5
1683774808 296.48 39.16 5423.09 18798.8
1683774818 300.78 39.18 5375.75 22396.5
1683774828 302.35 39.28 5534.12 20055.7
1683774838 273.07 39.17 5058.34 20018.3
1683774848 301.37 39.19 5500 19639.1
1683774858 300.29 39.18 5466.01 20282.1
1683774868 275.62 39.31 4952.83 21644.4
1683774878 298.44 39.17 5546.67 18153.3
1683774888 307.78 39.19 5485.71 24283.4
1683774899 285.93 39.18 5010.14 21127.3
1683774908 297.47 39.25 5501.75 18211.3
1683774918 301.75 39.14 5387.5 20657.4
1683774928 283.16 39.31 4948 23653.8
1683774938 296.97 39.19 5515.07 16859.5
1683774948 305.94 39.13 5423.18 22763.8
1683774958 307.89 39.33 5277.97 23382.8
1683774968 296.68 39.2 5542.91 19906.2
1683774978 302.25 39.3 5523.29 17849.7
1683774988 298.14 39.31 5378.26 23388
1683774998 298.16 39.12 5416.34 19993.4
1683775008 299.9 39.18 5498.24 19597.3
1683775018 253.09 39.31 4199.8 25305
1683775028 294.98 39.16 5568.5 14912.6
1683775039 305.04 39.15 5482.17 22070.5
1683775048 299.51 39.28 5437.5 19896.5
1683775058 268.2 39.29 4846.97 18838.3
1683775068 301.56 39.16 5573.39 19493.5
1683775079 303.99 39.15 5489.28 22239.4
1683775089 274.78 39.26 4955.23 20100.9
1683775098 304.12 39.27 5521.57 19366.3
1683775108 304.7 39.16 5473.19 21470.1
1683775119 277.81 39.14 5067.45 18656.9
1683775128 303.84 39.15 5505.51 22581.5
1683775139 302.74 39.34 5389.47 22430
1683775149 278.91 39.32 4962.11 20581.2
1683775159 296.98 39.21 5521.32 18224.3
1683775169 299.71 39.34 5344.78 20442.1
1683775179 306.85 39.23 5372.99 22181.2
1683775189 301.27 39.22 5510.76 20174.2
1683775199 302.74 39.34 5375 23150.8
1683775209 298.94 39.27 5389.6 20581.1
1683775219 304.01 39.4 5505.38 21275.9
1683775229 297.47 39.27 5658.42 16349
1683775239 288.26 39.27 5160.08 21528.8
1683775249 299.61 39.39 5425 19371.9
1683775259 302.94 39.22 5415.87 21687.4
1683775269 295.02 39.39 4955.47 27153.1
1683775279 297.47 39.22 5459.01 16347.4
1683775289 302.15 39.38 5407.61 21398.2
1683775299 288.38 39.27 5087.89 21677.7
1683775309 290.26 39.25 5253.93 21504.3
1683775319 251.94 39.38 4511.46 13703.3
1683775329 276.95 39.4 4711.67 22132.3
1683775339 297.4 39.26 5419.48 16562.8
1683775349 66.28 38.73 790670 10415.2

Execution duration: 00:24:59.59
