1683765013 302.28 1.58 1463.22 4869.58
1683765023 304.07 2 1396.23 9064.42
1683765033 306.15 2.46 1396.23 9943.31
1683765043 301 2.86 1342.04 9943.82
1683765053 297.92 3.11 1339.94 12379.8
1683765063 301.98 3.06 1394.06 6680.79
1683765073 303.67 3.48 1371.26 10185.9
1683765083 302.87 3.95 1368.71 9837.62
1683765093 306.05 4.47 1395.44 9400.59
1683765103 117.92 4.74 14924.4 9841.59
1683765113 308.69 5.07 1366.41 13554.5
1683765123 301.48 5.16 1420.2 5740.59
1683765133 306.03 5.47 1391.3 9090.51
1683765143 307.23 5.93 1394.46 11480.4
1683765153 303.25 6.24 1389.93 7893.39
1683765163 307.73 6.71 1394.46 11251.9
1683765173 306.58 6.85 1384.46 13972.5
1683765183 305.34 7.1 1419.41 7459.41
1683765193 303.16 7.41 1418.4 8005.14
1683765203 307.41 7.71 1392.68 10241
1683765213 289.44 8.2 15431.4 9047.97
1683765223 308.89 8.63 1391.3 9700
1683765233 306.11 8.88 1362.36 14385
1683765243 304.05 8.93 1413.81 6392.11
1683765253 306.03 9.36 1389.93 8970.98
1683765263 308.98 9.74 1388.95 10592.9
1683765273 305.92 10.05 1415.2 9160.51
1683765283 306.82 10.56 1392.68 9643.92
1683765293 306.01 10.76 1387.98 14626.6
1683765303 303.84 10.83 1412.8 5652.02
1683765313 305.9 11.29 1387.19 10147.8
1683765323 260.08 11.6 16420.8 9166.57
1683765333 305.57 11.83 1404.11 9525.56
1683765343 306.5 12.37 1384.46 9344.35
1683765353 309.37 12.83 1363.7 13407.1
1683765363 304.02 12.89 1405.88 7435.69
1683765373 307.99 13.34 1387.58 10084.3
1683765383 303.55 13.38 1413.81 8040.63
1683765393 306.77 13.94 1407.26 9913.25
1683765403 307.57 14.38 1411.02 9722.83
1683765413 308.48 14.67 1412.41 10263.6
1683765423 309.55 14.74 1361.42 11933.9
1683765433 225.66 15.01 16317 6371.68
1683765443 309.32 15.52 1381.75 12554.3
1683765453 305.81 15.7 1411.02 8794.49
1683765463 306.68 16.21 1407.26 9303.24
1683765473 306.28 16.47 1381.75 9505.79
1683765483 302.05 16.78 1352.49 13227.4
1683765493 304.82 16.84 1411.02 6986.22
1683765503 305.41 17.37 1409.64 9489.48
1683765513 308.83 17.73 1408.64 10675
1683765523 306.29 18.06 1408.25 9933.99
1683765533 307.77 18.42 1409.64 9400.98
1683765543 154.22 18.76 16025.1 12417.2
1683765553 303.74 18.84 1384.46 6443.26
1683765563 308.35 19.33 1383.1 11220.8
1683765573 311.59 19.85 1383.1 10332
1683765583 303.8 19.85 1425 6874.61
1683765593 307.36 20.51 1383.1 10642.8
1683765603 309.13 20.65 1383.89 12364.6
1683765613 307.14 20.77 1426.39 7656.7
1683765623 309.13 21.23 1383.49 9855.01
1683765633 309.23 21.48 1406.87 9693.03
1683765643 309.43 21.89 1407.26 8467.52
1683765653 307.86 22.42 1406.87 10339.2
1683765663 253.03 22.65 16849.7 12486.9
1683765673 308.25 22.71 1422.62 7424.19
1683765683 305.69 23.08 1405.49 6870.98
1683765693 309.01 23.41 1379.43 11116.2
1683765703 309.51 23.87 1380.39 11823.9
1683765713 307.07 24.25 1407.26 7718.16
1683765723 312.29 24.47 1384.85 15449.8
1683765733 306.47 24.69 1430.98 5405.1
1683765743 309.23 24.96 1406.87 9819.82
1683765753 307.54 25.34 1402.74 8420.74
1683765763 308.93 25.69 1405.88 11030.6
1683765773 186.98 26.12 16198.4 7618
1683765783 315.13 26.46 1359.14 16447.9
1683765793 307.25 26.45 1430.59 5569.02
1683765804 308.8 26.92 1401.37 9612.12
1683765814 310.4 27.13 1380.39 8233.33
1683765824 306.71 27.67 1393.59 10061
1683765834 305.79 27.87 1405.49 9220
1683765844 311.49 28.31 1333.99 16182.7
1683765854 309.65 28.63 1396.69 7162.61
1683765864 301.73 28.69 1385.12 6944.93
1683765874 143.41 29.15 14361.1 9724.16
1683765884 310.56 29.52 1401.37 9638.71
1683765894 310.65 29.94 1375.39 11665.6
1683765904 306.15 30.37 1398.63 9100.49
1683765914 305.47 30.3 1347.76 10292.8
1683765924 309.5 30.8 1405.88 8808.24
1683765934 307.87 30.95 1393.2 9510.59
1683765944 305.57 31.37 1400.39 8421.09
1683765954 308.92 31.73 1380.39 9844.31
1683765964 305.38 32.07 1376.73 9440.08
1683765974 307.81 32.41 1350 14707.8
1683765984 94.71 32.62 15454.3 8110.48
1683765994 304.44 33.02 1383.78 7508.11
1683766004 306.24 33.27 1372.32 9694.74
1683766014 306.82 33.65 1372.71 8296.3
1683766024 306.84 34.07 1375 10748.8
1683766034 309.87 34.25 1351.17 12895.7
1683766044 307.32 34.16 1425 6493.75
1683766054 306.36 34.78 1376.73 10258.1
1683766064 307.02 35.16 1397.27 9992.2
1683766074 308.7 35.54 1376.73 9650.05
1683766084 308.1 35.85 1400 10791
1683766094 103.01 36.23 15035.6 11739.8
1683766104 303.23 36.43 1375.39 6647.27
1683766114 306.6 36.63 1364.34 8727.52
1683766124 309.04 36.96 1370.04 10224.5
1683766134 307.03 37.43 1375 8007.03
1683766144 305.65 37.87 1371.37 11144.3
1683766154 313.08 37.74 1349.46 14295
1683766164 302.53 37.74 1393.2 6280.27
1683766174 308.97 37.87 1372.71 10829.6
1683766184 309.79 37.79 1351.25 10845.7
1683766194 308.19 37.92 1422.61 7775.44
1683766204 309.23 37.85 1368.32 10494.9
1683766214 258.15 37.98 16319.2 12994.7
1683766224 304 37.97 1398.63 5147.32
1683766234 305.34 37.85 1370.04 8795.72
1683766244 307.97 37.85 1393.2 9913.31
1683766254 307.32 38.1 1400 9360.16
1683766264 310.68 38.12 1367.38 11404.7
1683766274 311.81 38.1 1375.78 13838.3
1683766284 305.65 38.23 1422.61 7355.56
1683766294 306.62 38.1 1422.22 7242.5
1683766304 307.2 38.24 1396.3 8905.55
1683766314 308.19 38.11 1370.98 9954.43
1683766324 131.06 38.24 15979.8 10745.1
1683766334 308.49 38.24 1372.71 12390.2
1683766344 305.6 38.24 1385.12 9149.76
1683766354 308.36 38.11 1394.94 9969.26
1683766364 307.89 38.24 1370.98 9577.8
1683766374 307.22 38.24 1374.05 8840.98
1683766384 305.84 38.11 1373.66 11638.2
1683766394 305.37 38.23 1424 8381.66
1683766404 308.52 38.24 1363.79 11796.3
1683766414 305.95 38.23 1397.27 8292.4
1683766424 305.42 38.1 1362.09 10980.3
1683766434 124.86 38.23 15145.8 7529.21
1683766444 308.77 38.24 1372.71 10399.2
1683766454 308.93 38.11 1391.84 11151.1
1683766464 307.51 38.11 1372.71 10106
1683766474 310.22 38.24 1394.55 7966.15
1683766484 306.45 38.23 1355.15 8946.68
1683766494 307.8 38.35 1399.02 11168.4
1683766504 306.55 38.22 1400 8290.62
1683766514 308.38 38.36 1372.71 11763.4
1683766524 308.74 38.23 1342.53 13305.6
1683766534 307 38.36 1419.85 7039.3
1683766544 306.82 38.24 1395.91 10911.8
1683766554 289.49 38.37 16534 10723.3
1683766564 305.15 38.37 1371.37 9622.2
1683766574 308.66 38.24 1369.65 9098.44
1683766584 308.47 38.37 1345.92 12706.6
1683766594 307.32 38.37 1423.61 5806.44
1683766604 311.41 38.24 1362.09 12256.9
1683766614 307.5 38.37 1377.14 8392.32
1683766624 306.33 38.37 1395.91 10236
1683766634 305.86 38.36 1372.32 10752.8
1683766644 307.1 38.36 1342.53 11834.2
1683766654 157.39 38.37 14805.5 5715.57
1683766664 308.11 38.37 1373.66 9696
1683766674 306.13 38.37 1370.04 9273.15
1683766684 307.72 38.35 1375 10319.9
1683766694 306.93 38.24 1349.07 9874.34
1683766704 310.32 38.36 1344.75 15309
1683766714 304.67 38.37 1368.71 7248.98
1683766724 303.8 38.37 1394.94 7664.59
1683766734 306.05 38.36 1372.32 10455.8
1683766744 306.44 38.24 1374.05 9782.63
1683766754 305.94 38.24 1369.65 9201.95
1683766764 289.6 38.37 15232.7 14788.3
1683766774 302.73 38.24 1422.22 5566.08
1683766784 307.58 38.24 1394.94 9533.46
1683766794 310.14 38.38 1322.42 12270.2
1683766804 305.26 38.38 1397.27 6439.77
1683766814 311.11 38.38 1346.45 11064.9
1683766824 311.92 38.26 1303.36 13497.8
1683766834 305.9 38.39 1360.78 7766.96
1683766844 304.09 38.26 1370.98 7823.17
1683766854 308.56 38.39 1370.04 11134.6
1683766864 180.29 38.4 14606.2 8714.56
1683766874 309.94 38.27 1347.37 12447.6
1683766884 305.96 38.41 1373.66 7696.39
1683766894 310.99 38.27 1369.65 10956.4
1683766904 306.13 38.39 1368.71 6922.06
1683766914 309.65 38.39 1347.37 11198.8
1683766924 308.08 38.39 1343.83 11163.5
1683766934 305.66 38.26 1373.66 8188.88
1683766944 305.33 38.38 1390.49 8488.85
1683766954 310.05 38.4 1347.76 12266.7
1683766964 306.03 38.27 1369.65 8711.67
1683766974 256.48 38.4 15322.7 8663.68
1683766984 309.04 38.4 1369.65 9557.59
1683766994 302.03 38.4 1359.46 7798.84
1683767004 308.97 38.26 1372.32 12212.1
1683767014 311.89 38.27 1373.1 11414
1683767024 306.22 38.39 1393.59 7724.39
1683767034 307.91 38.4 1373.66 9431.8
1683767044 309.11 38.4 1390.88 8621.14
1683767054 308.25 38.27 1393.2 9300.68
1683767064 308.76 38.41 1371.37 10099.7
1683767074 98.84 38.4 14498.8 12947.5
1683767084 305.26 38.4 15883.9 8619.28
1683767094 306.46 38.4 1357.76 9236.26
1683767104 309.55 38.27 1370.98 10148.8
1683767114 305.73 38.4 1317.67 11414.4
1683767124 305.25 38.4 1369.65 7783.66
1683767134 307.71 38.27 1324.1 13250.7
1683767144 304.77 38.4 1394.55 6025.29
1683767154 307.99 38.27 1372.71 9154.78
1683767164 308.85 38.4 1370.98 11062.1
1683767174 306.6 38.27 1366.99 8569.71
1683767184 117.33 38.4 14773.9 10880.2
1683767194 309.15 38.4 1321.91 12495.8
1683767204 303.51 38.4 1396.3 6121.13
1683767214 307.41 38.27 1373.66 8273.56
1683767224 308.01 38.27 1372.71 11171.5
1683767234 309.23 38.4 1368.32 11534.3
1683767244 307.7 38.27 1397.27 8916.57
1683767254 312.83 38.4 1344.61 14205.2
1683767264 306.22 38.4 1368.32 6464.92
1683767274 309.21 38.28 1390.88 7492.14
1683767284 312.56 38.27 1346.06 11427.9
1683767294 304.57 38.27 1367.38 8684.66
1683767304 286.11 38.4 16225.2 10864.1
1683767314 309.53 38.42 1318.56 10629
1683767324 312.29 38.29 1347.76 11112.7
1683767334 306.32 38.42 1366.99 8558.45
1683767344 307.71 38.45 1424 8863.22
1683767354 311.6 38.32 1370.98 12041.7
1683767364 305.36 38.45 1396.3 9477.31
1683767374 303.11 38.45 1395.91 8208.37
1683767384 310.91 38.45 1371.76 12814.8
1683767394 307.22 38.32 1423.61 7269.46
1683767404 309.75 38.46 1372.32 12278
1683767415 169.7 38.45 15995 7643.37
1683767425 305.05 38.46 1365.66 10229.7
1683767434 306.84 38.46 1400.39 8629.69
1683767444 310.41 38.32 1345.14 13017.1
1683767454 305.16 38.32 1397.66 6198.44
1683767465 308.66 38.44 1369.65 11333.5
1683767474 308.39 38.32 1372.32 9759.45
1683767484 306.14 38.45 1397.66 9422.22
1683767495 307.97 38.46 1394.55 9562.65
1683767505 309.39 38.46 1340.69 12321.3
1683767515 303.4 38.33 1391.84 6238.83
1683767525 277.89 38.46 15371.9 9573.88
1683767535 311.51 38.33 1372.32 11761.4
1683767545 303.6 38.46 1372.32 6905.26
1683767555 310.51 38.33 1345.14 11785.6
1683767565 311.22 38.45 1347.76 11396.9
1683767575 306.62 38.45 1396.3 6798.05
1683767585 308.88 38.32 1373.66 8863.22
1683767595 311.45 38.45 1366.05 13220.6
1683767605 307.03 38.32 1423.61 6898.73
1683767615 308.44 38.32 1342.53 9996.89
1683767625 271.03 38.46 14647.8 13095.8
1683767635 304.67 38.45 1420.84 5481.21
1683767645 309.35 38.33 1371.37 9760.47
1683767655 307.7 38.46 1369.65 10239.3
1683767665 305.94 38.45 1371.37 8909.44
1683767675 307.6 38.45 1397.27 11008.2
1683767685 309.62 38.45 1344.22 12642.2
1683767695 305.05 38.45 1415.32 6167.6
1683767705 308.07 38.33 1393.2 10222
1683767715 306.8 38.3 1368.71 9781.92
1683767725 305.45 38.3 1393.2 10405.8
1683767735 275.04 38.44 16040.5 10851.1
1683767745 313.93 38.44 1385 12821.8
1683767755 307.53 38.44 1410.23 8642.62
1683767765 306.41 38.3 1342.14 10346
1683767775 305.44 38.43 1394.94 7403.11
1683767785 306.32 38.44 1343.44 11385
1683767795 308.98 38.3 1398.63 9050.15
1683767805 308.93 38.43 1367.38 11516.9
1683767815 307.77 38.43 1366.44 9128.61
1683767825 306.15 38.43 1400.39 7714.84
1683767835 306.3 38.43 1390.49 9384.68
1683767845 241.11 38.44 16099.5 14108.8
1683767855 303.45 38.43 1423.59 5917.55
1683767865 308.38 38.31 1372.32 9039.77
1683767875 311.88 38.45 1347.23 12966.3
1683767885 306.05 38.31 1397.66 6511.11
1683767895 309.77 38.44 1375.39 10252.7
1683767905 307.96 38.31 1413.95 9149.61
1683767915 308.48 38.44 1397.66 10730.6
1683767925 308.87 38.3 1397.27 8436.26
1683767935 310 38.3 1317.67 13787.6
1683767945 307.77 38.43 1418.08 6482.8
1683767955 164.69 38.45 15960.7 12059.5
1683767965 304.67 38.45 1374.05 6713.76
1683767975 309.33 38.32 1343.44 11094.7
1683767985 306.81 38.46 1394.94 9097.67
1683767995 311.75 38.45 1342.53 12448.5
1683768005 308.78 38.46 1373.66 9939.9
1683768015 306.72 38.45 1395.91 6255.5
1683768025 306.63 38.33 1398.63 9786.93
1683768035 309.73 38.46 1370.04 11573.9
1683768045 304.07 38.46 1413.95 6314.34
1683768055 313.73 38.46 1346.84 14648.9
1683768065 125.94 38.46 15421 6399.61
1683768075 309.74 38.45 1396.3 11273.2
1683768085 308.37 38.33 1370.98 11531.5
1683768095 307.76 38.46 1389.54 7686.05
1683768105 308.1 38.46 1372.32 10901
1683768115 311.5 38.46 1372.32 13915.8
1683768125 304.38 38.46 1447.56 5150.88
1683768135 308.53 38.33 1365.66 11146.1
1683768145 303.68 38.47 1415.32 7740.45
1683768155 311.7 38.47 1373.66 13442.7
1683768165 303.1 38.46 1418.08 5821.96
1683768175 196.69 38.46 15248.3 13206.2
1683768185 308.94 38.46 1368.71 10175.7
1683768195 308.96 38.46 1396.3 7257.64
1683768205 311.31 38.46 1372.32 12820.3
1683768215 313.52 38.46 1396.3 12266.4
1683768225 305.01 38.45 1355.01 7145.56
1683768235 304.96 38.33 1394.55 7216.73
1683768245 309.11 38.46 1364.34 12539.5
1683768255 307.89 38.46 1372.71 9857.31
1683768265 307.9 38.46 1373.66 8810.15
1683768275 308.03 38.45 1387.8 11144.2
1683768285 156.88 38.46 15493.4 8232.17
1683768295 306.7 38.46 1368.32 9386.2
1683768305 311.81 38.46 1374.05 12483.5
1683768315 306.04 38.33 1393.2 7051.9
1683768325 306.73 38.46 1397.66 9422.61
1683768335 307.61 38.46 1372.32 10531.4
1683768345 309.66 38.32 1398.63 9230.44
1683768355 305.33 38.47 1364.73 9870.93
1683768365 309.8 38.45 1361.56 13172
1683768375 306.65 38.33 1425.39 6401.17
1683768385 308.67 38.46 1370.98 9429.8
1683768395 203.81 38.45 14768.4 6348.83
1683768405 289.49 38.48 331.13 1042.02
1683768415 138.65 38.36 179.26 117.42

Execution duration: 00:56:50.50
