1683761535 300.6 1.58 1546.32 4811.53
1683761545 302.68 2.03 1377.6 7715.36
1683761555 305.16 2.33 1396.63 10285
1683761565 308.53 2.83 1395.44 10503.9
1683761575 299.01 3.2 1363.57 13362
1683761585 302.68 3.3 1420.81 7710.21
1683761595 305.75 3.7 1397.23 11171.8
1683761605 301.68 4.12 1419.41 7493.07
1683761615 305.76 4.55 1370.07 9633.7
1683761625 109.67 4.85 14884.5 9653.7
1683761635 307.43 5.12 1369.5 12421.8
1683761645 304.15 5.32 1392.09 7444.27
1683761655 307.51 5.62 1392.68 8497.33
1683761665 306.02 5.87 1392.09 11151.8
1683761675 306.32 6.45 1389.93 9773.74
1683761685 303.05 6.63 1412.8 8202.56
1683761695 309.29 7.14 1391.7 14360.5
1683761705 305.04 7.16 1441.9 6217.39
1683761715 304.45 7.46 1416.6 9632.02
1683761725 305.14 7.93 1392.68 9735.71
1683761735 292.6 8.33 15441.4 8928.2
1683761745 307.19 8.8 1374.58 9813.6
1683761755 308.2 8.9 1339.78 15233.6
1683761765 301.58 8.95 1416.6 5474.31
1683761775 304.95 9.38 1391.3 7684.98
1683761785 307.4 9.76 1388.95 11892.7
1683761795 307.81 10.23 1416.6 9260.08
1683761805 306.2 10.51 1411.41 9609.84
1683761815 314.43 10.85 1407.9 15321.7
1683761825 302.37 10.92 1417 4880.63
1683761835 308.08 11.44 1387.19 10381.5
1683761845 250.6 11.77 16451.4 9024.51
1683761855 306.21 12.1 1387.19 8087.49
1683761865 305.72 12.39 1361.97 11259.9
1683761875 308.99 12.77 1365.05 13147.1
1683761885 302.93 13.02 1396.3 7355.01
1683761895 304.64 13.3 1415.59 8197.83
1683761905 307 13.75 1387.19 10138.7
1683761915 305.22 13.97 1411.02 8310.24
1683761925 307.28 14.49 1360.63 10246.5
1683761935 303.26 14.75 1409.64 8803.54
1683761945 308.08 14.79 1362.76 12922.2
1683761955 206.1 15.04 16219.7 7622.44
1683761965 306 15.58 1362.36 9952.71
1683761975 306.77 15.77 1357.96 10320.2
1683761985 305.8 16.07 1384.85 8580.92
1683761995 310.65 16.79 1338.07 10898.6
1683762005 305.38 16.8 1354.75 11473.9
1683762015 306.59 16.92 1411.41 8590.55
1683762025 304.25 17.25 1412.41 7914.48
1683762035 308.26 17.92 1358.35 11939.5
1683762045 303.83 17.94 1411.02 7546.85
1683762055 304.21 18.52 1380.78 9890.98
1683762065 109.15 18.64 15832.8 12064.9
1683762075 304.04 18.87 1384.85 7625.17
1683762085 307 19.16 1385.83 9068.9
1683762095 309.15 19.73 1384.46 10440.1
1683762105 306.77 19.89 1383.49 9322.2
1683762115 306.2 20.46 1384.46 10630.5
1683762125 304.01 20.52 1377.12 10421.9
1683762135 306.6 20.55 1412.41 6990.34
1683762145 304.88 21.02 1400.39 9959.38
1683762155 305.4 21.45 1381.75 8228.46
1683762165 304.51 21.71 1381.75 9031.99
1683762175 306.68 22.05 1383.49 11943.8
1683762185 193.24 22.47 16497 12950.7
1683762195 302.45 22.62 1376.73 6230.69
1683762205 305.3 22.7 1380.39 8020.39
1683762215 307.74 23.29 1379.43 10738.1
1683762225 303.43 23.6 1380.39 9604.31
1683762235 302.25 24.02 1379.43 8915.18
1683762245 304.7 24.33 1331.89 14613.9
1683762255 302.85 24.36 1406.87 7267.12
1683762265 303.94 24.94 1383.49 10089.6
1683762275 305.67 25.28 1401.37 7332.94
1683762285 307.27 25.72 1383.49 10047.5
1683762295 89.22 26.03 15590.2 9355.29
1683762305 310.88 26.31 1381.17 15108.2
1683762315 302.15 26.44 1400 5601.17
1683762325 306.96 26.5 1380.39 8195.29
1683762335 307.25 27.03 1354.36 9944.37
1683762345 304.3 27.28 1380.39 8602.35
1683762355 309.32 27.68 1407.26 11308.3
1683762365 307.83 28.06 1353.03 14587.1
1683762376 303.32 28.29 1399.41 5817.76
1683762385 306.35 28.43 1376.34 9872.53
1683762396 304.41 28.9 1379.04 7004.11
1683762406 241.7 29.31 14906.1 10747.2
1683762416 305.25 29.67 1346.06 10426.1
1683762426 303.21 30.06 1374.05 8659.12
1683762436 305.38 29.95 1378.47 11144
1683762446 308.12 30.61 1353.03 10847
1683762456 300.39 30.7 1400 6721.48
1683762466 307.65 31.08 1380.78 10025.1
1683762476 303.69 31.44 1391.84 8895.15
1683762486 302.54 31.85 1400 9640.62
1683762496 299.32 31.87 1326.17 11694.5
1683762506 304.51 32.27 1379.04 8592.75
1683762516 166.57 32.63 15849.5 9420.14
1683762526 304.68 33.03 1348.68 8621.27
1683762536 302.54 33.42 1350.39 9906.64
1683762546 300.88 33.65 1326.3 7939.78
1683762556 305.79 34.11 1303.82 14094.4
1683762566 300.49 34.18 1378.08 6028.57
1683762576 305.29 34.69 1376.34 11154.6
1683762586 303.81 34.8 1403.13 6954.6
1683762596 301.97 35.31 1353.97 9380.22
1683762606 303.72 35.46 1350.39 10590.2
1683762616 306.94 35.78 1326.3 13919.5
1683762626 108.77 36.14 15149.7 7709.16
1683762636 301.76 36.4 1353.03 8070.45
1683762646 303.23 36.83 1353.97 8836.43
1683762656 303.11 36.98 1343.83 9122.25
1683762666 305.09 37.43 1352.64 9987.87
1683762676 302.74 37.74 1302.44 14180.6
1683762686 304.4 37.62 1379.04 7227.82
1683762696 306.14 37.78 1420.84 7748.39
1683762706 305.35 37.91 1371.37 9118.6
1683762716 306.63 37.77 1372.32 10235.5
1683762726 306.65 38.04 1400.39 11476.6
1683762736 310.13 37.89 1320.23 11947.9
1683762746 226.41 38.04 16203.9 5697.47
1683762756 305.45 38.05 1369.65 9682.1
1683762766 307.28 37.91 1366.99 10428
1683762776 305.65 38.08 1371.37 9815.38
1683762786 304.97 37.94 1347.37 10030.4
1683762796 309.26 38.09 1348.15 14495.1
1683762806 300.49 38.08 1411.22 5519.92
1683762816 306.42 38.08 1393.2 8393
1683762826 306.64 38.15 1348.68 11612.9
1683762836 306.92 38.02 1398.63 8213.85
1683762846 303.01 38.08 1390.49 9557.71
1683762856 95.51 38.23 15730.5 13309.8
1683762866 305.52 38.22 16994.2 8827.52
1683762876 307.29 38.09 1369.65 11489.9
1683762886 300.1 38.08 1389.54 6062.02
1683762896 306.11 38.23 1389.15 10722.5
1683762906 309.25 38.23 1344.75 12077.8
1683762916 304.07 38.23 1389.15 6584.11
1683762926 304.26 38.09 1336.42 11722.9
1683762936 299.42 38.23 1360.78 9236.33
1683762946 305.45 38.09 1393.2 7341.11
1683762956 303.21 38.23 1390.88 8993.21
1683762966 307.95 38.23 1364.34 11440.3
1683762976 273.88 38.22 15832.6 9571.4
1683762986 307.22 38.23 1347.76 11857.3
1683762996 304.29 38.23 1373.66 8680.59
1683763006 304.18 38.23 1370.04 8914.01
1683763016 308.96 38.23 1370.98 11050
1683763026 306.56 38.09 1384.17 10273.8
1683763036 304.88 38.23 1397.27 8345.42
1683763046 309.85 38.23 1348.15 12305.6
1683763056 308.18 38.08 1397.27 8159.06
1683763066 305.02 38.23 1381.12 6918.69
1683763076 305.13 38.09 1338.63 12865
1683763086 206.12 38.22 16019.8 10594.2
1683763096 307.44 38.23 1336.04 8504.35
1683763106 308.2 38.09 1348.15 12091.6
1683763116 305.65 38.24 1397.66 6095.91
1683763126 307.4 38.23 1369.65 10805.1
1683763136 307.32 38.24 1375.39 9902.73
1683763146 306.17 38.23 1381.12 10108.7
1683763156 308.27 38.23 1344.75 13898.8
1683763166 299.81 38.23 1338.49 11135.4
1683763176 303.12 38.09 1397.27 5848.34
1683763186 305.75 38.08 1370.98 9942.75
1683763196 267.97 38.23 15468 8995.52
1683763206 303.21 38.23 1346.45 8939.82
1683763216 306.51 38.09 1319.84 11734.2
1683763226 307.71 38.08 1324.88 12904.6
1683763236 304.39 38.22 1398.63 6574.83
1683763246 301.92 38.08 1325.41 8069.03
1683763256 306.6 38.23 1342.53 12503.3
1683763266 303.99 38.2 1370.98 7700.49
1683763276 307.32 38.21 1347.76 11323.2
1683763286 306.52 38.08 1346.45 12372.7
1683763296 146.02 38.21 14379.9 5713.96
1683763306 303.22 38.23 1346.45 9815.38
1683763316 305.35 38.22 1368.32 7643.54
1683763326 302.81 38.08 1343.83 8428.38
1683763336 307.4 38.13 1370.98 11092.1
1683763346 307.17 38.27 1312.58 11186.9
1683763356 307.43 38.13 1358.15 9461.52
1683763366 305.75 38.13 1370.98 8862.71
1683763376 303.6 38.28 1371.37 10056.5
1683763386 304.27 38.14 1366.99 8754.95
1683763396 306.33 38.2 1346.45 11230
1683763406 252.37 38.41 15043.4 9455.01
1683763416 304.84 38.27 1336.42 10968.5
1683763426 306.6 38.41 1366.99 8507.96
1683763436 308.61 38.28 1361.7 12053
1683763446 304.85 38.28 1389.54 8929.84
1683763456 305.57 38.41 1398.63 8345.76
1683763466 306.02 38.27 1342.53 11886.2
1683763476 306.44 38.41 1347.76 10922
1683763486 303.02 38.27 1394.94 6959.92
1683763496 307.93 38.4 1359.07 10262.5
1683763506 121.3 38.39 14346.1 7163.78
1683763516 305.35 38.39 1370.98 12096.2
1683763526 303.99 38.42 1370.98 9351.9
1683763536 308.08 38.28 1346.84 12249.7
1683763546 304.19 38.42 1418.08 6597.86
1683763556 306.11 38.42 1364.73 10167
1683763566 305.76 38.28 1397.27 8825.34
1683763576 305.85 38.42 1347.37 11311.1
1683763586 303.59 38.43 1366.99 9135.15
1683763596 308.87 38.28 1372.32 12851.9
1683763606 301.27 38.41 1396.3 5224.93
1683763616 167.08 38.41 14961.2 11992.2
1683763626 306.42 38.42 1370.04 8743.97
1683763636 303.3 38.41 1391.84 7445.83
1683763646 306.42 38.27 1367.38 10951.5
1683763656 309.36 38.26 1347.37 13160.2
1683763666 304.88 38.41 1395.91 6161.25
1683763676 304.97 38.27 1372.71 9746.2
1683763686 306.15 38.28 1348.68 12261.1
1683763696 303.51 38.4 1423.61 5715.12
1683763706 306.79 38.28 1342.14 13495.1
1683763716 310.35 38.42 1374.44 12236.5
1683763726 187.04 38.42 15286.9 6191.42
1683763736 308.01 38.42 1398.63 9744
1683763746 306.26 38.28 1355.53 8976.32
1683763756 305.45 38.42 1370.98 9048.88
1683763766 302.16 38.28 1375.39 9167.97
1683763776 310.53 38.42 1348.68 12885.1
1683763786 305.23 38.27 1388.96 9972.89
1683763796 306.51 38.28 1394.55 8979.77
1683763806 307.02 38.42 1373.66 9941.07
1683763816 303.98 38.28 1394.55 8679.38
1683763826 308.19 38.28 1373.66 9981.66
1683763836 153.35 38.41 15470.2 9773.37
1683763846 304.38 38.42 1342.53 10485.4
1683763856 306.33 38.42 1393.59 10051.7
1683763866 303.22 38.28 1398.63 6949.85
1683763876 304.17 38.42 1339.92 9764.34
1683763886 306.52 38.41 1345.14 12080.9
1683763896 301.75 38.28 1363.02 6027.11
1683763906 307.3 38.42 1345.14 12707.8
1683763916 304.27 38.42 1390.49 7542.97
1683763926 307.89 38.41 1371.37 10689.8
1683763936 304.37 38.28 1369.65 8845.91
1683763946 306.65 38.28 1376.73 9743.89
1683763956 250.39 38.41 16513.4 8683.11
1683763966 309.08 38.42 1323.71 12629.9
1683763976 304.87 38.28 1373.66 6352.78
1683763986 305.56 38.42 1347.37 10786.7
1683763996 304.98 38.42 1347.76 9432.36
1683764006 303.7 38.42 1368.32 8363.46
1683764016 305.56 38.28 1349.07 9131.32
1683764026 312.69 38.42 1350 13721.1
1683764036 310 38.28 1391.84 9599.61
1683764047 304.89 38.27 1373.56 6955.17
1683764056 112.14 38.41 14317.7 10148.7
1683764067 305.92 38.42 1342.14 9473.01
1683764076 304.2 38.41 1372.32 9392.59
1683764087 310.5 38.28 1318.95 13750.4
1683764096 306.05 38.42 1372.32 5610.92
1683764106 308.39 38.41 1348.68 10506.5
1683764117 306.91 38.28 1370.04 8712.06
1683764126 306.72 38.41 1395.91 8845.18
1683764137 305.5 38.42 1385.51 8769.86
1683764146 311.71 38.41 1323.71 14890.5
1683764157 303.51 38.27 1331 5942.08
1683764167 300.29 38.42 14854.1 8062.65
1683764177 301.45 38.42 1359.07 9196.53
1683764187 309.15 38.27 1346.06 11785.8
1683764197 302.83 38.28 1370.98 7716.07
1683764207 311.89 38.42 1321.91 14573.3
1683764217 307.03 38.42 1397.27 6957.5
1683764227 307.25 38.28 1392.37 8200
1683764237 309.66 38.42 1398.63 9685.85
1683764247 304.97 38.42 1368.71 8819.44
1683764257 308.36 38.42 1368.32 10604.5
1683764267 308.49 38.42 1373.66 9342.44
1683764277 283.52 38.42 16175.7 10374
1683764287 305.46 38.42 1395.91 7837.59
1683764297 306.23 38.42 1370.04 9049.81
1683764307 308.18 38.41 1402.54 11339
1683764317 308.38 38.4 1435.25 8860.37
1683764327 307.68 38.4 1369.65 8633.46
1683764337 310.29 38.27 1360 12749.1
1683764347 311.11 38.4 1372.71 11108.4
1683764357 303.56 38.31 1381.12 6115.22
1683764367 307.38 38.44 1388.94 9359.07
1683764377 310.29 38.45 1408.93 9313.4
1683764387 229.24 38.43 16309.9 10969.6
1683764397 309.46 38.44 1323.71 10965.1
1683764407 306.02 38.31 1391.84 6885.05
1683764417 303.58 38.31 1339.92 9305.81
1683764427 304.77 38.31 1322.42 10042.9
1683764437 306.54 38.44 1397.66 9899.81
1683764447 310.83 38.3 1398.63 10557.3
1683764457 313.43 38.44 1346.45 13828.6
1683764467 306.93 38.31 1423.61 6635.32
1683764477 306.94 38.44 1375.39 9371.48
1683764487 307.89 38.31 1371.37 9869.13
1683764497 126.27 38.44 15657.2 10323.7
1683764507 307.71 38.43 1347.76 11125.5
1683764517 309.44 38.44 1346.06 11769
1683764527 305.15 38.31 1394.55 6400.78
1683764537 307.76 38.3 1391.84 9270.29
1683764547 311.17 38.44 1367.38 11706
1683764557 305.93 38.31 1391.84 7554.17
1683764567 307.6 38.31 1370.98 10130.5
1683764577 310.59 38.44 1341.99 13039.4
1683764587 307.56 38.44 1415.32 6699.9
1683764597 308.26 38.31 1370.04 8304.28
1683764607 94.35 38.43 15156.8 9393.18
1683764617 306.91 38.44 1370.04 10833.1
1683764627 305.46 38.44 1372.32 9270.18
1683764637 309.9 38.43 1318.56 13635.8
1683764647 303.61 38.31 1424 5706.93
1683764657 307.71 38.44 1373.66 9774.44
1683764667 306.54 38.44 1399.02 8973.27
1683764677 306.11 38.31 1391.84 9296.7
1683764687 307.21 38.44 1372.71 9887.72
1683764697 308.66 38.31 1370.98 11514.7
1683764707 310.3 38.44 1343.83 12162.5
1683764717 138.86 38.43 14959.3 7283.74
1683764727 304.66 38.44 1369.65 9530.74
1683764737 309.82 38.31 1370.04 9422.96
1683764747 305.06 38.44 1370.98 8412.07
1683764757 310.6 38.31 1368.71 10473.1
1683764767 311.54 38.44 1350.39 11023
1683764777 306.99 38.3 1393.59 8998.64
1683764787 307.2 38.44 1369.65 9847.86
1683764797 307.61 38.45 1397.27 9046.39
1683764807 306.42 38.3 1370.04 10973.5
1683764817 304.66 38.44 1365.66 9497.96
1683764827 111.89 38.44 15220.6 13367.5
1683764837 306.3 38.44 1415.32 5710.96
1683764847 307.41 38.31 1372.71 11164.5
1683764857 305.46 38.31 1372.32 8770.76
1683764867 308.59 38.44 1399.02 8483.12
1683764877 305.85 38.44 1395.91 9820.45
1683764887 312.37 38.44 1346.06 13824.7
1683764897 307.22 38.31 1400.39 9308.98
1683764907 305.55 38.45 1416.7 7688.93
1683764917 306.13 38.31 1394.94 9342.41
1683764927 307.51 38.44 1373.66 11131.7
1683764937 156.41 38.37 14612.8 4649.32
1683764947 292.27 38.45 330.43 6216.04
1683764957 196.3 38.34 229.41 182.28

Execution duration: 00:57:12.12
