1683875176 278.39 2.77 5843.42 12923.9
1683875186 298.81 3.55 5651.19 22929
1683875196 296.93 4.46 5625.8 21855.2
1683875206 289.82 5.3 5469.84 20769.5
1683875216 300.79 5.86 5582.16 22225.6
1683875226 266.2 6.86 4881.18 23402.2
1683875236 295.35 7.01 5672.41 17302.9
1683875246 298.11 8.21 5594.85 21323.7
1683875256 302.96 9.07 5579.88 23057.2
1683875266 262.2 9.43 4938.97 18500.4
1683875276 301.19 10.36 5608.7 21909
1683875286 299.4 11.41 5356.68 26232.2
1683875296 293.86 11.75 5594.85 16355.6
1683875306 297.04 12.69 5679.45 20345.1
1683875316 301.48 13.34 5545.8 20735.5
1683875326 302.07 14.29 5552.97 23585
1683875336 296.55 15.27 5642.99 19333.3
1683875346 270.68 15.76 4953.6 21426.3
1683875356 297.83 16.43 5560.51 19314.9
1683875366 298.02 16.91 5529.38 20812.6
1683875376 289.88 18.23 5243.61 22964.2
1683875386 296.26 18.91 5606.69 22420.5
1683875396 296.15 19.44 5534.84 19454.7
1683875406 304.23 20.71 5513.07 23179.5
1683875416 281 20.8 5229.53 17860.6
1683875426 301.96 21.61 5556.3 23302
1683875436 296.46 22.71 5586.99 20193.1
1683875446 297.84 23.25 5574.38 21819.9
1683875456 301.58 24.08 5492.12 22278
1683875466 294.29 25.17 5614.57 18396.8
1683875476 266.27 25.24 4733.53 20705.2
1683875486 300.09 25.84 5681.89 18296.1
1683875496 304.42 27.01 5607.86 22301.8
1683875506 298.73 27.83 5477.13 19357
1683875516 282.86 28.29 5196.06 20931.6
1683875526 296.18 29.41 5484.31 19681.6
1683875536 291.73 29.77 5146.8 24134.4
1683875546 296.19 30.8 5644.88 19898.9
1683875556 295.6 31.34 5355.62 19724.7
1683875566 301.58 32.4 5493.3 20949.2
1683875576 282.04 32.9 5263.59 20770.6
1683875586 302.55 33.73 5595.67 20565.4
1683875596 291.95 34.52 5131.24 24578
1683875606 296.36 34.8 5500.49 18086.5
1683875616 299.8 35.88 5505.77 20232.3
1683875626 298.63 36.42 5496.86 21079.6
1683875636 295.2 37.51 5466.01 22034.1
1683875646 280.41 38.06 5015.08 20080.3
1683875656 304.02 38.69 5360.86 25293.5
1683875666 293.05 38.4 5593.35 16372.2
1683875676 299.41 38.54 5441.33 21815.1
1683875686 298.14 38.83 5520 19326
1683875696 305.09 38.82 5418.18 24725.3
1683875706 295.99 39.12 5550.39 15410.9
1683875716 295.01 38.84 5072.8 25511.5
1683875726 299.32 39.08 5312.34 22794.2
1683875736 301.27 38.83 5555.82 15849.9
1683875746 306.55 38.82 5443.21 21752.1
1683875756 296.48 39.09 5511.15 23123.3
1683875766 304.38 38.82 5411.47 23150.6
1683875776 297.26 39.1 5598.82 17728.8
1683875786 285.51 38.82 5091.09 22502.2
1683875796 300.97 38.8 5535.81 20937
1683875806 296.18 39.14 5541.62 17243.1
1683875816 300.88 38.84 5418.18 22357.4
1683875826 298.73 38.84 5466.4 20851.3
1683875836 300.98 39.12 5643.4 21712.6
1683875846 269.3 38.84 4729.62 23892.9
1683875856 295.92 39.14 5434.47 16310.4
1683875866 303.82 38.93 5491.48 23979.2
1683875876 304.78 38.96 5587.89 20644.9
1683875886 289.11 39.25 5379.38 18537.7
1683875896 300.29 39.23 5523.68 22067.3
1683875906 294.81 38.97 5229.78 22298.9
1683875916 301.37 38.95 5473.58 21812.1
1683875926 295.21 38.94 5662.89 18946.1
1683875936 302.16 39.22 5466.4 18965.3
1683875946 296.98 39.24 5268.03 23176.5
1683875956 298.63 38.91 5525.39 18133.6
1683875966 301.66 39.24 5169.11 26963.8
1683875976 302.15 38.96 5423.48 19871.2
1683875986 291.42 39.22 5501.75 17273.3
1683875996 304.9 38.94 5554.16 22994.7
1683876007 302.52 39.24 5491.4 21181.5
1683876016 303.13 38.94 5368.13 25498.7
1683876026 304.21 38.96 5504.4 24997.8
1683876036 273.42 39.25 4974.1 16654.7
1683876046 300 38.98 5574.17 20183.2
1683876056 305.38 39.24 5687.89 20141
1683876066 305.56 38.95 5457.56 23674.5
1683876076 273.29 39.26 4960.08 18049.3
1683876086 306.74 39.02 5455.72 23861.6
1683876096 292.07 39.31 5254.07 19505.2
1683876106 300.49 39.05 5498.63 20611.3
1683876117 294.73 39 5544.98 18247.4
1683876126 304.8 39.33 5591.77 22536
1683876136 303.72 39.03 5491.48 20333
1683876147 276.7 39.34 5020.97 19916.1
1683876157 307.5 39.01 5434.47 26028
1683876167 295.22 38.95 5568.33 16484.1
1683876177 304.6 39.31 5480.74 22343.7
1683876187 295.5 38.98 5298.24 23465
1683876197 297.96 39.32 5544.98 15875.9
1683876207 303.71 39.29 5555.82 24364.8
1683876217 276.26 39.26 4777.97 22196.8
1683876227 299.21 39.02 5611.35 16149.5
1683876237 307.91 39.12 5382.63 24130.3
1683876247 302.83 39.41 5358.68 22507.2
1683876257 292.84 39.09 5514.81 15031.9
1683876267 302.24 39.4 5520 22762.5
1683876277 302.45 39.11 5224.27 25204.3
1683876287 296 39.42 5539.18 15525.1
1683876297 299.71 39.39 5541.62 22869.3
1683876307 300.29 39.1 5482.54 18938.1
1683876317 303.8 39.11 5495.02 23037.7
1683876327 297.95 39.13 5552.05 22159.8
1683876337 286.4 39.42 5060.66 20089.2
1683876347 300.1 39.12 5391.78 21891.9
1683876357 305.16 39.38 5528.79 21728
1683876367 299.22 39.14 5461.06 20042.3
1683876377 293.16 39.42 5330.6 19840.5
1683876387 301.76 39.1 5454.26 23160
1683876397 302.45 39.41 5537.89 19822.7
1683876407 269.08 39.14 4788.65 21688.8
1683876417 296.01 39.43 5607.02 16870.2
1683876427 301.18 39.24 5355.62 22880.9
1683876437 299.02 39.24 5346.27 22727.5
1683876447 299.7 39.53 5618.38 18542.7
1683876457 273.6 39.24 4803.09 21630.2
1683876467 307.14 39.53 5424.22 22902.7
1683876477 301.47 39.2 5573.78 18876.7
1683876487 300.68 39.48 5315.96 22706.8
1683876497 279.59 39.34 5287.89 15316.4
1683876507 301.86 39.3 5423.48 22331.9
1683876517 301.74 39.63 5484.34 20155.1
1683876527 274.34 39.56 4772.18 24184.1
1683876537 295.77 39.32 5651.52 16319.4
1683876547 299.51 39.32 5534.18 20983.5
1683876557 300.1 39.55 5487.89 18670.7
1683876567 302.25 39.27 5423.48 22763.2
1683876577 301.07 39.31 5518.28 21333.3
1683876587 301.66 39.62 5447.03 20506.2
1683876597 274.59 39.32 4879.84 24090
1683876607 294.64 39.61 5502.14 19537.6
1683876617 294.52 39.32 5342.72 18428.5
1683876627 302.35 39.31 5516.55 20119.1
1683876637 297.56 39.59 5505.77 19621.9
1683876647 297.84 39.29 5561.25 23640.7
1683876657 112.76 38.99 787583 17045.4

Execution duration: 00:24:52.52
