1683787413 303.79 1.71 1568.96 4906.27
1683787423 308.53 1.97 1408.34 9897.22
1683787433 306.16 2.68 1399.4 10366.6
1683787443 310.42 3.19 1395.44 10928.8
1683787453 301.68 3.28 1384.4 11020.3
1683787463 305.15 3.22 1394.06 8471.68
1683787473 308.68 3.95 1415.59 9849.16
1683787483 308.68 4.21 1412.41 9813.99
1683787493 310.2 4.64 1419.41 9723.96
1683787503 161.09 4.92 15173.5 9279.76
1683787513 310.18 5.34 1368.55 13388.3
1683787523 306.74 5.43 1445.54 6140.2
1683787533 310.38 5.75 1443.32 9575.47
1683787543 310.6 5.94 1420.2 10869.7
1683787553 308.51 6.69 1391.3 10847.4
1683787563 309.01 6.67 1444.75 8945.74
1683787573 314.43 7.01 1392.09 14318.2
1683787583 305.83 7.32 1441.9 5612.65
1683787593 305.3 7.41 1381.75 9742.89
1683787603 139.17 8.03 14524.6 9567.17
1683787613 309.77 8.4 1440.86 9718.07
1683787623 307.91 8.64 1392.68 10570.5
1683787633 307.73 9.07 1351.71 14061.4
1683787643 307.59 8.94 1412.41 6003.15
1683787653 309.49 9.63 1391.7 12110.3
1683787663 308.61 9.79 1418 9433.83
1683787673 310.27 10.03 1440.86 8054.49
1683787683 307.69 10.6 1439.05 8293.89
1683787693 316.28 10.79 1428.23 17021.9
1683787703 306.7 11.18 1439.44 5585.8
1683787713 144.09 11.51 15711.6 10223.7
1683787723 306.04 11.78 1418.4 9136.3
1683787733 307.11 12.18 1415.2 9278.18
1683787743 307.98 12.49 1388.95 8677.32
1683787753 314.5 12.95 1376.32 16173.2
1683787763 306.71 13.07 1390.72 7344.92
1683787773 308.09 13.29 1439.44 7732.15
1683787783 308.16 13.47 1384.46 10317.4
1683787793 307.6 13.97 1439.44 8286.79
1683787803 308.67 14.22 1387.19 11322.2
1683787813 309.97 14.6 1415.59 9530.5
1683787823 129.56 15.02 15681.2 11041.6
1683787833 306.02 15.18 1414.2 6743.98
1683787843 312.61 15.41 1387.19 11365.9
1683787853 307.6 15.93 1389.93 6886.87
1683787863 312.04 16.42 1388.95 11439.8
1683787873 309.97 16.9 1363.31 11451.3
1683787883 310.24 16.92 1386.62 10307.5
1683787893 307.1 17.22 1412.41 7435.67
1683787903 309.45 17.62 1411.41 11063
1683787913 308.66 17.66 1412.41 7669.36
1683787923 309.36 18.36 1412.8 11388.8
1683787933 308.77 18.48 1387.19 9276.06
1683787943 273.35 18.89 16827.1 12118.8
1683787953 305.42 18.94 1414.2 6538.46
1683787963 310.71 19.15 1383.1 10207.9
1683787973 308.56 19.78 1384.85 8706.39
1683787983 309.24 20.1 1409.64 9107.57
1683787993 308.86 20.48 1386.22 10366.5
1683788003 311.97 20.58 1382.14 13385.7
1683788013 304.72 21 1411.41 6930.31
1683788023 307.77 21.33 1384.46 8411.41
1683788033 306.88 21.49 1409.64 10811.8
1683788043 307.84 22.25 1404.5 10256.2
1683788053 156.15 22.54 16353.2 8910.52
1683788063 312.78 22.81 1385.25 13847.4
1683788073 305.59 22.93 1381.75 6335.62
1683788083 308.55 23.23 1408.64 9607.47
1683788093 309.92 23.49 1383.1 11615.7
1683788103 309.19 24.08 1401.37 7351.71
1683788113 308.04 24.41 1380.78 11331
1683788123 311.15 24.4 1353.42 13661.8
1683788133 305.09 24.72 1430.59 6145.1
1683788143 311.78 25.3 1381.75 11258.1
1683788153 304.03 25.17 1430.98 7162.75
1683788163 310.21 25.95 1362.28 10707.7
1683788173 301.57 26.35 16862.2 9970.64
1683788183 312.87 26.71 1358.35 13018.5
1683788193 303.04 26.57 1379.04 5277.57
1683788203 309.24 27.1 1383.49 9435.36
1683788213 309 27.67 1351.32 11479.6
1683788223 304.31 27.54 1403.13 7176.13
1683788233 308.15 28.4 1383.1 10452.6
1683788243 311.57 28.59 1355.15 14832.1
1683788253 306.66 28.48 1402.74 5416.44
1683788263 304.31 28.91 1403.13 7388.65
1683788273 255.1 29.43 15035.3 11749.4
1683788283 307.82 29.86 1376.34 9099.12
1683788293 306.96 30.19 1404.5 10365.9
1683788303 310.11 30.61 1355.29 12341.6
1683788313 308.71 30.42 1428.18 9005.48
1683788323 309.2 30.98 1404.11 8132.42
1683788333 306.08 31.34 1355.68 11658.8
1683788343 303.75 31.64 1381.12 7793.45
1683788353 310.46 32.1 1401.37 11708.3
1683788363 307.11 32.48 1421.23 8426.1
1683788373 302.25 32.36 1326.3 11682.1
1683788383 212.53 32.93 16140.5 7771.43
1683788393 307.51 33.23 1373.66 8927.22
1683788403 304.09 33.36 1372.71 9386.74
1683788413 308.29 34.21 1348.68 11506.7
1683788423 303.42 34.46 1375 7996.48
1683788433 308.5 34.56 1352.1 12577.1
1683788443 303.32 34.43 1400 5848.44
1683788453 307.93 35.16 1376.73 11221.5
1683788463 308.37 35.17 1393.2 8930.22
1683788473 311.22 35.89 1399.02 9994.15
1683788483 309.18 36.2 1375 10202
1683788493 202.42 36.59 15603.9 13822.7
1683788503 304.28 36.68 1395.91 7028.63
1683788513 309.38 37.16 1376.34 11343.5
1683788523 308.68 37.57 1372.71 8498.25
1683788533 307.81 37.81 1400 9301.95
1683788544 308.58 37.89 1370.98 9702.04
1683788554 309.91 37.96 1342.53 13810.5
1683788563 305.56 37.69 1399.02 5631.22
1683788573 311.71 38.18 1398.63 11543.8
1683788584 308.18 37.91 1396.3 9166.5
1683788594 308.49 38.18 1398.63 9871.61
1683788604 149.11 38.19 15679.5 8462.38
1683788614 311.02 38.18 1348.15 14339.6
1683788624 305.08 38.19 1423.61 5656.2
1683788634 310.65 38.25 1400 10917.6
1683788644 306.62 38.25 1395.91 10175.3
1683788654 306.1 38.25 1390.88 7407.18
1683788664 307.41 37.98 1373.66 14552.6
1683788674 305.12 38.25 1336.62 10479.3
1683788684 305.06 38.25 1419.85 8350.97
1683788694 304.78 37.98 1395.91 7523.27
1683788704 306.32 38.25 1393.59 9797.47
1683788714 308.58 37.98 1398.63 10116.7
1683788724 263.1 38.24 16851.9 8539.84
1683788734 308.59 38.26 1325.39 14071.5
1683788744 307.42 38.26 1399.02 6040.98
1683788754 305.84 38.25 1370.98 7078.09
1683788764 308.2 38.26 1376.34 9815.44
1683788774 307.33 38.26 1375.39 10339.1
1683788784 311.22 38.26 1373.66 11862.2
1683788794 307.4 38.26 1371.37 10130.5
1683788804 307.49 37.99 1376.59 10572.4
1683788814 306.55 38.25 1425.39 8529.69
1683788824 306.78 37.99 1389.15 8316.67
1683788834 253.95 38.25 16028.5 9990.24
1683788844 304.65 38.11 1312.58 12255.3
1683788854 309.78 38.4 1426.39 8303.42
1683788864 309.82 38.41 1370.82 12682.5
1683788874 305.54 38.4 1391.84 6327.77
1683788884 309.26 38.4 1372.71 12085.8
1683788894 307.31 38.4 1397.27 8306.04
1683788904 307.8 38.4 1396.3 9081.6
1683788914 306.62 38.13 1372.32 10757.5
1683788924 311.8 38.4 1347.76 13800
1683788934 305.92 38.13 1390.88 6632.4
1683788944 196.98 38.52 15935.7 11471.9
1683788954 306.52 38.52 1371.37 8869.72
1683788964 307.6 38.52 1397.27 8902.53
1683788974 309.56 38.52 1349.07 12838.6
1683788984 310.84 38.26 1376.17 10473.8
1683788994 306.33 38.53 1422.22 5595.71
1683789004 310.31 38.26 1370.04 13475.1
1683789014 304.57 38.53 1395.91 7223.37
1683789024 308.17 38.53 1368.71 9424.68
1683789034 306.53 38.26 1397.27 9323.59
1683789044 309.83 38.53 1347.62 14256.7
1683789054 278.05 38.52 15573.1 5296.78
1683789064 309.18 38.54 1401.76 9924.93
1683789074 311.02 38.26 1348.68 11887.2
1683789084 306.62 38.53 1369.65 10157.6
1683789094 306.92 38.53 1354.23 9950.77
1683789104 311.03 38.26 1336.94 13296.3
1683789114 305.28 38.25 1425.39 6166.02
1683789124 307.27 38.53 1363.02 11149.3
1683789134 307.51 38.26 1399.02 8422.63
1683789144 307.38 38.54 1366.99 9942.91
1683789154 204.98 38.53 14802.3 10298.5
1683789164 311.82 38.53 1350.78 13938.3
1683789174 307.33 38.54 1425 6140.23
1683789184 308.28 38.53 1371.37 9191.04
1683789194 309.85 38.26 1372.32 9248.34
1683789204 306.63 38.54 1374.05 10027.3
1683789214 312.42 38.53 1375 10919.9
1683789224 311.48 38.54 1322.3 14896.6
1683789234 305.04 38.26 1418.08 5529.25
1683789244 311.12 38.52 1373.66 9526.63
1683789254 107.44 38.52 14231.1 8956.79
1683789264 307.36 38.52 1336.94 10902.1
1683789274 307.23 38.53 1376.73 11880
1683789284 306.49 38.52 1364.34 8243.02
1683789294 309.35 38.26 1346.45 11256.5
1683789304 305.96 38.53 1397.27 8240.55
1683789314 308.97 38.26 1348.68 8301.27
1683789324 309.92 38.53 1368.71 10844.7
1683789334 308.96 38.53 1346.06 9654.53
1683789344 306.83 38.53 1371.37 7013.83
1683789354 311.72 38.25 1376.17 14064.5
1683789364 192.21 38.53 14948.4 7850.44
1683789374 310.93 38.53 1373.66 10600.6
1683789384 307.83 38.26 1361.7 10309.5
1683789394 308.11 38.53 1400 8414.06
1683789404 308.39 38.26 1372.32 11054.6
1683789414 311.8 38.53 1349.46 11491.1
1683789424 304.86 38.26 1420.84 6297.57
1683789434 307.9 38.53 1374.05 10770
1683789444 309.36 38.53 1372.32 10840.5
1683789454 309.06 38.26 1397.66 7157.89
1683789464 307.33 38.26 1400 9852.73
1683789474 269.45 38.52 15544.8 13772.8
1683789484 306.44 38.26 1424 6662.24
1683789494 310.91 38.25 1370.98 11632.3
1683789504 307.7 38.53 1378.46 7336.92
1683789514 309.72 38.53 1344.75 11922.2
1683789524 307.9 38.53 1398.63 7966.44
1683789534 306.73 38.53 1323.71 13816.2
1683789544 307.2 38.53 1394.55 6080.93
1683789554 309.27 38.53 1399.02 9349.07
1683789564 310.07 38.25 1350 11639.8
1683789574 306.61 38.26 1336.97 6549.42
1683789584 299.22 38.53 15879.8 11622.2
1683789594 310.57 38.53 1352.1 12723.4
1683789604 305.18 38.53 1375 5771.09
1683789614 306.13 38.53 1346.45 9539.24
1683789624 305.24 38.53 1366.99 10203.1
1683789634 305.36 38.26 1372.32 9004.29
1683789644 308.31 38.53 1375.39 11159.4
1683789654 311.42 38.52 1350 13098.8
1683789664 302.14 38.54 1394.94 5924.9
1683789674 307.03 38.26 1373.66 8544.78
1683789684 303.42 38.53 1349.07 8312.98
1683789694 238.7 38.53 16063.9 9999.22
1683789704 306.34 38.53 1397.27 8376.61
1683789714 306.52 38.26 1346.06 11920.2
1683789724 310.73 38.52 1373.49 11287.7
1683789734 305.28 38.53 1398.63 7916.88
1683789744 308.1 38.51 1373.66 10652.5
1683789754 308.67 38.24 1396.3 11881.6
1683789764 307.92 38.51 1407.14 6963.93
1683789774 306.72 38.24 1395.91 9103.41
1683789784 309.74 38.51 1372.54 13050.4
1683789794 306.9 38.24 1393.2 8024.88
1683789804 149.89 38.51 15923.3 8942.8
1683789814 308.86 38.5 1346.06 12700.7
1683789824 305.46 38.51 1397.66 7623.78
1683789834 307.36 38.51 1363.02 9048.6
1683789844 310.93 38.25 1323.71 13154
1683789854 304.69 38.51 1400.39 6076.56
1683789864 307.8 38.52 1373.66 10411.7
1683789874 309.46 38.52 1373.66 8561.17
1683789884 309.07 38.52 1398.63 9050.15
1683789894 310.62 38.25 1371.37 12616.2
1683789904 308.39 38.52 1373.66 11552.8
1683789914 250.64 38.52 15232.3 5556.77
1683789924 308.56 38.53 1344.75 11365
1683789934 306.03 38.53 1369.65 7315.56
1683789944 307.77 38.51 1318.56 11846.5
1683789954 308.49 38.25 1375 7349.61
1683789964 312.21 38.52 1315.12 13684.5
1683789974 304.19 38.51 1393.2 6253.45
1683789984 306.25 38.52 1400.39 8451.95
1683789994 308.4 38.25 1376.34 9943.7
1683790004 307.71 38.52 1372.32 10593
1683790014 235.06 38.52 14470.1 7882.38
1683790024 311.15 38.53 1327.08 14733.5
1683790034 304.57 38.26 1370.04 5866.93
1683790044 308.73 38.52 1342.14 11404.7
1683790054 306.53 38.26 1397.66 7208.97
1683790064 310.79 38.53 1368.32 11764.4
1683790074 309.18 38.53 1424 8787.12
1683790084 311.4 38.53 1347.76 13535.7
1683790094 303.21 38.25 1418.08 5625.66
1683790104 306.9 38.53 1368.71 9939.75
1683790114 301.37 38.26 1370.98 8210.32
1683790124 231.06 38.52 15750.7 9123.66
1683790134 306.83 38.53 1408.78 10082
1683790144 308.76 38.53 1362.65 11970.8
1683790155 306.96 38.53 1388.99 8820.48
1683790164 305.94 38.26 1395.91 7155.6
1683790174 307.79 38.53 1397.66 10746.6
1683790184 308.79 38.53 1438.83 9623.8
1683790194 305.84 38.53 1441.48 10154.2
1683790204 306.63 38.26 1373.66 11217.6
1683790214 309.72 38.53 1369.1 9999.22
1683790225 305.25 38.25 1391.84 7820.19
1683790234 196.49 38.53 15972.3 10443.7
1683790244 307.32 38.53 1398.63 7016.59
1683790254 308.28 38.53 1372.32 10971.9
1683790264 310.05 38.53 1347.76 12271
1683790275 301.07 38.27 1317.67 9570.87
1683790284 309.78 38.53 1401.76 7486.61
1683790294 308.88 38.53 1397.27 10752.4
1683790304 307.9 38.53 1422.61 8329.04
1683790314 308.29 38.53 1397.27 9455.75
1683790325 306.2 38.52 1389.15 9593.02
1683790335 314.63 38.26 1348.15 13368.4
1683790345 110.98 38.52 15672.3 5762.1
1683790355 310.42 38.53 1372.71 11854.6
1683790365 303.91 38.53 1397.27 6546.98
1683790375 307.98 38.52 1370.04 10835
1683790385 307.6 38.26 1370.98 9540.02
1683790395 311.84 38.53 1342.14 13003.9
1683790405 306.24 38.26 1425.39 8987.11
1683790415 309.32 38.53 1365.66 10320.9
1683790425 308.18 38.53 1395.91 10529.3
1683790435 303.69 38.26 1366.99 6398.83
1683790445 311.89 38.53 1397.66 11805.9
1683790455 310.24 38.26 1347.76 12198.8
1683790465 289.37 38.53 16460.1 5725.66
1683790475 307.4 38.53 1373.66 10829.7
1683790485 308.55 38.53 1390.49 9121.24
1683790495 308.59 38.53 1372.32 8411.31
1683790505 305.83 38.53 1366.99 10075.3
1683790515 312.95 38.26 1346.84 14852.6
1683790525 305.45 38.25 1441.55 5495.15
1683790535 309.95 38.53 1397.66 10735.3
1683790545 303.38 38.26 1382.45 8802.31
1683790555 308.11 38.53 1398.63 9331.9
1683790565 137.52 38.54 14899.4 10231.6
1683790575 309.83 38.54 1344.75 13063.4
1683790585 304.37 38.52 1391.65 7743.94
1683790595 308.15 38.53 1340.83 10955.6
1683790605 308.19 38.53 1404.81 8144.75
1683790615 309.07 38.52 1398.63 9485.27
1683790625 304.67 38.26 1396.3 8689
1683790635 308.44 38.26 1366.99 8993.79
1683790645 311.12 38.53 1347.76 12330.2
1683790655 307.49 38.53 1393.2 8609.14
1683790665 307.86 38.53 1365.66 9380.8
1683790675 88.84 38.53 15101.4 8512.62
1683790685 306.73 38.53 16523.3 9259.71
1683790695 307.87 38.53 1342.53 11982.1
1683790705 308.76 38.53 1370.98 10232.1
1683790715 305.07 38.53 1398.63 8111.22
1683790725 306.88 38.52 1367.38 10371.6
1683790735 308.08 38.26 1395.91 8692.89
1683790745 305.45 38.54 1393.59 9522.64
1683790755 311.02 38.53 1373.66 11441.6
1683790765 312.47 38.26 1371.37 12042.8
1683790775 308.29 38.53 1397.27 7541.91
1683790785 146.93 38.52 14635.2 6265.24
1683790795 288.47 38.54 331.01 4541.48
1683790805 220.78 38.44 263.41 181.46

Execution duration: 00:56:43.43
