1683805571 281.18 2.74 5858.96 13924.7
1683805581 299.01 3.58 5720.36 21047.5
1683805591 301.29 4.44 5682.23 22655.4
1683805601 281.54 5.1 5168.65 21808.7
1683805611 296.73 6.08 5601.58 19691.1
1683805621 284.04 6.46 5203.17 24282.3
1683805631 299.11 7.24 5690.7 18840.4
1683805641 302.48 7.85 5723.05 20663.1
1683805651 299.71 8.96 5569.48 20647
1683805661 300 9.49 5609.1 20517.9
1683805671 278.48 10.51 5054.68 21395.1
1683805681 296.36 11.27 5335.56 26888.3
1683805691 297.83 11.47 5692.1 17215
1683805701 301.18 12.67 5522.21 22952
1683805711 305.93 13.35 5621.76 23109.8
1683805721 297.54 14.26 5599.6 17893.6
1683805731 300.29 14.84 5679.45 21096.1
1683805741 292.13 15.54 5173.25 25480.4
1683805751 295.46 16.27 5603.56 18259.7
1683805761 295.76 16.75 5529.38 18895.1
1683805771 300.99 17.81 5605.12 21339.2
1683805781 284.05 18.22 5178.34 19469.3
1683805791 304.74 19.55 5579.88 24321.1
1683805801 306.41 20.12 5516.76 25750.7
1683805811 267.19 20.41 5069.95 13924.7
1683805821 303.85 21.69 5536.55 23559
1683805831 294.89 22.33 5606.69 20776.8
1683805841 305.52 23.34 5555.91 21011.4
1683805851 282.16 23.65 5259.11 18179.3
1683805861 302.55 24.91 5496.95 23738
1683805871 290.86 25.04 5475.72 20654.5
1683805881 300.88 25.76 5627.87 20445.1
1683805891 305.31 26.9 5557.95 21325
1683805901 296.48 27.41 5468.23 21219.5
1683805912 301.25 28.28 5503.77 19740.7
1683805921 290.19 29.3 5358.82 21355.7
1683805931 305.2 29.52 5458.15 22314.7
1683805941 293.92 30.34 5509.41 17866.7
1683805951 300.78 30.85 5424.97 21469
1683805961 301.87 32.04 5590.18 20736.8
1683805971 298.83 32.89 5371.37 21510.2
1683805982 288.92 33.49 5358.82 20889.4
1683805991 284.06 34.13 5077.96 22142.5
1683806002 297.75 34.36 5443.21 18385.9
1683806012 301.46 35.26 5423.48 22636.8
1683806022 284.72 36.29 5328.5 18795.3
1683806032 305.19 36.88 5504.01 22871.7
1683806042 297.94 37.98 5496.86 19597.2
1683806052 287.87 38.13 4897.84 25588.3
1683806062 289.91 38.19 5634.51 17077.2
1683806072 300.01 38.64 5489.3 21472.4
1683806082 299.81 38.44 5466.01 21170.6
1683806092 302.74 38.7 5491.09 22350.2
1683806102 300.49 38.39 5507.12 19038
1683806112 307.34 39.03 5448.14 26958.9
1683806122 265.53 38.73 4950 14973
1683806132 302.54 39 5519.61 21552
1683806142 302.93 38.73 5532.1 20821.8
1683806152 302.54 38.73 5425 22050
1683806162 281.7 38.85 5135.03 18429.7
1683806172 301.36 39.11 5523.03 19343.8
1683806182 306.74 39.13 5444.68 24770
1683806192 294.77 38.84 5499.9 18661.1
1683806202 298.83 38.85 5579.81 22039.6
1683806212 306.65 39.11 5473.19 23498.6
1683806222 299.03 38.85 5485.71 18182.4
1683806232 296.6 38.82 5448.4 20645.3
1683806242 298.73 39.09 5350.39 21677
1683806252 305.86 38.85 5530.4 22820.3
1683806262 298.65 39.1 5496.32 17671.6
1683806272 303.52 38.89 5519.61 24388.3
1683806282 301.37 38.9 5585.91 21382
1683806292 305.44 39.14 5418.25 22803.9
1683806302 268.88 38.86 4922.11 19217.2
1683806312 303.23 39.18 5630.5 18463.3
1683806322 301.53 38.88 5344.52 22634.9
1683806332 296.9 38.91 5476.86 17586.8
1683806342 304.31 39.22 5473.19 22568.3
1683806352 307.25 38.92 5466.01 25035.5
1683806362 267.12 39.22 4594.55 24395.7
1683806372 289.67 38.94 5669.29 16239.8
1683806382 303.63 39.2 5448.14 20154.2
1683806392 304.48 39.2 5451.85 22419.9
1683806402 295.12 38.88 5432.2 18200.2
1683806412 300.49 38.94 5475 20798.8
1683806422 300.88 39.22 5430.3 22308.1
1683806432 271.4 38.93 4865.43 19812.3
1683806442 302.93 38.96 5476.8 18797.7
1683806452 310.48 39.2 5478.55 25672.9
1683806462 297.26 38.93 5542.91 19282.1
1683806472 274.29 39.21 5029.91 16225.6
1683806482 305.66 38.86 5489.28 21631.2
1683806492 298.14 38.93 5240.35 23311.3
1683806502 305.79 39.22 5609.41 21158.8
1683806512 306.25 38.92 5537.5 22145.7
1683806522 304.19 39.18 5464.33 23600
1683806532 300 38.92 5610.11 18864.9
1683806542 292.26 39.24 5177.67 22337.3
1683806552 304.2 38.97 5455.33 23792
1683806562 297.77 39.19 5565.76 16600.4
1683806572 300.78 38.95 5467.84 20670.6
1683806582 304.1 38.94 5387.5 23862.5
1683806592 302.91 39.28 5358.14 23270.9
1683806602 284.78 39.16 5332.29 16638
1683806612 303.13 39.41 5375.39 23431.6
1683806622 298.73 39.43 5462.5 16812.1
1683806632 305.57 39.16 5305.18 24725.3
1683806642 301.28 39.45 5522.97 19353.3
1683806652 299.23 39.16 5531.78 17384.9
1683806662 301.67 39.4 5453.87 23460.5
1683806672 295.78 39.12 5007.45 25567.8
1683806682 281.2 39.17 5241.33 15777.2
1683806692 298.27 39.39 5473.36 18996.9
1683806702 292.75 39.16 5290.5 19347.3
1683806712 302.74 39.43 5568.33 23365
1683806722 301.17 39.17 5296.98 20685.1
1683806732 304.77 39.14 5478.99 24017.1
1683806742 270.6 39.19 4935.93 18523.1
1683806752 304.98 39.48 5437.89 21033.6
1683806762 302.64 39.15 5420.1 22675.1
1683806772 297.08 39.49 5553.7 16691.4
1683806782 305.75 39.49 5439.77 23558.7
1683806792 303.52 39.23 5493.25 24613.5
1683806802 260.89 39.49 4601.54 17324.5
1683806812 302.94 39.21 5491.48 18659.8
1683806822 300.68 39.19 5504.01 19466.4
1683806832 302.74 39.48 5398.43 23200.8
1683806842 288.65 39.2 5310.37 18546.4
1683806852 297.68 39.48 5519.77 20862.8
1683806862 287.88 39.22 4766.76 25971.5
1683806872 294.52 39.16 5561.25 15906.8
1683806882 301.76 39.49 5528.7 20433.7
1683806892 307.25 39.51 5453.87 23117.7
1683806902 301.17 39.29 5425 22272.3
1683806912 298.65 39.57 5422.44 19316.4
1683806922 282.34 39.29 5057.95 22429.7
1683806932 296.45 39.29 5483.69 16977.7
1683806942 302.55 39.58 5579.23 19760.2
1683806952 304.5 39.28 5391.18 23286.6
1683806962 288.92 39.58 5217.51 20553.3
1683806972 295.23 39.28 5366.93 18894.5
1683806982 307.86 39.29 5356.51 24288.2
1683806992 268.96 39.27 4851.84 17060.7
1683807002 298.24 39.58 5464.33 20341.9
1683807012 297.75 39.29 5498.63 17014.1
1683807022 304.89 39.53 5487.89 20375.4
1683807032 269.57 39.3 4815.26 21228.6
1683807042 301.27 39.3 5523.68 19742.9
1683807052 116.05 39.02 791413 20854.8

Execution duration: 00:24:51.51
