1684209423 100.19 56.95 0 0
1684209428 100.38 56.88 147.89 45.98
1684209433 100.57 56.88 0 124.14
1684209438 100.38 56.88 0 0
1684209443 100.19 56.88 0 0
1684209448 100.38 56.88 0 0
1684209453 100.76 56.88 0 0
1684209458 100.57 56.88 0 0
1684209463 100.77 56.88 0 0
1684209468 100.57 56.88 0 0
1684209473 100.38 56.88 0 0
1684209478 100.38 56.88 0 0
1684209483 100.19 56.88 0 0
1684209488 100.38 56.88 0 0
1684209493 100.57 56.88 0 0
1684209498 100.38 56.88 0 0
1684209503 100.38 56.88 0 0
1684209508 100.57 56.88 0 0
1684209513 100.19 56.88 0 0
1684209518 100.19 56.88 0 0
1684209523 100.38 56.88 0 0
1684209528 100.38 56.88 0 0
1684209533 100.57 56.88 0 0
1684209538 100.57 56.88 0 0
1684209543 100.38 56.88 0 0
1684209548 100.38 56.88 0 0
1684209553 100.38 56.88 0 0
1684209558 100.19 56.88 0 0
1684209563 100.57 56.88 0 0
1684209568 100.57 56.88 0 0
1684209573 100.57 56.88 0 0
1684209578 100.38 56.88 0 0
1684209583 100.38 56.88 0 0
1684209588 100.38 56.88 0 0
1684209593 100.38 56.88 0 0
1684209598 100.38 56.88 0 0
1684209603 100.57 56.88 0 0
1684209608 100.38 56.88 0 0
1684209613 100 56.88 0 0
1684209618 100 56.88 0 0
1684209623 100.38 56.88 0 0
1684209628 100.19 56.88 0 0
1684209633 100.38 56.88 0 0
1684209638 100.38 56.88 0 0
1684209643 100.19 56.88 0 0
1684209648 100.38 56.88 0 0
1684209653 100.19 56.88 0 0
1684209658 100.57 56.88 0 0
1684209663 100.57 56.88 0 0
1684209668 100.57 56.88 0 0
1684209673 100.57 56.88 0 0
1684209678 100.38 56.88 0 0
1684209683 100.57 56.88 0 0
1684209688 100 56.88 0 0
1684209693 100.19 56.88 0 0
1684209698 100.38 56.88 0 0
1684209703 100.57 56.88 0 0
1684209708 100.38 56.88 0 0
1684209713 100.38 56.88 0 0
1684209718 100.38 56.88 0 0
1684209723 100.19 56.88 0 0
1684209728 100.38 56.88 0 0
1684209733 100.38 56.88 0 0
1684209738 100.38 56.88 0 0
1684209743 29.5 56.95 0 0.77

Execution duration: 00:05:25.25
