1684230249 120.97 56.88 3.23 319.35
1684230250 120.16 56.95 0 29.03
1684230251 120.97 56.88 0 0
1684230252 120.63 56.88 0 0
1684230253 122.58 56.88 0 0
1684230254 116.54 56.88 0 0
1684230255 121.26 56.88 0 0
1684230256 122.58 56.88 0 0
1684230257 121.17 56.88 0 0
1684230258 120.97 56.88 0 0
1684230259 120.63 56.88 0 0
1684230260 125 56.88 0 0
1684230261 120.16 56.88 0 0
1684230262 121.43 56.88 0 0
1684230263 119.05 56.88 0 0
1684230264 118.38 56.88 0 0
1684230265 121.26 56.88 0 0
1684230266 102.36 56.95 1149.61 4954.33
1684230267 2.27 56.88 0 3975.76

Execution duration: 00:00:21.21
