1684298975 131.11 56.96 2253.88 40453.5
1684298985 130.15 56.89 2248.58 43613.3
1684298995 130.17 56.89 2276.95 43981.6
1684299005 130.3 56.89 2258.28 45323.5
1684299015 130.34 56.89 2298.15 44346.2
1684299025 122.73 56.95 14011.3 45287
1684299035 130.24 56.95 2273.17 45293.3
1684299045 130.3 56.88 2286.99 44543.3
1684299055 130.05 56.88 2273.17 44588.1
1684299065 130.51 56.88 2270.96 44927.1
1684299075 130.56 56.88 2304.06 45013.9
1684299085 130.24 56.88 2273.17 44244.7
1684299095 128.52 56.95 15791.8 44824.6
1684299105 130.31 56.88 2295.91 44861.2
1684299115 129.85 56.88 2272.78 44625.2
1684299125 130.25 56.88 2298.15 45337
1684299135 130.31 56.88 2295.52 45425.3
1684299145 129.97 56.88 2278.15 44260.7
1684299155 122.35 56.95 15273 45105.2
1684299165 129.8 56.95 2343.53 44172.5
1684299175 130.5 56.88 2320.47 45782.5
1684299185 130.44 56.88 2298.15 45396.7
1684299195 130.32 56.88 2320.47 45398.4
1684299205 130.34 56.88 2298.15 44728.6
1684299215 130.8 56.88 2320.47 45666.7
1684299225 123.8 56.95 15805.2 44596.7
1684299235 129.95 56.95 2297.76 44212.3
1684299245 130.21 56.88 2297.47 44718.1
1684299255 130.24 56.88 2272.78 45114.9
1684299265 130.63 56.88 2348.1 46068.3
1684299275 130.22 56.88 2295.52 45034.7
1684299285 130.12 56.88 2295.91 44513.1
1684299295 124.38 56.95 16282.2 44630.1
1684299305 130.05 56.95 2298.15 44929.2
1684299315 130.53 56.88 2322.73 45560.2
1684299325 130.14 56.88 2273.17 44677.8
1684299335 130.15 56.88 2298.15 44852.7
1684299345 129.95 56.88 2324.29 45089.6
1684299355 130.24 56.88 2348.1 45108.7
1684299365 124.54 56.95 16544.5 44838.2
1684299375 130.21 56.88 2295.91 45126.7
1684299385 130.1 56.88 2279.96 43177.5
1684299395 130.24 56.88 2298.15 44997.5
1684299405 130.34 56.88 2322.73 45254.6
1684299415 130.18 56.88 2300.39 44092.6
1684299425 129.99 56.88 2293.28 44714.3
1684299435 125.95 56.95 16565.1 44634.9
1684299445 129.95 56.88 2272.78 44941.3
1684299455 129.71 56.88 2237.28 44793.8
1684299465 129.98 56.88 2302.51 43391.9
1684299475 130.58 56.88 2268.74 44991.6
1684299485 130.6 56.88 2288.82 44648
1684299495 124.26 56.95 14473.7 44853
1684299505 130.53 56.95 2297.76 44838.2
1684299515 130.31 56.88 2295.91 44522.4
1684299525 130.83 56.88 2322.73 45207.8
1684299535 130.66 56.88 2300.39 44935.9
1684299545 130.31 56.88 2295.52 43998.1
1684299555 130.8 56.88 2295.91 44989.1
1684299565 125.92 56.95 16226.9 44513.8
1684299575 130.32 56.88 2295.91 44777.4
1684299585 129.63 56.88 2245.61 44412.5
1684299595 130.55 56.88 2266.54 44841.6
1684299605 130.41 56.88 2247.17 43387.5
1684299615 131.14 56.88 2253.39 43099.8
1684299625 130.69 56.88 2270.96 44209.4
1684299635 127.37 56.95 16456.1 43631.6
1684299645 130.51 56.88 2270.96 45074.5
1684299655 130.77 56.88 2268.35 44903.2
1684299665 130.53 56.88 2298.15 45467.7
1684299675 129.87 56.88 2293.69 42445
1684299685 130.56 56.88 2302.9 43338.9
1684299695 130.51 56.88 2295.52 44782.8
1684299705 128.66 56.95 17128.7 44877.2
1684299715 130.22 56.88 2320.47 44879.9
1684299725 130.48 56.88 2293.67 45027.1
1684299735 130.7 56.88 2295.52 45211.3
1684299745 130.55 56.88 2309.6 43425
1684299755 130.34 56.88 2349.27 44489.4
1684299765 130.12 56.88 2295.91 44946.2
1684299775 128.55 56.95 17643.7 44237
1684299785 130.24 56.88 2298.15 44747.7
1684299795 130.41 56.88 2270.57 45348.2
1684299805 130.44 56.88 2323.12 45283.1
1684299815 130.08 56.88 2302.51 43110.6
1684299825 130.29 56.88 2286.99 43676.9
1684299835 122.92 56.95 15322.2 42749.3
1684299845 130.07 56.95 2278.15 42858.8
1684299855 130.8 56.88 2295.52 45246.8
1684299865 130.31 56.88 2295.91 45283.4
1684299875 130.24 56.88 2297.76 45244.5
1684299885 130.14 56.88 2298.15 44747.3
1684299895 129.79 56.88 2302.9 42979.1
1684299905 125.26 56.95 16192 45581.3
1684299915 129.78 56.88 2259.94 43032.8
1684299925 130.36 56.88 2309.21 43248.5
1684299935 129.92 56.88 2297.47 45181.3
1684299945 130.14 56.88 2297.76 44928
1684299955 130.36 56.88 2302.9 43251.4
1684299965 121.68 56.93 14313.3 45151.2
1684299975 129.82 56.95 16631.2 44942.7
1684299985 129.93 56.88 2295.52 44803.5
1684299995 130.06 56.88 2266.54 45171.2
1684300005 130.14 56.88 2297.76 44533.1
1684300015 130.24 56.88 2298.15 45560.6
1684300025 130.27 56.88 2277.76 43671.9
1684300035 128 56.95 15776.8 44993.2
1684300045 130.63 56.88 2274.34 45353.8
1684300055 130.46 56.88 2253.39 43334.2
1684300065 130.73 56.88 2297.76 45301.1
1684300075 131.26 56.88 2293.67 44681.6
1684300085 130.54 56.88 2272.78 44471
1684300095 126.39 56.95 15073 44174.9
1684300105 130.7 56.88 2245.61 43210.5
1684300115 130.8 56.88 2246 43856.9
1684300125 130.56 56.88 2277.76 43600.4
1684300135 130.51 56.88 2270.96 43439.4
1684300145 130.84 56.88 2291.05 43612.1
1684300155 122.61 56.95 14389.5 43159.4
1684300165 130.71 56.95 2295.52 44295.1
1684300175 130.73 56.88 2275.95 42629.2
1684300185 130.3 56.88 2280.35 42354.3
1684300195 130.56 56.88 2253 43343.9
1684300205 129.98 56.88 2302.9 43184.1
1684300215 131.33 56.88 2287.04 42249.9
1684300225 126.83 56.95 15943 43719.4
1684300235 130.14 56.88 2322.73 44236.9
1684300245 130.34 56.88 2273.17 43482.9
1684300255 130.7 56.88 2295.52 43602.3
1684300265 130.44 56.88 2323.12 43950.8
1684300275 130.73 56.95 2297.76 43978.9
1684300285 122.25 56.95 14926.8 43351
1684300295 130.11 56.95 2295.52 43502.1
1684300305 130.31 56.88 2295.91 43073.7
1684300315 130.41 56.88 2295.52 43787.9
1684300325 130.63 56.88 2323.12 43995.3
1684300335 130.2 56.88 2286.6 42832.2
1684300345 130.53 56.88 2323.12 43640.2
1684300355 124.64 56.95 15923.7 43385.4
1684300365 130.4 56.88 2295.91 42925.5
1684300375 130.15 56.88 2291.05 43215.6
1684300385 129.97 56.88 2259.94 42774.8
1684300395 130.12 56.88 2295.52 43103.3
1684300405 130.24 56.88 2298.15 43523.9
1684300415 129.76 56.88 2273.17 43248
1684300425 124.97 56.95 16465.4 43076.5
1684300435 130.44 56.88 2305.96 43082.5
1684300445 130.47 56.88 2250 43237.9
1684300455 130.61 56.88 2295.91 43500.2
1684300465 130.44 56.88 2297.76 43947.3
1684300475 130.6 56.88 2295.91 43420.3
1684300485 122.61 56.95 14398.4 43179.3
1684300495 130.14 56.95 2273.17 43040.4
1684300505 130.19 56.88 2243.43 42805.8
1684300515 131.8 56.88 2248.19 42243.9
1684300525 131.38 56.95 2220.66 42993.4
1684300535 131.19 56.88 2246 42012.9
1684300545 131.3 56.88 2226.09 42095.8
1684300555 130.12 56.95 15582.1 42492.8
1684300565 130.4 56.88 2295.52 43401.2
1684300575 129.95 56.88 2298.15 43442.3
1684300585 130.34 56.88 2322.73 44545.2
1684300595 130.04 56.88 2298.15 42478.8
1684300605 130.63 56.88 2322.73 43878.2
1684300615 123.88 56.95 15491.6 43033.5
1684300625 130.41 56.95 2295.52 42814
1684300635 130.28 56.88 2268.74 44169
1684300645 130.41 56.88 2320.47 43301.4
1684300655 129.83 56.88 2295.91 43355.2
1684300665 130.73 56.88 2322.73 43431.8
1684300675 130.01 56.88 2295.91 43657.3
1684300685 126.54 56.95 16396.5 42924.1
1684300695 130.04 56.88 2298.15 43480.6
1684300705 129.94 56.88 2289.21 43306.9
1684300715 129.85 56.88 2282.17 42836.8
1684300725 129.93 56.88 2289.21 43507.1
1684300735 130.24 56.88 2322.73 43751
1684300745 130.12 56.88 2320.86 43122.8
1684300755 127.61 56.95 17041.6 44238.4
1684300765 129.99 56.88 2318.6 42549.9
1684300775 130.13 56.88 2288.82 44143.8
1684300785 131.12 56.88 2324.68 42799.6
1684300795 131.16 56.88 2268.35 43545.1
1684300805 130.15 56.88 2298.15 43046.2
1684300815 122.24 56.93 15086.4 43961.8
1684300825 130.15 56.95 17409.6 43077.8
1684300835 130.21 56.88 2295.52 43343.5
1684300845 130.11 56.88 2295.91 43951.7
1684300855 130.31 56.88 2345.42 42997.3
1684300865 130.44 56.88 2323.12 43775.2
1684300875 130.73 56.88 2347.71 44256
1684300885 126.32 56.95 15899 42884.2
1684300895 129.92 56.88 2295.52 43001.6
1684300905 130.34 56.88 2273.17 43543.4
1684300915 130.17 56.88 2275 43401.2
1684300925 130.17 56.88 2302.9 43369.1
1684300935 130.22 56.88 2295.91 43339.6
1684300945 129.95 56.88 2298.15 43434.5
1684300955 128.3 56.95 16998.2 42620.5
1684300965 129.76 56.88 2272.78 43009.6
1684300975 130.44 56.88 2298.15 43916.1
1684300985 130.34 56.88 2300.88 43763.5
1684300995 130.6 56.95 2320.86 43705.3
1684301005 130.11 56.88 2320.47 43441.7
1684301015 116.28 56.93 15146.6 32425.7
1684301025 6.7 56.93 82.8 771.62

Execution duration: 00:34:14.14
