1684227964 130.97 56.98 2266.02 38990.5
1684227974 129.85 56.91 2273.56 41868.5
1684227984 129.85 56.91 2232.59 43585.9
1684227994 129.67 56.91 2227.64 42053.3
1684228004 129.57 56.91 2251.21 43095.3
1684228014 130.05 56.91 2239.61 42715.7
1684228024 129.34 56.97 16080.3 43267.1
1684228034 129.75 56.9 2247.8 43162.5
1684228044 129.9 56.9 2268.74 42641.9
1684228054 129.78 56.9 2266.15 42586
1684228064 129.67 56.9 2277.49 43308.2
1684228074 129.73 56.9 2270.96 42964.5
1684228084 127.05 56.97 15401.7 42680.6
1684228094 130.02 56.9 2270.96 43183.6
1684228104 130.27 56.9 2275 43246.9
1684228114 129.85 56.9 2273.17 43278.8
1684228124 130.04 56.9 2272.78 43147.7
1684228134 129.6 56.9 2262.14 42436.1
1684228144 129.63 56.9 2272.13 42545.8
1684228154 128.85 56.97 17126.7 43306.8
1684228164 130.14 56.9 2272.78 42856.6
1684228174 129.75 56.9 2298.15 42926.8
1684228184 130.05 56.9 2297.76 43303.4
1684228194 129.63 56.9 2270.96 43231.2
1684228204 129.73 56.9 2270.57 42200.4
1684228214 121.44 56.97 15301 43292.8
1684228224 129.73 56.97 2320.47 42617.5
1684228234 129.75 56.9 2248.19 42786.7
1684228244 129.17 56.9 2247.8 42011.3
1684228254 129.95 56.9 2251.21 42576.2
1684228264 129.74 56.9 2288.82 42604.5
1684228274 129.72 56.9 2270.96 43133.7
1684228284 121.35 56.95 15481.5 42481.1
1684228294 129.17 56.97 17649.1 42453.3
1684228304 130.05 56.9 2272.78 42711.8
1684228314 130.21 56.9 2270.96 43364.9
1684228324 130.11 56.9 2295.52 43108.4
1684228334 129.63 56.9 2275.64 42894
1684228344 129.66 56.9 2272.78 43020.1
1684228354 130.27 56.9 2300.39 43610.9
1684228364 129.54 56.97 17858.1 43416.4
1684228374 130.11 56.9 2272.52 42341.1
1684228384 129.73 56.9 2245.61 43222.6
1684228394 129.77 56.9 2266.54 43162.7
1684228404 130.21 56.9 2270.57 42962.2
1684228414 130.15 56.9 2298.15 42956.5
1684228424 129.98 56.9 2230.86 42652.7
1684228434 129.43 56.97 17645.2 43548.9
1684228444 130.24 56.9 2272.78 42825
1684228454 129.85 56.9 2273.17 42627.1
1684228464 130.12 56.9 2295.91 43184.8
1684228474 130.48 56.9 2266.41 42949.9
1684228484 130.79 56.9 2295.91 44082.7
1684228494 127.2 56.97 15546.2 42828.8
1684228504 130.12 56.9 2270.96 42785.2
1684228514 130.96 56.9 2268.35 42623.6
1684228524 130.68 56.9 2268.74 42914.9
1684228534 130.67 56.9 2274.58 43434.1
1684228544 130.73 56.9 2273.17 41788.5
1684228554 131.34 56.9 2243.43 42783.6
1684228564 128.07 56.97 17127.1 42635.9
1684228574 129.28 56.9 2226.09 42686.8
1684228584 129.45 56.9 2239.46 42900.7
1684228594 129.78 56.9 2287.5 42366.8
1684228604 130.09 56.9 2268.74 43486.3
1684228614 130.12 56.9 2295.52 42980.9
1684228624 121.76 56.97 15141.5 42121
1684228634 129.75 56.97 2272.78 42961.2
1684228644 129.9 56.9 2262.14 42811.3
1684228654 130.24 56.9 2272.78 42960
1684228664 130.27 56.9 2276.95 43242.6
1684228674 129.93 56.9 2295.52 43005.8
1684228684 129.85 56.9 2273.17 43191
1684228694 122.83 56.97 15769.8 43101.3
1684228704 129.73 56.97 2270.96 42681.5
1684228714 129.83 56.9 2270.57 42325.5
1684228724 129.83 56.9 2295.91 43694.7
1684228734 129.65 56.9 2272.78 43478.2
1684228744 129.56 56.9 2277.49 42571.2
1684228754 129.95 56.9 2297.76 43030.2
1684228764 122.85 56.97 16050.1 42894.1
1684228774 129.65 56.97 2282.17 42262
1684228784 129.75 56.9 2273.17 42908.1
1684228794 130.35 56.9 2223.22 42867.9
1684228804 129.75 56.9 2272.78 42297.4
1684228814 129.85 56.9 2298.15 42743.8
1684228824 129.66 56.9 2272.78 43517.7
1684228834 124.76 56.97 15796.1 42292.4
1684228844 129.53 56.97 2270.57 42078
1684228854 129.41 56.9 2243.82 42625.5
1684228864 129.88 56.9 2275 42849.6
1684228874 129.98 56.9 2275.39 42955.1
1684228884 129.69 56.9 2250 42507.4
1684228894 130.22 56.9 2295.91 43691.6
1684228904 125.27 56.97 16441.4 42005.1
1684228914 130.12 56.9 2295.91 43175.4
1684228924 129.49 56.9 2284.38 42750.8
1684228934 129.75 56.9 2273.17 43601.9
1684228944 130.15 56.9 2250.82 42857.6
1684228954 129.75 56.9 2298.15 42937.8
1684228964 121.74 56.97 14485 43278.8
1684228974 129.56 56.97 2248.19 42488.6
1684228984 129.53 56.9 2245.61 41883
1684228994 129.79 56.9 2250.39 43196.5
1684229004 129.96 56.9 2247.8 43516.1
1684229014 129.58 56.9 2241.64 42415.9
1684229024 129.37 56.9 2226.09 42423.6
1684229034 126.64 56.97 15581.7 42772.7
1684229044 129.37 56.9 2247.8 42306.3
1684229054 130.01 56.9 2246 42978.2
1684229064 129.85 56.9 2247.8 42768.8
1684229074 129.56 56.9 2273.17 42899.5
1684229084 129.86 56.9 2273.17 43089.6
1684229094 123.52 56.97 14727.4 42125.3
1684229104 129.9 56.97 2268.74 43203.1
1684229114 130.24 56.9 2272.78 43215.6
1684229124 130.11 56.9 2270.96 42683
1684229134 129.63 56.9 2270.57 43029.6
1684229144 129.95 56.9 2298.15 43129.4
1684229154 130.25 56.9 2300.88 43779.9
1684229164 128.63 56.97 16195.1 42571.4
1684229174 129.63 56.9 2270.57 42558.3
1684229184 129.3 56.9 2253.39 42673.5
1684229194 129.37 56.97 2297.76 42681
1684229204 130.54 56.97 2274.73 43513.8
1684229214 131.48 56.9 2281.49 43193.4
1684229224 123.64 56.97 15419.5 43144.8
1684229234 129.76 56.97 2322.73 42424.2
1684229244 129.66 56.9 2298.15 43182.8
1684229254 129.57 56.9 2272.78 43057.9
1684229264 129.51 56.9 2293.67 43167.3
1684229274 129.37 56.9 2272.78 42707.1
1684229284 129.76 56.9 2277.49 42773.3
1684229294 127.29 56.97 16534.5 42241.3
1684229304 129.63 56.9 2270.96 42862.4
1684229314 129.76 56.97 2272.78 42613.1
1684229324 129.95 56.9 2298.15 42857.8
1684229334 130.05 56.9 2297.76 43452.9
1684229344 129.66 56.9 2298.15 42928.8
1684229354 121.28 56.97 15155.5 43494.6
1684229364 129.38 56.97 2341.25 42401.2
1684229374 129.95 56.9 2297.76 42689.6
1684229384 129.75 56.9 2248.19 43223
1684229394 129.48 56.9 2266.15 43039.7
1684229404 129.66 56.9 2298.15 42604.1
1684229414 129.85 56.9 2272.78 43550.4
1684229424 121.75 56.97 15645.3 43227.3
1684229434 129.46 56.97 2325.85 42441.4
1684229444 129.76 56.9 2248.19 42798.8
1684229454 129.76 56.9 2248.19 42991.2
1684229464 129.46 56.9 2250.82 42669.8
1684229474 129.85 56.9 2273.17 42882.3
1684229484 129.76 56.9 2250.82 43428.4
1684229494 125.95 56.97 15561.8 42464
1684229504 129.88 56.9 2250 43065.2
1684229514 129.24 56.9 2221.05 42572.7
1684229524 129.46 56.9 2250.82 42703.8
1684229534 130.02 56.9 2295.91 42729
1684229544 129.47 56.9 2272.78 42741.8
1684229554 125.03 56.97 14481.9 43157.1
1684229564 129.11 56.97 2253 42155.1
1684229574 129.95 56.9 2273.17 43014.6
1684229584 129.66 56.9 2272.78 43223
1684229594 129.73 56.9 2299.03 43417.2
1684229604 129.37 56.9 2247.8 42269.3
1684229614 129.28 56.9 2251.21 42750.5
1684229624 126.93 56.97 16467.8 42359.7
1684229634 129.36 56.9 2273.17 42504.6
1684229644 129.44 56.9 2270.57 43161.8
1684229654 129.66 56.9 2298.15 43438.1
1684229664 129.47 56.9 2272.78 42622.8
1684229674 129.37 56.9 2300.68 43009.1
1684229684 129.56 56.9 2272.78 43273.4
1684229694 129.08 56.97 17296 42871.8
1684229704 129.27 56.9 2272.78 42687.6
1684229714 130.05 56.9 2248.19 43246.1
1684229724 129.78 56.9 2250 42228.1
1684229734 129.43 56.9 2262.14 43095.2
1684229744 129.75 56.9 2297.76 43481.8
1684229754 121.76 56.97 15468.5 42688
1684229764 129.34 56.97 2345.42 42921.6
1684229774 129.56 56.9 2274.73 42859.7
1684229784 130.05 56.9 2272.78 43259.7
1684229794 129.48 56.9 2266.54 43140.9
1684229804 129.34 56.9 2270.57 42861.2
1684229814 129.24 56.9 2246 42428.5
1684229824 123.12 56.97 15525 42777.2
1684229834 129.98 56.97 2250.39 42914.1
1684229844 129.56 56.9 2298.15 42878.4
1684229854 129.85 56.9 2272.78 43341.7
1684229864 129.37 56.9 2275.95 42656.6
1684229874 129.75 56.9 2297.76 42785.6
1684229884 129.63 56.9 2295.91 43287.7
1684229894 126.71 56.97 16096.7 42318.1
1684229904 129.42 56.9 2255.57 42770.6
1684229914 129.63 56.9 2245.61 42884.2
1684229924 129.64 56.97 2270.96 42952.4
1684229934 129.27 56.9 2247.8 42743.4
1684229944 129.08 56.9 2226.48 42514
1684229954 129.49 56.9 2228.24 42578.7
1684229964 128 56.97 16973.3 42652.5
1684229974 129.39 56.9 2253.12 42618.4
1684229984 129.66 56.9 2273.17 42660.7
1684229994 129.73 56.9 2295.52 43390.2
1684230004 129.53 56.9 2270.96 43015.2
1684230014 129.28 56.9 2250.82 42988.6
1684230024 117.95 56.95 14997.9 36025.8
1684230034 17.32 56.95 300 1722.57

Execution duration: 00:34:35.35
