1684260105 163.74 56.94 0.76 0.76
1684260110 158.2 56.94 6.11 46.56
1684260115 148.21 56.94 0 0
1684260120 107.63 56.94 0 0
1684260125 100.38 56.87 0 0
1684260130 100.38 56.87 0 0
1684260135 100.19 56.87 0 0
1684260140 100.57 56.87 0 0
1684260145 100.37 56.87 0 0
1684260150 100.38 56.87 0 0
1684260155 100.57 56.87 0 0
1684260160 100.19 56.87 0 0
1684260165 100.38 56.87 0 0
1684260170 100.57 56.87 0 0
1684260175 100.19 56.87 0 0
1684260180 100.38 56.87 0 0
1684260185 100.76 56.87 0 0
1684260190 100.38 56.87 0 0
1684260195 100.19 56.87 0 0
1684260200 100.19 56.87 0 0
1684260205 72.14 56.94 0 0

Execution duration: 00:01:47.47
