1684212097 130.2 56.99 2256.7 38239.6
1684212107 129.56 56.92 2273.56 42296.6
1684212117 129.46 56.92 2299.71 43344.8
1684212127 129.65 56.92 2297.76 43767.8
1684212137 129.46 56.92 2273.17 42876.9
1684212147 121.59 56.98 13967.2 43000
1684212157 129.14 56.98 2322.81 43672.9
1684212167 129.69 56.91 2275 42759.4
1684212177 129.65 56.91 2298.15 43498.5
1684212187 130.05 56.91 2298.15 43370.5
1684212197 129.75 56.91 2297.76 42971.3
1684212207 130.05 56.91 2298.15 43146.9
1684212217 127.81 56.98 15701.5 43323.3
1684212227 129.81 56.98 2262.14 43277.3
1684212237 130.22 56.91 2270.57 43294.7
1684212247 129.05 56.91 2270.96 42216.4
1684212257 129.09 56.91 2250.82 43287.3
1684212267 129.44 56.91 2289.21 42943.4
1684212277 129.59 56.91 2300 43154.7
1684212287 129.29 56.98 17358.6 43072.7
1684212297 130.05 56.91 2272.78 42478.8
1684212307 129.37 56.91 2248.19 42732.1
1684212317 130.08 56.91 2275 43471.5
1684212327 129.46 56.91 2298.15 42976.8
1684212337 129.85 56.91 2297.76 43159.8
1684212347 122.56 56.98 15605.9 43430.1
1684212357 129.27 56.98 2272.78 42686.8
1684212367 129.59 56.91 2301.95 43024.2
1684212377 129.37 56.91 2297.76 43013.5
1684212387 129.59 56.91 2275.39 43348.4
1684212397 129.54 56.91 2295.52 42784.8
1684212407 129.64 56.98 2295.91 43630.8
1684212417 122.66 56.98 16041.4 42698.4
1684212427 129.66 56.98 2298.15 43152.4
1684212437 129.36 56.91 2247.8 42579.9
1684212447 128.94 56.91 2255.57 42645.9
1684212457 130.27 56.91 2300 43394.1
1684212467 129.39 56.91 2305.08 43094.5
1684212477 129.39 56.91 2275 42813.3
1684212487 122.54 56.99 16101.1 43010.3
1684212497 129.46 56.99 2297.76 42724.3
1684212507 129.57 56.92 2248.19 42880.4
1684212517 129.46 56.92 2273.17 43013.1
1684212527 129.55 56.92 2297.76 43136
1684212537 129.58 56.92 2325.39 42492.6
1684212547 129.88 56.92 2300 43162.1
1684212557 123.1 56.98 15953.2 43182.1
1684212567 129.66 56.98 2272.78 42757.1
1684212577 129.2 56.91 2235.11 42751.5
1684212587 129.73 56.91 2270.57 43635.9
1684212597 129.27 56.91 2273.17 42579.5
1684212607 130.05 56.91 2299.32 43344.4
1684212617 129.66 56.91 2298.15 43568
1684212627 128.9 56.98 16076.6 41847.7
1684212637 129.49 56.91 2250.39 43154.7
1684212647 129.46 56.91 2272.78 42309.1
1684212657 129.65 56.91 2273.17 43329.6
1684212667 129.68 56.91 2317.19 43143.8
1684212677 129.78 56.91 2300.39 43153.9
1684212687 122.24 56.98 15543.4 43651.9
1684212697 129.17 56.98 2248.19 42577.9
1684212707 129.36 56.91 2272.78 42627.1
1684212717 129.59 56.91 2250.39 43213.7
1684212727 129.46 56.91 2307.13 43162.5
1684212737 129.54 56.91 2270.96 42623.8
1684212747 129.75 56.91 2273.17 43423.6
1684212757 123.99 56.98 15838.8 42933.5
1684212767 129.95 56.98 2273.17 43559
1684212777 129.63 56.91 2270.57 43599.6
1684212787 129.44 56.91 2270.96 44587.9
1684212797 129.17 56.91 2272.78 42476.9
1684212807 129.21 56.91 2302.9 44908.7
1684212817 129.66 56.91 2297.76 43341.3
1684212827 125.34 56.98 16350.9 44220.1
1684212837 129.95 56.98 2273.17 43551.6
1684212847 129.85 56.91 2272.78 42997.1
1684212857 130.05 56.91 2298.15 43190.6
1684212867 129.69 56.91 2275 43139.8
1684212877 129.31 56.91 2279.69 44063.1
1684212887 129.59 56.91 2309.21 44635.9
1684212897 125.17 56.98 16860.5 42949.8
1684212907 129.54 56.98 2295.52 42597.3
1684212917 129.26 56.91 2273.17 42076.1
1684212927 129.49 56.91 2253 44906.8
1684212937 129.56 56.91 2298.15 42784.4
1684212947 129.65 56.91 2297.76 44970.2
1684212957 129.63 56.91 2264.34 43142.9
1684212967 128.24 56.98 16754 42933.2
1684212977 129.16 56.98 2257.75 43164.7
1684212987 129.69 56.91 2253 44285.1
1684212997 129.37 56.91 2273.17 42794.5
1684213007 129.68 56.91 2275.39 44817.6
1684213017 129.53 56.91 2295.91 44643.7
1684213027 129.33 56.91 2270.96 43292
1684213037 128.51 56.98 17407.4 44432.4
1684213047 129.46 56.91 2248.19 42795.7
1684213057 129.88 56.91 2260.74 43865.4
1684213067 129.98 56.91 2275.39 44359.8
1684213077 129.74 56.91 2282.17 44364.7
1684213087 129.85 56.91 2273.17 43008.8
1684213097 125.54 56.98 15408.2 42916.6
1684213107 129.75 56.98 2273.17 42563.5
1684213117 130.24 56.91 2272.78 44561.9
1684213127 129.88 56.91 2275.39 44267.6
1684213137 129.66 56.91 2247.8 44366.4
1684213147 129.49 56.91 2275.39 43094.9
1684213157 122.71 56.98 14413.6 43660
1684213167 129.95 56.98 2274.73 42957.7
1684213177 129.36 56.91 2272.78 42550.2
1684213187 129.78 56.91 2250.39 43280.9
1684213197 129.66 56.91 2272.78 43716.3
1684213207 129.71 56.91 2237.28 44101.4
1684213217 129.51 56.91 2243.43 42965.5
1684213227 128.36 56.98 15836.2 44563.7
1684213237 129.63 56.98 2245.61 43908.4
1684213247 129.29 56.91 2275.39 42723.8
1684213257 129.47 56.91 2297.76 42948.3
1684213267 129.69 56.91 2278.15 44427.8
1684213277 129.98 56.91 2300 45166
1684213287 124.02 56.98 15173.8 42716
1684213297 129.65 56.98 2272.78 44410.9
1684213307 129.46 56.91 2273.17 42606.1
1684213317 129.78 56.91 2300 43580.5
1684213327 129.91 56.97 2277.61 44530.2
1684213337 130.34 56.9 2277.46 43806.1
1684213347 130.92 56.9 2282.15 42916.7
1684213357 127.91 56.97 16612.3 42600.6
1684213367 129.27 56.9 2273.17 43135.2
1684213377 129.88 56.9 2275.39 45455.1
1684213387 129.37 56.9 2272.78 43239
1684213397 129.59 56.9 2300.39 42450.8
1684213407 129.5 56.9 2277.76 44681.2
1684213417 124.1 56.97 15534 44503.4
1684213427 129.36 56.97 2247.8 43943.8
1684213437 129.5 56.9 2253.39 44376.4
1684213447 129.95 56.9 2297.76 43505.6
1684213457 129.36 56.9 2298.15 43532.5
1684213467 129.46 56.9 2297.76 42724.3
1684213477 129.66 56.9 2323.12 44796.9
1684213487 125.66 56.97 16429.3 42540.5
1684213497 129.32 56.97 2286.99 44335.9
1684213507 129.98 56.9 2300 44979.7
1684213517 129.36 56.9 2298.15 42953
1684213527 129.69 56.9 2300 43336.7
1684213537 129.59 56.9 2275.39 43364.8
1684213547 129.24 56.9 2255.18 44788.8
1684213557 126.42 56.97 16977.4 43763.3
1684213567 129.17 56.97 2249.36 42246.2
1684213577 129.59 56.9 2250.39 44335.6
1684213587 129.88 56.9 2250 43675
1684213597 129.68 56.9 2275.39 44073.8
1684213607 129.39 56.9 2250 42932
1684213617 122.83 56.97 14687.6 43338.9
1684213627 129.16 56.97 2247.8 43702.6
1684213637 129.2 56.9 2228.63 43868.5
1684213647 130.06 56.9 2222.83 43903.2
1684213657 130.08 56.9 2228.63 44275.8
1684213667 130.57 56.9 2300 44475
1684213677 122.35 56.97 13699.1 43923.1
1684213687 129.66 56.97 2222.83 43583.6
1684213697 129.78 56.9 2225.39 43997.3
1684213707 129.78 56.9 2228.24 43302.5
1684213717 129.72 56.9 2246 44095.9
1684213727 130.06 56.97 2263.8 44881.9
1684213737 129.67 56.9 2226.09 43009.9
1684213747 123.79 56.97 15466.7 44118.5
1684213757 129.9 56.97 2293.28 44386
1684213767 129.39 56.9 2275.39 43060.6
1684213777 129.78 56.9 2275 44708.6
1684213787 128.81 56.9 2284.77 44053.2
1684213797 129.95 56.9 2297.76 44660.7
1684213807 129.66 56.9 2298.15 45160.2
1684213817 124.87 56.97 16246.6 44578.3
1684213827 129.66 56.97 2273.17 44957.7
1684213837 128.87 56.9 2247.8 44158.1
1684213847 129.01 56.9 2253.39 44253
1684213857 129.46 56.9 2297.76 44006.6
1684213867 129.14 56.9 2295.91 45323.2
1684213877 129.08 56.9 2275.56 44182
1684213887 125.51 56.97 16555.8 44246.2
1684213897 129.59 56.97 2300 45101.6
1684213907 129.78 56.9 2301.95 44446.1
1684213917 129.76 56.9 2272.78 44719.2
1684213927 129.44 56.9 2295.91 45012.9
1684213937 129.46 56.9 2272.78 44761.4
1684213947 129.44 56.9 2295.91 44585.2
1684213957 127.84 56.97 17001.2 44583.6
1684213967 129.46 56.9 2273.17 44084.7
1684213977 129.11 56.9 2253 43636.4
1684213987 128.72 56.9 2253.39 44135
1684213997 129.21 56.9 2277.76 43813.5
1684214007 129.83 56.9 2320.86 45555.2
1684214017 123.54 56.97 15278.5 44000.8
1684214027 129.39 56.97 2300.39 45148.4
1684214037 129.37 56.9 2273.17 44010.2
1684214047 129 56.9 2250 44217.2
1684214057 129.69 56.9 2275.39 45204.3
1684214067 129.64 56.9 2270.57 44549.7
1684214077 129.63 56.9 2246 43555.9
1684214087 124.88 56.97 16173.7 44401.2
1684214097 129.39 56.97 2275.39 43940.2
1684214107 129.86 56.9 2247.8 44415.6
1684214117 129.82 56.97 2224.17 43442.5
1684214127 130.15 56.97 2247.8 44154.9
1684214137 129.63 56.9 2221.05 44087.3
1684214147 129.85 56.9 2226.09 43220.9
1684214157 65.57 56.95 15234.3 14671.2

Execution duration: 00:34:30.30
