1684245717 115.91 56.87 0 27.27
1684245718 118.05 56.87 0 0
1684245719 117.89 56.87 0 0
1684245720 119.35 56.94 0 0
1684245721 117.46 56.87 0 0
1684245722 118.9 56.87 0 0
1684245723 122.22 56.87 0 0
1684245724 120.16 56.87 0 0
1684245725 121.77 56.87 0 0
1684245726 123.81 56.87 0 0
1684245727 122.83 56.87 0 0
1684245728 122.58 56.87 0 0
1684245729 127.2 56.87 0 0
1684245730 121.95 56.87 0 0
1684245731 128 56.87 0 0
1684245732 124 56.87 0 0
1684245733 125.2 56.87 0 0
1684245734 96.8 56.94 1504 4723.2
1684245735 0.81 56.87 0 1196.75

Execution duration: 00:00:21.21
