1684283102 130.9 56.96 2269.39 39646.7
1684283112 130.11 56.89 2271.35 42029.2
1684283122 130.34 56.89 2276.29 42940.1
1684283132 130.31 56.89 2295.52 43930.6
1684283142 130.22 56.89 2320.86 43458.5
1684283152 122.71 56.95 14022.6 43662.4
1684283162 130.12 56.95 2270.96 43102.5
1684283172 130.14 56.88 2282.17 42774.8
1684283182 130.5 56.88 2271.35 43084.6
1684283192 130.17 56.88 2310.76 43543.7
1684283202 130.01 56.88 2270.96 43575.1
1684283212 130.57 56.88 2318.21 43404.9
1684283222 128.15 56.95 15662.7 43329.6
1684283232 129.85 56.88 2298.15 43012.7
1684283242 129.84 56.88 2263.95 43543.6
1684283252 130.02 56.88 2270.96 43246.4
1684283262 129.79 56.88 2254.93 42665.4
1684283272 130.14 56.88 2282.17 43177.5
1684283282 121.76 56.95 15245.3 42315.7
1684283292 129.16 56.95 2315.64 42800.8
1684283302 129.83 56.88 2313.7 43368.7
1684283312 129.95 56.88 2273.17 43659.3
1684283322 129.88 56.88 2277.76 42590.7
1684283332 129.7 56.88 2293.67 43337.9
1684283342 130.24 56.88 2324.29 43723.7
1684283352 123.91 56.95 15767 43306.2
1684283362 131.39 56.88 2320.47 43982.8
1684283372 124.49 56.88 2198.24 41381.8
1684283382 130.63 56.88 2272.78 42814.1
1684283392 130.58 56.88 2243.82 42794.6
1684283402 128.98 56.88 2297.76 42743
1684283412 130.31 56.88 2320.86 43294.3
1684283422 123.91 56.95 16096.4 43373.3
1684283432 130.25 56.88 2300.88 43189.8
1684283442 129.16 56.88 2257.75 42249.2
1684283452 129.69 56.88 2277.76 43195
1684283462 129.95 56.88 2298.15 43713.9
1684283472 129.44 56.88 2295.52 43786.3
1684283482 129.5 56.88 2302.9 43063.1
1684283492 123.39 56.95 16284.6 42748.2
1684283502 129.46 56.88 2273.17 42804.7
1684283512 129.85 56.88 2285.27 43269
1684283522 130.14 56.88 2298.15 43560.2
1684283532 129.56 56.88 2272.78 42775
1684283542 130.47 56.88 2325.39 44289.8
1684283552 130.24 56.88 2297.76 42828.1
1684283562 124.07 56.95 16251.1 43366.5
1684283572 129.73 56.88 2270.57 43428.1
1684283582 129.2 56.88 2253.39 42535.4
1684283592 129.82 56.88 2320.47 43668.2
1684283602 129.69 56.88 2300.39 43207.8
1684283612 130.12 56.88 2298.64 43691.6
1684283622 122.21 56.95 14156.7 42841.5
1684283632 129.5 56.88 2293.67 43573.5
1684283642 129.8 56.88 2293.28 42810.5
1684283652 129.92 56.88 2295.91 43405.5
1684283662 130.11 56.88 2320.47 43606.2
1684283672 130 56.88 2321.72 43681
1684283682 129.33 56.88 2320.47 42879.1
1684283692 124.21 56.95 16093.3 43743.2
1684283702 129.37 56.88 2272.78 43479.8
1684283712 129.85 56.88 2298.15 43453.7
1684283722 129.76 56.88 2297.76 43622.2
1684283732 129.44 56.88 2274.08 43569.6
1684283742 129.66 56.88 2297.76 43296
1684283752 129.37 56.88 2298.15 43381.5
1684283762 126.59 56.95 16369.4 43716.4
1684283772 129.43 56.88 2295.91 42814.8
1684283782 129.37 56.88 2272.78 43238.6
1684283792 130.05 56.88 2323.12 43447.8
1684283802 129.95 56.88 2275.9 44202.2
1684283812 129.14 56.88 2295.91 42252.2
1684283822 129.75 56.88 2322.73 43547.3
1684283832 127.88 56.95 17202 43186.3
1684283842 129.54 56.88 2295.52 42136.4
1684283852 129.54 56.88 2320.86 44041.3
1684283862 130.14 56.88 2273.17 43235.5
1684283872 130.14 56.88 2297.76 42730.9
1684283882 129.82 56.88 2297.47 42265.5
1684283892 129.73 56.88 2295.52 43315.8
1684283902 127.98 56.95 17617.5 43867.1
1684283912 129.14 56.88 2320.47 42799.6
1684283922 129.95 56.88 2298.15 43969.9
1684283932 129.95 56.88 2297.76 43465.8
1684283942 129.73 56.88 2320.86 42740
1684283952 129.95 56.88 2322.73 43458.7
1684283962 123.2 56.95 15420.3 44012.1
1684283972 129.56 56.88 2272.78 42941.3
1684283982 129.27 56.88 2273.17 42780.5
1684283992 129.42 56.88 2230.4 42707.1
1684284002 129.08 56.88 2275.95 42474.6
1684284012 129.97 56.88 2302.51 43801.2
1684284022 129.46 56.88 2298.15 43024.4
1684284032 124.36 56.95 16052.6 43518.5
1684284042 129.35 56.88 2289.21 42906.5
1684284052 129.66 56.88 2297.76 43689.4
1684284062 129.31 56.88 2281.24 42462.3
1684284072 129.57 56.88 2266.15 43813.6
1684284082 129.68 56.88 2309.6 42561
1684284092 129.76 56.88 2322.73 43811.1
1684284102 128.39 56.95 16497.6 42785.2
1684284112 129.2 56.88 2253 42649.9
1684284122 129.4 56.88 2278.15 43085.5
1684284132 129.53 56.88 2295.52 43318.5
1684284142 129.79 56.88 2278.15 43462.7
1684284152 129.73 56.88 2320.86 43564.5
1684284162 126.22 56.95 15561.4 42350.9
1684284172 129.59 56.88 2264.22 43024.4
1684284182 129.85 56.88 2297.76 43136.4
1684284192 129.85 56.88 2273.17 43408.4
1684284202 129.27 56.88 2306.98 43719.4
1684284212 129.66 56.88 2298.15 43274.5
1684284222 124.2 56.95 14927.2 43569.9
1684284232 129.46 56.88 2298.15 42787.9
1684284242 129.54 56.88 2295.52 43394.9
1684284252 129.65 56.88 2323.12 43845.8
1684284262 129.83 56.95 2295.52 43888.5
1684284272 129.46 56.88 2323.12 43596.5
1684284282 121.76 56.95 14403.1 43406.8
1684284292 129.56 56.95 2299.71 43157.5
1684284302 129.43 56.88 2295.52 42820.7
1684284312 130.05 56.88 2298.15 43433
1684284322 129.44 56.88 2295.52 43921.2
1684284332 129.49 56.95 2301.17 43423.8
1684284342 130.43 56.88 2282.9 42275.2
1684284352 126.54 56.95 16018.3 42883.5
1684284362 129.35 56.88 2288.82 43008.8
1684284372 129.4 56.88 2302.9 43270.4
1684284382 129.76 56.88 2297.76 43982.8
1684284392 129.21 56.88 2268.74 43170.4
1684284402 129.95 56.88 2323.12 43172.7
1684284412 121.95 56.95 15026.7 43643.3
1684284422 129.95 56.88 2326.24 44185.4
1684284432 129.67 56.88 2266.15 42840.1
1684284442 130.04 56.88 2298.15 43985.6
1684284452 129.44 56.88 2295.52 42748.2
1684284462 129.73 56.88 2320.86 43135.3
1684284472 130.25 56.88 2297.76 43491.1
1684284482 124.68 56.95 16005.1 43137.6
1684284492 129.85 56.88 2272.78 42632.6
1684284502 129.85 56.95 2298.15 43225.8
1684284512 129.4 56.88 2302.51 43991.5
1684284522 129.17 56.88 2273.17 42896.8
1684284532 129.36 56.88 2297.76 43705
1684284542 129.59 56.88 2278.15 43238.7
1684284552 124.73 56.95 16561.6 42988.1
1684284562 129.16 56.88 2259.3 42630.6
1684284572 129.37 56.88 2272.78 42877.7
1684284582 129.56 56.88 2273.17 43024.4
1684284592 129.85 56.88 2297.76 43189.5
1684284602 129.75 56.88 2298.15 44369.9
1684284612 121.87 56.95 14451.6 43489.4
1684284622 129.37 56.88 2273.17 42947.9
1684284632 129.69 56.88 2275 43318.4
1684284642 129.44 56.88 2246 43397.7
1684284652 129.65 56.88 2297.76 43279.2
1684284662 129.98 56.88 2300.39 43444.9
1684284672 121.46 56.93 13523.9 42711
1684284682 129.01 56.95 15684.3 42760.2
1684284692 128.88 56.88 2248.19 42443.3
1684284702 129.1 56.88 2277.76 43308.3
1684284712 129.86 56.88 2273.17 43905.6
1684284722 129.1 56.88 2277.76 43139.7
1684284732 130.15 56.88 2329.36 43331.5
1684284742 124.46 56.95 15640.9 43842.1
1684284752 130.15 56.88 2298.15 43927.4
1684284762 129.66 56.88 2297.76 43070.1
1684284772 129.85 56.88 2298.15 43673
1684284782 130.05 56.88 2322.73 43748.7
1684284792 129.69 56.88 2300.39 43500.4
1684284802 129.42 56.88 2304.74 43264.3
1684284812 126.17 56.95 16587.9 43417.6
1684284822 129.69 56.88 2300 42614.8
1684284832 129.95 56.88 2273.17 43511.4
1684284842 129.27 56.88 2247.8 42555.3
1684284852 129.5 56.88 2278.15 43156.3
1684284862 130.25 56.88 2297.76 43762.3
1684284872 130.12 56.88 2270.96 43212.9
1684284882 127.42 56.95 17066.5 42936.6
1684284892 129.2 56.88 2275.39 43288.3
1684284902 129.4 56.88 2277.76 43236
1684284912 129.66 56.88 2326.24 42938.9
1684284922 129.75 56.88 2298.15 44538.9
1684284932 129.47 56.88 2297.76 43253.8
1684284942 121.09 56.93 15101.6 42994.5
1684284952 129.36 56.95 17409.2 43172.7
1684284962 130.15 56.88 2323.12 44024.6
1684284972 129.95 56.88 2297.76 43363.9
1684284982 129.75 56.88 2323.12 43318.2
1684284992 129.36 56.88 2322.73 43113
1684285002 130.18 56.88 2325.39 44426.9
1684285012 125.66 56.95 15862.6 42805.5
1684285022 129.56 56.88 2298.15 43415
1684285032 129.4 56.88 2253 43113.7
1684285042 129.46 56.88 2273.17 43324.9
1684285052 129.75 56.88 2322.73 44065.9
1684285062 129.56 56.88 2298.15 43182.8
1684285072 129.95 56.88 2322.73 43818.9
1684285082 127.52 56.95 16948.3 42040.6
1684285092 129.85 56.88 2297.76 43402.5
1684285102 129.56 56.88 2298.15 42773.5
1684285112 129.95 56.88 2350.83 43773.7
1684285122 129.36 56.88 2323.12 43553.6
1684285132 129.75 56.88 2297.76 43531.7
1684285142 116.6 56.93 15115.2 34119.9
1684285152 9.85 56.93 161.4 998.44

Execution duration: 00:34:15.15
