1684268722 130.31 56.96 2288.5 38897.1
1684268732 129.44 56.89 2271.35 42283.4
1684268742 129.74 56.89 2267.45 43077.6
1684268752 130.14 56.89 2275.9 44393
1684268762 130.01 56.89 2299.03 43397.3
1684268772 122.35 56.95 14034.7 43172.7
1684268782 129.95 56.95 2276.33 43225.9
1684268792 130.02 56.88 2320.86 44197.3
1684268802 129.75 56.88 2298.15 43070.1
1684268812 130.04 56.88 2273.17 43678.8
1684268822 129.85 56.88 2322.73 43292.9
1684268832 130.11 56.88 2322.42 43298.6
1684268842 128.5 56.95 15876.3 43895.4
1684268852 129.75 56.88 2298.15 43017.8
1684268862 129.85 56.88 2275.56 44035.2
1684268872 130.05 56.88 2323.12 43454.1
1684268882 129.72 56.88 2295.52 43988.3
1684268892 129.78 56.88 2302.9 43143.1
1684268902 122.25 56.95 15368.2 42625.2
1684268912 129.37 56.95 2300.68 44521.3
1684268922 129.43 56.88 2272.13 43079.5
1684268932 130.05 56.88 2298.15 43742.4
1684268942 129.82 56.88 2295.52 42988.3
1684268952 130.38 56.88 2293.67 44047.5
1684268962 129.88 56.88 2277.76 43073.5
1684268972 123.81 56.95 15941.9 43142.2
1684268982 129.66 56.88 2297.76 43169.2
1684268992 129.54 56.88 2270.96 42291.6
1684269002 129.47 56.88 2250.82 43824.9
1684269012 129.79 56.88 2302.9 43057.6
1684269022 129.92 56.88 2297.08 43058.9
1684269032 130.08 56.88 2300.39 43469.1
1684269042 124.85 56.95 16381.3 43770.8
1684269052 130.04 56.88 2348.1 43525.5
1684269062 129.44 56.88 2320.86 42864.3
1684269072 129.63 56.88 2295.52 43827.7
1684269082 129.95 56.88 2323.12 43718.2
1684269092 129.85 56.88 2322.73 43564.1
1684269102 129.21 56.88 2293.67 42953.5
1684269112 124.35 56.95 16514 43372.4
1684269122 129.56 56.88 2275.95 43356.1
1684269132 129.83 56.88 2270.57 43281.5
1684269142 129.47 56.88 2275.95 43072.1
1684269152 130.22 56.88 2295.52 43903.3
1684269162 130.11 56.88 2320.86 43754.4
1684269172 130.05 56.88 2322.73 43677.7
1684269182 125.3 56.95 16589.9 43620.2
1684269192 129.63 56.88 2295.52 43137.2
1684269202 129.95 56.88 2298.15 44034.7
1684269212 129.92 56.88 2320.47 43868.2
1684269222 129.92 56.88 2295.91 43136.8
1684269232 130.38 56.88 2300 43450
1684269242 124.3 56.95 14662.6 42896
1684269252 130.53 56.88 2297.76 43795.5
1684269262 130.41 56.88 2270.96 43253
1684269272 129.66 56.88 2275.56 44366.8
1684269282 129.85 56.88 2298.15 43408
1684269292 130.14 56.88 2301.84 44698.7
1684269302 129.75 56.88 2298.15 43372.5
1684269312 125.8 56.95 16407.7 44897.4
1684269322 129.85 56.88 2273.17 43100.9
1684269332 130.05 56.88 2298.15 43116.5
1684269342 129.44 56.88 2270.57 43275.6
1684269352 130.41 56.95 2297.47 42946.6
1684269362 129.44 56.88 2320.47 43125.9
1684269372 130.34 56.88 2323.12 44151.8
1684269382 128.38 56.95 16937.8 42930.7
1684269392 129.63 56.88 2295.91 43174.3
1684269402 129.47 56.88 2277.11 44281.3
1684269412 130.31 56.88 2320.86 43934.5
1684269422 129.54 56.88 2295.52 43358.3
1684269432 130.05 56.88 2348.1 43929.4
1684269442 122.35 56.95 15446.6 43204.7
1684269452 129.6 56.95 2318.6 42971.8
1684269462 130.05 56.88 2322.73 43552.8
1684269472 130.28 56.88 2318.6 43753.1
1684269482 129.82 56.88 2295.52 43479.1
1684269492 130.12 56.88 2323.98 43405.1
1684269502 130.63 56.88 2347.71 43695.6
1684269512 122.44 56.95 15986.3 43240.2
1684269522 130.24 56.95 2323.12 43651.5
1684269532 129.56 56.88 2298.15 43108.7
1684269542 129.66 56.88 2273.17 43413.1
1684269552 130.02 56.88 2295.52 42854.2
1684269562 130.22 56.88 2320.86 44223.8
1684269572 129.66 56.88 2297.76 43016.6
1684269582 125.17 56.95 16003.5 43727.2
1684269592 129.75 56.88 2297.76 43020.9
1684269602 130.24 56.88 2298.15 43943.4
1684269612 130.11 56.88 2270.57 43679.1
1684269622 130.54 56.88 2298.15 43390.1
1684269632 129.65 56.88 2322.73 43174.2
1684269642 130.25 56.88 2298.15 43223.8
1684269652 126.9 56.95 16749.7 43869
1684269662 129.82 56.88 2295.91 43219.5
1684269672 129.65 56.88 2297.76 42889.8
1684269682 130.12 56.88 2295.91 43336.8
1684269692 129.95 56.88 2297.76 44060.1
1684269702 129.66 56.88 2298.15 42755.5
1684269712 123.71 56.95 14949.1 44369.9
1684269722 129.53 56.88 2295.52 44418.7
1684269732 129.56 56.88 2248.19 42893.3
1684269742 129.64 56.88 2273.36 44451.3
1684269752 129.57 56.88 2273.17 43496.2
1684269762 129.66 56.88 2275.56 44255.1
1684269772 130.34 56.88 2323.12 44919.8
1684269782 128.78 56.95 16204.1 42531.5
1684269792 130.41 56.88 2270.96 44696.3
1684269802 130.02 56.88 2270.57 43076.8
1684269812 130.02 56.88 2295.91 43714.6
1684269822 130.34 56.88 2322.73 45189.5
1684269832 129.98 56.88 2275.39 43225.4
1684269842 126.93 56.95 15551.6 43890.3
1684269852 129.86 56.88 2273.17 45179.3
1684269862 129.33 56.88 2261.75 42916.9
1684269872 129.95 56.88 2323.12 43058.3
1684269882 130.18 56.88 2293.28 44855.7
1684269892 129.66 56.88 2323.12 43237.5
1684269902 123.97 56.95 14964.5 43426.1
1684269912 129.85 56.88 2298.15 43107.5
1684269922 130.02 56.88 2320.47 43525.5
1684269932 130.47 56.88 2300.39 45486.7
1684269942 129.44 56.88 2295.52 42381.7
1684269952 130.38 56.88 2326.17 44158.6
1684269962 131.48 56.88 2307.22 43363
1684269972 128.58 56.95 16637.3 43175
1684269982 129.57 56.88 2275.95 44446.4
1684269992 129.08 56.88 2275.56 44384.9
1684270002 129.59 56.88 2278.15 44475.8
1684270012 129.95 56.88 2297.76 45052.5
1684270022 129.56 56.88 2298.15 43091.5
1684270032 124.36 56.95 15568 43051.1
1684270042 130.01 56.88 2295.91 43643.3
1684270052 129.92 56.88 2295.52 43584
1684270062 130.21 56.88 2295.91 44510.3
1684270072 130.21 56.88 2270.57 43481.1
1684270082 129.68 56.88 2302.9 44928.4
1684270092 130.04 56.88 2297.76 45036.1
1684270102 126.51 56.95 16449.3 44347.2
1684270112 129.62 56.88 2320.47 44945
1684270122 130.12 56.88 2295.91 43231.6
1684270132 130.57 56.88 2325 45735.6
1684270142 129.56 56.88 2298.15 43445.1
1684270152 130.05 56.88 2322.73 43176.6
1684270162 129.82 56.88 2295.91 42991
1684270172 127.15 56.95 17185.2 44614.1
1684270182 129.76 56.88 2249.75 44371.5
1684270192 129.65 56.88 2272.78 42653.3
1684270202 130.15 56.88 2273.17 43952
1684270212 129.86 56.88 2297.76 45212.1
1684270222 129.66 56.88 2298.15 43544.6
1684270232 123.59 56.95 14914.2 45077.7
1684270242 130.14 56.88 2298.15 45020.5
1684270252 129.85 56.88 2272.78 44338.7
1684270262 129.73 56.88 2270.96 45023
1684270272 129.9 56.88 2280.35 44818.2
1684270282 130.15 56.88 2322.73 45323.7
1684270292 123.62 56.95 14173.7 44559.2
1684270302 130.34 56.88 2272.78 44697
1684270312 130.57 56.88 2268.74 44235.2
1684270322 130.9 56.95 2295.52 45428.5
1684270332 130.54 56.88 2298.15 43351.4
1684270342 130.83 56.88 2328.97 45200.8
1684270352 130.41 56.88 2295.91 44829.6
1684270362 126.12 56.95 16289.7 43270.2
1684270372 129.89 56.88 2293.67 44633.7
1684270382 129.2 56.88 2284.38 44877.6
1684270392 129.95 56.88 2323.12 44851.1
1684270402 130.09 56.88 2318.21 45310.6
1684270412 130.14 56.88 2348.1 44753.9
1684270422 130.11 56.88 2320.47 44567.6
1684270432 128.85 56.95 17229.2 43979.7
1684270442 129.95 56.88 2297.76 43678.1
1684270452 130.21 56.88 2288.11 44683.4
1684270462 130.09 56.88 2286.6 44880
1684270472 130.34 56.88 2298.15 44926.8
1684270482 129.46 56.88 2297.76 43962.2
1684270492 122.22 56.95 15578.2 45431.2
1684270502 129.56 56.95 2272.78 43680
1684270512 129.56 56.88 2298.15 43782.2
1684270522 129.73 56.88 2322.42 45014.8
1684270532 129.95 56.88 2297.76 45021.7
1684270542 129.47 56.88 2275.95 44481.9
1684270552 129.95 56.88 2306.98 45041.1
1684270562 124 56.95 15911 43463.4
1684270572 129.93 56.88 2320.47 45143.1
1684270582 129.89 56.88 2293.67 44722.5
1684270592 129.66 56.88 2322.73 44198.2
1684270602 129.83 56.88 2320.86 45756.7
1684270612 129.85 56.88 2322.73 44758.6
1684270622 130.02 56.88 2320.86 45870.6
1684270632 128.98 56.95 16636.9 44997.1
1684270642 129.82 56.88 2270.96 44589.9
1684270652 129.73 56.88 2270.57 44434.7
1684270662 129.68 56.88 2259.94 45258.2
1684270672 129.57 56.88 2297.76 43786.9
1684270682 129.66 56.88 2273.17 44534.2
1684270692 122.52 56.95 15409.4 45516.6
1684270702 129.96 56.95 2291.44 44200.4
1684270712 129.89 56.88 2293.28 44627.8
1684270722 130.02 56.88 2295.91 45254.2
1684270732 129.76 56.88 2297.76 45011.1
1684270742 129.75 56.88 2298.15 45042.7
1684270752 129.85 56.88 2322.73 44771.9
1684270762 85.2 56.93 15127.2 22296.4

Execution duration: 00:34:11.11
