1684253201 114.29 56.94 0 264.66
1684253202 117.46 56.87 3.17 31.75
1684253203 122.22 56.87 0 3.17
1684253204 115.91 56.87 0 0
1684253205 123.02 56.87 0 0
1684253206 121.95 56.87 0 0
1684253207 125.6 56.87 0 0
1684253208 129.84 56.87 0 0
1684253209 125 56.87 0 0
1684253210 130.65 56.87 0 0
1684253211 129.03 56.87 0 0
1684253212 127.42 56.87 0 0
1684253213 125.81 56.87 0 0
1684253214 119.05 56.87 0 0
1684253215 120.63 56.87 0 0
1684253216 124.6 56.87 0 0
1684253217 128.8 56.87 0 0
1684253218 126.83 56.87 0 0
1684253219 73.23 56.94 1307.09 4680.31

Execution duration: 00:00:22.22
