1684262331 118.55 56.94 0 283.87
1684262332 117.32 56.87 3.15 31.5
1684262333 121.26 56.87 0 3.15
1684262334 122.76 56.87 0 0
1684262335 118.11 56.87 0 0
1684262336 124 56.87 0 0
1684262337 120.16 56.87 0 0
1684262338 122.46 56.87 0 0
1684262339 130.89 56.87 0 0
1684262340 126.61 56.87 0 0
1684262341 125.81 56.87 0 0
1684262342 120 56.87 0 0
1684262343 118.9 56.87 0 0
1684262344 123.62 56.87 0 0
1684262345 119.69 56.87 0 0
1684262346 122.05 56.87 0 0
1684262347 125.6 56.87 0 0
1684262348 125 56.87 0 0
1684262349 70.2 56.94 1451.66 2596.03

Execution duration: 00:00:22.22
