1684266558 119.2 56.86 3.2 32
1684266559 118.25 56.86 0 28.57
1684266560 119.84 56.86 0 0
1684266561 122.22 56.93 0 0
1684266562 117.46 56.86 0 0
1684266563 122.06 56.86 0 0
1684266564 120.97 56.86 0 0
1684266565 118.12 56.86 0 0
1684266566 119.05 56.86 0 0
1684266567 126.61 56.86 0 0
1684266568 119.2 56.86 0 0
1684266569 124.6 56.86 0 0
1684266570 118.25 56.86 0 0
1684266571 120.63 56.86 0 0
1684266572 123.39 56.86 0 0
1684266573 127.64 56.86 0 0
1684266574 127.42 56.86 0 0
1684266575 121.43 56.86 0 0
1684266576 88.98 56.93 1492.91 5155.91

Execution duration: 00:00:22.22
