1684248348 130.78 56.97 2255.14 39968.5
1684248358 129.82 56.9 2246.39 43947
1684248368 129.39 56.9 2226.95 42733.6
1684248378 129.36 56.9 2272.78 41100.1
1684248388 129.56 56.9 2248.19 42731.3
1684248398 121.87 56.9 0 42943.1
1684248408 129.85 56.96 16109.7 43518.8
1684248418 129.17 56.89 2274.34 42297
1684248428 129.2 56.89 2275.39 43003.1
1684248438 129.39 56.89 2253.12 42666.4
1684248448 129.19 56.89 2241.64 42833.5
1684248458 129.78 56.89 2284.77 43116.6
1684248468 126.83 56.96 15502 42959.2
1684248478 129.46 56.96 2298.15 42682.5
1684248488 130.11 56.89 2270.57 43474.1
1684248498 129.36 56.89 2273.17 43048.2
1684248508 129.56 56.89 2274.34 42988.9
1684248518 129.36 56.89 2273.17 42639.2
1684248528 129.37 56.89 2272.78 43427.5
1684248538 128.05 56.96 16994.2 42922.2
1684248548 129.63 56.89 2270.57 42780.5
1684248558 129.27 56.89 2273.17 42939.3
1684248568 129.65 56.89 2272.78 42777.8
1684248578 129.37 56.89 2273.17 42739.5
1684248588 129.2 56.89 2277.76 43130
1684248598 121.66 56.96 15340.9 43194.2
1684248608 128.92 56.96 2343.14 42248.1
1684248618 128.98 56.89 2273.17 42871.8
1684248628 129.17 56.89 2272.78 43031
1684248638 129.39 56.89 2275.39 43148.1
1684248648 129.26 56.89 2297.76 42909.3
1684248658 129.31 56.89 2293.67 43842.7
1684248668 121.47 56.96 15722.9 42063.6
1684248678 129.78 56.96 2300.39 43727.3
1684248688 129.63 56.89 2270.57 42242.5
1684248698 129.14 56.89 2255.57 42714
1684248708 129.39 56.89 2300 42844.9
1684248718 129.39 56.89 2250.39 43323.1
1684248728 129.01 56.89 2253 42133.8
1684248738 120.89 56.94 15589.6 43062.3
1684248748 129.07 56.96 18023.8 42704.8
1684248758 129.34 56.89 2265.89 42677.9
1684248768 129.76 56.89 2297.76 43423.2
1684248778 129.58 56.89 2300.39 42857
1684248788 129.75 56.89 2272.78 43300.3
1684248798 129.4 56.89 2278.15 42646
1684248808 121.69 56.96 15645.1 43672.4
1684248818 129.17 56.96 2272.78 42306.7
1684248828 130.14 56.89 2273.17 43645.3
1684248838 129.95 56.89 2272.78 43330.7
1684248848 130.24 56.89 2273.17 43785
1684248858 129.17 56.89 2274.34 42431.2
1684248868 129.95 56.89 2273.17 43020.1
1684248878 127.9 56.96 15787.7 42832
1684248888 129.08 56.89 2248.19 43059.9
1684248898 129.36 56.89 2297.76 42933.1
1684248908 129.75 56.89 2298.15 43925.1
1684248918 129.85 56.89 2297.76 43094.6
1684248928 129.85 56.89 2298.15 42861.7
1684248938 121.46 56.94 15243.7 44068.3
1684248948 129.36 56.96 17541.9 42958.4
1684248958 129.66 56.89 2272.78 43341.7
1684248968 129.44 56.89 2246 42986
1684248978 129.58 56.89 2300 42894.9
1684248988 129.39 56.89 2275.39 43146.5
1684248998 129.39 56.89 2275 43144.5
1684249008 123.82 56.96 15614.4 42929.2
1684249018 129.66 56.96 2272.78 42943.6
1684249028 129.27 56.89 2248.19 42584.2
1684249038 128.96 56.89 2263.95 43207.4
1684249048 129.31 56.89 2278.15 42428.6
1684249058 129.75 56.89 2322.73 43484.9
1684249068 129.66 56.89 2298.15 43674.5
1684249078 124.29 56.96 16269.3 42306.3
1684249088 129.58 56.96 2300.39 43155.1
1684249098 129.36 56.89 2272.78 43115.3
1684249108 129.17 56.89 2273.17 43374.8
1684249118 129.21 56.89 2278.15 42625.2
1684249128 129.25 56.89 2290.76 42970.7
1684249138 129.31 56.89 2278.15 41766.7
1684249148 124.41 56.96 16651.6 43389.8
1684249158 129.21 56.96 2268.74 42613.4
1684249168 129.49 56.89 2300 42413.7
1684249178 129.68 56.89 2275.39 43993
1684249188 129.39 56.89 2277.76 42729.6
1684249198 129.65 56.89 2298.15 43106.7
1684249208 129.17 56.89 2272.78 43014.2
1684249218 126.98 56.96 16413.5 42526.5
1684249228 129.56 56.96 2272.78 42998.6
1684249238 129.69 56.89 2275.39 42683.2
1684249248 130.04 56.89 2297.76 43774.4
1684249258 129.29 56.89 2275.39 41875.8
1684249268 129.69 56.89 2277.76 43264.2
1684249278 129.46 56.89 2273.17 42464
1684249288 127.91 56.96 17140.7 42785.9
1684249298 129.69 56.89 2228.63 42124.2
1684249308 129.31 56.89 2274.58 42306.9
1684249318 129.3 56.89 2278.15 42824
1684249328 129.49 56.89 2275 43561.7
1684249338 129.45 56.89 2289.21 42883.2
1684249348 124.47 56.96 15208.6 43009.8
1684249358 129.34 56.96 2270.96 42703.7
1684249368 130.14 56.89 2272.78 43813.8
1684249378 129.85 56.89 2273.17 43203.9
1684249388 129.78 56.89 2275 43316
1684249398 129.76 56.89 2273.17 43306.2
1684249408 121.96 56.96 14252.9 43192.6
1684249418 129.54 56.96 2274.08 42908.8
1684249428 129.7 56.89 2268.35 42772.3
1684249438 129.39 56.89 2275.39 43339.8
1684249448 129.78 56.89 2275 43316.4
1684249458 129.2 56.89 2253.39 42715.3
1684249468 130.17 56.89 2250.39 42605.5
1684249478 127.65 56.96 15670.9 42847.5
1684249488 129.88 56.96 2275.39 42735.9
1684249498 129.73 56.89 2270.57 43384.8
1684249508 130.25 56.89 2298.15 43521.9
1684249518 129.68 56.89 2275 42684
1684249528 129.65 56.89 2298.15 43200.8
1684249538 124.01 56.96 15032.2 42498.7
1684249548 130.34 56.96 2298.15 43544.2
1684249558 130.05 56.89 2272.78 43425.6
1684249568 129.59 56.89 2275.39 42976.2
1684249578 129.78 56.89 2300 42638.3
1684249588 130.05 56.89 2276.29 43392
1684249598 131.32 56.89 2307.52 43232.4
1684249608 128.02 56.96 16605.9 43281.6
1684249618 129.49 56.89 2300 43223.4
1684249628 129.47 56.89 2273.17 43551.2
1684249638 129.36 56.89 2272.78 42964.7
1684249648 129.49 56.89 2275.39 42659
1684249658 129.31 56.89 2277.76 42735.4
1684249668 124.01 56.96 15539.1 43370.9
1684249678 129.46 56.96 2272.78 43198.1
1684249688 129.88 56.89 2275.39 42815.2
1684249698 129.59 56.89 2277.76 43174.8
1684249708 129.78 56.89 2325.39 43226.6
1684249718 129.95 56.89 2322.73 43692.5
1684249728 129.56 56.89 2323.12 43582.1
1684249738 127.34 56.96 16520.3 43594.9
1684249748 129.98 56.96 2300.39 43599.6
1684249758 129.53 56.89 2270.57 42702.9
1684249768 129.98 56.89 2275.39 43139.4
1684249778 129.95 56.89 2298.15 43811.5
1684249788 129.53 56.89 2295.52 42754.8
1684249798 129.87 56.89 2284.77 43003.7
1684249808 126.84 56.96 17093.5 43459.9
1684249818 129.37 56.96 2251.31 42391.8
1684249828 129.68 56.89 2250 43348.8
1684249838 129.63 56.89 2270.96 42925.5
1684249848 129.58 56.89 2275 42835.9
1684249858 129.95 56.89 2273.17 43995.7
1684249868 123.54 56.96 14826.6 43085.9
1684249878 129.4 56.96 2228.63 42748.9
1684249888 129.36 56.89 2247.8 43116.1
1684249898 129.56 56.89 2248.19 43287.4
1684249908 129.98 56.89 2277.76 43233.7
1684249918 129.76 56.89 2298.15 43068.5
1684249928 122.64 56.96 13973.5 43034.2
1684249938 129.68 56.96 2275.39 43037.5
1684249948 129.46 56.89 2247.8 42590.1
1684249958 129.46 56.89 2273.17 43535.2
1684249968 129.63 56.89 2270.57 43447.2
1684249978 129.1 56.89 2256.48 42293.6
1684249988 129.95 56.89 2297.76 43481.4
1684249998 125.63 56.96 15990.6 43314.2
1684250008 129.85 56.96 2247.8 42759.8
1684250018 129.88 56.89 2253.39 42657.2
1684250028 129.75 56.89 2297.76 43428.7
1684250038 129.85 56.89 2298.15 43844.3
1684250048 129.68 56.89 2325 42456.6
1684250058 129.95 56.89 2273.17 43959.8
1684250068 127.44 56.96 16787.9 43136.3
1684250078 129.88 56.96 2300.39 42688.7
1684250088 129.76 56.89 2273.17 43187.1
1684250098 129.56 56.89 2272.78 43376.8
1684250108 129.95 56.89 2223.22 41926.6
1684250118 130.02 56.89 2220.66 41654.6
1684250128 129.66 56.89 2201.74 42211
1684250138 127.52 56.96 17041.6 42231.8
1684250148 130.05 56.96 2273.17 42843.7
1684250158 129.78 56.89 2278.12 43402.3
1684250168 129.69 56.96 2275.39 42993.4
1684250178 129.69 56.89 2277.76 43188.8
1684250188 129.98 56.89 2325.39 43338.7
1684250198 129.29 56.89 2275 42951.6
1684250208 128.97 56.96 17284.7 43260.9
1684250218 129.4 56.89 2302.51 42759.4
1684250228 129.95 56.89 2298.15 42987.3
1684250238 129.66 56.89 2297.76 43361.6
1684250248 129.95 56.89 2298.15 43477.5
1684250258 129.36 56.89 2272.78 42512
1684250268 124.67 56.96 15551.6 43029.8
1684250278 129.68 56.96 2275 43367.2
1684250288 129.34 56.89 2270.96 42428.1
1684250298 129.56 56.89 2272.78 43349.1
1684250308 129.88 56.89 2275.39 43476.6
1684250318 129.69 56.89 2250 42917.6
1684250328 129.79 56.89 2275.39 43425.8
1684250338 126.21 56.96 16503.3 42116.4
1684250348 129.39 56.96 2275.39 42769.1
1684250358 129.4 56.89 2231.33 42229.4
1684250368 130.24 56.89 2223.22 42967.8
1684250378 129.73 56.89 2320.47 43255
1684250388 129.66 56.89 2298.15 42917.1
1684250398 120 56.94 14692.7 41480.2
1684250408 32.95 56.94 586.21 2915.06

Execution duration: 00:34:27.27
