1684218577 130.7 56.99 2289.99 39577.1
1684218587 130.27 56.92 2275.78 42976.2
1684218597 130.27 56.92 2264.45 43173.8
1684218607 130.47 56.92 2253.12 43278.1
1684218617 130.41 56.92 2274.08 43355.6
1684218627 121.78 56.96 13882.4 43105.5
1684218637 129 56.98 16072.9 42586.6
1684218647 129.76 56.91 2272.78 42813.3
1684218657 130.24 56.91 2273.17 43374.4
1684218667 130.12 56.91 2270.96 43512.3
1684218677 129.24 56.91 2270.96 42338.8
1684218687 130.08 56.91 2276.95 43259.4
1684218697 127.4 56.98 15480.7 42745
1684218707 129.59 56.98 2253.39 42120.7
1684218717 129.69 56.91 2250 42187.5
1684218727 129.3 56.91 2228.63 42752.8
1684218737 129.88 56.91 2300 43751.6
1684218747 130.27 56.91 2250.39 42809
1684218757 129.5 56.91 2253 42299.8
1684218767 128.67 56.98 17075.2 43206.2
1684218777 130.8 56.91 2272.13 42775.8
1684218787 130.37 56.98 2300.39 44059.8
1684218797 129.56 56.91 2247.8 42397.7
1684218807 129.86 56.91 2273.17 43122.3
1684218817 129.78 56.91 2300 43159.8
1684218827 121.19 56.98 15332.4 43244.1
1684218837 129.71 56.98 2313.01 42069.5
1684218847 130.18 56.91 2275.39 43494.1
1684218857 129.69 56.91 2275 43124.2
1684218867 129.85 56.91 2273.17 42784.4
1684218877 130.24 56.91 2299.32 43976.2
1684218887 129.29 56.91 2275.39 43035.2
1684218897 122.05 56.98 15586.1 42497.1
1684218907 129.49 56.98 2250.39 42600
1684218917 129.49 56.91 2253 42662.7
1684218927 129.96 56.91 2291.44 42149.4
1684218937 129.44 56.91 2295.52 43463.2
1684218947 129.66 56.91 2273.17 43062.2
1684218957 129.56 56.91 2297.76 42655.2
1684218967 121.76 56.96 15726.4 43255.4
1684218977 129.3 56.98 18016.4 42903.9
1684218987 129.54 56.91 2246 42462.8
1684218997 129.97 56.91 2253 43301.7
1684219007 129.56 56.91 2273.17 42910.8
1684219017 130.84 56.91 2272.78 42614.6
1684219027 129.46 56.91 2273.17 43130.9
1684219037 121.95 56.98 15564.1 42779.7
1684219047 129.59 56.98 2327.66 42372.5
1684219057 129.3 56.91 2253.39 41878.1
1684219067 129.2 56.91 2275 42915.2
1684219077 130.05 56.91 2273.17 43451.7
1684219087 129.4 56.91 2250 42812.5
1684219097 129.78 56.91 2253.39 42520.3
1684219107 127.94 56.98 15628.1 43215.6
1684219117 129.29 56.98 2275.39 42482.8
1684219127 129.5 56.91 2277.76 42974.1
1684219137 130.17 56.91 2275.39 42872.3
1684219147 129.73 56.91 2272.13 42871.3
1684219157 129.78 56.91 2300.39 43588.7
1684219167 130.27 56.98 2275 43034.8
1684219177 128.3 56.98 17292.1 42823.8
1684219187 129.78 56.91 2250 42391
1684219197 129.39 56.91 2253.39 42631.3
1684219207 129.85 56.91 2272.78 43601.6
1684219217 129.83 56.91 2270.96 43014
1684219227 129.79 56.98 2275 42752.7
1684219237 122.54 56.98 15207.7 43013.2
1684219247 130.15 56.98 2266.15 42521
1684219257 129.78 56.91 2275.39 42987.5
1684219267 129.73 56.91 2270.57 43089.3
1684219277 129.81 56.91 2299.42 43510.3
1684219287 130.08 56.91 2275 42818.4
1684219297 129.98 56.91 2300.39 43444.9
1684219307 123.54 56.98 15836.4 42712
1684219317 129.46 56.98 2298.15 42997.1
1684219327 129.66 56.91 2272.78 43109.1
1684219337 129.86 56.91 2298.15 43234.7
1684219347 129.8 56.91 2318.21 43644
1684219357 129.4 56.91 2276.95 42950.8
1684219367 129.78 56.91 2302.51 42822.8
1684219377 123.42 56.98 16361 43146.2
1684219387 129.1 56.98 2253.39 42273.5
1684219397 129.39 56.91 2300.39 42991.8
1684219407 129.37 56.91 2248.19 43097
1684219417 129.66 56.91 2297.76 42872.2
1684219427 129.88 56.91 2300.39 43841.8
1684219437 129.57 56.91 2272.78 43289.4
1684219447 125.63 56.98 16138.1 42916.1
1684219457 129.66 56.98 2297.76 43077.8
1684219467 129.26 56.91 2273.17 42979.5
1684219477 129.65 56.91 2297.76 43324.5
1684219487 129.37 56.91 2298.15 43293.3
1684219497 130.15 56.91 2297.76 43978.2
1684219507 129.85 56.91 2298.15 42508.5
1684219517 127.25 56.98 16957.4 42451.6
1684219527 130.05 56.98 2298.15 43268.3
1684219537 129.63 56.91 2270.57 43037.8
1684219547 129.75 56.91 2298.15 43307.3
1684219557 129.56 56.91 2272.78 42888.6
1684219567 130.17 56.91 2250.39 43120.7
1684219577 125.43 56.98 14835.4 42556.1
1684219587 129.98 56.98 2275.39 43334
1684219597 129.46 56.91 2247.8 42465.6
1684219607 129.66 56.91 2298.15 43110.2
1684219617 129.98 56.91 2300 43999.6
1684219627 129.2 56.91 2250.39 42718.8
1684219637 129.78 56.91 2291.8 43030.5
1684219647 129.19 56.98 16243.8 43478.9
1684219657 129.56 56.91 2272.78 42329.8
1684219667 130.05 56.91 2248.19 43077.1
1684219677 129.56 56.91 2272.78 42705.6
1684219687 129.59 56.91 2275.39 43090.6
1684219697 129.68 56.91 2275 43301.2
1684219707 126.4 56.98 15367.1 42473.9
1684219717 129.66 56.98 2297.76 42748.9
1684219727 129.69 56.91 2275.39 43089.1
1684219737 129.56 56.91 2273.17 42691.1
1684219747 129.4 56.91 2277.76 43000.4
1684219757 129.78 56.91 2275.39 43520.7
1684219767 124.01 56.98 14827.7 43449.8
1684219777 129.17 56.98 2273.17 42192
1684219787 129.69 56.91 2275 42786.3
1684219797 129.66 56.91 2273.17 43298.3
1684219807 129.43 56.9 2272.52 42503.3
1684219817 130.73 56.9 2255.6 42817.9
1684219827 129.65 56.9 2267.45 42177.7
1684219837 126.57 56.97 16204.7 42369.1
1684219847 129.39 56.97 2275 42973.1
1684219857 129.66 56.9 2298.15 43905.2
1684219867 129.46 56.9 2272.78 43358.1
1684219877 129.59 56.9 2300.39 43117.6
1684219887 129.06 56.9 2288.82 43169.7
1684219897 122.36 56.97 15100 43307
1684219907 129.39 56.97 2300 42742.2
1684219917 129.76 56.9 2273.17 42506.2
1684219927 129.98 56.9 2300 43164.4
1684219937 129.17 56.9 2273.17 42969.8
1684219947 130.05 56.9 2322.73 43537.9
1684219957 129.76 56.9 2298.15 42881.2
1684219967 124.68 56.97 16029.7 43238.6
1684219977 129.21 56.97 2278.15 41865
1684219987 129.45 56.9 2282.17 42730.6
1684219997 130.11 56.9 2295.91 43081.5
1684220007 130.05 56.9 2272.78 42719.2
1684220017 129.78 56.9 2300.39 43753.1
1684220027 129.56 56.9 2297.76 43231.2
1684220037 125.26 56.97 16569.4 42752.8
1684220047 129.29 56.97 2262.65 42676.2
1684220057 129.17 56.9 2223.22 42437.8
1684220067 129.47 56.9 2226.48 43152.8
1684220077 128.98 56.9 2248.19 42586.9
1684220087 129.39 56.9 2275.39 43164.1
1684220097 121.08 56.97 14138.5 42596.5
1684220107 129.2 56.97 16451.9 42689.4
1684220117 129 56.9 2259.55 42754.2
1684220127 129.27 56.9 2223.22 43071.2
1684220137 129.37 56.9 2272.78 42631
1684220147 129.4 56.9 2278.15 42533.8
1684220157 129.74 56.9 2263.95 43122.2
1684220167 127.51 56.97 15497.4 42213.1
1684220177 129.17 56.9 2272.78 43200.4
1684220187 129.85 56.9 2248.19 43905.2
1684220197 129.26 56.9 2272.78 42753.6
1684220207 129.68 56.9 2306.64 43216.4
1684220217 129.92 56.9 2270.57 42648.3
1684220227 122.74 56.97 15281.9 43334.2
1684220237 129.07 56.97 2272.78 42368.4
1684220247 129.98 56.9 2275.39 43408.6
1684220257 129.69 56.9 2250 42850.8
1684220267 129.66 56.9 2273.17 43123.1
1684220277 129.49 56.9 2275 43035.6
1684220287 129.66 56.9 2298.15 43333.1
1684220297 123.92 56.97 15962.5 42429.7
1684220307 129.98 56.97 2300.39 43087.5
1684220317 129.37 56.9 2272.78 42583
1684220327 129.46 56.9 2273.17 43436.9
1684220337 129.59 56.9 2275 43076.6
1684220347 129.68 56.9 2300.39 43155.1
1684220357 129.98 56.9 2275 43401.9
1684220367 124.7 56.97 16433.6 42801.9
1684220377 129.96 56.97 2241.25 42538.9
1684220387 129.14 56.9 2277.2 42989.1
1684220397 129.3 56.9 2253 43470.4
1684220407 129.57 56.9 2298.15 43658.9
1684220417 129.78 56.9 2300.39 42907
1684220427 129.46 56.9 2248.19 42981.8
1684220437 126.66 56.97 16676.6 43315.2
1684220447 129.39 56.97 2300 43297.7
1684220457 129.5 56.9 2268.74 42340.8
1684220467 129.86 56.9 2297.76 43893.1
1684220477 130.06 56.9 2291.44 42423.3
1684220487 129.69 56.9 2275 42129.3
1684220497 121.87 56.97 14808.9 42628.6
1684220507 129.17 56.97 2247.8 42584.6
1684220518 129.2 56.9 2253.39 42566.3
1684220527 129.39 56.9 2275 43628.5
1684220537 129.2 56.9 2275.39 42760.9
1684220547 129.78 56.9 2275 43478.9
1684220557 129.17 56.9 2248.19 42716.1
1684220568 123.4 56.97 15711 42636.8
1684220577 129.47 56.97 2298.15 43171.9
1684220587 129.39 56.97 2275 42976.9
1684220597 129.49 56.9 2275.39 42824.6
1684220607 129.69 56.9 2300 43275.4
1684220617 129.29 56.9 2300.39 42994.9
1684220627 129.29 56.9 2300 42755.1
1684220637 70.31 56.95 15172.7 16000

Execution duration: 00:34:30.30
