1684197779 129.97 56.68 2259.54 39997.3
1684197789 130.1 56.68 2262.53 44150.3
1684197799 130.24 56.68 2279.41 44489.8
1684197809 129.88 56.68 2281.25 44521.5
1684197819 130.24 56.68 2301.27 45692.9
1684197829 121.63 56.74 13930.2 44457.3
1684197839 129.72 56.74 2336.7 44538.6
1684197849 129.58 56.67 2275 45080.9
1684197859 129.5 56.67 2253.39 44369.1
1684197869 130.01 56.67 2270.96 44408.6
1684197879 130.24 56.67 2247.8 44126.4
1684197889 129.63 56.67 2246 43515.8
1684197899 126.73 56.74 15520.7 43940.5
1684197909 130.5 56.67 2302.64 44781.6
1684197919 130.06 56.67 2291.05 44916.7
1684197929 129.95 56.67 2273.17 45018.5
1684197939 129.78 56.67 2275 44791
1684197949 129.96 56.74 2273.17 45139.9
1684197959 130.37 56.67 2300 44407.4
1684197969 128.97 56.74 17268.3 44862.4
1684197979 129.85 56.67 2279.02 43738.2
1684197989 130.18 56.67 2300.39 44708.2
1684197999 129.65 56.67 2272.78 44505.8
1684198009 129.5 56.67 2278.15 44483.9
1684198019 130.35 56.67 2297.76 44826.2
1684198029 122.14 56.74 15492.3 44529.6
1684198039 129.46 56.67 2257.36 44393
1684198049 129.98 56.67 2278.15 43978.7
1684198059 130.43 56.67 2272.78 45089.6
1684198069 129.98 56.67 2300.39 44857.8
1684198079 129.59 56.67 2282.4 44275.1
1684198089 130.02 56.67 2320.86 44758.7
1684198099 122.56 56.74 15913.3 44860.2
1684198109 129.86 56.67 2298.15 44851.1
1684198119 129.31 56.67 2268.35 44813.2
1684198129 129.5 56.67 2302.9 44273.1
1684198139 130.14 56.67 2297.76 44565.1
1684198149 129.46 56.67 2273.17 44804.3
1684198159 130.34 56.67 2322.73 45353.4
1684198169 122.35 56.74 16051.1 44627.9
1684198179 130.08 56.67 2300 45053.9
1684198189 129.85 56.67 2273.17 43692.5
1684198199 129.95 56.67 2273.17 44741.8
1684198209 129.81 56.67 2286.6 44500.6
1684198219 130.37 56.67 2300.39 44996.5
1684198229 130.27 56.67 2300 44701.6
1684198239 122.76 56.74 15929.7 44122.7
1684198249 129.98 56.67 2300 44692.6
1684198259 129.81 56.67 2262.14 44588
1684198269 130.3 56.67 2295.52 45660.8
1684198279 130.05 56.67 2298.15 44792.2
1684198289 130.09 56.67 2318.21 44730.7
1684198299 129.75 56.67 2273.17 44218.9
1684198309 128.94 56.74 16009.3 43612
1684198319 130.05 56.67 2273.17 44693.5
1684198329 129.95 56.67 2322.73 44732.5
1684198339 129.75 56.67 2298.15 44560.8
1684198349 130.1 56.67 2288.15 44336.3
1684198359 129.75 56.67 2298.15 45176.2
1684198369 122.74 56.74 15619.9 44586.9
1684198379 129.38 56.67 2266.54 43826.5
1684198389 129.24 56.67 2245.61 44071.3
1684198399 129.69 56.67 2278.15 44960.2
1684198409 130.27 56.67 2300 45016
1684198419 129.75 56.67 2323.12 44970.2
1684198429 129.75 56.67 2272.78 44466.3
1684198439 125.16 56.74 15940.7 45130.5
1684198449 129.76 56.67 2272.78 44190.1
1684198459 130.07 56.67 2275.39 44984.8
1684198469 129.72 56.67 2270.57 44904.1
1684198479 129.75 56.67 2298.15 44148.3
1684198489 130.41 56.67 2301.76 45478
1684198499 130.01 56.67 2270.96 44702.5
1684198509 125.92 56.74 16557.9 44280.3
1684198519 129.46 56.67 2273.17 44158.8
1684198529 130.54 56.67 2323.12 44853.1
1684198539 129.53 56.67 2295.52 44778.9
1684198549 129.95 56.67 2298.15 44513.9
1684198559 129.21 56.67 2277.76 44281.6
1684198569 130.34 56.67 2299.71 44399.6
1684198579 126.25 56.75 17016.2 45470.1
1684198589 129.95 56.68 2273.17 44283.7
1684198599 129.91 56.68 2270.57 44086.2
1684198609 130.01 56.68 2295.91 45339.2
1684198619 129.6 56.68 2268.35 44052.2
1684198629 130.44 56.68 2323.12 45402.2
1684198639 130.05 56.68 2297.76 45320.2
1684198649 128.59 56.74 16952.6 44489.8
1684198659 130.44 56.67 2272.78 44325.8
1684198669 130.14 56.67 2273.17 44710.6
1684198679 129.76 56.67 2297.76 44639.6
1684198689 129.54 56.67 2270.96 44523.6
1684198699 130.34 56.67 2297.76 44803.5
1684198709 121.73 56.74 15377.8 44803.5
1684198719 129.75 56.74 2372.68 44230.2
1684198729 129.99 56.67 2268.74 44483.7
1684198739 130.83 56.67 2297.76 45482.9
1684198749 129.79 56.67 2293.67 45366.3
1684198759 129.92 56.67 2295.52 45007.4
1684198769 129.56 56.67 2298.15 44071.4
1684198779 126.45 56.74 15772.9 44411.3
1684198789 129.01 56.67 2278.15 42446.8
1684198799 130.16 56.67 2266.15 44538.5
1684198809 130.36 56.67 2266.54 44762.3
1684198819 129.99 56.67 2187.57 42138.6
1684198829 130.39 56.67 2193.96 43640.9
1684198839 123.58 56.74 14588.7 44201.6
1684198849 130.08 56.67 2253.39 42361.7
1684198859 130.34 56.67 2224.78 43985.2
1684198869 130.6 56.67 2245.61 44110.3
1684198879 131 56.67 2246 44607
1684198889 130.38 56.67 2268.35 43790.8
1684198899 130.02 56.67 2246 44673.3
1684198909 128.49 56.74 15877.9 44131.9
1684198919 130.12 56.67 2270.96 43344.2
1684198929 130.8 56.67 2270.57 45000.4
1684198939 130.31 56.67 2246 44386
1684198949 129.77 56.67 2234.72 42083
1684198959 130.21 56.67 2270.96 44564.1
1684198969 124.98 56.74 15018 42741.9
1684198979 130.6 56.67 2308.39 43739.6
1684198989 130.63 56.67 2297.76 45248.4
1684198999 130.09 56.67 2243.82 44338.5
1684199009 130.21 56.67 2270.57 44504.9
1684199019 130.41 56.74 2275.25 44024.9
1684199029 131.59 56.74 2241.47 41357
1684199039 128.36 56.74 16526.3 44120.5
1684199049 129.95 56.74 2302.05 44229.5
1684199059 130.08 56.67 2268.74 43807.6
1684199069 129.81 56.74 2236.89 43986.4
1684199079 130.24 56.67 2273.17 44784
1684199089 130.83 56.67 2272.78 44830.1
1684199099 123.97 56.74 15312.7 44021.4
1684199109 130.31 56.67 2303.32 45230.4
1684199119 130.39 56.67 2243.82 44995.9
1684199129 129.75 56.67 2275.56 41498
1684199139 129.73 56.67 2246 43543.1
1684199149 130.07 56.67 2228.24 42504.1
1684199159 130.32 56.67 2270.96 45107.2
1684199169 124.76 56.74 16090.8 43682.3
1684199179 130.24 56.67 2273.17 44209.9
1684199189 130.48 56.74 2268.35 44160.1
1684199199 130.15 56.67 2273.17 44350.8
1684199209 130.51 56.74 2295.52 45040.6
1684199219 130.01 56.67 2270.96 44842.9
1684199229 130.14 56.67 2272.78 44464
1684199239 124.87 56.74 16556.9 44482.3
1684199249 129.57 56.74 2250.82 41834.2
1684199259 131.48 56.67 2221.05 43819.9
1684199269 131.26 56.67 2218.5 44379
1684199279 130.97 56.67 2237.28 41935.2
1684199289 131.09 56.74 2246 44385.6
1684199299 131.09 56.74 2246 44854.6
1684199309 130.02 56.74 16293.2 43649.5
1684199319 129.83 56.67 2170.76 43002.7
1684199329 130.09 56.67 2243.82 43946.2
1684199339 130.02 56.67 2245.61 44386.3
1684199349 130.14 56.67 2298.15 45295.6
1684199359 129.92 56.74 2295.52 44432.8
1684199369 127.68 56.74 15320.9 43345.8
1684199379 130.14 56.74 2272.78 43989.8
1684199389 130.12 56.67 2270.96 43784.8
1684199399 129.37 56.67 2247.8 44535.8
1684199409 130.05 56.67 2298.15 44032.4
1684199419 129.65 56.74 2239.07 43449.9
1684199429 121.69 56.74 14984.3 41752.2
1684199439 130.17 56.74 2300 44865.6
1684199449 130.24 56.67 2273.17 44311.4
1684199459 129.92 56.74 2270.57 44317
1684199469 130.28 56.74 2293.67 43722.3
1684199479 129.75 56.67 2297.76 44013.7
1684199489 129.93 56.67 2270.96 43540.3
1684199499 123.77 56.74 15788.7 43308
1684199509 129.63 56.67 2270.96 44098.2
1684199519 129.66 56.67 2247.8 43911.4
1684199529 128.99 56.67 2226.48 42590.9
1684199539 129.3 56.67 2277.76 42661.1
1684199549 129.95 56.67 2298.15 43670.2
1684199559 129.73 56.67 2270.57 43685
1684199569 124.28 56.74 16134.6 42587.6
1684199579 129.9 56.74 2268.35 43638.9
1684199589 129.76 56.74 2273.17 43686.6
1684199599 130.21 56.74 2295.52 43845.6
1684199609 130.5 56.67 2297.47 44118.1
1684199619 129.88 56.67 2284.38 42478
1684199629 130.11 56.67 2270.96 44120.9
1684199639 126.31 56.74 16373.7 42377.6
1684199649 130.02 56.67 2295.91 43531.8
1684199659 129.92 56.67 2289.21 43464.3
1684199669 129.79 56.67 2300 43201.2
1684199679 130.28 56.67 2325.39 42803.1
1684199689 130.05 56.67 2297.76 44053.8
1684199699 122.54 56.74 14847 42777.5
1684199709 130.02 56.67 2270.57 42965.3
1684199719 130.21 56.67 2270.96 42556.7
1684199729 129.83 56.67 2245.61 42886.2
1684199739 129.98 56.67 2278.15 43254.6
1684199749 130.08 56.67 2275 43636.7
1684199759 130.53 56.67 2298.15 43688.2
1684199769 124.27 56.74 15883.4 42234.3
1684199779 129.54 56.67 2270.96 43341.5
1684199789 130.04 56.67 2257.36 42295.7
1684199799 129.86 56.67 2298.15 43146.9
1684199809 130.11 56.67 2297.08 43445.2
1684199819 130.04 56.74 2273.17 42896
1684199829 130.21 56.67 2270.57 42961.4
1684199839 67.22 56.72 15145.9 13784

Execution duration: 00:34:30.30
