1684296604 120.97 56.86 0 1754.84
1684296605 120.97 56.86 0 412.9
1684296606 126.83 56.86 0 936.59
1684296607 125.2 56.86 0 650.41
1684296608 123.02 56.86 0 634.92
1684296609 125 56.86 0 361.29
1684296610 118.11 56.86 3.15 31.5
1684296611 126.02 56.93 0 3.25
1684296612 120 56.93 0 0
1684296613 131.71 56.86 0 0
1684296614 125.81 56.86 0 0
1684296615 124.19 56.86 0 0
1684296616 117.73 56.86 0 0
1684296617 120.59 56.86 0 0
1684296618 126.61 56.86 0 0
1684296619 123.02 56.86 0 0
1684296620 126.61 56.86 0 0
1684296621 125.4 56.86 0 0
1684296622 126.19 56.86 0 0
1684296623 137.9 56.86 690.32 525.81
1684296624 54.03 56.93 1503.23 4903.23

Execution duration: 00:00:24.24
