1684273769 118.9 56.86 0 1662.99
1684273770 120.63 56.86 0 609.52
1684273771 118.25 56.93 3.17 412.7
1684273772 119.84 56.86 3.17 34.92
1684273773 124.8 56.86 0 3.2
1684273774 127.56 56.86 0 0
1684273775 124.19 56.86 0 0
1684273776 121.26 56.86 0 0
1684273777 126.02 56.86 0 0
1684273778 124 56.86 0 0
1684273779 120.47 56.86 0 0
1684273780 125.2 56.86 0 0
1684273781 120.47 56.86 0 0
1684273782 126.61 56.86 0 0
1684273783 122.05 56.86 0 0
1684273784 130.71 56.86 0 0
1684273785 129.84 56.86 0 0
1684273786 127.42 56.86 0 0
1684273787 115.75 56.93 1111.81 1404.72
1684273788 29.36 56.93 628.57 4352.38

Execution duration: 00:00:23.23
