1684262382 130.67 56.96 2262.9 39705.6
1684262392 129.92 56.89 2246.39 43701.8
1684262402 130.22 56.89 2224.17 44325.5
1684262412 130.32 56.89 2298.64 45474.1
1684262422 130.11 56.89 2299.03 44859.7
1684262432 121.93 56.94 13845.2 44964.1
1684262442 129.95 56.96 16050.6 43441.9
1684262452 130.32 56.96 2295.52 45103.7
1684262462 130.4 56.89 2320.86 45058.5
1684262472 130.09 56.89 2293.67 44095
1684262482 130.31 56.89 2295.52 45033.1
1684262492 130.53 56.89 2324.68 45441.6
1684262502 128.26 56.96 15786 44062
1684262512 130.21 56.89 2270.96 44011.3
1684262522 130.31 56.89 2270.57 44697.9
1684262532 130.12 56.89 2270.96 44961.8
1684262542 129.99 56.89 2293.28 44012.5
1684262552 129.82 56.89 2295.91 44887.7
1684262562 121.64 56.94 15130.2 44431.6
1684262572 129.37 56.96 17299.3 41962.5
1684262582 130.12 56.89 2300.2 43729
1684262592 130.03 56.89 2289.21 43612.1
1684262602 130.22 56.89 2320.47 44587.5
1684262612 130.02 56.89 2295.91 44448.3
1684262622 129.82 56.89 2320.47 44279.5
1684262632 124 56.96 15730.6 44623.9
1684262642 130.12 56.89 2295.52 42853.4
1684262652 129.71 56.89 2268.74 42484.5
1684262662 130.22 56.89 2270.57 43840.9
1684262672 130.02 56.89 2295.91 44078.4
1684262682 130.21 56.89 2297.08 44257.7
1684262692 129.9 56.89 2268.74 43075.8
1684262702 123.81 56.96 16147.5 43760.4
1684262712 129.77 56.89 2300.68 42733.9
1684262722 130.41 56.89 2270.57 43347.4
1684262732 129.95 56.89 2300.68 43409.5
1684262742 130.21 56.89 2295.52 43382.5
1684262752 130.02 56.89 2320.86 44216.4
1684262762 130.14 56.89 2323.12 43842.3
1684262772 123.86 56.96 16368.5 43393.6
1684262782 130.11 56.89 2295.91 42784.4
1684262792 130.02 56.89 2270.57 43061.2
1684262802 130.11 56.89 2295.91 43740.3
1684262812 130.12 56.89 2295.52 43060
1684262822 129.88 56.89 2253.39 43231.7
1684262832 129.47 56.89 2275.56 42225.7
1684262842 124.64 56.96 16156.1 42728.9
1684262852 129.53 56.89 2270.57 43330.6
1684262862 129.43 56.89 2255.57 42691.2
1684262872 129.92 56.89 2295.52 42899
1684262882 129.89 56.89 2293.67 43900.3
1684262892 130.1 56.89 2311.46 43148.3
1684262902 122.71 56.96 14199.2 43071.3
1684262912 129.99 56.96 2268.35 42882.2
1684262922 129.92 56.89 2295.91 43428.5
1684262932 130.8 56.89 2270.57 43219.1
1684262942 129.83 56.89 2295.91 43858.1
1684262952 129.82 56.89 2297.08 42896.3
1684262962 130.29 56.89 2293.67 43246
1684262972 124.34 56.96 15988.3 42916.1
1684262982 129.85 56.89 2298.15 43017.8
1684262992 129.66 56.89 2272.78 43087.6
1684263002 129.9 56.89 2293.67 43369
1684263012 129.89 56.89 2293.67 43308.7
1684263022 130.33 56.89 2288.82 43123
1684263032 130.23 56.89 2338.97 43698
1684263042 126.61 56.96 16398.8 42851.5
1684263052 130.05 56.89 2273.17 42848.4
1684263062 130.19 56.89 2268.35 43263.9
1684263072 130.09 56.89 2293.67 43744.1
1684263082 129.62 56.89 2288.15 43060.2
1684263092 129.28 56.89 2275.95 42606.8
1684263102 130.34 56.89 2297.76 43012.7
1684263112 128.58 56.96 17118.8 42910.1
1684263122 129.7 56.89 2293.28 43541.6
1684263132 129.99 56.89 2293.67 43448.9
1684263142 130.32 56.89 2295.52 43965.3
1684263152 129.42 56.89 2286.99 42706
1684263162 130.11 56.89 2297.08 43334.9
1684263172 129.56 56.89 2300.68 42776
1684263182 128.26 56.96 17518.9 42918.1
1684263192 129.76 56.89 2275.95 42791.9
1684263202 130 56.89 2268.35 43280.6
1684263212 130.32 56.89 2295.91 43012.5
1684263222 129.65 56.89 2282.17 43047.7
1684263232 129.88 56.89 2278.15 42584.9
1684263242 122.84 56.96 15219.4 43734.5
1684263252 129.46 56.96 2251.21 42447.2
1684263262 129.56 56.89 2275.56 42677.9
1684263272 129.7 56.89 2268.74 42253.2
1684263282 130.22 56.89 2295.52 43331.4
1684263292 130.34 56.89 2298.15 43713.9
1684263302 130.41 56.89 2295.91 44080.7
1684263312 123.75 56.96 15935.7 42916.8
1684263322 130.02 56.89 2295.91 42827.7
1684263332 129.53 56.89 2270.57 43094.7
1684263342 130.21 56.89 2295.91 43481.9
1684263352 130.31 56.89 2295.52 43293.2
1684263362 129.83 56.89 2270.96 42916.2
1684263372 129.78 56.89 2284.38 43498.7
1684263382 128.68 56.96 16372.7 43073.2
1684263392 129.76 56.89 2275.56 42614.9
1684263402 129.92 56.89 2295.91 43637.4
1684263412 130.21 56.89 2270.57 43587.5
1684263422 130.24 56.89 2298.15 43500.1
1684263432 130.14 56.89 2272.78 43675.3
1684263442 126.97 56.96 15471.9 42438.9
1684263452 130.41 56.89 2272.13 42992.6
1684263462 130.02 56.89 2295.91 44137.6
1684263472 130.8 56.89 2295.52 42847.2
1684263482 130.41 56.89 2295.91 43640.6
1684263492 130.04 56.89 2272.78 43011.1
1684263502 124.29 56.96 14827.7 43327.6
1684263512 129.83 56.89 2295.52 43274.8
1684263522 129.74 56.89 2264.34 42996.3
1684263532 129.92 56.89 2295.52 43067.4
1684263542 130.54 56.89 2298.15 43497.4
1684263552 130.04 56.89 2298.15 43258.2
1684263562 129.95 56.89 2264.98 43067.3
1684263572 129.26 56.96 16479.6 43155.1
1684263582 130.12 56.89 2295.52 43078
1684263592 130.33 56.89 2298.15 43281.6
1684263602 130.19 56.89 2268.35 43159.9
1684263612 130.92 56.95 2273.95 43086.1
1684263622 131.35 56.88 2275.36 43373.7
1684263632 126.29 56.95 15666.5 42949.6
1684263642 130.21 56.88 2295.91 43090.8
1684263652 130.31 56.88 2295.91 43315.8
1684263662 130.47 56.88 2293.28 43554.8
1684263672 130.31 56.88 2270.96 43015.6
1684263682 130.51 56.95 2270.57 43310.7
1684263692 129.92 56.95 2262.77 42710.7
1684263702 129.92 56.95 16973.1 43640.5
1684263712 130.48 56.88 2293.67 42864.3
1684263722 130.28 56.88 2268.35 42675.8
1684263732 130.34 56.88 2298.15 43217.9
1684263742 130.31 56.88 2295.52 43005.1
1684263752 130.28 56.88 2293.67 42393.4
1684263762 123.81 56.95 15675.8 43477.9
1684263772 129.82 56.88 2295.91 43130.2
1684263782 130.05 56.88 2306.98 42799.2
1684263792 130.51 56.88 2295.91 43910.7
1684263802 130.21 56.88 2295.52 43745.4
1684263812 130.53 56.88 2323.12 43721.8
1684263822 130.05 56.88 2323.12 43372.5
1684263832 124.59 56.95 16394.2 43898.9
1684263842 129.3 56.88 2263.04 42285.6
1684263852 129.73 56.88 2270.57 43053.8
1684263862 129.77 56.88 2266.54 43132.3
1684263872 130.54 56.88 2297.76 43813.1
1684263882 130.25 56.88 2291.44 43393.4
1684263892 121.93 56.93 14148.9 43155.2
1684263902 129.47 56.95 16301.8 42612.2
1684263912 129.82 56.88 2270.57 42593.4
1684263922 129.77 56.88 2266.54 43565.8
1684263932 130.07 56.88 2284.38 42720.5
1684263942 129.92 56.88 2320.86 43524
1684263952 130.14 56.88 2297.76 43993.8
1684263962 128.66 56.95 15582.1 42707.2
1684263972 130.02 56.88 2270.57 43236.3
1684263982 129.56 56.88 2226.48 43179.1
1684263992 129.46 56.88 2282.17 42814.7
1684264002 129.74 56.88 2289.21 42893.7
1684264012 129.88 56.88 2262.65 43098.3
1684264022 123.15 56.95 15386.8 43147.5
1684264032 130.18 56.88 2318.21 43181.3
1684264042 130.01 56.88 2295.91 43181.3
1684264052 129.32 56.88 2261.75 42728.9
1684264062 129.96 56.88 2298.15 43786.9
1684264072 129.75 56.88 2282.17 42449.6
1684264082 130.31 56.88 2295.91 43871.3
1684264092 125.34 56.95 16281.1 42674.5
1684264102 129.63 56.88 2270.57 42751.7
1684264112 129.56 56.88 2298.15 43118.1
1684264122 130.11 56.88 2270.57 43274.5
1684264132 130.47 56.88 2300.39 43146.9
1684264142 129.99 56.88 2293.28 43550.5
1684264152 129.92 56.88 2295.91 43409.4
1684264162 127 56.95 16800.4 42812.9
1684264172 130.22 56.88 2270.96 42634.3
1684264182 130.17 56.88 2253 43095.9
1684264192 130.35 56.88 2277.85 42672
1684264202 129.57 56.88 2275.56 43092.6
1684264212 129.55 56.88 2289.21 42787.9
1684264222 129.92 56.88 2295.52 43958.3
1684264232 128.17 56.95 17068.2 42809.8
1684264242 129.75 56.88 2322.73 43068.1
1684264252 130.01 56.88 2320.86 43348.2
1684264262 129.75 56.88 2297.76 43411.5
1684264272 130.5 56.88 2320.86 43474.8
1684264282 129.82 56.88 2295.52 42688.1
1684264292 124.48 56.95 15463.4 43792
1684264302 129.77 56.88 2291.05 42598.1
1684264312 130.25 56.88 2298.15 43684.7
1684264322 129.62 56.88 2270.57 42600.8
1684264332 129.75 56.88 2298.15 43468.9
1684264342 129.73 56.88 2270.57 43148.2
1684264352 129.82 56.88 2295.91 43182.1
1684264362 126.51 56.95 16507.2 43545.4
1684264372 129.69 56.88 2243.82 42686.7
1684264382 129.73 56.88 2270.96 42609
1684264392 130.21 56.88 2295.52 43624.9
1684264402 130.24 56.88 2298.15 43785.4
1684264412 129.66 56.88 2272.78 42230.6
1684264422 120.49 56.93 14649.4 42409
1684264432 35.34 56.93 558.45 3236.51

Execution duration: 00:34:17.17
