1684301042 100.38 56.93 0 0
1684301047 100.38 56.86 0 47.42
1684301052 100.38 56.86 0 123.9
1684301057 100.57 56.86 0 0
1684301062 100.19 56.86 0 0
1684301067 100.38 56.86 0 0
1684301072 100.19 56.86 0 0
1684301077 100 56.86 0 0
1684301082 100.57 56.86 0 0
1684301087 100.19 56.86 0 0
1684301092 100.57 56.86 0 0
1684301097 100.38 56.86 0 0
1684301102 100.77 56.86 0 0
1684301107 100 56.86 0 0
1684301112 100.57 56.86 0 0
1684301117 100.19 56.86 0 0
1684301122 100.57 56.86 0 0
1684301127 100.19 56.86 0 0
1684301132 100.38 56.86 0 0
1684301137 100.19 56.86 0 0
1684301142 100.38 56.86 0 0
1684301147 100.57 56.86 0 0
1684301152 100.57 56.86 0 0
1684301157 100.38 56.86 0 0
1684301162 100.57 56.86 0 0
1684301167 99.81 56.86 0 0
1684301172 100.57 56.86 0 0
1684301177 100.37 56.86 0 0
1684301182 100.38 56.86 0 0
1684301187 100.57 56.86 0 0
1684301192 100.57 56.86 0 0
1684301197 100.19 56.86 0 0
1684301202 100.19 56.86 0 0
1684301207 100.57 56.86 0 0
1684301212 100.38 56.86 0 0
1684301217 100.57 56.86 0 0
1684301222 100 56.86 0 0
1684301227 100.57 56.86 0 0
1684301232 100.57 56.86 0 0
1684301237 100.19 56.86 0 0
1684301242 100.57 56.86 0 0
1684301247 100 56.86 0 0
1684301252 100.38 56.86 0 0
1684301257 100.19 56.86 0 0
1684301262 100.19 56.86 0 0
1684301267 100.38 56.86 0 0
1684301272 100.38 56.86 0 0
1684301277 100.57 56.86 0 0
1684301282 100.38 56.86 0 0
1684301287 100.38 56.86 0 0
1684301292 100.19 56.86 0 0
1684301297 100.38 56.86 0 0
1684301302 100.19 56.86 0 0
1684301307 100.38 56.86 0 0
1684301312 100.57 56.86 0 0
1684301317 100.57 56.86 0 0
1684301322 100.38 56.86 0 0
1684301327 100.38 56.86 0 0
1684301332 100.38 56.86 0 0
1684301337 100.57 56.86 0 0
1684301342 100 56.86 0 0
1684301347 100 56.86 0 0
1684301352 100.76 56.86 0 0
1684301357 100.19 56.86 0 0
1684301362 73.61 56.93 0 0.76

Execution duration: 00:05:27.27
