1684202447 130.51 56.74 2285.77 42129.4
1684202457 129.57 56.67 2273.56 40577.2
1684202467 129.78 56.67 2261.33 43000.8
1684202477 129.69 56.67 2253 42789.9
1684202487 130.43 56.67 2298.15 44021.8
1684202497 121.83 56.72 13846.8 42681.9
1684202507 129.18 56.75 16133.9 42345.4
1684202517 130.14 56.68 2297.76 43646.4
1684202527 130.24 56.68 2298.15 43355.7
1684202537 129.95 56.68 2274.73 43531.7
1684202547 129.95 56.68 2273.17 43122.7
1684202557 129.47 56.68 2251.21 42588.6
1684202567 127.62 56.75 15626.5 42830.4
1684202577 129.75 56.75 2257.75 42070.5
1684202587 129.78 56.68 2275 43613.3
1684202597 129.27 56.68 2273.17 42552.6
1684202607 129.4 56.68 2279.31 42571
1684202617 129.73 56.68 2295.91 42916.2
1684202627 129.76 56.68 2297.76 43409.2
1684202637 128.29 56.75 17241.8 42395.7
1684202647 129.11 56.68 2253 42200.8
1684202657 129.47 56.68 2298.15 43473.9
1684202667 129.46 56.68 2272.78 42725.5
1684202677 129.03 56.68 2262.14 42375.2
1684202687 129.5 56.68 2282.4 43286.3
1684202697 121.86 56.75 15465.8 42630.2
1684202707 129.4 56.75 2277.76 42972.2
1684202717 129.56 56.68 2273.17 43122.3
1684202727 129.56 56.68 2272.78 43371.3
1684202737 129.36 56.68 2298.15 42230.6
1684202747 129.3 56.68 2277.76 42633.7
1684202757 129.66 56.68 2298.15 43054.4
1684202767 122.66 56.75 15946.1 43225
1684202777 129.56 56.75 2299.71 43017
1684202787 129.2 56.68 2300 42891
1684202797 129.85 56.68 2298.15 43027.9
1684202807 129.27 56.68 2322.73 42816.8
1684202817 129.85 56.68 2298.15 43280.4
1684202827 128.9 56.68 2275.56 42308.4
1684202837 122.45 56.75 16076.1 43637.5
1684202847 129.68 56.75 2300 42603.5
1684202857 129.59 56.68 2276.95 42391
1684202867 129.36 56.68 2273.17 42660.3
1684202877 129.95 56.68 2297.76 43152.8
1684202887 129.21 56.68 2293.67 43386.6
1684202897 129.98 56.68 2275 42693.4
1684202907 122.72 56.75 15801.9 42057.6
1684202917 129.1 56.75 2277.76 42149.7
1684202927 129.4 56.68 2275.39 42736.7
1684202937 129.75 56.68 2247.8 42845.7
1684202947 129.28 56.68 2275.95 42687.2
1684202957 129.88 56.68 2304.69 43631.6
1684202967 129.88 56.68 2275.39 43080.5
1684202977 128.73 56.75 15947.4 42434.8
1684202987 129.78 56.68 2300.39 42918.8
1684202997 129.82 56.68 2295.52 42890.8
1684203007 130.27 56.75 2300.39 43492.2
1684203017 129.95 56.68 2297.76 43369.4
1684203027 129.65 56.68 2298.15 43257.4
1684203037 122.85 56.75 15658.6 43286.7
1684203047 129.66 56.75 2273.17 43369
1684203057 129.88 56.68 2300 43079.3
1684203067 129.37 56.68 2223.22 42389.1
1684203077 129.68 56.68 2250 43035.2
1684203087 129.88 56.68 2275.39 43066.4
1684203097 129.77 56.68 2291.05 43003.5
1684203107 124.5 56.75 15929.7 43443.4
1684203117 129.68 56.75 2275 42412.1
1684203127 130.34 56.68 2298.15 43292.1
1684203137 129.63 56.68 2270.57 43589.5
1684203147 129.56 56.68 2273.17 42737.9
1684203157 129.98 56.68 2300 43523.8
1684203167 129.27 56.68 2323.12 42728.2
1684203177 126.07 56.75 16585.5 43128.9
1684203187 129.56 56.75 2273.17 42538.5
1684203197 129.56 56.68 2298.15 43013.8
1684203207 130.04 56.68 2297.76 43812.3
1684203217 129 56.68 2275.39 42498.8
1684203227 129.78 56.68 2325 43527.7
1684203237 129.78 56.68 2300.39 43140.6
1684203247 126.05 56.75 17010 42981.1
1684203257 129.59 56.75 2275.39 42944.5
1684203267 129.55 56.68 2272.78 42192.8
1684203277 129.27 56.68 2273.17 43274.9
1684203287 129.46 56.68 2297.76 42869.8
1684203297 129.24 56.68 2270.96 42885.8
1684203307 129.39 56.68 2278.12 42586.7
1684203317 128.26 56.75 16820.6 42789.1
1684203327 129.65 56.68 2272.78 43225.4
1684203337 129.46 56.68 2248.19 43023.2
1684203347 129.76 56.68 2297.76 43383
1684203357 129.56 56.68 2298.15 43054.4
1684203367 129.59 56.68 2300 42686.3
1684203377 129.56 56.68 2255.61 43236.7
1684203387 128.7 56.76 17507.4 42615.6
1684203397 129.3 56.69 2253.39 42541.6
1684203407 129.34 56.69 2306.44 42955.2
1684203417 130.05 56.69 2298.15 43738.2
1684203427 129.56 56.69 2297.76 42647.8
1684203437 129.49 56.69 2275.39 42908.2
1684203447 126.27 56.75 15663.3 42846.5
1684203457 129.47 56.75 2273.17 43702.6
1684203467 129.95 56.68 2272.78 43023.6
1684203477 129.41 56.68 2243.82 42245.8
1684203487 129.65 56.68 2272.78 43365.5
1684203497 129.69 56.68 2278.15 42723.8
1684203507 123.44 56.75 14659.4 42809.8
1684203517 130.05 56.75 2272.78 43185.2
1684203527 129.95 56.75 2273.17 42908.1
1684203537 129.65 56.68 2272.78 43177.4
1684203547 129.65 56.68 2273.17 42629.5
1684203557 130.35 56.68 2272.78 42716.1
1684203567 129.86 56.68 2223.22 42739.9
1684203577 128.58 56.75 16076.1 42981.8
1684203587 129.47 56.68 2273.17 42149.1
1684203597 129.65 56.68 2247.8 43024.8
1684203607 129.66 56.68 2273.17 42896.8
1684203617 129.37 56.68 2272.78 41990.6
1684203627 129.78 56.68 2283.2 43218
1684203637 124.7 56.75 15342.2 42932.8
1684203647 129.2 56.75 2278.15 42829.4
1684203657 129.66 56.68 2272.78 42827.7
1684203667 129.27 56.68 2273.17 43326.4
1684203677 129.27 56.68 2272.78 42755.9
1684203687 130.96 56.74 2305.86 43252.7
1684203697 131.34 56.67 2280.86 43575
1684203707 129.73 56.74 16824.2 42522.8
1684203717 130.18 56.67 2300 43144.9
1684203727 129.57 56.67 2273.17 43881.8
1684203737 129.49 56.67 2300 42736.7
1684203747 129.54 56.67 2295.91 43299.4
1684203757 129.88 56.67 2323.44 43227.7
1684203767 125.17 56.74 15802.1 43256.6
1684203777 129.69 56.74 2253 42807
1684203787 129.11 56.67 2302.9 42170.6
1684203797 129.75 56.67 2297.76 43610.5
1684203807 129.78 56.67 2325.39 43115.2
1684203817 130.01 56.67 2327.66 43772.4
1684203827 130.4 56.67 2352.69 43552.7
1684203837 127.81 56.74 16882.3 42907.7
1684203847 129.27 56.74 2247.8 42923.3
1684203857 128.88 56.67 2248.19 42521.4
1684203867 129.27 56.67 2247.8 42695.4
1684203877 129.53 56.67 2196.1 41044.4
1684203887 129.17 56.67 2247.8 41831
1684203897 129.4 56.67 2228.63 42464.2
1684203907 127.06 56.74 17111.6 42630.6
1684203917 128.98 56.74 2248.19 42618.9
1684203927 128.97 56.67 2222.83 41678.1
1684203937 129.56 56.67 2248.19 43474.3
1684203947 128.97 56.67 2222.83 42123.7
1684203957 129.27 56.67 2248.19 42052.3
1684203967 122.54 56.74 14687.2 42676.3
1684203977 129.17 56.74 2248.19 42793.4
1684203987 128.98 56.74 2222.83 42146.7
1684203997 129.7 56.67 2268.74 43263.9
1684204007 129.05 56.67 2245.61 42533.3
1684204017 129.46 56.67 2273.17 42969.8
1684204027 121.57 56.74 13748.7 43425.2
1684204037 129.07 56.74 2273.17 42333.3
1684204047 128.95 56.67 2245.61 42492
1684204057 128.89 56.74 2251.21 42856.8
1684204067 129.66 56.67 2308.69 43294.4
1684204077 129.07 56.67 2273.17 43092.7
1684204087 129.2 56.67 2253 42753.2
1684204097 124.1 56.74 15756.5 43217.9
1684204107 129.65 56.74 2272.78 42640
1684204117 129.78 56.67 2300.39 42693
1684204127 129.85 56.67 2297.76 43069.7
1684204137 129.69 56.67 2275.39 43801.2
1684204147 129.3 56.67 2277.76 42642.2
1684204157 129.66 56.67 2298.15 43454.1
1684204167 126.54 56.74 16596.3 43100.9
1684204177 129.75 56.74 2298.15 43160.6
1684204187 129.75 56.67 2298.15 43648.4
1684204197 129.56 56.67 2298.15 43038.8
1684204207 129.75 56.67 2298.15 42817.6
1684204217 129.69 56.67 2300 43443.8
1684204227 129.49 56.67 2300.39 43387.1
1684204237 126.86 56.74 17025.3 43057.8
1684204247 129.44 56.74 2297.47 42794.9
1684204257 130.24 56.67 2272.78 43327.6
1684204267 129.98 56.67 2325.39 43076.2
1684204277 129.66 56.67 2322.73 43029.8
1684204287 129.68 56.67 2300.39 43151.2
1684204297 121.76 56.74 15261.3 43136.4
1684204307 129.85 56.74 2273.17 43293.3
1684204317 129.54 56.67 2313.7 42900.7
1684204327 129.63 56.67 2295.91 43593.4
1684204337 129.76 56.67 2335.22 43418.5
1684204347 130.18 56.74 2325.39 43388.7
1684204357 129.6 56.67 2318.21 43286.8
1684204367 125.95 56.74 15937.9 43085.3
1684204377 129.85 56.74 2272.78 42992.4
1684204387 128.92 56.67 2253.39 42754.3
1684204397 129.5 56.67 2253 42988.8
1684204407 129.69 56.67 2300.39 43065.6
1684204417 129.54 56.67 2270.57 42835.1
1684204427 129.41 56.67 2278.15 43353.6
1684204437 127.5 56.74 16866.2 42357.4
1684204447 129.73 56.74 2297.47 43100.2
1684204457 129.46 56.67 2298.15 43197.7
1684204467 129.98 56.67 2300 43401.6
1684204477 129.49 56.67 2325.39 43098.8
1684204487 129.56 56.67 2272.78 43078.6
1684204497 116.26 56.72 15090.6 33948.6
1684204507 8.39 56.72 137.37 951.02

Execution duration: 00:34:24.24
