1684278586 130.63 56.96 2315.71 38804.3
1684278596 129.86 56.89 2273.56 43741.3
1684278606 129.66 56.89 2254.43 42643.9
1684278616 129.95 56.89 2255.6 43146.2
1684278626 130.22 56.89 2270.96 43170.8
1684278636 121.56 56.95 13978.5 43243.7
1684278646 130.24 56.95 2373.07 43942.6
1684278656 129.57 56.88 2291.05 42711.7
1684278666 130.25 56.88 2298.15 43912.6
1684278676 129.92 56.88 2295.91 43268.6
1684278686 129.53 56.88 2297.08 43172.3
1684278696 130.08 56.88 2300.39 43307.8
1684278706 128.2 56.95 15801.4 43104.4
1684278716 129.34 56.88 2270.96 42471.7
1684278726 130.05 56.88 2272.78 44384.4
1684278736 129.95 56.88 2298.15 43226.9
1684278746 129.54 56.88 2295.52 42739.2
1684278756 129.78 56.88 2300.39 43689.1
1684278766 121.73 56.95 15284.6 43471.3
1684278776 130 56.95 2393.38 43238.2
1684278786 129.85 56.88 2297.76 43257.8
1684278796 129.93 56.88 2264.34 42576.9
1684278806 130.21 56.88 2320.47 44356.7
1684278816 129.48 56.88 2291.44 42940.1
1684278826 129.65 56.88 2297.76 42849.9
1684278836 123.71 56.95 15840.4 43835.3
1684278846 129.49 56.95 2325 43351.6
1684278856 129.78 56.88 2276.95 42923.4
1684278866 129.74 56.88 2223.94 41978
1684278876 129.92 56.88 2270.96 42729.4
1684278886 129.69 56.88 2302.51 42700.2
1684278896 129.95 56.88 2298.15 43774.4
1684278906 123.6 56.95 16056.5 42321.9
1684278916 130.04 56.95 2298.15 43294.1
1684278926 129.67 56.88 2291.05 43431.9
1684278936 129.71 56.88 2311.85 42995.3
1684278946 129.73 56.88 2295.91 43860
1684278956 129.6 56.88 2288.59 42858.8
1684278966 130.04 56.88 2323.12 43905.9
1684278976 123.24 56.95 16354.1 42748.2
1684278986 129.53 56.95 2270.96 42982.5
1684278996 129.45 56.88 2263.56 42670.5
1684279006 129 56.88 2284.77 43304
1684279016 129.4 56.88 2277.76 42794.2
1684279026 130.05 56.88 2298.15 43437.7
1684279036 130.15 56.88 2297.76 43675.3
1684279046 124.49 56.95 16318.4 43013.1
1684279056 129.56 56.95 2297.76 43391.6
1684279066 130.05 56.88 2273.17 43312
1684279076 129.65 56.88 2297.76 43035.7
1684279086 130.15 56.88 2323.12 43564.5
1684279096 129.47 56.88 2275.9 42859.3
1684279106 122.73 56.95 14263 43521.9
1684279116 130.27 56.95 2277.76 43153.6
1684279126 130.14 56.88 2298.15 43374.4
1684279136 129.85 56.88 2275.56 42538.7
1684279146 130.63 56.88 2323.12 43146.5
1684279156 130.86 56.88 2328.12 44194.5
1684279166 130.37 56.88 2275.39 43287.5
1684279176 124.56 56.95 16027.3 42246.8
1684279186 129.66 56.95 2248.19 42860.9
1684279196 129.56 56.88 2250.82 42686.4
1684279206 129.44 56.88 2270.96 42523.2
1684279216 130.02 56.88 2272.13 43276.4
1684279226 129.78 56.88 2275.39 43588.3
1684279236 129.56 56.88 2275.95 43070.1
1684279246 126.05 56.95 16340.3 43086.8
1684279256 129.62 56.88 2262.14 42818.2
1684279266 129.76 56.88 2272.78 42510.4
1684279276 130.28 56.88 2300.39 43328.1
1684279286 129.27 56.88 2280.58 42554.5
1684279296 129.69 56.88 2302.9 43114.1
1684279306 130.05 56.88 2322.73 44275.5
1684279316 127.25 56.95 17012.1 42584.4
1684279326 129.76 56.88 2297.76 42947.1
1684279336 129.83 56.88 2295.91 43401.9
1684279346 129.76 56.88 2300.29 43143.6
1684279356 129.49 56.88 2300.39 42905.5
1684279366 129.49 56.88 2325 43123.1
1684279376 129.56 56.88 2323.12 43662.4
1684279386 127.42 56.95 17484.5 42520.6
1684279396 129.93 56.88 2320.86 43329.4
1684279406 129.76 56.88 2272.78 43486.8
1684279416 129.3 56.88 2253.39 42204.3
1684279426 129.85 56.88 2322.73 43925.5
1684279436 129.88 56.88 2300.39 43856.6
1684279446 121.84 56.95 15131.2 42285.6
1684279456 129.65 56.95 2280.98 43502.1
1684279466 129.66 56.88 2275.56 42956.5
1684279476 129.39 56.88 2275.39 43080.9
1684279486 129.49 56.88 2277.76 42595.7
1684279496 129.66 56.88 2323.12 43843.9
1684279506 129.73 56.88 2295.91 43570.4
1684279516 123.39 56.95 15926.3 42889.3
1684279526 130.05 56.95 2298.15 42817.2
1684279536 130.05 56.88 2322.73 43960.6
1684279546 129.85 56.88 2298.15 42979.1
1684279556 129.92 56.88 2325.15 44021.1
1684279566 130.27 56.88 2325.39 43551.2
1684279576 129.86 56.88 2297.76 43866.9
1684279586 128.06 56.95 16342.9 42127
1684279596 129.53 56.88 2270.57 43032
1684279606 129.66 56.88 2298.15 43281.6
1684279616 129.54 56.88 2295.52 43281.1
1684279626 129.4 56.88 2250.39 43341.8
1684279636 129.85 56.88 2297.76 43461.8
1684279646 126.64 56.95 15477.1 43273
1684279656 129.72 56.88 2278.37 43073.3
1684279666 129.63 56.88 2270.96 43437
1684279676 129.38 56.88 2266.15 42389.1
1684279686 129.69 56.88 2300.39 44238.3
1684279696 129.68 56.88 2300 43189.1
1684279706 124.4 56.95 14827.7 44005.1
1684279716 129.75 56.95 2297.76 43930.2
1684279726 129.57 56.88 2273.17 43337
1684279736 129.56 56.88 2300.68 43167.5
1684279746 130.22 56.88 2320.86 44003.1
1684279756 129.76 56.88 2298.15 43110.6
1684279766 121.06 56.95 14214.5 43138.2
1684279776 129.75 56.95 16557.7 43725.7
1684279786 129.95 56.88 2297.76 42961.9
1684279796 130.64 56.88 2323.12 43948.5
1684279806 129.73 56.88 2295.52 43281.5
1684279816 129.72 56.95 2296.69 42655.4
1684279826 130.82 56.88 2305.56 43995.3
1684279836 126.64 56.95 15943 43113.4
1684279846 130.24 56.88 2297.76 43293.3
1684279856 129.54 56.88 2264.34 42835.4
1684279866 129.62 56.88 2279.96 43904
1684279876 129.37 56.88 2298.15 42714.5
1684279886 130.05 56.88 2322.73 43885.3
1684279896 122.15 56.95 14876.9 43648.4
1684279906 129.96 56.95 2297.76 42526.1
1684279916 130.25 56.88 2301.27 43489.2
1684279926 129.85 56.88 2297.76 43019.7
1684279936 129.33 56.88 2270.96 43184.8
1684279946 129.98 56.88 2300 42384
1684279956 130.34 56.88 2323.12 44026.5
1684279966 124.05 56.95 15762.6 43133.3
1684279976 129.66 56.95 2323.12 43420.9
1684279986 129.47 56.88 2275.56 42272.8
1684279996 129.73 56.88 2270.96 43898.6
1684280006 129.85 56.88 2323.12 43634.3
1684280016 129.3 56.88 2300 42717.2
1684280026 130.08 56.88 2275.39 43040.2
1684280036 125.24 56.95 16478 43852.6
1684280046 129.85 56.95 2273.17 43040.8
1684280056 129.31 56.88 2246.55 42602.1
1684280066 129.75 56.88 2273.17 43769
1684280076 130.04 56.88 2297.76 43449
1684280086 129.86 56.88 2323.12 43144.6
1684280096 121.37 56.95 14312.6 43140.3
1684280106 130.15 56.95 2398.05 43845.8
1684280116 128.85 56.88 2245.61 41885.8
1684280126 129.56 56.88 2251.21 43370.1
1684280136 129.88 56.88 2275 43790.2
1684280146 129.65 56.88 2273.17 42562.3
1684280156 129.2 56.88 2253 42950.1
1684280166 128.15 56.95 15535.8 42262.3
1684280176 129.75 56.88 2272.78 43459.5
1684280186 129.72 56.88 2270.96 43656.5
1684280196 129.56 56.88 2322.73 42836.7
1684280206 129.75 56.88 2298.15 44180.3
1684280216 129.5 56.88 2277.76 42264.6
1684280226 123.81 56.95 15559.8 43560.2
1684280236 129.65 56.95 2297.76 43181.7
1684280246 129.16 56.88 2273.17 42647
1684280256 129.92 56.88 2295.91 44347.4
1684280266 129.66 56.88 2297.76 43140.7
1684280276 129.26 56.88 2298.15 42981.5
1684280286 129.98 56.88 2300 43500
1684280296 126.02 56.95 16355.9 43101.8
1684280306 129.68 56.88 2300 43410.9
1684280316 130.05 56.88 2323.12 43681.2
1684280326 130.68 56.88 2268.35 43893.7
1684280336 129.75 56.88 2298.15 43345.9
1684280346 129.66 56.88 2297.76 43354.5
1684280356 129.85 56.88 2323.12 43701.1
1684280366 126.74 56.95 16991.6 42677.8
1684280376 129.37 56.88 2248.19 42885.8
1684280386 130.05 56.88 2272.78 43733.1
1684280396 129.46 56.88 2282.56 44568.2
1684280406 129.65 56.88 2300.88 43854.8
1684280416 130.47 56.88 2300.39 43437.5
1684280426 129.78 56.88 2277.76 43166.7
1684280436 128.81 56.95 17276.6 42698.4
1684280446 129.58 56.88 2300 43187.9
1684280456 129.59 56.88 2278.15 44559.8
1684280466 129.68 56.88 2300 42705.9
1684280476 129.85 56.88 2323.12 43602.7
1684280486 130.57 56.95 2325 43894.5
1684280496 125.2 56.95 15678.5 43943
1684280506 129.49 56.95 2300 43065.2
1684280516 130.14 56.88 2298.15 44008.2
1684280526 129.85 56.88 2323.12 43849
1684280536 129.88 56.88 2300 43094.5
1684280546 129.46 56.88 2298.15 43341.7
1684280556 129.78 56.88 2300 43468.8
1684280566 126.93 56.95 16773.5 42862.1
1684280576 129.59 56.88 2277.76 43510.2
1684280586 129.75 56.88 2298.15 42956.5
1684280596 129.56 56.88 2297.76 43354.2
1684280606 129.42 56.88 2288.54 42593.4
1684280616 129.86 56.88 2297.76 43528.2
1684280626 118.06 56.93 14921.9 37619.9
1684280636 19.75 56.93 320.62 1723.52

Execution duration: 00:34:16.16
