1684301424 130.61 56.95 2289.67 38982.8
1684301434 129.95 56.88 2273.56 43445.1
1684301444 129.98 56.88 2278.52 42459.4
1684301454 130.37 56.88 2303.12 44673.4
1684301464 129.85 56.88 2298.15 42892.9
1684301474 122.07 56.95 14079.7 43420.3
1684301485 130.06 56.95 2309.99 43861.9
1684301494 129.45 56.88 2289.21 43027.8
1684301504 130.17 56.88 2300 43704.7
1684301514 130.18 56.88 2300.39 43590.6
1684301524 130.05 56.88 2299.32 43436.5
1684301534 130.34 56.88 2323.12 43643.3
1684301544 128.88 56.95 15976.2 43752.6
1684301554 130.47 56.88 2300.39 44061.7
1684301565 129.46 56.88 2282.17 42649.2
1684301574 130.28 56.88 2325.39 44166
1684301584 130.37 56.88 2325 43789.8
1684301594 130.34 56.88 2323.12 44177.9
1684301604 122.93 56.95 15596.1 43102.4
1684301614 130.15 56.95 2323.12 44506.2
1684301624 130.44 56.88 2322.73 43281.6
1684301634 130.01 56.88 2295.91 43906
1684301644 130.18 56.88 2325 43500.8
1684301654 130.44 56.88 2323.12 44491.3
1684301665 130.2 56.88 2279.96 42689.6
1684301674 124.99 56.95 16255.9 43876.9
1684301684 129.76 56.88 2297.76 44128.8
1684301694 129.53 56.88 2297.47 42624.2
1684301704 129.56 56.88 2273.17 43647.6
1684301714 129.98 56.88 2325.39 43681.6
1684301724 129.98 56.88 2326.95 44404.3
1684301735 129.94 56.88 2306.98 42893
1684301744 125.75 56.95 16772.3 43598.4
1684301754 129.95 56.88 2322.73 43228.9
1684301764 129.65 56.88 2298.15 43265.9
1684301774 130.24 56.88 2297.76 43433.8
1684301784 129.66 56.88 2298.15 43088.4
1684301794 129.95 56.88 2324.29 44337.9
1684301804 129.66 56.88 2273.17 43799.4
1684301815 125.52 56.95 16886.6 42332.4
1684301824 129.86 56.88 2298.15 43054.4
1684301835 129.46 56.88 2275.9 43108.3
1684301844 130.17 56.88 2300.39 43846.9
1684301854 129.78 56.88 2300 43548.4
1684301865 129.8 56.88 2318.6 43587.5
1684301875 129.5 56.88 2302.51 43190.7
1684301885 126.92 56.95 17016.2 43402.5
1684301895 129.92 56.88 2279.96 43134.2
1684301905 129.4 56.88 2253.39 42329.2
1684301914 129.72 56.88 2302.25 43604.7
1684301925 129.88 56.88 2302.9 43623.6
1684301935 129.9 56.88 2289.71 43298.6
1684301945 125.49 56.95 15026.9 43969.5
1684301955 129.37 56.88 2247.8 42819.1
1684301965 129.69 56.88 2278.15 42779.5
1684301975 130.28 56.88 2325.39 43984.4
1684301985 129.56 56.95 2272.78 43068.1
1684301995 129.79 56.88 2315.28 43225.2
1684302005 130.15 56.88 2297.76 43796.7
1684302015 126.79 56.95 16745.5 42929.2
1684302025 130.14 56.88 2297.76 43566.1
1684302035 129.69 56.88 2275.39 43041
1684302045 129.56 56.88 2272.78 42931.5
1684302055 129.98 56.88 2303.52 44023.8
1684302065 130.05 56.88 2297.76 43619.5
1684302075 121.76 56.93 14941.7 43353.8
1684302085 129.53 56.95 17247.2 43775.1
1684302095 129.49 56.88 2300.39 42955.5
1684302105 130.57 56.88 2300 44382.4
1684302115 129.88 56.88 2300.39 43470.7
1684302125 129.69 56.88 2310.25 43483.2
1684302135 130.83 56.88 2323.12 43932.9
1684302145 122.94 56.95 15759.8 43375.7
1684302155 130.11 56.95 2327.66 44077.4
1684302165 129.78 56.88 2300 43423.1
1684302175 130.08 56.95 2325.39 43703.5
1684302185 129.75 56.88 2297.76 43295.2
1684302195 129.98 56.88 2325.39 43910.9
1684302205 130.18 56.88 2301.95 43801.9
1684302215 123.69 56.95 16272.3 43099
1684302225 129.95 56.95 2298.15 42906.5
1684302235 129.86 56.88 2297.76 43454.1
1684302245 129.88 56.88 2300.39 43453.5
1684302255 129.78 56.88 2300 43719.5
1684302265 129.56 56.88 2323.12 43418.5
1684302275 129.7 56.88 2293.28 43732.8
1684302285 126.45 56.95 16428.1 42974.4
1684302295 129.79 56.88 2305.6 43319.9
1684302305 130.14 56.88 2273.17 43523.1
1684302315 130.15 56.88 2297.76 43195.3
1684302325 130.44 56.88 2323.12 43596.5
1684302335 130.11 56.88 2320.47 43856.5
1684302345 130.05 56.88 2323.12 44045.7
1684302355 128.22 56.95 17257.4 43248.4
1684302365 129.98 56.88 2300.39 43210.2
1684302375 130.05 56.88 2322.73 43914.2
1684302385 129.88 56.88 2300.39 43676.9
1684302395 129.66 56.88 2300.88 42918.6
1684302405 129.75 56.88 2298.15 43877.8
1684302415 125.61 56.95 15373.1 43151.3
1684302425 129.66 56.88 2273.17 42983.4
1684302435 129.98 56.88 2302.9 43389.2
1684302445 129.57 56.88 2266.54 43165.4
1684302455 129.68 56.88 2300.39 43514.4
1684302465 129.95 56.88 2297.76 43520
1684302475 123.44 56.95 14592.2 43809.8
1684302485 129.79 56.95 2277.76 42941.2
1684302495 130.05 56.88 2276.29 43170.7
1684302505 129.88 56.88 2300 43401.6
1684302515 130.15 56.88 2323.12 43872
1684302525 129.78 56.88 2275 43830.5
1684302535 129.69 56.88 2278.15 42979.9
1684302545 128.95 56.95 16210.1 42785.6
1684302555 130.17 56.95 2325.39 43650.4
1684302565 129.95 56.88 2297.76 43838.8
1684302575 129.88 56.88 2350.39 44048.1
1684302585 129.88 56.88 2300 43628.9
1684302595 129.98 56.88 2300.39 43684
1684302605 126.59 56.95 15639.5 42650.7
1684302615 130.25 56.88 2304.39 44177.2
1684302625 130.35 56.88 2322.73 43958.6
1684302635 130.05 56.88 2323.12 43580.5
1684302645 129.88 56.88 2300 43052.3
1684302655 130.93 56.88 2326.24 44031.6
1684302665 124.1 56.95 15220.7 43260.1
1684302675 130.27 56.95 2303.12 43144.9
1684302685 129.73 56.88 2283.43 43600.8
1684302695 129.49 56.88 2302.51 43556.3
1684302705 129.66 56.88 2298.15 43814.2
1684302715 129.95 56.88 2322.73 43234.7
1684302725 129.85 56.88 2298.15 43413.1
1684302735 127.56 56.95 16531.8 43560.5
1684302745 129.95 56.88 2301.27 43338.2
1684302755 130.08 56.88 2300 43239.8
1684302765 129.78 56.88 2325.39 43446.1
1684302775 129.65 56.88 2306.98 43558.5
1684302785 130.18 56.88 2325.39 43440.6
1684302795 121.76 56.95 15305.4 43582.8
1684302805 130.18 56.95 2350.39 43678.1
1684302815 130.27 56.88 2350 43883.2
1684302825 129.47 56.88 2291.44 43174.7
1684302835 130.08 56.88 2325 43542.2
1684302845 130.08 56.88 2300.39 43984
1684302855 130.11 56.88 2320.47 43623.4
1684302865 122.85 56.95 16035.5 43087.1
1684302875 129.4 56.95 2302.51 43011.2
1684302885 130.34 56.88 2298.15 44609.2
1684302895 130.37 56.88 2303.12 44085.6
1684302905 129.26 56.88 2264.34 43517.2
1684302915 129.98 56.88 2275.39 43496.5
1684302925 129.18 56.88 2275.56 43020.3
1684302935 128.35 56.95 16132.4 43228.3
1684302945 129.62 56.88 2277.22 43679.4
1684302955 129.89 56.88 2278.15 43220.9
1684302965 130.05 56.88 2297.76 44073.8
1684302975 129.62 56.88 2305.13 43266.6
1684302985 129.85 56.88 2297.76 43937.6
1684302995 127.8 56.95 15472.4 42941.7
1684303005 129.95 56.88 2272.78 43715.5
1684303015 129.59 56.88 2278.15 42848.4
1684303025 129.95 56.88 2322.73 44309.1
1684303035 130.15 56.88 2323.12 43223.8
1684303045 129.65 56.88 2306.98 43865.9
1684303055 123.44 56.95 15431.2 43397.7
1684303065 130.15 56.95 2297.76 44058.2
1684303075 129.59 56.88 2300.39 43348.4
1684303085 129.78 56.88 2277.76 43215.9
1684303095 129.4 56.88 2302.9 43487.8
1684303105 129.49 56.88 2300 43308.2
1684303115 129.28 56.88 2300.68 43506.1
1684303125 125.66 56.95 16321.6 43491.9
1684303135 129.45 56.88 2289.21 42837.7
1684303145 129.95 56.88 2298.15 43967.6
1684303155 130.22 56.95 2295.91 43549.7
1684303165 129.85 56.88 2298.15 43578.9
1684303175 129.47 56.88 2300.29 43550.5
1684303185 129.56 56.88 2298.15 42753.6
1684303195 126.86 56.95 16958.2 43899.6
1684303205 129.95 56.88 2298.15 44085.8
1684303215 129.95 56.88 2322.73 43892.3
1684303225 129.4 56.88 2275.39 43272.3
1684303235 129.59 56.88 2277.76 42984.1
1684303245 130.18 56.88 2330.08 43952.7
1684303255 130.15 56.88 2273.95 44137.8
1684303265 129.85 56.95 17359.6 43505.2
1684303275 130.08 56.88 2300 42985.6
1684303285 129.88 56.88 2327.66 44040.2
1684303295 129.85 56.88 2322.73 43150.8
1684303305 130.17 56.88 2325.39 44188.7
1684303315 129.92 56.88 2320.47 43730.2
1684303325 125.41 56.95 15807.2 43619.5
1684303335 129.85 56.88 2297.76 43379.9
1684303345 129.79 56.88 2325.39 43694.5
1684303355 129.68 56.88 2300 43845.7
1684303365 129.85 56.88 2348.1 43398.6
1684303375 129.95 56.88 2323.12 44490.5
1684303385 129.95 56.88 2322.73 43546.9
1684303395 128.09 56.95 17073.2 43407.6
1684303405 129.56 56.88 2297.76 43258.9
1684303415 129.94 56.88 2307.37 43650
1684303425 129.85 56.88 2322.73 43997.3
1684303435 129.56 56.88 2323.12 43056.8
1684303445 129.83 56.88 2323.59 43937.6
1684303455 112.41 56.93 15230.5 31078.5
1684303465 0.49 56.93 4.7 683.37

Execution duration: 00:34:04.04
