1684303648 121.95 56.86 3.25 292.68
1684303649 122.76 56.86 0 29.27
1684303650 119.84 56.86 0 0
1684303651 118.25 56.86 0 0
1684303652 120 56.93 0 0
1684303653 121.95 56.86 0 0
1684303654 119.2 56.86 0 0
1684303655 128.8 56.86 0 0
1684303656 125.2 56.86 0 0
1684303657 125.6 56.86 0 0
1684303658 124.8 56.86 0 0
1684303659 126.02 56.86 0 0
1684303660 123.39 56.86 0 0
1684303661 125 56.86 0 0
1684303662 120.47 56.86 0 0
1684303663 119.05 56.86 0 0
1684303664 122.83 56.86 0 0
1684303665 133.33 56.86 0 0
1684303666 128.46 56.86 933.33 556.1
1684303667 73.28 56.93 1545.04 1389.31

Execution duration: 00:00:23.23
