1684271203 128 56.86 0 21350.4
1684271204 125.6 56.86 3.2 17504
1684271205 122.58 56.86 0 5887.1
1684271206 125.78 56.86 0 5003.12
1684271207 126.61 56.86 0 5861.29
1684271208 128.8 56.86 0 5123.2
1684271209 127.64 56.86 0 5206.5
1684271210 123.62 56.93 0 5042.52
1684271211 118.9 56.93 0 5042.52
1684271212 122.05 56.86 0 5042.52
1684271213 121.26 56.86 0 5042.52
1684271215 124.82 56.86 0 4541.84
1684271215 133.06 56.86 0 5164.52
1684271216 128.35 56.86 0 5042.52
1684271217 136.29 56.86 0 5164.52
1684271218 128.8 56.86 0 5123.2
1684271219 133.87 56.86 0 5164.52
1684271220 128.35 56.86 0 5042.52
1684271221 103.2 56.93 1100.8 5712

Execution duration: 00:00:22.22
