1684237147 164.31 56.95 0 0
1684237152 156.39 56.95 6.02 178.95
1684237157 149.14 56.95 0 0
1684237162 103.25 56.95 0 0
1684237167 100.19 56.88 0 0
1684237172 100.19 56.88 0 0
1684237177 100.19 56.88 0 0
1684237182 100.19 56.88 0 0
1684237187 100.57 56.88 0 0
1684237192 100.57 56.88 0 0
1684237197 100 56.88 0 0
1684237202 100.57 56.88 0 0
1684237207 100.19 56.88 0 0
1684237212 100.38 56.88 0 0
1684237217 100.38 56.88 0 0
1684237222 100.38 56.88 0 0
1684237227 100.19 56.88 0 0
1684237232 100.38 56.88 0 0
1684237237 100.19 56.88 0 0
1684237242 100.57 56.88 0 0
1684237247 51.62 56.95 0 0

Execution duration: 00:01:46.46
