1684276089 117.46 56.86 3.17 311.11
1684276090 122.22 56.86 3.17 34.92
1684276091 119.05 56.86 0 3.17
1684276092 125.4 56.93 0 0
1684276093 127.42 56.86 0 0
1684276094 126.4 56.86 0 0
1684276095 130.08 56.86 0 0
1684276096 130.65 56.86 0 0
1684276097 121.26 56.86 0 0
1684276098 122.76 56.86 0 0
1684276099 124.6 56.86 0 0
1684276100 129.6 56.86 0 0
1684276101 125 56.86 0 0
1684276102 126.56 56.86 0 0
1684276103 119.84 56.86 0 0
1684276104 118.9 56.86 0 0
1684276105 129.92 56.86 0 0
1684276106 124 56.86 0 0
1684276107 114.63 56.93 1239.02 1476.42
1684276108 12.1 56.86 0 3900

Execution duration: 00:00:22.22
