1684237306 130.41 56.97 2260.81 38603.5
1684237316 129.78 56.9 2250.78 42644.9
1684237326 129.01 56.9 2239.46 42141.6
1684237336 130.01 56.9 2264.86 43775.9
1684237346 129.9 56.9 2268.74 43110
1684237356 121.47 56.95 13740.8 42918.4
1684237366 129.3 56.97 16019 43349.7
1684237376 129.85 56.9 2297.76 43246.4
1684237386 129.58 56.9 2291.83 43752.5
1684237396 130.15 56.9 2273.17 44081.2
1684237406 129.76 56.9 2299.71 42966.6
1684237416 129.78 56.9 2300 43069.1
1684237426 127.72 56.97 15676.9 42758.2
1684237436 130.31 56.9 2270.96 43683.4
1684237446 129.47 56.9 2272.78 43217.9
1684237456 130.08 56.9 2300.39 43857.8
1684237466 130.04 56.9 2298.15 43161.8
1684237476 129.88 56.9 2300 43404.7
1684237486 129.79 56.9 2260.15 43152.7
1684237496 129.39 56.97 17410.2 43137.9
1684237506 129.88 56.9 2275 43453.5
1684237516 130.08 56.9 2275.39 42982.8
1684237526 129.53 56.9 2295.52 43333.3
1684237536 129.74 56.9 2289.21 43430.9
1684237546 129.92 56.9 2295.52 43436.3
1684237556 122.64 56.97 15665.6 43157.8
1684237566 129.68 56.97 2275 43530.5
1684237576 129.98 56.9 2301.95 43571.1
1684237586 129.56 56.9 2247.8 43104.4
1684237596 129.38 56.9 2284.77 42990.9
1684237606 130.27 56.9 2300 43244.1
1684237616 129.48 56.9 2291.44 42909.3
1684237626 123.61 56.97 16096.4 43909.1
1684237636 129.98 56.97 2325 42996.5
1684237646 129.85 56.9 2298.15 43342.4
1684237656 129.88 56.9 2300 43641
1684237666 129.75 56.9 2323.12 43399
1684237676 129.86 56.9 2299.32 43043.5
1684237686 129.69 56.9 2300.39 42785.2
1684237696 123.44 56.97 16318 43683.2
1684237706 129.75 56.97 2273.17 42561.6
1684237716 129.78 56.9 2278.12 43022.3
1684237726 129.95 56.9 2273.17 43788.9
1684237736 129.76 56.9 2297.76 42697.8
1684237746 130.11 56.9 2302.64 43822.5
1684237756 129.56 56.9 2297.76 43338.5
1684237766 124.02 56.97 16239.1 43509.8
1684237776 129.68 56.97 2275 42973.4
1684237786 129.46 56.9 2273.17 43576.2
1684237796 129.66 56.9 2272.78 42938.2
1684237806 129.78 56.9 2300.39 43467.2
1684237816 129.69 56.9 2287.48 42903.2
1684237826 122.34 56.97 14163.1 43207
1684237836 129.68 56.97 2250.39 43226.2
1684237846 129.4 56.9 2278.15 42760.5
1684237856 130.24 56.9 2298.15 43772.5
1684237866 129.64 56.9 2288.82 42684.6
1684237876 129.78 56.9 2303.52 43321.9
1684237886 129.48 56.9 2291.05 42570.8
1684237896 123.81 56.97 15918.4 43257.8
1684237906 129.23 56.97 2261.75 42756.1
1684237916 130.15 56.9 2273.17 43535.2
1684237926 129.49 56.9 2250 42465.6
1684237936 129.95 56.9 2284.1 43530.9
1684237946 129.74 56.9 2288.82 43247.4
1684237956 130.08 56.9 2300.39 43602.7
1684237966 126.05 56.97 16263.4 43374.8
1684237976 129.6 56.97 2243.82 42396.9
1684237986 129.3 56.9 2259.55 42604.5
1684237996 129.82 56.9 2295.91 43850.3
1684238006 130.1 56.9 2258.28 43057.1
1684238016 130.18 56.9 2300.39 43032.4
1684238026 129.88 56.9 2300 43978.5
1684238036 126.96 56.97 16845.4 42748.8
1684238046 130.05 56.9 2297.76 43749.1
1684238056 129.78 56.9 2300.39 43713.3
1684238066 129.66 56.9 2297.76 42817.2
1684238076 129.85 56.9 2298.15 43585.6
1684238086 129.78 56.9 2328.12 43185.2
1684238096 130.02 56.9 2295.91 43557.1
1684238106 127.8 56.97 17391.2 42677.8
1684238116 129.66 56.9 2272.78 42834.7
1684238126 129.85 56.9 2275.95 43631.7
1684238136 129.46 56.9 2297.76 42664.6
1684238146 130.05 56.9 2298.15 43593.4
1684238156 129.56 56.9 2297.76 43018.9
1684238166 121.57 56.97 15081 43468.9
1684238176 129.36 56.97 2350.83 43053.7
1684238186 129.85 56.9 2298.15 42719.2
1684238196 129.56 56.9 2297.76 43538.7
1684238206 129.51 56.9 2286.99 43101
1684238216 129.79 56.9 2302.51 44543.9
1684238226 129.59 56.9 2300.39 43070.3
1684238236 123.44 56.97 15807.4 43032
1684238246 129.85 56.97 2273.17 42843.7
1684238256 130.15 56.9 2272.78 42801.9
1684238266 130.1 56.9 2308.22 43618.2
1684238276 129.75 56.9 2297.76 42766.8
1684238286 129.39 56.9 2275.39 43065.6
1684238296 130.04 56.9 2322.73 43911.4
1684238306 127.81 56.97 16172.9 42955.3
1684238316 129.95 56.9 2272.78 43291.3
1684238326 129.56 56.9 2248.19 42864.8
1684238336 129.98 56.9 2277.76 44833.7
1684238346 129.59 56.9 2275.39 43098.1
1684238356 129.78 56.9 2275.39 43553.5
1684238366 125.56 56.97 15226.9 42659.1
1684238376 129.69 56.97 2283.2 43002.7
1684238386 129.65 56.9 2247.8 43475.5
1684238396 130.37 56.9 2275.39 43796.5
1684238406 130.47 56.9 2275 43566.8
1684238416 129.88 56.9 2300.39 42726.6
1684238426 123.13 56.97 14507.3 43341.3
1684238436 129.98 56.97 2300.39 43764.4
1684238446 130.47 56.9 2300 43382.4
1684238456 130.05 56.9 2298.15 43006.1
1684238466 129.56 56.9 2272.78 43632.8
1684238476 129.5 56.9 2253.39 42312.6
1684238486 130.54 56.9 2305.56 43874.3
1684238496 127.81 56.97 16101.9 42035.1
1684238506 129.52 56.9 2255.18 43067.2
1684238516 129.59 56.9 2253.39 43703.7
1684238526 129.01 56.9 2228.24 42550.9
1684238536 129.49 56.96 2302.9 43415.1
1684238546 130.53 56.89 2302.83 43097.8
1684238556 125.3 56.96 15412.1 43175
1684238566 129.46 56.96 2297.76 43054.8
1684238576 129.65 56.89 2298.15 43225.8
1684238586 129.49 56.89 2302.51 45206.6
1684238596 129.49 56.89 2300.39 43183.6
1684238606 129.85 56.89 2322.73 42935.4
1684238616 129.69 56.89 2300.39 43181.6
1684238626 128.52 56.96 16619.5 43545.7
1684238636 129.85 56.89 2273.17 43011.5
1684238646 129.46 56.89 2282.56 42798.4
1684238656 129.78 56.89 2300.39 43695.7
1684238666 130.24 56.96 2298.15 43070.8
1684238676 129.33 56.89 2311.46 43464.8
1684238686 122.07 56.96 15320.7 43021.5
1684238696 129.4 56.96 2277.76 42695.9
1684238706 129.64 56.89 2289.21 43298.7
1684238716 129.66 56.89 2297.76 43200.4
1684238726 129.56 56.89 2298.15 43248.8
1684238736 129.65 56.89 2297.76 43416.2
1684238746 129.66 56.89 2298.15 43561
1684238756 122.75 56.96 15910.2 42540.2
1684238766 129.39 56.96 2286.32 44478.8
1684238776 129.88 56.89 2250 43278.5
1684238786 129.78 56.89 2275.39 43660.6
1684238796 129.69 56.89 2300 43391.4
1684238806 129.56 56.89 2273.17 43331.1
1684238816 130.53 56.89 2297.76 43605.1
1684238826 127.51 56.96 15911.4 43161
1684238836 129.68 56.89 2275 42944.9
1684238846 129.7 56.89 2243.82 43335.2
1684238856 129.65 56.89 2272.78 43286.6
1684238866 130.08 56.89 2300.39 43609.8
1684238876 129.34 56.89 2245.61 43173.9
1684238886 126.59 56.96 14916.8 44198.5
1684238896 129.75 56.96 2272.78 43312
1684238906 129.56 56.89 2273.17 42982.2
1684238916 129.88 56.89 2300 43362.5
1684238926 129.85 56.89 2301.27 43581.3
1684238936 129.54 56.89 2295.52 43019.9
1684238946 121.58 56.94 14846.9 43864.8
1684238956 129.29 56.96 17146.9 42393.4
1684238966 130.17 56.89 2277.76 44501.3
1684238976 130.02 56.89 2246 43140.3
1684238986 129.7 56.89 2286.6 42533.6
1684238996 129.95 56.89 2298.15 44683.7
1684239006 129.52 56.89 2277.22 43370.5
1684239016 123.31 56.97 15585.7 44705.6
1684239026 129.76 56.97 2297.76 42970.2
1684239036 129.75 56.9 2298.15 43162.9
1684239046 130.34 56.9 2272.78 44105
1684239056 129.92 56.9 2295.91 43067.4
1684239066 129.98 56.9 2300 43417.2
1684239076 129.49 56.9 2300.39 43337.5
1684239086 124.51 56.96 16258.2 43444.9
1684239096 129.23 56.96 2262.14 43473.8
1684239106 129.76 56.89 2275.9 43063.4
1684239116 129.9 56.89 2293.67 43626.5
1684239126 129.66 56.89 2297.76 43475.9
1684239136 129.79 56.89 2275.39 43415.6
1684239146 129.11 56.89 2277.76 44196.1
1684239156 126.64 56.96 16560.4 43820.1
1684239166 129.56 56.96 2297.76 42614.2
1684239176 130.05 56.89 2273.17 43921.6
1684239186 129.59 56.89 2278.15 44251.8
1684239196 129.95 56.89 2323.12 43549.7
1684239206 129.85 56.89 2323.12 43908.3
1684239216 122.44 56.96 14938.5 43626.2
1684239226 129.81 56.96 2280.35 44800.8
1684239236 129.57 56.89 2272.78 42370.3
1684239246 126.76 56.89 2226.48 44309.6
1684239256 129.63 56.89 2270.57 43761.4
1684239266 129.4 56.89 2278.15 45034
1684239276 128.71 56.89 2275 42318
1684239286 123.6 56.96 15810.5 44287
1684239296 129.58 56.96 2300 43785.6
1684239306 130.18 56.89 2253.52 42655.5
1684239316 130.63 56.89 2272.78 42496.8
1684239326 130.44 56.89 2298.15 43809.2
1684239336 130.63 56.89 2247.8 43248.8
1684239346 129.68 56.89 2259.94 44288.3
1684239356 65.66 56.94 15240.6 14821.9

Execution duration: 00:34:20.20
