1684243645 130.83 56.97 2261.09 39152.5
1684243655 130.34 56.9 2248.58 42044.9
1684243665 131.25 56.9 2253.52 43359.8
1684243675 131.19 56.9 2273.69 43630.4
1684243685 131.12 56.9 2274.73 43242.5
1684243695 124 56.9 0 43134.4
1684243705 130 56.96 16103.2 43408
1684243715 129.85 56.89 2322.73 43490.3
1684243725 129.95 56.89 2298.15 44204.5
1684243735 130.47 56.89 2300.39 43450.8
1684243745 130.6 56.89 2295.52 43626.1
1684243755 129.88 56.89 2301.95 43288.3
1684243765 127.81 56.96 15676.5 43086.4
1684243775 129.73 56.89 2295.91 42973.9
1684243785 130.05 56.89 2297.76 43342.4
1684243795 130.57 56.89 2325.39 44261.3
1684243805 129.76 56.89 2272.78 42883.5
1684243815 130.34 56.89 2298.15 43683.1
1684243825 121.68 56.94 15158.2 43408.6
1684243835 129.39 56.96 17460.2 43083.6
1684243845 129.85 56.89 2297.76 43089.9
1684243855 129.95 56.89 2298.15 43379.5
1684243865 129.85 56.89 2297.76 43115.7
1684243875 130.34 56.89 2298.15 43962.2
1684243885 130.34 56.89 2297.76 43717.8
1684243895 122.95 56.96 15780.9 43019.5
1684243905 129.78 56.96 2300 43195.7
1684243915 129.98 56.89 2275.39 43040.2
1684243925 129.79 56.89 2275 43600.4
1684243935 129.76 56.89 2298.15 42756.7
1684243945 129.55 56.89 2286.82 42565.1
1684243955 130.08 56.89 2300.39 43761.7
1684243965 123.95 56.96 16229.1 43600.8
1684243975 129.85 56.96 2323.12 43477.8
1684243985 129.49 56.89 2275 43081.6
1684243995 130.28 56.89 2325.39 43607.4
1684244005 130.05 56.89 2272.78 43519.6
1684244015 130.37 56.89 2325.39 43112.5
1684244025 130.34 56.89 2323.12 43678.1
1684244035 124.39 56.96 16450.3 43455.2
1684244045 129.98 56.96 2275.39 43111.3
1684244055 130.17 56.89 2300 43457.8
1684244065 130.34 56.96 2298.15 43312.8
1684244075 130.08 56.89 2300 43381.2
1684244085 129.6 56.89 2302.9 43071.6
1684244095 130.54 56.89 2322.73 44148.3
1684244105 125.09 56.96 16504.7 44023.8
1684244115 129.68 56.96 2300 42797.3
1684244125 130.02 56.89 2295.91 43684.2
1684244135 130.28 56.89 2300 44189.8
1684244145 129.98 56.89 2278.15 42984.9
1684244155 130.24 56.89 2322.73 43969.6
1684244165 123.81 56.96 14564.3 43443.1
1684244175 130.14 56.96 2297.76 43178.2
1684244185 130.09 56.89 2318.6 43539.2
1684244195 130.21 56.89 2302.25 43977.7
1684244205 129.88 56.89 2304.44 43219.3
1684244215 130.15 56.89 2322.73 43991.8
1684244225 130.37 56.89 2325.39 43478.5
1684244235 125.64 56.96 16438.8 43318.8
1684244245 129.95 56.96 2298.15 43411.1
1684244255 130.17 56.89 2325.39 43652.3
1684244265 129.88 56.89 2301.56 42993.4
1684244275 130.18 56.89 2318.6 44260.6
1684244285 129.78 56.89 2300 43292.6
1684244295 129.67 56.96 2298.15 43102.1
1684244305 128.56 56.96 16921.2 43315.4
1684244315 130.37 56.89 2300.39 44130.9
1684244325 129.91 56.89 2302.25 43090.5
1684244335 130.05 56.89 2298.15 43783.4
1684244345 129.78 56.89 2325 42939.1
1684244355 130.08 56.89 2302.9 43797.3
1684244365 122.27 56.96 15399.8 43272.8
1684244375 129.8 56.96 2311.85 43246.2
1684244385 130.1 56.89 2302.25 43223.8
1684244395 130.86 56.89 2275.39 42622.7
1684244405 130.05 56.89 2272.78 43444.3
1684244415 130.27 56.89 2304.44 42871.9
1684244425 130.63 56.89 2322.73 43564.1
1684244435 122.92 56.96 15961.4 43429.5
1684244445 130.08 56.96 2277.76 42708.7
1684244455 130.08 56.89 2325.39 43064.4
1684244465 130.25 56.89 2322.73 44036.7
1684244475 130.08 56.89 2325.39 43423.4
1684244485 130.15 56.89 2322.73 44400.8
1684244496 129.59 56.89 2304.44 42961.3
1684244505 125.36 56.96 16043.9 43538.2
1684244515 130.28 56.96 2300 43448.8
1684244526 129.39 56.89 2278.15 42639.8
1684244536 129.59 56.89 2277.76 43062.7
1684244545 129.86 56.89 2323.12 43598.1
1684244556 129.88 56.89 2302.51 43465
1684244565 129.88 56.89 2325.39 43752.3
1684244575 126.86 56.96 16907.4 42934.4
1684244586 129.98 56.89 2302.9 44062.7
1684244595 130.47 56.89 2325 43646.5
1684244605 129.96 56.89 2298.15 43712.8
1684244615 129.68 56.89 2325 43309.8
1684244625 130.05 56.89 2323.12 43722.2
1684244635 124.8 56.96 15213.3 43782
1684244645 129.71 56.96 2302.64 43435.4
1684244655 130.08 56.89 2300 43511.7
1684244665 130.01 56.89 2295.91 43652.2
1684244675 130.08 56.89 2300 43708.6
1684244685 129.75 56.89 2298.15 43083.3
1684244695 122.23 56.96 14365.3 42968
1684244705 129.99 56.96 2276.95 43217.6
1684244716 129.58 56.89 2234.72 42449.7
1684244725 129.44 56.89 2246 43079.1
1684244735 129.37 56.89 2298.15 43466.2
1684244745 129.95 56.89 2297.76 43226.9
1684244755 129.73 56.89 2295.91 43396.9
1684244765 127.74 56.96 15891.8 43203.5
1684244776 129.49 56.89 2278.15 42297.9
1684244785 129.75 56.89 2272.78 42886.6
1684244795 129.46 56.89 2298.15 43603.9
1684244805 129.17 56.89 2272.78 42962.7
1684244816 129.3 56.89 2253.39 42802.3
1684244826 124.09 56.96 15094.8 42600.8
1684244835 129.29 56.96 2275.39 42616
1684244846 129.4 56.89 2277.76 42626.7
1684244855 129.75 56.89 2298.15 43962.5
1684244865 129.17 56.89 2247.8 42425.8
1684244876 130.08 56.89 2281.63 42930
1684244885 131.35 56.89 2308.98 43331.6
1684244895 128.42 56.96 16753.9 42627.3
1684244905 129.07 56.89 2247.8 42526.8
1684244915 129.17 56.89 2273.17 43010.7
1684244926 129.13 56.89 2261.75 43094.8
1684244935 129.24 56.89 2295.91 43197.3
1684244945 129.63 56.89 2272.13 42590.6
1684244955 124.8 56.96 15641.4 43713.3
1684244965 129.63 56.96 2270.57 43025.3
1684244975 129.27 56.89 2298.15 42680.6
1684244985 129.66 56.89 2297.76 43433.4
1684244995 129.33 56.89 2270.96 43102.1
1684245006 129.34 56.89 2295.52 42256.9
1684245015 129.69 56.89 2275.39 43217.6
1684245026 125.92 56.96 16464.7 42702.1
1684245035 129.37 56.89 2248.19 42976
1684245046 129.2 56.89 2253 42692.5
1684245056 129.73 56.89 2270.96 42519.7
1684245066 128.98 56.96 2275.95 42439.8
1684245075 129.46 56.89 2272.78 43088
1684245086 129.95 56.89 2298.15 43189.8
1684245096 126.05 56.96 16946.7 42435.5
1684245106 129.47 56.89 2223.22 42362.9
1684245116 129.08 56.89 2247.8 42627.1
1684245126 129.27 56.89 2223.22 42767.2
1684245136 129.21 56.89 2253 42687.4
1684245146 129.27 56.89 2248.19 42802.7
1684245156 122.24 56.96 14485.1 42598.5
1684245166 129.36 56.96 2248.19 42326.6
1684245176 129.1 56.89 2200 42716
1684245186 129.1 56.89 2228.63 42112.2
1684245196 129.68 56.89 2250 43652.7
1684245206 129.19 56.89 2275.39 42345.3
1684245216 129.88 56.89 2212.11 42758.6
1684245226 129.85 56.96 15722.1 41346.7
1684245236 129.56 56.89 2222.83 42434.3
1684245246 129.27 56.89 2248.19 42816
1684245256 129.68 56.89 2200 42024.2
1684245266 130.37 56.89 2182.2 41933.5
1684245276 130.17 56.89 2228.24 41793
1684245286 121.86 56.96 15157.1 42878.1
1684245296 129.46 56.96 2272.78 42941.3
1684245306 129.07 56.89 2248.19 42133.5
1684245316 129.27 56.89 2247.8 42336.4
1684245326 128.91 56.89 2278.15 42356.7
1684245336 129.29 56.89 2300 42541.4
1684245346 129.59 56.89 2275.39 42585.6
1684245356 123.1 56.96 15756.7 42795.7
1684245366 129.75 56.96 2248.19 42561.2
1684245376 129.83 56.89 2220.66 41351.3
1684245386 129.92 56.89 2221.05 41916.2
1684245396 129.82 56.89 2220.66 42068.2
1684245406 129.66 56.89 2248.19 42641.6
1684245416 128.87 56.89 2263.95 42373.2
1684245426 122.83 56.96 15829 42150.1
1684245436 129.49 56.96 2275 42935.9
1684245446 129.41 56.89 2245.38 42137.9
1684245456 129.17 56.89 2222.83 42268.5
1684245466 129.23 56.89 2230.79 42677.6
1684245476 129.37 56.89 2272.78 42951.8
1684245486 129.47 56.89 2273.17 42725.1
1684245496 124.49 56.96 16010.5 43097.4
1684245506 129.27 56.96 2273.17 42372.7
1684245516 129.75 56.89 2272.78 43287
1684245526 128.95 56.89 2221.05 42248.3
1684245536 129.11 56.89 2253 42241
1684245546 129.26 56.89 2257.75 42750.4
1684245556 129.69 56.89 2300 42647.7
1684245566 127.48 56.96 16396.5 42833.1
1684245576 128.78 56.89 2247.8 41970.7
1684245586 129.26 56.89 2248.19 42658.7
1684245596 129.17 56.89 2247.8 42786.3
1684245606 129.17 56.89 2248.19 43337
1684245616 129.07 56.89 2248.19 42210.7
1684245626 129.46 56.89 2248.19 43082.9
1684245636 128.78 56.96 17223 42753.9
1684245646 129.29 56.89 2251.56 42468.8
1684245656 129.39 56.89 2275.39 42793.4
1684245666 129.4 56.89 2275 41926.2
1684245676 129.78 56.89 2250.39 42407.8
1684245686 129.11 56.89 2253 42223.6
1684245696 116.49 56.94 15024.4 34499.1
1684245706 11.91 56.94 174.05 1321.37

Execution duration: 00:34:25.25
