1684285213 131.45 56.96 2262.9 39496
1684285223 130.07 56.89 2217.12 41000.4
1684285233 126.85 56.89 2180.1 41996.1
1684285243 130.54 56.89 2250.92 43296
1684285253 130.54 56.89 2301.27 43601.2
1684285263 130.44 56.89 2247.8 43295.6
1684285273 129 56.95 15946.9 42322
1684285283 130.01 56.88 2245.61 42581.7
1684285293 130.44 56.88 2248.19 42903.4
1684285303 130.31 56.88 2270.57 43319.3
1684285313 130.44 56.88 2273.17 42939.3
1684285323 130.35 56.88 2274.34 43086.1
1684285333 126.63 56.95 15403.7 42607.6
1684285343 130.46 56.88 2259.94 42846.6
1684285353 130.44 56.88 2298.15 43340.5
1684285363 129.54 56.88 2246 43044.1
1684285373 129.56 56.88 2275.56 42807.3
1684285383 130.37 56.88 2308.2 42835.6
1684285393 130.57 56.88 2300 43335.9
1684285403 128 56.95 16903.1 43203.9
1684285413 129.41 56.88 2267.96 41779.4
1684285423 129.9 56.88 2268.74 43660.4
1684285433 129.79 56.88 2253 42317.6
1684285443 129.92 56.88 2295.91 42548.2
1684285453 129.99 56.88 2268.35 43583.2
1684285463 130.37 56.88 2275.39 43128.5
1684285473 128.99 56.95 17312.8 42498.4
1684285483 129.63 56.88 2247.56 42661.2
1684285493 129.83 56.88 2245.61 43480.3
1684285503 130.12 56.88 2295.91 42862.4
1684285513 130.08 56.88 2275 42932
1684285523 129.95 56.88 2298.15 42942.8
1684285533 130.15 56.88 2259.51 43822.8
1684285543 129.76 56.95 17719.8 43156.3
1684285553 129.93 56.88 2295.52 42722.4
1684285563 130.53 56.88 2273.17 42537.4
1684285573 130.86 56.88 2300 43216.4
1684285583 129.96 56.88 2248.19 43357.3
1684285593 129.59 56.88 2302.51 41751.3
1684285603 129.99 56.88 2293.67 43757
1684285613 128.88 56.95 17849 43115.7
1684285623 130.04 56.88 2298.15 43312
1684285633 130.38 56.88 2268.35 43564.2
1684285643 129.68 56.88 2300.39 43393.8
1684285653 130.34 56.88 2248.19 42827.7
1684285663 130.9 56.88 2246 42404.3
1684285673 130.44 56.88 2223.22 42643.5
1684285683 129.76 56.95 17537.6 42450.3
1684285693 130.41 56.88 2246 41576.6
1684285703 130.73 56.88 2197.85 42124.1
1684285713 131.07 56.88 2230.79 43098.2
1684285723 130.67 56.88 2243.43 42337.7
1684285733 129.75 56.88 2273.17 43611.3
1684285743 126.25 56.95 15313.2 43249.2
1684285753 129.44 56.88 2270.96 43307.2
1684285763 129.69 56.88 2277.76 43431.3
1684285773 129.95 56.88 2324.68 43495.8
1684285783 129.76 56.88 2297.76 43479
1684285793 130.15 56.88 2323.12 43937.2
1684285803 129.95 56.88 2322.73 43460.3
1684285813 128.2 56.95 17217.2 42882.7
1684285823 130.08 56.88 2275 43270.3
1684285833 129.26 56.88 2273.17 43196.9
1684285843 129.92 56.88 2322.03 44529.4
1684285853 129.27 56.88 2298.15 42450.3
1684285863 130.15 56.88 2297.76 44012.5
1684285873 122.66 56.95 15379.7 43133.2
1684285883 130.14 56.95 2297.76 43418.9
1684285893 129.98 56.88 2300.39 43607
1684285903 129.46 56.88 2272.78 43190.2
1684285913 129.95 56.88 2299.71 43530.5
1684285923 129.65 56.88 2297.76 43606.2
1684285933 129.76 56.88 2323.12 43379.9
1684285943 124.29 56.95 16146 43038.1
1684285953 129.58 56.88 2300.39 43371.9
1684285963 129.49 56.88 2278.15 42786.5
1684285973 129.69 56.88 2325.39 44072.3
1684285983 130.11 56.88 2322.42 43803.1
1684285993 129.65 56.88 2297.76 43021.3
1684286003 129.95 56.88 2298.15 43381.5
1684286013 124.85 56.95 16620.7 43695.9
1684286023 129.27 56.88 2273.17 42776.6
1684286033 129.97 56.88 2300 42864.4
1684286043 129.86 56.88 2298.15 44139.3
1684286053 129.95 56.88 2322.73 43027.5
1684286063 129.27 56.88 2298.15 43196.5
1684286073 129.37 56.88 2275.56 43199.6
1684286083 126.72 56.95 16474.3 42613
1684286093 129.59 56.88 2275 42864.8
1684286103 129.75 56.88 2273.17 43327.6
1684286113 129.59 56.88 2309.21 43583.7
1684286123 129.46 56.88 2323.12 43445.8
1684286133 129.46 56.88 2322.73 43243.7
1684286143 129.75 56.88 2323.12 43735
1684286153 128.52 56.95 17357.4 43046.5
1684286163 130.24 56.88 2323.12 43682.3
1684286173 130.11 56.88 2295.52 43961.8
1684286183 129.26 56.88 2282.56 42604.3
1684286193 129.69 56.88 2300 43388.3
1684286203 129.32 56.88 2311.85 42866.4
1684286213 125.85 56.95 15573.1 44092.9
1684286223 130.05 56.88 2273.17 43359.6
1684286233 129.46 56.88 2273.17 42717.7
1684286243 129.88 56.88 2300 43827.7
1684286253 129.95 56.88 2298.15 43529
1684286263 129.64 56.88 2288.82 42680.3
1684286273 123.26 56.95 14650.8 43917.4
1684286283 129.69 56.88 2300 42682.8
1684286293 129.86 56.88 2298.15 43409.9
1684286303 129.49 56.88 2275 43383.2
1684286313 129.49 56.88 2275.39 42962.9
1684286323 129.96 56.88 2272.78 43309.7
1684286333 129.53 56.88 2295.91 43046
1684286343 129.88 56.95 16241.8 44022.3
1684286353 129.79 56.88 2275.39 42593.8
1684286363 129.4 56.88 2253 42869.2
1684286373 130.37 56.88 2250.39 42777.3
1684286383 130.15 56.88 2272.78 43636.3
1684286393 129.66 56.88 2298.15 43182.4
1684286403 125.75 56.95 15481.1 43294.9
1684286413 129.88 56.88 2275.39 43043
1684286423 130.26 56.88 2309.21 44101.7
1684286433 130.22 56.88 2320.86 43746.6
1684286443 129.59 56.88 2327.27 43107.9
1684286453 130.44 56.95 2324.68 43914.5
1684286463 123.47 56.95 14967.1 43329.7
1684286473 130.53 56.95 2302.83 42815.2
1684286483 129.39 56.88 2275 43221.9
1684286493 130.18 56.88 2325.39 43539.4
1684286503 129.46 56.88 2273.17 43212.5
1684286513 129.75 56.88 2299.71 43522.7
1684286523 129.46 56.88 2298.15 42929.6
1684286533 125.98 56.95 16166 43104.7
1684286543 129.39 56.88 2275.39 42645.7
1684286553 129.79 56.88 2277.76 44176
1684286563 129.95 56.88 2273.17 43358.1
1684286573 129.69 56.88 2302.51 43221.3
1684286583 129.66 56.88 2323.12 43334.2
1684286593 129.56 56.88 2297.76 43058.3
1684286603 128.78 56.95 17129 43767.4
1684286613 129.66 56.88 2297.76 42848
1684286623 130.05 56.88 2323.12 43349.8
1684286633 129.95 56.88 2297.76 43450.2
1684286643 129.73 56.88 2320.86 43657.3
1684286653 129.56 56.88 2297.76 43152.8
1684286663 121.28 56.93 15388.4 43084.7
1684286673 129 56.95 17785.2 42596.5
1684286683 129.39 56.88 2275.39 43121.9
1684286693 129.88 56.88 2253 43533.8
1684286703 129.86 56.88 2273.17 43454.1
1684286713 129.24 56.88 2270.57 42866.3
1684286723 129.36 56.88 2273.17 43028.3
1684286733 126.78 56.95 15531.1 43288
1684286743 129.95 56.88 2298.15 43701.1
1684286753 129.69 56.88 2275 43727.3
1684286763 129.88 56.88 2300.39 43214.8
1684286773 129.39 56.88 2275 42976.2
1684286783 129.21 56.88 2253.39 43241.4
1684286793 125.35 56.95 14644.5 42726.5
1684286803 129.88 56.88 2275 43392.2
1684286813 129.66 56.88 2298.15 43169.2
1684286823 129.59 56.88 2283.95 43448.7
1684286833 129.65 56.88 2298.15 43601.9
1684286843 130.08 56.88 2325 43607
1684286853 129.44 56.88 2295.91 42909.6
1684286863 128.59 56.95 16905 43404.5
1684286873 129.17 56.88 2298.15 42883.1
1684286883 129.66 56.88 2297.76 43634.7
1684286893 129.59 56.88 2302.9 42475.1
1684286903 129.88 56.88 2300 43451.6
1684286913 129.37 56.88 2300.68 43077.5
1684286923 122.25 56.95 15472.4 43482.9
1684286933 129.3 56.95 2278.15 42565.2
1684286943 129.65 56.88 2297.76 43277.7
1684286953 129.95 56.88 2298.15 43980.9
1684286963 129.98 56.88 2300 43016.4
1684286973 130.01 56.88 2295.91 43635.9
1684286983 129.82 56.88 2295.52 43078.4
1684286993 123.35 56.95 16085.2 43019.5
1684287003 129.36 56.88 2297.76 43500.9
1684287013 129.59 56.88 2300.39 42938.7
1684287023 129.78 56.88 2300 43889.4
1684287033 129.46 56.88 2298.15 43475.9
1684287043 130.07 56.88 2325.39 43991.8
1684287053 129.49 56.88 2300.39 42963.3
1684287063 125.99 56.95 16339.9 43353.6
1684287073 129.68 56.88 2284.38 42398.1
1684287083 129.86 56.88 2323.12 43425.6
1684287093 129.63 56.88 2295.52 43426.9
1684287103 130.34 56.88 2323.12 43793.6
1684287113 129.56 56.88 2297.76 43159.4
1684287123 122.23 56.95 14849.5 43566.1
1684287133 129.4 56.95 2302.51 42906
1684287143 129.66 56.88 2273.17 42784.8
1684287153 129.62 56.88 2255.18 43234.5
1684287163 129.59 56.88 2284.77 43491.8
1684287173 129.75 56.88 2272.78 43790.1
1684287183 129.83 56.88 2295.91 42920.5
1684287193 124.41 56.95 15966 43150
1684287203 129.69 56.88 2278.15 42805.8
1684287213 130.06 56.88 2297.76 43728
1684287223 129.95 56.88 2323.12 42903
1684287233 129.85 56.88 2322.73 43982.1
1684287243 130.24 56.88 2323.12 43900.5
1684287253 129.82 56.88 2320.47 43181.3
1684287263 55.61 56.93 15217.2 11140.3

Execution duration: 00:34:19.19
