1684275892 104.55 56.93 0 0
1684275896 105.35 56.93 6.12 193.5
1684275902 103.36 56.93 0 0
1684275906 104.96 56.93 0 0
1684275911 105.73 56.93 0 0
1684275917 104.54 56.93 0 0
1684275921 105.35 56.93 0 0
1684275926 105.35 56.93 0 0
1684275931 105.15 56.93 0 0
1684275937 106.24 56.93 0 0
1684275941 105.34 56.93 0 0
1684275947 105.31 56.93 0 0
1684275951 106.88 56.93 0 0
1684275956 105.16 56.93 0 0
1684275961 104.97 56.93 0 0
1684275967 102.98 56.93 0 0
1684275971 105.53 56.93 0 0
1684275977 105.34 56.93 0 0
1684275982 105.54 56.93 0 0
1684275987 105.54 56.93 0 0
1684275991 105.35 56.93 0 0
1684275997 105.15 56.93 0 0
1684276002 106.11 56.93 0 0
1684276007 104.96 56.93 0 0
1684276012 105.14 56.93 0 0
1684276017 105.54 56.93 0 0
1684276022 105.35 56.93 0 0
1684276027 105.35 56.93 0 0
1684276032 105.34 56.93 0 0
1684276037 104.76 56.93 0 0
1684276042 105.53 56.93 0 0
1684276047 105.54 56.93 0 0
1684276052 104.96 56.93 0 0
1684276057 105.35 56.93 0 0
1684276062 106.31 56.93 0 0
1684276067 105.54 56.93 0 0
1684276072 105.15 56.93 0 0
1684276077 100.19 56.93 0 0
1684276082 0.38 56.93 0 0

Execution duration: 00:03:14.14
