1684239420 130.8 56.97 2296.69 39442.1
1684239430 129.78 56.9 2250.78 42614.8
1684239440 129.56 56.9 2262.24 42737.9
1684239450 130.17 56.9 2284.38 44305.5
1684239460 129.83 56.9 2272.52 43317.7
1684239470 121.88 56.96 13975 43687.5
1684239480 129.86 56.96 2349.66 43836.5
1684239490 130.05 56.89 2322.73 42860.1
1684239500 129.88 56.89 2300.39 43705.9
1684239510 129.76 56.89 2298.15 43255.4
1684239520 129.65 56.89 2297.76 42874.5
1684239530 130.15 56.89 2298.15 43591.8
1684239540 128.01 56.96 15726.4 43506.3
1684239550 129.75 56.96 2273.17 43005.7
1684239560 129.98 56.89 2275 43383.6
1684239570 129.43 56.89 2280.35 43209.3
1684239580 129.9 56.89 2293.28 42740
1684239590 130.38 56.89 2275.39 42616.8
1684239600 122.56 56.89 0 43566
1684239610 129.36 56.96 17418.1 42650.9
1684239620 130.18 56.96 2301.56 43263.7
1684239630 130.15 56.89 2298.15 43882.5
1684239640 129.75 56.89 2297.76 43249.6
1684239650 129.85 56.89 2298.15 42950.6
1684239660 130.15 56.89 2272.78 43799
1684239670 122.92 56.96 15580.3 42958.6
1684239680 129.66 56.96 2272.78 43151.6
1684239690 129.3 56.89 2253.39 42594.6
1684239700 129.63 56.89 2270.57 43267.4
1684239710 129.7 56.89 2293.67 42641.9
1684239720 129.55 56.89 2274.34 43748.3
1684239730 129.69 56.89 2278.15 43122.6
1684239740 123.64 56.96 16113.3 42843.8
1684239750 130.57 56.96 2325.39 43818
1684239760 129.96 56.89 2297.76 43229.3
1684239770 129.88 56.89 2300.39 43386.7
1684239780 130.09 56.89 2293.28 43588.3
1684239790 130.79 56.89 2297.47 43929.8
1684239800 129.53 56.89 2295.91 43127.9
1684239810 123.23 56.96 16325.5 43085.3
1684239820 130.04 56.96 2298.15 43373.3
1684239830 129.95 56.89 2272.78 43162.9
1684239840 130.15 56.89 2298.15 43593
1684239850 129.59 56.89 2300 43158.6
1684239860 130.27 56.89 2300.39 43204.7
1684239870 129.76 56.89 2297.76 43719.8
1684239880 123.49 56.96 16147 41957.4
1684239890 129.49 56.89 2253 43411.2
1684239900 129.98 56.89 2300.39 43241.4
1684239910 129.66 56.89 2272.78 43210.2
1684239920 129.88 56.89 2300.39 42884.8
1684239930 129.87 56.89 2309.21 43719.5
1684239940 122.95 56.96 14276.9 43878.5
1684239950 129.26 56.89 2297.76 41811.9
1684239960 130.05 56.89 2273.17 43440.8
1684239970 129.78 56.89 2300 43500
1684239980 129.78 56.89 2326.95 43418.4
1684239990 129.85 56.89 2297.76 43618.3
1684240000 130.28 56.89 2325.39 43800.8
1684240010 125.14 56.96 16105.3 43467.4
1684240020 129.9 56.89 2286.99 42991.8
1684240030 129.92 56.89 2270.96 43825.3
1684240040 129.79 56.89 2275.39 43310.2
1684240050 129.92 56.89 2295.91 43474.5
1684240060 130.11 56.89 2295.52 42964.9
1684240070 129.75 56.89 2298.15 43818.9
1684240080 126.6 56.96 16346.2 43016.2
1684240090 129.62 56.89 2262.14 42986
1684240100 129.79 56.89 2277.76 42646.8
1684240110 130.08 56.89 2300.39 43781.6
1684240120 130.35 56.89 2300.88 43904.4
1684240130 130.21 56.89 2320.86 42918.9
1684240140 130.15 56.89 2297.76 43552.8
1684240150 128 56.96 17193.8 43224.2
1684240160 129.95 56.89 2297.76 43185.2
1684240170 129.44 56.89 2295.91 43027.3
1684240180 129.69 56.89 2302.51 43938.1
1684240190 129.98 56.89 2301.95 42998.1
1684240200 129.88 56.89 2300 43103.5
1684240210 130.34 56.89 2298.15 43366.6
1684240220 128.2 56.96 17612.5 42622.1
1684240230 129.69 56.89 2278.15 43075.4
1684240240 129.51 56.89 2286.6 43047.8
1684240250 130.18 56.89 2300.39 43656.6
1684240260 129.88 56.89 2300 43411.7
1684240270 130.14 56.89 2323.12 43631.2
1684240280 122.74 56.96 15380.3 42948.7
1684240290 129.59 56.89 2275.39 43663.3
1684240300 129.78 56.89 2277.76 42635.6
1684240310 129.69 56.89 2275.39 43185.6
1684240320 129.68 56.89 2300.39 43353.9
1684240330 129.75 56.89 2273.17 43248.8
1684240340 129.5 56.89 2302.9 42670.4
1684240350 124.09 56.96 16041.8 43512.6
1684240360 130.05 56.89 2298.15 43045.1
1684240370 130.07 56.89 2300 43405.5
1684240380 129.78 56.89 2275.39 43648.8
1684240390 129.88 56.89 2277.76 42554.3
1684240400 129.98 56.89 2300.39 43875
1684240410 129.47 56.89 2297.76 43447.8
1684240420 128.72 56.96 16329.2 42952.4
1684240430 129.73 56.89 2295.52 43081.9
1684240440 129.98 56.89 2300.39 43852.7
1684240450 129.83 56.89 2288.82 43306.5
1684240460 130.05 56.89 2273.17 43751.4
1684240470 129.49 56.89 2275 42787.9
1684240480 126.74 56.96 15527 42868.7
1684240490 129.73 56.89 2295.52 43486.2
1684240500 130.17 56.89 2250.39 43164.1
1684240510 129.95 56.89 2272.78 43452.5
1684240520 129.88 56.89 2300.39 43184.8
1684240530 130.07 56.89 2275 43426.9
1684240540 124.2 56.96 14877.7 43298.3
1684240550 129.46 56.89 2272.78 43280
1684240560 129.79 56.89 2302.9 43130
1684240570 129.95 56.89 2322.73 43477.1
1684240580 129.39 56.89 2300.39 43355.1
1684240590 129.85 56.89 2297.76 43169.2
1684240600 121.58 56.94 14242.6 44148.8
1684240610 128.39 56.96 16526.4 42232.2
1684240620 129.59 56.89 2300 43381.6
1684240630 129.85 56.89 2273.17 43095.8
1684240640 129.82 56.89 2302.25 43343.1
1684240650 130.47 56.96 2303.52 43599.2
1684240660 131.09 56.89 2301.37 43467.8
1684240670 126.34 56.96 15893.9 43088
1684240680 130.18 56.89 2300 43157
1684240690 129.79 56.89 2275.39 43363.7
1684240700 130.44 56.89 2322.73 43403.7
1684240710 129.53 56.89 2295.91 43501
1684240720 129.2 56.89 2277.76 42732.3
1684240730 121.47 56.96 14726.5 43326.9
1684240740 129.07 56.96 2322.73 42828.9
1684240750 129.78 56.89 2253.39 42101.7
1684240760 129.49 56.89 2277.76 42827.1
1684240770 130.05 56.89 2273.17 43344.4
1684240780 129.56 56.89 2322.73 43161.8
1684240790 129.98 56.89 2300.39 43299.2
1684240800 124.32 56.96 15770.3 43571.1
1684240810 129.68 56.89 2275.39 42495.7
1684240820 129.86 56.89 2297.76 43006.4
1684240830 129.39 56.89 2275.39 42869.1
1684240840 129.7 56.89 2293.28 43428.2
1684240850 129.88 56.89 2300.39 43684.8
1684240860 129.88 56.89 2300 43280.1
1684240870 124.3 56.96 16371.1 43525.8
1684240880 129.39 56.89 2275 42788.3
1684240890 129.52 56.89 2262.14 42812.8
1684240900 129.98 56.89 2275.39 43126.6
1684240910 130.15 56.89 2297.76 43996.5
1684240920 129.6 56.89 2293.67 42717
1684240930 129.64 56.89 2240.62 43638.1
1684240940 128.97 56.96 16410.9 42624.4
1684240950 129.49 56.89 2275 42901.6
1684240960 130.08 56.89 2250.39 44169.5
1684240970 129.76 56.89 2297.76 43929.4
1684240980 129.49 56.89 2300.39 43774.2
1684240990 129.54 56.89 2295.52 42949.3
1684241000 128.78 56.96 15647.2 43502.1
1684241010 128.98 56.89 2272.78 42870.6
1684241020 129.5 56.89 2278.15 43077.4
1684241030 129.88 56.89 2301.56 43587.5
1684241040 129.68 56.89 2275.39 43559
1684241050 129.56 56.89 2297.76 43461.8
1684241060 123.21 56.96 15371.8 43129.6
1684241070 129.85 56.89 2272.78 42736.8
1684241080 130.34 56.89 2273.17 42932.3
1684241090 129.69 56.89 2284.38 42765.9
1684241100 129.69 56.89 2300.39 43421.1
1684241110 130.14 56.89 2297.76 42850.3
1684241120 130.02 56.89 2295.91 43867.1
1684241130 124.97 56.96 16271.6 42763.7
1684241140 129.81 56.89 2305.13 43156.2
1684241150 129.29 56.89 2275 42841
1684241160 129.68 56.89 2275.39 43501.6
1684241170 129.4 56.89 2278.15 42922.2
1684241180 129.98 56.89 2325 43453.1
1684241190 129.98 56.89 2300.39 44038.7
1684241200 126.51 56.96 16825.3 43285.4
1684241210 129.53 56.89 2297.47 43781.7
1684241220 130.17 56.89 2300 43443
1684241230 129.99 56.89 2293.67 44014.8
1684241240 130.47 56.89 2325 44053.9
1684241250 129.76 56.89 2298.15 43383.4
1684241260 129.78 56.89 2325 43377.3
1684241270 128.6 56.96 17159.8 43343.2
1684241280 129.3 56.89 2302.51 42580.3
1684241290 130.18 56.89 2300.39 43930.9
1684241300 129.65 56.89 2297.76 43315.5
1684241310 129.74 56.89 2314.09 43156.1
1684241320 129.27 56.89 2297.76 43170.7
1684241330 124.8 56.96 15578.5 43084.4
1684241340 129.66 56.89 2272.78 43099.7
1684241350 129.78 56.89 2275.39 43434.8
1684241360 129.66 56.89 2272.78 43029.8
1684241370 130.27 56.89 2300.39 43854.7
1684241380 130.02 56.89 2295.52 43540
1684241390 129.65 56.89 2298.15 43510.6
1684241400 126.24 56.96 16623.2 42969.4
1684241410 129.76 56.89 2298.15 43268.3
1684241420 129.78 56.89 2275 43021.5
1684241430 129.88 56.89 2325.39 43834
1684241440 129.95 56.89 2323.12 43430.2
1684241450 129.26 56.89 2288.82 42648.8
1684241460 119.24 56.94 14831.6 40085.5
1684241470 25.24 56.94 424.56 2060.82

Execution duration: 00:34:16.16
