1684273321 100.38 56.93 0 0
1684273326 100.19 56.86 6.11 169.47
1684273331 100.38 56.86 0 0
1684273336 100.38 56.86 0 0
1684273341 100.38 56.86 0 0
1684273346 100.19 56.86 0 0
1684273351 100.38 56.86 0 0
1684273356 100.76 56.86 0 0
1684273361 100 56.86 0 0
1684273366 100.19 56.86 0 0
1684273371 100.19 56.86 0 0
1684273376 100.19 56.86 0 0
1684273381 100.38 56.86 0 0
1684273386 100.57 56.86 0 0
1684273391 100.38 56.86 0 0
1684273396 100.38 56.86 0 0
1684273401 100.19 56.86 0 0
1684273406 100.19 56.86 0 0
1684273411 100.38 56.86 0 0
1684273416 100.57 56.86 0 0
1684273421 100.57 56.86 0 0
1684273426 100.19 56.86 0 0
1684273431 100.57 56.86 0 0
1684273436 99.81 56.86 0 0
1684273441 100.57 56.86 0 0
1684273446 100.19 56.86 0 0
1684273451 100.57 56.86 0 0
1684273456 100.38 56.86 0 0
1684273461 100.38 56.86 0 0
1684273466 100.57 56.86 0 0
1684273472 100.19 56.86 0 0
1684273476 100.38 56.86 0 0
1684273482 100.38 56.86 0 0
1684273487 100.19 56.86 0 0
1684273491 100.57 56.93 0 0
1684273496 100.38 56.86 0 0
1684273501 100.19 56.86 0 0
1684273506 100.38 56.86 0 0
1684273511 100.38 56.86 0 0
1684273516 100.19 56.86 0 0
1684273522 100.38 56.86 0 0
1684273527 100.38 56.86 0 0
1684273532 100.38 56.86 0 0
1684273537 100.57 56.86 0 0
1684273542 100.57 56.86 0 0
1684273547 100.19 56.86 0 0
1684273552 100.57 56.86 0 0
1684273557 100.19 56.86 0 0
1684273562 100.38 56.86 0 0
1684273567 100.38 56.86 0 0
1684273572 100.57 56.86 0 0
1684273577 100.38 56.86 0 0
1684273582 100.19 56.86 0 0
1684273587 100.57 56.86 0 0
1684273592 100.19 56.86 0 0
1684273597 100.57 56.86 0 0
1684273602 100.57 56.86 0 0
1684273607 100.19 56.86 0 0
1684273612 100 56.86 0 0
1684273617 100.76 56.86 0 0
1684273622 99.81 56.86 0 0
1684273627 100.38 56.86 0 0
1684273632 100.38 56.86 0 0
1684273637 100.19 56.86 0 0
1684273642 100.38 56.86 0 0
1684273647 100.38 56.86 0 0
1684273652 100.19 56.86 0 0
1684273657 100.19 56.86 0 0
1684273662 100.57 56.86 0 0
1684273667 100 56.86 0 0
1684273672 100.19 56.86 0 0
1684273677 100.57 56.86 0 0
1684273682 100.19 56.86 0 0
1684273687 100.19 56.86 0 0
1684273692 100.38 56.86 0 0
1684273697 100.38 56.86 0 0
1684273702 100.38 56.86 0 0
1684273707 100.38 56.86 0 0
1684273712 100.38 56.86 0 0
1684273717 100.19 56.86 0 0
1684273722 100.38 56.86 0 0
1684273727 100.57 56.86 0 0
1684273732 100.38 56.86 0 0
1684273737 100.38 56.86 0 0
1684273742 100.38 56.86 0 0
1684273747 100.38 56.86 0 0
1684273752 100.38 56.86 0 0
1684273757 100.38 56.86 0 0
1684273762 18.55 56.93 23.71 5819.5

Execution duration: 00:07:24.24
