1684232769 130.75 56.98 2235.41 39277.8
1684232779 129.78 56.91 2253.77 43384.5
1684232789 129.88 56.91 2228.52 42082
1684232799 130.04 56.91 2275.9 41942.6
1684232809 129.99 56.91 2271.86 43007.2
1684232819 121.85 56.95 13859.9 43333.5
1684232829 129.39 56.97 16100.4 42693.8
1684232839 129.47 56.9 2250.82 42509.4
1684232849 130.02 56.9 2270.96 43079.5
1684232859 130.76 56.9 2275 43184
1684232869 129.76 56.9 2274.73 43041.9
1684232879 129.34 56.9 2270.96 42561.4
1684232889 127.42 56.97 15601.6 42876.9
1684232899 129.76 56.97 2248.19 42995.9
1684232909 129.75 56.9 2272.78 42695
1684232919 129.46 56.9 2273.17 43093.5
1684232929 129.4 56.9 2253 42678.9
1684232939 129.84 56.9 2290.76 43213.2
1684232949 129.46 56.9 2274.34 42688
1684232959 128.65 56.97 17153.2 42651.5
1684232969 129.61 56.97 2293.28 42488.8
1684232979 129.95 56.9 2273.17 43258.5
1684232989 130.15 56.9 2272.78 43503.2
1684232999 130.05 56.9 2298.15 42775.8
1684233009 129.58 56.9 2291.05 42963.4
1684233019 122.24 56.97 15365.9 43401
1684233029 129.36 56.97 2272.78 42389.5
1684233039 129.66 56.9 2274.73 42569.4
1684233049 129.79 56.9 2250 43066.4
1684233059 129.85 56.9 2273.17 43760
1684233069 129.88 56.9 2300 42819.9
1684233079 129.63 56.9 2270.96 43393
1684233089 122.45 56.97 15722.9 42469.1
1684233099 129.88 56.97 2300.39 42980.1
1684233109 129.86 56.9 2297.76 42910.4
1684233119 129.88 56.9 2275.39 43256.2
1684233129 129.95 56.9 2297.76 43031
1684233139 129.88 56.9 2300.39 43269.9
1684233149 129.95 56.9 2272.78 43184.8
1684233159 121.38 56.95 15666.9 42823.7
1684233169 129.76 56.97 18050.3 43251.1
1684233179 129.44 56.9 2270.96 41778.9
1684233189 129.78 56.9 2250 42937.9
1684233199 130.38 56.9 2275.39 43096.9
1684233209 129.65 56.9 2298.15 43287
1684233219 129.95 56.9 2276.29 43717.5
1684233229 121.86 56.97 15644.1 42404.3
1684233239 129.85 56.97 2247.8 43217.2
1684233249 130.02 56.9 2270.96 42888.9
1684233259 129.76 56.9 2247.8 42848.4
1684233269 129.39 56.9 2261.49 42588.2
1684233279 129.3 56.9 2277.76 42095.6
1684233289 130.15 56.9 2273.17 43600.4
1684233299 128 56.97 15686.2 42816.4
1684233309 129.72 56.97 2270.96 42405.1
1684233319 130.18 56.9 2275 43372.7
1684233329 130.14 56.9 2301.27 43224.6
1684233339 129.79 56.9 2275 43059.8
1684233349 129.65 56.9 2273.17 43131.3
1684233359 130.05 56.9 2297.76 43201.2
1684233369 129.07 56.97 17392 42391.4
1684233379 129.92 56.9 2263.95 42669
1684233389 129.75 56.9 2276.29 43075.9
1684233399 129.98 56.9 2300 43263.3
1684233409 129.56 56.9 2248.19 43065
1684233419 129.2 56.9 2228.24 42102.5
1684233429 123.12 56.97 15331.5 43030.2
1684233439 129.61 56.97 2252.2 42652.2
1684233449 129.85 56.9 2257.75 42722.5
1684233459 129.37 56.9 2225.95 42702.4
1684233469 129.49 56.9 2253.39 42502.9
1684233479 130.05 56.9 2297.76 43471.2
1684233489 129.66 56.9 2273.17 42559.6
1684233499 123.81 56.97 15980.5 42765.7
1684233509 129.31 56.97 2253.39 42188.8
1684233519 130.08 56.9 2275 42844.5
1684233529 129.88 56.9 2275.39 43069.5
1684233539 129.75 56.9 2283.71 43164.1
1684233549 129.78 56.9 2278.15 42956.7
1684233559 129.95 56.9 2273.17 43084.1
1684233569 123.62 56.97 16292.3 43069.3
1684233579 129.37 56.97 2257.75 42551.2
1684233589 130.28 56.9 2275 42928.1
1684233599 129.95 56.9 2273.17 43085.3
1684233609 129.66 56.9 2272.78 43332.7
1684233619 129.78 56.9 2256.48 42852.6
1684233629 129.98 56.9 2275 43196.5
1684233639 125.37 56.97 16053 42022.1
1684233649 129.78 56.97 2275 43259.8
1684233659 129.71 56.9 2262.14 43117.3
1684233669 129.76 56.9 2272.78 42951.4
1684233679 129.46 56.9 2298.15 43438.8
1684233689 129.36 56.9 2297.76 42793
1684233699 129.78 56.9 2300.39 43308.6
1684233709 126.76 56.97 16807.4 43372.3
1684233719 130.04 56.97 2274.73 43292.1
1684233729 130.24 56.9 2297.76 42854.2
1684233739 129.85 56.9 2298.15 43617.9
1684233749 130.24 56.9 2297.76 43259.7
1684233759 129.34 56.9 2270.96 42881.9
1684233769 123.02 56.97 14744.3 42565.2
1684233779 129.66 56.97 2273.17 43179.3
1684233789 130.53 56.9 2257.36 42502.7
1684233799 130.07 56.9 2250.39 43484.8
1684233809 129.56 56.9 2272.78 43019.3
1684233819 129.46 56.9 2284.1 42486.6
1684233829 129.86 56.9 2247.8 43414.2
1684233839 128.6 56.97 16001.6 42636.1
1684233849 129.76 56.97 2247.8 42796.9
1684233859 129.69 56.9 2250.39 43089.1
1684233869 129.67 56.9 2266.54 43156.8
1684233879 129.75 56.9 2273.17 43137.6
1684233889 129.85 56.9 2273.17 42108.5
1684233899 125.48 56.97 15241.8 43166.4
1684233909 130.05 56.97 2248.19 42616.2
1684233919 129.95 56.9 2272.78 42685.7
1684233929 129.79 56.9 2300.39 43073.8
1684233939 130.12 56.9 2258.09 43632.8
1684233949 129.4 56.9 2253.39 42492.8
1684233959 122.25 56.97 14528 42843.7
1684233969 130.15 56.97 2298.15 43336.2
1684233979 129.95 56.9 2247.8 42739.1
1684233989 129.58 56.9 2275.39 42739.8
1684233999 129.78 56.9 2275 43460.9
1684234009 129.92 56.9 2274.08 43355.6
1684234019 130.26 56.9 2272.38 42172
1684234029 126.35 56.97 15967.6 43265.9
1684234039 129.88 56.97 2300 43085.9
1684234049 129.39 56.9 2275.39 43232.4
1684234059 129.95 56.9 2272.78 43246.8
1684234069 129.69 56.9 2278.52 42848.8
1684234079 129.59 56.9 2253 43467.3
1684234089 121.79 56.97 14866.8 42734.8
1684234099 129.05 56.97 2313.7 42020.6
1684234109 129.79 56.9 2278.15 42940.8
1684234119 130.18 56.9 2275 42982.8
1684234129 129.49 56.9 2275.39 42954.7
1684234139 129.31 56.9 2293.28 42297.2
1684234149 129.66 56.9 2298.15 43271.8
1684234159 123.71 56.97 15680 43241
1684234169 129.65 56.97 2298.15 42680.2
1684234179 129.27 56.9 2247.8 42537.8
1684234189 129.11 56.9 2253.39 42606.2
1684234199 129.68 56.9 2275 43081.2
1684234209 129.4 56.9 2256.48 42389.2
1684234219 129.76 56.9 2297.76 43145.8
1684234229 123.64 56.97 16097.7 43252.1
1684234239 129.88 56.97 2275.39 43300
1684234249 129.56 56.9 2248.19 42583.4
1684234259 129.56 56.9 2248.19 42957.3
1684234269 129.75 56.9 2272.78 43184.8
1684234279 129.4 56.9 2253.39 42736.2
1684234289 129.18 56.9 2266.15 42790.3
1684234299 128 56.97 16061.3 43095
1684234309 129.46 56.97 2247.8 42805.8
1684234319 129.66 56.9 2248.19 43085.7
1684234329 129.36 56.9 2247.8 42864.4
1684234339 129.66 56.9 2298.15 43182.1
1684234349 129.49 56.9 2250 42390.6
1684234359 126.95 56.97 15112.5 42840.2
1684234369 129.56 56.97 2249.36 43091.5
1684234379 129.3 56.9 2228.63 42462.7
1684234389 129.31 56.9 2253 42752.4
1684234399 129.63 56.9 2295.91 42899
1684234409 129.36 56.9 2272.78 42823.8
1684234419 129.69 56.9 2271.87 43019.9
1684234429 128.81 56.97 17071.5 42848.4
1684234439 129.88 56.9 2275.39 42697.3
1684234449 129.69 56.9 2275 43216.4
1684234459 129.98 56.9 2300.39 43311.7
1684234469 129.66 56.9 2272.78 43427.5
1684234479 129.78 56.9 2300.39 43075.8
1684234489 123.02 56.97 15597.3 42835.9
1684234499 129.37 56.97 2273.17 42896.8
1684234509 129.3 56.9 2253 42458.4
1684234519 129.69 56.9 2275.39 42844.1
1684234529 129.7 56.9 2286.6 43054
1684234539 129.36 56.9 2273.17 43197.7
1684234549 130.08 56.9 2304.69 42931.2
1684234559 124.01 56.97 16092.9 43895.4
1684234569 129.39 56.97 2275 42198.4
1684234579 129.95 56.9 2273.17 43178.5
1684234589 129.33 56.9 2262.14 42868
1684234599 129.56 56.9 2272.78 43321.4
1684234609 129.37 56.9 2298.15 42480
1684234619 129.66 56.9 2297.76 43709.3
1684234629 124.96 56.97 16143.9 42672.7
1684234639 129.29 56.97 2300 42812.9
1684234649 129.68 56.9 2275.39 43397.3
1684234659 129.96 56.9 2247.8 43146.9
1684234669 129.49 56.9 2278.15 42022.1
1684234679 129.69 56.9 2293.28 42580.3
1684234689 130.15 56.9 2273.17 42992.8
1684234699 129.37 56.97 16761.8 42688.4
1684234709 129.71 56.9 2255.57 42847.2
1684234719 130.05 56.9 2272.78 43089.9
1684234729 130.34 56.9 2248.19 42892.5
1684234739 129.46 56.9 2275.9 42870.6
1684234749 129.49 56.9 2281.24 44531.1
1684234759 122.15 56.97 15449.4 42694.6
1684234769 129.62 56.97 2262.14 42632.6
1684234779 129.7 56.9 2268.35 42176.8
1684234789 129.17 56.9 2273.17 43111.4
1684234799 129.27 56.9 2297.76 43402.9
1684234809 129.46 56.9 2273.17 42760.2
1684234819 129.2 56.9 2253 42507.2
1684234829 92.97 56.95 15255.9 24410.2

Execution duration: 00:34:32.32
