1684298727 104.97 56.93 0 0
1684298732 105.54 56.93 6.12 46.65
1684298737 105.34 56.93 0 0
1684298742 105.53 56.93 0 123.66
1684298747 104.14 56.93 0 0
1684298752 106.12 56.93 0 0
1684298757 104.15 56.93 0 0
1684298762 105.34 56.93 0 0
1684298767 104.94 56.93 0 0
1684298772 104.75 56.93 0 0
1684298777 105.73 56.93 0 0
1684298782 105.72 56.93 0 0
1684298787 104.54 56.93 0 0
1684298792 103.95 56.93 0 0
1684298797 105.53 56.93 0 0
1684298802 105.54 56.93 0 0
1684298807 105.35 56.93 0 0
1684298812 105.91 56.93 0 0
1684298817 104.73 56.93 0 0
1684298822 105.34 56.93 0 0
1684298827 105.34 56.93 0 0
1684298832 103.57 56.93 0 0
1684298837 105.73 56.93 0 0
1684298842 103.95 56.93 0 0
1684298847 107.64 56.93 0 0
1684298852 105.34 56.93 0 0
1684298857 105.72 56.93 0 0
1684298862 105.33 56.93 0 0
1684298867 105.54 56.93 0 0
1684298872 106.48 56.93 0 0
1684298877 105.73 56.93 0 0
1684298882 105.72 56.93 0 0
1684298887 104.36 56.93 0 0
1684298892 105.14 56.93 0 0
1684298897 105.53 56.93 0 0
1684298902 105.35 56.93 0 0
1684298907 105.33 56.93 0 0
1684298912 70.32 56.93 0 0

Execution duration: 00:03:12.12
