1684234854 100.38 56.95 0 0
1684234859 100.57 56.88 42.83 45.89
1684234864 100.57 56.88 0 0
1684234869 100.38 56.88 0 0
1684234874 100.38 56.88 0 0
1684234879 100.19 56.88 0 0
1684234884 100.57 56.88 0 0
1684234889 100.57 56.88 0 0
1684234894 100.38 56.88 0 0
1684234899 100.38 56.88 0 0
1684234904 100.57 56.88 0 0
1684234909 100.57 56.88 0 0
1684234914 100.19 56.88 0 0
1684234919 100.57 56.88 0 0
1684234924 100.38 56.88 0 0
1684234929 100.57 56.88 0 0
1684234934 100.38 56.88 0 0
1684234939 100.38 56.88 0 99.43
1684234944 100.38 56.88 0 0
1684234949 100.38 56.88 0 0
1684234954 100.57 56.88 0 0
1684234959 100.57 56.88 0 0
1684234964 100.76 56.88 0 0
1684234969 100.57 56.88 0 0
1684234974 100.38 56.88 0 0
1684234979 100.38 56.88 0 0
1684234984 100 56.88 0 0
1684234989 100.76 56.88 0 0
1684234994 100.57 56.88 0 0
1684234999 100.96 56.88 0 0
1684235004 100.38 56.88 0 0
1684235009 95.79 56.95 0 0.76
1684235014 0.38 56.95 0 0

Execution duration: 00:02:43.43
