1684204525 100.19 56.66 0.76 0
1684204530 100.38 56.73 3.06 58.89
1684204535 100.38 56.66 0 0
1684204540 100.57 56.66 0 0
1684204545 100.57 56.66 0 0
1684204550 100 56.66 0 0
1684204555 100 56.66 0 0
1684204560 100.57 56.66 0 0
1684204565 100 56.66 0 0
1684204570 100.57 56.66 0 0
1684204575 100.57 56.66 0 0
1684204580 100.57 56.66 0 0
1684204585 100.38 56.66 0 0
1684204590 100.38 56.66 0 0
1684204595 100.38 56.66 0 0
1684204600 100.38 56.66 0 0
1684204605 100.57 56.66 0 0
1684204610 100.57 56.66 0 0
1684204615 100.38 56.66 0 0
1684204620 100.38 56.66 0 0
1684204625 100.38 56.66 0 0
1684204630 100.38 56.66 0 0
1684204635 100.38 56.66 0 0
1684204640 100.38 56.66 0 0
1684204645 100.57 56.66 0 0
1684204650 100.38 56.66 0 0
1684204655 100.38 56.66 0 26
1684204660 100.19 56.66 0 0
1684204665 100.19 56.66 0 0
1684204670 100.57 56.66 0 0
1684204675 100 56.66 0 0
1684204680 100.77 56.66 0 0
1684204685 100 56.66 0 0
1684204690 100.19 56.66 0 0
1684204695 100.19 56.67 0 0
1684204700 100.38 56.67 0 0
1684204705 100.38 56.67 0 0
1684204710 100.77 56.68 0 0
1684204715 100.19 56.68 0 0
1684204720 100.57 56.69 0 0
1684204725 100 56.69 0 0
1684204730 100.19 56.69 0 0
1684204735 100.57 56.7 0 0
1684204740 100.19 56.7 0 0
1684204745 100.57 56.71 0 0
1684204750 100.19 56.71 0 0
1684204755 100.57 56.71 0 0
1684204760 100 56.72 0 0
1684204765 100.38 56.72 0 0
1684204770 100.19 56.73 0 0
1684204775 100.38 56.73 0 0
1684204780 100.38 56.73 0 0
1684204785 100.38 56.74 0 0
1684204790 100.38 56.74 0 0
1684204795 100.38 56.75 0 0
1684204800 100.19 56.75 0 0
1684204805 100.38 56.75 0 0
1684204810 100.38 56.76 0 0
1684204815 100.57 56.76 0 0
1684204820 100.38 56.77 0 0
1684204825 100.38 56.77 0 0
1684204830 100.19 56.77 0 0
1684204835 100.38 56.78 0 0
1684204840 100.19 56.78 0 0
1684204845 100.19 56.79 0 0
1684204850 100.19 56.79 0 0
1684204855 100.38 56.79 0 0
1684204860 100.57 56.8 0 0
1684204865 100.38 56.8 0 0
1684204870 100.19 56.81 0 0
1684204875 100.38 56.81 0 0
1684204880 100.19 56.81 0 0
1684204885 100.38 56.82 0 0
1684204890 100.57 56.82 0 0
1684204895 100.38 56.83 0 0
1684204900 100.19 56.83 0 0
1684204905 100.38 56.83 0 0
1684204910 100.38 56.84 0 0
1684204915 100.38 56.84 0 0
1684204920 100.38 56.85 0 0
1684204925 100.57 56.85 0 0
1684204930 100.19 56.86 0 0
1684204935 100.38 56.86 0 0
1684204940 100.19 56.86 0 0
1684204945 100.38 56.87 0 0
1684204950 100.57 56.87 0 0
1684204955 100.57 56.88 0 0
1684204960 100 56.88 0 0
1684204965 33.64 56.95 23.18 4040.38

Execution duration: 00:07:25.25
