1684247882 114.31 56.94 0 19419.1
1684247887 118.89 56.87 0.76 34287.8
1684247892 120.95 56.87 0 41793.5
1684247897 122.52 56.87 0.76 46336.6
1684247902 122.29 56.87 0.76 47921.5
1684247907 124.05 56.87 0.76 50208.4
1684247912 124.67 56.87 0 52469.6
1684247917 124.24 56.87 0.76 52380.9
1684247922 124.28 56.87 0 52427.5
1684247927 124.43 56.87 0.76 52328.2
1684247932 124.43 56.87 0.76 52295.4
1684247937 124.19 56.87 0 53952.8
1684247942 125.57 56.87 0.76 56686.3
1684247947 126 56.87 0 56878
1684247952 125.95 56.94 0.76 56622.9
1684247957 125.95 56.87 0.76 56677.1
1684247962 125.52 56.87 0 56623.2
1684247967 125.28 56.87 0.75 56719.1
1684247972 123.81 56.87 0 50889.1
1684247977 123.81 56.87 0.76 50606.5
1684247982 126.34 56.87 0.76 57409.2
1684247987 125.19 56.87 0 54545.8
1684247992 126.15 56.87 0.76 57173.3
1684247997 123.47 56.87 0 50676.3
1684248002 119.08 56.87 0.76 34449.6
1684248007 119.24 56.87 0.76 34809.1
1684248012 120.42 56.87 0 38917.6
1684248017 120.61 56.87 0.76 38961.1
1684248022 122.52 56.87 0 45851.9
1684248027 121.71 56.87 0.76 44579.1
1684248032 120.8 56.87 0.76 40645
1684248037 122.14 56.87 0 43544.3
1684248042 120.61 56.87 0.76 42958
1684248047 121.41 56.87 0 42920.1
1684248052 120.76 56.87 0.76 42128.8
1684248057 119.85 56.87 0 39320.6
1684248062 118.89 56.87 0 35272.5
1684248067 118.89 56.87 0.76 36351.9
1684248072 119.1 56.87 0 40977.5
1684248077 120.64 56.87 0.75 44360.2
1684248082 121.18 56.87 0 42640.5
1684248087 120.42 56.87 0 40258
1684248092 119.24 56.87 0.76 35578.7
1684248097 119.14 56.87 0.75 41909.2
1684248102 119.66 56.87 0.76 37303.1
1684248107 119.66 56.87 0 37653.4
1684248112 119.47 56.87 0.76 37037.4
1684248117 119.27 56.87 0 35421.4
1684248122 118.7 56.87 0.76 33812.2
1684248127 118.89 56.87 0 34244.3
1684248132 118.7 56.87 0.76 33919.1
1684248137 118.89 56.87 0 34454.2
1684248142 118.29 56.87 0.76 33328.8
1684248147 118.51 56.87 0 32347.3
1684248152 117.71 56.87 0.76 31125.3
1684248157 117.75 56.87 0 32123.7
1684248162 118.1 56.87 0.76 32200.4
1684248167 118.51 56.87 0 32712.2
1684248172 117.42 56.87 0.75 35862.9
1684248177 118.86 56.87 0 34193.5
1684248182 118.93 56.87 0 34374.8
1684248187 118.7 56.87 0 33383.2
1684248192 117.64 56.87 0 37479.9
1684248197 118.7 56.87 0 33642.8
1684248202 119.27 56.87 0 37291.6
1684248207 118.03 56.87 0 34306.6
1684248212 118.7 56.87 0 35019.8
1684248217 119.47 56.87 0 35800.8
1684248222 118.89 56.87 0 35141.2
1684248227 118.39 56.87 0 40089.3
1684248232 118.51 56.87 0 34386.3
1684248237 118.67 56.87 0 33878.1
1684248242 118.32 56.87 0 33710.7
1684248247 118.86 56.87 0 35228.9
1684248252 118.89 56.87 0 35273.3
1684248257 119.12 56.87 0 35366.7
1684248262 118.89 56.87 0 34934.3
1684248267 118.7 56.87 0 34808.4
1684248272 118.89 56.87 0 34417.6
1684248277 118.29 56.87 0 33615.2
1684248282 118.51 56.87 0 34331.3
1684248287 52.92 56.94 8.29 47144.2

Execution duration: 00:06:51.51
