1684273820 130.46 56.96 2254.51 38568.4
1684273830 129.86 56.89 2273.56 42357.8
1684273840 130.11 56.89 2274.08 43481.5
1684273850 130.54 56.89 2299.32 44170.9
1684273860 130.38 56.89 2318.6 43724.6
1684273870 121.93 56.95 14012.9 43451.8
1684273880 130.11 56.95 2270.96 43509.2
1684273890 129.86 56.88 2275.95 43711.7
1684273900 129.84 56.88 2289.21 43921.9
1684273910 129.86 56.88 2316.34 43152.1
1684273920 129.92 56.88 2322.03 43101
1684273930 130.14 56.88 2298.15 43927
1684273940 128.36 56.95 15860.8 43187.9
1684273950 129.25 56.95 2270.96 42113.4
1684273960 129.82 56.88 2295.52 43163.7
1684273970 129.92 56.88 2295.91 43822.6
1684273980 130.34 56.88 2297.76 43322.5
1684273990 129.72 56.88 2295.91 43103.3
1684274000 122.25 56.95 15349.4 43262.1
1684274010 130.53 56.95 2298.15 43389.7
1684274020 130.15 56.88 2297.76 43710.8
1684274030 130.31 56.88 2295.91 43573.5
1684274040 130.21 56.88 2295.52 43586.3
1684274050 129.92 56.88 2295.91 43257.7
1684274060 130.15 56.88 2322.73 42120.6
1684274070 123.71 56.95 15865.4 43940.3
1684274080 129.54 56.95 2295.52 43035.1
1684274090 130.14 56.88 2273.17 42724.3
1684274100 130.53 56.88 2297.76 44077.7
1684274110 129.52 56.88 2286.99 42903.3
1684274120 130.05 56.88 2322.73 43697.2
1684274130 129.89 56.88 2318.6 43550.5
1684274140 124.69 56.95 16370.7 43370.2
1684274150 129.85 56.95 2302.83 42992.8
1684274160 129.63 56.88 2270.57 42890.8
1684274170 130.31 56.88 2295.91 43999.2
1684274180 129.95 56.88 2323.12 42817.9
1684274190 129.83 56.88 2301.76 43338.4
1684274200 130.22 56.88 2320.86 43814.8
1684274210 124.2 56.95 16551.8 43292.9
1684274220 130.05 56.95 2323.12 43518.8
1684274230 129.8 56.88 2276.14 43012.7
1684274240 129.76 56.88 2275.95 43245.6
1684274250 129.73 56.88 2295.52 43775.1
1684274260 130.34 56.88 2336.39 43021.3
1684274270 129.92 56.88 2295.52 43665.1
1684274280 124.93 56.95 16355.5 42719.6
1684274290 129.65 56.95 2247.8 42910.4
1684274300 129.56 56.88 2251.21 42809.3
1684274310 130.05 56.88 2322.73 43794.7
1684274320 129.82 56.88 2295.91 43111.9
1684274330 130.24 56.88 2299.32 43281.2
1684274340 123.42 56.95 14487.8 43561.4
1684274350 129.73 56.95 2295.52 42462.8
1684274360 129.85 56.88 2323.12 43241.4
1684274370 129.66 56.88 2297.76 43473.2
1684274380 129.83 56.88 2295.91 43204.3
1684274390 129.73 56.88 2301.16 42944.4
1684274400 129.92 56.88 2295.91 43451.5
1684274410 125.14 56.95 16278.4 43861.2
1684274420 130.14 56.95 2273.17 43418.9
1684274430 130.22 56.88 2295.52 43550.5
1684274440 129.65 56.88 2273.17 42199.8
1684274450 130.01 56.88 2299.03 43722
1684274460 130.18 56.88 2300 43310.9
1684274470 129.73 56.88 2295.91 43109.2
1684274480 127.66 56.95 16519.5 44159
1684274490 130.21 56.95 2270.96 42608.2
1684274500 129.86 56.88 2272.78 42826.5
1684274510 130.24 56.88 2248.19 42861.3
1684274520 130.38 56.88 2299.51 43309.4
1684274530 130.21 56.88 2270.96 43853.8
1684274540 129.98 56.88 2277.76 43321.1
1684274550 128.88 56.95 17293.7 43082.9
1684274560 130.24 56.95 2297.76 42489
1684274570 130.44 56.88 2273.17 43582.1
1684274580 130.43 56.88 2282.17 43050.4
1684274590 130.31 56.88 2320.86 42407
1684274600 130.91 56.88 2258.91 42805.4
1684274610 131.1 56.88 2246 43687.3
1684274620 128.56 56.95 17618.7 41630.4
1684274630 130.24 56.95 2298.15 43790.8
1684274640 129.92 56.88 2245.61 42377.4
1684274650 129.78 56.88 2284.77 42866.3
1684274660 130.64 56.88 2272.78 43556.7
1684274670 130.02 56.88 2270.96 41504.9
1684274680 123.1 56.95 15263.9 43612.1
1684274690 130.83 56.95 2276.29 43169.6
1684274700 130.51 56.88 2295.52 42745.8
1684274710 130.21 56.88 2196.1 42434.7
1684274720 130.3 56.88 2230.4 42335.3
1684274730 130.05 56.88 2275.95 44324.2
1684274740 130.44 56.88 2297.76 43774.4
1684274750 123.72 56.95 15817.4 43099.3
1684274760 130.32 56.95 2295.91 43285.4
1684274770 130.15 56.88 2272.78 43253.1
1684274780 130.41 56.88 2299.03 43408.6
1684274790 130.48 56.88 2286.6 43268.3
1684274800 129.91 56.88 2280.35 42841.8
1684274810 130.73 56.88 2272.78 42906.5
1684274820 128.56 56.95 16107.2 42605.5
1684274830 130.02 56.95 2245.61 42191
1684274840 129.57 56.88 2251.21 42990.5
1684274850 130.17 56.88 2275 43435.9
1684274860 129.8 56.88 2293.67 43092.9
1684274870 129.66 56.88 2272.78 43262.4
1684274880 124.88 56.95 15102.4 42202.5
1684274890 130.14 56.95 2304 43635.5
1684274900 130.12 56.88 2270.96 43454.2
1684274910 130.08 56.88 2300 42825
1684274920 130.12 56.88 2270.96 43344.6
1684274930 129.69 56.88 2275 43546.9
1684274940 122.52 56.95 14338.2 44068.8
1684274950 129.08 56.95 2250.82 43417.6
1684274960 129.56 56.88 2298.15 42699.7
1684274970 130.15 56.88 2297.76 43935.6
1684274980 129.66 56.88 2298.15 43056.8
1684274990 129.95 56.88 2322.73 43585.2
1684275000 129.75 56.88 2298.15 43375.2
1684275010 128.1 56.95 16104.6 43569.2
1684275020 129.85 56.95 2298.15 42917.8
1684275030 129.85 56.88 2298.15 43093.5
1684275040 130.18 56.88 2325 43803.9
1684275050 129.92 56.88 2248.34 42325.5
1684275060 130.95 56.88 2287.82 44520.3
1684275070 123.93 56.95 15334.5 42267.4
1684275080 129.85 56.95 2297.76 42677.5
1684275090 129.73 56.88 2270.96 43479.9
1684275100 130.14 56.88 2272.78 43554.3
1684275110 130.63 56.88 2323.12 43692.5
1684275120 129.66 56.88 2297.76 42919.4
1684275130 129.92 56.88 2320.86 43263.6
1684275140 128 56.95 16627.9 42863.2
1684275150 130.18 56.95 2300.39 43234.8
1684275160 129.85 56.88 2297.76 43864.6
1684275170 129.81 56.88 2305.13 42906.5
1684275180 130.02 56.88 2320.47 43601.9
1684275190 130.01 56.88 2320.86 43400.4
1684275200 122.25 56.95 15355.3 42524.5
1684275210 130.44 56.95 2323.12 43319.4
1684275220 129.66 56.88 2272.78 43041.2
1684275230 129.88 56.88 2278.15 45148.6
1684275240 130.04 56.88 2297.76 42821.1
1684275250 129.63 56.88 2270.96 43471.3
1684275260 129.89 56.88 2293.28 43230
1684275270 122.74 56.95 15969.9 43543.4
1684275281 129.59 56.95 2283.95 44014.7
1684275290 129.86 56.88 2273.17 43205.5
1684275300 129.85 56.88 2298.15 43329.9
1684275310 130.04 56.88 2298.15 43562.9
1684275320 130.11 56.88 2270.96 42950.9
1684275330 129.73 56.88 2295.52 44062
1684275340 127.72 56.95 16011.3 42569.8
1684275350 130.21 56.95 2295.52 43710.7
1684275360 129.61 56.88 2237.28 42808.5
1684275371 129.95 56.88 2275.56 44846.4
1684275380 129.99 56.88 2293.67 42773.5
1684275390 130.24 56.88 2297.76 44371.5
1684275400 127.22 56.95 15172.7 42846.8
1684275410 129.88 56.95 2300 43105.1
1684275420 129.76 56.88 2273.17 43503.2
1684275430 130.21 56.88 2270.57 43423.4
1684275440 129.85 56.88 2323.12 42865.2
1684275450 129.76 56.88 2332.1 44122.2
1684275460 122.22 56.95 15067.4 43462.4
1684275471 129.89 56.95 2302.51 44303.3
1684275480 130.08 56.88 2300.39 43461.7
1684275490 129.76 56.88 2297.76 43189.1
1684275500 129.75 56.88 2298.15 43340.9
1684275510 130.24 56.88 2297.76 44311.8
1684275520 129.65 56.88 2273.17 43519.2
1684275530 123.78 56.95 15906.4 43049.5
1684275540 129.98 56.95 2300.39 42998.8
1684275550 130.22 56.88 2295.52 43995.7
1684275560 129.96 56.88 2273.17 42744.6
1684275570 130.57 56.88 2300 42763.7
1684275580 130.02 56.88 2295.91 43456.1
1684275590 130.15 56.88 2298.15 44232.2
1684275600 125.05 56.95 16476 43383.2
1684275610 130.14 56.95 2298.15 43911.4
1684275621 130.1 56.88 2283.06 44190.1
1684275630 129.95 56.88 2301.27 42697.4
1684275641 129.78 56.88 2302.51 45071.2
1684275650 130.05 56.88 2298.15 43086.8
1684275660 129.76 56.88 2272.78 43456
1684275670 127.42 56.95 16810.2 42754.3
1684275680 130.14 56.95 2322.73 45199.6
1684275690 129.47 56.88 2298.15 42597.5
1684275700 129.86 56.88 2322.73 43425.9
1684275710 130.08 56.88 2325.39 43832
1684275721 129.6 56.95 2302.51 44446
1684275730 123.39 56.95 15198.8 42850.7
1684275740 130.27 56.95 2300 44700.8
1684275750 129.95 56.88 2273.17 44942.8
1684275760 129.89 56.88 2300 43125
1684275770 130.15 56.88 2298.15 44601.4
1684275780 129.85 56.88 2297.76 43183.6
1684275790 130.43 56.88 2273.17 44096
1684275800 125.56 56.95 16298.5 42158.4
1684275810 130.08 56.95 2300.39 44931.6
1684275820 129.66 56.88 2250.92 43182.4
1684275831 129.27 56.88 2275.95 44562.3
1684275840 129.85 56.88 2323.12 43727.2
1684275850 129.85 56.88 2322.73 43003.3
1684275860 121.19 56.93 14579.7 44018.4
1684275871 41.5 56.93 723.03 5239.26

Execution duration: 00:34:18.18
