1684222829 130.73 56.98 2293.46 39850.9
1684222839 130.14 56.91 2272.78 42400.4
1684222849 129.85 56.91 2276.29 42599.8
1684222859 130.07 56.91 2303.12 43937.9
1684222869 129.88 56.91 2301.95 43326.9
1684222879 121.68 56.97 14023.4 43499.6
1684222889 130.14 56.97 2382.18 43226.7
1684222899 129.69 56.9 2275 43309.8
1684222909 129.78 56.9 2300.39 43383.6
1684222919 129.91 56.9 2277.22 42803.9
1684222929 129.59 56.9 2275.39 42437.1
1684222939 130.08 56.9 2281.25 43905.5
1684222949 127.74 56.97 15748.4 42489.8
1684222959 129.88 56.97 2275 42972.3
1684222969 129.88 56.9 2275.39 42977.3
1684222979 128.99 56.9 2241.64 42770
1684222989 129.75 56.9 2297.76 43338.2
1684222999 129.49 56.9 2275.39 42870.3
1684223009 129.98 56.9 2275 43209.4
1684223019 128.56 56.97 17274.8 42493.2
1684223029 129.65 56.9 2299.32 42945.9
1684223039 129.56 56.9 2248.19 43296
1684223049 129.5 56.9 2277.76 42765.2
1684223059 129.79 56.9 2300.39 43268.8
1684223069 129.27 56.9 2274.34 42798.1
1684223079 122.56 56.97 15557.4 43586.7
1684223089 129.78 56.97 2300 42575.4
1684223099 129.64 56.9 2295.91 43391.8
1684223109 129.79 56.9 2275 42916.8
1684223119 129.96 56.9 2298.15 42841.8
1684223129 129.76 56.9 2274.34 43297.9
1684223139 129.2 56.9 2302.9 42897.9
1684223149 122.83 56.97 15933.7 42927.2
1684223159 130.08 56.97 2300.39 43541.8
1684223169 129.86 56.9 2272.78 43295.2
1684223179 129.75 56.9 2273.17 42659.5
1684223189 129.34 56.9 2295.52 42890.8
1684223199 129.85 56.9 2298.15 43622.2
1684223209 129.75 56.9 2322.73 42919.8
1684223219 122.85 56.97 16141.8 43660.9
1684223229 129.88 56.97 2300 43564.8
1684223239 129.85 56.9 2273.17 43609
1684223249 129.47 56.9 2266.15 42924.5
1684223259 129.75 56.9 2273.17 43785.4
1684223269 129.61 56.9 2279.96 42705.5
1684223279 130.22 56.9 2320.86 43881.1
1684223289 123.05 56.97 16081.2 42968
1684223299 129.55 56.97 2247.8 42465.2
1684223309 129.68 56.9 2275.39 43028.9
1684223319 129.85 56.9 2272.78 43879.8
1684223329 129.76 56.9 2323.12 43443.1
1684223339 129.66 56.9 2297.76 42349.3
1684223349 121.68 56.97 14001.9 43458.2
1684223359 129.59 56.97 2350 42622.3
1684223369 129.66 56.9 2298.15 43418.2
1684223379 129.76 56.9 2272.78 42928.8
1684223389 129.95 56.9 2298.15 43404.9
1684223399 129.68 56.9 2276.56 42616.8
1684223409 129.86 56.9 2273.17 43267.5
1684223419 122.54 56.97 15631 42438.7
1684223429 130.14 56.97 2298.15 43777.6
1684223439 129.47 56.9 2272.78 42693.8
1684223449 129.76 56.9 2273.17 43655.4
1684223459 129.29 56.9 2275 42171.1
1684223469 129.42 56.9 2286.99 42625.6
1684223479 129.95 56.9 2297.76 43425.9
1684223489 125.49 56.97 16029.7 43307
1684223499 129.37 56.97 2272.78 42817.2
1684223509 129.56 56.9 2273.17 43402.5
1684223519 129.46 56.97 2272.78 42314.5
1684223529 130.01 56.9 2286.54 43631.4
1684223539 130.08 56.9 2300.39 42953.9
1684223549 130.25 56.9 2273.17 43677.7
1684223559 125.93 56.97 16629.6 42102.9
1684223569 129.59 56.97 2277.76 43000
1684223579 129.95 56.9 2298.15 43580.5
1684223589 129.88 56.9 2275 42846.9
1684223599 130.27 56.9 2275.39 43224.2
1684223609 129.78 56.9 2301.56 42840.6
1684223619 129.68 56.9 2275.39 42732.4
1684223629 125.88 56.97 17026.6 42859
1684223639 129.65 56.97 2248.19 43128.6
1684223649 129.12 56.9 2253 42416.2
1684223659 129.89 56.9 2250.39 43780.9
1684223669 129.4 56.9 2277.76 43003.1
1684223679 129.88 56.9 2300.39 43153.5
1684223689 130.34 56.9 2297.76 43654.6
1684223699 128.66 56.97 16936.1 42417.5
1684223709 129.91 56.97 2255.18 42977.3
1684223719 129.98 56.9 2275.39 43066.4
1684223729 130.08 56.9 2300 43358.2
1684223739 129.98 56.9 2325.39 43480.1
1684223749 130.05 56.9 2297.76 43225.4
1684223759 121.85 56.97 15417.8 43271
1684223769 129.88 56.97 2375 43389.1
1684223779 129.33 56.9 2255.57 42447.6
1684223789 129.52 56.9 2279.96 43013
1684223799 129.68 56.9 2275.39 42689.8
1684223809 129.59 56.9 2277.76 42567.9
1684223819 129.95 56.9 2298.15 43953.2
1684223829 126.44 56.97 15747.9 43040
1684223839 129.74 56.97 2264.34 42470.8
1684223849 129.75 56.9 2272.78 43408
1684223859 129.2 56.9 2250.39 42105.5
1684223869 129.78 56.9 2278.15 42999.2
1684223879 129.56 56.9 2247.8 42844.5
1684223889 123.78 56.97 14624.4 43168.7
1684223899 129.86 56.97 2280.58 42642.7
1684223909 129.19 56.9 2235.11 42416.7
1684223919 129.2 56.9 2203.48 42384.9
1684223929 129.72 56.9 2255.57 42419
1684223939 129.66 56.9 2297.76 43040
1684223949 129.95 56.9 2273.17 43260.5
1684223959 129.1 56.97 16216.8 43380.9
1684223969 129.78 56.9 2275.39 42642.6
1684223979 130.04 56.9 2297.76 43720.6
1684223989 130.37 56.9 2275.39 43396.5
1684223999 129.3 56.9 2277.76 42225.9
1684224009 130.04 56.9 2298.15 43325.7
1684224019 126.05 56.97 15558.2 43016.2
1684224029 129.76 56.97 2273.17 42311
1684224039 129.28 56.9 2266.15 42999.6
1684224049 129.85 56.9 2273.17 42845.7
1684224059 129.99 56.97 2261.75 42570.5
1684224069 130.86 56.97 2284.38 43158.2
1684224079 123.14 56.97 14804.7 43284.4
1684224089 130.24 56.97 2514.34 42410.5
1684224099 129.36 56.9 2232.56 42167.1
1684224109 130.08 56.9 2275.39 43719.1
1684224119 129.55 56.9 2297.76 42870.2
1684224129 129.86 56.9 2298.15 43301.1
1684224139 129.46 56.9 2257.36 41589.2
1684224149 125.24 56.97 15810.9 43288.1
1684224159 129.98 56.97 2278.12 43522.3
1684224169 130.12 56.9 2270.96 43345.4
1684224179 130.34 56.9 2297.76 43088.4
1684224189 130.24 56.9 2298.15 42733.7
1684224199 129.56 56.9 2272.78 42951
1684224209 130.37 56.9 2275.39 43657.8
1684224219 127.24 56.97 16592.5 42224.2
1684224229 129.86 56.97 2297.76 42873.4
1684224239 129.78 56.9 2250.39 43129.7
1684224249 130.34 56.9 2297.76 43532.1
1684224259 129.38 56.9 2266.54 42483.3
1684224269 130.15 56.9 2297.76 43583.6
1684224279 129.47 56.9 2273.17 42895.2
1684224289 127.31 56.97 17151.4 42667.4
1684224299 129.92 56.97 2247.56 42842.1
1684224309 130.05 56.9 2272.78 43106.7
1684224319 129.76 56.9 2248.19 43192.2
1684224329 129.56 56.9 2272.78 42831.2
1684224339 129.73 56.9 2270.96 43001.9
1684224349 124.39 56.97 14961.9 43642.5
1684224359 129.86 56.97 2273.17 42819.5
1684224369 129.56 56.9 2272.78 43052.5
1684224379 129.95 56.9 2273.17 43433.4
1684224389 129.86 56.9 2297.76 42864.4
1684224399 129.47 56.9 2273.17 43189.5
1684224409 123.22 56.97 14048.4 42974.8
1684224419 129.73 56.97 2270.96 42673.3
1684224429 130.08 56.9 2275 43286.3
1684224439 129.95 56.9 2248.19 42936.6
1684224449 130.51 56.97 2295.52 42951.3
1684224459 129.85 56.9 2298.15 43325.3
1684224469 130.14 56.9 2299.32 43637.8
1684224479 125.63 56.97 16065.5 42672.1
1684224489 129.92 56.97 2295.52 43119.7
1684224499 130.14 56.9 2273.17 43166.4
1684224509 129.69 56.9 2275 42914.8
1684224519 129.59 56.9 2278.15 42996.5
1684224529 129.76 56.9 2297.76 43189.5
1684224539 129.66 56.9 2298.15 42726.6
1684224549 127.61 56.97 16846.4 43559.8
1684224559 129.37 56.97 2272.78 42236.9
1684224569 130.37 56.9 2250.39 43123.4
1684224579 130.22 56.9 2270.57 43025.7
1684224589 129.94 56.9 2273.17 43041.6
1684224599 130.15 56.9 2297.76 43113.4
1684224609 129.85 56.9 2273.17 43150.1
1684224619 128.03 56.97 17283.2 42654.3
1684224629 129.13 56.97 2280.35 42114.2
1684224639 130.14 56.9 2272.78 43891.1
1684224649 130.27 56.9 2276.95 43373.4
1684224659 129.65 56.9 2272.78 42908.1
1684224669 130.08 56.9 2300.39 43346.1
1684224679 122.22 56.97 15247.9 43377
1684224689 129.44 56.97 2295.91 42403.9
1684224699 129.95 56.9 2297.76 43624.2
1684224709 129.66 56.9 2273.17 42766.1
1684224719 130.05 56.9 2322.73 43524.7
1684224729 129.53 56.9 2295.91 42798.1
1684224739 129.56 56.9 2275.56 42686
1684224749 125.66 56.97 15788.1 42616.2
1684224759 129.55 56.97 2272.78 42954.2
1684224769 129.86 56.9 2273.17 42538.9
1684224779 129.95 56.9 2297.76 43422.1
1684224789 129.95 56.9 2298.15 42916.3
1684224799 129.66 56.9 2247.8 42709.1
1684224809 129.48 56.9 2284.77 43301.7
1684224819 126.93 56.97 16748.1 42874.9
1684224829 129.52 56.97 2255.57 42369
1684224839 129.98 56.9 2275 43272.7
1684224849 129.78 56.9 2275.39 42632.4
1684224859 129.56 56.9 2275.56 42568.9
1684224869 130.12 56.9 2270.96 43081.5
1684224879 119.41 56.95 14837.1 39312.8
1684224889 23.93 56.95 358.75 1945.14

Execution duration: 00:34:26.26
