1684298923 121.77 56.86 3.23 35.48
1684298924 121.14 56.86 0 3.25
1684298925 121.43 56.86 0 0
1684298926 122.58 56.86 0 0
1684298927 118.25 56.86 0 0
1684298928 118.98 56.86 0 0
1684298929 123.2 56.86 0 0
1684298930 125.2 56.86 0 0
1684298931 130.89 56.86 0 0
1684298932 126.19 56.93 0 0
1684298933 123.58 56.86 0 0
1684298934 124.82 56.86 0 0
1684298935 124.6 56.86 0 0
1684298936 124.8 56.86 0 0
1684298937 132.52 56.86 0 0
1684298938 130.16 56.86 0 0
1684298939 129.27 56.86 0 0
1684298940 123.62 56.86 0 0
1684298941 132.26 56.86 0 0
1684298942 121.78 56.93 0 0
1684298943 63.78 56.93 1036.22 4963.78

Execution duration: 00:00:24.24
