1684257973 120.16 56.87 0 283.87
1684257973 119.2 56.87 3.2 32
1684257975 119.53 56.87 0 3.12
1684257975 118.4 56.87 0 0
1684257977 122.66 56.87 0 0
1684257977 124 56.87 0 0
1684257978 125.81 56.87 0 0
1684257980 118.11 56.87 0 0
1684257981 120.63 56.94 0 0
1684257981 121.6 56.87 0 0
1684257983 117.97 56.87 0 0
1684257984 121.26 56.87 0 0
1684257985 121.26 56.87 0 0
1684257985 124 56.87 0 0
1684257987 122.05 56.87 0 0
1684257988 118.11 56.87 0 0
1684257989 125.2 56.87 0 0
1684257990 126.77 56.94 768.5 532.28
1684257991 58.27 56.94 1483.46 4743.31

Execution duration: 00:00:22.22
