1684257804 100.38 56.94 0 124.43
1684257809 100.38 56.87 21.37 47.33
1684257814 100.38 56.87 0 0
1684257819 100.38 56.87 0 0
1684257824 100.19 56.87 0 0
1684257829 100.38 56.87 0 0
1684257834 100.19 56.87 0 0
1684257839 100.19 56.87 0 0
1684257844 100.19 56.87 0 0
1684257849 100.76 56.87 0 0
1684257854 100.57 56.87 0 0
1684257859 100.57 56.87 0 0
1684257864 100.76 56.87 0 0
1684257869 100.38 56.87 0 0
1684257874 99.81 56.87 0 0
1684257879 100.38 56.87 0 0
1684257884 100.38 56.87 0 0
1684257889 100.38 56.87 0 0
1684257894 100.38 56.87 0 0
1684257899 100.38 56.87 0 0
1684257904 100.19 56.87 0 0
1684257909 100.19 56.87 0 0
1684257914 100.19 56.87 0 0
1684257919 100.38 56.87 0 0
1684257924 100.57 56.87 0 0
1684257929 100.19 56.87 0 0
1684257934 100.38 56.87 0 0
1684257939 100.38 56.87 0 0
1684257944 100.19 56.87 0 0
1684257949 100.57 56.87 0 0
1684257954 100.38 56.87 0 0
1684257959 100.38 56.87 0 0
1684257964 22.9 56.94 0 0.76

Execution duration: 00:02:45.45
