1684227460 100.19 56.95 0 0
1684227465 100.38 56.88 21.37 168.7
1684227470 100.38 56.88 0 0
1684227475 100 56.88 0 0
1684227480 100.57 56.88 0 0
1684227485 100.38 56.88 0 0
1684227490 100 56.88 0 0
1684227495 100.19 56.88 0 0
1684227500 100.38 56.88 0 0
1684227505 100.57 56.88 0 0
1684227510 100.57 56.88 0 0
1684227515 100.38 56.88 0 0
1684227520 100.19 56.88 0 0
1684227525 100.19 56.88 0 0
1684227530 100.38 56.88 0 0
1684227535 100.38 56.88 0 0
1684227540 100.57 56.88 0 0
1684227545 100.38 56.88 0 0
1684227550 100.57 56.88 0 0
1684227555 99.81 56.88 0 0
1684227560 100.57 56.88 0 0
1684227565 100.19 56.88 0 0
1684227570 100.38 56.88 0 0
1684227575 100 56.88 0 0
1684227580 100.19 56.88 0 0
1684227585 100.38 56.88 0 0
1684227590 100.19 56.88 0 0
1684227595 100.57 56.88 0 0
1684227600 100.57 56.88 0 0
1684227605 100.76 56.88 0 0
1684227610 100 56.88 0 0
1684227615 100.57 56.88 0 0
1684227620 100.38 56.88 0 0
1684227625 100.57 56.88 0 0
1684227630 100.38 56.88 0 0
1684227635 100.38 56.88 0 0
1684227640 100.38 56.88 0 0
1684227645 100.38 56.88 0 0
1684227650 100.57 56.88 0 0
1684227655 100.38 56.88 0 0
1684227660 100.19 56.88 0 0
1684227665 100.38 56.88 0 0
1684227670 100.19 56.88 0 0
1684227675 100.37 56.88 0 0
1684227680 100.57 56.88 0 0
1684227685 100.19 56.88 0 0
1684227690 100.57 56.88 0 0
1684227695 100.19 56.88 0 0
1684227700 100.38 56.88 0 0
1684227705 100.38 56.88 0 0
1684227710 100.38 56.88 0 0
1684227715 100.38 56.88 0 0
1684227720 100.57 56.88 0 0
1684227725 100.38 56.88 0 0
1684227730 100.38 56.95 0 0
1684227735 100.38 56.88 0 0
1684227740 100.19 56.88 0 0
1684227745 100.57 56.88 0 0
1684227750 100.38 56.88 0 0
1684227755 100.38 56.88 0 0
1684227760 100.38 56.88 0 0
1684227765 100.38 56.88 0 0
1684227770 100 56.88 0 0
1684227775 100.38 56.88 0 0
1684227780 100.38 56.88 0 0
1684227785 100 56.88 0 0
1684227790 100.38 56.88 0 0
1684227795 100.19 56.88 0 0
1684227800 100.38 56.88 0 0
1684227805 100.38 56.88 0 0
1684227810 100.57 56.88 0 0
1684227815 100.19 56.88 0 0
1684227820 100.76 56.88 0 0
1684227825 100.19 56.88 0 0
1684227830 100.19 56.88 0 0
1684227835 100.38 56.88 0 0
1684227840 100.19 56.88 0 0
1684227845 100.57 56.88 0 0
1684227850 100.57 56.88 0 0
1684227855 100.57 56.88 0 0
1684227860 100.38 56.88 0 0
1684227865 100.19 56.88 0 0
1684227870 100.19 56.88 0 0
1684227875 100.38 56.88 0 0
1684227880 100.19 56.88 0 0
1684227885 100.76 56.88 0 0
1684227890 100.19 56.88 0 0
1684227895 100.76 56.88 0 0
1684227900 99.62 56.95 32.06 238.16
1684227905 10.86 56.95 12.95 5132.19

Execution duration: 00:07:29.29
