1684294081 131.35 56.95 2306.91 40320.6
1684294091 129.98 56.88 2275.78 42451.9
1684294101 129.88 56.88 2253.52 42801.2
1684294111 130.34 56.88 2322.73 43856.4
1684294121 130.08 56.88 2275.39 43693.8
1684294131 122.54 56.95 14036.7 43559.4
1684294141 130.31 56.95 2270.96 43645.2
1684294151 130.05 56.88 2298.15 43443.9
1684294161 130.27 56.88 2275.39 43378.9
1684294171 130.56 56.88 2326.95 44214.4
1684294181 129.85 56.88 2297.76 43307.3
1684294191 130.04 56.88 2282.56 42765.5
1684294201 128.52 56.95 15841.8 43583.2
1684294211 129.66 56.95 2274.73 42494.8
1684294221 129.65 56.88 2282.17 43249.2
1684294231 129.56 56.88 2323.12 43181.7
1684294241 130.24 56.88 2299.32 43600.4
1684294251 129.94 56.88 2298.15 43867.7
1684294261 122.17 56.95 15359.8 43369.1
1684294271 130.14 56.95 2298.15 43281.2
1684294281 129.95 56.88 2297.76 43344.4
1684294291 130.17 56.88 2300.39 43262.1
1684294301 129.95 56.88 2297.76 43232.4
1684294311 129.95 56.88 2323.12 43477.1
1684294321 130.24 56.88 2299.32 43615.2
1684294331 123.78 56.95 15874.9 42958.3
1684294341 129.46 56.95 2297.76 42982.6
1684294351 129.96 56.88 2298.15 43178.2
1684294361 129.92 56.88 2295.52 43730.6
1684294371 130.05 56.95 2323.12 43609.8
1684294381 129.87 56.88 2315.95 43007.8
1684294391 130.31 56.88 2320.86 43416.4
1684294401 124.85 56.95 16406.2 43088.1
1684294411 129.87 56.95 2309.6 42689
1684294421 129.46 56.88 2277.85 42683.3
1684294431 129.85 56.88 2298.15 43625
1684294441 129.77 56.88 2291.44 42979.4
1684294451 130.34 56.88 2299.32 43858.7
1684294461 130.34 56.88 2298.15 43343.2
1684294471 124.97 56.95 16625.2 43693.3
1684294481 129.92 56.95 2295.91 43056.9
1684294491 129.92 56.88 2270.57 43446.4
1684294501 130.17 56.88 2301.95 43624.2
1684294511 129.92 56.88 2270.57 43157.5
1684294521 129.88 56.88 2302.9 42800
1684294531 130.17 56.88 2325 43869.9
1684294541 125.46 56.95 16590 42839.8
1684294551 130.05 56.95 2272.78 43184.8
1684294561 130.24 56.88 2298.15 43608.6
1684294571 130.05 56.88 2297.76 43123.9
1684294581 129.66 56.88 2298.15 43317.1
1684294591 130.15 56.88 2299.32 43809.6
1684294601 123.62 56.95 14564.3 42861.7
1684294611 130.07 56.95 2275 43319.1
1684294621 130.57 56.88 2325.39 44041.8
1684294631 130.15 56.95 2322.73 43173.1
1684294641 130.14 56.88 2298.15 43222.2
1684294651 129.78 56.88 2300 42384
1684294661 130.44 56.88 2298.15 43706.9
1684294671 122.83 56.95 16317.7 42862.8
1684294681 129.75 56.95 2273.17 42519.8
1684294691 130.27 56.88 2300 43728.5
1684294701 130.44 56.88 2273.17 43601.2
1684294711 129.95 56.88 2298.15 43143.4
1684294721 130.04 56.88 2272.78 43260.1
1684294731 129.66 56.88 2273.17 42427.7
1684294741 127.44 56.95 16551.5 43339.1
1684294751 130.08 56.95 2298.44 43426.9
1684294761 129.85 56.88 2297.76 43279.2
1684294771 129.86 56.88 2291.44 43176.7
1684294781 130.35 56.88 2291.05 44139.7
1684294791 130.06 56.88 2316.34 43690.7
1684294801 129.51 56.88 2268.35 43276.3
1684294811 129.19 56.95 17460.5 42756.6
1684294821 129.86 56.95 2297.76 42833.6
1684294831 130.63 56.88 2298.15 43996.5
1684294841 130.18 56.88 2300 43353.1
1684294851 130.8 56.88 2295.91 42859.7
1684294861 129.54 56.88 2288.82 43389.7
1684294871 130.73 56.88 2299.71 44036.7
1684294881 129.37 56.95 17859.1 43426.3
1684294891 129.69 56.95 2278.15 43030.9
1684294901 129.85 56.88 2272.78 42670.8
1684294911 129.95 56.88 2273.17 43094.6
1684294921 129.68 56.88 2277.76 43133.5
1684294931 130.18 56.95 2300.39 42674.2
1684294941 123.33 56.95 15578.5 43419.3
1684294951 129.95 56.95 2299.71 43486.1
1684294961 130.24 56.88 2297.76 43991.4
1684294971 129.95 56.88 2298.15 43011.9
1684294981 130.24 56.88 2348.1 44324.3
1684294991 130.05 56.88 2323.12 43788.9
1684295001 129.92 56.88 2295.91 43273.7
1684295011 125.17 56.95 16366.4 44027.7
1684295021 130.18 56.95 2300.39 43435.9
1684295031 129.69 56.88 2318.21 43629.6
1684295041 129.95 56.88 2323.12 43487.2
1684295051 129.85 56.88 2277.46 43333.8
1684295061 130.44 56.88 2323.12 43644.5
1684295071 122.36 56.95 14638.3 43998.8
1684295081 129.69 56.95 2275.39 42951.2
1684295091 129.78 56.88 2275 42722.3
1684295101 130.19 56.88 2293.67 43900.7
1684295111 130.18 56.88 2275 42957
1684295121 130.01 56.88 2295.91 43581.3
1684295131 129.76 56.88 2247.8 42525.3
1684295141 127.57 56.95 15713.7 43277
1684295151 129.59 56.95 2250 42020.7
1684295161 129.78 56.88 2254.93 43665.8
1684295171 130.53 56.88 2297.76 43095.4
1684295181 129.36 56.88 2282.56 43111.6
1684295191 129.76 56.88 2322.73 43827.9
1684295201 124.97 56.95 15177.4 42991.2
1684295211 129.3 56.95 2277.76 42648.4
1684295221 129.81 56.88 2286.99 43341.4
1684295231 130.15 56.88 2297.76 43274.5
1684295241 129.89 56.88 2278.15 42803.1
1684295251 129.95 56.88 2323.12 44750.8
1684295261 122.6 56.95 14579.5 42696.8
1684295271 130.34 56.95 2279.41 43900.1
1684295281 130.07 56.88 2275 42924.2
1684295291 130.32 56.88 2295.91 43097.5
1684295301 130.11 56.88 2279.96 42671.8
1684295311 130.37 56.95 2300.39 43506.2
1684295321 131.51 56.88 2306.74 43623
1684295331 127.25 56.95 16183.2 43041.8
1684295341 129.72 56.95 2270.57 42635.5
1684295351 130.15 56.88 2298.15 43351
1684295361 129.76 56.88 2222.83 42373.1
1684295371 129.81 56.88 2280.35 42800.8
1684295381 130.15 56.88 2322.73 43490.7
1684295391 122.84 56.95 15077.1 43432.6
1684295401 129.86 56.95 2297.76 42582.6
1684295411 129.92 56.88 2299.03 42960.6
1684295421 130.05 56.88 2297.76 44199.8
1684295431 129.5 56.88 2278.15 42686.7
1684295441 130.17 56.88 2277.76 42921.1
1684295451 129.95 56.88 2323.12 42830.1
1684295461 124.68 56.95 15992.2 43551.4
1684295471 129.88 56.95 2253.39 42294
1684295481 129.56 56.88 2275.56 43053.1
1684295491 129.76 56.88 2323.12 43243.3
1684295501 129.98 56.88 2300 43594.1
1684295511 129.97 56.88 2275.39 43379.3
1684295521 130.03 56.88 2288.82 43664.9
1684295531 125.85 56.95 16644.3 44124.9
1684295541 129.56 56.95 2226.48 42165.8
1684295551 129.88 56.88 2278.52 42980.9
1684295561 130.05 56.88 2273.17 43388.1
1684295571 130.14 56.88 2297.76 43135.2
1684295581 130.14 56.88 2298.15 43949.7
1684295591 122.17 56.95 14476.6 43182
1684295601 129.6 56.95 2278.15 42405.8
1684295611 129.75 56.88 2272.78 43349.1
1684295621 129.52 56.88 2255.57 42816.3
1684295631 130.14 56.88 2297.76 43665.6
1684295641 130.18 56.88 2300.39 44212.1
1684295651 121.27 56.95 13623.8 42894.4
1684295661 129.53 56.95 2345.81 43093.6
1684295671 129.85 56.88 2272.78 42834.3
1684295681 129.67 56.88 2291.44 43359.1
1684295691 130.21 56.88 2295.52 44377.4
1684295701 129.61 56.88 2286.99 42942.9
1684295711 130.63 56.88 2297.76 43736.2
1684295721 124.49 56.95 15723.2 43198.1
1684295731 129.56 56.95 2297.76 42915.5
1684295741 130.24 56.88 2273.17 42853.8
1684295751 129.74 56.88 2288.82 43491.6
1684295761 129.98 56.88 2325.39 42982
1684295771 129.69 56.88 2275 42789.4
1684295781 130.44 56.88 2298.15 43767.8
1684295791 126.34 56.95 16571.3 42591.2
1684295801 130.07 56.95 2300.39 43857.8
1684295811 129.46 56.88 2247.8 42310.6
1684295821 129.95 56.88 2298.15 43422.4
1684295831 130.3 56.88 2327.66 43662.2
1684295841 129.76 56.88 2297.76 43445.1
1684295851 129.76 56.88 2323.12 43842.3
1684295861 127.64 56.95 17133.2 43280.1
1684295871 129.73 56.95 2295.91 42852.2
1684295881 130.15 56.88 2297.76 44042.5
1684295891 129.68 56.88 2275.39 43091
1684295901 130.37 56.88 2303.12 43910.2
1684295911 129.56 56.88 2273.17 42941.7
1684295921 121.61 56.95 15083.3 42981
1684295931 129.66 56.95 17409.6 43011.5
1684295941 129.46 56.88 2272.78 43209.4
1684295951 129.95 56.88 2298.15 43355.3
1684295961 130.21 56.88 2320.47 43331.8
1684295971 129.26 56.88 2264.34 42958.2
1684295981 129.59 56.88 2302.51 42469.2
1684295991 124.78 56.95 15701.9 42968.3
1684296001 129.98 56.95 2277.76 43091.7
1684296011 129.75 56.88 2273.17 42643.5
1684296021 130.15 56.88 2297.76 43452.9
1684296031 130.05 56.88 2298.15 43303.4
1684296041 129.79 56.88 2275 42807.4
1684296051 130.44 56.88 2298.15 43500.5
1684296061 127.32 56.95 16798 43552
1684296071 129.61 56.95 2262.14 42968.2
1684296081 129.66 56.88 2298.15 42865.2
1684296091 129.33 56.88 2279.96 43584.1
1684296101 130.34 56.88 2299.71 42297
1684296111 129.81 56.88 2286.6 43422.5
1684296121 117.46 56.93 14928.8 37094.6
1684296131 19.81 56.93 339.81 1773.6

Execution duration: 00:34:16.16
