1684289435 130.57 56.96 2287.82 39396.7
1684289444 129.95 56.89 2298.54 43098.5
1684289455 129.62 56.89 2290.1 43166.6
1684289464 130.14 56.89 2300.88 43421.7
1684289474 131.02 56.89 2301.27 44830.8
1684289484 122.17 56.95 14131.2 43006.6
1684289494 130.34 56.95 2298.15 43478.2
1684289504 130.47 56.88 2325.39 44166.8
1684289514 129.59 56.88 2275 42635.2
1684289525 130.28 56.88 2311.85 44039.6
1684289534 130.08 56.88 2301.56 43195.3
1684289544 130.25 56.88 2301.27 43974.6
1684289554 128.39 56.95 15976.2 42823.8
1684289564 130.14 56.88 2323.12 43470.1
1684289574 129.46 56.88 2297.76 43545.4
1684289584 129.95 56.88 2298.15 43376
1684289594 130.04 56.88 2322.73 43302.2
1684289604 129.27 56.88 2298.15 42648.2
1684289614 122.86 56.95 15508.2 43548.1
1684289624 129.98 56.95 2300.39 43487.9
1684289634 129.59 56.88 2301.56 43292.6
1684289644 129.69 56.88 2300.39 43370.7
1684289654 129.76 56.88 2297.76 44249
1684289665 129.74 56.88 2307.37 42672.5
1684289675 129.65 56.88 2272.78 42698.2
1684289685 124.47 56.95 15902.1 43168.7
1684289695 129.37 56.95 2297.76 43235.9
1684289705 129.49 56.88 2300.39 42444.5
1684289715 129.98 56.88 2275 44176.6
1684289725 129.47 56.88 2298.15 43022.4
1684289735 129.75 56.88 2274.34 43321.8
1684289745 130.08 56.88 2325.39 43505.1
1684289755 124.48 56.95 16447.2 43354.9
1684289765 129.95 56.88 2323.12 42597.8
1684289775 129.56 56.88 2298.15 43198.8
1684289785 129.88 56.88 2300 43573.1
1684289795 129.78 56.88 2325.39 43171.5
1684289805 129.95 56.88 2322.73 43518.8
1684289815 129.78 56.88 2325.39 43729.7
1684289825 124.61 56.95 16691.4 43205.1
1684289835 130.25 56.88 2298.15 43224.6
1684289845 129.88 56.88 2300 43479.3
1684289855 130.18 56.88 2325.39 44013.3
1684289865 129.95 56.88 2297.76 43056
1684289875 129.95 56.88 2273.17 42590.1
1684289885 130.08 56.88 2325 43908.2
1684289895 125.65 56.95 16649.9 43508.3
1684289905 129.76 56.88 2297.76 42950.2
1684289915 130.07 56.88 2275.39 43713.7
1684289925 129.65 56.88 2297.76 42599.8
1684289935 129.95 56.88 2323.12 43616.4
1684289945 129.73 56.95 2320.47 43640.6
1684289955 124.22 56.95 14711.3 43409.8
1684289965 130.05 56.95 2247.8 41940.7
1684289975 129.97 56.88 2278.15 42858.4
1684289985 129.95 56.88 2322.73 43636.7
1684289995 129.65 56.88 2298.15 43429.1
1684290005 129.82 56.88 2345.42 43842.1
1684290015 130.15 56.88 2323.12 43982.4
1684290025 125.97 56.95 16535.2 43475
1684290035 129.2 56.88 2259.94 42578.9
1684290045 129.66 56.88 2298.15 43855.6
1684290055 129.93 56.88 2270.57 43790.2
1684290065 129.39 56.88 2276.95 43043
1684290075 129.63 56.88 2295.52 43683.4
1684290085 129.79 56.88 2300.39 43036.3
1684290095 127.6 56.95 16851.7 43111.8
1684290105 129.85 56.88 2298.15 43614.8
1684290115 130.08 56.88 2275 43287.1
1684290125 129.79 56.88 2300.39 43472.3
1684290135 129.83 56.88 2295.52 43334.5
1684290145 129.64 56.88 2289.21 42903.4
1684290155 121.77 56.95 15287.4 43226.7
1684290165 129.98 56.95 2300.39 42974.2
1684290175 129.46 56.88 2272.78 43119.6
1684290185 129.95 56.88 2298.15 43533.7
1684290195 129.56 56.88 2272.78 43034.5
1684290205 129.76 56.88 2323.12 43057.6
1684290215 130.05 56.88 2324.29 43768.6
1684290225 121.97 56.95 15876.9 43334
1684290235 129.98 56.95 2284.38 42980.4
1684290245 129.11 56.88 2253.39 43290.9
1684290255 129.3 56.88 2277.76 42437.9
1684290265 129.66 56.88 2298.15 43936
1684290275 129.56 56.88 2300.29 42901.3
1684290285 130.15 56.88 2298.15 43348.3
1684290295 124.29 56.95 15878.2 43970.3
1684290305 129.88 56.88 2325.39 43404.3
1684290315 129.4 56.88 2278.15 42688.2
1684290325 129.95 56.88 2322.73 43401.4
1684290335 129.41 56.88 2293.67 43224.2
1684290345 129.86 56.88 2322.73 43624.2
1684290355 129.95 56.88 2298.15 43523.5
1684290365 126.14 56.95 16666.1 44271.2
1684290375 129.66 56.88 2323.12 43225.4
1684290385 129.78 56.88 2300 43893
1684290395 129.85 56.88 2323.12 43152.8
1684290405 129.69 56.88 2301.56 43478.9
1684290415 129.75 56.88 2323.12 43201.2
1684290425 123.54 56.95 14888.3 43839.4
1684290435 129.92 56.95 2270.96 43671.3
1684290445 129.98 56.88 2275 42808.6
1684290455 129.95 56.88 2298.15 43020.5
1684290465 129.78 56.88 2300 44018.8
1684290475 130.08 56.88 2300.39 43432.4
1684290485 129.49 56.88 2275 42780.1
1684290495 128.83 56.95 16085.1 42911.8
1684290505 129.98 56.88 2275 43319.9
1684290515 129.56 56.88 2273.17 43569.9
1684290525 130.24 56.88 2272.78 44212.3
1684290535 129.56 56.88 2275.95 42819.7
1684290545 129.66 56.88 2272.78 42997.8
1684290555 126.44 56.95 15527 43051.3
1684290565 129.76 56.88 2323.12 42838.2
1684290575 130.05 56.88 2298.15 44530.7
1684290585 129.46 56.88 2273.17 42362.9
1684290595 130.05 56.88 2322.73 44285.7
1684290605 129.78 56.88 2275.39 43024.2
1684290615 123.82 56.95 14954.1 43207
1684290625 129.66 56.95 2274.73 43017.4
1684290635 129.68 56.88 2277.76 43030.6
1684290645 129.66 56.88 2298.15 43316.3
1684290655 129.95 56.88 2297.76 43808
1684290665 129.85 56.88 2298.15 43315.9
1684290675 131.03 56.88 2305.56 43765.5
1684290685 128.87 56.95 16543.2 42841.4
1684290695 129.85 56.88 2322.73 43530.5
1684290705 129.49 56.88 2284.77 43294.7
1684290715 129.56 56.88 2297.76 43284.7
1684290725 129.59 56.88 2278.15 42986.1
1684290735 130.37 56.88 2300 44296.9
1684290745 123.99 56.95 15526.6 43092.7
1684290755 95.22 56.95 1650 33136.7
1684290765 101.56 56.88 1855.33 32292.1
1684290775 130.12 56.88 2320.47 43915.8
1684290785 129.88 56.88 2325.39 43578.5
1684290795 130.08 56.88 2325 43530.5
1684290805 129.98 56.88 2325.39 43612.5
1684290815 122.73 56.95 15555.1 43131.3
1684290825 130.28 56.95 2325.39 44021.5
1684290835 129.95 56.88 2297.76 43059.5
1684290845 130.06 56.88 2316.34 43509.7
1684290855 130.05 56.88 2322.73 43372.5
1684290865 130.05 56.88 2348.1 44559.2
1684290875 129.49 56.88 2300 42771.9
1684290885 123.78 56.95 16177.6 42987.6
1684290895 129.56 56.95 2297.76 43129
1684290905 129.66 56.95 2273.17 42893.3
1684290915 130.21 56.88 2273.69 43850.3
1684290925 129.57 56.88 2273.17 43232
1684290935 129.59 56.88 2302.9 43133.8
1684290945 129.88 56.88 2276.95 44118.8
1684290955 128.61 56.95 16401.9 43084
1684290965 129.76 56.88 2272.78 43447.8
1684290975 129.26 56.88 2248.19 42921.8
1684290985 129.37 56.88 2275.56 43163.3
1684290995 129.66 56.88 2323.12 43831.8
1684291005 130.34 56.88 2272.78 43460.7
1684291015 128.8 56.95 15612.5 43418.4
1684291025 129.95 56.88 2297.76 43454.4
1684291035 129.73 56.88 2270.96 43000.4
1684291045 129.98 56.88 2325 44139.4
1684291055 129.68 56.88 2300.39 43385.2
1684291065 130.18 56.88 2325 44153.1
1684291075 123.54 56.95 15550 43512.1
1684291085 129.74 56.95 2288.82 42904.6
1684291095 129.76 56.88 2298.15 43277.3
1684291105 129.66 56.88 2297.76 43459.1
1684291115 129.95 56.88 2298.15 44035.9
1684291125 129.42 56.88 2279.96 42760.1
1684291135 130.24 56.88 2323.12 44167
1684291145 125.85 56.95 16448 43028.3
1684291155 129.75 56.88 2273.17 42930.3
1684291165 130.41 56.88 2270.57 43442.5
1684291175 130.41 56.88 2270.96 43191.4
1684291185 129.46 56.88 2297.76 43385
1684291195 129.88 56.88 2300.39 43105.9
1684291205 130.38 56.88 2293.67 43639.3
1684291215 127.48 56.95 16950.1 43277.6
1684291225 129.21 56.88 2268.74 42847.5
1684291235 129.76 56.88 2297.76 43512.2
1684291245 129.55 56.88 2248.19 43676.5
1684291255 129.69 56.95 2279.31 44480.1
1684291265 129.51 56.88 2293.67 43680.6
1684291275 129.97 56.88 2325 43224.2
1684291285 129.27 56.95 17259.7 43257.4
1684291295 129.85 56.88 2297.76 42885.5
1684291305 129.88 56.88 2300.39 43439.4
1684291315 130.05 56.88 2347.71 43582.4
1684291325 129.85 56.88 2298.15 44231.4
1684291335 129.69 56.88 2302.51 42559.4
1684291345 125.19 56.95 15728.5 43391.4
1684291355 129.78 56.88 2300 43373.1
1684291365 129.56 56.88 2273.17 43588.3
1684291375 129.71 56.88 2279.96 43907.4
1684291385 129.85 56.88 2298.15 43553.9
1684291395 129.88 56.95 2275 43293.4
1684291405 129.81 56.88 2286.99 43819
1684291415 126.83 56.95 16773.1 43214.8
1684291425 129.66 56.88 2298.15 43300.7
1684291435 129.49 56.88 2277.76 43947.4
1684291445 129.59 56.88 2278.15 43023.2
1684291455 128.91 56.88 2303.52 42776.9
1684291465 130.08 56.88 2325 43926.9
1684291475 117.12 56.93 14834.8 36394.2
1684291485 15.82 56.93 238.28 1477.34

Execution duration: 00:34:15.15
