1684245768 130.12 56.97 2265.49 38329
1684245778 129.47 56.9 2223.61 42080.4
1684245788 129.46 56.9 2234.15 42240.4
1684245798 129.37 56.9 2261.85 42517.1
1684245808 129.39 56.9 2230.08 43616.8
1684245818 129.47 56.9 2222.83 42864
1684245828 128.68 56.96 15960.2 41795.9
1684245838 129.21 56.89 2243.43 42891.9
1684245848 129.66 56.89 2248.19 42069.8
1684245858 129.85 56.89 2247.8 42808.6
1684245868 129.56 56.89 2248.19 43034.2
1684245878 129.78 56.89 2276.56 42456.6
1684245888 126.02 56.96 15237.4 42268.2
1684245898 129.46 56.96 2247.8 42243.5
1684245908 129.63 56.89 2246 42949.7
1684245918 129.37 56.89 2247.8 42675.1
1684245928 129.24 56.89 2221.05 42370.8
1684245938 130.6 56.89 2277.22 42278
1684245948 129.59 56.89 2250.39 42348.8
1684245958 126.36 56.96 16683.6 42835.6
1684245968 129.22 56.96 2263.3 41662.5
1684245978 129.95 56.89 2248.19 42978.3
1684245988 129.17 56.89 2222.83 42771.5
1684245998 128.98 56.89 2273.17 42524.1
1684246008 128.87 56.89 2272.78 42503
1684246018 129.5 56.89 2275.39 42930.5
1684246028 126.93 56.96 16915.5 42764.5
1684246038 129.27 56.96 2248.19 41818.5
1684246048 129.26 56.89 2222.83 42202.5
1684246058 129.66 56.89 2273.17 42261.8
1684246068 129.6 56.89 2269.91 42880.6
1684246078 129.59 56.89 2225.39 42919.1
1684246088 128.92 56.89 2228.24 42060.3
1684246098 126.34 56.96 17022 42334.1
1684246108 128.98 56.96 2222.83 41996.5
1684246118 129.11 56.89 2203.87 42191.1
1684246128 129.01 56.89 2228.24 42035.2
1684246138 129.16 56.89 2248.19 41866.9
1684246148 129.47 56.89 2247.8 42758.6
1684246158 129.39 56.89 2250.39 42473.4
1684246168 125.27 56.96 16874.9 42943.6
1684246178 129.07 56.96 2248.19 41604.7
1684246188 129.24 56.89 2245.61 41911.5
1684246198 129.23 56.89 2270.96 43210.1
1684246208 129.78 56.89 2275 42764.4
1684246218 129.65 56.89 2273.17 42993.2
1684246228 129.46 56.89 2272.78 42067.9
1684246238 124.78 56.96 16513.6 42513.2
1684246248 129.07 56.96 2222.83 42155.7
1684246258 128.77 56.89 2214.58 42248.4
1684246268 129.57 56.89 2222.83 42782.8
1684246278 129.32 56.89 2230.79 41709.6
1684246288 129.14 56.89 2245.61 42333.3
1684246298 122.15 56.96 14163.1 42814.8
1684246308 128.66 56.96 2245.61 41734.5
1684246318 129.27 56.89 2248.19 42427.7
1684246328 128.92 56.89 2244.99 42555.4
1684246338 129.48 56.89 2268.1 42470
1684246348 129.4 56.89 2250 41676.9
1684246358 129.29 56.89 2250.39 43182.8
1684246368 122.24 56.97 15531.9 42250.3
1684246378 129.27 56.97 2248.19 41810.7
1684246388 129.17 56.9 2222.83 42540.1
1684246398 129.47 56.9 2224.78 42363.7
1684246408 129.11 56.9 2203.48 42627.1
1684246418 129.08 56.9 2273.17 42026.5
1684246428 129.16 56.9 2239.07 42443.2
1684246438 123.39 56.96 15699 42223.4
1684246448 129.56 56.96 2247.8 42983.8
1684246458 129.05 56.89 2221.05 42289.7
1684246468 129.62 56.89 2207.16 42092.6
1684246478 129.59 56.89 2250.39 41967.6
1684246488 129.28 56.89 2241.25 43163.4
1684246498 129.07 56.89 2248.19 42027.3
1684246508 124.25 56.96 15979 41614.8
1684246518 129.76 56.96 2223.22 42213.8
1684246528 129.88 56.89 2225 41484.8
1684246538 130.24 56.89 2224.78 41801.8
1684246548 129.73 56.89 2245.61 42966.1
1684246558 129.36 56.89 2248.19 42745.4
1684246568 129.46 56.89 2273.17 42716.9
1684246578 122.83 56.96 16111.2 43253.1
1684246588 129.17 56.96 2248.19 41724.9
1684246598 129.29 56.89 2250 41991.8
1684246608 129.76 56.89 2223.22 42983.4
1684246618 129.63 56.89 2270.57 42395.7
1684246628 129.26 56.89 2249.75 42292.3
1684246638 129.3 56.89 2234.72 42632.8
1684246648 123.68 56.96 15763.3 42362.6
1684246658 129.98 56.96 2250 42676.2
1684246668 128.97 56.89 2248.19 42483.1
1684246678 129.19 56.89 2225 41964.4
1684246688 129.56 56.89 2232.95 42775.6
1684246698 129.66 56.89 2247.8 42981.1
1684246708 129.26 56.89 2248.19 42441.4
1684246718 124.49 56.96 16191.6 42480.4
1684246728 129.29 56.96 2250.39 42648.1
1684246738 128.8 56.89 2266.15 42068.1
1684246748 129.36 56.89 2273.17 43138.7
1684246758 129.56 56.89 2222.83 42181.8
1684246768 130.02 56.89 2246 41585.6
1684246778 129.24 56.89 2220.66 42004.7
1684246788 128.39 56.96 16222.8 42390.6
1684246798 129.36 56.89 2222.83 42337.9
1684246808 129.17 56.89 2223.22 42887
1684246818 129.1 56.89 2228.24 41885.1
1684246828 129.07 56.89 2223.22 41585.6
1684246838 129.47 56.89 2247.8 42766.1
1684246848 124.56 56.96 14963 42557.9
1684246858 129.17 56.96 2222.83 42241.9
1684246868 129.56 56.89 2223.22 42417.2
1684246878 129.24 56.89 2220.66 42574.7
1684246888 129.27 56.89 2248.19 41931.3
1684246898 129.26 56.89 2247.8 42747.7
1684246908 129.56 56.89 2240 42646.2
1684246918 128.66 56.96 16210.1 41959.8
1684246928 129.29 56.89 2250.39 42094.1
1684246938 129.34 56.89 2245.61 43143.5
1684246948 129.01 56.89 2254.93 42063.4
1684246958 129.49 56.89 2259.55 43959.7
1684246968 128.98 56.89 2248.19 41495.4
1684246978 125.06 56.96 15218.6 42499.8
1684246988 129.36 56.96 2248.19 42904.6
1684246998 129.46 56.89 2247.8 42528.4
1684247008 129.49 56.89 2228.63 42644.9
1684247018 129.24 56.89 2245.61 42480.7
1684247028 129.5 56.89 2256.87 43796.5
1684247038 130.42 56.89 2248.4 42131.4
1684247048 127.84 56.96 16628.9 42133.2
1684247058 129.46 56.89 2272.78 41696.8
1684247068 129.46 56.89 2248.19 43185.9
1684247078 129.08 56.89 2249.36 41846.6
1684247088 129.65 56.89 2273.17 42505.4
1684247098 129.26 56.89 2272.78 43090.3
1684247108 122.54 56.96 15276.5 42634.2
1684247118 129 56.96 2250 42265.6
1684247128 129.39 56.89 2275.39 42224.2
1684247138 129.27 56.89 2272.78 42247.8
1684247148 129.34 56.89 2270.96 42341.1
1684247158 129.1 56.89 2259.55 44157.9
1684247168 129.15 56.89 2246 42478.8
1684247178 124.12 56.96 15945.3 42627.3
1684247188 128.92 56.96 2228.63 42058.4
1684247198 129.17 56.89 2222.83 42380.1
1684247208 129.17 56.89 2248.19 42721.9
1684247218 129.47 56.89 2272.78 42478.4
1684247228 129.17 56.89 2249.75 42621.7
1684247238 129.34 56.89 2220.66 42164.5
1684247248 123.44 56.96 16185.5 42264.8
1684247258 129.31 56.96 2243.43 42714.7
1684247268 128.88 56.89 2198.24 42295.4
1684247278 129.37 56.89 2247.8 42377
1684247288 129.14 56.89 2246 42534.9
1684247298 129.37 56.89 2229.85 42248.6
1684247308 129.39 56.89 2228.63 44668.9
1684247318 126.64 56.96 15861.5 41753.8
1684247328 128.99 56.96 2216.34 43324.9
1684247338 129.05 56.96 2221.05 41932.6
1684247348 129.36 56.89 2222.83 43041.6
1684247358 128.78 56.89 2223.22 42051.1
1684247368 129.39 56.89 2200 41351.2
1684247378 125.15 56.96 14570.2 44008.9
1684247388 129.47 56.96 2224.39 42834.7
1684247398 129.31 56.96 2193.96 41803.7
1684247408 129.73 56.89 2220.66 42471.3
1684247418 129.27 56.89 2248.19 42801.2
1684247428 129.29 56.89 2250 41996.5
1684247438 129.17 56.89 2248.19 43069.3
1684247448 126.74 56.96 16430.4 41791.6
1684247458 129.17 56.96 2248.19 42324.7
1684247468 129.56 56.89 2247.8 43284.3
1684247478 128.75 56.89 2246 42211.3
1684247488 129.37 56.89 2272.78 42910.4
1684247498 128.6 56.89 2241.64 42090.7
1684247508 129.01 56.89 2253 43583.8
1684247518 127.73 56.96 16987.9 43034.8
1684247528 129.27 56.89 2247.8 42053.1
1684247538 128.72 56.89 2228.63 43858
1684247548 129.88 56.89 2250 43135.6
1684247558 129.44 56.89 2246 42971.5
1684247568 129.36 56.89 2274.34 42431.6
1684247578 129.56 56.89 2273.17 42605.7
1684247588 127.58 56.96 17224.6 42201.9
1684247598 129.46 56.89 2248.19 42768.4
1684247608 129.29 56.89 2250 42136.7
1684247618 129.17 56.89 2248.19 42506.2
1684247628 129.68 56.89 2250 43432
1684247638 129.26 56.89 2273.17 41795.1
1684247648 129.26 56.89 2247.8 43227.3
1684247658 128.65 56.97 17217.9 42616.8
1684247668 129.56 56.9 2272.78 42624.8
1684247678 129.05 56.9 2246 43859.7
1684247688 129.27 56.9 2247.8 42460.5
1684247698 129.1 56.9 2275.39 43129.7
1684247708 129.19 56.9 2275 42933.6
1684247718 124 56.96 15388.5 43525.1
1684247728 129.95 56.96 2222.83 43821.3
1684247738 129.53 56.89 2221.05 41955.9
1684247748 130.17 56.89 2250 43386.7
1684247758 129.68 56.89 2250.39 42105.5
1684247768 130.05 56.89 2249.36 43875.1
1684247778 129.47 56.89 2248.19 42396.9
1684247788 124.58 56.96 16123.7 42795.3
1684247798 129.17 56.96 2223.22 41672.2
1684247808 129.07 56.89 2247.8 42366.4
1684247818 129.24 56.89 2246 44876
1684247828 128.98 56.89 2247.8 42252.9
1684247838 129.17 56.89 2248.19 42150.2
1684247848 129.3 56.96 2253 43527.7
1684247858 66.83 56.94 15165.6 14867.5

Execution duration: 00:35:00.00
