1684301373 121.6 56.86 3.2 32
1684301374 122.76 56.86 0 3.25
1684301375 122.22 56.86 0 0
1684301376 123.39 56.86 0 0
1684301377 121.95 56.86 0 0
1684301378 122.22 56.86 0 0
1684301379 118.55 56.86 0 0
1684301380 120.29 56.86 0 0
1684301381 119.05 56.86 0 0
1684301382 121.6 56.93 0 0
1684301383 122.95 56.86 0 0
1684301384 126.98 56.86 0 0
1684301385 124.19 56.86 0 0
1684301386 122.58 56.86 0 0
1684301387 118.18 56.86 0 0
1684301388 124.48 56.86 0 0
1684301389 129.84 56.86 0 0
1684301390 130.89 56.86 0 0
1684301391 132.81 56.86 0 0
1684301392 77.42 56.93 1193.55 5006.45

Execution duration: 00:00:23.23
