1684214337 130.51 56.97 2285.38 39538
1684214347 129.66 56.9 2273.56 42676.3
1684214357 129.66 56.9 2276.29 44430.4
1684214367 129.53 56.9 2273.69 43719.7
1684214377 130.15 56.9 2273.17 43030.2
1684214387 121.88 56.97 13936.2 43749.8
1684214397 129.76 56.97 2324.68 43502.4
1684214407 130.05 56.9 2297.76 44810.5
1684214417 129.75 56.9 2298.15 45086.1
1684214427 129.53 56.9 2246 44486.6
1684214437 128.79 56.9 2227.64 43127.7
1684214447 129.57 56.9 2275.95 44461.4
1684214457 127.23 56.97 15651.5 42981.8
1684214467 129.66 56.97 2298.15 44839.8
1684214477 129.05 56.9 2270.57 44072.1
1684214487 128.99 56.9 2275.95 44061.4
1684214497 129.18 56.9 2275.56 44386.1
1684214507 129.66 56.9 2298.15 42898.3
1684214517 129.76 56.9 2304 45175.8
1684214527 128.78 57.01 17382.2 42874.2
1684214537 129.27 56.91 2297.76 43316.3
1684214547 129.36 56.91 2273.17 42740.7
1684214557 130.14 56.91 2297.76 44486.2
1684214567 129.6 56.91 2318.6 44838.6
1684214577 129.76 56.91 2322.73 43785
1684214587 122.62 56.98 15600.4 44778.6
1684214597 129.07 56.98 2272.78 42394.2
1684214607 129.39 56.91 2276.95 42852.3
1684214617 129.11 56.91 2253 44977.9
1684214627 129.85 56.91 2298.15 44972.5
1684214637 129.49 56.91 2300 44687.5
1684214647 129.15 56.91 2295.91 43738.8
1684214657 122.75 56.98 16036.7 44466.4
1684214667 129.52 56.98 2255.57 43797.9
1684214677 129.3 56.91 2277.76 44161.7
1684214687 129.68 56.91 2275.39 43802.3
1684214697 129.68 56.98 2300.39 43241.8
1684214707 129.57 56.91 2299.71 44068.3
1684214717 129.42 56.91 2286.99 44504.1
1684214727 122.15 56.98 16127.2 42706.7
1684214737 129.46 56.98 2298.15 44675.1
1684214747 129.4 56.91 2278.12 42996.9
1684214757 129.36 56.91 2273.17 43593.4
1684214767 129.78 56.91 2275 44518
1684214777 129.01 56.91 2278.15 44070
1684214787 129.27 56.91 2297.76 44441.8
1684214797 122.72 56.98 15904.1 44418.2
1684214807 129.1 56.98 2250 44026.2
1684214817 129.3 56.91 2253.39 44328.4
1684214827 128.97 56.91 2272.78 44930.3
1684214837 129.36 56.91 2273.17 44492.5
1684214847 129.37 56.91 2302.44 44516.3
1684214857 121.19 56.96 13876.9 44863.7
1684214867 128.81 56.98 16176.6 44441.8
1684214877 129.27 56.91 2273.17 43923.5
1684214887 129.36 56.91 2297.76 43936.8
1684214897 129.58 56.91 2300.39 45259
1684214907 129.49 56.91 2278.12 45299.2
1684214917 129.27 56.91 2298.15 44622.1
1684214927 122.74 56.98 15693.3 44458.5
1684214937 129.17 56.98 2223.22 44231.4
1684214947 129.49 56.91 2250.39 44570.3
1684214957 129.39 56.91 2253 44144.7
1684214967 129.27 56.91 2274.73 44741.1
1684214977 129.17 56.91 2247.8 44384
1684214987 128.94 56.91 2262.14 44162.3
1684214997 124.23 56.98 15929.3 44205.1
1684215007 129.59 56.98 2250.39 43898.4
1684215017 129.2 56.91 2300 44287.1
1684215027 129.29 56.91 2275.39 44858.6
1684215037 129.1 56.91 2256.48 44217.4
1684215047 129.46 56.91 2297.76 44242.3
1684215057 129.59 56.91 2300.39 44728.5
1684215067 125.47 56.98 16569.4 44418.3
1684215077 129.12 56.98 2268.35 44534.8
1684215087 129.57 56.91 2273.17 45253.1
1684215097 129.31 56.91 2278.15 45328.4
1684215107 129.07 56.91 2298.15 45252.7
1684215117 129.66 56.91 2304.39 44848
1684215127 129 56.91 2275 44454.7
1684215137 126.02 56.98 16862.3 44850.7
1684215147 129.19 56.98 2300.39 43675.4
1684215157 129.07 56.91 2272.78 43818.5
1684215167 129.78 56.91 2300.39 45435.9
1684215177 130.05 56.91 2298.15 45338.5
1684215187 129.53 56.91 2295.91 44710.3
1684215197 129.98 56.91 2283.2 44903.9
1684215207 127.83 56.98 16918.8 43900
1684215217 129.26 56.91 2273.17 44490.9
1684215227 129.69 56.91 2275 44968.4
1684215237 129.65 56.91 2273.17 43780.3
1684215247 129.26 56.91 2272.78 44040.6
1684215257 129.32 56.91 2262.14 44090.9
1684215267 129.68 56.91 2257.42 44921.1
1684215277 128.78 56.98 17515.7 44503
1684215287 129.78 56.91 2275 44183.2
1684215297 129.51 56.91 2262.14 44387.2
1684215307 129.49 56.91 2284.38 44527.6
1684215317 129.37 56.91 2298.15 44663.8
1684215327 129.65 56.91 2272.78 44933.5
1684215337 126.11 56.98 15487.4 44344.3
1684215347 129.27 56.98 2272.78 43795.5
1684215357 129.95 56.91 2273.17 44748.5
1684215367 129.56 56.91 2272.78 44158.1
1684215377 129.47 56.91 2273.17 44120.2
1684215387 129.57 56.91 2222.83 45082.9
1684215397 123.3 56.98 14451.1 44039.5
1684215407 129.69 56.98 2289.06 44744.9
1684215417 129.59 56.91 2250.39 44168.8
1684215427 129.79 56.91 2250 44700.4
1684215437 129.85 56.91 2273.17 44863.6
1684215447 130.05 56.91 2272.78 44482.7
1684215457 129.95 56.91 2273.17 44934.6
1684215467 127.84 56.98 16016.8 44296.9
1684215477 129.66 56.91 2273.17 44391
1684215487 130 56.91 2255.18 44728.4
1684215497 129.75 56.91 2273.17 44712.2
1684215507 129.5 56.91 2277.76 44229.4
1684215517 129.66 56.91 2298.15 44627.5
1684215527 125.37 56.98 15363.5 44801.6
1684215537 130.18 56.98 2275.39 44661.7
1684215547 129.68 56.91 2300.39 44917.2
1684215557 129.76 56.91 2272.78 45527.8
1684215567 129.78 56.91 2301.95 44366.4
1684215577 130.61 56.91 2293.87 44657.3
1684215587 123.44 56.91 7.03 44429.7
1684215597 128.91 56.98 16878.1 43709
1684215607 129.78 56.91 2300.39 44936.3
1684215617 129.17 56.91 2272.78 44719.6
1684215627 129.37 56.91 2273.17 44252.9
1684215637 129.88 56.91 2275 45048.1
1684215647 129.27 56.91 2273.17 44501.1
1684215658 124.86 56.98 15622.4 44143.9
1684215667 129.69 56.98 2300.39 44234.8
1684215677 129.52 56.91 2286.6 44504.1
1684215687 129.65 56.91 2298.15 45182.8
1684215697 129.68 56.91 2325 45165.6
1684215707 129.36 56.91 2273.17 44075.7
1684215717 129.98 56.91 2325 44075.8
1684215727 127.33 56.98 16704.4 45167.2
1684215737 129.75 56.98 2297.76 44509.7
1684215747 129.88 56.91 2300.39 44273.1
1684215757 129.59 56.91 2275 43841.8
1684215768 129.88 56.91 2253.39 44799.2
1684215777 129.59 56.91 2275 44366
1684215788 129.79 56.91 2253.39 44387.6
1684215797 127.32 56.98 17243.7 43984
1684215807 129.98 56.98 2253.52 45112.1
1684215817 129.58 56.91 2250.39 44590.2
1684215828 129.49 56.91 2253 44041.8
1684215838 129.21 56.91 2253.39 43311.8
1684215847 129.68 56.91 2300 44968.8
1684215857 123.94 56.98 14958.1 44428
1684215868 129.46 56.98 2232.56 43574.8
1684215877 129.36 56.91 2214.58 44761.5
1684215888 129.4 56.91 2228.24 43713.3
1684215897 129.88 56.91 2275.39 44899.2
1684215908 130.26 56.91 2259.55 44013.2
1684215918 123.27 56.98 13917.4 42861.7
1684215927 129.82 56.98 2220.66 44452.6
1684215937 129.85 56.91 2248.19 44449.9
1684215947 129.85 56.91 2272.78 44778.5
1684215957 129.95 56.91 2298.15 44889.8
1684215967 129.39 56.91 2301.56 44691
1684215977 129.85 56.91 2298.15 44207.2
1684215987 124.97 56.98 15930.9 44656
1684215998 129.4 56.98 2253.39 43952
1684216007 129.66 56.91 2272.78 44275.9
1684216018 129.4 56.91 2278.15 44220.5
1684216027 129.26 56.91 2297.76 44391.4
1684216038 129.47 56.91 2251.21 43842.7
1684216048 129.81 56.91 2255.18 44529.7
1684216057 126.76 56.98 16712.9 44310.9
1684216067 129.46 56.98 2297.76 44289.9
1684216078 129.48 56.91 2266.54 44270.8
1684216087 129.85 56.91 2273.17 44973.7
1684216097 129.56 56.91 2297.76 43863.4
1684216107 129.3 56.91 2275.39 44837.5
1684216117 129.85 56.91 2322.73 44584.6
1684216127 127.72 56.98 17191.8 44726.2
1684216137 129.11 56.98 2250 44323.1
1684216148 129.79 56.98 2253.39 44617.8
1684216157 129.17 56.91 2272.78 44233
1684216168 129.62 56.91 2230.79 43401.4
1684216178 130.19 56.91 2268.35 44515.3
1684216188 121.56 56.96 15088.4 44734.8
1684216197 129.3 56.98 17377.7 43874.6
1684216208 129.55 56.91 2298.15 44806.6
1684216218 129.56 56.91 2297.76 45457.6
1684216227 129.46 56.91 2298.15 44453.1
1684216238 129.29 56.91 2300 44248.8
1684216248 129.37 56.91 2298.15 44452.3
1684216258 124.93 56.98 15682.2 44622
1684216268 129.65 56.98 2298.15 44220.1
1684216278 129.47 56.91 2247.8 44214.2
1684216288 129.46 56.91 2273.17 44147.9
1684216298 129.59 56.91 2300 45305.9
1684216308 129.59 56.91 2275.39 45000.4
1684216318 129.88 56.91 2275 44794.5
1684216328 126.83 56.98 16608.8 44062.6
1684216338 129.36 56.98 2272.78 44188.5
1684216348 129.78 56.91 2278.52 45073.1
1684216358 129.37 56.91 2248.19 43960.2
1684216368 129.59 56.91 2278.15 44611.6
1684216378 129.75 56.91 2298.15 44934.2
1684216388 119.28 56.96 14772.4 40540.6
1684216398 27.12 56.96 455.42 2752.39

Execution duration: 00:34:26.26
