1684250429 100.19 56.87 0 0
1684250434 100.57 56.94 6.12 182.79
1684250439 100.57 56.87 0 0
1684250444 100.57 56.87 0 0
1684250449 100.57 56.87 0 0
1684250454 100.38 56.87 0 0
1684250459 100.38 56.87 0 0
1684250464 100.57 56.87 0 0
1684250469 100.19 56.87 0 0
1684250474 100.57 56.87 0 0
1684250479 100.38 56.87 0 0
1684250484 100.38 56.87 0 0
1684250489 100.57 56.87 0 0
1684250494 100.19 56.94 0 0
1684250499 100.19 56.87 0 0
1684250504 100.38 56.87 0 0
1684250509 100.38 56.87 0 0
1684250514 100.38 56.87 0 0
1684250519 100.57 56.87 0 0
1684250524 100.19 56.87 0 0
1684250529 100.19 56.87 0 0
1684250534 100.38 56.87 0 0
1684250539 100.38 56.87 0 0
1684250544 100.19 56.87 0 0
1684250549 100.38 56.87 0 0
1684250554 100.38 56.87 0 0
1684250559 100.38 56.87 0 26
1684250564 100.38 56.87 0 0
1684250569 100.19 56.87 0 0
1684250574 100.38 56.87 0 0
1684250579 100.19 56.87 0 0
1684250584 100.38 56.87 0 0
1684250589 100.38 56.87 0 0
1684250594 100.38 56.87 0 0
1684250599 100.38 56.87 0 0
1684250604 100.38 56.87 0 0
1684250609 100.19 56.87 0 0
1684250614 100.38 56.87 0 0
1684250619 100.19 56.87 0 0
1684250624 100.19 56.87 0 0
1684250629 100.38 56.87 0 0
1684250634 100.38 56.87 0 0
1684250639 100.57 56.87 0 0
1684250644 100.19 56.87 0 0
1684250649 100.19 56.87 0 0
1684250654 100.38 56.87 0 0
1684250659 100.19 56.87 0 0
1684250664 100.19 56.87 0 0
1684250669 100.38 56.87 0 0
1684250674 100.19 56.87 0 0
1684250679 100.38 56.87 0 0
1684250684 100.38 56.87 0 0
1684250689 100.57 56.87 0 0
1684250694 100 56.87 0 0
1684250699 100.19 56.87 0 0
1684250704 100.38 56.87 0 0
1684250709 100.76 56.87 0 0
1684250714 100 56.87 0 0
1684250719 100.57 56.87 0 0
1684250724 100.57 56.87 0 0
1684250729 100.57 56.87 0 0
1684250734 100 56.87 0 0
1684250739 100 56.87 0 0
1684250744 100.57 56.87 0 0
1684250749 100.38 56.87 0 0
1684250754 100.38 56.87 0 0
1684250759 100.57 56.87 0 0
1684250764 100.38 56.87 0 0
1684250769 100.38 56.87 0 0
1684250774 100.38 56.87 0 0
1684250779 100.19 56.87 0 0
1684250784 100.38 56.87 0 0
1684250789 100.38 56.87 0 0
1684250794 100.38 56.87 0 0
1684250799 100.19 56.87 0 0
1684250804 100.19 56.87 0 0
1684250809 100.38 56.87 0 0
1684250814 100.38 56.87 0 0
1684250819 100.57 56.87 0 0
1684250824 100.57 56.87 0 0
1684250829 100.19 56.87 0 0
1684250834 100.19 56.87 0 0
1684250839 100.38 56.87 0 0
1684250844 100.38 56.87 0 0
1684250849 100.38 56.87 0 0
1684250854 100.38 56.87 0 0
1684250859 100.38 56.87 0 0
1684250864 100.38 56.87 0 0
1684250869 32.12 56.94 29.83 5407.26

Execution duration: 00:07:25.25
