1684303699 130.96 56.96 2313.14 40294.1
1684303709 130.73 56.89 2272.78 46157.3
1684303719 129.61 56.89 2283.44 40519.7
1684303729 130.71 56.89 2311.11 45550.5
1684303739 130.54 56.89 2323.12 44408.2
1684303749 123.15 56.95 14180.5 44655.5
1684303759 130.81 56.95 2289.21 43948.3
1684303769 131.19 56.88 2295.52 44483
1684303779 130.31 56.88 2295.91 44688.1
1684303789 130.5 56.88 2320.47 44910.3
1684303799 130.92 56.88 2324.68 44257.2
1684303809 130.99 56.88 2295.91 44469
1684303819 129.59 56.95 16041.8 44503.9
1684303829 130.04 56.88 2307.37 42772.5
1684303839 130.34 56.88 2297.76 44620.1
1684303849 130.53 56.88 2323.12 44844.9
1684303859 130.34 56.88 2347.71 44144.8
1684303869 130.6 56.88 2320.86 44337.2
1684303879 123.9 56.95 15694.4 44094.4
1684303889 130.51 56.95 2295.91 43948.5
1684303899 130.4 56.88 2295.52 43543.5
1684303909 130.53 56.88 2323.12 44755.5
1684303919 130.63 56.88 2347.71 44790.2
1684303929 130.93 56.88 2323.12 44073
1684303939 130.76 56.88 2350 44223.1
1684303949 125.56 56.95 16389.8 43231.2
1684303959 130.36 56.95 2302.51 43125.7
1684303969 130.83 56.88 2326.24 44701.7
1684303979 130.01 56.88 2295.52 43122
1684303989 130.44 56.88 2323.12 44377.8
1684303999 130.51 56.88 2340.13 43077.6
1684304009 130.4 56.88 2336.7 44273.8
1684304019 128.03 56.95 17113.7 43972.7
1684304029 130.57 56.95 2325 43700
1684304039 129.92 56.88 2295.91 42881.9
1684304049 130.05 56.88 2297.76 43376.8
1684304059 129.95 56.88 2298.15 43217.9
1684304069 129.72 56.88 2323.59 43217.2
1684304079 130.37 56.88 2325.39 43823.1
1684304089 127.1 56.95 17307.6 43144.2
1684304099 130.12 56.95 2295.91 43348.2
1684304109 130.19 56.88 2221.36 42307.2
1684304119 130.9 56.88 2246 43252.6
1684304129 131.45 56.88 2218.5 42178.4
1684304139 130.65 56.88 2253.39 41709.1
1684304149 130 56.88 2286.6 43015.5
1684304159 127.1 56.95 17024.6 42665.9
1684304169 130.34 56.95 2247.8 42832
1684304179 130.25 56.88 2273.17 43143.8
1684304189 129.75 56.88 2272.78 43079.4
1684304199 129.56 56.88 2275.95 42572.4
1684304209 129.69 56.88 2278.12 42184
1684304219 124.68 56.95 14829.5 42811.7
1684304229 129.49 56.95 2253 42997.7
1684304239 129.76 56.88 2273.17 42404.7
1684304249 129.91 56.88 2286.6 42819.4
1684304259 130.02 56.88 2270.96 42494.7
1684304269 130.04 56.88 2275.9 42824.6
1684304279 129.59 56.88 2278.15 42114.5
1684304289 126.17 56.95 16534 42662.1
1684304299 129.64 56.95 2239.07 42687.3
1684304309 129.75 56.88 2248.19 42586.2
1684304319 129.92 56.88 2245.61 42597.7
1684304329 129.53 56.88 2246 42701.8
1684304339 130.06 56.88 2267.71 43133.1
1684304349 129.82 56.88 2246 41953.2
1684304359 127.38 56.95 16621.8 42213.7
1684304369 130.26 56.95 2216.73 42072.8
1684304379 130.58 56.88 2243.43 43409.9
1684304389 129.75 56.88 2273.17 42571.7
1684304399 129.53 56.88 2246 42681.9
1684304409 129.72 56.88 2276.81 43310.7
1684304419 129.95 56.88 2273.17 42312.6
1684304429 128.2 56.95 17096.6 43146.9
1684304439 129.83 56.88 2246 42364.1
1684304449 129.6 56.88 2243.43 42265.2
1684304459 129.25 56.88 2270.96 42887.3
1684304469 129.62 56.88 2261.75 41856.3
1684304479 129.65 56.88 2273.17 42567
1684304489 130.01 56.88 2272.13 42812.5
1684304499 127.01 56.95 17293.2 42805.1
1684304509 129.61 56.95 2236.89 42212
1684304519 129.5 56.88 2253.39 42480.5
1684304529 129.92 56.88 2270.57 43311.1
1684304539 129.95 56.88 2273.17 42674.3
1684304549 129.73 56.88 2245.61 42443.7
1684304559 129.83 56.88 2270.96 42633.1
1684304569 129.05 56.95 17060.4 42077.6
1684304579 129.31 56.88 2264.22 42321.5
1684304589 129.8 56.88 2261.75 43125.1
1684304599 130.04 56.88 2273.17 42975.2
1684304609 130.22 56.88 2295.52 43083
1684304619 130.02 56.88 2270.96 42517
1684304629 121.76 56.95 15283.6 42433.7
1684304639 129.52 56.95 2329.92 42417
1684304649 130.04 56.88 2273.17 42324.3
1684304659 130.04 56.88 2247.8 43433.4
1684304669 130.22 56.88 2270.96 43028.1
1684304679 130.31 56.88 2275.25 42728.3
1684304689 130.19 56.88 2268.74 42539.1
1684304699 126.23 56.95 15582.8 43238.2
1684304709 128.98 56.95 2208.14 42428.7
1684304719 129.36 56.88 2247.8 41502.8
1684304729 130.31 56.88 2270.96 43216
1684304739 130.02 56.88 2270.57 43038.2
1684304749 130.12 56.88 2246 42902.9
1684304759 122.73 56.95 14452.7 42864
1684304769 130.05 56.95 2248.19 42717.3
1684304779 129.63 56.88 2270.57 42162.2
1684304789 129.65 56.88 2252.87 43173.1
1684304799 129.65 56.88 2247.8 42650.2
1684304809 130.15 56.88 2273.17 42947.1
1684304819 129.8 56.88 2268.35 42779.8
1684304829 127.64 56.95 15649.1 42253.9
1684304839 130.02 56.95 2245.61 42420.7
1684304849 129.5 56.88 2253.39 42056.9
1684304859 130.02 56.88 2270.57 42738
1684304869 129.92 56.88 2270.96 42886.2
1684304879 130.06 56.88 2284.38 42759.7
1684304889 124.26 56.95 15038.2 43163
1684304899 129.7 56.95 2243.43 42074
1684304909 130.02 56.88 2275.64 43462.4
1684304919 130.11 56.88 2270.57 42816.4
1684304929 130.11 56.88 2246 42642.9
1684304939 129.75 56.88 2273.56 42704.4
1684304949 131.02 56.88 2267.05 42748.1
1684304959 128.26 56.95 16424.2 42797.3
1684304969 129.83 56.95 2246 42936.1
1684304979 129.73 56.95 2220.66 42480.3
1684304989 129.63 56.88 2270.96 42085.8
1684304999 130.15 56.88 2272.78 43027.5
1684305009 130.03 56.88 2208.14 42078.3
1684305019 122.61 56.95 15086.6 42115
1684305029 129.69 56.95 2278.15 42410.4
1684305039 129.43 56.88 2245.61 41735.7
1684305049 130.02 56.88 2299.03 43715.4
1684305059 129.53 56.88 2270.96 42946.2
1684305069 129.78 56.88 2253 42907.5
1684305079 129.92 56.88 2295.91 42787.1
1684305089 124.59 56.95 15954.7 42465.2
1684305099 129.67 56.95 2266.54 42444.8
1684305109 129.72 56.88 2295.52 43239
1684305119 129.95 56.88 2273.17 43273
1684305129 130.14 56.88 2272.78 42871
1684305139 130.04 56.88 2289.21 42525.9
1684305149 129.85 56.88 2297.76 42769.2
1684305159 124.63 56.95 16412.5 42706.1
1684305169 129.53 56.95 2245.61 42571.2
1684305179 129.54 56.88 2214.58 42858.7
1684305189 129.49 56.88 2234.72 42850.4
1684305200 129.37 56.88 2254.3 42558.1
1684305209 129.63 56.88 2270.57 42227.3
1684305219 129.95 56.88 2273.17 43125.8
1684305229 129.05 56.95 16294.7 42813.3
1684305239 129.44 56.88 2221.05 42659.3
1684305249 130.05 56.88 2247.8 43714.3
1684305259 129.35 56.88 2264.34 42197.9
1684305269 129.67 56.88 2266.15 43381.3
1684305279 129.82 56.88 2246 42232
1684305289 128.1 56.95 15372.1 43213.3
1684305299 129.44 56.88 2221.05 42601.2
1684305310 129.95 56.88 2226.09 43078.7
1684305319 130.31 56.88 2270.96 43566.1
1684305329 129.82 56.88 2270.57 43308
1684305340 129.3 56.88 2253.39 41908.3
1684305350 122.2 56.95 15041.5 43064
1684305359 129.63 56.95 2272.52 42112.3
1684305369 129.44 56.88 2270.57 42658.5
1684305379 129.95 56.88 2273.17 43372.1
1684305389 129.66 56.88 2297.76 42666.5
1684305399 129.56 56.88 2273.17 42684.9
1684305409 129.84 56.88 2288.82 43263.4
1684305419 123.88 56.95 15856.9 42575.1
1684305429 129.63 56.95 2270.96 43304.9
1684305439 129.55 56.88 2263.95 42712.9
1684305449 129.28 56.88 2241.64 43144.8
1684305459 129.72 56.88 2270.57 42712.3
1684305470 129.29 56.88 2284.77 43433.2
1684305479 129.46 56.88 2297.76 42730.9
1684305490 124.56 56.95 16226.7 43418.6
1684305499 129.73 56.95 2270.57 42779.7
1684305510 129.46 56.88 2251.21 42950.7
1684305519 129.73 56.88 2270.57 42687.3
1684305529 129.86 56.88 2298.15 43527
1684305539 130.05 56.88 2300.88 43176.6
1684305549 129.14 56.88 2270.96 42639.8
1684305559 125.9 56.95 16552.7 42528.9
1684305570 129.39 56.95 2253.39 42512.6
1684305580 129.42 56.88 2279.96 42244.3
1684305590 129.91 56.88 2311.85 43718.8
1684305599 130.05 56.88 2347.71 43715.9
1684305609 129.82 56.88 2320.86 43468.6
1684305619 122.22 56.95 14973.9 42862
1684305630 129.08 56.95 2300.68 42727
1684305639 129.73 56.88 2270.57 43064.3
1684305649 129.76 56.88 2248.19 43379.5
1684305659 130.18 56.88 2300 43648.4
1684305669 129.92 56.88 2270.96 42996.9
1684305679 129.14 56.88 2270.57 42812.9
1684305689 124.48 56.95 16024.2 42780.5
1684305699 129.64 56.95 2270.57 43369.6
1684305709 129.63 56.88 2295.91 43518.9
1684305719 129.92 56.88 2320.86 43871.7
1684305729 130.24 56.88 2322.73 43257.8
1684305740 129.63 56.88 2299.03 43715.4
1684305749 129.76 56.95 2297.76 43521.9
1684305759 52.54 56.93 15211.7 8920.08

Execution duration: 00:34:29.29
