1684205021 129.87 56.98 2268.88 40050.2
1684205031 129.37 56.91 2273.56 43113.8
1684205041 128.97 56.91 2254.65 43864.3
1684205051 129.73 56.91 2270.96 43732.9
1684205061 129.86 56.91 2272.78 45324.5
1684205071 121.78 56.97 13904.3 43636.7
1684205081 129.17 56.97 2324.68 44521
1684205091 129.56 56.9 2273.17 44432.8
1684205101 129.37 56.9 2272.78 43950.8
1684205111 129.85 56.9 2298.15 43312.4
1684205121 129.92 56.9 2272.13 44230.4
1684205131 129.88 56.9 2300.39 44180.5
1684205141 127.42 56.97 15676.5 43642.2
1684205151 129.85 56.9 2273.17 44363.3
1684205161 129.7 56.9 2268.35 44545.7
1684205171 129.24 56.9 2270.96 44265.5
1684205181 129.42 56.9 2286.6 44430.3
1684205191 129.83 56.9 2295.91 44613.3
1684205201 129.76 56.9 2299.32 45144.6
1684205211 129.27 56.97 17352.6 44453.1
1684205221 129.44 56.9 2270.57 44351.3
1684205231 129.75 56.9 2273.17 44224.4
1684205241 129.44 56.9 2270.57 44972.3
1684205251 129.37 56.9 2298.15 44438.6
1684205261 129.47 56.9 2297.76 44563.9
1684205272 121.88 56.97 15420.3 44639.7
1684205281 129.46 56.97 2297.76 43909.1
1684205291 129.46 56.9 2273.17 43979.3
1684205301 129.46 56.9 2273.17 44661.5
1684205311 129.47 56.9 2273.17 44503
1684205321 129.27 56.9 2273.17 44193.6
1684205332 129.58 56.9 2266.15 44542.4
1684205341 123.13 56.97 15848.2 44188.9
1684205351 129.43 56.97 2272.13 44434.7
1684205361 129.17 56.9 2273.17 44187.3
1684205371 129.75 56.9 2297.76 44729
1684205381 129.88 56.9 2325.39 45048.1
1684205391 129.56 56.9 2274.34 44695.8
1684205402 129.3 56.9 2278.15 44118.4
1684205411 121.95 56.97 16003.9 44312.6
1684205421 129.48 56.97 2275.39 44547.3
1684205431 129.46 56.9 2274.34 44500.7
1684205441 128.98 56.9 2273.17 44903
1684205451 129.88 56.9 2300 44986.3
1684205462 129.83 56.9 2295.91 44473.3
1684205471 129.27 56.9 2297.76 43802.9
1684205482 122.13 56.97 15833.1 45294.7
1684205491 129.56 56.97 2272.78 44561.6
1684205502 129.75 56.9 2273.17 44457.8
1684205512 129.53 56.9 2270.57 44564.9
1684205522 129.76 56.9 2298.15 44289.6
1684205532 129.75 56.9 2299.32 44587.3
1684205542 129.33 56.9 2255.57 43981.4
1684205552 127.74 56.97 15782 43319.4
1684205562 128.99 56.9 2251.21 43593
1684205572 129.83 56.9 2295.52 45114.6
1684205582 128.78 56.9 2248.19 43975.8
1684205592 130.08 56.9 2291.69 44224.8
1684205602 129.46 56.9 2273.17 44244.7
1684205612 121.76 56.97 15420.1 45028.7
1684205622 129.47 56.97 2273.17 44304.8
1684205632 129.46 56.9 2297.76 44003.5
1684205642 129.59 56.9 2275.39 44660.6
1684205652 129.39 56.9 2278.52 44764.4
1684205662 129.88 56.9 2275 45108.2
1684205672 129.63 56.9 2295.91 44628.8
1684205682 123.49 56.97 15725.1 44401.9
1684205692 129.1 56.9 2259.94 43661.3
1684205702 129.85 56.9 2272.78 44683.3
1684205712 129.56 56.9 2273.17 44940.9
1684205722 129.76 56.9 2311.81 44860.5
1684205732 129.08 56.9 2248.19 44431.2
1684205742 129.6 56.9 2277.76 44405.8
1684205752 124.9 56.97 16385.5 44718
1684205762 129.59 56.9 2277.76 44355.1
1684205772 129.36 56.9 2298.15 44117.5
1684205782 129.2 56.9 2300 44310.6
1684205792 129.76 56.9 2298.15 45781.1
1684205802 129.49 56.9 2325 44526.2
1684205812 129.52 56.9 2286.99 44251.7
1684205822 125.36 56.97 16814.8 45498.9
1684205832 129.43 56.9 2295.91 44668.2
1684205842 129.56 56.9 2297.76 44177.2
1684205852 129.53 56.9 2295.91 44464.3
1684205862 129.66 56.9 2297.76 44426.5
1684205872 129.75 56.9 2298.15 44717.3
1684205882 129.76 56.9 2297.76 44701.3
1684205892 126.99 56.97 16773.9 44314.2
1684205902 129.37 56.9 2272.78 44291.5
1684205912 129.5 56.9 2278.15 43762.9
1684205922 129.57 56.9 2322.73 44376.2
1684205932 129.85 56.9 2323.12 45306.5
1684205942 129.54 56.9 2295.91 45184.4
1684205952 129.46 56.9 2305.56 45493.8
1684205962 128.87 56.97 17515.7 44810.2
1684205972 129.9 56.9 2268.35 44739.2
1684205982 129.63 56.9 2272.52 44479.9
1684205992 129.68 56.9 2300 44050.8
1684206002 130.01 56.9 2270.96 45262.8
1684206012 129.19 56.9 2300 44300.8
1684206022 125.46 56.97 15598.4 44981.8
1684206032 129.37 56.9 2272.78 45203.5
1684206042 129.68 56.9 2275.39 44682.8
1684206052 129.39 56.97 2250 44191.8
1684206062 129.26 56.9 2273.17 44713
1684206072 129.46 56.9 2257.36 45095.7
1684206082 122.9 56.97 14588.7 44207
1684206092 129.92 56.97 2248.73 44211.7
1684206102 129.95 56.9 2273.17 44270.4
1684206112 129.54 56.9 2239.07 45109.8
1684206122 129.37 56.9 2273.17 44209.9
1684206132 129.78 56.9 2277.76 44729.2
1684206142 129.66 56.9 2298.15 44938.2
1684206152 128.16 56.97 16060.4 44762.2
1684206162 129.15 56.9 2270.96 43807.8
1684206172 129.73 56.9 2270.57 45286.6
1684206182 129.78 56.9 2300.39 44911.3
1684206192 129.14 56.9 2270.57 44531.4
1684206202 130.05 56.9 2298.15 44900.3
1684206212 125.35 56.97 15391.8 45188.7
1684206222 129.46 56.9 2273.17 44560
1684206232 129.25 56.9 2270.57 44510.7
1684206242 129.43 56.9 2295.91 44800.4
1684206252 129.88 56.97 2277.34 45276.2
1684206262 130.43 56.9 2303.22 44533.1
1684206272 122.44 56.97 14696.6 44705.9
1684206282 129.05 56.97 2469.01 43963.7
1684206292 129.54 56.9 2270.96 44318.1
1684206302 129.4 56.9 2253 44219
1684206312 129.56 56.9 2273.17 44074.5
1684206322 129.27 56.9 2272.78 45235.1
1684206332 130.02 56.9 2295.91 44957.9
1684206342 124.58 56.98 15804.1 44645.1
1684206352 129.79 56.91 2300.39 44353.1
1684206362 129.66 56.91 2272.78 44312.6
1684206372 129.75 56.91 2298.15 44288.4
1684206382 129.66 56.91 2297.76 45022.1
1684206392 129.63 56.91 2270.96 44800.4
1684206402 129.8 56.91 2293.28 44906.3
1684206412 127.32 56.97 16780.9 44784
1684206422 129.34 56.9 2270.57 44498.2
1684206432 129.56 56.9 2298.15 44044.1
1684206442 129.73 56.9 2295.52 45348.5
1684206452 129.44 56.9 2270.96 44132.9
1684206462 129.65 56.9 2297.76 44736
1684206472 129.37 56.9 2273.17 44137
1684206482 127.67 56.97 17301.4 44390.6
1684206492 129.07 56.9 2251.31 43927
1684206502 129.85 56.9 2232.56 44715.9
1684206512 129.37 56.9 2275.95 43889.5
1684206522 129.95 56.9 2272.78 44815.2
1684206532 129.44 56.9 2295.91 44459.7
1684206542 123.88 56.98 15047.2 44491.6
1684206552 129.26 56.91 2248.19 43876.7
1684206562 129.73 56.91 2245.61 44853.8
1684206572 129.24 56.91 2270.96 44278.4
1684206582 129.53 56.91 2270.96 44579.3
1684206592 129.46 56.91 2282.17 44306.6
1684206602 123.13 56.97 14173.7 43707.7
1684206612 129.85 56.97 2272.78 45020.1
1684206622 129.24 56.9 2246 44078.4
1684206632 129.02 56.9 2253 44140.8
1684206642 129.17 56.9 2273.17 44696.6
1684206652 129.54 56.9 2298.64 44524.4
1684206662 129.65 56.9 2298.15 44610.3
1684206672 125.86 56.97 16180.7 44525.7
1684206682 129.4 56.9 2253.39 44118.8
1684206692 129.56 56.9 2297.76 43937.9
1684206702 129.36 56.9 2273.17 44539.3
1684206712 129.88 56.9 2325 45037.1
1684206722 129.67 56.9 2291.44 44541.6
1684206732 129.46 56.9 2322.73 45224.6
1684206742 127.61 56.97 16996.3 44201.4
1684206752 130.15 56.9 2297.76 45582.4
1684206762 130.22 56.9 2295.91 45160.2
1684206772 129.04 56.9 2270.57 44699.4
1684206782 129.11 56.9 2253.39 43987.2
1684206792 129.84 56.9 2288.82 45021.6
1684206802 129.4 56.9 2275.39 44173.1
1684206812 128.1 56.97 17469.3 44645.8
1684206822 129.36 56.9 2273.17 44237.7
1684206832 129.56 56.9 2275.9 44604.1
1684206842 129.83 56.9 2270.96 44147
1684206852 129.31 56.9 2277.76 44375.2
1684206862 130.09 56.9 2318.6 45220.2
1684206872 122.54 56.97 15511 44831.2
1684206882 129.88 56.97 2300.39 45388.7
1684206892 129.27 56.9 2298.15 44120.2
1684206902 129.98 56.9 2300 45058.6
1684206912 129.56 56.9 2298.15 45181.3
1684206922 129.56 56.9 2297.76 44526.8
1684206932 129.65 56.9 2298.15 44611.9
1684206942 126.66 56.97 16078.1 44820.3
1684206952 129.3 56.9 2250.39 44217.6
1684206962 129.42 56.9 2261.75 44264.1
1684206972 129.56 56.9 2298.15 45354.2
1684206982 129.63 56.9 2270.57 45267.1
1684206992 129.44 56.9 2295.91 44268.2
1684207002 129.46 56.9 2297.76 44580.7
1684207012 128.31 56.97 17064.8 44764.1
1684207022 129.56 56.9 2272.78 44918.2
1684207032 129.46 56.9 2276.29 44904.6
1684207042 129.37 56.9 2303.38 44218.7
1684207052 129.92 56.9 2295.91 44591
1684207062 129.76 56.9 2297.76 44783.2
1684207072 116.49 56.95 15137.6 34010.5
1684207082 8.68 56.95 125.92 1087.33

Execution duration: 00:34:24.24
