1684285161 120 56.93 3.2 313.6
1684285162 120.97 56.86 0 29.03
1684285163 118.6 56.86 0 0
1684285165 120 56.86 0 0
1684285165 118.25 56.86 0 0
1684285167 115.33 56.86 0 0
1684285167 122.4 56.86 0 0
1684285168 127.64 56.86 0 0
1684285169 120.8 56.86 0 0
1684285170 122.22 56.86 0 0
1684285171 127.64 56.86 0 0
1684285172 123.81 56.86 0 0
1684285173 123.39 56.86 0 0
1684285174 124 56.86 0 0
1684285175 134.96 56.86 0 0
1684285176 122.76 56.86 0 0
1684285178 119.72 56.86 0 0
1684285178 120.16 56.86 0 0
1684285179 134.92 56.86 0 0
1684285180 74.8 56.93 1434.15 5219.51

Execution duration: 00:00:23.23
