1684289384 121.95 56.86 3.25 373.98
1684289385 120.97 56.86 0 29.03
1684289386 118.11 56.86 0 0
1684289387 120.63 56.86 0 0
1684289388 119.84 56.86 0 0
1684289389 117.6 56.86 0 0
1684289390 119.69 56.86 0 0
1684289391 122.22 56.93 0 0
1684289392 125.2 56.93 0 0
1684289393 122.83 56.86 0 0
1684289394 122.76 56.86 0 0
1684289395 124.41 56.86 0 0
1684289396 133.33 56.86 0 0
1684289397 124.39 56.86 0 0
1684289398 122.83 56.86 0 0
1684289399 121.43 56.86 0 0
1684289400 126.19 56.86 0 0
1684289401 122.83 56.86 0 0
1684289402 112.41 56.93 1086.13 2773.72
1684289403 27.07 56.86 875.19 5389.47

Execution duration: 00:00:23.23
