1684201983 114.02 56.72 0.76 19439.4
1684201988 118.13 56.65 1.53 34374.1
1684201993 119.85 56.65 0 41799.2
1684201998 121.37 56.65 0.76 46232.8
1684202003 121.95 56.65 0 48944.3
1684202008 122.52 56.65 0.76 50686.3
1684202013 122.33 56.65 0 50645
1684202018 121.91 56.65 8.24 58827
1684202023 122.33 56.65 0.76 50622.1
1684202028 122.9 56.65 0 51613
1684202033 123.66 56.65 0.76 55465.7
1684202038 124.05 56.65 0 55474.1
1684202043 124.05 56.65 0.76 55458
1684202048 124.24 56.65 0.76 55534.3
1684202053 123.85 56.65 0 55439.7
1684202058 124.28 56.65 0.76 56218.7
1684202063 124.62 56.65 0 58931.3
1684202068 125.19 56.65 0.76 58941.2
1684202073 123.92 56.65 0.75 58021.8
1684202078 123.66 56.65 0.76 54729
1684202083 122.54 56.65 0.76 53615.2
1684202088 120.83 56.65 0 50249.9
1684202093 117.97 56.65 0.76 33690.2
1684202098 118.51 56.65 0 34504.6
1684202103 118.32 56.65 0.76 35440.5
1684202108 119.51 56.65 0.75 47303.6
1684202113 120.57 56.65 0 45926.9
1684202118 120.23 56.65 0.76 43700
1684202123 118.76 56.65 0 45040.2
1684202128 120.8 56.65 0.76 44507.6
1684202133 121.56 56.65 0.76 46084.7
1684202138 120.8 56.65 0 44428.2
1684202143 120.8 56.65 0.76 45801.5
1684202148 119.66 56.65 0 42209.9
1684202153 118.93 56.65 0.76 38435.2
1684202158 118.55 56.65 0 37175.5
1684202163 118.36 56.65 0 37060.8
1684202168 118.89 56.65 0.76 39057.2
1684202173 119.66 56.72 0 42683.2
1684202178 119.66 56.65 0.76 43179.4
1684202183 118.51 56.65 0 36884.7
1684202188 119.31 56.65 0 38648.6
1684202193 118.89 56.65 0.76 37391.6
1684202198 119.27 56.65 0 38205.3
1684202203 118.82 56.65 0.76 37765.8
1684202208 119.08 56.65 0 37850.4
1684202213 117.94 56.65 0.76 34987
1684202218 118.36 56.65 0 34874.9
1684202223 118.32 56.65 0.76 35948.1
1684202228 118.36 56.65 0 34992
1684202233 117.56 56.65 0.76 34061.8
1684202238 117.56 56.65 0 33735.1
1684202243 116.98 56.65 0.76 30845
1684202248 117.23 56.65 0 37503.4
1684202253 117.37 56.65 0.76 31809.9
1684202258 117.37 56.65 0 36876.3
1684202263 117.37 56.65 0.76 33197.7
1684202268 117.56 56.65 0 32473.3
1684202273 117.56 56.65 0.76 32008.4
1684202278 117.52 56.65 0 32548.6
1684202283 117.56 56.65 0 32943.5
1684202288 117.94 56.65 0 34052.7
1684202293 118.32 56.65 0 39679.4
1684202298 118.32 56.65 0 39954.2
1684202303 117.78 56.65 0 33450.1
1684202308 118.13 56.65 0 35743.5
1684202313 117.23 56.65 0 40561.1
1684202318 117.75 56.65 0 34960.3
1684202323 118.55 56.65 0 42523.9
1684202328 117.33 56.65 0 36385.5
1684202333 118.13 56.65 0 34845
1684202338 117.75 56.65 0 39843.5
1684202343 117.33 56.65 0 34240
1684202348 118.13 56.65 0 36022.1
1684202353 118.32 56.65 0 35586.3
1684202358 118.16 56.65 0 34967.5
1684202363 117.94 56.65 0 34742
1684202368 117.94 56.65 0 35145
1684202373 117.75 56.65 0 35796.9
1684202378 117.56 56.65 0 33571
1684202383 117.37 56.65 0 35133.6
1684202388 63.74 56.72 8.4 52391.6

Execution duration: 00:06:51.51
