1684250927 130.6 56.97 2286.94 40643.3
1684250937 129.83 56.9 2271.35 44094
1684250947 129.46 56.9 2276.29 44212.3
1684250957 129.34 56.9 2279.93 45003.9
1684250967 130.47 56.9 2300.39 46526.2
1684250977 121.95 56.96 14008.6 44766.4
1684250987 130.03 56.96 2338.97 43633
1684250997 129.59 56.89 2259.55 45040.2
1684251008 129.74 56.89 2282.56 44756.2
1684251017 129.83 56.89 2270.96 44472.1
1684251027 130.05 56.89 2299.32 45307.7
1684251037 130.31 56.89 2295.91 44416.4
1684251047 127.42 56.96 15726.4 44296.6
1684251057 129.85 56.89 2273.17 44319.2
1684251067 129.86 56.89 2272.78 45299.1
1684251077 129.37 56.89 2273.17 44498.3
1684251087 129.75 56.89 2297.76 44880
1684251097 130.14 56.89 2298.15 45589.8
1684251107 121.98 56.94 15159.8 44764.8
1684251117 129.47 56.96 17418.1 44807.4
1684251127 129.59 56.89 2300 45060.9
1684251137 129.46 56.89 2273.17 44469.1
1684251148 129.66 56.89 2250.82 44355.9
1684251157 129.95 56.89 2298.15 45146.2
1684251167 129.63 56.89 2295.52 44679.9
1684251177 122.84 56.96 15690.5 45326.4
1684251187 129.14 56.96 2270.57 44211.3
1684251197 130.05 56.89 2273.17 44465.9
1684251207 129.75 56.89 2272.78 45048.6
1684251217 130.02 56.89 2295.91 44900.6
1684251227 129.65 56.89 2272.78 44783.2
1684251237 129.78 56.89 2325.39 44157
1684251247 123.42 56.96 16121 44458.2
1684251257 129.59 56.96 2301.95 44701.9
1684251268 129.78 56.89 2278.15 44112.2
1684251277 129.75 56.89 2298.15 44859.7
1684251287 129.47 56.89 2273.17 44429.3
1684251297 130.05 56.89 2322.73 44645.1
1684251307 129.78 56.89 2300.39 44466.4
1684251317 122.93 56.96 16303.6 44563.5
1684251327 130.47 56.96 2300.39 45362.5
1684251337 129.92 56.89 2298.64 45179.7
1684251347 129.86 56.89 2273.17 45032.2
1684251358 129.96 56.89 2275.56 44874.6
1684251368 129.64 56.89 2314.09 44445.9
1684251377 129.75 56.89 2297.76 45075.5
1684251387 124.2 56.96 16274.7 44810.9
1684251397 129.46 56.96 2297.76 44526.1
1684251407 129.86 56.89 2273.17 45011.1
1684251417 129.88 56.89 2275 44698.1
1684251428 129.76 56.89 2273.17 44604.9
1684251438 129.6 56.89 2280.85 44179.5
1684251447 122.34 56.96 14163.1 44515.9
1684251458 129.56 56.96 2272.78 44922.9
1684251467 129.66 56.89 2298.15 45239.8
1684251478 129.95 56.89 2297.76 45137.2
1684251488 129.36 56.89 2273.17 44127.6
1684251498 129.47 56.89 2304 44474.2
1684251507 129.68 56.89 2275.39 45019.9
1684251518 124.07 56.96 15830.6 44803.5
1684251528 130.08 56.96 2275.39 44798.4
1684251538 129.76 56.89 2272.78 44908.9
1684251548 129.63 56.89 2270.96 44698.6
1684251558 129.56 56.89 2275.9 44691.1
1684251568 130.08 56.89 2275.39 44087.5
1684251578 130.01 56.89 2246 44177.4
1684251588 126.15 56.96 16193.6 44549.5
1684251598 129.66 56.96 2298.15 44688.4
1684251608 129.54 56.89 2270.57 44698.6
1684251618 130.15 56.89 2273.17 44955.3
1684251628 130.2 56.89 2289.25 44973.1
1684251638 129.88 56.89 2300.39 45060.2
1684251648 129.68 56.89 2300 45090.6
1684251658 126.66 56.96 16885.5 44579.7
1684251668 129.56 56.96 2297.76 44403.9
1684251678 129.75 56.89 2298.15 44784.4
1684251688 129.56 56.89 2272.78 45265.9
1684251698 129.36 56.89 2298.15 44709.5
1684251708 130.08 56.89 2303.12 45050.8
1684251718 129.88 56.89 2300.39 45439.8
1684251728 127.13 56.96 17169 43889.5
1684251738 129.66 56.96 2298.15 44577.2
1684251748 129.86 56.89 2297.76 45355.3
1684251758 129.27 56.89 2273.17 45073.2
1684251768 129.56 56.89 2297.76 44243.9
1684251778 129.95 56.89 2323.12 45580.1
1684251788 129.36 56.89 2275.91 44399.2
1684251798 128.97 56.96 17202.3 44266.5
1684251808 129.75 56.89 2272.78 44794.2
1684251818 129.56 56.89 2273.17 44534.2
1684251828 129.88 56.89 2277.76 44574.5
1684251838 129.69 56.89 2300.39 45684.8
1684251848 129.65 56.89 2297.76 44562.3
1684251858 122.71 56.96 15652.2 44840.9
1684251868 129.66 56.96 2297.76 45092.7
1684251878 129.69 56.89 2278.15 44544.7
1684251888 129.63 56.89 2299.03 44995.7
1684251898 129.88 56.89 2300 44645.3
1684251908 129.98 56.89 2253.39 44008.1
1684251918 130.42 56.89 2263.95 44359.6
1684251928 126.74 56.96 15998 43581.7
1684251938 129.63 56.96 2270.57 45256.1
1684251948 129.63 56.89 2270.96 44573.5
1684251958 129.68 56.89 2275 45016.8
1684251968 130.24 56.89 2298.15 44760.6
1684251978 129.49 56.89 2275 44925
1684251988 124.59 56.96 15002.5 44445.3
1684251998 130.02 56.96 2298.64 44855
1684252008 129.44 56.89 2270.96 44272.9
1684252018 129.85 56.89 2272.78 44366.1
1684252028 129.46 56.89 2248.19 44461.7
1684252038 129.63 56.89 2295.52 44506.4
1684252048 121.76 56.96 14253.3 44188.5
1684252058 129.5 56.96 2277.76 44020.5
1684252068 129.66 56.89 2273.17 44257.6
1684252078 129.66 56.89 2272.78 44902.2
1684252088 129.5 56.89 2277.76 43864.6
1684252098 129.88 56.89 2275 44451.2
1684252108 129.73 56.89 2295.91 44699.8
1684252118 126.9 56.96 15792.6 44760.2
1684252128 129.56 56.96 2273.17 44994.3
1684252138 129.63 56.89 2270.96 44749.3
1684252148 129.69 56.89 2300 44061.3
1684252158 129.66 56.89 2274.34 44986.2
1684252168 130.86 56.89 2286.27 44027.1
1684252178 123.19 56.96 15078 44700.6
1684252188 129.56 56.96 2297.76 44462.8
1684252198 129.68 56.89 2275.39 45035.2
1684252208 129.46 56.89 2272.78 44281
1684252218 129.79 56.89 2300.39 44899.2
1684252228 129.53 56.89 2270.57 45021.8
1684252238 129.29 56.89 2284.77 44019.4
1684252248 126.15 56.96 16253.3 44458.9
1684252258 130.14 56.96 2298.15 45166.4
1684252268 129.95 56.89 2272.78 44905.4
1684252278 129.56 56.89 2298.15 44591.6
1684252288 130.15 56.89 2297.76 44647.4
1684252298 129.75 56.89 2298.15 44657.9
1684252308 129.54 56.89 2295.52 44817.5
1684252318 129.07 56.96 17230.4 44087.4
1684252328 129.78 56.89 2275 44626.2
1684252338 129.98 56.89 2300.39 44641.8
1684252348 130.34 56.89 2297.76 44519.8
1684252358 129.85 56.89 2298.15 44847.2
1684252368 129.95 56.89 2272.78 44711.4
1684252378 129.56 56.89 2258.34 44109.3
1684252388 129.29 56.96 17763.3 44809.8
1684252398 129.2 56.89 2228.63 43853.8
1684252408 129.69 56.89 2228.24 44052.2
1684252418 129.53 56.89 2295.91 44984.4
1684252428 130.04 56.89 2297.76 44863.2
1684252438 129.65 56.89 2273.17 45038.4
1684252448 126.19 56.96 15481.6 44696.8
1684252458 129.68 56.96 2275 44921.9
1684252468 129.65 56.89 2248.19 44688.4
1684252478 129.56 56.89 2272.78 44764.1
1684252488 130.02 56.89 2295.91 44252.6
1684252498 130.6 56.89 2295.52 45637
1684252508 125.26 56.96 14673.2 44733.7
1684252518 130.02 56.96 2245.61 44370
1684252528 129.66 56.89 2273.17 44480.8
1684252538 129.92 56.89 2295.52 45401.9
1684252548 129.63 56.89 2295.91 44868.6
1684252558 129.59 56.89 2292.14 43960.4
1684252568 129.37 56.89 2257.75 44223.3
1684252578 127.99 56.96 16705.2 44532.7
1684252588 130.08 56.89 2300.39 44414.8
1684252598 129.85 56.89 2272.78 44229.5
1684252608 129.85 56.89 2273.17 44828.9
1684252618 130.4 56.89 2320.47 45087.7
1684252628 129.75 56.89 2298.15 44840.2
1684252638 122.13 56.96 15282.7 44909.5
1684252648 129.27 56.96 2273.17 44303.6
1684252658 130.05 56.89 2272.78 44180.7
1684252668 129.76 56.89 2273.17 44973.7
1684252678 129.2 56.89 2253 43615.1
1684252688 129.64 56.89 2282.56 44498.4
1684252698 130.25 56.89 2297.76 45166.8
1684252708 122.61 56.96 15729.4 45178.6
1684252718 130.14 56.96 2247.8 44446.1
1684252728 129.59 56.89 2253.39 44301
1684252738 129.66 56.89 2275.9 43876.7
1684252748 129.81 56.89 2280.35 44889.4
1684252758 129.66 56.89 2298.15 44483.5
1684252768 129.57 56.89 2275.56 44449.9
1684252778 124.61 56.96 15951.6 45006.6
1684252788 130.44 56.96 2297.76 45220.7
1684252798 129.72 56.89 2295.91 44189.1
1684252808 130.08 56.89 2277.76 45076.6
1684252818 129.79 56.89 2300.39 44627.7
1684252828 129.4 56.89 2302.51 44294.4
1684252838 130.17 56.89 2300.39 44376.6
1684252848 128.13 56.96 16415.9 44905.5
1684252858 129.57 56.89 2273.17 44627.1
1684252868 129.63 56.89 2270.57 44729.4
1684252878 129.95 56.89 2273.17 45436.1
1684252888 129.53 56.89 2245.61 44603.5
1684252898 129.66 56.89 2251.21 44343.6
1684252908 122.05 56.94 15099.7 44592
1684252918 129.66 56.96 17397.9 44298.5
1684252928 129.6 56.89 2243.43 43924.8
1684252938 130.07 56.96 2279.69 44562.5
1684252948 130.02 56.89 2270.57 44734.9
1684252958 130 56.89 2293.67 44577.6
1684252968 129.82 56.89 2270.57 45380.5
1684252978 106.05 56.94 15234.7 29056.4

Execution duration: 00:34:23.23
