1684225375 131.04 56.97 2254.51 40410.5
1684225385 130.51 56.9 2271.35 42694.3
1684225395 130.15 56.9 2251.31 43416.2
1684225405 130.21 56.9 2270.57 42677.2
1684225415 129.76 56.9 2273.17 43150.1
1684225425 121.64 56.97 13946.6 43531.4
1684225435 130.24 56.97 2325.07 43393.9
1684225445 130.53 56.9 2297.76 43254.2
1684225455 130.6 56.9 2270.96 43201.2
1684225465 130.01 56.9 2257.12 42554.1
1684225475 130.19 56.9 2261.75 42942.9
1684225485 129.82 56.9 2270.96 43038.2
1684225495 127.81 56.97 15651.5 42814.1
1684225505 129.91 56.9 2286.99 42454
1684225515 130.18 56.9 2268.35 43397.5
1684225525 129.85 56.9 2273.17 43159
1684225535 129.85 56.9 2299.32 42945.2
1684225545 130.22 56.9 2295.91 43520.1
1684225555 129.92 56.9 2295.52 43331
1684225565 129.27 56.97 17318.2 42354.3
1684225575 129.73 56.9 2270.57 42976.2
1684225585 129.76 56.9 2273.17 42395.3
1684225595 129.97 56.9 2275 43456.2
1684225605 129.47 56.9 2291.44 42616.3
1684225615 130.22 56.9 2297.08 43282.7
1684225625 122.64 56.97 15540.7 43719.8
1684225635 129.85 56.97 2297.76 43102.8
1684225645 130.44 56.9 2298.15 43246.8
1684225655 129.76 56.9 2272.78 43086.4
1684225665 129.82 56.9 2295.91 43426.5
1684225675 129.75 56.9 2272.78 42907.3
1684225685 130.24 56.9 2298.15 43793.6
1684225695 123.1 56.97 15907.2 43172.3
1684225705 129.83 56.97 2297.47 42550.9
1684225715 129.55 56.9 2274.34 43014.6
1684225725 129.77 56.9 2266.54 42534.6
1684225735 130.63 56.9 2297.76 43650.3
1684225745 130.12 56.9 2295.91 43102.1
1684225755 129.82 56.9 2270.57 43065.1
1684225765 122.61 56.97 15920.8 42685.6
1684225775 129.85 56.97 2297.76 43259.3
1684225785 129.92 56.9 2272.52 42475.2
1684225795 129.66 56.9 2248.19 43056.4
1684225805 129.86 56.9 2297.76 43515.7
1684225815 129.92 56.9 2295.91 43028.1
1684225825 129.85 56.9 2297.76 42776.6
1684225835 123.03 56.97 15940.7 43632.8
1684225845 129.59 56.97 2253 41789.9
1684225855 130.15 56.9 2248.19 43178.9
1684225865 129.56 56.9 2257.36 42757.4
1684225875 130.05 56.9 2273.17 43186.3
1684225885 129.96 56.9 2302.44 42995.5
1684225895 129.66 56.9 2298.15 43199.2
1684225905 128.98 56.97 16018.7 43107.5
1684225915 129.52 56.9 2255.57 42468.5
1684225925 130.04 56.9 2297.76 43121.9
1684225935 130.25 56.97 2298.15 43749.5
1684225945 129.72 56.9 2297.08 42611.3
1684225955 129.92 56.9 2295.91 43749.3
1684225965 122.2 56.97 15563 43281
1684225975 130.47 56.97 2250.39 43526.6
1684225985 129.72 56.9 2270.57 43004.7
1684225995 129.63 56.9 2270.96 42625.7
1684226005 129.86 56.9 2247.8 42752.8
1684226015 130.27 56.9 2278.15 43210.4
1684226025 129.95 56.9 2272.78 43374.1
1684226035 124.37 56.97 15823.8 42720.1
1684226045 129.21 56.97 2243.43 42580.7
1684226055 129.75 56.9 2273.17 43151.6
1684226065 129.46 56.9 2272.78 42852.3
1684226075 129.56 56.9 2273.17 42958.1
1684226085 129.56 56.9 2272.78 42643.9
1684226095 129.47 56.9 2275.95 42631.9
1684226105 125.65 56.97 16394.2 42371.9
1684226115 129.99 56.97 2268.74 43364
1684226125 129.73 56.9 2270.57 42618.7
1684226135 129.85 56.9 2298.15 42897.6
1684226145 129.57 56.9 2275.95 43366.2
1684226155 129.95 56.9 2304 42547.1
1684226165 130.32 56.9 2295.91 43332.2
1684226175 125.07 56.97 16760.2 43152.4
1684226185 130.08 56.97 2300.39 42858.6
1684226195 129.76 56.9 2297.76 43211.3
1684226205 129.53 56.9 2270.96 42545.4
1684226215 130.14 56.9 2272.78 43590.6
1684226225 129.83 56.9 2270.96 43215.2
1684226235 129.38 56.9 2275.56 42464.9
1684226245 127.52 56.97 16657.6 42951.8
1684226255 129.69 56.9 2234.72 42332.9
1684226265 130.27 56.9 2250.39 43228.9
1684226275 129.92 56.9 2295.52 42781.7
1684226285 129.82 56.9 2295.91 43125.5
1684226295 129.92 56.9 2270.57 43165.3
1684226305 129.88 56.9 2278.15 42960.9
1684226315 128.09 56.97 17240.6 42625.6
1684226325 129.56 56.9 2273.17 42727.8
1684226335 129.85 56.9 2253.91 42920.6
1684226345 129.46 56.9 2276.29 42630.2
1684226355 129.65 56.9 2272.78 43067.7
1684226365 130.05 56.9 2298.15 43517.7
1684226375 124.7 56.97 15278.6 42696.5
1684226385 130.15 56.97 2273.17 42961.6
1684226395 130.53 56.9 2272.78 43232
1684226405 130.8 56.9 2246 42520.9
1684226415 129.82 56.9 2245.61 42639.4
1684226425 129.95 56.9 2273.17 43179.7
1684226435 122.05 56.97 14227.9 42663.4
1684226445 129.57 56.97 2266.54 43059.9
1684226455 129.86 56.9 2272.78 42618.9
1684226465 129.95 56.9 2248.19 43369.8
1684226475 129.34 56.9 2245.61 42573.5
1684226485 129.76 56.9 2275.95 42890.4
1684226495 130.04 56.9 2298.15 42933.8
1684226505 127.12 56.97 15676.9 42935
1684226515 129.95 56.9 2248.19 42788.3
1684226525 129.8 56.9 2293.28 42684.7
1684226535 129.92 56.9 2295.91 43566.1
1684226545 129.92 56.9 2295.52 43411.7
1684226555 129.38 56.9 2266.54 42409.7
1684226565 124.17 56.97 14851.8 42994.6
1684226575 129.5 56.97 2253.39 42071.2
1684226585 129.17 56.9 2226.09 42170.4
1684226595 129.76 56.9 2275.95 43215.5
1684226605 130.5 56.97 2273.69 43354.8
1684226615 131.12 56.9 2303.22 43549.7
1684226625 130.79 56.9 2275.64 43111.1
1684226635 127.44 56.97 16344.1 42334.4
1684226645 129.95 56.9 2297.76 43013.5
1684226655 129.75 56.9 2273.17 42799.2
1684226665 130.14 56.9 2272.78 42916.3
1684226675 129.53 56.9 2270.96 42733.7
1684226685 129.86 56.9 2297.76 43353.8
1684226695 123.52 56.97 15276.9 42955.7
1684226705 130.22 56.97 2278.37 43075.6
1684226715 129.34 56.9 2270.96 42563.3
1684226725 130.02 56.9 2295.52 43507.2
1684226735 129.76 56.9 2298.15 43004.1
1684226745 129.66 56.9 2297.76 42522.2
1684226755 129.63 56.9 2270.96 43244.1
1684226765 125.64 56.97 16138.8 43572.7
1684226775 129.62 56.97 2295.91 42230.4
1684226785 129.7 56.9 2243.43 43116.3
1684226795 129.56 56.9 2226.48 42511.3
1684226805 129.37 56.9 2275.56 42709.2
1684226815 130.17 56.9 2275.39 42928.1
1684226825 129.57 56.9 2250.82 42618.7
1684226835 125 56.97 16545.9 42911.7
1684226845 129.3 56.97 2254.55 42461.9
1684226855 129.53 56.9 2246 42699
1684226865 129.43 56.9 2246 42652.2
1684226875 129.78 56.9 2275.39 43325.4
1684226885 129.37 56.9 2273.17 42892.1
1684226895 121.64 56.95 14148.9 42971.5
1684226905 129.13 56.97 2262.14 42823.3
1684226915 129.27 56.9 2257.36 42345.3
1684226925 129.95 56.9 2248.19 43282.7
1684226935 129.49 56.9 2250 42239.8
1684226945 129.73 56.9 2270.96 42867.8
1684226955 129.37 56.9 2247.8 43272.2
1684226965 128.31 56.97 15372.4 42082.3
1684226975 129.73 56.9 2245.61 42986.7
1684226985 129.95 56.9 2248.19 43174.2
1684226995 129.67 56.9 2259.55 43054.9
1684227005 129.2 56.9 2253.39 42208.9
1684227015 129.95 56.9 2275.9 43433
1684227025 122.44 56.97 15232 42682.5
1684227035 129.56 56.97 2272.78 43043.9
1684227045 130.05 56.9 2273.17 42558.4
1684227055 130.05 56.9 2272.78 43333.1
1684227065 129.37 56.9 2273.17 42768.8
1684227075 129.56 56.9 2297.76 42424.2
1684227085 129.85 56.9 2273.17 43688.2
1684227095 123.91 56.97 15946.9 42801.6
1684227105 129.53 56.97 2270.96 42778.6
1684227115 129.53 56.9 2270.57 43163.3
1684227125 129.65 56.9 2248.19 42721.2
1684227135 129.44 56.9 2270.57 42961.8
1684227145 129.76 56.9 2273.17 43284.7
1684227155 129.57 56.97 2250.82 43730.6
1684227165 124.58 56.97 16367.6 41909.5
1684227175 129.53 56.97 2245.61 42789.5
1684227185 129.24 56.9 2246 41897.5
1684227195 129.49 56.9 2256.09 42892.1
1684227205 130.05 56.9 2298.15 42931.9
1684227215 129.63 56.9 2295.52 42718.5
1684227225 130.21 56.9 2295.91 43509.2
1684227235 125.66 56.97 16485.1 42205.3
1684227245 129.63 56.9 2270.96 42692
1684227255 129.55 56.9 2298.15 42851.1
1684227265 129.56 56.9 2272.78 43077.5
1684227275 130.14 56.9 2298.15 43429.5
1684227285 129.53 56.9 2270.57 42497.9
1684227295 122.74 56.97 14764.1 43623
1684227305 129.24 56.97 2245.61 41962.6
1684227315 129.34 56.9 2246 43184.8
1684227325 130.14 56.9 2272.78 43080.6
1684227335 129.66 56.9 2298.15 41912.6
1684227345 130.05 56.9 2272.78 43359.2
1684227355 130.21 56.9 2270.96 42989.1
1684227365 123.21 56.97 15633.9 43104.1
1684227375 129.18 56.97 2251.21 42346.3
1684227385 129.27 56.9 2226.09 42272.5
1684227395 129.66 56.9 2276.29 43226.2
1684227405 129.46 56.9 2272.78 42702.4
1684227415 129.35 56.9 2249.04 42678.4
1684227425 129.73 56.9 2270.57 43030
1684227435 85.08 56.95 15214 21296.8

Execution duration: 00:34:31.31
