1684271254 130.41 56.96 2288.89 40960.6
1684271264 129.66 56.89 2248.58 41942.2
1684271274 130.22 56.89 2247.56 44796.5
1684271284 129.76 56.89 2275.56 41857.4
1684271294 130.02 56.89 2295.91 43393.8
1684271304 121.44 56.95 13995.3 43212.1
1684271314 129.48 56.95 2276.33 43198.1
1684271324 130.05 56.88 2297.76 43495
1684271334 129.53 56.88 2295.91 42997.7
1684271344 130.11 56.88 2297.47 44074.8
1684271354 129.85 56.88 2297.76 42896.8
1684271364 130.31 56.88 2295.91 43856.1
1684271374 128.48 56.95 15851.3 42892.9
1684271384 129.93 56.88 2264.34 43178.2
1684271394 129.93 56.88 2270.57 43545
1684271404 129.92 56.88 2295.91 42649.1
1684271414 129.65 56.88 2274.34 43187.1
1684271424 129.85 56.88 2323.12 43879
1684271434 122.15 56.95 15344.8 43217.6
1684271444 130.04 56.95 2298.15 43348.7
1684271454 130.24 56.88 2272.78 42839.4
1684271464 129.97 56.88 2284.77 43224.8
1684271474 129.76 56.88 2272.78 43065.4
1684271484 129.81 56.88 2305.13 43601.6
1684271494 129.85 56.88 2299.32 42870.2
1684271504 124.01 56.95 15890.3 43700.3
1684271514 129.53 56.95 2270.57 42840.6
1684271524 129.34 56.88 2295.91 42258.9
1684271534 130.11 56.88 2270.57 43785.6
1684271544 130.31 56.88 2320.86 44191
1684271554 129.63 56.95 2295.52 43283.8
1684271564 129.86 56.88 2300.68 43863.2
1684271574 124 56.95 16372.3 42872.2
1684271584 129.85 56.88 2315.31 43303.4
1684271594 129.76 56.88 2298.15 43634.3
1684271604 130.05 56.88 2323.12 43773.7
1684271614 130.05 56.88 2323.12 43554.3
1684271624 130.09 56.88 2318.21 43776.1
1684271634 130.28 56.88 2300.39 43993
1684271644 124.78 56.95 16675.1 43628.5
1684271654 129.85 56.88 2323.12 43319.8
1684271664 129.75 56.88 2299.32 42865.6
1684271674 130 56.88 2293.67 43604.3
1684271684 130.38 56.88 2318.21 43737.1
1684271694 130.08 56.88 2300.39 43767.6
1684271704 129.95 56.88 2322.73 43100.1
1684271714 125.78 56.95 16706.2 43350.8
1684271724 129.73 56.88 2270.57 43223
1684271734 129.46 56.88 2248.19 42912.4
1684271744 129.66 56.88 2275.56 43106.5
1684271754 130.05 56.88 2323.12 43562.9
1684271764 129.85 56.88 2299.32 43438.4
1684271774 123.8 56.95 14640.8 42831.2
1684271784 129.57 56.95 2275.56 43024.2
1684271794 129.75 56.88 2298.15 43058.3
1684271804 129.44 56.88 2295.52 42634.3
1684271814 129.92 56.88 2320.86 43632
1684271824 129.53 56.88 2270.57 43391.8
1684271834 129.76 56.88 2300.68 42851.4
1684271844 125.95 56.95 16467.5 43607.4
1684271854 129.95 56.88 2298.15 43652.3
1684271864 130.01 56.88 2270.96 43123.6
1684271874 130.11 56.88 2295.52 43396.1
1684271884 129.63 56.88 2270.96 43481.5
1684271894 129.76 56.88 2272.78 42994.7
1684271904 129.83 56.88 2289.21 43312.7
1684271914 128.22 56.95 16879.3 42865.2
1684271924 130.02 56.88 2270.96 43089.3
1684271934 129.78 56.88 2284.38 43494.9
1684271944 129.82 56.88 2270.96 43903.7
1684271954 130.02 56.95 2295.52 42793.8
1684271964 130.44 56.88 2298.15 42043.7
1684271974 122.61 56.88 0 43934.9
1684271984 129.37 56.95 17543.4 43208.6
1684271994 129.47 56.88 2322.73 43021.3
1684272004 130.14 56.88 2298.15 43770.5
1684272014 129.66 56.88 2297.76 43199.2
1684272024 129.76 56.88 2325.41 44409.3
1684272034 129.86 56.88 2297.76 43601.6
1684272044 121.76 56.95 15811.5 43081.4
1684272054 129.65 56.95 2363.46 43351.6
1684272064 129.54 56.88 2270.96 42590.6
1684272074 130.12 56.88 2270.57 43005.1
1684272084 129.64 56.88 2295.91 43731.4
1684272094 129.82 56.88 2320.47 43953.2
1684272104 129.78 56.88 2300.39 42934.8
1684272114 123.91 56.95 15784.6 43130.9
1684272124 129.57 56.95 2275.95 42537.6
1684272134 129.66 56.88 2273.17 42759.4
1684272144 129.73 56.88 2295.91 43598.4
1684272154 129.85 56.88 2298.15 42963.5
1684272164 129.83 56.88 2295.52 44178.2
1684272174 129.69 56.88 2300.39 42731.2
1684272184 125.31 56.95 16332 42643.5
1684272194 129.27 56.88 2275.95 42116.3
1684272204 130.15 56.88 2297.76 43755.7
1684272214 129.73 56.88 2299.03 43738.4
1684272224 129.73 56.88 2270.57 43134.1
1684272234 129.85 56.88 2323.12 42730.9
1684272244 122.23 56.95 14634.7 43389.1
1684272254 129.56 56.95 2273.17 42871
1684272264 129.46 56.88 2272.78 43058.7
1684272274 129.27 56.88 2273.17 42731.7
1684272284 130.24 56.88 2297.76 43998.4
1684272294 129.85 56.88 2298.15 42631.4
1684272304 130.27 56.88 2325 43864.1
1684272314 127.68 56.95 15886.2 43139.6
1684272324 129.95 56.88 2302.44 43102.1
1684272334 129.34 56.88 2246 42833.9
1684272344 129.56 56.88 2272.78 42990.4
1684272354 129.72 56.88 2295.91 43676.4
1684272364 129.78 56.88 2300 43176.6
1684272374 125.47 56.95 15202.3 42873.4
1684272384 129.79 56.88 2284.38 43140.6
1684272394 129.5 56.88 2318.6 42654.7
1684272404 129.53 56.88 2295.52 43475.6
1684272414 129.44 56.88 2273.75 44889.6
1684272424 129.63 56.88 2295.91 43567.6
1684272434 122.42 56.95 14500.9 43880.2
1684272444 129.75 56.95 2273.17 43644.5
1684272454 129.95 56.88 2297.76 43075.1
1684272464 129.81 56.88 2305.13 44845.7
1684272474 129.43 56.88 2270.57 42599.2
1684272484 129.35 56.88 2267.06 42887.5
1684272494 131.09 56.88 2328.66 43377.4
1684272504 126.8 56.95 16117.3 43206.6
1684272514 129.54 56.88 2295.52 42564.9
1684272524 130.19 56.88 2293.67 44165.5
1684272534 129.85 56.88 2297.76 43672.6
1684272544 129.49 56.95 2309.6 43103.8
1684272554 130.02 56.88 2320.47 44521.6
1684272564 123.32 56.95 15152.4 43359.2
1684272574 130.02 56.95 2298.64 42581.7
1684272584 129.62 56.88 2320.86 43933.3
1684272594 129.19 56.88 2234.72 42571.1
1684272604 129.28 56.88 2275.95 44496.2
1684272614 129.13 56.88 2286.6 42544.5
1684272624 130.05 56.88 2323.12 43553.9
1684272634 124.58 56.95 16081.2 43072.8
1684272644 129.34 56.88 2298.46 44676.1
1684272654 129.82 56.88 2295.52 44017.5
1684272664 130 56.88 2318.6 43275.2
1684272674 129.73 56.88 2295.52 43632
1684272684 129.38 56.88 2300.68 44473.8
1684272694 129.67 56.88 2275.56 45193.4
1684272704 125.81 56.95 16711.6 44233.3
1684272714 129.44 56.88 2274.08 43858.1
1684272724 129.47 56.88 2247.8 43222.6
1684272734 129.37 56.88 2251.21 43917.7
1684272744 129.8 56.88 2286.6 44758.8
1684272754 129.85 56.88 2298.15 43326.1
1684272764 122.43 56.95 14466.8 45312.6
1684272774 129.08 56.95 2241.64 42316.3
1684272784 130.15 56.88 2272.78 43701.5
1684272794 129.76 56.88 2248.19 43847
1684272804 130.15 56.95 2322.73 44644.7
1684272814 129.24 56.88 2295.91 43536.4
1684272824 121.95 56.95 13723.7 42863.6
1684272834 129.63 56.95 2295.91 44552.8
1684272844 129.76 56.88 2272.78 44249.8
1684272854 129.32 56.88 2262.14 43095.5
1684272864 129.66 56.88 2297.76 43042.7
1684272874 129.28 56.88 2309.95 44880.8
1684272884 129.63 56.88 2329.83 43819.1
1684272894 124.87 56.95 15856.4 43527
1684272904 129.43 56.88 2320.47 43289.7
1684272914 130.02 56.88 2295.91 44709.9
1684272924 129.65 56.88 2297.76 42967.8
1684272934 129.95 56.88 2348.1 45763.9
1684272944 129.92 56.88 2320.47 45559.8
1684272954 129.46 56.88 2298.15 43515.7
1684272964 127.1 56.95 16755.2 43684.2
1684272974 129.95 56.88 2298.15 43582.4
1684272984 129.63 56.88 2270.96 43186
1684272994 129.66 56.88 2275.56 44816.6
1684273004 129.56 56.88 2298.15 44091.7
1684273014 129.07 56.88 2282.17 44399.6
1684273024 129.73 56.88 2295.52 43712.7
1684273034 128.26 56.95 17349.3 42724.4
1684273044 130.29 56.95 2293.67 43785.4
1684273054 130.05 56.88 2325.85 43863
1684273064 129.63 56.88 2270.96 44583.2
1684273074 129.27 56.88 2272.78 43145
1684273084 129.56 56.88 2300.68 44859.1
1684273094 122.51 56.95 15421 44341.1
1684273104 129.82 56.95 2295.91 44794.2
1684273114 129.92 56.88 2295.52 43005.1
1684273124 130.04 56.88 2323.12 45607.8
1684273134 129.85 56.88 2347.71 43645.7
1684273144 129.82 56.88 2320.86 43166.1
1684273154 129.43 56.88 2295.52 43277.6
1684273164 126.45 56.95 15966.4 44795.4
1684273174 129.63 56.88 2295.91 43586.3
1684273184 129.92 56.88 2270.57 43151.3
1684273194 129.92 56.88 2295.91 43828.1
1684273204 129.63 56.88 2295.52 43587.1
1684273214 129.67 56.88 2275.95 44838.7
1684273224 129.63 56.88 2295.52 44729.8
1684273234 128.26 56.95 17206.2 42881.1
1684273244 129.6 56.88 2293.28 43179.8
1684273254 129.75 56.88 2301.27 45101.3
1684273264 129.34 56.88 2270.57 43145.8
1684273274 129.92 56.88 2295.91 43217.5
1684273284 130.21 56.88 2320.47 43102.1
1684273294 109.16 56.93 15218.3 30182.1

Execution duration: 00:34:13.13
