1684211883 100.57 56.95 0 136.14
1684211888 100.38 56.88 27.53 46.65
1684211893 100.38 56.88 0 0
1684211898 100.77 56.88 0 0
1684211903 100.57 56.88 0 0
1684211908 100.19 56.88 0 0
1684211913 100.38 56.88 0 0
1684211918 100.38 56.88 0 0
1684211923 100.38 56.88 0 0
1684211928 100.38 56.88 0 0
1684211933 100.57 56.88 0 0
1684211938 100.57 56.88 0 0
1684211943 100.19 56.88 0 0
1684211948 100.19 56.88 0 0
1684211953 100.37 56.88 0 0
1684211958 100.38 56.88 0 0
1684211963 100.38 56.88 0 0
1684211968 100.38 56.88 0 0
1684211973 100.57 56.88 0 0
1684211978 100.76 56.88 0 0
1684211983 100.38 56.88 0 0
1684211988 100.38 56.88 0 0
1684211993 100.38 56.88 0 0
1684211998 100.38 56.88 0 0
1684212003 100.38 56.88 0 0
1684212008 100.57 56.88 0 0
1684212013 100.19 56.88 0 0
1684212018 100.57 56.88 0 0
1684212023 100.38 56.88 0 0
1684212028 100.19 56.88 0 0
1684212033 100.38 56.88 0 0
1684212038 69.35 56.96 0 0.77

Execution duration: 00:02:42.42
