1684207100 104.53 56.95 0 0
1684207104 105.93 56.95 42.83 171.32
1684207109 105.54 56.95 0 0
1684207114 105.34 56.95 0 0
1684207119 104.77 56.95 0 0
1684207125 103.17 56.95 0 0
1684207129 105.33 56.95 0 0
1684207134 105.35 56.95 0 0
1684207139 105.35 56.95 0 0
1684207144 104.97 56.95 0 0
1684207149 105.54 56.95 0 0
1684207154 105.54 56.95 0 0
1684207159 105.73 56.95 0 0
1684207164 105.54 56.95 0 0
1684207169 106.31 56.95 0 0
1684207174 106.31 56.95 0 0
1684207180 103.78 56.95 0 0
1684207184 104.96 56.95 0 0
1684207189 105.34 56.95 0 0
1684207194 105.35 56.95 0 0
1684207199 105.35 56.95 0 0
1684207204 105.16 56.95 0 0
1684207209 105.92 56.95 0 0
1684207214 105.15 56.95 0 0
1684207219 105.13 56.95 0 0
1684207224 105.15 56.95 0 0
1684207229 105.35 56.95 0 0
1684207234 105.35 56.95 0 0
1684207239 105.54 56.95 0 0
1684207244 105.92 56.95 0 0
1684207249 105.73 56.95 0 0
1684207254 106.12 56.95 0 0
1684207259 105.35 56.95 0 0
1684207264 105.35 56.95 0 0
1684207269 105.54 56.95 0 0
1684207274 105.54 56.95 0 0
1684207279 104.97 56.95 0 0
1684207284 57.36 56.95 0 0

Execution duration: 00:03:11.11
