1684291546 130.95 56.96 2252.95 40124.2
1684291556 129.88 56.89 2278.53 43736.6
1684291566 130.14 56.89 2276.29 45124.7
1684291576 130.67 56.89 2303.12 44886.3
1684291586 130.43 56.89 2301.27 45978.2
1684291596 121.58 56.95 14012.5 44524.2
1684291606 130.35 56.95 2373.07 44335.6
1684291616 129.92 56.88 2270.57 44702.5
1684291626 130.24 56.88 2298.15 44683.7
1684291636 130.56 56.88 2284.77 44845.8
1684291646 130.6 56.88 2320.47 45920.1
1684291656 130.14 56.88 2299.71 45184
1684291666 128 56.95 15778 44388.7
1684291676 130.05 56.88 2298.15 45161.8
1684291686 129.85 56.88 2297.76 45027.9
1684291696 129.88 56.88 2300.39 45099.6
1684291706 130.17 56.88 2277.76 44598.8
1684291716 129.95 56.88 2323.12 45409.6
1684291726 121.85 56.95 15268.3 45037.7
1684291736 129.98 56.95 2377.18 44251.4
1684291746 129.5 56.88 2294.84 44874
1684291756 130.08 56.88 2300.39 44755.1
1684291766 129.98 56.88 2300 45476.2
1684291776 130.34 56.88 2298.15 45252.7
1684291786 130.04 56.88 2322.73 44981.8
1684291796 123.93 56.95 15882.4 45133.2
1684291806 130.14 56.95 2297.76 45109.8
1684291816 130.57 56.88 2300.39 44507.8
1684291826 130.24 56.88 2297.76 45287
1684291836 130.43 56.88 2298.15 45344.4
1684291846 130.12 56.88 2297.47 44679.9
1684291856 130.3 56.88 2311.46 44989.1
1684291866 124.56 56.95 16381.7 45305.7
1684291876 129.88 56.95 2300 43976.6
1684291886 129.98 56.88 2300.39 45142.6
1684291896 129.88 56.88 2325 45103.9
1684291906 129.68 56.88 2291.44 45602.7
1684291916 129.78 56.88 2277.76 44360.9
1684291926 129.63 56.88 2295.91 44432.4
1684291936 124.5 56.95 16641.4 45257.4
1684291946 129.66 56.95 2298.15 44575.2
1684291956 130.57 56.88 2300 45457.4
1684291966 130.41 56.88 2320.86 46233.5
1684291976 129.75 56.88 2322.73 45175
1684291986 130.25 56.88 2273.17 45394.3
1684291996 130.17 56.88 2277.76 44135
1684292006 125.17 56.95 16615 45364.7
1684292016 130.24 56.95 2297.76 44645.5
1684292026 130.05 56.88 2298.15 44838.6
1684292036 130.28 56.88 2275 45264.4
1684292046 130.08 56.88 2302.9 45105.6
1684292056 130.41 56.88 2320.47 45450.3
1684292066 124.19 56.95 14639.2 44998.2
1684292076 130.38 56.95 2300 44746.1
1684292086 130.02 56.88 2295.91 44723.6
1684292096 129.88 56.88 2300.39 45230.1
1684292106 130.27 56.88 2325 45115.6
1684292116 130.28 56.88 2301.95 45086.3
1684292126 129.98 56.88 2325 45339.8
1684292136 126.25 56.95 16519.4 45566.1
1684292146 129.96 56.88 2297.76 44475.7
1684292156 129.68 56.88 2275.39 45223.8
1684292166 129.88 56.88 2275 44794.5
1684292176 130.07 56.88 2279.69 44786.1
1684292186 130.14 56.88 2297.76 44676.3
1684292196 130.34 56.88 2323.12 45558.6
1684292206 128.49 56.95 16937.8 44544.8
1684292216 129.75 56.88 2273.17 44896.4
1684292226 130 56.88 2304.74 44435.6
1684292236 130.66 56.88 2300.39 45033.6
1684292246 130.16 56.88 2291.05 44702.7
1684292256 129.66 56.88 2273.17 44334.1
1684292266 121.56 56.95 15285.9 43880.8
1684292276 129.81 56.95 2262.14 44548
1684292286 129.95 56.88 2297.76 44019.9
1684292296 130.54 56.88 2298.15 45847.4
1684292306 129.98 56.88 2300 44770.3
1684292316 130.08 56.88 2325.39 45432.4
1684292326 130.24 56.88 2349.27 45127.4
1684292336 122.25 56.95 15936.4 45479
1684292346 129.89 56.95 2268.35 44238.4
1684292356 130.47 56.88 2300.39 45236.3
1684292366 130.14 56.88 2273.17 44401.9
1684292376 129.88 56.88 2300 45190.6
1684292386 130.24 56.88 2323.12 44970.9
1684292396 130.17 56.88 2300 44866
1684292406 124.44 56.95 15811.1 44539.7
1684292416 130.24 56.95 2297.76 44614.2
1684292426 130.07 56.88 2300.39 44916.8
1684292436 130.44 56.88 2297.76 44659.1
1684292446 130.14 56.88 2298.15 45560.2
1684292456 129.78 56.88 2284.38 44864
1684292466 130.05 56.88 2300.68 44272.5
1684292476 126.93 56.95 16616.2 44610.3
1684292486 130.06 56.88 2259.94 44211.4
1684292496 130.44 56.88 2297.76 45878.2
1684292506 130.08 56.88 2300.39 45162.5
1684292516 129.59 56.88 2277.76 44649.1
1684292526 129.88 56.88 2278.15 43294
1684292536 123.15 56.95 14788.3 44649.6
1684292546 129.99 56.95 2268.74 44514.9
1684292556 130.28 56.88 2275 44803.9
1684292566 130.67 56.88 2300.39 45523.8
1684292576 130.08 56.88 2275 45228.9
1684292586 130.47 56.88 2300.39 44953.5
1684292596 129.98 56.88 2275 45203.9
1684292606 129.18 56.95 16051.5 44949.1
1684292616 129.86 56.88 2252.37 43921.6
1684292626 130.33 56.88 2264.34 44660.1
1684292636 130.45 56.88 2291.05 45114
1684292646 130.05 56.88 2273.17 45165.3
1684292656 129.98 56.88 2277.76 44781
1684292666 126.02 56.95 15302.1 44207.4
1684292676 130.63 56.88 2323.12 45254.6
1684292686 130.44 56.88 2297.76 45200.4
1684292696 130.18 56.88 2275.39 45021.5
1684292706 129.49 56.88 2253 43308.7
1684292716 130.07 56.88 2284.77 45094.5
1684292726 123.21 56.95 14673.9 44588
1684292736 129.78 56.95 2253.39 44514.5
1684292746 130.44 56.88 2297.76 44981.5
1684292756 130.66 56.88 2300.39 45448.4
1684292766 128.69 56.88 2272.78 44508.9
1684292776 130.54 56.95 2298.93 44693.1
1684292786 131.12 56.88 2305.96 45762.3
1684292796 128.78 56.95 16393 44726.2
1684292806 130.48 56.88 2293.28 44675
1684292816 129.95 56.88 2273.17 45227.3
1684292826 129.78 56.88 2277.76 45190.7
1684292836 130.47 56.88 2325.39 45109
1684292846 130.57 56.88 2300.39 45285.2
1684292856 123.27 56.95 15290.4 44213.4
1684292866 130.24 56.95 2273.17 45043.1
1684292876 129.82 56.88 2279.96 44646.3
1684292886 130.47 56.88 2325.39 44426.9
1684292896 130.53 56.88 2322.73 45442.3
1684292906 130.47 56.88 2300.39 45318
1684292916 129.98 56.88 2325 44545.7
1684292926 126.35 56.95 16295 44662.4
1684292936 130.43 56.88 2322.73 45167.2
1684292946 130.08 56.88 2300.39 45126.6
1684292956 130.06 56.88 2284.38 44798.8
1684292966 130.08 56.88 2325.39 44855.9
1684292976 129.84 56.88 2288.82 44965.6
1684292986 129.86 56.88 2273.17 45074.3
1684292996 126.3 56.95 16919.9 44166
1684293006 130.73 56.88 2276.29 44855
1684293016 130.05 56.88 2272.78 45124.3
1684293026 129.74 56.88 2264.34 44891
1684293036 130.44 56.88 2297.76 44682.2
1684293046 130.34 56.88 2273.17 45061.8
1684293056 124.62 56.95 14903.1 44767.2
1684293066 130.38 56.95 2268.74 44537.1
1684293076 129.98 56.88 2275 44446.5
1684293086 130.57 56.88 2275.39 45977.3
1684293096 129.95 56.88 2322.73 45016.6
1684293106 130.63 56.88 2323.12 45653.1
1684293116 123.66 56.95 14096.2 45611.7
1684293126 130.34 56.95 2297.76 45079.4
1684293136 126.74 56.88 2198.24 43424.8
1684293146 130.37 56.88 2300 45125
1684293156 130.17 56.88 2300.39 45580.5
1684293166 128.49 56.88 2274.34 44351.6
1684293176 130.15 56.88 2323.12 44357.5
1684293186 126.34 56.95 16205.7 45783
1684293196 129.65 56.88 2273.17 44499.1
1684293206 130.47 56.88 2300 44783.6
1684293216 130.31 56.88 2345.81 44895.1
1684293226 130.43 56.88 2322.73 45600.8
1684293236 130.34 56.88 2323.12 45413.5
1684293246 130.44 56.88 2297.76 44598.2
1684293256 129.02 56.95 17038 45245.6
1684293266 130.8 56.88 2295.52 44951.7
1684293276 130.44 56.88 2273.17 44849.2
1684293286 130.34 56.88 2297.76 45370.5
1684293296 130.34 56.88 2298.15 44964.3
1684293306 130.25 56.88 2315.95 45810.9
1684293316 122.22 56.93 15353.6 45745.8
1684293326 129.63 56.95 17673.7 44621.1
1684293336 130.31 56.88 2320.86 44547
1684293346 130.57 56.88 2276.56 45985.6
1684293356 129.47 56.88 2275.95 43746.9
1684293366 130.21 56.88 2295.91 44959.1
1684293376 130.07 56.88 2284.77 45710.2
1684293386 124.07 56.95 15770.8 45141.5
1684293396 130.37 56.95 2275 44680.1
1684293406 130.27 56.88 2300.39 44529.3
1684293416 130.05 56.88 2297.76 45160.2
1684293426 130.21 56.88 2320.86 44980.9
1684293436 129.82 56.88 2270.57 44677.6
1684293446 130.52 56.88 2282.56 44322.5
1684293456 128.36 56.95 16396.1 44438.2
1684293466 130.05 56.88 2273.17 44976
1684293476 130.14 56.88 2297.76 44810.5
1684293486 130.28 56.88 2300.39 44850.8
1684293496 130.53 56.88 2297.76 45521.2
1684293506 130.22 56.88 2295.91 44662
1684293516 122.01 56.95 15244.8 45059.8
1684293526 130.41 56.95 2295.91 45047.6
1684293536 130.27 56.88 2300 44345.7
1684293546 130.11 56.88 2295.91 44922.8
1684293556 130.34 56.88 2322.73 44976
1684293566 130.37 56.88 2325.39 44498.1
1684293576 130.8 56.88 2270.57 44571.2
1684293586 95.12 56.93 15141.9 25634.3

Execution duration: 00:34:12.12
