1684260266 130.97 56.96 2286.27 38779
1684260276 129.83 56.89 2246.39 44015.2
1684260286 130.48 56.89 2271.86 43327.8
1684260296 130.58 56.89 2296.4 44431.9
1684260306 129.9 56.89 2268.74 43774.9
1684260316 122.31 56.96 13970 44268.2
1684260326 130.31 56.96 2348.93 44513.1
1684260336 129.62 56.89 2272.13 43411.3
1684260346 130.31 56.89 2295.91 44248.7
1684260356 130.51 56.89 2295.91 44627.7
1684260366 129.89 56.89 2244.99 43760.9
1684260376 130.48 56.89 2293.67 44449.8
1684260386 128.26 56.96 15711.1 44262
1684260396 130.12 56.89 2295.91 43794.9
1684260407 130.34 56.89 2275.56 42948
1684260416 130.21 56.89 2295.91 43968
1684260426 130.31 56.89 2295.52 44199.6
1684260437 130.03 56.89 2289.21 45009.5
1684260446 121.73 56.94 15130.2 43586
1684260456 129.75 56.96 17443.1 43688.6
1684260466 130.02 56.89 2270.57 42884.6
1684260476 130.1 56.89 2268.74 43838.8
1684260486 130.38 56.89 2293.28 43416.9
1684260497 129.73 56.89 2273.75 42967.6
1684260506 130.14 56.89 2322.73 44012.1
1684260516 123.66 56.96 15684.9 43401.8
1684260527 130.93 56.96 2291.05 43037
1684260537 129.35 56.89 2269 42832.7
1684260547 130.42 56.89 2288.82 43813
1684260557 130.46 56.89 2291.44 43399.6
1684260566 129.82 56.89 2295.52 43286.2
1684260577 129.93 56.89 2314.09 43587.9
1684260587 124.29 56.96 16108.1 43567
1684260596 130.5 56.96 2295.91 42886.6
1684260607 130.32 56.89 2270.96 43357.5
1684260617 129.89 56.89 2293.28 42665.6
1684260627 130.24 56.89 2323.12 43667.5
1684260637 130.31 56.89 2323.59 43249.9
1684260647 130.12 56.89 2320.86 43252.2
1684260657 123.48 56.96 16336.1 42768.8
1684260667 129.64 56.96 2264.34 42624.3
1684260677 130.14 56.89 2257 42855.3
1684260687 130.58 56.89 2293.67 43740.6
1684260697 130.23 56.96 2313.7 43226.4
1684260707 129.73 56.89 2270.96 42296.7
1684260717 130.12 56.89 2270.57 42949.3
1684260727 124.43 56.96 16173.8 43371.9
1684260737 129.63 56.96 2245.61 42750.9
1684260747 129.66 56.89 2226.48 42662
1684260757 130.51 56.89 2295.52 43463.9
1684260767 130.41 56.89 2295.91 43031.2
1684260777 129.73 56.89 2273.69 42821.1
1684260787 122.71 56.96 14150.9 43359.8
1684260797 130.22 56.96 2295.52 43686.6
1684260807 129.7 56.89 2268.74 42993.6
1684260817 130.13 56.89 2288.82 43056.6
1684260827 129.98 56.89 2278.15 42331.9
1684260837 129.47 56.89 2294.55 43226.8
1684260847 129.7 56.89 2293.67 43221.4
1684260857 124.36 56.96 15902.9 42925.5
1684260867 129.92 56.96 2270.57 42341.9
1684260877 130.27 56.89 2284.77 42983.5
1684260887 129.92 56.89 2270.57 43474.1
1684260897 129.76 56.89 2277.49 42857.2
1684260907 129.51 56.89 2261.75 42688.9
1684260917 130.11 56.89 2270.96 42971.9
1684260927 126.19 56.96 16168.8 43226
1684260937 129.93 56.96 2246 42382.1
1684260947 130.26 56.89 2266.15 43172.4
1684260957 129.79 56.89 2268.74 42504.4
1684260967 130.59 56.89 2290.1 44029.5
1684260977 130.19 56.89 2268.35 43157.6
1684260987 130.01 56.89 2295.91 43534.9
1684260997 127.2 56.96 16877.6 43111.9
1684261007 129.95 56.89 2300.29 42286
1684261017 129.82 56.89 2320.86 43487.3
1684261027 130.15 56.89 2323.12 43303.8
1684261037 129.7 56.89 2293.28 43077.7
1684261047 129.95 56.89 2303.77 43552.1
1684261057 130.38 56.89 2318.6 43149.8
1684261067 127.65 56.96 17352.7 42275.8
1684261077 129.73 56.89 2270.57 43071
1684261087 129.92 56.89 2270.96 42804.7
1684261097 130.14 56.89 2272.78 43322.9
1684261107 130.5 56.89 2295.91 43436.7
1684261117 129.97 56.89 2284.38 43577.1
1684261127 121.84 56.96 14966.2 42218.4
1684261137 129.7 56.96 2368.06 43355
1684261147 130.17 56.89 2278.15 43186.1
1684261157 129.92 56.89 2270.57 42609.8
1684261167 130.11 56.89 2270.96 42637.4
1684261177 130.55 56.89 2241.25 41997.3
1684261187 130.16 56.89 2316.34 43393
1684261197 122.97 56.96 15686.5 42940.6
1684261207 129.95 56.96 2298.15 43012.7
1684261217 130 56.89 2286.6 42843.5
1684261227 130.31 56.96 2323.98 43582.8
1684261237 129.86 56.89 2275.56 42741.3
1684261247 129.47 56.89 2291.44 42860.7
1684261257 130.16 56.89 2284.38 43082.4
1684261267 128.14 56.96 16091.5 43444.6
1684261277 129.63 56.89 2245.61 42237.4
1684261287 129.49 56.89 2259.94 43251.2
1684261297 129.76 56.89 2275.56 42562.7
1684261307 129.95 56.89 2275.95 43129.3
1684261317 130.21 56.89 2320.47 44163
1684261327 125.93 56.96 15162.6 42688.1
1684261337 129.94 56.96 2267.06 43355.1
1684261347 130.12 56.89 2270.96 42764.1
1684261357 130.09 56.89 2243.82 43026.7
1684261367 129.76 56.89 2251.21 43478.7
1684261377 130.42 56.89 2289.21 43113.7
1684261387 122.71 56.96 14413.6 42838.6
1684261397 129.91 56.96 2286.99 42801.6
1684261407 129.66 56.89 2297.76 42843.3
1684261417 129.92 56.89 2270.96 43211.3
1684261427 129.89 56.89 2268.35 42896.2
1684261437 130.65 56.89 2291.44 43791.8
1684261447 130.09 56.89 2293.28 43303.6
1684261457 127.52 56.96 15959.9 42005.4
1684261467 130.27 56.89 2284.38 43547.6
1684261477 130.2 56.89 2295.91 43180.1
1684261487 130.22 56.89 2295.52 43544.6
1684261497 129.92 56.96 2295.91 43251.8
1684261507 130.87 56.89 2298.34 43368.3
1684261517 125.51 56.96 15368.2 43559.1
1684261527 130.14 56.96 2282.17 42395
1684261537 130.06 56.89 2284.77 43281.1
1684261547 130.48 56.89 2293.28 43325
1684261557 129.82 56.89 2270.96 42948.2
1684261567 130.12 56.89 2288.82 43462.8
1684261577 129.72 56.89 2270.96 42548.9
1684261587 127.96 56.96 16472.6 43156.1
1684261597 130.32 56.96 2295.91 42449.1
1684261607 130.04 56.89 2272.78 43665.9
1684261617 129.74 56.89 2264.34 42813.6
1684261627 129.85 56.89 2275.56 43030.7
1684261637 129.99 56.89 2293.67 43175.5
1684261647 122.23 56.96 15240.6 42711.5
1684261657 130.31 56.96 2320.86 43763
1684261667 130.12 56.89 2320.86 43886.6
1684261677 130.35 56.89 2315.95 42963
1684261687 130.68 56.89 2286.99 43297.1
1684261697 130.4 56.89 2295.52 43821.1
1684261707 130.31 56.89 2320.86 43764.1
1684261717 123.13 56.96 15944.6 43271.8
1684261727 130.02 56.96 2272.52 42805.8
1684261737 129.8 56.89 2268.35 43240.5
1684261747 129.83 56.89 2270.96 42296.7
1684261757 129.92 56.89 2295.52 43054.6
1684261767 130.57 56.89 2268.74 44037
1684261777 130.48 56.89 2293.28 43208.6
1684261787 127.75 56.96 15930.3 42516.5
1684261797 129.73 56.89 2245.61 43492.4
1684261807 130.03 56.89 2289.21 43126.9
1684261817 130.31 56.89 2295.52 44400
1684261827 130.36 56.89 2291.44 43029.2
1684261837 129.77 56.89 2266.15 42944.4
1684261847 127.05 56.96 15026.1 42557.3
1684261857 129.99 56.89 2268.35 42826.1
1684261867 130.4 56.89 2255.57 43215.9
1684261877 129.99 56.89 2268.35 43337.1
1684261887 129.74 56.89 2323.17 42905.8
1684261897 129.99 56.89 2302.63 43807.6
1684261907 122.44 56.96 14982.2 43733.8
1684261917 130.24 56.96 2297.76 42467.1
1684261927 129.99 56.89 2293.67 42678.9
1684261937 130.3 56.89 2320.86 44345
1684261947 130.11 56.89 2295.52 43398.8
1684261957 129.8 56.89 2318.6 43548.2
1684261967 130.11 56.89 2320.47 43618.7
1684261977 124.54 56.96 15866.4 42805.4
1684261987 129.76 56.96 2275.56 42732
1684261997 129.52 56.89 2255.57 42930.5
1684262007 129.93 56.89 2245.61 43098.6
1684262017 129.69 56.89 2293.67 42379.4
1684262027 129.73 56.89 2270.57 42624.2
1684262037 129.28 56.89 2275.95 43267.2
1684262047 124.69 56.96 16328.5 42698.9
1684262057 130.01 56.96 2280.35 42371.7
1684262067 130.19 56.89 2243.43 42648.1
1684262077 130.16 56.89 2244.75 42050.6
1684262087 129.92 56.89 2295.52 43701
1684262097 129.79 56.89 2318.6 43089.8
1684262107 130.51 56.89 2295.52 43905.7
1684262117 126.81 56.96 16594.1 42934.9
1684262127 130.09 56.89 2293.28 43090.9
1684262137 129.82 56.89 2295.91 44034.7
1684262147 129.79 56.89 2318.21 42694.1
1684262157 129.92 56.89 2320.86 43184
1684262167 129.92 56.89 2295.52 43325.2
1684262177 123.2 56.96 14999.2 43638.6
1684262187 129.93 56.96 2295.52 42728.7
1684262197 129.82 56.89 2270.96 43419.1
1684262207 129.81 56.89 2255.57 43240.3
1684262217 129.57 56.89 2300.68 42875
1684262227 130.22 56.89 2295.91 43847.6
1684262237 129.75 56.89 2272.78 42760.2
1684262247 125.02 56.96 16092.7 43709.1
1684262257 130.09 56.96 2293.28 42832.7
1684262267 130.08 56.89 2293.67 43672.4
1684262277 129.5 56.89 2271.47 43088.2
1684262287 130.02 56.89 2320.86 43734.1
1684262297 129.93 56.89 2295.52 43263.6
1684262307 129.99 56.89 2293.67 43727
1684262317 49.76 56.94 15190.7 8051.02

Execution duration: 00:34:18.18
