1684303482 100.57 56.93 0 0
1684303487 100.57 56.86 6.9 47.51
1684303492 100.38 56.86 0 0
1684303497 100.38 56.86 0 0
1684303502 100.38 56.86 0 0
1684303507 100.19 56.86 0 0
1684303512 100.38 56.86 0 123.9
1684303517 100.38 56.86 0 0
1684303522 100.57 56.86 0 0
1684303527 100.57 56.86 0 0
1684303532 100.38 56.86 0 0
1684303537 100.19 56.86 0 0
1684303542 100.38 56.86 0 0
1684303547 99.81 56.86 0 0
1684303552 100.38 56.86 0 0
1684303557 100.38 56.86 0 0
1684303562 100 56.86 0 0
1684303567 100.38 56.86 0 0
1684303572 100.77 56.86 0 0
1684303577 100 56.86 0 0
1684303582 100 56.86 0 0
1684303587 100.38 56.86 0 0
1684303592 100.37 56.86 0 0
1684303597 100.19 56.86 0 0
1684303602 100.19 56.86 0 0
1684303607 99.81 56.86 0 0
1684303612 100.19 56.86 0 0
1684303617 100.38 56.86 0 0
1684303622 100.57 56.86 0 0
1684303627 100.19 56.86 0 0
1684303632 100.38 56.86 0 0
1684303637 83.72 56.93 0 0.77

Execution duration: 00:02:43.43
