1684255334 100.57 56.94 0 0
1684255339 100.38 56.87 0.76 181.68
1684255344 100.19 56.87 0 0
1684255349 100.19 56.87 0 0
1684255354 100.38 56.87 0 0
1684255359 100.38 56.87 0 0
1684255364 100.57 56.87 0 0
1684255369 100.38 56.87 0 0
1684255374 100.38 56.87 0 0
1684255379 100.38 56.87 0 0
1684255384 100.19 56.87 0 0
1684255389 100.38 56.87 0 0
1684255394 100.57 56.87 0 0
1684255399 100 56.87 0 0
1684255404 100.19 56.87 0 0
1684255409 100.38 56.87 0 0
1684255414 100.57 56.87 0 0
1684255419 100.19 56.87 0 0
1684255424 100.76 56.87 0 0
1684255429 100.38 56.87 0 0
1684255434 100.38 56.87 0 0
1684255439 100.57 56.87 0 0
1684255444 100 56.87 0 0
1684255449 100.38 56.87 0 0
1684255454 100.38 56.87 0 0
1684255459 100.38 56.87 0 0
1684255464 100.19 56.87 0 0
1684255469 100.38 56.87 0 0
1684255474 100.38 56.87 0 0
1684255479 100.76 56.87 0 0
1684255484 100.57 56.87 0 0
1684255489 100.38 56.87 0 0
1684255494 100.76 56.87 0 0
1684255499 100.57 56.87 0 0
1684255504 100.57 56.87 0 0
1684255509 100.38 56.87 0 0
1684255514 100.38 56.87 0 0
1684255519 100.19 56.87 0 0
1684255524 100.38 56.87 0 0
1684255529 100.57 56.87 0 0
1684255534 100.57 56.87 0 0
1684255539 100.57 56.87 0 0
1684255544 100.38 56.87 0 0
1684255549 100.57 56.87 0 0
1684255554 100.38 56.87 0 0
1684255559 100.19 56.87 0 0
1684255564 100.57 56.87 0 0
1684255569 100.19 56.87 0 0
1684255574 100.38 56.87 0 0
1684255579 100.19 56.87 0 0
1684255584 100.19 56.87 0 0
1684255589 100.38 56.87 0 0
1684255594 100.38 56.87 0 0
1684255599 100.57 56.87 0 0
1684255604 100.38 56.87 0 0
1684255609 100.38 56.87 0 0
1684255614 100.38 56.87 0 0
1684255619 100.38 56.87 0 0
1684255624 100.57 56.87 0 0
1684255630 100 56.87 0 0
1684255634 100.76 56.87 0 0
1684255639 100.57 56.87 0 0
1684255645 100.19 56.87 0 0
1684255649 100.76 56.87 0 0
1684255654 100.38 56.87 0 0
1684255659 27.86 56.94 0 0.76

Execution duration: 00:05:30.30
