1684305782 166.29 56.93 0 0
1684305786 159.1 56.93 6 45.03
1684305791 149.44 56.93 0 0
1684305796 100.95 56.93 0 0
1684305801 100.19 56.86 0 0
1684305806 100.38 56.86 0 0
1684305811 100.57 56.86 0 124.14
1684305816 100.19 56.86 0 0
1684305821 100.38 56.86 0 0
1684305826 100.19 56.86 0 0
1684305831 100.38 56.86 0 0
1684305836 100.38 56.86 0 0
1684305841 100.19 56.86 0 0
1684305846 100 56.86 0 0
1684305851 100 56.86 0 0
1684305856 100.57 56.86 0 0
1684305861 100 56.86 0 0
1684305866 100 56.86 0 0
1684305871 100.38 56.86 0 0
1684305876 100.38 56.86 0 0
1684305881 49.42 56.93 0 0

Execution duration: 00:01:46.46
