1684232386 100 56.88 0 0
1684232391 100.38 56.95 0 46.65
1684232396 100.57 56.88 0 0
1684232401 100.19 56.88 0 0
1684232406 100.19 56.88 0 0
1684232411 100.57 56.88 0 0
1684232416 100.38 56.88 0 0
1684232421 100.38 56.88 0 0
1684232426 100.38 56.88 0 0
1684232431 100.38 56.88 0 0
1684232436 100.38 56.88 0 0
1684232441 100.38 56.88 0 0
1684232446 100.19 56.88 0 0
1684232451 100.38 56.88 0 0
1684232456 100.38 56.88 0 0
1684232461 100.38 56.88 0 0
1684232466 100.38 56.88 0 0
1684232471 100.38 56.88 0 0
1684232476 100.38 56.88 0 0
1684232481 100 56.88 0 0
1684232486 100.38 56.88 0 0
1684232491 100.57 56.88 0 0
1684232496 100 56.88 0 0
1684232501 100.57 56.95 0 26
1684232506 100.57 56.88 0 0
1684232511 100.19 56.88 0 0
1684232516 100.57 56.88 0 0
1684232521 100.76 56.88 0 0
1684232526 100.38 56.88 0 0
1684232531 100.76 56.88 0 0
1684232536 100.19 56.88 0 0
1684232541 100.57 56.88 0 0
1684232546 100.38 56.88 0 0
1684232551 100.19 56.88 0 0
1684232556 100.57 56.88 0 0
1684232561 100 56.88 0 0
1684232566 100.38 56.88 0 0
1684232571 100.57 56.88 0 0
1684232576 100.38 56.88 0 0
1684232581 100.19 56.88 0 0
1684232586 100.38 56.88 0 0
1684232591 100.57 56.88 0 0
1684232596 100.57 56.88 0 0
1684232601 100.38 56.88 0 0
1684232606 100.19 56.88 0 0
1684232611 100.19 56.88 0 0
1684232616 100.38 56.88 0 0
1684232621 100.38 56.88 0 0
1684232626 100.57 56.88 0 0
1684232631 100.19 56.88 0 0
1684232636 100.38 56.88 0 0
1684232641 100 56.88 0 0
1684232646 100.57 56.88 0 0
1684232651 100.38 56.88 0 0
1684232656 100.19 56.88 0 0
1684232661 100.38 56.88 0 0
1684232666 100.57 56.88 0 0
1684232671 100.38 56.88 0 0
1684232676 100.38 56.88 0 0
1684232681 100.38 56.88 0 0
1684232686 100.19 56.88 0 0
1684232691 100.38 56.88 0 0
1684232696 100.38 56.88 0 0
1684232701 100.38 56.88 0 0
1684232706 100.38 56.88 0 0
1684232711 19.12 56.95 0 0.76

Execution duration: 00:05:29.29
