1684264444 118.25 56.86 0 279.37
1684264445 120.16 56.86 3.23 32.26
1684264446 118.4 56.86 0 3.2
1684264448 122.06 56.86 0 0
1684264448 122.76 56.86 0 0
1684264449 116.67 56.86 0 0
1684264450 123.62 56.93 0 0
1684264451 123.81 56.93 0 0
1684264452 120.63 56.86 0 0
1684264453 126.83 56.86 0 0
1684264454 120.97 56.86 0 0
1684264455 125.98 56.86 0 0
1684264456 126.61 56.86 0 0
1684264457 124 56.86 0 0
1684264458 126.98 56.86 0 0
1684264459 125 56.86 0 0
1684264460 124.41 56.86 0 0
1684264461 125.2 56.86 0 0
1684264462 63.28 56.93 1415.62 2281.24

Execution duration: 00:00:22.22
