1684278206 100.19 56.86 0 0
1684278211 100.57 56.93 0 45.89
1684278216 100.38 56.86 0 0
1684278221 100.38 56.86 0 0
1684278226 100.38 56.86 0 0
1684278231 100.38 56.86 0 0
1684278236 100.57 56.86 0 0
1684278241 99.81 56.86 0 122.26
1684278246 100.38 56.86 0 0.76
1684278251 100.57 56.86 0 0
1684278256 100.19 56.86 0 0
1684278261 100.38 56.86 0 0
1684278266 100.57 56.86 0 0
1684278271 100 56.86 0 0
1684278276 100 56.86 0 0
1684278281 100.57 56.86 0 0
1684278286 100.38 56.86 0 0
1684278291 100.57 56.86 0 0
1684278296 100.38 56.86 0 0
1684278301 100.76 56.86 0 0
1684278306 100.38 56.86 0 0
1684278311 100.96 56.86 0 0
1684278316 100.57 56.86 0 0
1684278321 100.57 56.86 0 0
1684278326 100.57 56.86 0 0
1684278331 100.38 56.86 0 0
1684278336 100.19 56.86 0 0
1684278341 100.38 56.86 0 0
1684278346 100.76 56.86 0 0
1684278351 100 56.86 0 0
1684278356 100.57 56.86 0 0
1684278361 100.57 56.86 0 0
1684278366 100.19 56.86 0 0
1684278371 100.57 56.86 0 0
1684278376 100 56.86 0 0
1684278381 100.38 56.86 0 0
1684278386 100.38 56.86 0 0
1684278391 100.76 56.86 0 0
1684278396 100.57 56.86 0 0
1684278401 100.76 56.86 0 0
1684278406 100.76 56.86 0 0
1684278411 100.38 56.86 0 0
1684278416 100.57 56.86 0 0
1684278421 100.96 56.93 0 0
1684278426 100 56.86 0 0
1684278431 100.38 56.86 0 0
1684278436 100.38 56.86 0 0
1684278441 100.19 56.86 0 0
1684278446 100.38 56.86 0 0
1684278451 100.38 56.86 0 0
1684278456 100.38 56.86 0 0
1684278461 100.38 56.86 0 0
1684278466 100.38 56.86 0 0
1684278471 100.38 56.86 0 0
1684278476 100.38 56.86 0 0
1684278481 100.19 56.86 0 0
1684278486 100.57 56.86 0 0
1684278491 100.38 56.86 0 0
1684278496 100.38 56.86 0 0
1684278501 100.38 56.86 0 0
1684278506 100.38 56.86 0 0
1684278511 100.19 56.86 0 0
1684278516 100.19 56.86 0 0
1684278521 100.38 56.86 0 0
1684278526 34.03 56.93 0 0.76

Execution duration: 00:05:25.25
