1684258023 129.86 56.97 2285.61 40817.5
1684258033 129.63 56.9 2271.35 43336.1
1684258043 129.92 56.9 2281.88 43176.6
1684258053 130.12 56.9 2273.69 45617.9
1684258063 129.83 56.9 2270.96 44494.7
1684258073 120.96 56.94 13775.4 44262.4
1684258083 129.14 56.96 16071.7 43499.4
1684258093 129.99 56.89 2243.43 44420.6
1684258103 129.37 56.89 2251.21 44106.3
1684258113 129.68 56.89 2259.94 44682.4
1684258123 129.95 56.89 2274.73 43137.6
1684258133 129.92 56.89 2295.91 45198.8
1684258143 126.9 56.96 15586.3 44148.5
1684258153 129.24 56.89 2270.96 43302.5
1684258163 129.95 56.89 2297.76 43834.2
1684258173 130.39 56.89 2318.6 45258.8
1684258183 129.53 56.89 2295.52 43252.6
1684258193 129.44 56.89 2295.91 44444.1
1684258203 129.63 56.89 2297.08 44358.3
1684258213 128.36 56.96 17249.9 43460
1684258223 129.65 56.89 2272.78 43493.1
1684258233 129.53 56.89 2270.96 44435.5
1684258243 129.56 56.89 2250.82 44616.4
1684258253 129.41 56.89 2268.74 44341.2
1684258263 129.18 56.89 2275.56 44596.3
1684258273 121.83 56.96 15425.7 44195.3
1684258283 129.53 56.96 2270.57 43111.9
1684258293 129.83 56.89 2297.47 44820.3
1684258303 129.56 56.89 2272.78 44618.5
1684258313 129.66 56.89 2298.15 44641.2
1684258323 129.5 56.89 2302.51 44724.6
1684258333 129.91 56.89 2295.91 44959.1
1684258343 122.42 56.96 15857.3 44386
1684258353 129.75 56.96 2298.15 44548.3
1684258363 129.53 56.89 2245.61 44319.7
1684258373 129.47 56.89 2251.21 43816
1684258383 129.3 56.89 2277.76 44242.6
1684258393 129.92 56.89 2299.03 45170
1684258403 129.54 56.89 2295.52 44378.2
1684258413 121.83 56.96 15935.7 44868.6
1684258423 129.66 56.96 2297.76 44632.2
1684258433 129.56 56.89 2279.41 43783.4
1684258443 130.21 56.89 2295.91 45813.3
1684258453 129.08 56.89 2273.17 44551.4
1684258463 129.27 56.89 2275.95 44129.1
1684258473 129.63 56.89 2295.52 45083
1684258483 122.33 56.96 15738.7 44069.2
1684258493 129.85 56.96 2272.78 44611.9
1684258503 129.56 56.96 2273.17 44153.4
1684258513 129.54 56.89 2270.57 44919.3
1684258523 129.73 56.89 2270.96 43965.3
1684258533 129.63 56.89 2298.64 45474.1
1684258543 129.37 56.89 2298.15 44731.7
1684258553 128.75 56.96 15970.4 44846.4
1684258563 129.53 56.89 2270.96 43970
1684258573 129.95 56.89 2297.76 44706.7
1684258583 129.85 56.89 2298.15 44749.3
1684258593 129.66 56.89 2299.32 44730.9
1684258603 129.56 56.89 2298.15 44415.2
1684258613 121.91 56.96 15488.2 44845.2
1684258623 129.18 56.96 2251.21 43388.6
1684258633 129.37 56.89 2247.8 44870.6
1684258643 129.08 56.89 2251.21 44028.6
1684258653 129.34 56.89 2249.12 44417.9
1684258663 129.07 56.89 2273.17 44509.3
1684258673 129.36 56.89 2248.19 44783.2
1684258683 124.03 56.96 15729.3 44476.9
1684258693 129.85 56.89 2273.17 44599.4
1684258703 129.95 56.89 2272.78 45307.7
1684258713 129.72 56.89 2270.96 44588.7
1684258723 129.46 56.89 2274.34 44098.7
1684258733 129.56 56.89 2298.15 44499.9
1684258743 129.44 56.89 2295.52 45193.8
1684258753 124.85 56.96 16330.2 43891.2
1684258763 129.76 56.89 2298.15 45007.2
1684258773 129.43 56.89 2270.57 45008.6
1684258783 129.27 56.89 2273.17 44545.6
1684258793 129.95 56.89 2250.82 44626.9
1684258803 129.37 56.89 2301.27 43821.3
1684258813 129.92 56.89 2295.52 45259.3
1684258823 125.07 56.96 16710.6 45119.2
1684258833 129.37 56.89 2272.78 44435.5
1684258843 129.27 56.89 2273.17 44856.2
1684258853 129.46 56.89 2257.36 44406.6
1684258863 129.53 56.89 2320.86 45391
1684258873 129.24 56.89 2295.52 44476
1684258883 129.96 56.89 2301.27 44926.1
1684258893 127.32 56.96 16629.1 44653.7
1684258903 129.27 56.89 2273.17 44197.5
1684258913 129.17 56.89 2222.83 44291.1
1684258923 129.17 56.89 2251.21 43912.7
1684258933 129.21 56.89 2253 43798.1
1684258943 129.37 56.89 2251.21 44540.7
1684258953 129.98 56.89 2300 44933.2
1684258963 127.51 56.96 17191 44154.2
1684258973 129.56 56.89 2298.15 44781.3
1684258983 129.92 56.89 2298.64 44609
1684258993 129.5 56.89 2268.74 44643
1684259003 129.44 56.89 2295.52 44810.5
1684259013 129.76 56.89 2300.68 44920.6
1684259023 124.95 56.96 15358.3 44732.2
1684259033 129.46 56.89 2248.19 43889.6
1684259043 129.85 56.89 2250.82 44578.9
1684259053 129.56 56.89 2273.17 44814.4
1684259063 129.44 56.89 2245.61 44096.3
1684259073 129.57 56.89 2251.21 44025.9
1684259083 121.93 56.96 14288.9 45036.7
1684259093 129.88 56.96 2254.93 43829.8
1684259103 129.56 56.89 2272.78 45066.5
1684259113 129.85 56.89 2273.17 44800
1684259123 129.66 56.89 2297.76 44485.8
1684259133 129.95 56.89 2273.17 45248
1684259143 129.66 56.89 2297.76 44651.3
1684259153 127.48 56.96 15836.2 44341.5
1684259163 129.46 56.89 2247.8 44201
1684259173 129.08 56.89 2248.19 43710.8
1684259183 129.76 56.89 2275.56 45031.9
1684259193 129.17 56.89 2273.17 44433.9
1684259203 129.95 56.89 2277.46 44405.1
1684259213 124.83 56.96 15056.3 45141.6
1684259223 129.82 56.89 2295.52 44350.9
1684259233 129.66 56.89 2273.17 44621.3
1684259243 129.85 56.89 2250.82 44616
1684259253 130.05 56.89 2273.17 44330.2
1684259263 129.86 56.89 2277.88 44975.1
1684259273 131.42 56.89 2283.71 44528.4
1684259283 127.8 56.96 16499.1 44442.8
1684259293 129.85 56.89 2272.78 44596.7
1684259303 129.85 56.89 2273.17 44723.1
1684259313 129.66 56.89 2275.56 44815.5
1684259323 129.26 56.89 2273.17 44369.9
1684259333 129.92 56.89 2270.57 45008.2
1684259343 123.51 56.96 15403.7 44522.9
1684259353 129.66 56.96 2272.78 44943.2
1684259363 129.75 56.89 2298.15 44386.3
1684259373 129.43 56.89 2295.52 44436.7
1684259383 129.63 56.89 2295.91 45222.6
1684259393 129.85 56.89 2297.76 44944
1684259403 129.92 56.89 2295.91 44860.8
1684259413 126.05 56.96 16379.3 44576.8
1684259423 129.66 56.89 2298.15 44159.2
1684259433 129.56 56.89 2247.8 44001.9
1684259443 129.76 56.89 2251.21 44144.5
1684259453 130.02 56.89 2270.57 44905.7
1684259463 129.43 56.89 2270.96 44547
1684259473 129.83 56.89 2270.57 45080.3
1684259483 126.31 56.96 16854.2 44152.4
1684259493 129.38 56.89 2266.15 43857.6
1684259503 129.37 56.89 2273.17 44440.2
1684259513 129.43 56.89 2270.57 45072.5
1684259523 129.76 56.89 2298.15 44995.9
1684259533 129.64 56.89 2295.52 45008.2
1684259543 122.76 56.96 14626.9 43968
1684259553 129.57 56.96 2247.8 44644.3
1684259563 129.46 56.89 2273.17 45253.8
1684259573 129.82 56.89 2245.61 45125.9
1684259583 129.73 56.89 2295.91 44395.7
1684259593 129.44 56.89 2270.96 44141.9
1684259603 121.84 56.96 13591.1 44132.2
1684259613 129.78 56.96 2275.39 44951.6
1684259623 129.27 56.89 2247.8 43866.5
1684259633 129.56 56.89 2248.19 44192.8
1684259643 129.17 56.89 2297.76 45433.4
1684259653 129.66 56.89 2301.27 45016.2
1684259663 129.56 56.89 2272.78 43753.8
1684259673 124.16 56.96 15554.8 44623.4
1684259683 129.46 56.89 2297.76 44664.2
1684259693 129.95 56.89 2273.17 44535.4
1684259703 129.34 56.89 2245.61 44766.9
1684259713 129.63 56.89 2295.91 44526.3
1684259723 129.34 56.89 2270.57 44497.1
1684259733 129.34 56.89 2270.96 44137.2
1684259743 125.82 56.96 16303.3 44304.1
1684259753 129.76 56.89 2298.15 44455.8
1684259763 130.12 56.89 2270.57 45444.8
1684259773 129.37 56.89 2248.19 44238.8
1684259783 129.66 56.89 2250.82 45082.9
1684259793 129.54 56.89 2295.91 44723.2
1684259803 129.95 56.89 2297.76 45064.6
1684259813 126.25 56.96 16895.2 44035.9
1684259823 129.34 56.89 2270.57 44705.7
1684259833 129.43 56.89 2299.03 44980.5
1684259843 129.44 56.89 2295.52 45041.3
1684259853 129.34 56.89 2270.96 44449.9
1684259863 129.24 56.89 2295.52 44608.2
1684259873 129.63 56.89 2295.91 44322.8
1684259883 128.19 56.96 17109.5 44263
1684259893 129.57 56.96 2275.95 44278.3
1684259903 129.63 56.89 2270.57 44645.6
1684259913 129.46 56.89 2323.12 44229.1
1684259923 129.95 56.89 2323.12 44951.4
1684259933 130.38 56.89 2268.74 44928.9
1684259943 124.17 56.96 15328.8 44141.6
1684259953 129.66 56.89 2272.78 44815.2
1684259963 130.12 56.89 2221.05 44081.1
1684259973 130.02 56.89 2245.61 44224.9
1684259983 129.76 56.89 2273.17 44751.2
1684259993 130.15 56.89 2272.78 44588.1
1684260003 130.02 56.89 2246 43369.6
1684260013 125.65 56.96 16298.5 44784
1684260023 129.63 56.89 2270.96 44200.4
1684260033 129.15 56.96 2279.93 44365.3
1684260043 130.05 56.89 2273.17 44922.5
1684260053 129.89 56.89 2293.28 44955.8
1684260063 130.07 56.89 2325.39 45349.6
1684260073 121.46 56.94 14544.4 45556.7
1684260083 43.86 56.94 715.79 6792.59

Execution duration: 00:34:28.28
