1684268671 122.58 56.93 3.23 290.32
1684268672 120.33 56.86 0 29.27
1684268673 121.95 56.86 0 0
1684268674 121.26 56.86 0 0
1684268675 126.61 56.86 0 0
1684268676 125 56.86 0 0
1684268677 122.63 56.86 0 0
1684268678 130.65 56.86 0 0
1684268679 127.42 56.86 0 0
1684268680 126.61 56.86 0 0
1684268681 129.03 56.86 0 0
1684268682 125.6 56.86 0 0
1684268683 121.95 56.86 0 0
1684268684 120.42 56.86 0 0
1684268685 131.45 56.86 0 0
1684268686 124.8 56.86 0 0
1684268687 119.05 56.86 0 0
1684268688 127.56 56.86 0 0
1684268689 91.13 56.93 1496.77 1477.42

Execution duration: 00:00:22.22
