1684248298 118.18 56.87 0 4854.55
1684248299 123.62 56.87 0 21118.1
1684248300 120.47 56.94 0 5042.52
1684248301 119.2 56.94 0 5123.2
1684248302 119.84 56.87 0 5082.54
1684248303 120.63 56.87 0 5082.54
1684248304 126.4 56.87 0 5123.2
1684248305 125 56.87 0 5164.52
1684248306 122.22 56.87 0 5082.54
1684248307 124.6 56.87 0 5082.54
1684248308 123.02 56.87 0 5082.54
1684248309 125 56.87 0 5164.52
1684248310 128 56.87 0 5123.2
1684248311 123.81 56.87 0 5082.54
1684248312 125 56.87 0 5164.52
1684248313 122.22 56.87 0 5082.54
1684248314 125.81 56.87 0 5164.52
1684248315 125.2 56.94 1329.13 6494.49
1684248316 37.3 56.94 815.87 5609.52

Execution duration: 00:00:22.22
