1684241481 118.7 56.87 3.25 292.68
1684241482 116.54 56.87 0 27.07
1684241483 118.8 56.87 0 0
1684241484 121.31 56.87 0 0
1684241485 121.77 56.87 0 0
1684241486 117.46 56.87 0 0
1684241487 121.14 56.87 0 0
1684241488 120.33 56.87 0 0
1684241489 119.12 56.87 0 0
1684241490 120.63 56.94 0 0
1684241491 116.28 56.87 0 0
1684241493 122.46 56.87 0 0
1684241493 122.76 56.87 0 0
1684241494 126.83 56.87 0 0
1684241495 120.97 56.87 0 0
1684241496 128.46 56.87 0 0
1684241497 123.58 56.87 0 0
1684241498 110.4 56.94 1270.4 1433.6
1684241499 16.03 56.87 6.11 3374.05

Execution duration: 00:00:22.22
