1684296150 100.19 56.86 0 0
1684296155 100.57 56.93 6.12 45.89
1684296160 100.19 56.86 0 0
1684296165 100.38 56.86 0 147.61
1684296170 100.57 56.86 0 0.76
1684296175 100.38 56.86 0 0
1684296180 100.57 56.86 0 0
1684296185 100 56.86 0 0
1684296190 100.38 56.86 0 0
1684296195 100.38 56.86 0 0
1684296200 100.38 56.86 0 0
1684296205 100.38 56.86 0 0
1684296210 100.38 56.86 0 0
1684296215 100.38 56.86 0 0
1684296220 100.57 56.86 0 0
1684296225 100 56.86 0 0
1684296230 100.57 56.86 0 0
1684296235 100.57 56.86 0 0
1684296240 100.38 56.86 0 0
1684296245 100.38 56.86 0 0
1684296250 100.38 56.86 0 0
1684296255 100.19 56.86 0 0
1684296260 100.19 56.86 0 0
1684296265 100.19 56.86 0 0
1684296270 100.57 56.86 0 0
1684296275 100.57 56.86 0 0
1684296280 100 56.86 0 0
1684296285 100.19 56.86 0 0
1684296290 100.19 56.86 0 0
1684296295 100.57 56.86 0 0
1684296300 100.38 56.86 0 0
1684296305 100.19 56.86 0 0
1684296310 100.57 56.86 0 0
1684296315 100.19 56.86 0 0
1684296320 100.57 56.86 0 0
1684296325 100.19 56.86 0 0
1684296330 100 56.86 0 0
1684296335 100.38 56.86 0 0
1684296340 100.76 56.86 0 0
1684296345 100.19 56.86 0 0
1684296350 100.38 56.86 0 0
1684296355 100.38 56.86 0 0
1684296360 100.57 56.86 0 0
1684296365 100.19 56.86 0 0
1684296370 100.19 56.86 0 0
1684296375 100.76 56.86 0 0
1684296380 100.38 56.86 0 0
1684296385 100.38 56.86 0 0
1684296390 100.57 56.86 0 0
1684296395 100.19 56.86 0 0
1684296400 100.38 56.86 0 0
1684296405 100.38 56.86 0 0
1684296410 100.19 56.86 0 0
1684296415 100.57 56.86 0 0
1684296420 100.38 56.86 0 0
1684296425 100.38 56.86 0 0
1684296430 100.38 56.86 0 0
1684296435 100.19 56.86 0 0
1684296440 100.57 56.86 0 0
1684296445 100.38 56.86 0 0
1684296450 100.38 56.86 0 0
1684296455 100.38 56.86 0 0
1684296460 100.57 56.86 0 0
1684296465 100 56.86 0 0
1684296470 100.38 56.86 0 0
1684296475 100.57 56.86 0 0
1684296480 100.38 56.86 0 0
1684296485 100.38 56.86 0 0
1684296490 100.76 56.86 0 0
1684296495 100.19 56.86 0 0
1684296500 100.57 56.86 0 0
1684296505 100 56.86 0 0
1684296510 100.57 56.86 0 0
1684296515 100.57 56.86 0 0
1684296520 100.19 56.86 0 0
1684296525 100.19 56.86 0 0
1684296530 100.57 56.86 0 0
1684296535 100.19 56.86 0 0
1684296540 100.19 56.86 0 0
1684296545 100.57 56.86 0 0
1684296550 100.38 56.86 0 0
1684296555 100.38 56.86 0 0
1684296560 100.38 56.86 0 0
1684296565 100.38 56.86 0 0
1684296570 100.19 56.86 0 0
1684296575 100.38 56.86 0 0
1684296580 100.19 56.86 0 0
1684296585 100.76 56.86 0 0
1684296590 100.38 56.86 0 0
1684296595 44.74 56.93 37.48 3935.75

Execution duration: 00:07:31.31
