1684280872 131.48 56.95 2314.62 42033.5
1684280882 130.27 56.88 2300.78 42630.9
1684280892 130.15 56.88 2304.39 42314.2
1684280902 130.83 56.88 2325.85 44962.7
1684280912 130.18 56.88 2268.74 43272.4
1684280922 122.46 56.95 14031.8 42938.2
1684280932 130.12 56.95 2270.96 43240.6
1684280942 130.1 56.88 2280.35 42726.8
1684280952 130.24 56.88 2297.76 43570.7
1684280962 130.29 56.88 2243.82 42534.4
1684280972 130.57 56.88 2251.56 42428.1
1684280982 130.01 56.88 2295.91 43764.1
1684280992 128.99 56.95 15856 43615.2
1684281002 129.49 56.88 2259.94 42508.6
1684281012 130.41 56.88 2295.91 43639.4
1684281022 130.21 56.88 2295.52 43201.9
1684281032 129.95 56.88 2298.15 42816
1684281042 129.93 56.88 2313.7 43814.2
1684281052 122.3 56.95 15315.3 43403.3
1684281062 130.32 56.95 2295.52 42670.2
1684281072 130.24 56.88 2298.15 43187.5
1684281082 130.34 56.88 2297.76 44324.7
1684281092 130.24 56.88 2298.15 42926.4
1684281102 130.25 56.88 2297.76 43545.4
1684281112 130.14 56.88 2323.12 43256.2
1684281122 124.59 56.95 15939.9 44463.2
1684281132 130.13 56.88 2289.21 43226.4
1684281142 130.31 56.88 2297.47 43137.2
1684281152 130.22 56.88 2295.91 43988.7
1684281162 129.78 56.88 2275.39 42862.5
1684281172 129.98 56.88 2302.51 43263.4
1684281182 130.31 56.88 2345.81 43975.4
1684281192 124.95 56.95 16481.1 43384.8
1684281202 130.66 56.88 2300.39 43547.3
1684281212 129.85 56.88 2247.8 42749.7
1684281222 130.32 56.88 2289.21 43445.3
1684281232 130.05 56.88 2322.73 43524.3
1684281242 130.34 56.88 2327.8 43297.6
1684281252 129.72 56.88 2320.47 43669
1684281262 125.14 56.95 16734.1 42730.2
1684281272 129.95 56.88 2297.76 43714.7
1684281282 130.31 56.88 2295.91 42911.1
1684281292 130.27 56.88 2302.51 43485.9
1684281302 129.73 56.88 2295.91 43301.4
1684281312 130.05 56.88 2322.73 43164.9
1684281322 130.31 56.88 2295.91 43726.3
1684281332 127 56.95 16725.2 44009
1684281342 130.31 56.88 2270.57 42913.8
1684281352 130.24 56.88 2273.17 43438.1
1684281362 130.08 56.88 2325 43070.3
1684281372 130.11 56.88 2320.86 43949.7
1684281382 129.95 56.88 2300.88 43745.6
1684281392 124.87 56.95 14762.5 44193.2
1684281402 129.99 56.88 2268.35 42912.9
1684281412 130.41 56.88 2295.91 43235.1
1684281422 130.24 56.88 2322.73 43515.3
1684281432 130.01 56.88 2270.96 43616.4
1684281442 130.34 56.88 2299.32 43412.3
1684281452 130.04 56.88 2314.09 42961.3
1684281462 126.54 56.95 16617.4 43255
1684281472 129.82 56.88 2270.96 43710.3
1684281482 130.2 56.88 2255.18 42719.1
1684281492 130.44 56.88 2298.15 43870.4
1684281502 130.04 56.88 2307.13 43382.2
1684281512 129.85 56.88 2273.17 43550.4
1684281522 130.07 56.88 2277.76 43236.4
1684281532 129.14 56.95 17021.4 42604.7
1684281542 129.92 56.88 2270.57 43033.9
1684281552 129.88 56.88 2284.77 42905.1
1684281562 130.44 56.88 2322.73 43946.2
1684281572 130.25 56.88 2302.83 43216.8
1684281582 130.03 56.88 2288.82 43178.6
1684281592 123.11 56.95 15471.5 43324.3
1684281602 130.05 56.95 2273.17 42825
1684281612 129.95 56.88 2297.76 42991.6
1684281622 130.14 56.88 2304 43229.3
1684281632 129.73 56.88 2295.52 43268.6
1684281642 130.54 56.88 2323.12 43620.3
1684281652 130.31 56.88 2298.64 43340.7
1684281662 122.51 56.95 15945.8 43586.7
1684281672 130.12 56.95 2295.52 43042.1
1684281682 130.51 56.88 2295.91 43534.5
1684281692 130.34 56.88 2247.8 42581.8
1684281702 130.32 56.88 2295.91 43234.7
1684281712 130.04 56.88 2297.76 43189.1
1684281722 130.04 56.88 2323.12 43697.2
1684281732 125.04 56.95 15877.3 42845.8
1684281742 130.09 56.88 2296.79 42837
1684281752 130.2 56.88 2286.6 42989.5
1684281762 130.13 56.88 2314.09 43996.5
1684281772 130.31 56.88 2295.52 43305.7
1684281782 130.12 56.88 2320.86 43585.6
1684281792 129.88 56.88 2277.76 42625.9
1684281802 126.64 56.95 16691.5 42902.6
1684281812 129.59 56.88 2277.76 43201.2
1684281822 130.01 56.88 2286.99 43037.7
1684281832 130.14 56.88 2324.29 43800.6
1684281842 130.12 56.88 2320.86 43168.4
1684281852 129.85 56.88 2306.98 42860.8
1684281862 123.78 56.95 14934.5 43537.2
1684281872 130.41 56.88 2295.91 43776.2
1684281882 130.14 56.88 2272.78 42249
1684281892 129.76 56.88 2248.19 43219.9
1684281902 130.24 56.88 2297.76 43933.3
1684281912 130.22 56.88 2270.96 43509.2
1684281922 130.2 56.88 2278.45 43242.7
1684281932 129.59 56.95 16267.2 42795.7
1684281942 130.41 56.88 2273.69 43019.1
1684281952 130.11 56.88 2246 43315
1684281962 129.92 56.88 2295.52 42883
1684281972 130.11 56.88 2295.91 43479.1
1684281982 129.91 56.88 2286.6 43037.7
1684281992 127.28 56.95 15526.2 43118.4
1684282002 130.37 56.88 2275 43132.4
1684282012 130.63 56.88 2298.15 43549.7
1684282022 129.82 56.88 2295.52 42689.3
1684282032 130.11 56.88 2295.91 43427.7
1684282042 129.7 56.88 2268.35 43610.9
1684282053 124.07 56.95 14850.7 42935.4
1684282062 129.68 56.88 2281.25 42441
1684282073 130.07 56.88 2278.15 42831.3
1684282082 129.8 56.88 2286.6 43438.4
1684282092 129.95 56.88 2298.15 43424.8
1684282103 130.46 56.88 2282.02 42971.8
1684282112 130.79 56.88 2303.71 43390.6
1684282122 128.28 56.95 16474.2 42416.3
1684282132 130.02 56.88 2295.91 43304.5
1684282143 129.66 56.88 2275.95 43364.2
1684282153 129.49 56.88 2228.24 41712.6
1684282162 130.02 56.88 2295.91 43205.8
1684282172 129.95 56.88 2272.78 43552.4
1684282182 124.26 56.95 15436.6 43361.4
1684282192 129.75 56.88 2299.32 42964.3
1684282202 130.02 56.88 2295.91 43014.4
1684282212 130.15 56.88 2297.76 43285.8
1684282222 129.73 56.88 2295.91 43013.7
1684282233 130.17 56.88 2302.51 43863.4
1684282242 130.43 56.88 2298.15 42837.1
1684282252 127.01 56.95 16463.2 43639.4
1684282262 130.15 56.88 2298.15 43057.2
1684282272 129.81 56.88 2261.75 42493.2
1684282282 130.01 56.88 2270.96 42576.2
1684282292 130.34 56.88 2297.76 44104.2
1684282302 130.41 56.88 2295.91 42489.7
1684282312 130.05 56.88 2297.76 44000
1684282322 126.81 56.95 17052.2 42695.1
1684282332 130.14 56.88 2297.76 43786.5
1684282342 129.83 56.88 2272.52 43217.9
1684282353 128.14 56.88 2253 42583.4
1684282362 130.6 56.88 2295.91 43708.8
1684282373 129.55 56.88 2282.17 42101.9
1684282383 123.88 56.95 14757.8 43030.6
1684282392 129.66 56.88 2272.78 43321.8
1684282402 129.92 56.88 2270.96 43165.3
1684282412 130.34 56.88 2298.15 44000.4
1684282422 130.31 56.88 2320.86 44044.8
1684282432 130.02 56.88 2295.91 43094.3
1684282442 123.39 56.95 14111.1 44024.2
1684282452 129.83 56.88 2270.96 43327.5
1684282462 129.73 56.88 2245.61 42843.3
1684282472 129.65 56.88 2273.17 43410.7
1684282483 129.71 56.88 2279.96 42836.8
1684282492 129.76 56.88 2298.15 43433
1684282502 129.83 56.88 2297.08 42813.7
1684282512 126.34 56.95 16207.6 43068.1
1684282522 129.73 56.95 2320.47 43383.6
1684282533 129.81 56.88 2255.57 43174.1
1684282542 130.24 56.88 2297.76 43305.4
1684282552 130.14 56.88 2323.12 43997.7
1684282562 129.95 56.88 2322.73 42858.5
1684282572 130.15 56.88 2298.15 43491.9
1684282582 128.27 56.95 17079.1 42945.8
1684282592 129.56 56.88 2298.15 43244.1
1684282602 129.75 56.88 2272.78 43027.5
1684282613 129.21 56.88 2278.15 43159.8
1684282622 125.78 56.88 2225 42453.1
1684282632 129.76 56.88 2298.15 43043.5
1684282643 129.92 56.88 2295.52 42934.1
1684282653 127.78 56.95 17524.4 42554
1684282663 130.25 56.88 2272.78 42972.1
1684282673 130.22 56.88 2270.96 43653
1684282683 129.69 56.88 2305.6 42613.2
1684282693 130.14 56.88 2323.12 44320.4
1684282703 130.12 56.88 2295.91 43520.5
1684282713 122.96 56.95 15565.4 43137.3
1684282723 130.02 56.88 2270.96 42714.2
1684282733 129.82 56.88 2270.57 42458.5
1684282743 130.27 56.88 2253.39 43117.2
1684282753 130.24 56.88 2272.78 43147.3
1684282763 129.99 56.88 2253.39 42150.1
1684282773 130.39 56.88 2261.75 41839.2
1684282783 127 56.95 16022.2 43035.5
1684282793 130.41 56.88 2214.19 42050.2
1684282803 129.92 56.88 2246 42347.4
1684282813 130.34 56.88 2272.78 42983
1684282823 130.12 56.88 2270.96 43210.9
1684282833 129.56 56.88 2297.76 43426.3
1684282843 129.63 56.88 2270.96 42770
1684282853 127.78 56.95 16956.3 43890.1
1684282863 129.63 56.88 2270.96 43144.6
1684282873 129.95 56.88 2297.76 43505.2
1684282883 129.13 56.88 2290.1 43118.8
1684282893 129.46 56.88 2322.73 42809.8
1684282903 129.72 56.88 2320.86 43793
1684282913 116.67 56.93 15058.9 34025.3
1684282923 10.64 56.93 168.19 1035.32

Execution duration: 00:34:15.15
