1684278535 119.2 56.86 3.2 313.6
1684278536 120.16 56.86 0 29.03
1684278537 120.63 56.86 0 0
1684278538 118.11 56.86 0 0
1684278539 118.4 56.86 0 0
1684278540 123.02 56.86 0 0
1684278541 116.67 56.93 0 0
1684278542 118.8 56.86 0 0
1684278543 121.77 56.86 0 0
1684278544 123.58 56.86 0 0
1684278545 122.22 56.86 0 0
1684278546 121.43 56.86 0 0
1684278547 128 56.86 0 0
1684278548 124 56.86 0 0
1684278549 130.89 56.86 0 0
1684278550 123.62 56.86 0 0
1684278551 124.19 56.86 0 0
1684278552 125.98 56.86 0 0
1684278553 126.61 56.93 1396.77 4409.68
1684278554 14.84 56.86 193.75 3778.12

Execution duration: 00:00:23.23
