1684195659 130.41 56.17 2288.5 39537.2
1684195669 130.05 56.29 2248.58 43184
1684195679 129.88 56.38 2258.2 42713.7
1684195689 130.51 56.46 2273.69 43756.7
1684195699 130.02 56.53 2281.88 43184.8
1684195709 121.86 56.65 13995.3 43044.9
1684195719 130.05 56.7 2327.8 43130.2
1684195729 129.66 56.64 2283.71 42869.1
1684195739 130.19 56.64 2280.35 43166.7
1684195749 130.02 56.64 2284.99 43198.4
1684195759 130.14 56.64 2307.13 43225.4
1684195769 129.7 56.64 2270.3 42529.3
1684195779 127.87 56.71 15636.3 42233.1
1684195789 130.48 56.64 2245.38 42921.5
1684195799 130.34 56.64 2258.73 42947.1
1684195809 129.76 56.64 2298.15 42936.2
1684195819 130.22 56.65 2295.52 43941.5
1684195829 129.65 56.65 2273.17 42176.8
1684195839 130.57 56.72 2323.44 43424.2
1684195849 129.16 56.74 17291.7 43368.2
1684195859 129.89 56.67 2277.76 42274.3
1684195869 129.66 56.67 2273.17 42933.8
1684195879 129.55 56.67 2288.82 42636
1684195889 129.65 56.67 2273.17 43422.1
1684195899 129.95 56.67 2322.73 43101.3
1684195909 123.03 56.73 15576.6 42834.7
1684195919 130.34 56.66 2297.76 43426.3
1684195929 130.02 56.66 2272.52 42573.1
1684195939 129.92 56.66 2270.57 42427.7
1684195949 129.85 56.66 2273.17 43093.5
1684195959 129.56 56.66 2299.32 43132.5
1684195969 129.84 56.66 2264.34 43201.2
1684195979 122.63 56.73 15833.7 41911.4
1684195989 129.95 56.66 2301.27 42968.2
1684195999 129.72 56.66 2295.52 43027.7
1684196009 130.41 56.66 2295.91 43224.6
1684196019 129.66 56.66 2272.78 43190.2
1684196029 129.37 56.66 2257.39 42492.8
1684196039 129.71 56.66 2304.74 42054.2
1684196049 122.94 56.73 16076.1 43356.1
1684196059 129.79 56.66 2277.76 42839.5
1684196069 129.56 56.66 2257.56 42226.3
1684196079 129.85 56.66 2248.19 42930.7
1684196089 129.6 56.66 2268.35 42668
1684196099 130.34 56.66 2298.15 43553.6
1684196109 130.54 56.66 2272.78 42746.5
1684196119 123 56.73 15892.4 43158.7
1684196129 129.56 56.66 2272.78 41541.5
1684196139 129.85 56.66 2273.17 42996.7
1684196149 129.61 56.66 2286.6 43012.8
1684196159 129.25 56.66 2264.34 42582.3
1684196169 129.63 56.66 2278.37 42813.7
1684196179 130.43 56.66 2298.15 43595.7
1684196189 128.95 56.73 15998.4 42539.2
1684196199 129.3 56.66 2278.15 42408.5
1684196209 130.4 56.66 2295.52 44558.3
1684196219 129.95 56.66 2298.15 43003.3
1684196229 130.1 56.66 2297.47 42359.6
1684196239 130.04 56.66 2298.15 43821.3
1684196249 122.93 56.73 15619.9 42960.8
1684196259 129.86 56.66 2273.17 42592.8
1684196269 129.53 56.66 2295.52 42879.9
1684196279 130.24 56.67 2273.17 42930.3
1684196289 129.56 56.74 2266.66 42803.9
1684196299 129.24 56.67 2246 42152.8
1684196309 130.21 56.67 2295.52 43355.2
1684196319 125.29 56.74 15906.2 42358.6
1684196329 130.41 56.67 2270.57 42936.1
1684196339 130.73 56.67 2273.17 42800.4
1684196349 129.89 56.67 2243.43 42009
1684196359 131.12 56.67 2251.31 42502.2
1684196369 130.9 56.67 2220.66 42482.7
1684196379 130.66 56.67 2228.63 42084.3
1684196389 125.92 56.74 16362.6 42747.4
1684196399 130.74 56.67 2273.17 42254.4
1684196409 129.92 56.67 2270.57 42455.8
1684196419 130.36 56.67 2259.94 42685.6
1684196429 130.24 56.67 2251.21 42638.4
1684196439 130.6 56.67 2331.78 43253
1684196449 130.09 56.67 2293.67 43272.8
1684196459 124.85 56.74 16541.6 42107.9
1684196469 129.66 56.67 2248.19 42784.8
1684196479 129.4 56.67 2277.76 42648.7
1684196489 129.9 56.67 2262.14 42911.1
1684196499 129.75 56.67 2272.78 42846.1
1684196509 129.95 56.67 2298.15 43033.8
1684196519 130.11 56.67 2270.57 42465.1
1684196529 127.68 56.74 16563.3 43366.9
1684196539 130.55 56.67 2291.05 43286
1684196549 129.44 56.67 2246 42100.2
1684196559 129.82 56.67 2295.52 42732.2
1684196569 130.02 56.67 2295.91 43069
1684196579 130.08 56.67 2300 43118.4
1684196589 130.12 56.67 2295.91 43095.5
1684196599 128.97 56.75 17265.6 43187.5
1684196609 130.37 56.68 2300.39 42838.3
1684196619 129.85 56.68 2297.76 43418.5
1684196629 129.7 56.68 2268.74 43449.3
1684196639 130.07 56.68 2300 43858.2
1684196649 129.75 56.68 2298.15 42481.9
1684196659 125.37 56.74 15423.2 42597.5
1684196669 129.85 56.67 2273.17 43084.1
1684196679 129.05 56.67 2270.57 42723.6
1684196689 129.94 56.67 2273.17 42931.5
1684196699 130.02 56.67 2270.96 42886.9
1684196709 128.61 56.67 2250.39 42741.8
1684196719 122.84 56.74 14404.7 42613.1
1684196729 129.72 56.67 2247.17 42813.3
1684196739 129.66 56.67 2273.17 42865.9
1684196749 129.58 56.67 2234.72 42933.5
1684196759 129.35 56.67 2264.34 42794.9
1684196769 129.82 56.67 2270.57 42879.1
1684196779 129.89 56.67 2300.39 42957.8
1684196789 127.9 56.74 15826.3 42808.2
1684196799 129.95 56.67 2298.15 42553
1684196809 129.53 56.67 2270.57 42677.2
1684196819 129.94 56.67 2298.15 42896
1684196829 129.76 56.67 2297.76 42389.1
1684196839 129.58 56.67 2250.39 42737.5
1684196849 124.88 56.74 15157.1 43084.1
1684196859 129.58 56.67 2241.64 43225.3
1684196869 129.4 56.67 2253 41970.6
1684196879 130.31 56.67 2295.91 42721.6
1684196889 130.41 56.73 2270.57 43326.7
1684196899 130.44 56.67 2252.09 42329.4
1684196909 130.95 56.67 2261.51 42627.1
1684196919 128.3 56.74 16637.7 42261.5
1684196929 129.95 56.67 2322.73 43354.5
1684196939 129.59 56.67 2278.15 43143.1
1684196949 129.57 56.67 2266.15 42128.4
1684196959 129.63 56.67 2320.86 42819.9
1684196969 130.02 56.67 2295.52 43646.8
1684196979 124.1 56.74 15552.4 43025.9
1684196989 129.76 56.67 2297.76 42732.5
1684196999 129.8 56.67 2293.67 42711.2
1684197009 130 56.67 2286.6 43139
1684197019 129.4 56.67 2278.15 42217.4
1684197029 129.83 56.67 2295.52 43167.6
1684197039 129.69 56.67 2278.15 43100.2
1684197049 126.51 56.74 16481.1 42679.9
1684197059 129.86 56.67 2266.15 42759.1
1684197069 129.25 56.67 2246 42092.8
1684197079 129.6 56.67 2277.76 42652.6
1684197089 130.34 56.67 2273.17 43479
1684197099 130.24 56.67 2297.76 43306.2
1684197109 129.93 56.67 2295.91 43713.1
1684197119 126.52 56.74 16888.3 41905.1
1684197129 129.53 56.67 2253.8 42868.2
1684197139 129.63 56.67 2245.61 42396.9
1684197149 129.95 56.67 2273.17 43692.5
1684197159 130.73 56.67 2272.78 43066.9
1684197169 129.56 56.67 2273.17 42555.3
1684197179 123.39 56.74 14699.4 42511.1
1684197189 129.85 56.67 2273.17 43031
1684197199 129.66 56.67 2247.8 42637.3
1684197209 130.18 56.74 2253.39 42967.9
1684197219 129.86 56.67 2272.78 42903.4
1684197229 129.68 56.67 2275.39 43065.6
1684197239 122.17 56.74 13718.1 42153.3
1684197249 129.11 56.67 2228.63 42461.5
1684197259 128.92 56.67 2253 42448.7
1684197269 130.34 56.67 2273.17 43302.6
1684197279 129.56 56.67 2272.78 42490.2
1684197289 130.05 56.67 2298.15 43936
1684197299 129.27 56.67 2272.78 41988.7
1684197309 124.98 56.74 15735.1 43124.5
1684197319 129.53 56.67 2295.52 43374.7
1684197329 129.41 56.67 2293.67 42830
1684197339 130.17 56.67 2300 43955.5
1684197349 129.15 56.67 2314.09 42443.5
1684197359 129.76 56.67 2273.17 43244.5
1684197369 129.41 56.67 2318.6 43282.6
1684197379 126.81 56.74 16660 42677.6
1684197389 128.81 56.67 2259.55 41991.8
1684197399 129.78 56.67 2275.39 43572.3
1684197409 129.36 56.67 2272.78 42704.4
1684197419 129.56 56.67 2273.17 42498.7
1684197429 129.07 56.67 2272.78 42889.8
1684197439 129.58 56.67 2284.77 42999.8
1684197449 127.22 56.74 17124.3 42780.1
1684197459 129.41 56.67 2268.74 43146.2
1684197469 129.21 56.67 2228.24 42168.3
1684197479 129.24 56.67 2246 42475.2
1684197489 129.6 56.67 2228.24 42095.6
1684197499 129.3 56.67 2278.15 42353.2
1684197509 130.12 56.67 2245.61 42407.8
1684197519 128.92 56.75 17210.5 42641.9
1684197529 128.98 56.68 2282.17 43296.9
1684197539 129.14 56.68 2295.91 42681.9
1684197549 128.98 56.68 2297.76 43155.1
1684197559 128.85 56.68 2270.96 42791.8
1684197569 129.73 56.68 2320.47 43343.1
1684197579 124.68 56.74 15574.2 42807.8
1684197589 129.05 56.67 2295.52 43584.4
1684197599 129.86 56.67 2273.17 43178.9
1684197609 128.88 56.67 2247.8 42633.8
1684197619 128.99 56.67 2266.54 42447.9
1684197629 129.73 56.67 2245.61 42691.2
1684197639 129.01 56.67 2253.39 42614.7
1684197649 126.11 56.74 16413.9 42591.9
1684197659 129.63 56.67 2270.96 42769.6
1684197669 129.26 56.67 2273.17 43737
1684197679 124.56 56.67 2153.97 41137.3
1684197689 129.3 56.67 2278.15 42309.9
1684197699 129.36 56.67 2297.76 43023.6
1684197709 119.94 56.72 14587.2 42131.5
1684197719 38.11 56.72 609.75 3724.76

Execution duration: 00:34:27.27
