1684230299 130.86 56.97 2262.9 40312.4
1684230309 129.96 56.9 2223.61 41511.4
1684230319 129.72 56.97 2209.09 42022.5
1684230329 130.03 56.9 2240.62 44340.9
1684230339 129.56 56.9 2248.19 42678.2
1684230349 129.41 56.9 2261.75 44533.2
1684230359 129.04 56.97 15905.5 44082.9
1684230369 129.95 56.9 2272.78 42916.7
1684230379 130.32 56.9 2270.96 43161.8
1684230389 130.24 56.9 2297.76 43368.2
1684230399 130.14 56.9 2248.19 42791.4
1684230409 129.77 56.9 2284.38 42322.4
1684230419 127.22 56.97 15477.1 43254.6
1684230429 130.01 56.97 2270.96 43116.2
1684230439 129.66 56.9 2272.78 43102.1
1684230449 130.11 56.9 2270.96 43407
1684230459 129.86 56.9 2272.78 42982.6
1684230469 129.73 56.9 2270.96 42879.1
1684230479 129.55 56.9 2265.5 42559.8
1684230489 128.22 56.97 16902 43957.5
1684230499 130.24 56.97 2272.78 43011.5
1684230509 129.96 56.9 2273.17 42681.4
1684230519 129.92 56.9 2270.57 43127.1
1684230529 129.82 56.9 2280.35 43444.7
1684230539 129.75 56.9 2297.76 42849.2
1684230549 123.03 56.9 0.39 43619.1
1684230559 129.53 56.97 17472.9 42730.2
1684230569 130.53 56.9 2252.87 42622.8
1684230579 130.35 56.97 2247.8 42698.2
1684230589 129.64 56.9 2264.34 43076.4
1684230599 130.24 56.9 2297.76 42954.9
1684230609 130.63 56.9 2248.19 42754.3
1684230619 129.63 56.9 2232.36 42853
1684230629 129.53 56.97 17727.5 43123.6
1684230639 129.47 56.9 2272.78 42329.4
1684230649 130.05 56.9 2251.21 44203.7
1684230659 130.15 56.9 2297.76 43244.9
1684230669 129.49 56.9 2280.08 42923.4
1684230679 129.86 56.9 2275.56 44769.9
1684230689 129.82 56.9 2295.91 43154.4
1684230699 129.26 56.97 17825.6 43291.7
1684230709 129.45 56.9 2239.46 42481.6
1684230719 129.39 56.9 2253 44027.5
1684230729 130.05 56.9 2298.15 43250.3
1684230739 130.14 56.9 2297.76 43320.6
1684230749 129.56 56.9 2273.17 42547.9
1684230759 129.82 56.9 2277.97 42969.6
1684230769 129.34 56.97 17645.2 44329.4
1684230779 130.09 56.9 2243.43 44160.1
1684230789 129.83 56.9 2246 42486.2
1684230799 129.87 56.9 2266.54 42949
1684230809 129.82 56.9 2270.57 42796.1
1684230819 129.77 56.9 2266.54 42887.2
1684230829 127.03 56.97 15511.4 42227.9
1684230839 129.82 56.97 2270.96 43225.3
1684230849 130.14 56.9 2297.76 44140.1
1684230859 129.66 56.9 2298.15 43776
1684230869 129.17 56.9 2272.78 43024
1684230879 129.66 56.9 2300.68 43879
1684230889 130.12 56.9 2270.57 43355.6
1684230899 128.12 56.97 17026.1 43675.8
1684230909 129.82 56.97 2245.61 43309.9
1684230919 129.68 56.9 2253.39 44297.1
1684230929 129.63 56.9 2272.13 42817.9
1684230939 130.16 56.9 2266.54 42870
1684230949 129.95 56.9 2272.78 42994.7
1684230959 122.41 56.97 15067.8 44813.5
1684230969 130.34 56.97 2247.8 43051.7
1684230979 129.92 56.9 2270.96 44609.4
1684230989 129.82 56.9 2270.57 45134.9
1684230999 129.36 56.9 2274.73 42240.4
1684231009 129.95 56.9 2272.78 43552
1684231019 129.34 56.9 2270.96 42115
1684231029 123.19 56.97 15594.2 44266.3
1684231039 129.46 56.97 2273.17 43301.8
1684231049 129.56 56.9 2272.78 42146.3
1684231059 129.79 56.9 2250.39 43652.3
1684231069 129.37 56.9 2250.82 44229.6
1684231079 129.47 56.9 2285.22 43950.9
1684231089 129.44 56.9 2270.57 42368.8
1684231099 122.62 56.97 16020.7 43017.9
1684231109 129.78 56.97 2275 43341.8
1684231119 129.66 56.9 2273.17 42404.3
1684231129 129.95 56.9 2247.8 43046.6
1684231139 129.28 56.9 2251.21 43951.7
1684231149 129.53 56.9 2295.52 44450.7
1684231159 129.63 56.9 2272.52 43005.8
1684231169 124.65 56.97 15887.7 42306.4
1684231179 130.05 56.97 2273.17 43285.1
1684231189 129.59 56.9 2259.94 44617.7
1684231199 130.04 56.9 2272.78 42757.8
1684231209 129.95 56.9 2273.17 45408.8
1684231219 129.85 56.9 2272.78 42885.5
1684231229 129.7 56.9 2293.67 42571
1684231239 125.64 56.97 16500.2 43512.7
1684231249 129.65 56.97 2273.17 43375.2
1684231259 129.47 56.9 2275.56 44117.5
1684231269 130.05 56.9 2273.17 45150.1
1684231279 130.05 56.9 2272.78 44698.5
1684231289 130.14 56.9 2248.19 43016.6
1684231299 122.59 56.97 14572.1 44109.8
1684231309 129.4 56.97 2243.82 42465.8
1684231319 129.88 56.9 2275 42961.7
1684231329 129.85 56.9 2273.17 42998.6
1684231339 129.98 56.9 2275 43134
1684231349 129.85 56.9 2273.17 43646.8
1684231359 129.64 56.9 2272.13 42372.7
1684231369 127.69 56.97 15763 44989.5
1684231379 129.37 56.97 2247.8 42574.1
1684231389 129.88 56.9 2250.39 42829.7
1684231399 130.05 56.9 2272.78 42505.4
1684231409 130.05 56.9 2273.17 44867.5
1684231419 129.27 56.9 2247.8 42556.1
1684231429 124.15 56.97 14857.6 43704
1684231439 129.4 56.97 2253 43897.5
1684231449 128.82 56.9 2228.63 43641.8
1684231459 130.14 56.9 2272.78 43781.5
1684231469 129.95 56.9 2273.17 43055.6
1684231479 129.45 56.9 2243.73 44148.5
1684231489 129.56 56.9 2265.37 42405.8
1684231499 129.05 56.97 16435.1 44868.6
1684231509 129.78 56.9 2250.39 44064.8
1684231519 130.27 56.9 2300 45026.2
1684231529 129.66 56.9 2273.17 43132.1
1684231539 129.75 56.97 2275.12 44900.3
1684231549 130.38 56.9 2274.19 44583.4
1684231559 125.97 56.97 15685.5 44126.6
1684231569 129.31 56.97 2268.35 43289.2
1684231579 129.88 56.9 2275.39 43097.7
1684231589 129.69 56.9 2275 43317.6
1684231599 129.88 56.9 2300.39 43080.5
1684231609 129.91 56.9 2263.3 45012.4
1684231619 129.65 56.9 2273.17 43076.3
1684231629 128.39 56.97 16750.4 44307.1
1684231639 129.86 56.97 2273.17 44796.1
1684231649 129.38 56.9 2266.15 44678.2
1684231659 129.95 56.9 2273.17 43589.8
1684231669 129.59 56.9 2284.38 43827
1684231679 129.88 56.9 2284.77 44950.9
1684231689 122.47 56.97 15395.3 42907.8
1684231699 130.08 56.97 2300.39 44721.9
1684231709 129.17 56.9 2272.78 42610.3
1684231719 129.39 56.9 2253.39 44381
1684231729 129.95 56.9 2297.76 44985.4
1684231739 129.15 56.9 2270.96 44095.5
1684231749 129.88 56.9 2253 44495.6
1684231759 122.65 56.97 15838.7 44196.5
1684231769 129.49 56.97 2253 44124.2
1684231779 129.4 56.9 2250.39 43334.4
1684231789 129.68 56.9 2253 44848
1684231799 129.46 56.9 2273.17 43175
1684231809 129.66 56.9 2297.76 44760.6
1684231819 129.58 56.9 2275.39 44221.1
1684231829 126.96 56.97 15751.6 43507.8
1684231839 129.59 56.97 2250.39 42479.3
1684231849 129.95 56.9 2247.8 44551
1684231859 129.78 56.9 2250.39 44300
1684231869 129.76 56.9 2272.78 43726.1
1684231879 129.68 56.9 2275.39 43161.3
1684231889 125.88 56.97 14862.1 44096.5
1684231899 129.66 56.97 2273.17 43987.9
1684231909 129.98 56.9 2275.39 43876.2
1684231919 130.12 56.9 2272.13 44741.1
1684231929 129.61 56.9 2286.99 44334.4
1684231939 130.24 56.9 2297.76 44841.4
1684231949 130.15 56.9 2273.17 45459.5
1684231959 128.38 56.97 16855 43646.8
1684231969 129.95 56.97 2273.17 44892.9
1684231979 129.66 56.97 2272.78 43765.8
1684231989 129.95 56.9 2273.17 44772.3
1684231999 129.26 56.9 2272.78 44279
1684232009 129.59 56.9 2300.39 44650.8
1684232019 121.76 56.97 15322.5 45218.3
1684232029 129.11 56.97 2253.39 43241
1684232039 129.49 56.9 2300 44853.5
1684232049 129.66 56.9 2248.19 44415.2
1684232059 129.76 56.9 2272.78 44077.3
1684232069 129.65 56.9 2298.15 44645.5
1684232079 129.69 56.9 2275 44403.9
1684232089 122.63 56.97 15630.6 44110.2
1684232099 129.49 56.97 2282.81 44997.7
1684232109 130.67 56.9 2250.39 44794.5
1684232119 130.51 56.9 2245.61 44772.7
1684232129 130.57 56.9 2250.39 44018.4
1684232139 130.93 56.9 2272.78 44128
1684232149 130.05 56.9 2298.15 44431.6
1684232159 124.02 56.97 15876.2 44530.9
1684232169 129.78 56.97 2275.39 44463.3
1684232179 129.49 56.9 2278.15 44289.8
1684232189 129.56 56.9 2298.15 44913.2
1684232199 129.38 56.9 2291.44 44746.3
1684232209 129.76 56.9 2272.78 45162.2
1684232219 129.88 56.9 2253.39 44070.8
1684232229 127.64 56.97 16403.1 44043
1684232239 129.59 56.97 2275.39 44325.8
1684232249 129.78 56.9 2275 44532
1684232259 130.04 56.9 2273.17 44983.8
1684232269 129.56 56.9 2272.78 44474.2
1684232279 129.27 56.9 2282.56 44481.8
1684232289 129.56 56.9 2237.27 44531.9
1684232299 129.46 56.97 17351 44045.7
1684232309 129.66 56.9 2272.78 44371.5
1684232319 129.34 56.9 2246 44864.3
1684232329 130.25 56.9 2297.76 45057.6
1684232339 129.68 56.9 2300.39 44662.9
1684232349 130.27 56.9 2300 45286.7
1684232359 107.61 56.95 15198.8 29338.1

Execution duration: 00:34:33.33
