1684255720 130.48 56.97 2260.18 39025.9
1684255730 130.51 56.9 2270.57 46265.5
1684255740 129.64 56.9 2277.2 42317.3
1684255750 130.48 56.9 2276.14 46016.4
1684255760 130.19 56.9 2293.67 44509.8
1684255770 122.14 56.94 13791.4 42960
1684255780 129.76 56.96 15976 42868.8
1684255790 130.18 56.89 2293.28 44643
1684255800 130.02 56.89 2295.91 44947.8
1684255810 129.92 56.89 2248.65 43693.1
1684255820 130.16 56.89 2268.1 44210.1
1684255830 129.83 56.89 2270.57 44377.8
1684255840 127.53 56.96 15475.9 42808.9
1684255850 129.52 56.96 2236.89 43365.8
1684255860 130.01 56.89 2270.96 44903.3
1684255870 129.92 56.89 2270.57 44757.5
1684255880 129.89 56.89 2268.74 44313.5
1684255890 130.22 56.89 2295.91 44393
1684255900 130.41 56.89 2297.08 45498.2
1684255910 128.79 56.96 17193 44271.2
1684255920 129.63 56.96 2270.57 43564.5
1684255930 129.78 56.89 2284.77 44347.6
1684255940 129.73 56.89 2245.61 44353.2
1684255950 130.02 56.89 2295.91 44588.7
1684255960 130.02 56.89 2295.52 44421.8
1684255970 121.75 56.96 15316.3 42416.2
1684255980 129.83 56.96 2295.52 43897.9
1684255990 129.92 56.89 2270.96 44507.2
1684256000 129.63 56.89 2245.61 44450.7
1684256010 129.92 56.89 2295.91 45081.1
1684256020 129.95 56.89 2272.78 44730.9
1684256030 129.99 56.89 2318.6 44683.2
1684256040 122.42 56.96 15807.4 44556.7
1684256050 129.87 56.96 2286.32 42556.7
1684256060 129.74 56.89 2263.95 44115.8
1684256070 129.65 56.89 2248.19 44492.9
1684256080 129.59 56.89 2277.76 42567.5
1684256090 130.06 56.89 2293 44714.8
1684256100 130.02 56.89 2295.52 44331.4
1684256110 122.03 56.96 15887.3 45236.3
1684256120 129.63 56.96 2270.57 44409.4
1684256130 129.79 56.89 2253.39 42383.8
1684256140 129.52 56.89 2261.75 42899.8
1684256150 129.95 56.89 2273.17 44477.3
1684256160 129.69 56.89 2302.51 42797.3
1684256170 130.19 56.89 2293.67 44986.9
1684256180 122.52 56.96 15778.2 44832
1684256190 129.73 56.96 2246 44151.7
1684256200 129.88 56.89 2253.39 42744.7
1684256210 129.82 56.89 2270.96 43549.7
1684256220 130.19 56.89 2268.74 44568.7
1684256230 129.92 56.89 2273.69 44562.6
1684256240 129.9 56.89 2293.67 43950.5
1684256250 128.65 56.96 15845.6 44155.6
1684256260 129.84 56.96 2264.34 43073.7
1684256270 130.41 56.89 2270.57 43328.3
1684256280 129.93 56.89 2246 43069
1684256290 129.83 56.89 2273.69 42909.9
1684256300 129.85 56.89 2275.95 42587.4
1684256310 122.16 56.94 15184.5 43362.5
1684256320 129.4 56.96 17457.8 42868.9
1684256330 130.29 56.96 2243.43 44011.7
1684256340 130.14 56.89 2223.22 43555.5
1684256350 129.82 56.89 2273.69 43992.2
1684256360 130.29 56.89 2268.74 43977
1684256370 129.82 56.89 2270.57 43651.5
1684256380 123.28 56.96 15462.5 43307.9
1684256390 130.41 56.96 2270.57 43099.8
1684256400 130.24 56.89 2273.17 43904
1684256410 130.41 56.89 2270.57 43520.1
1684256420 130.31 56.89 2275.64 43809.4
1684256430 129.6 56.96 2268.35 42969
1684256440 129.86 56.96 2275.95 42795
1684256450 124.46 56.96 16080.3 43686.6
1684256460 130.64 56.96 2291.44 43774.3
1684256470 130.02 56.89 2270.57 42811.7
1684256480 130.19 56.89 2268.74 42833.5
1684256490 130.13 56.89 2288.82 42623.9
1684256500 130.8 56.89 2299.03 43493.2
1684256510 130.51 56.89 2295.52 43363.3
1684256520 124.41 56.96 16414.4 43344
1684256530 129.52 56.96 2261.75 42088.5
1684256540 129.93 56.89 2264.34 42518.6
1684256550 130.22 56.89 2246 43058.5
1684256560 129.57 56.89 2275.56 41797.1
1684256570 129.65 56.89 2257.75 42872.1
1684256580 129.66 56.89 2275.56 42980.9
1684256590 126.51 56.96 16290.5 43019.9
1684256600 130.3 56.96 2295.52 43449.9
1684256610 129.92 56.89 2246 42655
1684256620 130.12 56.89 2295.52 44001.9
1684256630 129.92 56.89 2295.91 42299
1684256640 130.19 56.89 2293.28 42998.2
1684256650 130.3 56.89 2286.99 43262.9
1684256660 127.47 56.96 16932.8 42762.6
1684256670 129.66 56.96 2275.95 42626.9
1684256680 130.31 56.89 2298.64 43130.2
1684256690 129.63 56.89 2270.96 43140
1684256700 130.02 56.89 2295.52 42705.3
1684256710 130.11 56.89 2295.91 42638.6
1684256720 124.15 56.96 15044.2 42645.8
1684256730 129.83 56.96 2270.96 43183.6
1684256740 129.88 56.89 2228.24 42431.7
1684256750 130.01 56.89 2270.96 43433.9
1684256760 129.83 56.89 2270.57 42993
1684256770 129.95 56.89 2251.21 42256.6
1684256780 130.32 56.89 2262.38 43012.5
1684256790 128.92 56.96 16222.8 42908.7
1684256800 130.11 56.96 2270.57 42781.3
1684256810 130.15 56.89 2248.19 43232.4
1684256820 129.83 56.89 2270.57 42890.8
1684256830 129.72 56.89 2270.96 43009.4
1684256840 129.63 56.89 2245.61 42773.1
1684256850 126.71 56.96 15486.9 43070.2
1684256860 130.02 56.96 2245.61 41701.8
1684256870 129.71 56.89 2262.14 42892.8
1684256880 130.31 56.89 2295.52 43937.6
1684256890 129.89 56.89 2268.74 42452.2
1684256900 129.5 56.89 2268.74 42236.8
1684256910 123.1 56.96 14741.5 42927.9
1684256920 129.43 56.96 2270.96 42688.5
1684256930 129.52 56.89 2261.75 42991.5
1684256940 129.8 56.89 2286.99 42790.7
1684256950 130.07 56.89 2259.55 43032
1684256960 129.65 56.96 2260.85 41982.2
1684256970 131.38 56.89 2304.1 43462
1684256980 127.46 56.96 16099 42915.7
1684256990 130.61 56.96 2270.57 43189.1
1684257000 129.42 56.89 2255.57 42570.4
1684257010 129.99 56.89 2268.35 42508.3
1684257020 129.76 56.89 2275.95 43221.3
1684257030 129.72 56.89 2295.13 43126.3
1684257040 122.42 56.97 14985.9 42954.2
1684257050 130.05 56.97 2272.78 43128.6
1684257060 129.93 56.9 2270.96 41526.7
1684257070 129.89 56.9 2268.35 43232.7
1684257080 129.83 56.9 2270.96 43216.8
1684257090 130.28 56.9 2293.28 42246.5
1684257100 130.05 56.9 2273.17 43128.2
1684257110 124.26 56.96 15939.2 42774.3
1684257120 130.05 56.96 2273.17 42677.1
1684257130 130.09 56.89 2268.35 43129.1
1684257140 130.38 56.89 2293.67 42783.2
1684257150 130.02 56.89 2270.57 43224.9
1684257160 129.92 56.89 2270.96 42026.5
1684257170 130.21 56.89 2295.52 43437.4
1684257180 124.85 56.96 16453.4 43044.1
1684257190 129.83 56.96 2248.73 42558.7
1684257200 129.4 56.89 2235.11 42757.3
1684257210 129.89 56.89 2268.74 43052.4
1684257220 129.8 56.89 2243.43 42597.1
1684257230 129.73 56.89 2270.96 42947
1684257240 129.82 56.89 2247.17 42896.3
1684257250 129.64 56.96 16345.4 42998.4
1684257260 129.59 56.96 2228.24 42145.4
1684257270 129.92 56.89 2270.96 43427.7
1684257280 130.15 56.89 2250.82 42841
1684257290 130.07 56.89 2284.77 43030.1
1684257300 130.21 56.89 2270.57 43321.6
1684257310 128.36 56.96 15457.3 42947.8
1684257320 130.05 56.96 2272.78 42494.8
1684257330 129.89 56.89 2243.82 42128.5
1684257340 129.7 56.89 2268.35 43112
1684257350 130.02 56.89 2299.03 44083.8
1684257360 129.72 56.89 2270.57 42985.2
1684257370 123.22 56.96 15232 42936.6
1684257380 129.95 56.96 2247.8 42545.6
1684257390 129.65 56.89 2257.75 42213.2
1684257400 129.83 56.89 2270.57 42579.7
1684257410 129.37 56.89 2257.75 42393
1684257420 129.85 56.89 2297.76 43735.8
1684257430 130.02 56.89 2295.91 42893.6
1684257440 124.39 56.96 15897 43118.1
1684257450 129.28 56.96 2251.21 41865.5
1684257460 129.95 56.89 2272.78 43585.6
1684257470 129.99 56.89 2243.82 43176.2
1684257480 129.94 56.89 2282.56 42567.8
1684257490 129.99 56.89 2268.35 42098.2
1684257500 130.12 56.89 2295.91 43262.8
1684257510 124.85 56.96 16326.3 43062.4
1684257520 129.34 56.96 2270.96 42465.1
1684257530 129.19 56.89 2269.26 42472.8
1684257540 130.21 56.89 2295.91 43438.2
1684257550 129.7 56.89 2293.28 42482.6
1684257560 129.95 56.89 2275.95 43263.8
1684257570 130.44 56.89 2272.78 43036.1
1684257580 127.07 56.96 16453.4 41976.2
1684257590 129.5 56.96 2243.43 42698.7
1684257600 129.85 56.89 2282.56 42088
1684257610 129.99 56.89 2268.35 43288.8
1684257620 130.35 56.89 2291.44 43260.3
1684257630 129.74 56.89 2298.07 42957.5
1684257640 122.2 56.96 14760.3 43053.9
1684257650 129.92 56.96 2295.52 42891.2
1684257660 129.21 56.89 2268.74 42356.4
1684257670 130.12 56.89 2270.57 43620.7
1684257680 129.89 56.89 2268.74 42630.6
1684257690 129.73 56.89 2245.61 43068.6
1684257700 130.09 56.89 2293.67 42941.4
1684257710 123.39 56.96 15733.7 42425.3
1684257720 130.01 56.96 2295.91 42844.1
1684257730 129.79 56.89 2248.1 42673
1684257740 130.6 56.89 2295.91 43277.2
1684257750 130.24 56.89 2297.76 42798.1
1684257760 129.9 56.89 2293.67 43500.3
1684257770 130.12 56.89 2295.52 42807.8
1684257780 74.46 56.94 15218.3 16711.1

Execution duration: 00:34:30.30
