1684270787 115.08 56.86 0.76 20506.9
1684270792 119.27 56.93 3.05 35019.8
1684270797 121.18 56.86 0.76 42434.3
1684270802 122.71 56.86 0 46635.9
1684270807 123.09 56.86 0.76 48038.2
1684270812 123.24 56.86 0 48391.6
1684270817 124.62 56.86 0.76 52171.8
1684270822 124.57 56.86 0.76 52999.6
1684270827 124.76 56.86 0 52972.9
1684270832 124.62 56.86 0.76 53093.1
1684270837 125 56.86 0 53013
1684270842 124.38 56.86 0.76 52924.2
1684270847 125.95 56.86 0.76 56359.5
1684270852 126.1 56.86 0 57151.2
1684270857 126.1 56.86 0.76 57050.7
1684270862 125.47 56.86 0 56560
1684270867 125.95 56.86 0.76 57193.9
1684270872 126.34 56.93 0.76 57232.1
1684270877 125.33 56.86 0 54870.1
1684270882 123.81 56.86 0.76 48844.2
1684270887 122.1 56.86 0 44626.3
1684270892 122.29 56.86 0.76 44451.1
1684270897 123.81 56.86 0.76 49745.5
1684270902 123.28 56.86 0.76 47390.8
1684270907 119.47 56.86 0.76 34547.3
1684270912 118.51 56.86 0 32268.7
1684270917 120.76 56.86 0.76 41476.6
1684270922 123.05 56.86 0.76 46742.9
1684270927 123.68 56.86 0 50454.1
1684270932 124.81 56.86 0.76 52500
1684270937 121.72 56.86 0.75 43068.9
1684270942 120.95 56.86 0 40731.4
1684270947 121.18 56.86 0.76 42319.1
1684270952 120.95 56.86 0 42514.3
1684270957 120.95 56.86 0 42419.8
1684270962 120.42 56.86 0.76 40467.9
1684270967 119.06 56.86 0 36049.8
1684270972 118.86 56.86 0.76 35947.4
1684270977 119.85 56.86 0.76 37567.9
1684270982 120.76 56.86 0 41097.1
1684270987 120.95 56.86 0.76 41134.5
1684270992 120.38 56.86 0 40090.7
1684270997 120.19 56.86 0.76 38070.1
1684271002 120.04 56.86 0 37274.8
1684271007 119.48 56.86 0.75 36041.9
1684271012 120.04 56.86 0 36754.2
1684271017 118.73 56.86 0.75 34503.4
1684271022 119.62 56.86 0 36728.4
1684271027 118.32 56.86 0.75 33893.1
1684271032 118.7 56.86 0 34011.4
1684271037 118.89 56.86 0.76 33475.6
1684271042 118.34 56.86 0 33249.9
1684271047 118.7 56.86 0.76 32942
1684271052 118.67 56.86 0 33363.8
1684271057 117.92 56.86 0.75 31800.8
1684271062 118.29 56.86 0 32320
1684271067 117.94 56.86 0.76 30595.4
1684271072 118.32 56.86 0.76 31518.3
1684271077 118.48 56.86 0 32690.3
1684271082 118.89 56.86 0 33451.2
1684271087 118.86 56.86 0 33319.6
1684271092 118.7 56.86 0 32537.4
1684271097 118.89 56.86 0 33664.1
1684271102 118.7 56.86 0 33416
1684271107 119.27 56.86 0 34929.8
1684271112 119.47 56.86 0 34860.3
1684271117 118.86 56.86 0 34169.1
1684271122 119.43 56.86 0 35680
1684271127 118.67 56.86 0 34986.7
1684271132 118.67 56.86 0 34889.9
1684271137 119.08 56.86 0 34615.3
1684271142 118.7 56.86 0 33970.2
1684271147 118.73 56.86 0 34167.8
1684271152 118.67 56.86 0 33398.1
1684271157 119.24 56.86 0 35556.6
1684271162 118.48 56.86 0 34638.5
1684271167 118.32 56.86 0 34850.8
1684271172 119.27 56.86 0 35774.1
1684271177 119.27 56.86 0 35290.8
1684271182 117.9 56.86 0 33036.2
1684271187 118.48 56.86 0 34048
1684271192 58.29 56.93 7.62 47361.5

Execution duration: 00:06:51.51
