1684235071 130.76 56.97 2267.97 39366.8
1684235081 129.98 56.9 2275.78 42626.6
1684235091 130.18 56.9 2261.33 44310.9
1684235101 129.73 56.9 2273.69 42727.1
1684235111 129.5 56.9 2253.39 42605.8
1684235121 121.88 56.97 13975 43066.4
1684235131 129.82 56.97 2322.42 43284.2
1684235141 129.48 56.9 2266.15 42710.1
1684235151 129.95 56.9 2273.17 43646.8
1684235161 130.25 56.9 2298.15 43530.9
1684235171 129.78 56.9 2276.56 42907.8
1684235181 129.66 56.9 2248.19 43267.9
1684235191 127.29 56.97 15530.3 41908.6
1684235201 129.56 56.9 2273.17 42647.4
1684235211 130.02 56.9 2246 43599.2
1684235221 129.5 56.9 2253 42364
1684235231 129.95 56.9 2273.17 43475.9
1684235241 129.98 56.9 2275 43154.3
1684235251 129.73 56.9 2289.21 42426.4
1684235261 128.97 56.97 17241.4 42487.4
1684235271 130.4 56.9 2280.35 43608.5
1684235281 130.05 56.9 2272.78 43077.5
1684235291 129.52 56.9 2262.14 42485.4
1684235301 129.4 56.9 2277.76 42366.7
1684235311 130.08 56.9 2325.39 43631.2
1684235321 121.96 56.97 15440.4 43219.1
1684235331 129.51 56.97 2262.14 42286.2
1684235341 129.35 56.9 2265.5 42953.6
1684235351 129.59 56.9 2253.39 43079.3
1684235361 130.11 56.9 2302.25 42842.6
1684235371 130.14 56.9 2324.68 43792.4
1684235381 129.68 56.9 2325.39 43045.3
1684235391 122.45 56.97 15847.8 42855.8
1684235401 129.47 56.9 2298.15 42865.2
1684235411 129.56 56.9 2297.76 43007.6
1684235421 129.75 56.9 2273.17 43451.3
1684235431 129.98 56.9 2300 43256.2
1684235441 129.95 56.9 2301.27 43292.9
1684235451 129.88 56.9 2300 42916.8
1684235461 122.22 56.97 15846.6 42513.6
1684235471 129.57 56.97 2272.78 43280.8
1684235481 129.91 56.9 2308.9 43062.4
1684235491 129.98 56.9 2275 43771.5
1684235501 129.78 56.9 2300.39 43763.7
1684235511 129.6 56.9 2302.51 42334.6
1684235521 129.98 56.9 2300.39 43371.9
1684235531 123.03 56.97 15853.4 43439.8
1684235541 129.85 56.9 2273.17 42858.5
1684235551 129.29 56.9 2250 42929.3
1684235561 129.98 56.9 2275.39 43186.3
1684235571 129.88 56.9 2275 43329.7
1684235581 129.68 56.9 2281.24 42720.3
1684235591 129.75 56.9 2297.76 43230.1
1684235601 129.07 56.97 16036.3 43032.6
1684235611 129.46 56.9 2272.78 42837.1
1684235621 129.79 56.9 2300.39 43730.9
1684235631 130.15 56.9 2272.78 42991.6
1684235641 130.56 56.9 2303.52 43298.8
1684235651 129.65 56.9 2298.15 43485.3
1684235661 122.55 56.97 15568.8 43519.6
1684235671 129.88 56.9 2275.39 42959.8
1684235681 129.44 56.9 2270.57 42912.3
1684235691 129.95 56.9 2273.17 43291.3
1684235701 130.08 56.9 2276.56 43153.9
1684235711 131.58 56.9 2246 42184.4
1684235721 131.06 56.9 2193.57 42705.7
1684235731 125.76 56.97 15739.3 42459.7
1684235741 131.09 56.9 2220.66 42074.1
1684235751 130.51 56.9 2221.05 41686.9
1684235761 129.78 56.9 2228.24 42970.6
1684235771 130.17 56.9 2256.48 42080.8
1684235781 130.35 56.9 2272.78 42942.1
1684235791 130.05 56.9 2298.15 43236.3
1684235801 124.68 56.97 16222.4 42928.4
1684235811 130.05 56.9 2273.17 43263.2
1684235821 129.69 56.9 2300 43379.3
1684235831 129.88 56.9 2300.39 43440.2
1684235841 129.98 56.9 2300 43424.6
1684235851 129.59 56.9 2280.08 42594.9
1684235861 129.79 56.9 2293.28 43334
1684235871 124.7 56.97 16676.9 43386.7
1684235881 129.41 56.9 2268.35 42685.5
1684235891 129.59 56.9 2275.39 43583.6
1684235901 129.59 56.9 2277.76 42203.9
1684235911 129.46 56.9 2298.15 43783.8
1684235921 129.78 56.9 2302.51 42817.8
1684235931 130.08 56.9 2325.39 43269.9
1684235941 127.06 56.97 16601.6 43059.8
1684235951 129.36 56.9 2248.19 42789.8
1684235961 129.78 56.9 2275 43344.1
1684235971 129.69 56.9 2300.39 43039.1
1684235981 130.41 56.9 2270.57 42593.8
1684235991 130.14 56.9 2298.15 43361.6
1684236001 129.59 56.9 2300 43048.4
1684236011 128.03 56.97 17232.8 43303.5
1684236021 129.88 56.9 2275.39 43061.7
1684236031 130.24 56.97 2330.53 44010.9
1684236041 129.49 56.9 2275.39 42751.2
1684236051 129.5 56.9 2277.76 42954.3
1684236061 129.78 56.9 2300.39 43233.6
1684236071 125 56.97 15388.3 43503.5
1684236081 129.66 56.9 2298.15 42683.3
1684236091 129.76 56.9 2272.78 42505.8
1684236101 129.69 56.9 2275.39 43637.9
1684236111 129.6 56.9 2268.35 43177.8
1684236121 129.85 56.9 2273.17 42906.5
1684236131 122.54 56.97 14377.8 43339.7
1684236141 129.98 56.9 2253.52 42865.2
1684236151 129.98 56.9 2275 43185.9
1684236161 129.65 56.9 2248.19 42935.4
1684236171 129.85 56.9 2272.78 43660.9
1684236181 130.02 56.9 2295.91 42943.5
1684236191 130.05 56.9 2297.76 43402.5
1684236201 128.03 56.97 15917.2 43068.4
1684236211 129.58 56.9 2300 42439.4
1684236221 129.66 56.9 2273.17 43077.1
1684236231 130.08 56.9 2300 43682.4
1684236241 129.53 56.9 2270.96 42668.2
1684236251 129.66 56.9 2272.78 43482.5
1684236261 124.76 56.97 15099.8 42742.4
1684236271 129.63 56.9 2295.52 42885.4
1684236281 129.31 56.9 2268.74 42812.5
1684236291 130.06 56.97 2298.15 43718.6
1684236301 129.69 56.9 2300 42901.2
1684236311 130.05 56.9 2251.31 42926.1
1684236321 131.26 56.9 2277.7 43121.3
1684236331 128.29 56.97 16687.6 42617.8
1684236341 129.49 56.9 2275 42956.6
1684236351 130.08 56.9 2300.39 43530.1
1684236361 129.78 56.9 2275 43117.2
1684236371 130.24 56.9 2298.15 44119.4
1684236381 129.59 56.9 2275 42773.4
1684236391 124.22 56.97 15522.5 43106.6
1684236401 129.95 56.9 2322.73 43271.4
1684236411 129.29 56.9 2300.39 42898.4
1684236421 129.98 56.9 2300 43732.4
1684236431 129.33 56.9 2320.86 42855.8
1684236441 129.78 56.9 2325 43496.1
1684236451 129.88 56.9 2325.39 43152.3
1684236461 127.06 56.97 16620.3 44070.3
1684236471 129.3 56.9 2300.39 42075
1684236481 129.66 56.9 2297.76 43453.3
1684236491 129.66 56.9 2273.17 43236.7
1684236501 129.47 56.9 2297.76 43931.7
1684236511 129.68 56.9 2300.39 42886.3
1684236521 129.59 56.9 2300.39 43437.1
1684236531 127.13 56.97 17193.4 43756.5
1684236541 129.39 56.9 2253.52 42704.7
1684236551 129.39 56.9 2253 43113.7
1684236561 129.86 56.97 2273.17 43012.7
1684236571 130.04 56.9 2272.78 43639
1684236581 129.59 56.9 2275.39 43317.6
1684236591 124.05 56.97 14899.7 42659.2
1684236601 129.88 56.9 2300.39 43407.4
1684236611 129.75 56.9 2247.8 43738.2
1684236621 129.57 56.9 2273.17 42938.2
1684236631 129.37 56.9 2272.78 43200
1684236641 129.31 56.9 2278.15 42913.3
1684236651 123.74 56.97 14137.1 43525
1684236661 129.42 56.9 2255.57 42498
1684236671 129.49 56.9 2275 43102.3
1684236681 129.56 56.9 2273.17 43392.4
1684236691 129.27 56.9 2297.76 42968.6
1684236701 129.5 56.9 2296.79 43679.1
1684236711 129.39 56.9 2300 43089.8
1684236721 126.14 56.97 16206 43310.4
1684236731 129.36 56.9 2272.78 42865.9
1684236741 129.85 56.9 2298.15 43431.8
1684236751 129.53 56.9 2295.52 42902.1
1684236761 129.65 56.9 2323.12 43795.1
1684236771 129.88 56.9 2325.39 43398.1
1684236781 129.95 56.9 2297.76 43413.8
1684236791 127.52 56.97 16996.3 42378.9
1684236801 129.95 56.9 2297.76 43520.4
1684236811 129.48 56.9 2266.54 43135.8
1684236821 129.66 56.9 2297.76 43260.9
1684236831 129.85 56.9 2298.15 43437.3
1684236841 129.66 56.9 2272.78 43422.8
1684236851 129.86 56.9 2291.44 43486
1684236861 129.29 56.97 17585.2 42805.5
1684236871 130.64 56.9 2273.17 43094.6
1684236881 129.93 56.9 2273.69 42640.2
1684236891 129.98 56.9 2300.39 43255.9
1684236901 130.03 56.9 2313.7 43579.8
1684236911 129.56 56.9 2323.12 43340.1
1684236921 123.07 56.97 15641.4 43768.1
1684236931 129.56 56.9 2298.15 43151.2
1684236941 129.83 56.9 2320.47 43149.7
1684236951 129.46 56.9 2298.15 42835.5
1684236961 129.75 56.9 2322.73 44494.8
1684236971 129.49 56.9 2300.39 43248.4
1684236981 129.85 56.9 2297.76 42591.2
1684236991 127.22 56.97 16287.6 43712.4
1684237001 129.75 56.9 2272.78 43592.2
1684237011 129.88 56.9 2300.39 43369.5
1684237021 129.34 56.9 2270.57 42851.5
1684237031 129.88 56.9 2325.39 43311.7
1684237041 129.88 56.9 2300.39 43523.8
1684237051 129.56 56.9 2287.22 43301.5
1684237061 129.2 56.97 17364.8 43754.7
1684237071 129.56 56.9 2272.78 43021.7
1684237081 129.88 56.9 2281.64 43289.1
1684237091 128.89 56.9 2250.82 42250.4
1684237101 129.62 56.9 2305.13 43069.1
1684237111 129.66 56.9 2297.76 43127.4
1684237121 107.18 56.95 15166.6 29319.6

Execution duration: 00:34:23.23
