1684291495 116.92 56.86 3.08 350.77
1684291496 120.33 56.86 0 29.27
1684291497 119.05 56.86 0 0
1684291498 122.76 56.86 0 0
1684291499 122.83 56.86 0 0
1684291500 126.23 56.86 0 0
1684291501 124.39 56.93 0 0
1684291502 122.4 56.93 0 0
1684291503 121.6 56.86 0 0
1684291504 120 56.86 0 0
1684291505 128.46 56.86 0 0
1684291506 126.98 56.86 0 0
1684291507 121.6 56.86 0 0
1684291508 124.8 56.86 0 0
1684291509 125 56.86 0 0
1684291510 126.02 56.86 0 0
1684291511 127.56 56.86 0 0
1684291512 126.61 56.86 0 0
1684291513 128.46 56.86 0 0
1684291514 70.08 56.93 1477.17 5017.32

Execution duration: 00:00:23.23
