1684250877 118.4 56.87 0 1587.2
1684250878 119.2 56.87 0 614.4
1684250879 123.02 56.87 0 1269.84
1684250880 118.4 56.94 0 1177.6
1684250881 119.69 56.94 0 629.92
1684250882 124.8 56.87 0 640
1684250883 125.81 56.87 0 335.48
1684250884 124.39 56.87 3.25 32.52
1684250885 119.84 56.87 0 3.17
1684250886 117.46 56.87 0 0
1684250887 121.43 56.87 0 0
1684250888 123.02 56.87 0 0
1684250889 127.2 56.87 0 0
1684250890 126.83 56.87 0 0
1684250891 124 56.87 0 0
1684250892 124.39 56.87 0 0
1684250893 121.43 56.87 0 0
1684250894 127.2 56.94 1417.6 1436.8
1684250895 18.25 56.87 641.27 4222.22

Execution duration: 00:00:22.22
