1684280655 100.38 56.93 0 0
1684280660 100.19 56.86 6.12 46.65
1684280665 100.38 56.86 0 0
1684280670 100.38 56.86 0 0
1684280675 100.96 56.86 0 136.4
1684280680 100.19 56.86 0 0
1684280685 100.38 56.86 0 0
1684280690 100.57 56.86 0 0
1684280695 99.81 56.86 0 0
1684280700 100.19 56.86 0 0
1684280705 100.38 56.86 0 0
1684280710 100.38 56.86 0 0
1684280715 100.19 56.86 0 0
1684280720 100.38 56.86 0 0
1684280725 100.38 56.86 0 0
1684280730 100.19 56.86 0 0
1684280735 100.19 56.86 0 0
1684280740 100.38 56.86 0 0
1684280745 100.57 56.86 0 0
1684280750 100.38 56.86 0 0
1684280755 100.38 56.86 0 0
1684280760 100.38 56.86 0 0
1684280765 100.38 56.86 0 0
1684280770 100.38 56.86 0 0
1684280775 100.57 56.86 0 0
1684280780 100.57 56.86 0 0
1684280785 100.57 56.86 0 0
1684280790 100.38 56.86 0 0
1684280795 100.38 56.86 0 0
1684280800 100.38 56.86 0 0
1684280805 100.38 56.86 0 0
1684280810 82.38 56.93 0 0.77

Execution duration: 00:02:43.43
