1684266609 130.35 56.95 2254.12 38646.8
1684266618 129.65 56.88 2248.58 42244.3
1684266628 129.63 56.88 2274.08 43001.2
1684266638 130.34 56.88 2300.88 44894.8
1684266648 130.07 56.88 2303.52 43487.5
1684266658 122.36 56.95 14055.5 43817.2
1684266668 129.96 56.95 2273.17 43591.8
1684266678 129.56 56.88 2298.15 43587.9
1684266688 130.24 56.88 2323.12 43861.8
1684266698 130.12 56.88 2295.91 43907.2
1684266708 129.85 56.88 2297.76 43727.6
1684266719 129.89 56.88 2282.79 42749.7
1684266728 128.3 56.95 15851.3 43488.8
1684266738 129.76 56.88 2273.17 42589.7
1684266748 129.65 56.88 2272.78 43647.6
1684266758 129.47 56.88 2248.19 43149.3
1684266769 129.62 56.88 2279.96 42862.3
1684266778 130.14 56.88 2323.12 43803.3
1684266788 121.46 56.95 15293.3 42789.8
1684266798 129.66 56.95 2398.05 42894.8
1684266808 129.95 56.88 2324.29 43801.8
1684266818 130.24 56.88 2298.15 43678.1
1684266828 129.92 56.88 2295.52 43777
1684266838 129.96 56.95 2323.12 43344.4
1684266848 130.15 56.88 2297.76 43628.5
1684266858 123.62 56.95 15915.3 43451.7
1684266869 129.49 56.95 2277.76 42512.6
1684266878 129.68 56.88 2275.39 42571.5
1684266888 129.53 56.88 2270.57 42987.5
1684266898 129.73 56.88 2270.96 43244.1
1684266908 129.39 56.88 2301.56 43110.9
1684266918 129.47 56.88 2298.15 43125.8
1684266928 124.11 56.95 16313.3 43191.4
1684266938 129.43 56.95 2295.91 42810.9
1684266948 129.49 56.88 2300 43420.7
1684266958 129.56 56.88 2298.15 42955.7
1684266968 129.69 56.88 2300.39 43288.3
1684266978 129.69 56.88 2300.39 42855.5
1684266988 129.68 56.88 2300.39 43227.7
1684266999 124.08 56.95 16356.7 43910.2
1684267009 129.66 56.95 2298.15 43054.4
1684267019 129.76 56.88 2297.76 42855.8
1684267028 130.15 56.88 2273.17 43404.5
1684267038 129.58 56.88 2300 43201.2
1684267049 130.05 56.88 2323.12 43474.3
1684267059 129.56 56.88 2272.78 42843.3
1684267069 124.8 56.95 16456.2 43563.7
1684267079 129.44 56.95 2270.57 42863.2
1684267089 129.76 56.88 2273.17 43338.9
1684267099 129.27 56.88 2297.76 42211.9
1684267109 130.34 56.88 2323.12 44299.7
1684267119 129.53 56.88 2295.52 43062.4
1684267129 123.32 56.95 14389.5 43833
1684267139 129.46 56.95 2247.8 42425.8
1684267149 129.7 56.88 2286.99 43062.5
1684267159 129.46 56.88 2272.78 42414.8
1684267169 130.05 56.88 2323.12 43551.2
1684267179 129.65 56.88 2299.32 43175.8
1684267189 129.3 56.88 2275.39 42893.8
1684267199 123.98 56.95 16003.9 42404.7
1684267209 129.86 56.95 2273.17 43402.9
1684267219 129.26 56.88 2263.95 42950.1
1684267229 129.14 56.88 2246 42855
1684267239 129.43 56.88 2270.57 43572.7
1684267249 130.02 56.88 2295.91 42981.7
1684267259 129.56 56.88 2272.78 43093.8
1684267269 126.57 56.95 16304.5 42809.7
1684267279 129.54 56.95 2246 42452.2
1684267289 130.5 56.88 2270.57 43127.5
1684267299 129.62 56.88 2286.99 43176.7
1684267309 130.05 56.88 2299.32 43301.1
1684267319 129.38 56.88 2291.44 42957.6
1684267329 129.66 56.88 2322.73 43427.9
1684267339 127.9 56.95 17093.9 43117.3
1684267349 129.53 56.95 2270.57 43070.6
1684267359 129.47 56.88 2275.95 43190.7
1684267369 129.86 56.88 2297.76 43303.8
1684267379 129.54 56.88 2320.86 43246.8
1684267389 130.34 56.88 2352.39 43395.5
1684267399 129.85 56.88 2298.15 43480.6
1684267409 127.69 56.95 17542.3 43323.2
1684267419 129.82 56.95 2295.91 42787.9
1684267429 129.34 56.88 2270.57 43108.8
1684267439 129.31 56.88 2278.15 42571.4
1684267449 129.69 56.88 2277.76 42548.6
1684267459 129.63 56.88 2295.91 43347.8
1684267469 122.42 56.95 15263.9 43127.9
1684267479 129.64 56.95 2295.91 43163.3
1684267489 129.83 56.88 2320.47 42896.7
1684267499 129.99 56.88 2293.67 44142.9
1684267509 129.62 56.88 2279.96 43002.1
1684267519 130.21 56.88 2320.86 43550.5
1684267529 129.43 56.88 2295.52 43519.7
1684267539 123.86 56.95 15936.6 43545.9
1684267549 130.41 56.95 2295.91 42982.8
1684267559 129.89 56.88 2268.35 43513.5
1684267569 130.02 56.88 2295.91 43706.4
1684267579 129.95 56.88 2322.73 43455.2
1684267589 130.02 56.88 2320.86 43415.2
1684267599 129.46 56.88 2297.76 43260.1
1684267609 129.14 56.95 16481.5 43119.7
1684267619 129.73 56.88 2270.57 43153.6
1684267629 129.56 56.88 2275.95 42948.8
1684267639 129.06 56.88 2239.07 42602.1
1684267649 129.59 56.88 2278.15 42812
1684267659 129.36 56.88 2272.78 42743
1684267669 126.7 56.95 15511.9 43171.5
1684267679 129.44 56.95 2273.69 42587.1
1684267689 129.46 56.88 2248.19 43204.3
1684267699 129.76 56.88 2272.78 43052.1
1684267709 129.44 56.95 2246 42661.6
1684267719 129.47 56.88 2250.82 42858
1684267729 124.2 56.95 14777.8 43199.6
1684267739 130.22 56.95 2295.52 42902.9
1684267749 130.44 56.88 2323.12 43933.3
1684267759 130.21 56.88 2295.52 42394.2
1684267769 130.12 56.88 2295.91 43027.3
1684267779 129.85 56.88 2272.78 43108.3
1684267789 130.44 56.88 2298.15 43696
1684267799 129.17 56.96 16426.1 43299.9
1684267809 129.64 56.89 2270.96 42817.2
1684267819 129.73 56.89 2270.57 42404.3
1684267829 129.7 56.89 2293.67 43169.6
1684267839 130.34 56.89 2298.93 43736.2
1684267849 130.97 56.89 2299.9 43395.9
1684267859 126.14 56.95 15744.4 43132.9
1684267869 129.66 56.95 2297.76 42406.6
1684267879 129.83 56.88 2295.91 43308.4
1684267889 129.76 56.88 2300.29 43281.6
1684267899 129.85 56.88 2298.15 43543.4
1684267909 129.18 56.88 2275.56 42939.9
1684267919 129.86 56.88 2289.95 43351.4
1684267929 129.53 56.95 16959.5 43303.7
1684267939 130.11 56.88 2297.47 43230.8
1684267949 129.56 56.88 2297.76 42631.4
1684267959 129.95 56.88 2323.12 43610.5
1684267969 129.95 56.88 2322.73 43107.5
1684267979 129.64 56.88 2295.91 42897.5
1684267989 123.38 56.95 15554.8 42558.1
1684267999 129.54 56.95 2295.91 43102.1
1684268009 130.02 56.88 2313.7 43495.8
1684268019 129.58 56.88 2275.39 42790.2
1684268029 129.85 56.88 2297.76 43381.1
1684268039 130.05 56.88 2323.12 43486.4
1684268049 129.85 56.88 2300.29 43014.1
1684268059 123.78 56.95 16278.8 42359.8
1684268069 129.66 56.95 2272.78 42943.2
1684268079 129.65 56.88 2274.73 43563.7
1684268089 130.15 56.88 2272.78 43884.1
1684268099 129.73 56.88 2295.91 42650.3
1684268109 130.05 56.88 2297.76 43798.6
1684268119 129.95 56.88 2298.15 43626.5
1684268129 129.34 56.95 16320.1 43044.1
1684268139 129.85 56.88 2272.78 43272.6
1684268149 129.83 56.88 2264.34 43186.8
1684268159 129.4 56.88 2277.76 42603.5
1684268169 129.66 56.88 2273.17 43754.9
1684268179 129.2 56.88 2253 42602.3
1684268189 128.2 56.95 15497.4 43027.1
1684268199 129.56 56.88 2272.78 42912.4
1684268209 129.75 56.88 2248.19 42670.4
1684268219 129.59 56.88 2277.76 43231.3
1684268229 129.73 56.88 2295.91 43130.2
1684268239 129.78 56.88 2300 43190.2
1684268249 123.01 56.95 15270.2 43383.2
1684268259 129.53 56.95 2270.57 42570.4
1684268269 130.11 56.88 2295.91 42826.1
1684268279 130.15 56.88 2297.76 44633
1684268289 129.72 56.88 2295.91 43140.3
1684268299 130.29 56.88 2293.28 43884.7
1684268309 129.56 56.88 2298.15 43028.3
1684268319 124.45 56.95 15990.7 42698.4
1684268329 129.76 56.95 2298.15 43066.2
1684268339 129.56 56.88 2297.76 43450.5
1684268349 130.09 56.88 2293.67 43265.8
1684268359 129.75 56.88 2297.76 42967.8
1684268369 130.31 56.88 2270.96 42839.8
1684268379 129.73 56.88 2270.57 43432
1684268389 126.42 56.95 16601.2 42861.2
1684268399 130.34 56.95 2272.78 43063.4
1684268409 129.37 56.88 2251.21 42318.4
1684268419 129.92 56.88 2295.91 43678.4
1684268429 129.83 56.88 2322.03 43255
1684268439 130.05 56.88 2323.12 43889.6
1684268449 129.82 56.88 2320.47 43342.3
1684268459 128 56.95 16960 43458.3
1684268469 129.34 56.95 2295.52 43063.9
1684268479 129.82 56.88 2295.91 43232.4
1684268489 129.9 56.88 2318.21 43595.7
1684268499 130.05 56.88 2323.12 43486.1
1684268509 129.56 56.88 2297.76 43022.4
1684268519 123.68 56.95 15348.5 43079.1
1684268529 129.36 56.95 2272.78 43159.4
1684268539 129.67 56.88 2275.95 43462.4
1684268549 129.69 56.88 2300 43416.8
1684268559 129.82 56.88 2295.91 43661.6
1684268569 130.19 56.88 2293.28 43536.1
1684268579 129.66 56.88 2273.17 43388.1
1684268589 126.03 56.95 16432.4 42620.3
1684268599 129.14 56.95 2270.96 42742.7
1684268609 129.66 56.88 2300.29 43612.8
1684268619 129.27 56.88 2298.15 42826.9
1684268629 129.85 56.88 2322.73 44052.7
1684268639 129.85 56.88 2323.12 43821.7
1684268649 120.2 56.93 14670.1 42610.7
1684268659 33.95 56.93 528.39 3097.37

Execution duration: 00:34:17.17
