1684216457 131.12 56.99 2275.51 40152.2
1684216467 129.85 56.92 2248.58 43804.5
1684216477 129.4 56.92 2242.55 44082.4
1684216487 130.63 56.92 2299.32 45269.1
1684216497 130.15 56.92 2276.29 45277.7
1684216507 121.49 56.98 13881.9 44046.1
1684216517 129.89 56.98 2345.09 44676.5
1684216527 130.1 56.91 2261.75 44455.9
1684216537 130.34 56.91 2273.17 44578.7
1684216547 129.75 56.91 2273.17 44416
1684216557 129.98 56.91 2275 44655.9
1684216567 130.08 56.91 2300.39 45369.1
1684216577 127.74 56.98 15716.8 44535.6
1684216587 130.04 56.91 2298.15 44085.8
1684216597 129.56 56.91 2272.78 44950.6
1684216607 129.4 56.91 2278.15 44719.9
1684216617 130.34 56.91 2297.76 44697.8
1684216627 129.68 56.91 2291.44 44582.9
1684216637 130.14 56.91 2280.98 45118.4
1684216647 129.72 56.98 17427.2 43902.2
1684216657 129.58 56.91 2270.82 44664.2
1684216667 130.25 56.91 2273.17 45037.7
1684216677 129.95 56.91 2272.78 44875.3
1684216687 130.08 56.91 2275.39 44560.9
1684216697 130.44 56.91 2322.73 44290.3
1684216707 123.03 56.98 15620.3 44721.6
1684216717 130.18 56.98 2300 44669.9
1684216727 129.78 56.91 2275.39 44508.2
1684216737 129.39 56.91 2250 44277.7
1684216747 129.69 56.91 2278.15 44311
1684216757 130.25 56.91 2299.32 45091.9
1684216767 130.18 56.91 2300.39 44750.8
1684216777 123.35 56.98 16013.3 44651.6
1684216787 129.95 56.98 2298.15 44824.6
1684216797 129.59 56.91 2250 43179.3
1684216807 129.39 56.91 2253.39 44596.9
1684216817 129.36 56.91 2272.78 44318.8
1684216827 129.32 56.91 2255.57 43888.5
1684216837 129.27 56.91 2250.82 44134.9
1684216847 122.96 56.98 16091.8 45445.3
1684216857 129.85 56.98 2272.78 43655.8
1684216867 129.76 56.91 2298.15 43944.2
1684216877 130.17 56.91 2275.39 44361.3
1684216887 130.6 56.91 2270.57 44304.1
1684216897 129.62 56.91 2280.35 44350.8
1684216907 129.82 56.91 2279.96 44242.8
1684216917 124.02 56.98 15929.7 44378.9
1684216927 130.12 56.98 2270.57 44357.9
1684216937 129.39 56.91 2228.63 43916.1
1684216947 129.78 56.91 2253 44300.6
1684216957 130.37 56.91 2275.39 44776.2
1684216967 130.18 56.91 2275 44945.3
1684216977 129.95 56.91 2298.15 44672
1684216987 129.17 56.98 16035.9 44539.3
1684216997 129.85 56.91 2273.17 45028.3
1684217007 130.29 56.91 2293.28 45643.6
1684217017 129.75 56.91 2298.15 44474.5
1684217027 129.72 56.91 2306.29 44311.3
1684217037 130.57 56.91 2300.39 44928.1
1684217047 122.86 56.98 15635.1 44796.9
1684217057 130.21 56.98 2270.96 45020.7
1684217067 130.56 56.91 2275 44944.9
1684217077 130.05 56.91 2273.17 44506.2
1684217087 129.92 56.91 2295.52 45176.2
1684217097 129.82 56.91 2270.96 43837.8
1684217107 129.92 56.91 2245.61 45316.6
1684217117 124.95 56.98 15826.7 44488.6
1684217127 129.76 56.98 2272.78 43818.9
1684217137 130.17 56.91 2275.39 45060.2
1684217147 129.86 56.91 2273.17 44789.8
1684217157 129.85 56.91 2275.56 44000.4
1684217167 130.14 56.91 2299.71 45184.4
1684217177 129.76 56.91 2272.78 44306.3
1684217187 126.74 56.98 16594.3 44962.7
1684217197 129.66 56.98 2297.76 44177.6
1684217207 130.15 56.91 2273.17 44834.7
1684217217 129.86 56.91 2297.76 44339.1
1684217227 130.15 56.91 2298.15 45616
1684217237 130.15 56.91 2299.32 44360.6
1684217247 130.13 56.91 2289.21 44665.1
1684217257 126.25 56.98 17038 44243.5
1684217267 130.12 56.98 2295.91 44531
1684217277 130.14 56.91 2297.76 44703.2
1684217287 130.25 56.91 2266.54 44621.8
1684217297 130.47 56.91 2275 44557
1684217307 130.11 56.91 2320.86 44547.8
1684217317 129.82 56.91 2295.52 44575.8
1684217327 128.68 56.98 17027.5 44628.3
1684217337 129.85 56.91 2272.78 44200.2
1684217347 129.92 56.91 2246 44791.8
1684217357 129.78 56.91 2253 43578.7
1684217367 129.98 56.91 2300.39 44493.8
1684217377 130.27 56.91 2300 44796.9
1684217387 122.17 56.98 15457.8 44793.4
1684217397 130.41 56.98 2295.52 44591.8
1684217407 129.73 56.91 2270.96 44263.6
1684217417 129.75 56.91 2297.76 44706.3
1684217427 130.61 56.91 2295.91 45033.1
1684217437 130.4 56.91 2295.91 44596.5
1684217447 129.83 56.91 2264.34 44206.4
1684217457 127 56.98 15807.8 44788.3
1684217467 129.95 56.98 2272.78 44828.9
1684217477 129.89 56.91 2268.74 44326.4
1684217487 130.24 56.98 2247.8 44377.8
1684217497 130.16 56.91 2259.94 44458.6
1684217507 130.34 56.91 2272.78 45211.3
1684217517 124.39 56.98 14827.7 43979.7
1684217527 129.49 56.98 2257.64 42710.2
1684217537 129.95 56.91 2273.17 44243.1
1684217547 130.03 56.91 2245.61 44861.6
1684217557 129.76 56.91 2248.19 44762.2
1684217567 129.38 56.91 2216.34 44099.6
1684217577 130.14 56.91 2248.19 44791.8
1684217587 129.47 56.98 16226 44690.7
1684217597 129.83 56.91 2295.91 44035.9
1684217607 130.15 56.91 2297.76 44618.9
1684217617 130.12 56.91 2295.91 44630
1684217627 130.05 56.91 2272.78 44527.6
1684217637 130.53 56.91 2298.15 45295.6
1684217647 126.15 56.98 15606.6 44327.8
1684217657 129.56 56.98 2273.17 44429.3
1684217667 129.95 56.91 2257.36 43132.2
1684217677 130.41 56.91 2295.91 45216.8
1684217687 130.27 56.91 2301.56 44115.6
1684217697 131.64 56.91 2282.03 45195.3
1684217707 123.22 56.98 14793.8 43971.9
1684217717 130.48 56.98 2268.74 43725.8
1684217727 130.74 56.91 2247.8 43217.2
1684217737 130.76 56.98 2225.39 43831.6
1684217747 130.02 56.91 2270.57 44686.2
1684217757 129.64 56.91 2264.34 42464.9
1684217767 130.28 56.91 2286.99 43552.2
1684217777 124.78 56.98 15774.4 44154.9
1684217787 129.59 56.98 2282.79 42307.9
1684217797 129.86 56.91 2272.78 44209.6
1684217807 130.11 56.91 2280.35 43004.4
1684217817 130.24 56.91 2322.73 45134.1
1684217827 130.24 56.91 2298.15 45318.2
1684217837 130.11 56.91 2320.47 44239.8
1684217847 127.23 56.98 16679.4 44472.2
1684217857 129.65 56.98 2297.76 44482.7
1684217867 129.83 56.91 2295.91 44878
1684217877 130.24 56.91 2297.76 44819.5
1684217887 129.83 56.91 2270.96 44537.6
1684217897 129.72 56.91 2295.52 44290.8
1684217907 129.95 56.91 2273.17 44583.8
1684217917 127.48 56.98 17226.5 44228.1
1684217927 129.42 56.98 2233.88 42406.2
1684217937 129.6 56.91 2243.43 44652.4
1684217947 129.2 56.91 2253.39 42540
1684217957 130.05 56.91 2272.78 43767.4
1684217967 129.88 56.91 2228.63 42738.5
1684217977 124.56 56.98 14945.4 43838.6
1684217987 129.82 56.98 2246 44719.7
1684217997 129.66 56.91 2247.8 44232.2
1684218007 129.95 56.91 2273.17 44640.8
1684218017 129.95 56.91 2272.78 44594.7
1684218027 129.85 56.91 2273.17 44099.5
1684218037 123.49 56.98 14034.7 44948.5
1684218047 129.85 56.98 2273.17 44041.4
1684218057 129.59 56.91 2250 44584.8
1684218067 129.59 56.91 2253.39 42385.7
1684218077 129.76 56.99 2635.31 42664.2
1684218087 127.66 56.98 2253.39 41542.8
1684218097 129.95 56.91 2299.32 44069.5
1684218107 125.43 56.98 15915.8 43803.5
1684218117 130.63 56.98 2273.17 43725.7
1684218127 129.89 56.91 2268.35 42348.2
1684218137 129.66 56.91 2273.17 42791.8
1684218147 129.97 56.91 2291.05 42408.2
1684218157 129.89 56.91 2293.67 43100.3
1684218167 129.87 56.91 2266.15 42680.9
1684218177 126.57 56.98 16535.3 42861.1
1684218187 129.49 56.98 2277.76 41766.7
1684218197 129.96 56.91 2273.17 43223.4
1684218207 130.11 56.91 2270.57 43206.6
1684218217 130.27 56.91 2253.39 42758.2
1684218227 130.68 56.98 2261.75 42330.5
1684218237 130.99 56.91 2246 42590.6
1684218247 128.36 56.98 16939.4 42333.4
1684218257 130.05 56.98 2298.15 42888.2
1684218267 130.51 56.91 2245.61 42115
1684218277 131.88 56.91 2222.61 42311.5
1684218287 130.61 56.98 2245.61 43173.9
1684218297 129.69 56.91 2278.15 42573.3
1684218307 129.53 56.98 2270.57 42517
1684218317 129.17 56.98 17186.7 43660.1
1684218327 129.75 56.91 2272.78 42169.8
1684218337 129.3 56.91 2278.15 42513.7
1684218347 129.67 56.91 2291.05 43032.7
1684218357 129.78 56.91 2278.15 43273.1
1684218367 129.5 56.91 2268.35 42994.3
1684218377 124.98 56.98 15488.4 42521.8
1684218387 129.61 56.98 2286.6 43408.2
1684218397 129.45 56.91 2289.21 42333.5
1684218407 130.02 56.91 2295.52 43105.7
1684218417 129.85 56.91 2273.17 42638.8
1684218427 130.06 56.91 2266.15 43720.6
1684218437 129.43 56.91 2246 42505.7
1684218447 126.4 56.98 16354.7 42844.9
1684218457 129.82 56.98 2295.91 42980.1
1684218467 129.98 56.91 2275.39 43219.5
1684218477 130.05 56.91 2297.76 42481.2
1684218487 130.32 56.91 2295.91 43607
1684218497 130.44 56.91 2297.76 43332.7
1684218507 120.86 56.96 14656.1 41793
1684218517 35.02 56.96 551.42 2952.19

Execution duration: 00:34:27.27
