1684264495 130.68 56.96 2281.17 39506.8
1684264505 129.76 56.89 2273.56 42366.4
1684264515 129.47 56.89 2251.31 42781.3
1684264525 129.76 56.89 2278.65 43763.1
1684264535 130.05 56.89 2301.27 43394.7
1684264545 121.75 56.95 13988.7 42983.8
1684264555 129.85 56.95 2349.66 44065.6
1684264565 130.01 56.88 2279.96 42917.7
1684264575 129.98 56.88 2284.77 43233.4
1684264585 129.6 56.88 2293.67 42462.7
1684264595 129.75 56.88 2272.78 43845.5
1684264605 130.11 56.88 2322.42 43506
1684264615 127.71 56.95 15726.4 43208.6
1684264625 129.73 56.88 2295.91 42939.6
1684264635 129.56 56.88 2247.8 43480.6
1684264645 129.83 56.88 2270.96 42881.9
1684264655 129.92 56.95 2295.52 43046.4
1684264665 129.34 56.88 2295.91 42663.6
1684264675 130.02 56.88 2253.8 43949.7
1684264685 129.17 56.95 17416.6 42873.8
1684264695 129.45 56.88 2258.91 42728.3
1684264705 129.47 56.88 2275.95 43123.5
1684264715 129.85 56.88 2272.78 43171.5
1684264725 129.72 56.88 2295.91 43316.6
1684264735 130.02 56.88 2295.52 44019.5
1684264745 122.95 56.95 15707.4 43021.9
1684264755 129.63 56.95 2270.57 42786.3
1684264765 129.73 56.88 2270.96 43380.5
1684264775 130.44 56.88 2222.83 42974.4
1684264785 130.05 56.88 2273.17 42369.9
1684264795 130.15 56.88 2299.32 43260.5
1684264805 129.76 56.88 2298.15 43447
1684264815 122.99 56.95 15917.3 42361
1684264825 129.72 56.95 2320.86 44386
1684264835 128.8 56.88 2250.82 42057.6
1684264845 129.59 56.88 2302.9 43189.6
1684264855 130.08 56.88 2325 43575
1684264865 129.72 56.88 2320.86 43699.4
1684264875 129.75 56.88 2307.37 42999.2
1684264885 122.91 56.95 16285 43278
1684264895 129.92 56.95 2295.91 43055.4
1684264905 129.99 56.88 2268.35 43007.2
1684264915 129.44 56.88 2295.91 43010.1
1684264925 129.11 56.88 2243.43 42744.3
1684264935 129.18 56.88 2251.21 42766.8
1684264945 130.14 56.88 2322.73 43480.6
1684264955 123.71 56.95 16188.9 43134.8
1684264965 129.93 56.95 2320.47 43527.5
1684264975 129.95 56.88 2298.15 43451.3
1684264985 129.78 56.88 2300 43081.2
1684264995 130.31 56.88 2295.91 43468.2
1684265005 129.92 56.88 2320.47 43603.5
1684265015 122.64 56.95 14214.6 43435.3
1684265025 129.92 56.95 2295.52 43428.8
1684265035 129.24 56.88 2246 42827.7
1684265045 129.57 56.88 2275.56 42624.5
1684265055 130.21 56.88 2295.91 43988.3
1684265065 129.54 56.88 2273.69 43074.8
1684265075 129.88 56.88 2300.39 43544.5
1684265085 123.75 56.95 15961.8 43262.7
1684265095 129.27 56.95 2273.17 42406.6
1684265105 129.65 56.88 2297.76 43750.2
1684265115 129.92 56.88 2295.91 43197.3
1684265125 129.44 56.88 2295.52 43455.4
1684265135 129.76 56.88 2298.15 43549.7
1684265145 129.83 56.88 2295.52 43205.5
1684265155 126.61 56.95 16327.5 43389.5
1684265165 129.44 56.88 2270.96 42638.2
1684265175 129.43 56.88 2270.96 43052.2
1684265185 129.66 56.88 2273.17 43478.6
1684265195 130.15 56.88 2297.76 43793.6
1684265205 129.63 56.88 2270.96 42745.4
1684265215 129.75 56.88 2297.76 42970.9
1684265225 127.49 56.95 16977.4 43117.7
1684265235 129.63 56.88 2295.52 42514.6
1684265245 129.69 56.88 2300.39 43380.5
1684265255 129.85 56.88 2322.73 43887.6
1684265265 129.76 56.88 2348.1 43518.8
1684265275 130.02 56.88 2297.08 43855.4
1684265285 129.37 56.88 2300.68 43103.4
1684265295 127.78 56.95 17517.3 42575.4
1684265305 129.2 56.88 2278.15 42736.2
1684265315 129.65 56.88 2272.78 43190.6
1684265325 130.24 56.88 2298.15 43148.5
1684265335 129.66 56.88 2322.73 43330.3
1684265345 129.36 56.88 2298.15 43116.1
1684265355 122.1 56.95 15150.4 43309.7
1684265365 129.63 56.95 2320.86 43321.2
1684265375 129.56 56.88 2297.76 43311.6
1684265385 129.69 56.88 2302.9 43079.3
1684265395 129.46 56.88 2347.71 43581.7
1684265405 129.54 56.88 2295.91 43164.1
1684265415 129.24 56.88 2270.57 42560.2
1684265425 123.39 56.95 15837.7 43490.2
1684265435 129.17 56.95 2298.15 43031.4
1684265445 129.49 56.88 2275.39 43586.7
1684265455 129.54 56.88 2289.21 42452.1
1684265465 129.75 56.88 2297.76 43539.9
1684265475 130.14 56.88 2298.15 43674.9
1684265485 129.85 56.88 2297.76 43241.4
1684265495 128.58 56.95 16397.7 43630.1
1684265505 129.43 56.88 2245.61 42403.1
1684265515 130.05 56.88 2298.15 43760.8
1684265525 129.56 56.88 2322.73 43331.9
1684265535 129.82 56.88 2270.96 43465.9
1684265545 129.47 56.88 2272.78 42941.3
1684265555 126.14 56.95 15477.1 43481.8
1684265565 129.82 56.88 2272.13 43266.3
1684265575 129.69 56.88 2275.39 43135.9
1684265585 129.88 56.88 2275 43466.4
1684265595 129.85 56.88 2298.15 43655
1684265605 129.56 56.95 2297.76 42433.2
1684265615 123.9 56.95 14802.7 43565.7
1684265625 129.66 56.95 2297.76 43143.8
1684265635 129.86 56.88 2298.15 42939.3
1684265645 129.88 56.88 2300 43366
1684265655 129.85 56.88 2273.17 43336.2
1684265665 129.88 56.88 2302.51 42986.1
1684265675 130.21 56.88 2288.11 43947
1684265685 128.97 56.95 16454.2 42924.9
1684265695 129.65 56.88 2257.75 43001.2
1684265705 129.71 56.88 2279.96 43332.8
1684265715 129.65 56.88 2298.15 43210.5
1684265725 129.85 56.95 2323.9 43300.3
1684265735 131 56.88 2302.54 43685
1684265745 126.56 56.95 15834.8 42994.1
1684265755 129 56.88 2259.94 42685.6
1684265765 130.28 56.88 2275.39 43062.9
1684265775 130.02 56.88 2270.57 43794.9
1684265785 129.76 56.88 2298.15 43332.3
1684265795 129.86 56.88 2297.76 43249.6
1684265805 129.85 56.88 2264.98 43759.6
1684265815 129.46 56.95 16977.9 43084.5
1684265825 129.09 56.88 2275.95 42422.4
1684265835 129.85 56.88 2322.73 43293.3
1684265845 129.85 56.88 2323.12 43651.5
1684265855 129.78 56.88 2300 43143.4
1684265865 129.76 56.88 2323.12 43479.4
1684265875 123.32 56.95 15705 42616.2
1684265885 129.98 56.95 2278.15 43207
1684265895 130.05 56.88 2322.73 43339.3
1684265905 129.27 56.88 2273.17 43322.2
1684265915 129.69 56.88 2300 43426.2
1684265925 129.85 56.88 2323.12 43609
1684265935 129.78 56.88 2300 43966.4
1684265945 123.89 56.95 16227.1 43035.2
1684265955 129.02 56.95 2253 41834
1684265965 129.59 56.88 2280.08 43433.6
1684265975 129.49 56.88 2275 42925
1684265985 129.57 56.88 2273.17 43143.4
1684265995 129.88 56.88 2275.39 43643
1684266005 129.95 56.88 2248.19 43036.5
1684266015 129.14 56.95 16320.1 43819.9
1684266025 129.56 56.88 2272.78 42521.4
1684266035 129.37 56.88 2273.17 43225.8
1684266045 129.78 56.88 2275 43941
1684266055 129.69 56.88 2325.39 42698.1
1684266065 129.66 56.88 2247.8 43561.8
1684266075 128 56.95 15497.4 42457
1684266085 129.46 56.88 2247.8 43159.8
1684266095 129.95 56.88 2273.17 43874.7
1684266105 129.53 56.88 2295.52 43379.7
1684266115 129.85 56.95 2298.15 43749.5
1684266125 129.68 56.88 2303.12 43508.2
1684266135 122.75 56.95 15346.9 43101.9
1684266145 129.21 56.95 2253 42288.6
1684266155 129.9 56.88 2286.99 43111.8
1684266165 130.43 56.88 2322.73 43895.8
1684266175 129.56 56.88 2323.12 43363.5
1684266185 129.68 56.88 2325 43639.1
1684266195 129.82 56.88 2295.91 43183.2
1684266205 125.44 56.95 16105.2 43562.1
1684266215 129.36 56.95 2298.15 43016.2
1684266225 129.44 56.88 2245.61 43140.3
1684266235 129.1 56.88 2253.39 42613.2
1684266245 129.49 56.88 2277.76 42995.7
1684266255 129.49 56.88 2275.39 43451.9
1684266265 129.89 56.88 2253 42801.9
1684266275 125.76 56.95 16717.3 42975.6
1684266285 129.75 56.88 2298.15 43162.5
1684266295 129.4 56.88 2278.15 43692.5
1684266305 129.56 56.88 2299.71 43155.5
1684266315 132.62 56.96 3149.22 43836.3
1684266325 129.33 56.88 2262.14 43317.3
1684266335 129.56 56.88 2297.76 43714.3
1684266345 127.71 56.95 17010 43221.8
1684266355 129.66 56.88 2297.76 42808.2
1684266365 129.69 56.88 2300.39 43613.3
1684266375 129.88 56.88 2300 43652.3
1684266385 130.08 56.88 2327.66 43280.8
1684266395 129.92 56.88 2270.57 43383.2
1684266405 123.59 56.95 15279.3 42798.8
1684266415 129.63 56.95 2295.52 42947.8
1684266425 129.24 56.88 2246 42774.3
1684266435 129.88 56.88 2275 43307
1684266445 129.66 56.88 2273.17 42864.8
1684266455 129.58 56.88 2300 43528.1
1684266465 129.27 56.88 2285.66 42650.5
1684266475 125.76 56.95 16423.4 42868.7
1684266485 129.85 56.88 2273.17 43345.6
1684266495 129.75 56.88 2297.76 43532.5
1684266505 129.6 56.88 2300.39 43644.5
1684266515 129.88 56.88 2300 43042.2
1684266525 129.58 56.88 2284.77 42869.1
1684266535 120.39 56.93 14649 42409
1684266545 35.54 56.93 550.29 3431.46

Execution duration: 00:34:17.17
