1684260216 117.74 56.87 0 283.87
1684260217 117.91 56.87 2.99 29.85
1684260218 119.69 56.87 0 3.15
1684260219 119.84 56.87 0 0
1684260220 120.47 56.87 0 0
1684260221 122.4 56.94 0 0
1684260222 120.97 56.87 0 0
1684260223 118.11 56.87 0 0
1684260224 121.43 56.87 0 0
1684260225 121.6 56.87 0 0
1684260226 122.22 56.87 0 0
1684260227 124.41 56.87 0 0
1684260228 130.65 56.87 0 0
1684260229 132.8 56.87 0 0
1684260230 126.61 56.87 0 0
1684260231 130.65 56.87 0 0
1684260232 129.84 56.87 0 0
1684260233 124.8 56.87 0 0
1684260234 79.69 56.94 1406.25 4062.5

Execution duration: 00:00:22.22
