1684230054 105.15 56.95 0 0
1684230059 105.71 56.95 6.86 46.48
1684230064 105.34 56.95 0 0
1684230069 105.53 56.95 0 0
1684230074 105.71 56.95 0 0
1684230079 105.53 56.95 0 0
1684230084 104.72 56.95 0 0
1684230089 106.11 56.95 0 0
1684230094 105.14 56.95 0 0
1684230099 105.14 56.95 0 0
1684230104 105.54 56.95 0 0
1684230109 105.34 56.95 0 0
1684230114 105.33 56.95 0 0
1684230119 105.33 56.95 0 0
1684230124 105.14 56.95 0 0
1684230129 105.73 56.95 0 0
1684230134 106.3 56.95 0 0
1684230139 106.49 56.95 0 0
1684230144 105.53 56.95 0 0
1684230149 105.53 56.95 0 0
1684230154 105.33 56.95 0 0
1684230159 105.15 56.95 0 0
1684230164 104.94 56.95 0 0
1684230169 103.17 56.95 0 0
1684230174 105.72 56.95 0 0
1684230179 103.55 56.95 0 0
1684230184 105.34 56.95 0 0
1684230189 105.73 56.95 0 0
1684230194 105.33 56.95 0 0
1684230199 105.34 56.95 0 0
1684230204 107.06 56.95 0 0
1684230209 106.12 56.95 0 0
1684230214 105.53 56.95 0 0
1684230219 105.34 56.95 0 0
1684230224 105.52 56.95 0 0
1684230229 105.14 56.95 0 0
1684230234 105.34 56.95 0 0
1684230239 58.39 56.95 0 0

Execution duration: 00:03:11.11
