1684276139 130.87 56.95 2311.98 40861.5
1684276149 129.98 56.88 2300.78 42529.7
1684276159 130.93 56.88 2301.27 43880.6
1684276169 129.54 56.88 2291.93 42878.5
1684276179 130.34 56.88 2323.12 43326.8
1684276189 122.03 56.95 14114.6 42803.1
1684276199 130.15 56.95 2273.17 44084.7
1684276209 129.65 56.88 2274.73 42925.3
1684276219 129.56 56.88 2250.82 42604.1
1684276229 130.24 56.88 2298.15 43260.1
1684276239 130.05 56.88 2274.34 43774.4
1684276249 130.63 56.88 2298.15 43504
1684276259 128.58 56.95 15876.3 43473.6
1684276269 129.56 56.95 2273.17 42520.2
1684276279 129.66 56.88 2275.56 42548.8
1684276289 130.14 56.88 2323.12 43995.7
1684276299 129.43 56.88 2295.52 43546.6
1684276309 129.92 56.88 2295.91 43140.3
1684276319 122.39 56.95 15401.4 43297
1684276329 130.02 56.95 2322.42 43513.4
1684276339 129.75 56.88 2297.76 42942.1
1684276349 130.08 56.88 2275.39 43166.4
1684276359 129.37 56.88 2250.82 42923.3
1684276369 128.98 56.88 2275.95 42632.7
1684276379 129.55 56.88 2313.7 42583.1
1684276389 123.61 56.95 15866.9 43481
1684276399 130.05 56.95 2297.76 42951.8
1684276409 129.46 56.88 2299.71 42916.7
1684276419 129.73 56.95 2270.57 43572.3
1684276429 129.75 56.88 2323.12 43089.2
1684276439 129.63 56.88 2295.52 43983.2
1684276449 129.95 56.88 2323.12 43602.7
1684276459 123.99 56.95 16370.7 42328.6
1684276469 129.85 56.95 2298.15 43355.7
1684276479 130.4 56.88 2295.91 43732.2
1684276489 129.85 56.88 2273.17 43121.2
1684276499 129.98 56.88 2300.39 42878.5
1684276509 129.83 56.88 2322.03 43834.3
1684276519 129.63 56.88 2297.47 42346.2
1684276529 124.37 56.95 16457.3 43199.6
1684276539 129.66 56.95 2273.17 42657.2
1684276549 129.56 56.88 2250.82 42641.6
1684276559 129.95 56.88 2323.12 43614.4
1684276569 130.25 56.88 2297.76 43513
1684276579 130.15 56.88 2323.12 43509.5
1684276589 129.72 56.88 2320.47 43678.4
1684276599 125.56 56.95 16563.5 43281.6
1684276609 129.95 56.95 2272.78 42941.3
1684276619 129.85 56.88 2298.15 42941.7
1684276629 129.92 56.88 2320.47 44366.9
1684276639 129.88 56.88 2300.39 43388.3
1684276649 129.85 56.88 2297.76 43182.8
1684276659 124.01 56.95 14587.7 43965.3
1684276669 129.65 56.95 2297.76 42635.3
1684276679 129.36 56.88 2248.19 42846.4
1684276689 129.57 56.88 2275.56 42761.7
1684276699 130.35 56.88 2291.44 43394.9
1684276709 129.65 56.88 2297.76 42921.4
1684276719 129.96 56.88 2298.15 43067.7
1684276729 125.17 56.95 16367.6 43422.4
1684276739 129.17 56.95 2248.19 42774.6
1684276749 129.54 56.88 2248.65 42925.5
1684276759 130.04 56.88 2257.75 43234.1
1684276769 130.02 56.88 2270.96 43019.9
1684276779 130.08 56.88 2326.56 43153.5
1684276789 130.44 56.88 2273.17 43137.6
1684276799 127.78 56.95 16621.8 43151.3
1684276809 129.56 56.95 2273.17 42753.9
1684276819 129.66 56.88 2247.8 42356.7
1684276829 129.85 56.88 2298.15 43111
1684276839 129.63 56.88 2295.52 43834.7
1684276849 129.68 56.88 2301.95 42869.5
1684276859 130.04 56.88 2322.73 44229.8
1684276869 128.49 56.95 17295.2 42686.8
1684276879 129.18 56.88 2250.82 42435.6
1684276889 129.66 56.88 2275.95 43326
1684276899 129.33 56.88 2295.52 42771.9
1684276909 129.95 56.88 2298.15 43242.2
1684276919 130.04 56.88 2347.71 43505.2
1684276929 129.63 56.88 2272.52 43210.1
1684276939 128.59 56.95 17734.2 43045.5
1684276949 129.72 56.88 2320.86 43133.7
1684276959 129.93 56.88 2295.52 43134.1
1684276969 129.7 56.88 2293.67 43219.1
1684276979 129.85 56.88 2322.73 43949.3
1684276989 130.18 56.88 2327.66 43538.1
1684276999 124.05 56.95 15523.3 43355
1684277009 130.38 56.95 2293.67 44001.6
1684277019 130.05 56.88 2299.32 42883.5
1684277029 129.88 56.88 2300.39 43691.4
1684277039 130.15 56.88 2297.76 43723.7
1684277049 130.04 56.88 2323.12 43221.1
1684277059 129.84 56.95 2314.09 43713.1
1684277069 125.14 56.95 16350.5 43594.2
1684277079 129.78 56.95 2325.39 43535.9
1684277089 129.95 56.88 2297.76 43546.2
1684277099 129.85 56.88 2323.12 43532.5
1684277109 129.98 56.88 2301.56 43463.7
1684277119 129.9 56.88 2305.13 43587.2
1684277129 122.22 56.95 14586.4 43098.6
1684277139 129.73 56.95 2270.96 42706
1684277149 129.89 56.88 2275 42644.9
1684277159 130.24 56.88 2298.15 43762.7
1684277169 129.85 56.88 2297.76 43266.3
1684277179 130.41 56.88 2295.91 43451.5
1684277189 129.95 56.88 2272.78 42947.9
1684277199 127.84 56.95 15870.7 43378.8
1684277209 129.65 56.95 2297.76 43343.2
1684277219 129.98 56.88 2279.69 43246
1684277229 130.05 56.88 2297.76 44139.3
1684277239 129.83 56.88 2295.91 43535.3
1684277249 129.65 56.88 2297.76 43220.7
1684277259 125.46 56.95 15302.2 42729.4
1684277269 129.64 56.95 2295.91 43002.7
1684277279 129.3 56.88 2268.35 43375.7
1684277289 129.17 56.88 2273.17 43242.5
1684277299 129.68 56.88 2253 42854.2
1684277309 129.95 56.88 2275.95 43183.8
1684277319 122.32 56.95 14613.6 43239
1684277330 129.57 56.95 2275.95 42611.8
1684277339 129.56 56.88 2272.78 42983.8
1684277350 129.37 56.88 2251.21 43082.9
1684277359 130.27 56.88 2277.76 43092.5
1684277369 129.72 56.95 2296.69 42981.7
1684277379 131.31 56.88 2307.13 44096
1684277389 127.47 56.95 16137.9 42094.4
1684277399 129.99 56.95 2293.28 43681.4
1684277409 129.63 56.88 2270.96 43046.4
1684277419 130.05 56.88 2272.78 43084.1
1684277429 129.55 56.88 2298.15 43607
1684277439 129.95 56.88 2297.76 43611.3
1684277449 122.84 56.95 15176.2 43322.5
1684277459 129.63 56.95 2295.52 42834.3
1684277469 129.82 56.88 2295.91 43317
1684277479 130.05 56.88 2322.73 43756.9
1684277489 130.54 56.88 2323.12 43803.7
1684277499 130.24 56.88 2322.73 43607.8
1684277509 129.95 56.88 2298.15 43207.4
1684277519 125.63 56.95 16214 43231.6
1684277529 129.66 56.95 2297.76 42592.4
1684277539 129.56 56.88 2273.17 43273.8
1684277549 130.18 56.88 2300 43564.1
1684277559 129.73 56.88 2295.91 43408.2
1684277570 129.37 56.88 2275.56 43052.8
1684277579 129.46 56.88 2273.17 42810.5
1684277589 126.35 56.95 16843.7 43006.1
1684277599 129.29 56.95 2275.39 43220.3
1684277610 129.42 56.88 2255.18 42554.9
1684277619 129.78 56.88 2300.39 43691.8
1684277629 129.66 56.88 2272.78 42992.4
1684277639 129.95 56.88 2298.15 44329.8
1684277649 122.64 56.95 14687.2 42901.1
1684277659 129.34 56.95 2246 42538.8
1684277669 129.85 56.88 2297.76 43469.7
1684277679 129.56 56.88 2273.17 43296.8
1684277690 129.76 56.88 2275.56 42947.2
1684277699 130.14 56.88 2298.15 43915.3
1684277709 122.42 56.95 13835.1 42914.2
1684277719 129.69 56.95 2275.39 43173.4
1684277729 129.05 56.88 2245.61 42434.7
1684277740 129.69 56.88 2253.39 43289.4
1684277749 129.36 56.88 2298.15 43392.8
1684277760 129.6 56.88 2302.51 42613.5
1684277769 129.75 56.88 2298.15 43277.7
1684277779 125.75 56.95 15955.9 44034.3
1684277789 129.56 56.95 2301.27 42814.4
1684277799 129.85 56.88 2297.76 43132.9
1684277809 129.37 56.88 2298.15 43887.6
1684277819 129.66 56.88 2297.76 43100.5
1684277829 130.24 56.88 2298.15 44094.1
1684277839 129.92 56.88 2320.47 43268.6
1684277849 127.61 56.95 16846.4 43414.2
1684277859 129.76 56.95 2272.78 43054.1
1684277869 129.83 56.88 2295.91 43265.1
1684277879 129.88 56.88 2300 43156.2
1684277889 130.18 56.88 2275.39 43098.8
1684277900 129.61 56.88 2268.35 43529.5
1684277909 130.24 56.88 2298.15 43072
1684277920 128.66 56.95 17256.5 43291
1684277930 130.03 56.95 2264.34 43055.8
1684277939 129.76 56.88 2272.78 43074.3
1684277950 129.73 56.88 2295.91 42780.9
1684277959 130.05 56.88 2322.73 44094.1
1684277970 129.63 56.88 2297.47 43209.4
1684277980 121.93 56.95 15396.1 43211.3
1684277990 129.24 56.95 2270.96 43051.5
1684278000 129.5 56.88 2302.9 42928.1
1684278010 129.6 56.88 2318.21 43618.3
1684278020 130.05 56.88 2348.1 43737.4
1684278030 129.76 56.88 2322.73 43249.2
1684278040 129.27 56.88 2275.95 43110.7
1684278050 126.37 56.95 15981.5 42763.3
1684278060 129.63 56.95 2295.91 43182.5
1684278070 129.58 56.88 2275 42993.8
1684278080 129.95 56.88 2273.17 43785
1684278090 129.36 56.88 2297.76 43605.8
1684278100 129.85 56.88 2298.15 43544.6
1684278110 129.85 56.88 2297.76 43227.3
1684278120 128.27 56.95 17206.2 43102.5
1684278130 130.05 56.88 2297.76 43553.2
1684278140 130.31 56.88 2270.96 43312.3
1684278150 129.36 56.88 2322.73 42929.6
1684278160 129.8 56.88 2293.67 42743.5
1684278170 130.24 56.88 2300.88 44050.7
1684278180 110.33 56.93 15193.4 30040.9

Execution duration: 00:34:13.13
