1684199901 130.06 56.75 2261.48 39201.6
1684199911 129.69 56.68 2253.77 42407.3
1684199921 129.47 56.68 2285.66 42824.6
1684199931 129.79 56.68 2254.55 44077.8
1684199941 130.02 56.68 2284.99 43169.2
1684199951 121.33 56.74 13950.1 42911
1684199961 130.12 56.75 2345.81 42879.9
1684199971 130.44 56.68 2197.85 42278.2
1684199981 130.46 56.68 2203.87 42150.9
1684199991 129.85 56.68 2297.76 42517.5
1684200001 129.34 56.68 2270.96 43405.1
1684200011 128.81 56.68 2266.15 41935.6
1684200021 126.83 56.75 15557.8 43174.2
1684200031 129.2 56.68 2253.39 42544.3
1684200041 129.39 56.68 2300 42442.6
1684200051 129.56 56.68 2273.17 43230.1
1684200061 129.56 56.68 2297.76 42835.5
1684200071 129.43 56.68 2270.96 43131.4
1684200082 129.18 56.68 2275.56 42245
1684200091 128.26 56.75 17175 43397.7
1684200101 129.46 56.68 2302.44 42791
1684200111 129.24 56.68 2270.96 43229.6
1684200121 129.53 56.68 2295.52 42690.1
1684200131 129.34 56.68 2295.91 42247.2
1684200142 129.57 56.68 2275.56 43480.6
1684200151 121.64 56.75 15402.3 42905.3
1684200161 128.78 56.75 2297.76 41861.1
1684200171 129.46 56.68 2298.15 43107.1
1684200181 129.43 56.68 2270.57 43247.6
1684200191 129.17 56.68 2298.15 42791.4
1684200202 129.5 56.68 2279.31 42601.9
1684200211 129.44 56.68 2295.91 43255.8
1684200222 122.17 56.76 15700.3 42726
1684200231 129.36 56.76 2273.17 42559.2
1684200241 129.36 56.69 2272.78 42477.7
1684200251 129.86 56.69 2298.15 43464.2
1684200261 129.73 56.69 2295.52 43091.2
1684200271 129.96 56.69 2291.44 42689.9
1684200281 129.88 56.69 2300.39 43390.2
1684200291 121.84 56.75 15885.8 42993.4
1684200302 129.59 56.75 2253.39 42372.9
1684200311 129.34 56.68 2270.57 43301
1684200321 129.14 56.68 2270.96 42560.2
1684200331 129.36 56.68 2272.78 42444.1
1684200341 129.65 56.68 2298.15 43711.2
1684200351 129.14 56.68 2295.52 42263.6
1684200361 121.95 56.75 15739.3 43195.3
1684200372 129.21 56.75 2253 42992.7
1684200381 129.66 56.68 2273.17 42822.6
1684200391 129.17 56.68 2247.8 42496
1684200401 129.66 56.68 2298.15 43250.7
1684200411 128.97 56.68 2247.8 42545.9
1684200422 128.92 56.68 2228.63 42269.6
1684200432 127.37 56.75 15675 42181.8
1684200441 129.88 56.68 2300.39 42536.7
1684200451 129.56 56.68 2272.78 43056.4
1684200461 129.95 56.68 2324.68 43383.4
1684200472 129.54 56.68 2288.82 42963.3
1684200481 129.37 56.68 2323.12 43119.6
1684200491 120.98 56.75 15345.2 42505.8
1684200502 128.91 56.75 2302.9 41904.8
1684200511 129.27 56.68 2247.8 42356.3
1684200521 129.14 56.68 2295.91 42678.8
1684200532 129.84 56.68 2282.17 43293
1684200541 129.76 56.68 2298.15 43699.9
1684200551 129.88 56.68 2300 43349.6
1684200561 123.61 56.75 15666 42767.2
1684200571 129.78 56.68 2275 43447.3
1684200581 129.56 56.68 2273.17 42197.8
1684200591 129.88 56.68 2300 43846.1
1684200602 129.66 56.75 2259.3 42075.2
1684200611 129.98 56.68 2300.39 43350
1684200621 129.56 56.68 2273.17 43290.5
1684200632 124.73 56.75 16239.5 41943.5
1684200642 129.4 56.68 2253 42281.2
1684200652 129.66 56.68 2298.15 43025.2
1684200662 129.98 56.68 2300 43458.6
1684200672 129.46 56.68 2304.39 43166.8
1684200682 129.46 56.68 2310.24 42803.1
1684200692 130.05 56.68 2298.15 43535.6
1684200702 124.68 56.75 16710.2 43184.8
1684200712 129.78 56.68 2275.39 42539.1
1684200722 129.59 56.68 2250 42376.2
1684200732 129.29 56.68 2275.39 42864.4
1684200742 129.44 56.68 2270.57 43230.4
1684200752 130.15 56.68 2273.17 42842.9
1684200762 129.56 56.68 2274.34 42780.9
1684200772 126.25 56.75 16529.6 42733.3
1684200782 129.27 56.68 2272.78 42816.4
1684200792 129.29 56.68 2275.39 43068.4
1684200802 130.05 56.68 2272.78 42966.2
1684200812 129.37 56.68 2273.17 42510.1
1684200822 129.59 56.68 2300 43576.9
1684200832 128.97 56.68 2282.56 42277.1
1684200842 127.91 56.75 17165.7 43493.1
1684200852 129.37 56.68 2298.15 42906.5
1684200862 130.05 56.68 2297.76 43466.5
1684200872 129.37 56.68 2298.15 42190.4
1684200882 129.56 56.68 2322.73 43245.7
1684200892 129.56 56.68 2298.15 43339.7
1684200902 124.85 56.75 15308.4 43039.4
1684200912 129.26 56.68 2273.17 42554.9
1684200922 129.95 56.68 2247.8 43345.6
1684200932 129.46 56.68 2257.75 42597.3
1684200942 129.75 56.68 2273.17 43366.6
1684200952 129.56 56.68 2273.17 42790.2
1684200962 122.15 56.75 14328.2 43282.7
1684200972 129.56 56.75 2297.76 42573.7
1684200982 129.85 56.68 2273.17 43404.5
1684200992 129.39 56.68 2250 42609
1684201002 129.46 56.68 2298.15 43427.9
1684201012 129.46 56.68 2297.76 42327.8
1684201022 129.4 56.68 2278.15 42710.6
1684201032 127.9 56.75 15851.3 43351
1684201042 129.56 56.68 2260.68 42150.2
1684201052 129.75 56.68 2272.78 43508.3
1684201062 130.15 56.68 2323.12 42963.1
1684201072 129.26 56.68 2247.8 42665.8
1684201082 129.3 56.68 2278.15 42593.8
1684201092 124 56.75 15127.4 43041.6
1684201102 129.08 56.68 2251.21 42071.1
1684201112 129.68 56.68 2275 42839.4
1684201122 129.97 56.68 2235.11 43058.4
1684201132 128.96 56.75 2263.95 42388.7
1684201142 130.14 56.74 2277.07 42943.2
1684201152 130.14 56.74 2277.85 42876.9
1684201162 128.5 56.74 16432.8 42435.9
1684201172 129.74 56.67 2263.95 42634
1684201182 129.27 56.67 2248.19 43417.8
1684201192 129.69 56.67 2275 43183.6
1684201202 129.95 56.67 2273.17 43041.9
1684201212 129.53 56.67 2297.08 43325.2
1684201222 123.71 56.74 15500.9 42727.4
1684201232 129.59 56.74 2302.51 42841.8
1684201242 129.66 56.74 2248.19 42619.7
1684201252 129.27 56.67 2272.78 42161.9
1684201262 129.98 56.74 2325.39 43879.3
1684201272 129.46 56.74 2298.15 42896.4
1684201282 129.65 56.67 2322.73 42915.1
1684201292 126.24 56.74 16456.2 43290.5
1684201302 129.19 56.74 2275 42297.7
1684201312 129.3 56.67 2278.15 42769.8
1684201322 129.17 56.67 2272.78 42471.4
1684201332 129.68 56.67 2275.39 43472.7
1684201342 129.27 56.67 2297.76 42536.6
1684201352 129.66 56.67 2298.15 42792.6
1684201362 126.06 56.74 16945.6 42314.5
1684201372 129.27 56.67 2248.19 42220.5
1684201382 129.27 56.67 2222.83 43436.5
1684201392 129.76 56.67 2273.17 42120.6
1684201402 129.86 56.67 2247.8 43232.8
1684201412 129.18 56.74 2251.21 42510.9
1684201422 123.22 56.74 14662.2 43514.2
1684201432 129.56 56.74 2248.19 42175.2
1684201442 129.76 56.67 2247.8 42492.1
1684201452 129.73 56.67 2270.96 43673.3
1684201462 129.65 56.67 2272.78 43109.1
1684201472 129.53 56.67 2295.91 43282.3
1684201482 121.98 56.74 13762.1 42781.6
1684201492 128.81 56.74 2250.39 42436.3
1684201502 129.29 56.67 2250 42990.2
1684201512 129.2 56.67 2253.39 42460.7
1684201522 129.49 56.67 2303.12 43322.7
1684201532 129.27 56.74 2298.15 43173.8
1684201542 129.3 56.67 2277.76 43399.6
1684201552 123.9 56.74 15731.5 42831.2
1684201562 129.1 56.67 2250 42395.3
1684201572 128.92 56.67 2278.15 42372.2
1684201582 129.39 56.67 2250 43135.6
1684201592 129.01 56.67 2278.15 42053.8
1684201602 129.13 56.67 2286.6 42317.7
1684201612 129.73 56.67 2295.91 43834.3
1684201622 126.05 56.74 16496.8 42783.6
1684201632 129.37 56.67 2297.76 42542.1
1684201642 129.75 56.67 2273.17 42995.1
1684201652 129.3 56.67 2277.76 42817
1684201662 129.76 56.67 2298.15 43258.5
1684201672 129.54 56.74 2270.57 43405.5
1684201682 129.37 56.67 2273.17 42579.9
1684201692 126.37 56.74 16984 42559.8
1684201702 129.69 56.74 2276.95 43526.6
1684201712 129.29 56.67 2275 42409
1684201722 129.13 56.67 2255.57 42795.3
1684201732 129.46 56.73 2272.78 43272.6
1684201742 129.95 56.67 2273.17 42688.4
1684201752 129.66 56.67 2297.76 43378.3
1684201762 128.51 56.73 17182.8 42810.2
1684201772 129.49 56.73 2300 42612.1
1684201782 129.2 56.67 2275.39 42032.8
1684201792 129.56 56.67 2297.76 43550.4
1684201802 129.44 56.67 2270.96 42985.2
1684201812 129.69 56.67 2228.24 41661.9
1684201822 124.22 56.73 15368.5 42723.3
1684201832 129.52 56.67 2261.75 43002.7
1684201842 129.37 56.67 2248.19 42347.7
1684201852 129.57 56.67 2272.78 43617.2
1684201862 129.37 56.73 2273.17 43168.8
1684201872 129.53 56.73 2295.52 43583.6
1684201882 129.85 56.73 2298.15 42785.9
1684201892 125.39 56.73 16393 42532
1684201902 129.3 56.67 2253.39 42459.6
1684201912 129.72 56.67 2270.96 42984.4
1684201922 129.46 56.67 2297.76 42483.9
1684201932 129.69 56.67 2275.39 43559.4
1684201942 129.59 56.67 2275 42480.9
1684201952 121.08 56.72 14641.6 43305
1684201962 42.93 56.72 696.2 6053.07

Execution duration: 00:34:28.28
