1684209800 130.6 56.97 2290.45 41738.8
1684209810 129.34 56.9 2271.35 43605.8
1684209820 129.66 56.9 2276.29 46365.3
1684209830 129.46 56.9 2266.53 44321.9
1684209840 129.53 56.9 2295.91 44814.8
1684209850 121.36 56.97 13885 44451.7
1684209860 129.88 56.98 16166.8 45246.5
1684209870 130.25 56.91 2247.8 44779.3
1684209880 131.29 56.91 2246 44330.6
1684209890 130.51 56.91 2270.57 44421.8
1684209900 129.73 56.91 2270.96 43909.9
1684209910 130.21 56.91 2270.96 45147.8
1684209920 126.62 56.98 15456 43807.9
1684209930 129.21 56.91 2268.74 44592.4
1684209940 129.56 56.91 2272.78 44181.5
1684209950 129.66 56.91 2273.17 44982.2
1684209960 129.95 56.91 2297.76 44500.7
1684209970 129.76 56.91 2273.17 44577.9
1684209980 129.56 56.91 2249.36 44155.7
1684209990 128.38 56.98 17103.2 43816.5
1684210000 129.76 56.91 2272.78 44533.8
1684210010 129.66 56.91 2273.17 44501.5
1684210020 129.79 56.91 2268.35 44140.2
1684210030 129.2 56.91 2259.94 44448.9
1684210040 129.73 56.91 2295.52 44683.8
1684210050 121.74 56.98 15375.8 45317.3
1684210060 129.68 56.98 2275 44098.1
1684210070 129.57 56.91 2254.43 44095.6
1684210080 129.66 56.91 2226.09 44159.2
1684210090 129.81 56.91 2262.14 43953.8
1684210100 129.62 56.91 2270.57 43991.4
1684210110 129.6 56.91 2293.67 43976.6
1684210120 122.26 56.98 15761.7 44828.9
1684210130 129.68 56.98 2300.39 45153.1
1684210140 129.44 56.91 2270.57 44285.4
1684210150 129.65 56.91 2273.17 45071.6
1684210160 129.67 56.91 2275.56 44705.7
1684210170 129.63 56.91 2297.47 44787.5
1684210180 129.34 56.91 2270.57 44062
1684210190 121.56 56.98 15879.4 45137.2
1684210200 129.44 56.98 2370.37 44008.2
1684210210 129.65 56.91 2257.75 43862.8
1684210220 129.2 56.91 2276.95 45755.1
1684210230 129.31 56.91 2268.74 44472.8
1684210240 129.52 56.91 2286.99 45001.2
1684210250 129.14 56.91 2270.57 44576.6
1684210260 122.44 56.98 15579.1 44222.8
1684210270 129.16 56.98 2263.95 44119.3
1684210280 129.56 56.91 2273.17 44276.3
1684210290 129.46 56.91 2272.78 44845.7
1684210300 129.47 56.91 2298.15 45164.5
1684210310 129.66 56.91 2278.65 44245.8
1684210320 129.29 56.91 2266.54 45149
1684210330 127.62 56.98 15786.1 45129
1684210340 129.59 56.91 2253.39 44087
1684210350 129.56 56.91 2272.78 43748.3
1684210360 129.13 56.91 2262.14 44521.6
1684210370 129.74 56.91 2318.36 44903.4
1684210380 129.57 56.98 2273.17 44283.7
1684210390 121.17 56.96 15243.7 44409.8
1684210400 129.39 56.98 17534 44808.2
1684210410 129.75 56.91 2272.78 44440.2
1684210420 129.47 56.91 2273.17 44830.8
1684210430 129.58 56.91 2270.82 44891.4
1684210440 129.6 56.91 2268.74 44619.7
1684210450 129.53 56.91 2295.52 45317.7
1684210460 123.22 56.98 15564.5 44817.6
1684210470 129.63 56.91 2295.52 45155.6
1684210480 129.68 56.91 2275.39 44485.6
1684210490 129.66 56.91 2272.78 45317.8
1684210500 130.14 56.91 2301.27 45036.1
1684210510 130.02 56.91 2220.66 44422.2
1684210520 129.92 56.91 2270.96 43897.5
1684210530 124.79 56.98 16149.1 43801.8
1684210540 130.05 56.91 2223.22 44502.6
1684210550 129.98 56.91 2203.48 43538.9
1684210560 129.73 56.91 2249.04 43429.7
1684210570 129.66 56.91 2298.15 45620.7
1684210580 129.98 56.91 2312.89 45066
1684210590 129.65 56.91 2323.12 44798.4
1684210600 123.54 56.98 16459.4 45301.9
1684210610 129.86 56.91 2273.17 44904.2
1684210620 129.39 56.91 2275 44182.8
1684210630 129.86 56.91 2248.19 45066.9
1684210640 129.17 56.91 2272.78 44693.1
1684210650 129.29 56.91 2250.39 43744.5
1684210660 129.78 56.91 2277.76 44347.8
1684210670 125.39 56.98 16281.6 44391.4
1684210680 129.57 56.91 2272.78 44366.4
1684210690 129.65 56.91 2273.17 44723.1
1684210700 129.88 56.91 2275 44223.1
1684210710 129.72 56.91 2270.96 44895.1
1684210720 129.36 56.91 2257.36 44163.6
1684210730 129.68 56.91 2300.39 45085.9
1684210740 127.62 56.98 16890.9 44808.6
1684210750 129.46 56.91 2248.19 44204.1
1684210760 130.17 56.91 2253 43472.7
1684210770 130.31 56.91 2247.56 44518.5
1684210780 130.54 56.91 2272.78 44435.9
1684210790 129.98 56.91 2275.39 44007
1684210800 123.33 56.98 14898.7 44109.7
1684210810 129.25 56.91 2239.46 44377.4
1684210820 129.64 56.91 2239.07 44351.8
1684210830 130.12 56.91 2270.96 44748.9
1684210840 129.63 56.91 2245.61 43713.1
1684210850 129.92 56.91 2270.96 44715
1684210860 129.56 56.91 2272.78 44337.6
1684210870 128.42 56.98 16068.8 44769.1
1684210880 129.63 56.91 2295.52 44272.9
1684210890 129.53 56.91 2246 44395.3
1684210900 129.83 56.91 2263.95 44421
1684210910 129.76 56.91 2273.17 44795.7
1684210920 129.07 56.91 2247.8 44833.2
1684210930 125.49 56.98 15317.2 44685.9
1684210940 129.59 56.91 2275.39 44296.9
1684210950 129.17 56.91 2273.17 44342.2
1684210960 129.56 56.91 2272.78 44759.8
1684210970 130.05 56.91 2297.76 45054.4
1684210980 129.79 56.91 2300.39 44608.6
1684210990 122.67 56.98 14585.2 44549.4
1684211000 129.85 56.91 2273.17 44284.9
1684211010 129.46 56.91 2272.78 44245.8
1684211020 129.78 56.91 2275.39 45167.6
1684211030 129.56 56.97 2272.78 44832.4
1684211040 130.31 56.97 2275.25 44642.9
1684211050 130.76 56.9 2283.2 44204.3
1684211060 125.83 56.97 15947.8 44158.6
1684211070 129.79 56.9 2300 44001.6
1684211080 129.65 56.9 2273.17 45277.7
1684211090 129.73 56.9 2270.57 44929.8
1684211100 129.27 56.9 2298.15 44058.5
1684211110 129.65 56.9 2297.76 44527.6
1684211120 121.88 56.97 14968.8 45159
1684211130 129.36 56.97 2272.78 44755.1
1684211140 129.17 56.9 2273.17 44321.9
1684211150 129.47 56.97 2266.15 44326.1
1684211160 129.64 56.97 2270.96 44945.4
1684211170 129.83 56.9 2320.47 44462.4
1684211180 129.57 56.97 2273.17 44660.7
1684211190 124.33 56.97 15870.7 44999.2
1684211200 129.66 56.9 2273.17 43983.2
1684211210 129.4 56.9 2253.39 43587.2
1684211220 129.92 56.9 2270.57 44617.5
1684211230 128.95 56.9 2270.96 44005.1
1684211240 129.82 56.9 2270.57 44442.5
1684211250 129.56 56.9 2273.17 45482.5
1684211260 124.12 56.97 16385.2 44391.4
1684211270 128.88 56.9 2226.34 43880.6
1684211280 129.34 56.9 2245.61 44548.2
1684211290 129.23 56.97 2255.57 44475.5
1684211300 129.55 56.9 2239.07 43965
1684211310 129.29 56.9 2300.39 44462.9
1684211320 129.36 56.9 2297.76 44823
1684211330 128.32 56.97 16251.9 44802.3
1684211340 129.34 56.9 2245.61 44311.5
1684211350 129.83 56.9 2270.96 44661.6
1684211360 129.38 56.9 2266.15 44870.8
1684211370 129.56 56.9 2298.15 44308.7
1684211380 129.75 56.97 2297.76 44746.9
1684211390 127.52 56.97 15347.5 44601.4
1684211400 129.76 56.9 2247.8 44041.4
1684211410 130.01 56.9 2270.96 45060.4
1684211420 129.65 56.9 2272.78 44987.7
1684211430 129.46 56.9 2277.07 44567.8
1684211440 129.71 56.9 2261.75 44556.5
1684211450 122.95 56.97 15172.3 45102.7
1684211460 129.37 56.9 2247.8 44213.5
1684211470 129.04 56.9 2280.35 43830.8
1684211480 129.85 56.9 2272.78 44967
1684211490 129.88 56.9 2300.39 44018
1684211500 129.95 56.9 2297.76 45541.5
1684211510 129.76 56.9 2273.17 44883.9
1684211520 123.7 56.97 15758.6 44094
1684211530 129.61 56.9 2280.35 44120
1684211540 129.27 56.9 2248.19 44390.6
1684211550 129.37 56.9 2250.82 44573.1
1684211560 129.36 56.9 2298.15 44596.3
1684211570 130.96 56.9 2300 45621.1
1684211580 130.21 56.9 2295.91 44902.5
1684211590 124.88 56.97 16417.2 44852.7
1684211600 129.85 56.9 2273.17 44896.4
1684211610 129.27 56.9 2250.92 44108.5
1684211620 129.47 56.9 2275.95 44484.2
1684211630 130.14 56.9 2297.76 45127
1684211640 130 56.9 2286.99 44429.1
1684211650 129.66 56.9 2272.78 44600.6
1684211660 126.4 56.97 16490.5 43646.8
1684211670 130.24 56.9 2297.76 44492.1
1684211680 129.83 56.9 2295.91 45352.4
1684211690 129.44 56.9 2295.52 44651.5
1684211700 129.78 56.9 2300.39 44505.1
1684211710 129.66 56.9 2322.73 44868.3
1684211720 122.95 56.97 14978.5 44775.8
1684211730 129.69 56.9 2300 44512.1
1684211740 129.56 56.9 2273.17 44464.4
1684211750 129.75 56.9 2272.78 45255
1684211760 130.15 56.9 2273.17 44350.4
1684211770 129.95 56.9 2297.76 44675.9
1684211780 129.35 56.9 2264.34 44434.2
1684211790 124.22 56.97 15989.5 45146.9
1684211800 128.73 56.9 2268.74 44237.6
1684211810 129.78 56.9 2278.12 44843
1684211820 129.4 56.9 2253.39 44178.7
1684211830 129.76 56.9 2297.76 44116.3
1684211840 129.73 56.9 2289.21 43870.6
1684211850 129.31 56.9 2253.39 44300.6
1684211860 64.36 56.95 15265.2 14477.3

Execution duration: 00:34:30.30
