1684207342 130.61 56.98 2289.99 39633
1684207352 130.12 56.91 2271.35 44761.4
1684207362 130.51 56.91 2284.99 45670.6
1684207372 129.92 56.91 2276.81 43686.6
1684207382 130.02 56.91 2270.96 44738
1684207392 121.66 56.97 13863.1 42975.6
1684207402 130.04 56.97 2324.68 45217.6
1684207412 129.88 56.9 2277.76 43044.1
1684207422 130.11 56.9 2295.91 44987.1
1684207432 130.04 56.9 2273.17 45197.3
1684207442 130.41 56.9 2272.13 44655
1684207452 130.2 56.9 2286.99 45014
1684207462 128.1 56.97 15728 44472.6
1684207472 130.24 56.9 2298.15 44855.4
1684207482 130.19 56.9 2293.28 45200.4
1684207492 130.7 56.9 2270.96 44364.9
1684207502 129.04 56.9 2270.57 44701.4
1684207512 129.95 56.9 2275.95 42613.7
1684207522 130.05 56.9 2238.82 44510.8
1684207532 129.53 56.97 17374.6 43964.9
1684207542 129.83 56.9 2270.57 44589.9
1684207552 130.05 56.9 2273.17 44209.9
1684207562 129.92 56.9 2270.57 44895.1
1684207572 130.12 56.9 2295.91 44790.2
1684207582 130.07 56.9 2302.51 42592.7
1684207592 122.71 56.97 15605.1 44250.7
1684207602 129.98 56.97 2275 44128.5
1684207612 130.05 56.9 2276.29 44225.2
1684207622 130.04 56.9 2272.78 45056.8
1684207632 129.67 56.9 2275.95 42910.5
1684207642 130.5 56.9 2320.47 44722.8
1684207652 129.72 56.9 2295.91 44680.7
1684207662 123.71 56.97 15996.1 44433.9
1684207672 129.82 56.97 2270.96 44355.2
1684207682 129.85 56.9 2297.76 44329.8
1684207692 129.86 56.9 2273.17 44871.8
1684207702 129.76 56.9 2275.56 43022.6
1684207712 129.53 56.9 2272.52 44572.3
1684207722 129.68 56.9 2277.76 42242.9
1684207732 122.61 56.97 16007.4 43151.1
1684207742 129.92 56.97 2270.57 44521.2
1684207752 129.53 56.9 2270.96 43688.5
1684207762 129.73 56.9 2270.96 44289.3
1684207772 129.85 56.9 2247.8 44249.4
1684207782 129.79 56.9 2293.67 44780.1
1684207792 130.04 56.9 2272.78 44577.2
1684207802 123.12 56.97 15942.2 44801.2
1684207812 130.05 56.97 2247.8 43310.4
1684207822 129.91 56.9 2255.57 42285.4
1684207832 129.73 56.9 2270.57 44453.8
1684207842 129.92 56.9 2270.96 44211.3
1684207852 129.63 56.9 2295.52 44654.6
1684207862 130.02 56.9 2270.96 44529
1684207872 129.37 56.97 15986 44604.1
1684207882 129.43 56.9 2246 44090.4
1684207892 130.09 56.9 2293.28 45553.3
1684207902 129.83 56.9 2295.91 44448.3
1684207912 129.99 56.9 2243.43 43980.9
1684207922 129.73 56.9 2246 44634.3
1684207932 122.52 56.97 15428.5 44567.2
1684207942 129.82 56.97 2246 44787.9
1684207952 129.53 56.9 2245.61 44600.8
1684207962 129.58 56.9 2266.54 44240.9
1684207972 129.96 56.9 2272.78 44450.7
1684207982 129.66 56.9 2275.95 42747.8
1684207992 130.01 56.9 2270.57 44644.8
1684208002 123.86 56.97 15573.2 42020.6
1684208012 129.95 56.9 2272.78 44680.2
1684208022 129.66 56.9 2273.17 44261.8
1684208032 130.21 56.9 2295.52 44899
1684208042 129.43 56.9 2275.64 44324
1684208052 129.64 56.9 2282.17 42626
1684208062 129.6 56.9 2268.74 44705.4
1684208072 125.37 56.97 16297.4 44736.8
1684208082 129.83 56.9 2270.96 43920.1
1684208092 129.82 56.9 2270.57 43785.6
1684208102 130.11 56.9 2270.96 44484.6
1684208112 129.68 56.9 2275 43810.2
1684208122 129.86 56.9 2291.44 43775.1
1684208132 129.8 56.9 2293.67 43050.4
1684208142 124.66 56.97 16619.1 43288.5
1684208152 129.92 56.9 2270.96 43614.8
1684208162 129.44 56.9 2270.57 43251.5
1684208172 130.14 56.9 2273.17 44019.5
1684208182 130.14 56.9 2272.78 44329.4
1684208192 129.95 56.9 2273.17 44619.7
1684208202 129.76 56.9 2272.78 43667.1
1684208212 126.92 56.97 16438.9 42744.4
1684208222 129.49 56.9 2253 41359.4
1684208232 130.02 56.9 2295.91 44136.4
1684208242 130.05 56.9 2272.78 43286.6
1684208252 130.24 56.9 2273.17 43630.1
1684208262 129.77 56.9 2291.05 42962.7
1684208272 130.05 56.9 2248.19 42988.1
1684208282 127.83 56.97 16950.3 42863.8
1684208292 130.22 56.9 2270.96 42917.7
1684208302 129.8 56.9 2268.35 43130.3
1684208312 129.21 56.9 2279.65 42364.9
1684208322 129.68 56.9 2253 42506.8
1684208332 129.54 56.9 2239.46 42612.6
1684208342 124.15 56.97 15061.9 42778.3
1684208352 130.14 56.9 2298.15 43630.1
1684208362 130.12 56.9 2245.61 42588.7
1684208372 129.82 56.9 2246 43318.5
1684208382 129.92 56.9 2270.57 42720.5
1684208392 129.86 56.9 2273.17 43150.8
1684208402 121.6 56.95 13987.2 42610.5
1684208412 129.85 56.97 16326.2 42609.2
1684208422 129.81 56.9 2236.89 42913.8
1684208432 130.14 56.9 2248.19 43148.9
1684208442 129.73 56.9 2270.57 42642.9
1684208452 129.95 56.9 2273.17 42811.3
1684208462 129.27 56.9 2247.8 42767.2
1684208472 126.73 56.97 15491.5 43015.8
1684208482 129.92 56.9 2264.34 42032.3
1684208492 129.92 56.9 2270.96 43317.7
1684208502 130.05 56.9 2298.15 43324.1
1684208512 130.14 56.9 2272.78 43312
1684208522 129.61 56.9 2286.99 42411.7
1684208532 124 56.97 14852.7 43254.2
1684208542 130.15 56.97 2298.15 42573.3
1684208552 129.76 56.9 2297.76 42677.8
1684208562 130.29 56.9 2293.67 42949.9
1684208572 129.83 56.9 2295.52 43576.6
1684208582 130.02 56.9 2274.86 41977.8
1684208592 130.83 56.9 2259.71 42518.3
1684208602 127.62 56.97 16337.2 42890.9
1684208612 129.21 56.9 2293.28 42863.5
1684208622 130.11 56.9 2295.91 43479.5
1684208632 130.12 56.9 2270.57 43163.7
1684208642 129.54 56.9 2270.96 42719.7
1684208652 129.85 56.9 2272.78 43159.4
1684208662 123.09 56.97 15078.6 41709.4
1684208672 130.04 56.97 2297.76 43789.3
1684208682 130.04 56.9 2273.17 42889.4
1684208692 130.16 56.9 2291.05 42924.9
1684208702 129.46 56.9 2273.17 42985.8
1684208712 129.95 56.9 2297.76 42780.5
1684208722 129.8 56.9 2293.67 43110
1684208732 125.41 56.97 16023.2 43310.9
1684208742 129.99 56.9 2293.67 42595.1
1684208752 129.8 56.9 2293.28 41919.8
1684208762 130.42 56.9 2289.21 43979.8
1684208772 129.3 56.9 2253 42249.9
1684208782 129.69 56.9 2278.15 42631.7
1684208792 129.86 56.9 2291.05 43270.8
1684208802 125.63 56.97 16702.9 41941.1
1684208812 130.02 56.97 2249.12 43043.7
1684208822 130.07 56.9 2250 43028.5
1684208832 129.82 56.9 2246 43042.9
1684208842 130.04 56.9 2272.78 43215.2
1684208852 129.4 56.9 2243.82 42681.2
1684208862 122.33 56.97 14367.4 42550.7
1684208872 130.15 56.97 2273.17 43259.3
1684208882 129.73 56.9 2270.57 42948.5
1684208892 129.89 56.9 2243.82 42983.8
1684208902 130.4 56.9 2270.57 43501.4
1684208912 129.39 56.9 2284.77 42375.6
1684208922 129.65 56.9 2226.24 43036.7
1684208932 128.95 56.97 15731.8 42938.4
1684208942 129.49 56.9 2234.72 42270.4
1684208952 129.85 56.9 2248.19 43804.5
1684208962 130.01 56.9 2270.57 43488.1
1684208972 129.49 56.9 2278.15 42589.6
1684208982 129.73 56.9 2295.52 42301.4
1684208992 123.87 56.97 15566.5 43390.6
1684209002 128.83 56.97 2236.89 41901
1684209012 129.37 56.9 2251.21 42701.1
1684209022 129.96 56.9 2297.76 43413.1
1684209032 130.14 56.9 2298.15 42783.6
1684209042 129.43 56.9 2270.57 42972.3
1684209052 129.66 56.9 2298.15 43237.8
1684209062 126.09 56.97 16289.8 42984.6
1684209072 129.82 56.9 2270.96 42301.4
1684209082 129.35 56.97 2239.07 43071.7
1684209092 129.4 56.9 2253.39 42960.2
1684209102 129.59 56.9 2275 42876.2
1684209112 130.11 56.9 2295.91 42879.5
1684209122 129.46 56.9 2247.8 42723.1
1684209132 125.95 56.97 16717.3 42960
1684209142 129.08 56.9 2251.21 42129.5
1684209152 129.59 56.97 2278.15 42892.8
1684209162 129.73 56.9 2272.52 42678.4
1684209172 130.41 56.9 2295.52 43133.3
1684209182 129.72 56.97 2295.91 42625.3
1684209192 130.15 56.9 2322.73 43083.7
1684209202 128.23 56.97 16927 43144.7
1684209212 129.33 56.9 2295.52 42775.4
1684209222 129.56 56.9 2298.15 42652.1
1684209232 129.47 56.9 2297.76 42976
1684209242 129.95 56.9 2298.15 43686.6
1684209252 129.83 56.9 2295.52 42839.4
1684209262 123.6 56.97 15180.3 42930.8
1684209272 129.87 56.97 2266.15 43012.4
1684209282 129.59 56.9 2278.15 42618.6
1684209292 129.78 56.9 2275 42750.4
1684209302 129.75 56.9 2273.17 43049.8
1684209312 129.53 56.9 2270.57 43225.7
1684209322 129.83 56.9 2270.96 43290.8
1684209332 125.32 56.97 16216.9 43036.4
1684209342 129.89 56.9 2268.74 43376.1
1684209352 129.53 56.9 2295.52 42706.8
1684209362 129.66 56.9 2326.24 43299.1
1684209372 129.95 56.9 2297.76 43879.8
1684209382 129.72 56.9 2295.91 42717.7
1684209392 121.56 56.95 14526.8 44144.8
1684209402 44.34 56.95 15186.4 5920.47

Execution duration: 00:34:28.28
