1684305891 119.05 56.86 0 279.37
1684305892 119.84 56.93 3.17 31.75
1684305893 119.35 56.86 0 3.23
1684305894 118.7 56.86 0 0
1684305895 117.65 56.86 0 0
1684305896 119.05 56.86 0 0
1684305897 120.63 56.86 0 0
1684305898 127.42 56.86 0 0
1684305899 124.19 56.86 0 0
1684305900 129.27 56.86 0 0
1684305901 124.39 56.86 0 0
1684305902 118.31 56.86 0 0
1684305903 128.8 56.86 0 0
1684305904 124.8 56.86 0 0
1684305905 121.43 56.86 0 0
1684305906 122.22 56.86 0 0
1684305907 128.46 56.86 0 0
1684305908 126.19 56.86 0 0
1684305909 126.61 56.86 0 0
1684305910 123.02 56.93 1088.89 1009.52
1684305911 53.54 56.93 1880.31 4834.65

Execution duration: 00:00:24.24
