1684255668 118.05 56.87 3.01 30.08
1684255669 117.46 56.87 0 28.57
1684255670 118.9 56.87 0 0
1684255671 119.69 56.94 0 0
1684255672 123.31 56.87 0 0
1684255673 121.77 56.87 0 0
1684255674 125.2 56.87 0 0
1684255675 124.8 56.87 0 0
1684255676 124 56.87 0 0
1684255677 125.2 56.87 0 0
1684255678 120.97 56.87 0 0
1684255679 122.66 56.87 0 0
1684255680 124 56.87 0 0
1684255681 121.13 56.87 0 0
1684255682 124.8 56.87 0 0
1684255683 126.4 56.87 0 0
1684255684 124.65 56.87 0 0
1684255685 129.6 56.87 0 0
1684255686 127.2 56.94 1046.4 793.6
1684255687 45.24 56.94 1831.75 4777.78

Execution duration: 00:00:23.23
