1684193319 132.8 11.04 2226.6 41416
1684193329 128.67 11.23 2269.95 39925.1
1684193339 129.56 11.49 2270.34 43616.2
1684193349 129.66 11.75 2295.17 43234.3
1684193359 129.56 12.01 2295.56 44232.5
1684193369 121.28 12.31 13972.4 43328.1
1684193379 129.07 12.59 16269.9 43047.1
1684193389 129.38 12.78 2281.68 43583.9
1684193399 129.33 13.04 2293.3 43634.7
1684193409 129.25 13.3 2304.5 42807.8
1684193419 129.83 13.56 2318.5 43588.2
1684193429 129.56 13.82 2320.39 43739.1
1684193439 127.1 14.16 15856.5 42850.8
1684193449 129.5 14.31 2291.05 43544.9
1684193459 129.43 14.51 2267.72 43219.3
1684193469 128.45 14.71 2217.71 42472.8
1684193479 128.53 14.92 2258.82 42642.8
1684193489 129.36 15.12 2295.56 42589.9
1684193499 129.05 15.33 2254.4 43289.2
1684193509 128.11 15.6 17384.5 42919.9
1684193519 128.94 15.74 2292.91 42903.5
1684193529 129.26 15.95 2295.56 43412.8
1684193539 129.23 16.15 2292.91 43163
1684193549 129.53 16.36 2293.3 44006.3
1684193559 129.2 16.56 2290.66 42422
1684193569 121.95 16.86 15703.5 43511
1684193579 129.43 17 2292.91 42585.4
1684193589 129.14 17.21 2268.11 43411.8
1684193599 129.23 17.42 2269.29 42673.6
1684193609 129.4 17.62 2291.05 43658.2
1684193619 129.22 17.83 2277.22 42982.2
1684193629 129.45 18.04 2279.84 43439.1
1684193639 122.51 18.32 16043 42002.3
1684193649 129.73 18.45 2293.3 43753.5
1684193659 129.53 18.66 2292.91 43343.7
1684193669 129.44 18.87 2268.11 42806.7
1684193679 129.42 19.07 2252.2 42680
1684193689 129.48 19.27 2263.65 42938.3
1684193699 129.73 19.48 2318.11 43021.7
1684193709 122.14 19.77 16268.9 43286.6
1684193719 128.91 19.9 2290.66 42545.9
1684193729 129.42 20.11 2252.59 42465.3
1684193739 129.69 20.32 2291.05 43737.7
1684193749 129.5 20.52 2290.66 43448.2
1684193759 129.4 20.73 2291.05 43170.1
1684193769 129.73 20.93 2292.91 43952.4
1684193779 122.82 21.22 16165.2 42581.3
1684193789 129.18 21.35 2263.26 42710.8
1684193799 129 21.56 2250.39 42809.4
1684193809 129.01 21.76 2265.49 43183.1
1684193819 129.29 21.97 2275.39 43266.4
1684193829 129.18 22.18 2313.56 42894.7
1684193839 120.94 22.43 13972.5 43794.3
1684193849 128.71 22.66 16176.6 42497.3
1684193859 129.48 22.79 2288.8 42841.3
1684193869 129.2 23 2290.66 43205.1
1684193879 129.59 23.21 2300.39 43684.4
1684193889 129.07 23.41 2313.56 43102.6
1684193899 129.98 23.62 2291.05 42881.4
1684193909 122.52 23.89 15791.6 43472.2
1684193919 129.01 24.03 2291.05 42884.6
1684193929 129.28 24.24 2288.41 43056.2
1684193939 129.4 24.44 2265.88 43146.9
1684193949 129.18 24.65 2288.41 43294.7
1684193959 128.88 24.85 2263.65 42804.3
1684193969 129.1 25.06 2275 42283.2
1684193979 124.65 25.34 16099 43553.6
1684193989 129.28 25.48 2263.26 43058.6
1684193999 129.27 25.69 2273.17 42606.4
1684194009 129.25 25.89 2286.16 43841.8
1684194019 129.18 26.1 2288.8 42666
1684194029 129.65 26.31 2279.45 43735
1684194039 129.28 26.51 2288.8 43332.8
1684194049 125.63 26.78 16783.9 42475.8
1684194059 129.57 26.92 2288.41 43479.4
1684194069 129.27 27.12 2313.95 42902.9
1684194079 129.44 27.33 2311.29 43573.7
1684194089 129.28 27.54 2313.95 43163.8
1684194099 129.57 27.74 2288.41 42996.9
1684194109 128.88 27.95 2298.15 42514.7
1684194119 126.13 28.23 17227.5 43224.4
1684194129 129.11 28.36 2284.31 42900.4
1684194139 129.24 28.57 2311.29 43578.8
1684194149 129.58 28.78 2288.8 43470.7
1684194159 129.38 28.98 2288.41 43000
1684194169 129.86 29.19 2313.95 43043.6
1684194179 129.48 29.4 2288.41 43195.3
1684194189 128.39 29.67 17220 43150.5
1684194199 128.99 29.81 2263.26 42900.6
1684194209 129.44 30.01 2261.43 42919.7
1684194219 129.35 30.22 2311.29 43222.4
1684194229 129.22 30.43 2302.64 43320.8
1684194239 129.55 30.63 2286.16 43447.3
1684194249 121.79 30.91 15609 42753.7
1684194259 128.94 31.05 2270.57 43003.1
1684194269 129.25 31.25 2286.55 43274.2
1684194279 128.92 31.46 2293.28 42692.1
1684194289 129.5 31.67 2309.41 43703.1
1684194299 129.17 31.87 2313.95 42956
1684194309 129.35 32.08 2286.16 43421
1684194319 126.38 32.36 16001.2 42151.8
1684194329 129.6 32.49 2258.82 43592.2
1684194339 128.91 32.7 2243.82 42550.7
1684194349 129.6 32.9 2283.92 43454.5
1684194359 129.58 33.11 2263.65 43288
1684194369 129.24 33.32 2286.16 43071.2
1684194379 124.24 33.59 15015.5 43594.1
1684194389 129.01 33.73 2283.92 42747.1
1684194399 129.44 33.93 2261.43 43078.7
1684194409 129.7 34.14 2283.92 43433.7
1684194419 129.51 34.34 2284.31 43263.9
1684194429 129 34.55 2275 42370.7
1684194439 121.13 34.83 14175.7 42452.6
1684194449 129.35 34.96 2286.16 43035.1
1684194459 128.96 35.17 2279.84 43004.7
1684194469 129.31 35.38 2309.02 43026.3
1684194479 129.09 35.58 2282.07 42910.9
1684194489 129.64 35.79 2311.29 43884.6
1684194499 129.8 36 2284.31 43189
1684194509 126.07 36.27 15780.5 42675.1
1684194519 129.09 36.48 2266.54 42649.8
1684194529 129.51 36.62 2283.92 43358.4
1684194539 129.51 36.83 2309.41 43715.7
1684194549 129.58 37.03 2306.76 43319.1
1684194559 129.22 37.24 2309.41 43069.8
1684194569 122.85 37.52 15114.1 43025.9
1684194579 129.4 37.65 2284.31 43207.4
1684194589 129.28 37.86 2282.07 42926.5
1684194599 129.31 38.06 2284.31 43228.2
1684194609 129.29 38.27 2282.07 43240
1684194619 129.38 38.48 2306.76 42854.5
1684194629 129.41 38.68 2309.41 43196.9
1684194639 126.57 38.96 16280.4 43479.6
1684194649 129.87 39.1 2307.15 42826.6
1684194659 130 39.31 2283.92 43787.8
1684194669 129.31 39.51 2334.51 43560.4
1684194679 129.57 39.72 2306.76 43142.4
1684194689 129.31 39.93 2309.41 43452.9
1684194699 121.06 40.19 15114.6 43263.1
1684194709 129.09 40.41 17446.8 43386.5
1684194719 129.51 40.55 2283.92 43064.3
1684194729 129.1 40.76 2300.39 43401.6
1684194739 129.09 40.96 2281.68 43151.4
1684194749 129.45 41.17 2289.21 42854.8
1684194759 129.08 41.38 2281.68 42875.2
1684194769 121.55 41.65 15756.7 43238.4
1684194779 129.26 41.79 2263.95 42826
1684194789 129.19 41.99 2257 42571.2
1684194799 129.16 42.27 2239.46 42691.9
1684194809 129.47 42.41 2257 43508.7
1684194819 129.45 42.62 2289.21 43226
1684194829 129.28 42.82 2281.68 43409.6
1684194839 126.55 43.1 15773.2 42830.2
1684194849 129.47 43.23 2281.68 43007.6
1684194859 129.36 43.44 2279.84 43288.1
1684194869 129.36 43.65 2254.4 43285.7
1684194879 128.65 43.85 2262.14 42820.6
1684194889 128.96 44.06 2263.95 42578
1684194899 125.66 44.34 14815.2 43193.4
1684194909 129.08 44.47 2281.68 42594.3
1684194919 129.29 44.68 2282.07 42975.1
1684194929 129.15 44.89 2295.52 43458.1
1684194939 129.67 45.09 2332.22 43021.7
1684194949 129.58 45.37 2283.25 43654.1
1684194959 130.43 45.57 2290.02 42655.6
1684194969 127.99 45.78 17104.9 42540.1
1684194979 128.87 45.92 2279.84 43082.6
1684194989 129.1 46.12 2259.55 42929.6
1684194999 129.06 46.33 2279.84 42479.4
1684195009 129.45 46.53 2304.5 43135
1684195019 129.65 46.74 2304.89 43347.2
1684195029 121.92 47.02 15574.8 42150.5
1684195039 129.36 47.15 2304.89 43307.6
1684195049 129.52 47.36 2277.22 43215.2
1684195059 129.54 47.57 2279.84 43270.8
1684195069 129.15 47.77 2254.79 43185.5
1684195079 129.1 47.98 2284.38 42521.1
1684195089 129.74 48.18 2279.84 43352.6
1684195099 122.51 48.47 15952 42365.7
1684195109 129.39 48.61 2284.77 42616.1
1684195119 129.42 48.81 2277.22 43637.5
1684195129 129.2 49.02 2259.94 42578.5
1684195139 129.54 49.22 2279.45 43392.2
1684195149 129.32 49.43 2302.64 42692.9
1684195159 129.84 49.64 2329.55 43582
1684195169 124.63 49.9 16242.4 42742.5
1684195179 128.62 50.04 2275 42671.1
1684195189 129.26 50.25 2282.56 42906.6
1684195199 129 50.45 2275 43176.9
1684195209 128.86 50.66 2306.85 43200.4
1684195219 128.43 50.86 2295.23 42828.8
1684195229 129.25 51.07 2304.89 42699.8
1684195239 128.64 51.35 16819.5 43594.9
1684195249 128.8 51.49 2275.39 42869.9
1684195259 129.1 51.69 2225 42847.7
1684195269 128.9 51.9 2275.39 42995.7
1684195279 128.78 52.1 2282.17 42324.4
1684195289 130.17 52.31 2275.39 42948.4
1684195299 121.85 52.58 15499.3 42746.2
1684195309 129.3 52.72 2300.39 42896.9
1684195319 129.4 52.93 2275 43108.6
1684195329 129.01 53.13 2275.39 42604.7
1684195339 129.32 53.34 2327.27 43697.4
1684195349 129 53.54 2300.39 42913.7
1684195359 128.91 53.75 2250 42190.2
1684195369 85.48 53.89 15025 21630.2

Execution duration: 00:34:21.21
