1684287329 130.69 56.96 2306.79 40936.7
1684287339 130.34 56.89 2272.78 44661.5
1684287349 130.41 56.89 2299.03 45410.1
1684287359 130.11 56.89 2323.59 45471.3
1684287369 129.88 56.89 2305.08 45853.1
1684287379 122.37 56.95 14105.9 45418.8
1684287389 129.88 56.95 2325.39 45474.2
1684287399 129.95 56.88 2297.76 45270.2
1684287409 130.14 56.88 2298.15 45489.6
1684287419 129.72 56.88 2270.57 45295.5
1684287429 130.34 56.88 2298.15 45265.2
1684287439 130.27 56.88 2301.95 44947.3
1684287449 128.41 56.95 15880.2 45167.3
1684287459 129.88 56.88 2300.39 44629.7
1684287469 130.38 56.95 2275 45262.9
1684287479 129.96 56.88 2323.12 45445.8
1684287489 129.85 56.88 2297.76 45232.8
1684287499 130.15 56.88 2300.68 44776.4
1684287509 122.35 56.95 15468.1 44732.1
1684287519 129.79 56.95 2300.39 45397.7
1684287529 130.08 56.88 2301.56 44871.9
1684287539 130.17 56.88 2300.39 45633.2
1684287549 130.15 56.88 2297.76 45237.8
1684287559 129.88 56.88 2325.39 45030.1
1684287569 129.98 56.88 2325 44882
1684287579 124.81 56.95 16110.5 45920.7
1684287589 129.88 56.95 2300 44652.3
1684287599 129.37 56.88 2248.19 45039.2
1684287609 130.14 56.88 2297.76 45442.3
1684287619 130.24 56.88 2298.15 45178.9
1684287629 129.95 56.88 2299.32 43988.3
1684287639 130.11 56.88 2295.91 44812.1
1684287649 125.48 56.95 16563.3 45249.6
1684287659 130.08 56.95 2300.39 45159.4
1684287669 130.15 56.88 2322.73 45467.3
1684287679 130.02 56.88 2295.91 45026.5
1684287689 130.01 56.88 2329.53 44340.4
1684287699 130.37 56.88 2325.39 45214.1
1684287709 130.27 56.88 2325.39 45367.2
1684287719 125.78 56.95 16841.4 45085.6
1684287729 127.7 56.95 2273.17 44286.8
1684287739 130.27 56.88 2300 45511.3
1684287749 130.05 56.88 2273.17 44832.8
1684287759 128.68 56.88 2297.76 44980.7
1684287769 130.05 56.88 2298.15 45689.4
1684287779 129.56 56.88 2297.76 44680.2
1684287789 126.47 56.95 16781.2 45614.1
1684287799 130.05 56.95 2297.76 44417.2
1684287809 129.58 56.88 2275.39 44396.9
1684287819 130.27 56.88 2300 45011.7
1684287829 130.15 56.88 2273.17 44543.6
1684287839 130.14 56.88 2322.73 45293.7
1684287849 124.21 56.95 14719.5 44876.3
1684287859 130.29 56.95 2293.28 45048.9
1684287869 130.05 56.88 2298.15 44599
1684287879 129.95 56.88 2297.76 45318.2
1684287889 130.24 56.88 2323.12 45913.8
1684287899 129.76 56.95 2299.32 45486.8
1684287909 129.98 56.88 2278.15 44458
1684287919 126.85 56.95 16708.2 45393.8
1684287929 129.92 56.95 2320.86 45555.6
1684287939 130.28 56.88 2300 44880.1
1684287949 129.88 56.88 2253.39 44982.2
1684287959 130.1 56.88 2280.35 44470.9
1684287969 129.98 56.88 2300 45184
1684287979 129.88 56.88 2259.94 44282.8
1684287989 129.39 56.95 17014.7 44564.4
1684287999 129.95 56.88 2298.15 45614.4
1684288009 129.98 56.88 2275 44365.6
1684288019 129.98 56.88 2302.9 45138.1
1684288029 129.85 56.88 2297.76 45420.5
1684288039 129.95 56.88 2298.15 45891.9
1684288049 123.11 56.95 15618.6 45030.7
1684288059 129.68 56.95 2300.39 44954.7
1684288069 129.68 56.88 2275 44496.9
1684288079 129.68 56.88 2325.39 45469.1
1684288089 129.83 56.88 2295.52 45290.8
1684288099 129.98 56.88 2300.39 44651.6
1684288109 130.04 56.88 2324.29 45707.3
1684288119 123.15 56.95 16201.9 45792.2
1684288129 129.68 56.95 2300 44254.7
1684288139 129.76 56.88 2298.15 44458.2
1684288149 130.15 56.88 2297.76 45182.1
1684288159 129.73 56.88 2295.91 44823
1684288169 130.18 56.88 2300 45611.3
1684288179 129.98 56.88 2325.39 45012.5
1684288189 125.95 56.95 16227.9 44508.9
1684288199 129.82 56.95 2320.86 45758.7
1684288209 129.47 56.88 2273.17 44965.5
1684288219 130.35 56.88 2297.76 45457.2
1684288229 130.08 56.95 2300.39 44937.9
1684288239 130.09 56.88 2293.28 44965.5
1684288249 130.08 56.88 2325.39 45390.6
1684288259 127.51 56.95 17015.8 45420.5
1684288269 130.17 56.95 2278.15 44826.7
1684288279 129.8 56.88 2293.28 44659.8
1684288289 129.85 56.88 2298.15 45504
1684288299 129.66 56.88 2272.78 45352.6
1684288309 129.95 56.88 2298.15 45622.6
1684288319 126.94 57.03 16119.1 44958.6
1684288329 129.93 56.95 2246 44224.2
1684288339 129.75 56.88 2282.17 44313.6
1684288349 130.05 56.88 2298.15 45176.6
1684288359 129.56 56.88 2297.76 45351
1684288369 130.04 56.88 2298.15 45212.1
1684288379 122.36 56.95 14341.8 44955.1
1684288389 130.08 56.95 2300.39 45342.2
1684288399 129.98 56.88 2278.12 45087.5
1684288409 129.95 56.88 2273.17 45055.2
1684288419 129.75 56.88 2297.76 45471.6
1684288429 129.66 56.88 2323.12 45453.7
1684288439 130.14 56.88 2247.8 45252.3
1684288449 128.25 56.95 15837.5 44649.1
1684288459 129.58 56.88 2275.39 44539.4
1684288469 129.85 56.88 2298.15 45096.2
1684288479 129.59 56.88 2278.15 44164.4
1684288489 129.86 56.88 2297.76 44757.5
1684288499 130.28 56.88 2300.39 45190.6
1684288509 125.36 56.95 15352.2 44834.7
1684288519 129.86 56.95 2304.39 44569
1684288529 130.14 56.88 2297.76 45206.2
1684288539 129.56 56.88 2273.17 45224.6
1684288549 130.24 56.88 2297.76 45106.7
1684288559 131.31 56.88 2281.76 44892.5
1684288569 122.34 56.93 14470.2 44905
1684288579 129.89 56.95 16953.5 44749.6
1684288589 129.68 56.88 2275 44177.7
1684288599 130.19 56.88 2293.67 44890
1684288609 130.06 56.88 2297.76 44731.3
1684288619 130.01 56.88 2320.86 45233.9
1684288629 130.14 56.88 2297.76 45267.1
1684288639 125.95 56.95 15900.5 44406.6
1684288649 129.85 56.95 2297.76 45043.1
1684288659 129.75 56.88 2299.71 44999.8
1684288669 129.95 56.88 2297.76 44937.8
1684288679 130.44 56.88 2298.15 45774.4
1684288689 130.34 56.88 2322.73 45151.6
1684288699 130.34 56.95 2298.15 44653.3
1684288709 128.32 56.95 16945.3 45652.3
1684288719 129.98 56.88 2275.39 44569.1
1684288729 129.65 56.88 2273.17 44464.4
1684288739 130.24 56.88 2273.17 45704.6
1684288749 130.18 56.88 2300.39 44811.3
1684288759 130.44 56.88 2322.73 45057.9
1684288769 129.69 56.88 2300.39 44672.7
1684288779 129.07 56.95 17518 44790.6
1684288789 129.73 56.88 2270.96 44312.7
1684288799 129.88 56.88 2301.56 45079.3
1684288809 130.24 56.88 2298.15 45269.1
1684288819 130.02 56.88 2295.52 45305.3
1684288829 130.05 56.88 2323.12 45152.8
1684288839 125.17 56.95 15311.6 44617.4
1684288849 129.2 56.95 2228.63 43851.1
1684288859 129.37 56.88 2232.56 44754.7
1684288869 130.03 56.88 2264.34 44350.2
1684288879 130.28 56.88 2293.28 44629.4
1684288889 130.64 56.88 2273.17 44787.9
1684288899 125.17 56.95 14473 45619.5
1684288909 130.34 56.95 2298.15 44879.2
1684288919 130.01 56.88 2295.52 46053.8
1684288929 129.9 56.88 2293.67 45587.2
1684288939 130.14 56.88 2322.73 44958.8
1684288949 130.27 56.88 2325.39 45045.3
1684288959 129.76 56.88 2272.78 44976.4
1684288969 128.33 56.95 16673.4 45038.3
1684288979 129.95 56.88 2297.76 44917.1
1684288989 130.14 56.88 2298.15 45504
1684288999 129.73 56.88 2295.91 44718.5
1684289009 129.83 56.88 2295.91 45092.4
1684289019 129.88 56.88 2302.9 44663.1
1684289029 122.34 56.95 15297.6 44932.3
1684289039 129.59 56.95 2278.15 44480.1
1684289049 129.65 56.88 2282.17 44680.2
1684289059 130.56 56.88 2253.39 44826.3
1684289069 130.61 56.88 2270.57 44724.8
1684289079 129.85 56.88 2323.12 44546.3
1684289089 130.34 56.88 2322.73 45392.8
1684289099 123.61 56.95 15893.1 45360
1684289109 129.66 56.95 2297.76 45273
1684289119 130.04 56.88 2273.17 45157.8
1684289129 129.33 56.88 2255.18 44754.7
1684289139 129.94 56.88 2289.21 44935.3
1684289149 130.08 56.88 2325 45143.4
1684289159 130.05 56.88 2323.12 45269.8
1684289169 125.65 56.95 16210.3 45503.2
1684289179 129.86 56.95 2275.95 44238.1
1684289189 130.18 56.88 2325 45398.1
1684289199 130.25 56.88 2298.15 45009.6
1684289209 130.64 56.88 2347.71 45651.5
1684289219 130.53 56.88 2323.12 45541.1
1684289229 121.67 56.95 14585.7 44289.4
1684289239 130.05 56.95 2381.79 44940.7
1684289249 130.07 56.88 2284.77 44847.3
1684289259 130.05 56.88 2298.15 45443.5
1684289269 129.85 56.88 2273.17 44829.7
1684289279 130.08 56.88 2325 45521.1
1684289289 130.18 56.88 2275.39 44831.6
1684289299 123.62 56.95 15701.5 44753.9
1684289309 129.85 56.95 2298.15 44268.5
1684289319 129.81 56.88 2261.75 44852
1684289329 130.31 56.88 2295.91 45019.9
1684289339 130.04 56.88 2322.73 44859.3
1684289349 130.05 56.88 2298.15 44681.8
1684289359 130.44 56.88 2297.76 45520.4
1684289369 66.11 56.93 15174.2 15037.1

Execution duration: 00:34:10.10
