1684220701 130.63 56.98 2266.14 39270.2
1684220711 129.3 56.91 2253.77 41829.8
1684220721 130.34 56.91 2291.9 43358.1
1684220731 130.24 56.91 2297.76 43817.8
1684220741 129.82 56.91 2295.91 42946.2
1684220751 121.64 56.95 13847.9 42880.7
1684220761 129.75 56.97 16109.7 43625.4
1684220771 130.23 56.9 2288.82 42992.4
1684220781 130.25 56.9 2273.17 43059.9
1684220791 129.92 56.9 2295.52 43274.5
1684220801 130.19 56.9 2262.14 43225.6
1684220811 130.87 56.9 2293.67 42990.1
1684220821 127.58 56.97 15589.5 42862.8
1684220831 129.68 56.9 2275.39 42535.2
1684220841 130.34 56.9 2272.78 43860.3
1684220851 129.92 56.9 2270.96 43268.2
1684220861 129.76 56.9 2272.78 42664.2
1684220871 129.95 56.9 2298.15 43184
1684220881 130.51 56.9 2270.57 43241.3
1684220891 129.14 56.97 17200 42928.7
1684220901 130.28 56.9 2301.56 43051.2
1684220911 130.15 56.9 2248.19 42687.2
1684220921 129.47 56.9 2266.15 43271.6
1684220931 129.83 56.9 2270.96 42734.9
1684220941 129.78 56.9 2259.55 43288.1
1684220951 122.03 56.97 15388.3 42630.4
1684220961 130.05 56.97 2297.76 43353.4
1684220971 130.08 56.9 2275.39 42911.3
1684220981 129.95 56.9 2247.8 42810.2
1684220991 130.5 56.9 2295.91 42982.8
1684221001 130.14 56.9 2274.34 42834.7
1684221011 129.69 56.9 2253.39 42451.8
1684221021 122.15 56.97 15686.7 43201.2
1684221031 129.95 56.97 2273.17 42467.5
1684221041 130.05 56.9 2272.78 42582.6
1684221051 130.05 56.9 2273.17 43227.7
1684221061 129.63 56.9 2270.57 42886.6
1684221071 130.12 56.9 2295.91 42962.2
1684221081 130.05 56.9 2272.78 43441.9
1684221091 121.64 56.95 15711.1 43004.7
1684221101 129.66 56.97 18048.8 42759.4
1684221111 129.68 56.9 2275.39 42101.2
1684221121 130.05 56.9 2272.78 42965.1
1684221131 129.39 56.9 2278.15 42977.6
1684221141 129.68 56.9 2259.55 42751.5
1684221151 129.73 56.9 2295.91 42768.8
1684221161 122.05 56.97 15639.4 43862.6
1684221171 129.62 56.97 2255.18 41751.4
1684221181 129.76 56.9 2273.17 42798.4
1684221191 129.49 56.9 2253 43362.9
1684221201 129.3 56.9 2253.39 42677.8
1684221211 129.84 56.9 2263.95 42725.8
1684221221 130.43 56.9 2273.17 43504.4
1684221231 128 56.97 15737.8 42134.6
1684221241 129.96 56.9 2273.17 43580.9
1684221251 129.66 56.9 2272.78 42918.6
1684221261 129.86 56.9 2273.17 43132.5
1684221271 129.4 56.9 2261.1 42679.7
1684221281 130.05 56.9 2273.17 43102.8
1684221291 130.28 56.9 2293.28 43122.1
1684221301 129.27 56.97 17418.5 42682.5
1684221311 130.83 56.9 2222.83 42167.8
1684221321 130.83 56.9 2223.22 42645.8
1684221331 130.32 56.9 2214.19 42823.3
1684221341 130.66 56.9 2228.63 41873.1
1684221351 131 56.9 2295.52 43863.2
1684221361 122.35 56.97 15314.7 42310.6
1684221371 129.71 56.97 2261.75 43260.6
1684221381 130.08 56.9 2275.39 42426.6
1684221391 129.67 56.9 2266.15 43245.9
1684221401 129.92 56.9 2272.52 43388.7
1684221411 130.12 56.9 2295.52 43349.7
1684221421 129.92 56.9 2295.91 42660.8
1684221431 123.11 56.97 15867.2 42940.6
1684221441 130.08 56.9 2300.39 41922.7
1684221451 129.73 56.9 2245.61 43799.2
1684221461 129.86 56.9 2273.17 42654.4
1684221471 130.31 56.9 2320.47 42939.2
1684221481 130.31 56.9 2297.47 43168.8
1684221491 129.14 56.9 2270.57 43058.5
1684221501 123.73 56.97 16200.4 43203.5
1684221511 130.04 56.9 2272.78 42674.3
1684221521 129.78 56.9 2284.77 42582
1684221531 129.92 56.9 2270.96 43160.2
1684221541 130.74 56.9 2273.17 42945.6
1684221551 129.41 56.9 2243.82 41902.2
1684221561 130.53 56.9 2274.34 43360.4
1684221571 126.51 56.97 16065.9 42424.2
1684221581 129.72 56.9 2230.4 42470.9
1684221591 129.69 56.9 2228.63 42483.9
1684221601 130.24 56.9 2297.76 42518.2
1684221611 129.76 56.9 2298.15 42976.8
1684221621 129.9 56.9 2279.96 43224
1684221631 130.25 56.9 2298.15 42982.6
1684221641 126.61 56.97 16674.8 42746.6
1684221651 129.85 56.9 2273.17 42782.8
1684221661 129.59 56.9 2277.76 42566.7
1684221671 129.46 56.9 2248.19 43171.1
1684221681 130.14 56.9 2297.76 43255
1684221691 129.92 56.9 2270.96 43092.8
1684221701 122.53 56.97 14620.5 42341.2
1684221711 129.85 56.97 2273.17 43093.8
1684221721 129.85 56.9 2247.8 42295.8
1684221731 129.08 56.9 2251.21 42683.3
1684221741 129.97 56.9 2241.25 42820.6
1684221751 129.71 56.9 2255.57 42815.9
1684221761 130.05 56.9 2272.78 43264.8
1684221771 128.52 56.97 15920.3 43182
1684221781 129.11 56.9 2253 42400.4
1684221791 130.05 56.9 2248.19 43364.3
1684221801 129.63 56.9 2270.57 42973.5
1684221811 129.93 56.9 2246 42750.5
1684221821 129.48 56.9 2275 42907.8
1684221831 124.76 56.97 15054 42210.1
1684221841 129.71 56.9 2255.18 41976.4
1684221851 129.66 56.9 2273.17 43361.6
1684221861 129.86 56.9 2297.76 43459.9
1684221871 129.17 56.9 2273.17 42390.6
1684221881 129.3 56.9 2253.39 42590.7
1684221891 122 56.97 14307 43137.6
1684221901 129.59 56.97 2275.39 42691.8
1684221911 129.47 56.9 2272.78 42759.8
1684221921 129.59 56.9 2278.15 42862.3
1684221931 129.57 56.9 2272.78 43493.8
1684221941 130.2 56.97 2259.05 42800.8
1684221951 130.7 56.9 2301.37 42875.6
1684221961 125.75 56.97 15867.3 42870.6
1684221971 129.65 56.9 2297.76 43159.4
1684221981 129.17 56.9 2273.17 42489
1684221991 129.47 56.9 2247.8 43111
1684222001 129.56 56.9 2273.17 43283.5
1684222011 129.85 56.9 2272.78 43103.2
1684222021 129.85 56.9 2274.73 42592.8
1684222031 128.97 56.97 16924.9 43457.9
1684222041 129.75 56.9 2273.17 42237.7
1684222051 129.83 56.9 2295.52 42815.6
1684222061 129.92 56.9 2295.91 43876
1684222071 129.44 56.9 2295.52 42820.7
1684222081 129.86 56.9 2298.15 43360
1684222091 123.3 56.97 15616.4 42749.7
1684222101 129.66 56.9 2273.17 42535
1684222111 129.17 56.9 2272.78 42417.9
1684222121 129.95 56.9 2273.17 43572.7
1684222131 130.04 56.9 2272.78 43209
1684222141 129.99 56.9 2268.74 43226.9
1684222151 129.37 56.9 2272.78 42710.2
1684222161 123.22 56.97 16144.8 42773.1
1684222171 129.36 56.9 2275.9 42741.5
1684222181 129.68 56.9 2275.39 43412.9
1684222191 130.14 56.9 2247.8 43729.6
1684222201 129.78 56.9 2275.39 43059
1684222211 129.95 56.9 2273.17 42932.3
1684222221 129.9 56.9 2243.82 42950.7
1684222231 127.71 56.97 16061.3 42985.4
1684222241 129.1 56.9 2253 42397.7
1684222251 129.36 56.9 2248.19 42749.7
1684222261 129.37 56.9 2247.8 43271.4
1684222271 129.08 56.9 2251.21 42745.1
1684222281 129.13 56.9 2255.18 42861.2
1684222291 126.93 56.97 15172.7 43235.1
1684222301 129.16 56.9 2272.78 42134.6
1684222311 129.27 56.9 2248.19 43559
1684222321 129.44 56.9 2270.57 42447.2
1684222331 128.42 56.97 2187 41818.8
1684222341 129.46 56.97 2272.78 42741.8
1684222351 129.26 56.9 2248.19 43054.1
1684222361 128.46 56.97 16971.9 42094.3
1684222371 129.08 56.97 2048.39 38834.7
1684222381 129.27 56.97 2201.35 41730.2
1684222391 129.76 56.97 2273.17 43298.3
1684222401 129.31 56.9 2293.28 43168.4
1684222411 129.33 56.9 2295.91 42717.7
1684222421 120.98 56.97 15284.7 43413.1
1684222431 128.87 56.97 2324.69 42550.2
1684222441 129.56 56.9 2272.78 42968.2
1684222451 129.26 56.9 2257.75 42750.4
1684222461 129.85 56.9 2297.76 43425.2
1684222471 129.09 56.9 2241.64 42210.1
1684222481 129.98 56.9 2253 42315.7
1684222491 121.57 56.97 15608.6 43008.8
1684222501 129.26 56.97 2272.78 43094.6
1684222511 129.26 56.97 2274.73 42889.4
1684222521 129.07 56.97 2247.8 43213.3
1684222531 129.4 56.9 2253.39 42235.2
1684222541 129.07 56.9 2272.78 43230.1
1684222551 129.26 56.97 2282.54 42981.5
1684222561 123.2 56.97 15651.8 42559.4
1684222571 128.72 56.9 2253.39 42283.9
1684222581 129.28 56.9 2266.15 42643.2
1684222591 129.66 56.9 2298.15 43127.4
1684222601 129.29 56.9 2300 42801.6
1684222611 129.4 56.9 2278.15 42839.1
1684222621 129.5 56.9 2293.28 42904.8
1684222631 127 56.97 16246.8 42916.6
1684222641 129.56 56.9 2272.78 42346.2
1684222651 129.56 56.9 2248.19 42805.1
1684222661 129.27 56.9 2248.19 43431.4
1684222671 129.36 56.9 2247.8 42512.8
1684222682 129.1 56.9 2253.39 42224
1684222691 129.37 56.9 2272.78 43288.6
1684222701 128.42 56.97 17189.8 42612.1
1684222711 129.39 56.9 2251.56 42719.1
1684222721 129.56 56.9 2298.15 43391.6
1684222731 129.46 56.9 2297.76 42612.3
1684222742 129.59 56.9 2278.15 43039.8
1684222752 129.52 56.9 2255.18 42784.9
1684222761 115.63 56.95 15161.7 31528.5
1684222771 4.98 56.95 50 773.44

Execution duration: 00:34:34.34
