1684241532 130.64 56.97 2267.31 39333.8
1684241542 129.57 56.9 2250.82 42164.6
1684241552 129.84 56.9 2258.12 42757.6
1684241562 131.03 56.9 2299.32 44425.8
1684241572 130.34 56.9 2287.22 43753.4
1684241582 122.24 56.96 13981.3 43148.9
1684241592 130.49 56.96 2361.56 43258.2
1684241602 130.13 56.89 2288.82 43259.5
1684241612 129.98 56.89 2259.94 42886.9
1684241622 129.9 56.89 2261.75 42631.1
1684241632 130.27 56.89 2300.39 43135.6
1684241642 129.87 56.89 2292.61 43674.7
1684241652 128.01 56.96 15705.8 43139.3
1684241662 130.16 56.89 2291.44 43242.8
1684241672 130.05 56.89 2273.17 43004.5
1684241682 130.83 56.89 2298.15 44615.8
1684241692 130.7 56.89 2295.52 43043.7
1684241702 130.51 56.89 2320.86 43947.4
1684241712 121.96 56.96 15243.3 42834.7
1684241722 130.04 56.96 2332.17 42439.9
1684241732 129.96 56.89 2267.71 43525.3
1684241742 129.39 56.89 2278.15 42595.4
1684241752 129.88 56.89 2302.51 43085.9
1684241762 130.57 56.89 2300.39 44066.8
1684241772 130.43 56.89 2322.73 43275.3
1684241782 123.83 56.96 15807.4 43809.4
1684241792 130.15 56.89 2297.76 43355.7
1684241802 129.82 56.89 2270.96 42628.8
1684241812 129.93 56.89 2239.07 43137
1684241822 130.21 56.89 2295.91 43517.7
1684241832 130.27 56.89 2301.56 43514.1
1684241842 129.76 56.89 2298.15 43033.8
1684241852 124.19 56.96 16250.5 42943.6
1684241862 130.21 56.89 2320.86 43363.3
1684241872 130.44 56.89 2297.76 43516.1
1684241882 130.02 56.89 2270.96 42949.7
1684241892 130.47 56.89 2300 43619.5
1684241902 130.63 56.89 2298.15 43744.8
1684241912 129.85 56.89 2297.76 42729.4
1684241922 124.44 56.96 16418.7 43802.1
1684241932 130.27 56.89 2300 43072.7
1684241942 129.91 56.89 2295.91 42795.7
1684241952 130.29 56.89 2293.67 43249.8
1684241962 130.24 56.89 2297.76 43310.1
1684241972 130.18 56.89 2278.15 43180.3
1684241982 130.14 56.89 2297.76 43562.9
1684241992 124.78 56.96 16390.2 42601.4
1684242002 129.5 56.89 2268.35 42514.9
1684242012 130.75 56.89 2235.11 43170.1
1684242022 130.83 56.89 2297.76 43096.2
1684242032 130.77 56.89 2268.74 43108.9
1684242042 130.92 56.89 2272.78 42934.6
1684242052 123.53 56.96 14255.1 43190.6
1684242062 129.95 56.96 2272.78 42009.8
1684242072 130.31 56.89 2295.91 43699.8
1684242082 130.07 56.89 2284.38 42829.1
1684242092 130.86 56.89 2300.39 43361.3
1684242102 130.83 56.89 2327.41 43601.6
1684242112 130.14 56.89 2298.15 43278.4
1684242122 124.65 56.96 16052.2 43334.5
1684242132 130.14 56.89 2273.17 42184.6
1684242142 129.56 56.89 2247.8 43285.5
1684242152 130.04 56.89 2257.75 43190.7
1684242162 130.17 56.89 2275 43602.3
1684242172 130.21 56.89 2295.91 43318.1
1684242182 130.14 56.89 2297.76 43198.1
1684242192 126.74 56.96 16390.2 43436.9
1684242202 130.51 56.89 2270.57 42608.6
1684242212 130.15 56.89 2298.15 43119.6
1684242222 130.54 56.89 2322.73 44005.8
1684242232 130.63 56.89 2298.15 43524.3
1684242242 131.02 56.89 2324.68 43056.4
1684242252 130.05 56.89 2273.17 43752.2
1684242262 128.25 56.96 17010.9 42499.4
1684242272 129.82 56.89 2270.57 43150.5
1684242282 129.95 56.89 2298.15 42893.3
1684242292 130.92 56.89 2297.76 43508.3
1684242302 131.16 56.89 2243.82 41678.3
1684242312 129.68 56.89 2254.55 43319.2
1684242322 129.88 56.89 2278.15 42745.1
1684242332 127.68 56.96 17442.5 43159.1
1684242342 130.18 56.89 2300.39 42615.2
1684242352 130.83 56.89 2272.78 43224.6
1684242362 131.14 56.89 2253.39 41989.9
1684242372 130.57 56.89 2293.28 43821.6
1684242382 130.34 56.89 2298.15 43459.9
1684242392 122.03 56.96 15139.2 43279.1
1684242402 129.97 56.96 2302.9 42928.8
1684242412 130.53 56.89 2297.76 43308.9
1684242422 130.05 56.89 2273.17 43046.2
1684242432 130.14 56.89 2297.76 43255.4
1684242442 130.34 56.89 2273.17 43623.8
1684242452 130.51 56.89 2320.47 43089.7
1684242462 123.91 56.96 15892.3 43525.8
1684242472 130.47 56.89 2325 42709
1684242482 129.95 56.89 2273.17 43374.8
1684242492 130.83 56.89 2322.73 43986.3
1684242502 130.7 56.89 2270.96 43272.5
1684242512 130.53 56.89 2297.76 42965.1
1684242522 130.5 56.89 2297.47 43411.3
1684242532 128.69 56.96 16297.4 43074.7
1684242542 130.47 56.96 2275.39 43327.7
1684242552 129.79 56.89 2278.15 42517.2
1684242562 130.28 56.89 2250 43185.6
1684242572 130.17 56.89 2300.39 43993.8
1684242582 129.95 56.89 2297.76 42766.8
1684242592 126.34 56.96 15352.2 42881.2
1684242602 130.47 56.89 2281.25 43129.3
1684242612 129.88 56.89 2235.11 42357.7
1684242622 130.27 56.89 2228.24 42841
1684242632 130.37 56.89 2275.39 43280.9
1684242642 130.5 56.89 2270.57 42977
1684242652 123.71 56.96 14578 43353
1684242662 130.11 56.89 2295.52 42763.3
1684242672 130.44 56.89 2298.15 42973.3
1684242682 130.04 56.89 2272.78 43637.8
1684242692 129.88 56.89 2309.6 43377.7
1684242702 130.11 56.89 2270.57 43057.3
1684242712 130.02 56.89 2295.91 42595.3
1684242722 128.77 56.96 16207.6 43473.2
1684242732 130.12 56.89 2295.91 43187.1
1684242742 130.47 56.89 2300 43693.8
1684242752 130.31 56.89 2295.91 43069.4
1684242762 130.31 56.89 2299.03 42620.3
1684242772 131.63 56.89 2284.38 42906.2
1684242782 124.98 56.96 15538.7 42974.1
1684242792 130.63 56.89 2298.15 43728.4
1684242802 130.24 56.89 2297.76 43225.8
1684242812 130.05 56.89 2323.12 43405.7
1684242822 130.25 56.89 2322.73 44160.4
1684242832 130.12 56.89 2270.96 42775.8
1684242842 130.34 56.89 2298.15 43744
1684242852 129.01 56.96 16816.4 43008.2
1684242862 130.24 56.89 2274.73 42934.6
1684242872 130.16 56.89 2291.05 43117.9
1684242882 130.53 56.89 2323.12 43797.5
1684242892 130.7 56.89 2295.52 43543.5
1684242902 131.25 56.89 2318.6 43475.4
1684242912 123.77 56.96 15490.1 42416
1684242922 130.51 56.96 2270.96 41552.8
1684242932 131.22 56.89 2272.78 43245.7
1684242942 130.73 56.89 2273.17 42949.8
1684242952 130.54 56.89 2322.73 44021.1
1684242962 129.75 56.89 2298.15 42672
1684242972 130.11 56.89 2270.57 43286.9
1684242982 122.92 56.96 15954.7 42555.1
1684242992 130.04 56.96 2272.78 43606.2
1684243002 129.95 56.89 2274.73 42967
1684243012 130.12 56.89 2270.57 43429.6
1684243022 130.3 56.89 2295.91 43621.4
1684243032 130.38 56.89 2293.28 43149.8
1684243042 130.02 56.96 2270.96 43209.4
1684243052 128.56 56.96 16124.8 43095.9
1684243062 130.37 56.89 2300.39 43012.1
1684243072 130.83 56.89 2272.78 44234.5
1684243082 129.39 56.89 2259.94 42888.8
1684243092 129.5 56.89 2277.76 43224.8
1684243102 129.92 56.89 2295.91 43205.1
1684243112 128.23 56.96 15317.6 43898
1684243122 130.41 56.89 2295.91 43296.7
1684243132 131.02 56.89 2298.15 43121.9
1684243142 130.92 56.89 2272.78 44193.6
1684243152 130.24 56.89 2323.12 43108.3
1684243162 130.12 56.89 2245.61 43324
1684243172 123.72 56.96 15041.2 42269.5
1684243182 129.98 56.96 2228.24 41599.2
1684243192 129.2 56.89 2278.15 42718
1684243202 129.69 56.89 2302.51 42912.2
1684243212 130.51 56.89 2320.86 44039.8
1684243222 129.72 56.89 2270.57 42810.9
1684243232 129.61 56.89 2311.85 42926.2
1684243242 124.51 56.96 15925.3 43136.6
1684243252 129.91 56.89 2280.35 43493.5
1684243262 130.15 56.89 2297.76 42988.9
1684243272 130.14 56.89 2298.15 43890.3
1684243282 129.85 56.89 2272.78 42734.8
1684243292 130.53 56.89 2298.15 43790.8
1684243302 129.62 56.89 2255.18 43064.5
1684243312 125.17 56.96 16414.7 42914.2
1684243322 129.46 56.89 2272.78 42972.1
1684243332 129.91 56.89 2280.35 43200
1684243342 129.85 56.89 2297.76 43212.1
1684243352 130.24 56.89 2298.15 43318.2
1684243362 129.53 56.89 2270.57 42637.8
1684243372 129.52 56.89 2280.35 43213.9
1684243382 127.71 56.96 16785.2 43139.1
1684243392 130.05 56.89 2297.76 43096.6
1684243402 129.86 56.89 2273.17 42786.3
1684243412 129.95 56.89 2297.76 43807.2
1684243422 129.4 56.89 2302.9 42685.1
1684243432 130.05 56.89 2297.76 43504
1684243442 123.1 56.96 15148.9 43035.1
1684243452 129.3 56.89 2277.76 42634.4
1684243462 129.56 56.89 2273.17 43674.5
1684243472 129.69 56.89 2243.43 43473.4
1684243482 129.49 56.89 2302.9 43082
1684243492 130.64 56.89 2272.78 42808.6
1684243502 130.34 56.89 2248.19 42825.4
1684243512 125.26 56.96 16198.6 42846.1
1684243522 130.51 56.89 2246 42854.6
1684243532 129.85 56.89 2272.78 42850.3
1684243542 129.88 56.89 2300.39 43369.5
1684243552 130.02 56.89 2320.47 43325.9
1684243562 129.69 56.89 2309.6 43220.2
1684243572 129.43 56.89 2270.57 43631.6
1684243582 49.42 56.94 15189.8 8283.59

Execution duration: 00:34:18.18
