1684296656 131.39 56.95 2289.28 39622.6
1684296666 130.7 56.88 2246.39 43863.6
1684296676 129.78 56.88 2270.8 41596.1
1684296686 130.44 56.88 2274.34 43473.9
1684296696 130.57 56.88 2300.39 44501.9
1684296706 121.95 56.96 14023.8 42865.9
1684296716 130.37 56.96 2300.78 44016.8
1684296726 130.34 56.89 2298.15 44131.1
1684296736 129.63 56.89 2295.91 43413.3
1684296746 130.27 56.89 2302.9 43749.3
1684296756 129.56 56.89 2274.34 42689.6
1684296766 130.27 56.89 2300.39 43927.3
1684296776 128.2 56.95 15851.3 42868.7
1684296786 129.69 56.88 2253.39 42432.9
1684296796 129.85 56.88 2247.8 43349.5
1684296806 129.79 56.88 2253.39 42496.3
1684296816 129.8 56.88 2318.21 43683
1684296826 130.15 56.88 2323.12 43203.1
1684296836 122.36 56.95 15311.3 42938.3
1684296846 130.18 56.95 2300.39 43980.5
1684296856 129.68 56.88 2275 42898.4
1684296866 129.98 56.88 2253.39 43005.4
1684296876 129.88 56.88 2300 43147.3
1684296886 130.15 56.88 2323.12 43376.4
1684296896 129.88 56.88 2300 43273.1
1684296906 123.93 56.95 15855.9 43578.5
1684296916 130.93 56.95 2247.8 42206.8
1684296926 129.95 56.88 2273.17 42416.8
1684296936 130.24 56.88 2247.8 43419.7
1684296946 130.53 56.88 2257.75 41691.5
1684296956 131.42 56.88 2297.76 43317.1
1684296966 130.15 56.88 2298.15 43682.7
1684296976 123.73 56.95 16161.7 43109
1684296986 129.49 56.95 2281.24 42560.5
1684296996 129.95 56.88 2323.12 43403.3
1684297006 129.76 56.88 2297.76 42497.6
1684297016 130.14 56.88 2298.15 44012.1
1684297026 129.88 56.88 2325 42886.7
1684297036 130.08 56.88 2275.39 43581.2
1684297046 123.93 56.95 16402.3 43727.3
1684297056 130.28 56.95 2300.39 43006.2
1684297066 129.86 56.88 2279.02 42705.2
1684297076 129.75 56.88 2248.19 43436.5
1684297086 129.85 56.88 2297.76 42972.9
1684297096 130.05 56.88 2298.15 42735.6
1684297106 129.88 56.88 2300 43305.1
1684297116 124.49 56.95 16299.7 42961.9
1684297126 130.47 56.95 2275 43493.8
1684297136 129.83 56.88 2270.96 43282.3
1684297146 130.27 56.88 2300 43556.2
1684297156 129.98 56.88 2300.39 43729.7
1684297166 130.47 56.88 2303.12 42873.4
1684297176 123.2 56.95 14224.2 42566.5
1684297186 129.76 56.95 2272.78 42985.8
1684297196 129.66 56.88 2273.17 42857
1684297206 129.85 56.88 2322.73 43235.5
1684297216 129.92 56.88 2295.91 43304.9
1684297226 130.27 56.88 2304.69 43686.3
1684297236 129.74 56.88 2289.21 42730
1684297246 124.31 56.95 16033.6 43194.5
1684297256 130.02 56.95 2295.91 43308
1684297266 129.76 56.88 2297.76 43146.9
1684297276 129.95 56.88 2273.17 42694.6
1684297286 129.63 56.88 2277.2 42941.5
1684297296 130.1 56.88 2302.64 43340.8
1684297306 129.48 56.88 2291.44 42761.1
1684297316 126.27 56.95 16380.9 43655.5
1684297326 129.47 56.88 2273.17 42679
1684297336 129.85 56.88 2272.78 43109.1
1684297346 129.49 56.88 2278.15 42504.4
1684297356 129.69 56.88 2285.93 43224.4
1684297366 129.85 56.88 2298.15 43287
1684297376 129.85 56.88 2297.76 43232.8
1684297386 127.93 56.95 17060.5 43692.2
1684297396 129.59 56.88 2253 43083.9
1684297406 130.04 56.88 2314.09 43811.1
1684297416 130.02 56.88 2320.47 44323.2
1684297426 129.39 56.88 2302.9 42210.4
1684297436 130.17 56.88 2331.25 43981.6
1684297446 129.98 56.88 2300.39 43376.9
1684297456 128.09 56.95 17536 42699.3
1684297466 129.99 56.88 2268.74 43331.7
1684297476 129.25 56.88 2248.65 42052.1
1684297486 130.18 56.88 2300.39 43431.2
1684297496 129.91 56.88 2286.6 42695.9
1684297506 130.24 56.88 2298.15 43456.8
1684297516 122.54 56.95 15253.9 43272.6
1684297526 130.15 56.95 2309.08 43865.8
1684297536 130.71 56.88 2295.52 43600.4
1684297546 130.17 56.88 2300.39 43338.3
1684297556 129.77 56.88 2291.05 43287.9
1684297566 129.75 56.88 2298.15 43884.9
1684297576 129.5 56.88 2278.15 42453
1684297586 123.31 56.95 15877.4 42369.1
1684297596 129.56 56.95 2275.95 43161
1684297606 129.66 56.88 2297.76 43160.2
1684297616 129.88 56.88 2303.52 42961.7
1684297626 129.88 56.88 2300 43425.8
1684297636 130.14 56.88 2273.17 43402.2
1684297646 129.75 56.88 2272.78 43415
1684297656 129.21 56.95 16254.9 42877
1684297666 130.58 56.88 2293.28 43465.2
1684297676 129.64 56.88 2264.34 43000.2
1684297686 129.98 56.88 2300 42837.1
1684297696 130.05 56.88 2298.15 43152.8
1684297706 129.86 56.88 2297.76 43689.4
1684297716 126.44 56.95 15452.1 43465
1684297726 129.38 56.88 2287.48 42558.3
1684297736 130.05 56.88 2273.17 43363.1
1684297746 129.85 56.88 2297.76 43099.7
1684297756 130.08 56.88 2300.39 44316.4
1684297766 129.78 56.88 2275 42910.2
1684297776 123.61 56.95 14745.2 43419.2
1684297786 129.66 56.95 2272.78 42393
1684297796 129.66 56.88 2298.15 43354.2
1684297806 130.24 56.88 2297.76 43665.6
1684297816 129.95 56.88 2298.15 43187.9
1684297826 130.08 56.88 2275 43487.9
1684297836 130.15 56.88 2298.15 43219.5
1684297846 129.09 56.95 16445.7 42561.3
1684297856 129.65 56.88 2273.17 43368.6
1684297866 130.05 56.88 2298.15 43342.4
1684297876 129.98 56.88 2300 43906.6
1684297886 129.78 56.88 2300.39 42733.6
1684297896 130.73 56.88 2305.17 43383
1684297906 126.05 56.95 15769.8 43280.8
1684297916 129.55 56.95 2273.17 42954.2
1684297926 130.08 56.88 2300.39 43327.7
1684297936 129.75 56.88 2272.78 43422.1
1684297946 129.85 56.88 2298.15 43569.9
1684297956 129.95 56.88 2322.73 43049.8
1684297966 129.96 56.88 2298.15 43447
1684297976 129.27 56.95 16936.2 42766.8
1684297986 129.85 56.88 2273.17 42343.4
1684297996 130.16 56.88 2284.38 43367.2
1684298006 129.57 56.88 2291.44 42652.5
1684298016 129.98 56.88 2300 42925
1684298026 130.32 56.88 2314.09 43772.2
1684298036 123.13 56.95 15605.1 43069.3
1684298046 130.05 56.95 2298.15 42887.4
1684298056 129.79 56.88 2277.76 43125.7
1684298066 129.95 56.95 2298.15 43162.9
1684298076 130.17 56.88 2275 43333.2
1684298086 129.79 56.88 2253.39 42483.2
1684298096 129.69 56.88 2278.15 43557.1
1684298106 124.2 56.95 16219.7 43472.8
1684298116 129.63 56.95 2270.96 42739.6
1684298126 129.47 56.88 2275.9 42613.1
1684298136 129.86 56.88 2273.17 43415.4
1684298146 129.76 56.88 2272.78 43689.8
1684298156 129.98 56.88 2278.15 42435.2
1684298166 129.27 56.88 2247.8 42940.1
1684298176 128.32 56.95 16176.9 43226.2
1684298186 129.36 56.88 2247.8 43129.4
1684298196 129.56 56.88 2248.19 43225
1684298206 129.58 56.88 2266.15 42805.8
1684298216 129.88 56.88 2300.39 43415.2
1684298226 129.76 56.88 2297.76 43806.4
1684298236 127.54 56.95 15312.5 42860.2
1684298246 130.12 56.88 2270.57 42728.7
1684298256 129.98 56.88 2300.39 43253.9
1684298266 129.92 56.88 2295.52 43602.7
1684298276 129.89 56.88 2293.67 43038.4
1684298286 129.98 56.88 2303.12 43147.7
1684298296 122.15 56.95 15107.1 42582.2
1684298306 129.58 56.95 2275 42966
1684298316 129.58 56.88 2300.39 43050.8
1684298326 129.59 56.88 2300 43704.7
1684298336 129.98 56.88 2325.39 43508.6
1684298346 130.35 56.95 2323.12 43614.8
1684298356 130.08 56.88 2325 43493.4
1684298366 124.69 56.95 15997.3 43151.2
1684298376 129.66 56.95 2297.76 42964.7
1684298386 129.95 56.88 2273.17 43316.3
1684298396 129.29 56.88 2275 43461.7
1684298406 130.08 56.88 2300.39 43582
1684298416 129.85 56.88 2297.76 42905
1684298426 129.56 56.88 2298.15 43098.9
1684298436 125.17 56.95 16492.1 42860.1
1684298446 129.95 56.95 2298.15 43434.9
1684298456 130.02 56.88 2320.47 43471.7
1684298466 130.44 56.88 2298.15 43845.1
1684298476 129.77 56.88 2294.16 43310.1
1684298486 129.68 56.88 2325.39 42895.3
1684298496 129.98 56.88 2325 44218.4
1684298506 127.54 56.95 16851.6 43171.1
1684298516 129.21 56.88 2277.76 41830.6
1684298526 129.75 56.88 2298.15 43954.3
1684298536 129.88 56.88 2300 42648.4
1684298546 129.69 56.88 2302.9 43162.5
1684298556 129.52 56.88 2304.74 43173.3
1684298566 123.83 56.95 15228.5 43255.1
1684298576 129.49 56.95 2275 43138.7
1684298586 129.33 56.88 2255.57 42273
1684298596 130.18 56.88 2300.39 44065.6
1684298606 129.88 56.88 2300 43092.6
1684298616 130.18 56.88 2325.39 43978.1
1684298626 129.95 56.88 2272.78 43431.4
1684298636 125.03 56.95 16141.5 41776.2
1684298646 129.51 56.88 2293.28 42803.5
1684298656 130.08 56.88 2275.39 43439.8
1684298666 129.78 56.88 2300 43961.3
1684298676 129.46 56.88 2301.27 43182.8
1684298686 129.65 56.88 2272.78 42814.1
1684298696 121.65 56.93 14454 42508.7
1684298706 45.8 56.93 15227.3 7221.48

Execution duration: 00:34:18.18
