1684282941 166.6 56.93 0 0
1684282946 161.35 56.93 6 45.03
1684282951 147.83 56.93 0 0
1684282956 101.14 56.93 0 136.14
1684282961 100.77 56.86 0 0
1684282966 100.19 56.86 0 0
1684282971 100.38 56.86 0 0
1684282976 100.38 56.86 0 0
1684282981 100.38 56.86 0 0
1684282986 100.19 56.93 0 0
1684282991 100 56.86 0 0
1684282996 100.57 56.86 0 0
1684283001 100.57 56.86 0 0
1684283006 100.57 56.86 0 0
1684283011 100.57 56.86 0 0
1684283016 100.38 56.86 0 0
1684283021 100.19 56.86 0 0
1684283026 100.38 56.86 0 0
1684283031 100.57 56.86 0 0
1684283036 100.57 56.86 0 0
1684283041 59.77 56.93 0 0

Execution duration: 00:01:46.46
