1684253005 104.96 56.94 0 0
1684253010 104.55 56.94 18.22 181.4
1684253015 105.15 56.94 0 0
1684253020 106.09 56.94 0 0
1684253025 105.16 56.94 0 0
1684253030 105.73 56.94 0 0
1684253035 108.21 56.94 0 0
1684253040 105.72 56.94 0 0
1684253045 105.15 56.94 0 0
1684253050 104.93 56.94 0 0
1684253055 105.15 56.94 0 0
1684253060 106.3 56.94 0 0
1684253065 105.73 56.94 0 0
1684253070 105.34 56.94 0 0
1684253075 105.34 56.94 0 0
1684253080 105.34 56.94 0 0
1684253085 105.53 56.94 0 0
1684253090 105.53 56.94 0 0
1684253095 105.53 56.94 0 0
1684253100 105.34 56.94 0 0
1684253105 105.91 56.94 0 0
1684253110 106.87 56.94 0 0
1684253115 102.99 56.94 0 0
1684253120 105.52 56.94 0 0
1684253125 105.16 56.94 0 0
1684253130 105.15 56.94 0 0
1684253135 105.15 56.94 0 0
1684253140 105.34 56.94 0 0
1684253145 105.15 56.94 0 0
1684253150 105.34 56.94 0 0
1684253155 105.34 56.94 0 0
1684253160 105.92 56.94 0 0
1684253165 105.14 56.94 0 0
1684253170 105.92 56.94 0 0
1684253175 105.34 56.94 0 0
1684253180 105.15 56.94 0 0
1684253185 105.14 56.94 0 0
1684253190 79.54 56.94 0 0

Execution duration: 00:03:13.13
