1684294030 122.58 56.86 0 5161.29
1684294031 126.61 56.86 0 24935.5
1684294032 120.63 56.93 3.17 5082.54
1684294033 123.58 56.86 0 5206.5
1684294034 122.76 56.86 0 5206.5
1684294035 123.81 56.86 0 5082.54
1684294036 127.64 56.86 0 5206.5
1684294037 129.27 56.86 0 5206.5
1684294038 133.33 56.86 0 5206.5
1684294039 129.27 56.86 0 5206.5
1684294040 129.03 56.86 0 5164.52
1684294041 123.81 56.86 0 5082.54
1684294042 127.2 56.86 0 5123.2
1684294043 117.02 56.86 0 4541.84
1684294044 121.83 56.86 0 4509.86
1684294045 130.65 56.86 0 5164.52
1684294046 124.6 56.86 0 5082.54
1684294047 125.6 56.86 0 5123.2
1684294048 133.87 56.86 119.35 5409.68
1684294049 61.9 56.93 1479.37 5869.84

Execution duration: 00:00:23.23
