1684235021 119.2 56.88 3.2 288
1684235022 119.05 56.88 3.17 34.92
1684235023 118.55 56.88 0 3.23
1684235024 120.8 56.88 0 0
1684235025 122.22 56.88 0 0
1684235026 121.95 56.88 0 0
1684235027 122.22 56.88 0 0
1684235028 123.39 56.88 0 0
1684235029 121.14 56.88 0 0
1684235030 124.19 56.88 0 0
1684235031 124.19 56.88 0 0
1684235032 125.2 56.88 0 0
1684235033 123.66 56.88 0 0
1684235034 128.46 56.88 0 0
1684235035 125 56.88 0 0
1684235036 119.84 56.88 0 0
1684235037 125 56.88 0 0
1684235038 89.6 56.95 1462.4 1433.6
1684235039 0.81 56.88 0 3486.18

Execution duration: 00:00:21.21
