1684214180 166.67 56.95 0 0
1684214185 159.92 56.95 23.97 179.03
1684214190 149.63 56.95 0 0
1684214195 102.67 56.95 0 0
1684214200 100.57 56.88 0 0
1684214205 100.57 56.88 0 0
1684214210 100.38 56.88 0 0
1684214215 100.76 56.88 0 0
1684214220 100.57 56.88 0 0
1684214225 100.38 56.88 0 0
1684214230 100.38 56.88 0 0
1684214235 100.57 56.88 0 0
1684214240 100.57 56.88 0 0
1684214245 100.19 56.88 0 0
1684214250 100.38 56.88 0 0
1684214255 100.19 56.88 0 0
1684214260 100 56.88 0 0
1684214265 100.38 56.88 0 0
1684214270 100.76 56.88 0 0
1684214275 100.38 56.88 0 0
1684214280 49.14 56.95 0 0

Execution duration: 00:01:46.46
