1684280821 121.77 56.93 3.23 319.35
1684280822 119.2 56.86 0 28.8
1684280823 121.6 56.86 0 0
1684280824 122.22 56.86 0 0
1684280825 121.14 56.86 0 0
1684280826 122.22 56.86 0 0
1684280827 124.39 56.86 0 0
1684280828 122.76 56.86 0 0
1684280829 119.05 56.86 0 0
1684280830 120 56.86 0 0
1684280831 121.6 56.86 0 0
1684280832 120.3 56.86 0 0
1684280833 120.8 56.86 0 0
1684280834 120.63 56.86 0 0
1684280835 128.46 56.86 0 0
1684280836 115.04 56.86 0 0
1684280837 116.41 56.86 0 0
1684280838 124 56.86 0 0
1684280839 132.52 56.93 1304.07 2234.15
1684280840 29.13 56.93 1262.99 3855.12

Execution duration: 00:00:23.23
