1684253252 130.9 56.97 2260.81 39812.5
1684253262 129.78 56.9 2235.5 41420.4
1684253272 130.48 56.9 2245.38 43616.4
1684253282 130.28 56.9 2296.4 45039.1
1684253292 129.9 56.9 2268.74 43698.9
1684253302 122.15 56.94 13852.1 43827.1
1684253312 129.53 56.96 16113.1 44132.9
1684253322 129.76 56.89 2277.11 43062
1684253332 129.92 56.89 2246 43806.2
1684253342 130.02 56.89 2270.96 43926.3
1684253352 129.98 56.89 2279.69 43296.3
1684253362 130.61 56.89 2295.91 44294
1684253372 127.55 56.96 15621 43091.3
1684253382 129.55 56.89 2264.34 42665.5
1684253392 130.05 56.89 2250.82 42581.3
1684253402 130.25 56.89 2273.17 43333.1
1684253412 129.31 56.89 2268.35 42795.7
1684253422 129.86 56.89 2275.95 42716.1
1684253432 129.73 56.89 2272.13 43150.9
1684253442 128.92 56.96 17208.2 43255.3
1684253452 129.21 56.89 2253 41774.8
1684253462 130.02 56.89 2295.91 43355.2
1684253472 129.83 56.89 2295.52 42611.3
1684253482 129.47 56.89 2275.95 42618.7
1684253492 129.85 56.89 2297.76 43564.9
1684253502 122.41 56.96 15452.2 42909.6
1684253512 129.72 56.96 2279.96 42268
1684253522 129.42 56.89 2238.83 42972.4
1684253532 129.55 56.89 2263.95 42793.8
1684253542 129.56 56.89 2273.17 42627.9
1684253552 130.24 56.89 2299.32 43880.6
1684253562 130.21 56.89 2295.91 43150.1
1684253572 122.74 56.96 15821.3 42983.4
1684253582 129.6 56.96 2286.99 42739.8
1684253592 130.01 56.89 2295.52 42782.1
1684253602 129.72 56.89 2295.91 43269.4
1684253612 129.53 56.89 2295.52 42910.3
1684253622 129.82 56.89 2297.47 43485.4
1684253632 130.02 56.89 2270.57 42907.6
1684253642 121.96 56.96 15977.8 43031
1684253652 129.83 56.96 2270.57 42582.8
1684253662 130.02 56.89 2270.96 42747
1684253672 129.94 56.89 2214.19 42408.9
1684253682 129.66 56.89 2275.95 43037.3
1684253692 130.35 56.96 2298.15 42861.7
1684253702 130.04 56.89 2273.17 43488
1684253712 122.13 56.96 15728.7 42762.6
1684253722 130.51 56.96 2270.57 42820.7
1684253732 129.8 56.89 2243.82 42305.7
1684253742 130.24 56.89 2297.76 43690.2
1684253752 130.12 56.89 2270.96 43341.1
1684253762 130.7 56.89 2270.57 43022.6
1684253772 130.34 56.89 2298.15 43304.2
1684253782 128.46 56.96 15845.6 42729.8
1684253792 129.32 56.89 2243.82 42566.7
1684253802 129.63 56.89 2270.57 43017.2
1684253812 130.04 56.89 2248.19 42752.8
1684253822 130.34 56.89 2297.76 42805.1
1684253832 129.73 56.89 2270.96 42823.8
1684253842 121.95 56.94 15243.7 43395.1
1684253852 129.23 56.96 17431.8 42476.1
1684253862 129.8 56.89 2268.35 42652.4
1684253872 129.89 56.89 2268.74 43170.8
1684253882 129.52 56.89 2263.3 42626.4
1684253892 130.05 56.89 2298.15 43788.5
1684253902 129.85 56.89 2275.56 42472.3
1684253912 123.18 56.96 15534.2 42764.6
1684253922 128.92 56.89 2228.24 42769.1
1684253932 129.08 56.89 2251.21 41943.6
1684253942 130.34 56.89 2297.76 43244.1
1684253952 129.53 56.89 2295.91 43149.3
1684253962 130.41 56.89 2297.08 43102.9
1684253972 130.35 56.89 2241.64 42752.9
1684253982 124.16 56.96 15965.2 41952.1
1684253992 129.47 56.89 2275.95 43023.8
1684254002 129.6 56.89 2293.28 42356.4
1684254012 130.02 56.89 2295.91 43288.9
1684254022 129.73 56.89 2270.57 43106.8
1684254032 129.75 56.89 2274.73 43110.6
1684254042 130.05 56.89 2322.73 42979.5
1684254052 124.26 56.97 16494.7 42697.5
1684254062 129.69 56.9 2268.74 43021.2
1684254072 130.31 56.9 2295.52 43610.5
1684254082 129.68 56.9 2241.64 42408.6
1684254092 129.68 56.9 2309.21 42908.6
1684254102 129.63 56.9 2295.91 42683
1684254112 129.9 56.9 2261.75 42452.4
1684254122 126.28 56.96 16334.1 42599.4
1684254132 129.39 56.89 2259.55 42958.3
1684254142 129.5 56.89 2243.82 42410.5
1684254152 130.12 56.89 2295.52 43664.3
1684254162 129.35 56.89 2270.96 42655.8
1684254172 129.98 56.89 2277.76 42928.4
1684254182 129.34 56.89 2270.96 42644.8
1684254192 127.84 56.96 16941.6 43546.8
1684254202 129.6 56.89 2268.74 42096.6
1684254212 129.69 56.89 2253 42608.1
1684254222 129.75 56.89 2299.71 43204.3
1684254232 129.92 56.89 2270.57 43244.4
1684254242 129.95 56.89 2298.15 43433.4
1684254252 124.14 56.96 15095.6 42710
1684254262 129.73 56.89 2270.96 42846.4
1684254272 129.6 56.89 2243.43 43038.4
1684254282 129.49 56.89 2253.39 42924.6
1684254292 130.02 56.89 2270.57 43134.1
1684254302 129.79 56.89 2268.74 42405.4
1684254312 121.85 56.94 14028.1 43448.6
1684254322 129.03 56.96 16222.1 42741.8
1684254332 129.92 56.89 2270.57 42591.8
1684254342 130.12 56.89 2246 43149.7
1684254352 129.73 56.89 2270.57 42859.3
1684254362 130.26 56.89 2291.44 43449
1684254372 130.51 56.89 2270.57 43163.7
1684254382 127.27 56.96 15546.6 42866.6
1684254392 129.73 56.89 2270.96 42904.1
1684254402 129.8 56.89 2293.28 43370.2
1684254412 129.8 56.89 2268.74 42904.8
1684254422 130.21 56.89 2295.52 43347.8
1684254432 129.53 56.89 2295.91 42672.5
1684254442 123.91 56.96 14929.2 43516.9
1684254452 129.83 56.89 2295.91 42783.6
1684254462 130.11 56.89 2270.57 43526.7
1684254472 129.26 56.89 2264.34 42251.5
1684254482 129.55 56.89 2282.95 42877.9
1684254492 130.97 56.89 2300.68 43751.1
1684254502 130.7 56.89 2275.64 42889.3
1684254512 127.64 56.96 16304.5 42530.2
1684254522 129.92 56.89 2295.52 43067.1
1684254532 129.89 56.89 2293.67 43288.4
1684254542 130.02 56.89 2270.57 43104.5
1684254552 130.02 56.89 2295.91 44097.1
1684254562 129.94 56.89 2257.36 42278.3
1684254572 123.48 56.96 15253.3 42493.1
1684254582 129.33 56.89 2270.57 42622.6
1684254592 129.76 56.89 2251.21 42814.3
1684254602 129.92 56.89 2295.52 43302.5
1684254612 129.85 56.89 2298.15 42962.3
1684254622 129.53 56.89 2270.57 42933.7
1684254632 129.95 56.89 2275.95 42967.7
1684254642 126.03 56.96 16238.6 43327.9
1684254652 129.63 56.89 2270.96 42382.1
1684254662 129.56 56.89 2300.29 42493.1
1684254672 129.73 56.89 2246 42764.1
1684254682 129.08 56.89 2250.82 42385.7
1684254692 129.67 56.89 2275.95 42976.6
1684254702 129.83 56.89 2295.91 43456.9
1684254712 125.84 56.96 16752.8 42573.1
1684254722 129.34 56.89 2249.12 42998.8
1684254732 129.28 56.89 2250.82 43061.3
1684254742 130.25 56.89 2273.17 42614.2
1684254752 129.54 56.89 2245.61 42744.6
1684254762 129.65 56.89 2257.75 42549.2
1684254772 122.71 56.96 14372.2 43202.7
1684254782 129.4 56.96 2243.82 42481.8
1684254792 129.7 56.89 2268.35 43182.1
1684254802 130.02 56.89 2246 43489.7
1684254812 129.82 56.89 2270.57 42774.7
1684254822 129.55 56.89 2282.56 42961.2
1684254832 121.55 56.94 13393.2 42989
1684254842 129.13 56.96 15674.7 42436.4
1684254852 129.08 56.89 2226.09 42455.7
1684254862 130.01 56.89 2255.57 42610.3
1684254872 129.82 56.89 2270.57 43154.8
1684254882 129.73 56.89 2272.52 43091.2
1684254892 129.44 56.89 2270.57 42293.2
1684254902 123.87 56.96 15406.4 42725
1684254912 130.02 56.89 2295.52 43261.2
1684254922 129.53 56.89 2246 42378.6
1684254932 129.82 56.89 2295.52 43294.3
1684254942 129.85 56.89 2273.17 42674.7
1684254952 130.41 56.89 2295.52 43068.6
1684254962 129.73 56.89 2270.96 43437.4
1684254972 124.73 56.96 16114.4 42250.1
1684254982 129.57 56.89 2291.44 42550.6
1684254992 129.44 56.89 2270.57 43203.1
1684255002 129.63 56.89 2270.96 43501.4
1684255012 129.44 56.89 2295.52 43150.9
1684255022 129.5 56.89 2268.74 42929.3
1684255032 129.59 56.89 2253 42913
1684255042 125.83 56.96 16621.3 42394.6
1684255052 129.51 56.89 2293.67 42614.2
1684255062 129.82 56.89 2270.57 42749.7
1684255072 129.76 56.89 2249.75 43201.2
1684255082 129.82 56.89 2295.52 43098.2
1684255092 129.83 56.89 2295.91 42908.4
1684255102 130.18 56.89 2293.28 43705.9
1684255112 128.29 56.96 16985 42951.8
1684255122 129.51 56.89 2293.28 42424.9
1684255132 129.47 56.89 2275.95 42533.7
1684255142 129.73 56.89 2295.52 43497.5
1684255152 129.92 56.89 2320.86 43135.3
1684255162 129.34 56.89 2295.52 42474.1
1684255172 123.75 56.96 15283.7 43403.3
1684255182 128.81 56.89 2259.55 41859.6
1684255192 130.05 56.89 2248.19 43025.6
1684255202 129.29 56.89 2266.15 42827.2
1684255212 129.53 56.89 2270.96 42575.8
1684255222 130.22 56.89 2270.57 43720.9
1684255232 129.89 56.89 2268.74 42824.2
1684255242 125.34 56.96 16232.8 42713.1
1684255252 129.66 56.89 2248.19 42545.6
1684255262 129.05 56.89 2245.61 42975.8
1684255272 129.17 56.89 2279.04 42467.2
1684255282 129.31 56.89 2268.35 42503.6
1684255292 129.66 56.89 2275.95 43468.6
1684255302 129.41 56.89 2268.35 43348.4
1684255312 49.61 56.94 15193 8143.47

Execution duration: 00:34:28.28
