1684293612 114.31 56.93 2.29 20358
1684293617 118.51 56.86 3.05 34807.6
1684293622 120.19 56.86 0.76 41732.6
1684293627 120.57 56.86 0 45331.3
1684293632 121.55 56.86 9.07 47948.6
1684293637 122.9 56.86 0 50571.8
1684293642 122.9 56.86 0.76 50614.5
1684293647 122.9 56.86 0.76 50653.4
1684293652 122.67 56.86 0 50512
1684293657 122.28 56.86 0.75 50660.7
1684293662 124.67 56.86 0 55592.3
1684293667 123.86 56.86 0.76 55099.2
1684293672 124.43 56.86 0 55451.9
1684293677 123.67 56.86 0.76 55130.3
1684293682 124.05 56.86 0.76 55423.7
1684293687 123.22 56.86 0 55074.2
1684293692 124.34 56.86 0.75 57883.9
1684293697 124.81 56.86 0 58925.9
1684293702 124.24 56.86 0.76 55590.8
1684293707 123.47 56.86 0.76 53013
1684293712 124.29 56.86 0 58171
1684293717 123.85 56.86 0.76 54348.8
1684293722 117.89 56.86 0 34171
1684293727 119.12 56.86 0.76 36514.7
1684293732 119.31 56.86 0 36685.3
1684293737 118.7 56.86 0.76 36163.4
1684293742 120.42 56.86 0.76 42109.9
1684293747 120.23 56.86 0 42047.3
1684293752 119.47 56.86 0.76 39423.7
1684293757 121.56 56.86 0.76 46104.6
1684293762 121.22 56.86 0 42849.7
1684293767 121.18 56.86 0.76 45319.1
1684293772 121.18 56.86 0 45742
1684293777 120.42 56.86 0.76 44184
1684293782 118.7 56.86 0 37443.5
1684293787 118.89 56.86 0.76 38058.8
1684293792 119.05 56.86 0 37947.4
1684293797 118.67 56.86 0 39075.8
1684293802 119.85 56.86 0.76 41203.1
1684293807 120.42 56.86 0 43616.8
1684293812 118.51 56.86 0.76 36648.1
1684293817 118.7 56.86 0 36480.2
1684293822 119.27 56.86 0.76 38180.9
1684293827 119.47 56.86 0 39572.5
1684293832 119.27 56.86 0.76 38690.8
1684293837 119.47 56.86 0 38355.7
1684293842 117.7 56.86 0.75 34315.6
1684293847 117.94 56.86 0 34742
1684293852 118.51 56.86 0.76 35630.5
1684293857 117.94 56.86 0 33407.6
1684293862 118.51 56.86 0 35547.3
1684293867 117.56 56.86 0.76 32474
1684293872 117.75 56.86 0 32566.4
1684293877 117.75 56.86 0.76 32839.7
1684293882 117.56 56.86 0 31867.2
1684293887 117.37 56.86 0.76 31900.8
1684293892 117.61 56.86 0 33102.3
1684293897 117.56 56.86 0.76 32180.2
1684293902 117.37 56.86 0 30759.5
1684293907 117.33 56.86 0 32160
1684293912 118.13 56.86 0 33492.4
1684293917 117.56 56.86 0 32275.6
1684293922 118.13 56.86 0 33421.4
1684293927 117.75 56.86 0 33094.7
1684293932 117.3 56.86 0 33111.8
1684293937 117.71 56.86 0 34265.9
1684293942 117.94 56.86 0 34578.6
1684293947 117.55 56.86 0 34074
1684293952 118.51 56.86 0 35916.8
1684293957 118.32 56.86 0 35384
1684293962 118.32 56.86 0 35471.8
1684293967 117.08 56.86 0 33007.2
1684293972 118.13 56.86 0 35135.1
1684293977 118.13 56.86 0 35790.1
1684293982 117.98 56.86 0 34981.3
1684293987 118.51 56.86 0 35613.7
1684293992 118.13 56.86 0 35034.3
1684293997 117.18 56.86 0 32309.9
1684294002 118.32 56.86 0 35564.9
1684294007 117.97 56.86 0 34769.4
1684294012 117.94 56.86 0 33761.8
1684294017 101.15 56.93 9.92 53758.8

Execution duration: 00:06:53.53
