1684287277 116.54 56.86 3.01 270.68
1684287278 120 56.86 0 28.8
1684287279 120.33 56.86 0 0
1684287280 118.9 56.86 0 0
1684287281 120.97 56.93 0 0
1684287282 122.22 56.86 0 0
1684287283 120.16 56.86 0 0
1684287284 123.62 56.86 0 0
1684287285 121.14 56.86 0 0
1684287286 128.35 56.86 0 0
1684287287 122.58 56.86 0 0
1684287289 122.86 56.86 0 0
1684287289 126.02 56.86 0 0
1684287290 130.89 56.86 0 0
1684287291 121.43 56.86 0 0
1684287292 129.03 56.86 0 0
1684287293 125.41 56.86 0 0
1684287294 123.62 56.86 0 0
1684287295 126.4 56.86 0 0
1684287296 86.99 56.93 1388.62 1466.67

Execution duration: 00:00:23.23
