1684224908 114.64 56.88 0 22256.3
1684224913 119.43 56.95 3.81 34666.7
1684224918 121.14 56.88 0 42234.7
1684224923 123.24 56.88 0.76 53801.9
1684224928 123.43 56.88 0 48728.4
1684224933 124.33 56.88 0.76 51335.4
1684224938 124.9 56.88 0 53619
1684224943 124.81 56.88 0.76 56962.6
1684224948 123.73 56.88 0.75 61125.4
1684224953 124.33 56.88 0 55626.6
1684224958 124.62 56.88 0.76 53771
1684224963 124.57 56.88 0 54384
1684224968 125.9 56.88 0.76 65648.8
1684224973 125.52 56.88 0.76 58358.1
1684224978 125.71 56.88 0 59228.9
1684224983 125.95 56.88 0.76 59171.8
1684224988 125.52 56.88 0 58882.3
1684224993 125.71 56.88 0.76 59273.1
1684224998 126.67 56.88 0.76 62307.8
1684225003 126.48 56.88 0 61689.9
1684225008 127.05 56.88 0.76 67594.7
1684225013 126.34 56.88 0 63993.9
1684225018 125.47 56.88 0.75 68089.9
1684225023 124.81 56.88 0 62758.3
1684225028 121.9 56.88 0.76 45966.5
1684225033 120.95 56.88 0.76 44976
1684225038 121.14 56.88 0 48294.9
1684225043 122.14 56.88 0.76 47552.7
1684225048 121.76 56.88 0.76 45937.4
1684225053 121.37 56.88 0 44674.8
1684225058 118.67 56.88 0.76 37338.7
1684225063 119.47 56.88 0.76 42621.4
1684225068 120.79 56.88 0 49533.5
1684225073 120 56.88 0 44943.2
1684225078 119.43 56.88 0.76 42718.5
1684225083 118.73 56.88 0 37781.3
1684225088 117.75 56.88 0.76 36232.1
1684225093 117.71 56.88 0.76 37513.1
1684225098 118.86 56.88 0 40407.6
1684225103 120.57 56.88 0.76 48041.9
1684225108 120.95 56.88 0 46998.9
1684225113 120.97 56.88 0.75 48209
1684225118 118.49 56.88 0 39704.9
1684225123 120.04 56.88 0.76 42858
1684225128 119.47 56.88 0 42856.5
1684225133 120.19 56.88 0.75 42313.3
1684225138 119.66 56.88 0 42284.6
1684225143 119.24 56.88 0.76 40582.9
1684225148 118.7 56.88 0 38125.2
1684225153 118.1 56.88 0.76 38225.5
1684225158 118.67 56.88 0 39958.1
1684225163 118.67 56.88 0 39011.1
1684225168 118.86 56.88 0.76 38949.3
1684225173 118.86 56.88 0 35999.2
1684225178 118.29 56.88 0.76 35405.7
1684225183 118.32 56.88 0 36429
1684225188 118.32 56.88 0.76 37660.3
1684225193 118.51 56.88 0 37884
1684225198 118.51 56.88 0.76 37801.5
1684225203 118.51 56.88 0 38513.7
1684225208 117.9 56.88 0 37996.2
1684225213 118.51 56.88 0 38811.4
1684225218 118.51 56.88 0 38785.5
1684225223 118.86 56.88 0 38737.5
1684225228 118.48 56.88 0 39003.4
1684225233 118.29 56.88 0 39817.1
1684225238 118.48 56.88 0 40265.9
1684225243 118.51 56.88 0 39679.4
1684225248 118.89 56.88 0 40755.7
1684225253 119.27 56.88 0 41175.6
1684225258 118.48 56.88 0 38992.8
1684225263 119.17 56.88 0 39339.1
1684225268 118.29 56.88 0 39121.5
1684225273 119.81 56.88 0 39838.5
1684225278 120.04 56.88 0 39759.6
1684225283 119.47 56.88 0 42051.9
1684225288 118.3 56.88 0 40929.8
1684225293 119.66 56.88 0 38471.2
1684225298 117.9 56.88 0 37960.4
1684225303 118.1 56.88 0 38602.7
1684225308 118.29 56.88 0 39899.4
1684225313 103.62 56.95 8.38 59576.4

Execution duration: 00:06:53.53
