1684283051 121.14 56.86 0 286.18
1684283052 119.4 56.93 2.99 29.85
1684283053 123.58 56.86 0 3.25
1684283054 118.25 56.86 0 0
1684283055 117.46 56.86 0 0
1684283056 123.2 56.86 0 0
1684283057 126.02 56.86 0 0
1684283058 122.4 56.86 0 0
1684283059 122.76 56.86 0 0
1684283060 126.83 56.86 0 0
1684283061 121.43 56.86 0 0
1684283062 130.89 56.86 0 0
1684283063 128.35 56.86 0 0
1684283064 118.25 56.86 0 0
1684283065 124.6 56.86 0 0
1684283066 124.39 56.86 0 0
1684283067 123.02 56.86 0 0
1684283068 125.6 56.86 0 0
1684283069 131.71 56.86 920.33 536.59
1684283070 53.23 56.93 1416.13 5058.06

Execution duration: 00:00:23.23
