1683796054 102.35 4.98 149.65 46212.7
1683796064 102.34 2.73 16.81 46546.2
1683796074 103.23 13.87 1.96 47156.6
1683796084 42.63 18.05 14375 109761
1683796094 102.65 15.45 15.23 51779.7
1683796104 107.24 14.31 0 68738.9
1683796114 89.17 14.07 3.51 68254.4
1683796124 56.93 18.32 13940.2 146936
1683796134 95.31 15.79 38.67 141305
1683796144 72.34 18.25 4.3 45715.7
1683796154 102.54 15.66 0 53261.4
1683796164 94.42 14.33 3.91 57969.5
1683796174 91.98 18.11 15173 134637
1683796184 103.02 15.88 0.39 54276.8
1683796194 102.25 13.85 0 51298.9
1683796204 103.13 14.33 0.39 51179.7
1683796214 82.64 19.9 15216 134179
1683796224 106.26 14.23 0 68279.9
1683796234 95.41 14 1.96 73535.5
1683796244 110.85 16.35 0 83310.1
1683796254 43.98 18.29 15527.3 152757
1683796264 88.36 14.24 3.13 71614.1
1683796274 109.77 14.07 0 81685.9
1683796284 104.98 14.55 1.17 89123.8
1683796294 110.66 16.2 0 81471
1683796304 66.32 19.86 15742.6 345128
1683796314 86.87 13.66 1.57 50089.7
1683796324 102.34 14.16 0 54510.3
1683796334 92.27 13.91 1.96 53645.8
1683796344 36.69 18.21 15484.5 139200
1683796354 100.49 15.6 0.78 78875.8
1683796364 109.97 14.37 0 81223.1
1683796374 107.72 14.14 0 80286.2
1683796384 17.56 18.26 13865.4 132088
1683796394 107.22 19.88 0 79337.5
1683796404 94.63 14.41 1.17 82708.6
1683796414 101.37 14.2 0.39 253930
1683796424 102.25 16.11 0 55001.6
1683796434 76.44 18.09 15274.3 130825
1683796444 101.37 14.07 0 53565.6
1683796454 102.35 15.61 0.39 50620.7
1683796464 101.55 18.48 0 56024.1
1683796474 74.14 18.09 14941.7 131153
1683796484 102.24 15.84 0 53780.9
1683796494 102.35 13.82 0.78 52187.1
1683796504 102.36 14.32 0 52343.6
1683796514 60.21 19.86 15276.2 129184
1683796524 106.16 14.21 0 67494
1683796534 106.93 18.16 0.39 81907.8
1683796544 81.73 16.3 2.34 66758.6
1683796554 21.1 18.27 15716.9 152398
1683796564 77.26 18.36 0.39 65966.2
1683796574 95.3 15.8 1.96 75070.7
1683796584 111.44 14.51 0 86567.3
1683796594 76.26 14.3 1.17 66114.1
1683796604 33.17 20.22 14998.4 150430
1683796614 106.63 18.26 0 83633.9
1683796624 87.8 14.56 0.39 73573.4
1683796634 110.55 16.11 0 83534.8
1683796644 93.56 16.63 1.17 76162.5
1683796654 58.79 18.07 15282.8 470528
1683796664 102.05 14.04 0 51710.9
1683796674 88.56 15.57 1.16 47498.7
1683796684 102.85 14.29 0 54222.3
1683796694 60.95 18.07 14271.9 119368
1683796704 102.84 15.84 0 57713.5
1683796714 93.65 13.79 1.56 50874.2
1683796724 101.95 14.29 0 51708.1
1683796734 75.07 19.88 14055.9 126954
1683796744 102.26 14.05 0 51409.8
1683796754 102.06 13.83 0.39 54492.4
1683796764 2.45 19.54 14055.9 110158
1683796774 101.66 18.13 14042.6 131342
1683796784 95.71 18.24 0.78 49110.9
1683796794 102.05 15.64 0 52938.9
1683796804 18.78 18.02 14257.3 110065
1683796814 101.85 17.78 0 53823.4
1683796824 106.47 16.09 0.39 65364.5
1683796834 110.84 18.23 0 83306.9
1683796844 10.56 18.02 14481.2 135734
1683796854 93.16 20.16 14495.8 154637
1683796864 110.96 14.33 0 84730.2
1683796874 84.16 14.14 0.39 73262.9
1683796884 99.9 16.41 0.39 79356.4
1683796894 56.98 18.47 14478.7 151833
1683796904 90.15 14.4 1.56 76824.2
1683796914 110.45 14.22 0 82914.8
1683796924 90.9 16.5 0.39 70928.7
1683796934 90.04 14.45 1.56 71603.5
1683796944 85.32 18.64 15099.8 160375
1683796954 77.91 16 0.39 69565.6
1683796964 98.63 14.76 0 77280.2
1683796974 110.06 14.53 0 84147.7
1683796984 83.79 15.03 0.78 72407.4
1683796994 93.75 18.99 15535.2 166617
1683797004 93.36 15.85 0 519274
1683797014 78.89 13.79 0.39 46992.4
1683797024 102.24 14.28 0 54906.7
1683797034 72.54 19.88 14191.6 132267
1683797044 101.96 15.84 0 51374.2
1683797054 94.52 13.91 0.39 52148.2
1683797064 103.24 16.19 0 50655.2
1683797074 93.85 19.93 13550.7 126210
1683797084 102.55 15.91 0.39 52154.1
1683797094 102.54 13.91 0.39 53933.9
1683797104 2.54 17.75 0 28195.9
1683797114 99.02 19.93 14817.5 135093
1683797124 95.9 14.12 483.28 55155.4
1683797134 102.44 15.7 0 53122.7
1683797144 100.2 16.24 0.78 50956.6
1683797154 90.21 20.03 15184.7 133538
1683797164 102.75 14.2 0.39 50791.4
1683797174 101.57 19.93 0 51310.9
1683797184 95.11 16.24 1.17 47816.4
1683797194 70.78 18.08 15398.2 130264
1683797204 100.68 14.06 0.78 51480.5
1683797214 102.15 15.61 0 51982.4
1683797224 102.93 14.3 0 54373.4
1683797234 65.01 19.88 15116.3 127807
1683797244 105.86 14.22 0 67219.6
1683797254 90.43 15.78 0 73105.5
1683797264 110.35 14.48 0 82986.7
1683797274 44.48 18.26 14593.2 143077
1683797284 64.87 14.17 0.39 55063
1683797294 109.51 15.74 0 82489.9
1683797304 82.23 14.4 0 67489.1
1683797314 104.98 14.14 0.39 80957.3
1683797324 56.84 20.09 15114.5 158644
1683797334 68.95 13.84 0 59083.2
1683797344 110.74 14.33 0 82937.5
1683797354 108.21 20.04 0 86260.8
1683797364 65.88 14.53 0.78 59435
1683797374 14.95 18.01 15109 124664
1683797384 11.25 18 266.27 32532.6

Execution duration: 00:22:18.18
