1683730720 50.48 14.88 159887 106517
1683730725 49.8 16.6 146332 118725
1683730730 42.7 16.71 109192 117038
1683730735 53.35 17.94 125620 141940
1683730740 34.87 19.23 84990 118452
1683730745 43.56 20.61 101959 133939
1683730751 41.31 20.71 91833.3 140821
1683730756 31.62 21.35 64293.3 134286
1683730761 40.85 22.34 97842 116660
1683730766 41.03 23.94 87263.4 139814
1683730771 34.97 23.83 82955.1 148298
1683730776 35.37 23.6 91122.8 100280
1683730781 40.53 23.7 117773 129803
1683730786 34.73 24.79 91455.7 140264
1683730791 33.35 23.84 83330.3 136780
1683730796 44.31 23.93 121047 127145
1683730801 35.06 24.06 84697.9 137022
1683730806 31.74 24.39 81497.3 135615
1683730811 33.46 24.06 87203.8 111137
1683730816 43.24 24.78 122062 138758
1683730821 38.16 24.18 105482 141548
1683730826 30.95 24.59 93842.3 126453
1683730831 45.23 24.9 152222 116435
1683730836 39.73 24.25 115094 140126
1683730841 34.42 25.01 102350 137981
1683730846 39.7 24.73 114935 109475
1683730851 41.25 24.34 118334 136145
1683730856 33.16 24.34 93208.4 137403
1683730861 36.96 24.99 110791 114290
1683730866 42.15 24.73 123829 138194
1683730871 33.34 24.37 96841.9 136392
1683730876 25.51 24.35 86736 107543
1683730881 51.53 25 151159 145226
1683730886 35.11 24.73 100810 137718
1683730891 32.64 24.36 93647.3 135038
1683730896 39.74 24.56 114005 114835
1683730901 41.06 25.82 102541 140075
1683730906 36.39 26.13 95259.4 140258
1683730911 27.33 26.15 68123.9 111362
1683730916 47.25 26.83 119799 131860
1683730921 32.06 27.48 24103.8 136063
1683730926 30.41 27.85 22118.6 132815
1683730931 33.4 26.85 24962.4 114959
1683730936 37.54 26.83 31104 140241
1683730941 33.02 26.83 24986.7 134980
1683730946 30.79 27.31 56135.4 128392
1683730951 34.21 27.75 77381 171647
1683730956 34.03 27.95 79406.8 124141
1683730961 42.99 27.85 88524.2 164677
1683730966 44.48 28.78 95168.1 192569
1683730971 37.38 26.96 497940 1.42476e+06
1683730976 31.75 27.62 71447.9 125127
1683730981 8.7 13.66 4.26409e+06 2.188e+06

Execution duration: 00:04:24.24
