1683753350 102.75 4.96 149.42 46179.6
1683753360 102.74 2.19 16.47 47109.8
1683753370 103.9 13.84 2.35 47022.1
1683753380 44.72 18.02 14389.4 111938
1683753390 103.14 19.05 14.9 51503.5
1683753400 105.01 14.27 0 61770
1683753410 92.78 14.04 3.12 70511.7
1683753420 62.07 18.29 13953.9 148664
1683753430 98.53 19.31 28.15 78114.6
1683753440 77.15 14.08 44.14 145021
1683753450 102.04 13.86 0 52059.2
1683753460 93.16 15.59 5.08 60545.3
1683753470 94.9 18.09 15202.7 134623
1683753480 102.92 18.22 0.78 51854.3
1683753490 103.13 13.83 0 51398.1
1683753500 102.74 14.31 1.17 51743.5
1683753510 80.92 19.32 15261.8 132173
1683753520 103.9 18.36 0 60316.9
1683753530 93.79 15.22 1.55 72567.4
1683753540 111.15 14.54 0 83319
1683753550 36.85 19.52 15527.7 145825
1683753560 98.05 18.38 2.74 76832.9
1683753570 106.9 14.05 0 80003.9
1683753580 104.61 15.78 1.96 86654.4
1683753590 111.63 18.51 0 82663.5
1683753600 61.16 18.05 15773 349495
1683753610 85.04 17.8 1.17 48102.4
1683753620 102.74 14.12 0 54590.2
1683753630 98.44 15.13 1.96 57354.7
1683753640 34.02 19.54 15514.9 128085
1683753650 102.64 18.13 0.78 62891.3
1683753660 102.46 18.26 0 51697.6
1683753670 94.12 15.12 1.57 51161.6
1683753680 51.32 18.03 13917.3 120329
1683753690 102.45 17.8 1.17 52872
1683753700 104.8 15.55 0 60592.6
1683753710 110.08 14.09 0.39 86865
1683753720 41.75 18.27 15170.5 150047
1683753730 111.53 19.29 0 82651
1683753740 75.26 14.33 0.78 62241.1
1683753750 108.32 14.16 1.57 82202.7
1683753760 110.85 15.9 0 89568.7
1683753770 76.22 18.45 14926.3 151707
1683753780 110.29 18.59 0 83886.6
1683753790 94.73 15.47 0.39 74872
1683753800 90.26 14.71 1.95 76680.8
1683753810 17.29 18 15260.2 419868
1683753820 87.19 19.65 0.39 59884.2
1683753830 100.59 14.06 0.39 57917.7
1683753840 102.93 14.18 0.39 56262.5
1683753850 92.59 15.18 0.39 50599.8
1683753860 63.08 18.06 15747.7 131515
1683753870 95.79 17.81 1.57 47983.2
1683753880 101.85 14.14 0 54695.4
1683753890 102.65 13.92 0.78 52822.7
1683753900 62.23 19.3 14998 128347
1683753910 94.91 17.81 1.57 53156.9
1683753920 102.36 14.14 0 51876.2
1683753930 101.58 15.15 0.78 53971.4
1683753940 50.04 18.19 15327.3 132176
1683753950 107.81 17.98 0.39 81062.5
1683753960 92.67 15.58 0.78 71785.7
1683753970 109.6 14.14 0 82426
1683753980 17.23 18.23 14341.7 128358
1683753990 106.03 19.34 0 79826
1683754000 112.7 14.41 0 88320.6
1683754010 72.64 14.19 1.56 61945.3
1683754020 102.36 15.92 0.78 78830.5
1683754030 84.21 18.47 14014.4 164367
1683754040 69.33 18.62 1.17 60752.6
1683754050 107.84 15.49 0 85734.5
1683754060 110.98 16.03 0 89088.9
1683754070 28.71 18.55 13946.5 133210
1683754080 110.76 18.67 0 84495.8
1683754090 96.58 15.33 0 450800
1683754100 101.06 14.22 0 51184.5
1683754110 26.6 18 14160.8 115815
1683754120 98.24 19.38 0.39 53309
1683754130 102.26 13.74 0 53565.5
1683754140 98.73 14.21 0.78 50482.3
1683754150 33.25 19.26 14494.2 117328
1683754160 101.76 18.15 0 50318.5
1683754170 101.86 13.75 0 52178.5
1683754180 95.24 15.47 0 53487.4
1683754190 36.17 19.26 14606.1 125590
1683754200 92.86 18.14 1.17 49587.9
1683754210 101.86 13.74 0 53405.9
1683754220 102.83 15.48 0.39 53582.8
1683754230 27.88 18.01 15099.8 119815
1683754240 105.09 18.3 0 59049.6
1683754250 102.64 15.18 0.39 80286.6
1683754260 110.76 14.49 0 81893.5
1683754270 69.77 14.2 1.17 56493.9
1683754280 70.49 18.33 15550.3 161729
1683754290 110.86 19.4 0.78 86626.2
1683754300 82.86 18.6 0.39 68558.5
1683754310 107.1 14.28 0 80511.3
1683754320 44.04 18.43 14176.9 154536
1683754330 111.16 19.51 0 81901.4
1683754340 104.01 14.58 0 78208.4
1683754350 69.54 15.65 1.56 61073.9
1683754360 26.09 19.81 13537.1 138357
1683754370 105.05 19.58 0.39 89051.1
1683754380 77.21 20.06 0.39 64738.5
1683754390 107.04 15.66 0 80732
1683754400 97.75 14.89 1.17 85456.1
1683754410 51.61 18.06 15042.8 576608
1683754420 101.84 18.2 0 50844.3
1683754430 86.18 15.04 0.78 47866
1683754440 103.44 15.61 0.39 53852.3
1683754450 28.4 19.39 15185.5 117685
1683754460 101.86 19.52 0 53107
1683754470 101.38 13.86 1.17 51558.5
1683754480 101.85 15.61 0 51160.2
1683754490 14.38 17.99 15413.7 120510
1683754500 102.25 18.12 0 51142.9
1683754510 99.22 15 0.78 49535.8
1683754520 95.69 14.2 0.39 50519.1
1683754530 4.78 17.9 15086.4 116004
1683754540 100.49 19.38 15145.9 137180
1683754550 102.34 18.22 2405.87 58249.1
1683754560 102.64 15.46 0.39 49887.8
1683754570 13.92 19.27 14621 114119
1683754580 96.38 18.11 0.78 50534
1683754590 102.45 13.71 0 53419
1683754600 98.15 15.48 0.78 51487.3
1683754610 1.86 17.37 0 29884.8
1683754620 99.32 18.11 15070.7 135259
1683754630 101.66 19.14 0 51286.6
1683754640 101.96 14.2 0 51347.6
1683754650 3.71 17.73 14689.4 110282
1683754660 9.71 17.89 634.67 8748.28

Execution duration: 00:22:02.02
