1683738329 86.8 5.46 258988 0
1683738334 51.62 18.23 222765 287.57
1683738339 39.24 18.23 220013 387.05
1683738344 39.46 13.96 222192 381.61
1683738349 35.1 13.88 238742 9976.47
1683738354 36.9 13.45 221208 380.88
1683738359 36.45 13.45 220469 380.15
1683738364 35.88 13.81 220403 380.15
1683738369 36.47 13.52 222899 382.35
1683738374 38.38 13.46 223592 390.02
1683738379 37.62 13.45 221611 382.34
1683738384 36.66 13.81 221938 382.34
1683738389 36.21 13.45 220984 380.08
1683738394 37.19 13.45 219341 377.99
1683738399 47.44 14.34 219866 139019
1683738404 56.24 13.91 221711 219272
1683738409 54.27 13.61 220035 218728
1683738414 57.96 13.74 222277 222515
1683738419 221.37 18.94 388057 72574
1683738424 298.87 14.76 0 378.87
1683738429 157.44 18.94 0 381.17
1683738434 298.68 14.41 0 381.95
1683738439 299.24 14.59 0 380.38
1683738444 274.96 14.77 0 385.69
1683738449 299.24 14.41 0 376.65
1683738454 193.21 18.93 0 384.91
1683738459 199.81 14.11 0 381.95
1683738464 98.68 14.16 0 375.85
1683738469 292.65 14.77 0 381.17
1683738474 299.81 14.5 0 375.85
1683738479 238.23 14.78 0 375.14
1683738484 299.43 14.77 0 381.17
1683738489 165.92 14.8 0 382.67
1683738494 101.34 13.82 0 380.88
1683738499 100 13.82 0 387.74
1683738504 100 14.18 0 381.61
1683738509 100.19 13.82 0 381.61
1683738514 214 14.79 0 380.81
1683738519 199.62 14.13 0 381.17
1683738524 150.75 18.97 0 383.4
1683738529 129.51 18.6 0 380.45
1683738534 100.19 13.82 0 381.61
1683738539 98.87 13.82 0 375.85
1683738544 100.57 14.18 0 380.81
1683738549 6.9 17.65 3.58158e+06 833624

Execution duration: 00:03:46.46
