1683742724 102.45 4.96 164.38 46180
1683742734 102.54 1.98 16.37 47317.7
1683742744 103.24 14.21 29.38 47073.5
1683742754 45.08 19.06 14267.1 111685
1683742764 103.04 18.18 15.28 51597.3
1683742774 112.12 18.48 0 83607.4
1683742784 76.83 19.58 1.56 60250.2
1683742794 35.8 18.01 14009 170905
1683742804 103.12 18.15 1.17 57722.6
1683742814 89.92 15.12 3.52 52180.8
1683742824 102.94 14.23 0 53784.7
1683742834 18 18.14 15175.8 143557
1683742844 111.31 18.29 0 84506.8
1683742854 94.85 15.34 1.17 76036.5
1683742864 98.83 14.17 1.17 166148
1683742874 99.33 14.3 0 53232.2
1683742884 50.59 19.07 15262.6 125550
1683742894 110.17 15.21 0 84022.7
1683742904 88.37 14.29 1.17 71991.4
1683742914 98.83 14.47 1.17 77812.7
1683742924 111.25 15.64 0 83401
1683742934 89.42 18.48 15409.5 162119
1683742944 102.05 14.07 0 194042
1683742954 100.4 15.21 0 55919.4
1683742964 102.16 14.29 0 51072.3
1683742974 54.89 18.04 15773 128306
1683742984 95.99 14 0.78 52178.1
1683742994 102.84 15.17 0 52439.9
1683743004 102.42 14.38 0.78 52862.2
1683743014 49.23 18.22 15454.3 155130
1683743024 97.37 19.36 1.56 77968.4
1683743034 111.53 14.36 0 81356.8
1683743044 92.87 14.45 0.78 72922.8
1683743054 10.15 19.1 13863 129604
1683743064 109.57 18.44 13890.1 163751
1683743074 85.32 14.04 0.78 247463
1683743084 100.87 15.21 0 246350
1683743094 103.23 18.47 1.17 58204.3
1683743104 75.45 18.07 15288.5 130835
1683743114 102.16 14.05 0 51313.5
1683743124 99.62 15.19 0.78 51461.2
1683743134 103.04 14.29 0 57693.9
1683743144 67.9 18.07 14985.1 124573
1683743154 102.05 15.06 0 54683
1683743164 103.13 14.16 0.78 52355.4
1683743174 102.46 14.29 0 52738.1
1683743184 63.99 19.08 15290 128160
1683743194 110.09 14.21 0 82191.8
1683743204 99.21 14.34 0.78 77170.7
1683743214 85.45 15.52 2.34 68789.1
1683743224 15.44 18.19 15716.9 152423
1683743234 83.61 18.41 1.94 71366.1
1683743244 111.91 19.55 0.78 84363.3
1683743254 107.87 15.6 0 81474.3
1683743264 67.85 14.65 1.56 57536.3
1683743274 38.2 18.44 14867.1 149248
1683743284 105.57 19.63 0 86097.4
1683743294 90.66 14.54 1.17 74456.1
1683743304 109.39 14.73 0 82445.3
1683743314 83.68 14.29 0.39 383844
1683743324 68.04 19.1 15297.4 131593
1683743334 93.84 14.01 0.39 50158.9
1683743344 99.91 18.31 0.39 53700.1
1683743354 101.37 15.31 0.39 52343.3
1683743364 80.72 18.07 14341.7 126903
1683743374 101.46 14.05 0 55919.2
1683743384 92.41 15.18 0.78 48240.5
1683743394 101.96 14.28 0 52453.7
1683743404 90.42 18.1 14043 127727
1683743414 100.68 19.25 0 51913
1683743424 101.85 14.18 0.39 52725
1683743434 17.95 19.03 14028.1 114980
1683743444 97.28 18.11 1.94 51113.5
1683743454 101.96 14.09 0 50956.9
1683743464 100.01 15.23 1.18 53314.8
1683743474 31.12 18.01 14186.8 112209
1683743484 102.15 18.14 0.39 54470.4
1683743494 110.67 15.33 0 81796.3
1683743504 110.15 14.43 0 84358.6
1683743514 67.61 14.57 14510.8 59989.8
1683743524 105.08 18.36 14523 166191
1683743534 111.05 14.4 0 90685.4
1683743544 69.31 15.49 0.78 60423.5
1683743554 110.17 14.61 0 84088.4
1683743564 67.87 18.46 14592.6 158355
1683743574 92.13 15.43 0.78 73024.1
1683743584 109.42 14.6 0 83270.6
1683743594 88.27 14.7 0.39 73884.2
1683743604 96.09 14.87 0 73621.9
1683743614 100.39 19.68 15026.3 168832
1683743624 64.4 14.56 1.17 56666.5
1683743634 93.76 14.74 0.78 75318.2
1683743644 111.13 14.86 0 85582
1683743654 79.48 16.04 1.17 74367.2
1683743664 73.31 18.07 15550.7 596444
1683743674 102.34 14.03 0 57719.3
1683743684 98.04 13.8 0.78 53693.8
1683743694 102.06 15.31 0 53133.5
1683743704 85.24 18.1 14204.3 127190
1683743714 102.15 14.08 0 52344.1
1683743724 99.42 15.3 1.18 50611.6
1683743734 21.52 19.04 13563.6 110119
1683743744 101.77 17.79 0.39 52775.7
1683743754 101.56 15.18 0 51386
1683743764 101.86 13.93 0.39 53398.2
1683743774 25.05 19.04 14875.5 118810
1683743784 98.53 17.79 0.78 48688.7
1683743794 95.9 15.17 376.51 56225
1683743804 101.96 13.92 0 52431.3
1683743814 9.3 19.09 15170.2 112177
1683743824 101.77 19.27 0 53680.6
1683743834 101.27 14.19 0.39 50047.4
1683743844 102.26 14.32 0 52217.6
1683743854 91.69 15.48 1.57 46669.6
1683743864 83.86 18.08 15413.3 134130
1683743874 95.81 14.03 0.78 49106.4
1683743884 101.76 15.21 0 53124.4
1683743894 102.15 14.29 0 53661.8
1683743904 73.39 19.11 15130.7 128226
1683743914 111.57 14.24 0 82190.8
1683743924 83.08 15.01 0 66679.2
1683743934 110.94 14.46 0 82855.1
1683743944 38.68 19.28 14578.1 140217
1683743954 96.28 14.18 0.39 76857.2
1683743964 108.49 14.31 0 82721.4
1683743974 93.47 15.46 0.39 76278.2
1683743984 111.14 18.33 0 84734.3
1683743994 78.2 18.29 15129.6 156628
1683744004 86.72 15.28 0.39 72034.4
1683744014 110.37 15.41 0 84394.1
1683744024 79.48 14.09 0.39 68272.1
1683744034 10.25 17.97 14508.2 138932
1683744044 17.7 17.99 15381 117373

Execution duration: 00:22:14.14
