1683757491 101.96 6.26 447.8 46031.7
1683757501 103.43 1.88 0 47460.5
1683757511 103.03 14.21 29.75 47486.9
1683757521 44.71 18.04 14564.4 111124
1683757531 104.08 15.44 2.72 59359.2
1683757541 110.81 13.94 0 83897.2
1683757551 79.65 14.46 2.74 58691.2
1683757561 37.12 18.02 13978.5 171567
1683757571 101.08 15.28 1.57 55046.4
1683757581 97.77 13.74 1.95 54650.8
1683757591 104.89 14.4 0 61184.4
1683757601 25.36 19.47 15189 144312
1683757611 109.23 14.21 0 83352.2
1683757621 94.05 13.95 1.96 77987.1
1683757631 102.45 14.19 0 163025
1683757641 98.92 15.25 0.39 53491.1
1683757651 64.03 18.21 15203.9 140341
1683757661 110.18 15.13 0 84066.5
1683757671 84.66 14.31 1.95 70177.9
1683757681 100.4 14.12 2.74 78245
1683757691 17.11 19.5 15526.9 154199
1683757701 77.59 18.08 2.35 189637
1683757711 101.16 14.04 0 53143
1683757721 96.67 13.8 0 55707.7
1683757731 102.45 14.29 0 50688.3
1683757741 53.67 18.05 15757.6 128617
1683757751 98.04 15.3 1.18 51374.3
1683757761 103.22 15.08 0 53026.1
1683757771 104.1 14.42 0.39 58160.1
1683757781 49.67 19.52 15469.4 153491
1683757791 94.72 14.16 0.39 76520.8
1683757801 110.75 13.99 0 80359.7
1683757811 93.64 19.93 0 75003.9
1683757821 10 18.07 13932.2 134388
1683757831 107.81 18.44 13876.6 164716
1683757841 87.28 14.04 1.17 245297
1683757851 92.46 15.47 1.57 51749.7
1683757861 103.22 13.93 0 55044.2
1683757871 67.48 18.06 15303.4 133892
1683757881 102.35 13.68 0 52690.4
1683757891 102.26 15.45 0.39 57636
1683757901 101.84 14.28 0 57235.8
1683757911 61.59 18.05 14970.5 128400
1683757921 102.06 14.97 0 53307
1683757931 102.24 14.14 0.78 53006.2
1683757941 102.65 13.92 0 51906.8
1683757951 58.42 19.51 15290 137546
1683757961 109.55 13.85 0 83109.6
1683757971 107.33 14.39 1.17 80329.2
1683757981 65.33 15.41 1.18 60090.5
1683757991 111.53 14.6 0 83242.2
1683758001 93.64 19.72 15716.9 175920
1683758011 91.1 14.37 1.56 77087.8
1683758021 110.86 14.19 0 83817.6
1683758031 91.49 14.65 0.39 76721
1683758041 29.42 19.72 14984.9 144043
1683758051 111.44 14.44 0 85679.1
1683758061 85.05 18.35 0.39 75970.3
1683758071 92.18 16.14 0.39 67701.8
1683758081 102.04 14.28 0 382425
1683758091 56.96 18.07 15312.7 136840
1683758101 102.06 14.95 0 52386.7
1683758111 101.76 14.14 0.78 50866.2
1683758121 101.55 13.92 0 51713.3
1683758131 76.25 19.37 14327.3 124651
1683758141 101.67 14.03 0 56407.8
1683758151 95.4 14.16 0.78 49111.8
1683758161 101.28 13.92 0.39 50850.5
1683758171 90.23 19.39 14056.3 127874
1683758181 101.57 15 0.78 52047
1683758191 103.14 14.18 0 55097.4
1683758201 18.77 17.99 14056.3 112077
1683758211 102.65 13.96 0 53266.7
1683758221 93.46 15.02 1.56 50071.6
1683758231 101.95 14.2 0 51950.1
1683758241 25.54 18.01 14271.6 114387
1683758251 104.8 15.44 0 61690.8
1683758261 100.68 13.93 0.78 79119.1
1683758271 110.95 14.41 0 81792.4
1683758281 37.28 18.27 14508.8 148111
1683758291 84.66 15.52 0 69486.6
1683758301 109.51 14.03 0 81911.5
1683758311 94.52 14.52 1.56 79968.8
1683758321 78.18 15.54 0.39 66885.7
1683758331 62.1 19.75 14478.7 152374
1683758341 100.29 14.05 0.78 85327.9
1683758351 68.63 14.55 0 60367.9
1683758361 110.17 14.32 0 83780.3
1683758371 100.3 14.86 0.78 83494.8
1683758381 73.57 19.92 15100.2 153986
1683758391 109.9 14.65 0 83761.8
1683758401 81.67 14.38 0.78 70091.9
1683758411 103.52 16.16 0.39 79827.2
1683758421 13.2 17.99 15550.3 586329
1683758431 69.05 13.91 1.17 47860.9
1683758441 102.35 14.98 0 53821.5
1683758451 99.32 18.32 1.17 59840.3
1683758461 94.84 13.92 0.78 53795.1
1683758471 86.52 19.39 14190.4 129645
1683758481 100.11 13.69 0.78 51678.3
1683758491 102.14 14.28 0 53814.3
1683758501 23.81 19.31 13577.3 109851
1683758511 102.65 14 0 51927.2
1683758521 97.08 15.07 1.17 48972.1
1683758531 101.76 15.58 0 54412.5
1683758541 21.43 18.01 14875.9 115730
1683758551 107.43 14.2 367.97 57125
1683758561 101.38 15.44 368.69 57371.4
1683758571 102.16 14.27 0 50621.8
1683758581 17.18 19.41 15027.2 115280
1683758591 95.25 14.08 0 49832.8
1683758601 102.25 15.13 0 51721.6
1683758611 101.47 14.32 0.39 50525.9
1683758621 102.06 15.39 0 53916.6
1683758631 97.65 18.11 15428.8 137526
1683758641 101.66 15 0 52702.6
1683758651 91.29 14.18 1.17 49521.7
1683758661 102.15 15.26 0 52006.3
1683758671 82.42 18.24 15102 140050
1683758681 110.98 15.19 0 84431.7
1683758691 101.75 14.36 0 77100
1683758701 80.24 19.56 1.17 64448.5
1683758711 59.61 18.26 14493.2 152695
1683758721 80.07 13.83 0.39 67691.9
1683758731 89.92 15.6 0.39 72275.4
1683758741 110.68 14.06 0 83975.1
1683758751 83.77 14.51 0.39 72818.8
1683758761 54.12 18.27 15145.2 149353
1683758771 109.88 19.69 0 81603.1
1683758781 88.17 13.96 0.78 75589.4
1683758791 110.66 14.49 0 84119.6
1683758801 13.1 17.98 14875.5 136118
1683758811 16.02 19.28 502.34 33712.9

Execution duration: 00:22:12.12
