1683778194 101.97 6.59 449.41 45875.3
1683778204 102.06 0.57 0 46690.9
1683778215 102.91 14.21 29.6 46655.1
1683778224 42.85 18.03 14564.4 111303
1683778235 103.12 14.15 15.19 53488.6
1683778245 111.44 15.55 0 83749.8
1683778255 78.27 16.01 2.34 62113.5
1683778265 29.4 18.02 13981.2 167250
1683778274 102.94 18.15 0 56577.1
1683778284 92.18 15.33 5.47 53134.3
1683778294 102.55 18.52 0 53926.4
1683778305 12.13 17.56 1.94 59468
1683778315 106.26 18.35 15173 164315
1683778325 96.52 15.56 0.39 77645.8
1683778335 89.17 14.16 1.56 161801
1683778345 102.05 13.93 0 53414.6
1683778355 35.35 19.77 15187.9 124202
1683778365 109.48 17.97 0 84237.2
1683778375 91.91 14.28 0.39 71716.4
1683778384 89.23 15.7 2.74 70501.1
1683778395 109.97 14.58 0 83682.9
1683778405 64.42 18.48 15483 155556
1683778415 101.47 14.02 1.17 191126
1683778425 102.74 15.39 0.39 59291.5
1683778435 102.25 14.26 0 50874.2
1683778445 30.82 18.02 15772.2 127251
1683778455 97.94 19.74 1.56 51879.6
1683778465 102.06 13.76 0 52250.5
1683778475 99.02 14.37 0 51746.9
1683778485 17.4 19.75 15469.4 148889
1683778495 93.74 18.28 0 71591
1683778505 102.53 13.95 0 78093
1683778515 110.55 16.03 0 83197.7
1683778525 68.48 14.21 0.78 57747.4
1683778535 52.19 18.38 13863.8 146142
1683778545 102.14 18.16 0 244365
1683778555 70.06 15.68 1.96 49462.2
1683778565 103.23 13.86 0.78 52944.8
1683778575 101.17 14.34 1.17 56071.2
1683778585 90.7 19.7 15288.8 131510
1683778595 103.4 14.31 0 54400.4
1683778605 101.64 14.19 0.39 54927.5
1683778615 102.05 20.09 0 52360.5
1683778625 84.33 18.09 14985.1 133174
1683778635 101.85 14.06 0 53155.1
1683778645 95.93 15.43 1.17 49834.9
1683778655 102.55 14.45 0 53493.4
1683778665 70.33 18.25 15260.5 162318
1683778675 110.28 15.83 0 82789
1683778685 111.25 14.05 1.17 81920.2
1683778695 65.53 14.49 0.78 55946.5
1683778705 110.28 15.91 0 82127.2
1683778715 100.1 18.44 15717.3 177406
1683778725 71.75 13.99 2.35 61080
1683778735 111.14 14.54 0 83597.3
1683778745 100.29 15.91 0.39 83661.7
1683778755 33 18.5 15013.5 146396
1683778765 108.73 18.26 0 84592.6
1683778775 76.26 15.66 0.78 368027
1683778785 102.44 13.84 0.39 52396.5
1683778795 100.78 15.92 1.17 57998
1683778805 76.9 18.08 15312.7 133197
1683778815 101.47 15.65 0 51404.7
1683778825 101.17 13.81 0.39 50265.1
1683778835 101.46 14.31 0 51396.5
1683778845 90.22 18.1 14327.7 129211
1683778855 102.26 15.67 0 51903.6
1683778865 98.34 18 0.39 50029
1683778875 12.34 18.01 14069.3 110389
1683778885 101.75 19.36 1.17 52672.8
1683778895 102.26 14.25 0 52421.1
1683778905 104.26 14.04 0.39 82257.2
1683778915 32.65 19.82 14055.9 146978
1683778925 111.04 19.65 0 81738.4
1683778935 64.72 20.09 1.56 55476
1683778945 108.62 14.15 0 83518.5
1683778955 98.24 14.63 0 78629.7
1683778965 61.71 18.4 14243.4 146030
1683778975 110.66 16.02 0 80525.5
1683778985 90.89 14.16 0 69908
1683778995 78.56 14.7 1.17 62834.7
1683779005 15.82 18.45 14381.8 144183
1683779015 91 18.58 0.39 77737.6
1683779025 93.06 15.83 1.56 74497.8
1683779035 111.15 16.31 0 83682.1
1683779045 82.21 14.52 0.39 78924
1683779055 38.1 18.03 14591.8 537225
1683779065 97.95 17.79 0.39 50076.2
1683779075 95.02 15.71 0.39 51781
1683779085 102.36 13.89 0 53057.8
1683779095 28.43 18.02 15130.2 119713
1683779105 102.55 19.38 0 51820.6
1683779115 93.47 14.1 1.17 49679.6
1683779125 101.06 13.87 0 50980
1683779135 94.43 14.57 1.17 47277.5
1683779145 90.02 19.7 15414.7 138227
1683779155 100.2 14.06 0.78 53539.7
1683779165 101.37 13.84 0 54284
1683779175 9.22 19.57 14218.2 110228
1683779185 98.54 19.35 0.39 52612.7
1683779195 102.45 14.09 0 53176.5
1683779205 96.11 15.54 0.39 48568.8
1683779215 34.44 18.04 13563.6 114315
1683779225 102.35 19.43 1.18 51306.6
1683779235 101.25 14.16 0 52043.4
1683779245 102.46 15.55 0 53135.4
1683779255 37.42 18.19 14890.1 125582
1683779265 92.58 18 0.78 71627.3
1683779275 108.68 15.94 0.39 80928.5
1683779285 110.84 15.85 0 83133.6
1683779295 65.83 16.31 0.78 55399.2
1683779305 70.96 20.08 15128.5 157493
1683779315 105.29 16.04 0.39 82263
1683779325 67.7 14.14 0.39 56811.3
1683779335 110.93 16.26 0 83007
1683779345 102.35 16 0 85215.2
1683779355 71.28 19.98 15383.6 153794
1683779365 110.85 13.97 0 82595.5
1683779375 88.08 16.04 0.78 71458.1
1683779385 102.72 14.19 0 78467.4
1683779395 26.77 19.93 14998.6 147114
1683779405 85.76 18.07 0.78 68370.6
1683779415 110.86 14.38 0 84498.9
1683779425 90.78 14.12 0 70975.8
1683779435 77.61 14.57 0.78 61775.6
1683779445 50.34 19.98 14479.1 150088
1683779455 89.34 18.47 0.39 76777.3
1683779465 100.29 14.07 0.39 79199.6
1683779475 101.85 15.84 2998.83 631620
1683779485 97.75 13.98 1.18 54944.6
1683779495 92.96 18.1 15129.2 136746
1683779505 95.02 19.48 0.78 48235.2
1683779515 102.25 14.2 0 52400.8
1683779525 91.21 15.56 0.39 48468.8
1683779535 7.54 17.74 15346 85046.2
1683779545 0.98 4.59 68.95 28.6

Execution duration: 00:22:34.34
