1683761890 55.43 17.98 244015 79.24
1683761895 33.97 17.62 222218 80.92
1683761900 33.59 13.46 220312 79.39
1683761905 31.99 13.46 222039 79.69
1683761910 33.72 14.04 221278 6113.41
1683761915 39.08 13.69 221672 32122.6
1683761920 37.46 13.7 221529 32200.8
1683761925 38.66 13.7 219905 31649.5
1683761930 38.5 15.47 221877 32134.9
1683761935 40.88 13.7 220846 31507.2
1683761940 38.98 13.71 220594 31622.8
1683761945 38.7 13.71 222431 32082.8
1683761950 37.9 14.08 221380 32105.1
1683761955 56.7 13.72 170657 31859
1683761960 71.24 13.73 250174 245250
1683761965 57.74 13.73 221884 220483
1683761970 60.45 14.29 221772 246576
1683761975 63.93 14.06 223240 255348
1683761980 6.41 17.94 3.59556e+06 984665

Execution duration: 00:01:37.37
