1683791439 66.02 14.16 250035 30880.9
1683791444 38.66 17.96 220843 32076.2
1683791449 40.73 13.8 221419 31848.6
1683791454 38.77 13.8 221630 32224.2
1683791459 40.04 14.16 222734 32433.7
1683791464 40.19 13.9 221038 29441.5
1683791469 38.28 13.9 219455 31713.5
1683791474 37.93 13.9 222775 32668.2
1683791479 38.77 16.04 223212 32787.7
1683791484 37.88 13.98 223802 30070.8
1683791489 29.83 13.9 567337 1.27601e+06
1683791494 33.21 13.48 221866 438.17
1683791499 33.52 13.9 220625 435.25
1683791504 30.77 13.47 221548 440
1683791509 32.31 13.47 221580 440
1683791514 32.11 13.47 221689 441.54
1683791519 72.27 13.99 175258 90631.7
1683791524 51.99 13.78 225925 226279
1683791529 0.57 17.74 3.5591e+06 365642

Execution duration: 00:01:35.35
