1683735284 277.21 5.46 129846 0
1683735289 299.62 14.14 145892 306.19
1683735294 299.81 14.07 145235 383.52
1683735299 299.62 14.08 146013 384.24
1683735304 312.6 14.59 178572 9024.06
1683735309 296.64 14.5 178843 10006
1683735314 299.25 14.07 144293 385.74
1683735319 299.25 14.07 144546 386.47
1683735324 300 14.43 144023 385.74
1683735329 298.68 14.14 144377 385.74
1683735334 300 14.07 144749 386.47
1683735339 298.87 14.07 144803 386.47
1683735344 299.62 14.43 144237 385.02
1683735349 299.81 14.07 144585 386.47
1683735354 299.62 14.09 144395 390.98
1683735359 298.89 14.07 144477 391.01
1683735364 299.05 14.43 144630 384.96
1683735369 298.68 14.07 144776 382.74
1683735374 300 14.07 144489 384.96
1683735379 299.44 14.07 144530 385.02
1683735384 299.81 14.43 144185 384.96
1683735389 299.63 14.08 143768 10570.8
1683735394 299.81 14.07 135911 134538
1683735399 298.69 14.08 135486 134125
1683735404 299.43 14.53 132402 131117
1683735409 298.13 14.22 132094 131545
1683735414 297.19 14.29 129950 130211
1683735419 298.69 14.35 128671 129027
1683735424 0.19 17.65 3.802e+06 814595

Execution duration: 00:02:27.27
