1683785646 102.45 4.97 452.1 45748.9
1683785656 102.74 4.74 0 47277.6
1683785666 102.73 14.21 18.77 46608.4
1683785676 44.34 19.69 14534.8 110254
1683785686 102.84 18.17 42.27 51472.4
1683785696 103.05 15.43 0 52761.6
1683785706 103.72 14.42 2.74 76707.2
1683785716 69.67 18.3 13967.5 149784
1683785726 87.91 15.92 0.78 70790.2
1683785736 84.17 14.11 41.84 148822
1683785746 103.13 14.23 0 54962.3
1683785756 4.59 19.03 4.31 35421.9
1683785766 106.17 18.3 15187.9 167233
1683785776 91.35 13.88 0 70723.1
1683785786 102.65 14.42 1.96 77486.4
1683785796 109.47 20 0 81958.9
1683785806 29.23 18.02 15246.5 244859
1683785816 102.24 17.78 0 53323.9
1683785826 99.72 20.09 0.78 77521.6
1683785836 99.72 14.05 1.56 78004.3
1683785846 100.79 14.34 0 116036
1683785856 88.16 19.74 15543.6 133720
1683785866 102.16 14.06 0 52515.1
1683785876 99.21 13.82 1.96 52039.1
1683785886 111.64 16.14 0 82441.5
1683785896 59.88 18.23 15774.2 157139
1683785906 111.45 18.43 0 80560.5
1683785916 105.96 14.19 1.17 74498.5
1683785926 99.03 15.9 0 164412
1683785936 24.85 18.01 15484.5 120328
1683785946 102.54 18.15 0.39 56350.7
1683785956 102.44 15.4 0 53692.4
1683785966 96.09 14.23 1.57 48829.8
1683785976 47.41 18.04 13917.3 120371
1683785986 102.83 19.82 0.78 53504.1
1683785996 102.05 13.78 0 52479.4
1683786006 90.22 14.43 1.57 72314.7
1683786016 30.27 19.86 15259 151920
1683786026 111.17 18.39 0.39 82184.1
1683786036 74.4 13.96 2.34 65271.6
1683786046 109.48 16.17 0 82541.2
1683786056 112.79 14.28 0 93782.8
1683786066 47.91 18.39 14853.5 143836
1683786076 92.97 15.68 2.35 75835.8
1683786086 103.22 14.11 0 298724
1683786096 75.81 13.83 1.96 54741.6
1683786106 102.52 15.97 0.39 52949.9
1683786116 78.25 18.08 15305 137730
1683786126 99.61 14.06 0 56987.3
1683786136 102.54 15.46 0 52912.7
1683786146 90.19 14.29 1.17 49034.6
1683786156 49.87 18.05 15747.7 129501
1683786166 95.59 19.81 1.18 49344.3
1683786176 102.26 13.77 0 53193.7
1683786186 103.13 15.92 0.78 52664.6
1683786196 45.06 18.04 15012.7 123256
1683786206 94.92 18.18 1.96 51223.1
1683786216 102.25 13.77 0 52480.2
1683786226 101.86 18.41 1.18 51914.2
1683786236 28.17 19.67 15253 119469
1683786246 109.7 18.34 0 81852
1683786256 91.99 13.92 0.78 72148.2
1683786266 110.74 16.12 0 81951.1
1683786276 87.79 14.21 0.39 69639.1
1683786286 86.6 18.42 14328.1 150016
1683786296 110.83 18.18 0 84208.6
1683786306 87.09 16.13 1.56 75859.9
1683786316 87.87 14.29 0 68405.5
1683786326 61.19 18.46 14055.5 152190
1683786336 87 19.9 0.39 77851.4
1683786346 95.05 16.23 0.39 74914.9
1683786356 110.19 14.35 0 86392.2
1683786366 11.74 19.94 14055.9 136884
1683786376 109.4 18.67 14069.3 162721
1683786386 96.29 14.06 0 450922
1683786396 97.94 15.48 0 52276.8
1683786406 8.29 17.96 14228.3 112944
1683786416 91.34 17.74 0.78 48596.7
1683786426 103.03 14.08 0 52894.7
1683786436 97.85 15.49 0.78 49632.1
1683786446 2.55 17.74 14522.6 113137
1683786456 102.74 18.11 14509.2 136114
1683786466 102.35 15.74 0 51432.5
1683786476 96.28 13.84 1.17 51422.7
1683786486 9.58 17.98 14606.1 118982
1683786496 100 19.42 0.78 50524.5
1683786506 94.71 14.08 1.17 50854.4
1683786516 103.03 13.84 0 54652.1
1683786526 3.04 19.4 15100.6 114726
1683786536 100.68 18.11 15085 136382
1683786546 101.37 18.42 1.57 78468.9
1683786556 110.08 15.68 0 82292.1
1683786566 81.11 14.55 1.17 61277.5
1683786576 19.5 18.27 15581.2 136583
1683786586 111.24 18.46 0 81962.1
1683786596 93.08 15.7 0.39 79165.6
1683786606 87.29 14.51 0.39 71269.2
1683786616 107.23 18.49 0 79382.2
1683786626 74.95 20.13 14204.7 159855
1683786636 110.95 14.16 0 81150.3
1683786646 104.5 16.38 0 79859.2
1683786656 66.2 16.16 0.39 57363
1683786666 51.71 20.26 13550.3 145654
1683786676 106.35 18.45 0 88484.1
1683786686 76.34 16.4 1.56 65669.3
1683786696 110.93 14.52 0 83499.2
1683786706 96.67 16.85 191.2 78624.4
1683786716 68.39 19.75 15022.8 574969
1683786726 102.54 15.75 0 54782.8
1683786736 96.98 15.57 0.39 51018.4
1683786746 102.25 14.4 0 51824.8
1683786756 53.77 19.84 15129.2 124639
1683786766 102.26 15.8 0 53510.8
1683786776 101.08 13.91 0.39 50515.5
1683786786 101.37 14.39 0 50687.4
1683786796 38.94 19.69 15413.7 124764
1683786806 102.45 18.17 0 50670.1
1683786816 103.33 15.43 0.39 51784.7
1683786826 96.78 15.91 0 51088.1
1683786836 29.87 18.03 15145.5 122331
1683786846 95.4 18.14 1996.86 53908.8
1683786856 102.65 15.4 0 53231.7
1683786866 102.54 18.4 0.39 52873.5
1683786876 37.76 19.69 14606.6 121807
1683786886 102.74 18.15 0.39 52129.9
1683786896 102.26 13.77 0 50966.7
1683786906 91.77 14.23 0.78 49269.3
1683786916 22.04 19.67 15158.9 121191
1683786926 100.49 18.13 1.17 50604.9
1683786936 96.77 17.89 0.39 49802.7
1683786946 102.55 15.89 0 52049.3
1683786956 4.99 17.75 14844.6 108002
1683786966 15.57 17.92 558.52 31075.2

Execution duration: 00:22:12.12
