1683782879 101.96 4.96 484.32 46189.4
1683782889 102.36 0.59 0 46268.4
1683782899 103.53 15.83 30.53 46476.3
1683782909 44.42 18.03 14578.5 111771
1683782919 106.96 18.33 14.87 62387.5
1683782929 112.12 15.56 0 83672.7
1683782939 74.23 14.22 10.15 98818
1683782949 34.81 18.03 13954.6 115833
1683782959 100.48 19.77 0.78 55430.1
1683782969 90.44 15.36 3.12 51117.4
1683782979 105.68 14.4 0 64338.5
1683782989 14.56 18.09 15176.1 143103
1683782999 111.62 19.98 0 82974.4
1683783009 94.82 13.95 0.78 81697.6
1683783019 101.17 14.19 0.39 159724
1683783029 102.64 18.1 0.78 54477.5
1683783039 53.3 18.2 15142.9 136591
1683783049 108.95 18 0 82899.1
1683783059 90.63 16 0.78 71376.6
1683783069 96.28 14.11 1.96 75780
1683783079 110.95 14.6 0 84786.7
1683783089 61.59 19.69 15408.3 266252
1683783099 100.98 18.18 2.35 54140.6
1683783109 103.33 13.79 1.17 61456.8
1683783119 102.25 14.29 0 50494.3
1683783129 43.78 19.65 15787.7 128665
1683783139 97.85 18.16 1.95 51875
1683783149 101.85 13.76 0 52142.5
1683783159 103.23 16.02 0.78 62353.8
1683783169 29.59 18.2 15454.3 151608
1683783179 84.66 18.29 0.39 65994.9
1683783189 109.7 15.58 0.39 84782.8
1683783199 111.44 14.46 0 87388.5
1683783209 62.66 14.23 0.78 58591.6
1683783219 62.19 18.39 13809.9 148702
1683783229 101.66 19.79 0 239734
1683783239 81.82 14.12 3.13 53791.6
1683783249 101.57 13.88 0 53155.5
1683783259 20.59 19.62 15170.9 120941
1683783269 101.36 17.78 0 50291.7
1683783279 102.15 14.09 0.39 59558.5
1683783289 101.86 13.87 0 50959.7
1683783299 19.05 19.62 14954.3 118687
1683783309 95.79 17.76 0.78 48578.9
1683783319 101.66 14.1 0 53773.2
1683783329 100 15.47 0.39 50149.9
1683783339 5 17.9 0 42665.8
1683783349 101.17 18.3 15275.5 166075
1683783359 109.5 15.94 0 79876.6
1683783369 98.73 14.08 0 73428
1683783379 63.48 14.52 1.56 56257.4
1683783389 20.27 19.94 15595 149319
1683783399 99.12 18.43 0 83314.3
1683783409 76.52 14.07 1.57 63113.9
1683783419 106.89 18.73 0 81927.4
1683783429 100.97 15.93 0.78 84896.2
1683783439 47.12 18.5 14954.5 150062
1683783449 110.85 18.28 0 85625.8
1683783459 78.67 15.71 1.56 368253
1683783469 101.86 13.85 0 51788.4
1683783479 95.41 14.33 0.39 57031.5
1683783489 89.22 19.72 15193.4 134515
1683783499 103.04 14.07 0.78 51860.7
1683783509 101.37 13.83 0.39 51241.9
1683783519 9.98 19.6 14341.3 113705
1683783529 102.25 17.77 0.39 50513.9
1683783539 102.06 14.08 0 57710.4
1683783549 93.64 15.46 1.57 51729.6
1683783559 21.66 18.01 14083.1 114798
1683783569 96.29 19.39 1.56 52161.1
1683783579 102.06 15.71 0 51223.5
1683783589 102.54 15.48 0.78 54801.2
1683783599 42.8 18.2 14083.1 127924
1683783609 109.4 17.98 0 82893.1
1683783619 79.77 15.94 1.56 64572.8
1683783629 110.94 14.12 0 82406.2
1683783639 88.66 14.57 14256.1 74469.6
1683783649 91.87 18.42 14286.4 151733
1683783659 110.26 14.39 0 84297.2
1683783669 91.68 18.37 1.96 76165.6
1683783679 110.35 16.3 0 83189.9
1683783689 64.61 20.09 14494.6 151501
1683783699 83.96 18.63 0.39 68310
1683783709 110.85 15.85 0 84275.3
1683783719 87.3 14.75 0 71625
1683783729 71.68 14.48 0.39 60916.8
1683783739 78.6 18.71 14606.1 157083
1683783749 93.51 18.44 1.94 79744.7
1683783759 82.76 16.36 0.39 70762
1683783769 102.04 14.23 0 498288
1683783779 16.87 18 14969.1 123815
1683783789 101.86 17.77 0 50780
1683783799 102.55 15.71 0 54684.1
1683783809 101.97 15.49 0 51293.2
1683783819 97.74 14.34 0.78 49869.8
1683783829 92.66 18.1 15581.2 136635
1683783839 101.77 14.07 0 56387.9
1683783849 100.4 13.84 0.78 50990.4
1683783859 9.7 19.6 14218.2 110778
1683783869 102.45 17.76 0.39 51145.2
1683783879 102.06 14.1 0 52132.4
1683783889 93.14 15.55 1.17 47964.3
1683783899 37.54 19.66 13550.7 117729
1683783909 101.67 19.44 0.78 51956.9
1683783919 102.46 14.2 0 51777.5
1683783929 102.26 15.58 0.39 52303.3
1683783939 41.05 19.66 14890.1 121781
1683783949 101.55 19.45 0.78 50730.1
1683783959 96.19 14.33 0.39 61527.9
1683783969 110.74 14.13 0 83794.3
1683783979 80.95 16.28 0.78 63506.6
1683783989 98.73 20.05 15128.5 163574
1683783999 97.26 14.37 0.39 76014.9
1683784009 74.63 15.74 0.78 60747.5
1683784019 111.04 16.23 0 85472.7
1683784029 15.55 18.17 15398.6 146317
1683784039 86.04 18.31 1.17 67767.6
1683784049 110.45 13.93 0 83535.1
1683784059 73.78 20.15 0 60909.6
1683784069 95.8 15.74 0.78 76141.9
1683784079 27.87 18.25 15115.9 149548
1683784089 89.33 19.61 0.78 73506.9
1683784099 111.24 15.93 0 83936.7
1683784109 103.43 14.07 0.39 80906
1683784119 75.74 16.13 0.78 61715.8
1683784129 64.91 18.3 14592.4 155250
1683784139 93.94 18.39 0 78797.3
1683784149 96.49 14 0 74324.5
1683784159 101.56 15.86 3108.59 597042
1683784169 88.07 13.98 0.78 50854.3
1683784179 99.22 18.12 15144 137698
1683784189 93.93 15.34 1.18 50384.7
1683784199 102.45 14.19 0 51376.5
1683784209 2.74 17.74 14549.7 112929
1683784219 8.33 17.75 15397.1 84106.6

Execution duration: 00:22:33.33
