1683795902 154.89 18.88 267722 30952.8
1683795907 114.45 14.37 221689 30760.5
1683795912 71.86 14.37 221032 30579.5
1683795917 36.75 14.38 220419 30486.8
1683795922 39.89 14.75 222403 29760.3
1683795927 40 14.38 221185 30462.5
1683795932 37.32 14.38 220967 30442.7
1683795937 38.73 14.38 221729 30535.9
1683795942 38.54 14.75 221836 30661.1
1683795947 38.16 14.39 221876 30635.1
1683795952 39.12 14.39 222194 28248.9
1683795957 39.81 14.4 220963 30372.6
1683795962 37.97 14.75 221679 30616.8
1683795967 38.65 14.39 220818 30505.1
1683795972 37.28 14.39 220706 30503.4
1683795977 123.51 14.54 222049 178128
1683795982 63.35 15.01 222265 222520
1683795987 7.22 17.99 3.40316e+06 584863
1683795992 6.67 18.12 3.40964e+06 610162

Execution duration: 00:01:34.34
