1683733932 102.45 4.96 151.62 46231.5
1683733942 102.94 1.75 16.83 46868.1
1683733952 103.12 13.85 1.95 46938.9
1683733962 47.66 18.02 14198.1 112703
1683733972 102.44 14.44 15.25 50909.1
1683733982 102.94 15.05 0 54573.7
1683733992 107.72 14.06 1.96 79887.4
1683734002 79.23 18.3 13913.1 151615
1683734012 84.26 13.88 1.17 70687.8
1683734022 95.51 14.91 46.09 155764
1683734032 103.03 14.67 0 57535.8
1683734042 26.37 18.92 15160.9 126298
1683734052 109.01 17.94 0 84106.2
1683734062 97.47 18.42 0.78 76059.4
1683734072 110.95 14.91 0 81485.9
1683734082 93.95 14.55 0.39 72087.4
1683734092 46.48 18.02 15234 256241
1683734102 101.94 14.79 0 52845.9
1683734112 92.05 13.75 2.32 60076.8
1683734122 102.64 14.22 1.17 53629
1683734132 22.57 17.99 15392.2 121179
1683734142 100.2 18.93 0.78 53465.6
1683734152 102.54 13.72 0 53237.6
1683734162 97.84 14.32 0.78 52587.5
1683734172 111.44 14.96 0 84319.1
1683734182 77.64 18.25 15743.4 153012
1683734192 110.65 14.27 0 81224.2
1683734202 105.58 15.2 0 83705.2
1683734212 76.75 14.54 1.56 64375.4
1683734222 19.91 18.33 15439.2 147108
1683734232 99.12 18.09 0.39 248708
1683734242 77.49 14.84 2.73 47805.8
1683734252 102.25 14.17 0 53298.1
1683734262 13.98 17.97 13891.3 118423
1683734272 102.84 18.92 0 52663.1
1683734282 95.59 15.05 1.17 51443.4
1683734292 101.65 14.2 0 57554.1
1683734302 5.38 17.88 15274.3 117986
1683734312 102.93 18.91 0 50929.2
1683734322 102.94 14.08 0.78 51993.7
1683734332 92.99 14.18 0.39 51765
1683734342 3.23 18.66 14983.6 115495
1683734352 95.7 19.06 14955.1 160354
1683734362 110.95 14.23 0 84548.2
1683734372 86.93 14.39 0.78 67090.7
1683734382 99.42 19.5 0.78 78224.2
1683734392 50.55 19.14 15245.3 157700
1683734402 85.38 14.29 2.34 76704.9
1683734412 111.14 14.48 0 82938.3
1683734422 97.56 14.58 0 78063.4
1683734432 84.05 14.69 0.39 68721.7
1683734442 62.42 19.32 15701.6 161765
1683734452 99.8 18.62 1.56 81948
1683734462 102.05 14.11 0 377070
1683734472 93.74 15.03 0.39 50101.3
1683734482 21.56 17.99 14954.9 115243
1683734492 101.65 18.58 0 53288.8
1683734502 102.06 18.24 0 56799.2
1683734512 102.84 14.21 0 53507.6
1683734522 15.94 18.2 15298.5 119068
1683734532 102.35 18.92 0 57782.8
1683734542 100.89 14.07 1.18 51993.7
1683734552 101.55 15.01 0 51050.4
1683734562 27.11 18 14341.7 117339
1683734572 102.35 14.77 0 49911.6
1683734582 97.26 14.21 1.96 51427
1683734592 110 14.41 0 83947.1
1683734602 54.05 19.03 14028.1 148160
1683734612 75.37 14.21 1.56 60737.4
1683734622 111.23 14.34 0 85833
1683734632 89.64 15.32 0.39 72022.7
1683734642 11.62 18.05 14042.6 138435
1683734652 109.77 18.44 14041.8 162003
1683734662 75.3 14.42 0.39 64736.7
1683734672 110.58 15.36 0 83671.5
1683734682 110.21 14.74 0.39 86836.1
1683734692 39.79 18.49 14188.7 132772
1683734702 108.23 19.43 0 82130.2
1683734712 110.46 14.64 0.39 91233.6
1683734722 95.79 14.76 0.78 74934.9
1683734732 30.91 19.44 14367.8 146123
1683734742 69.53 18.09 0.78 464684
1683734752 93.74 14.04 0.39 51707.1
1683734762 102.62 15.16 0 53610.9
1683734772 93.36 18.43 0 55395.9
1683734782 82.29 18.08 14620.4 131725
1683734792 93.06 18.18 1.56 49048.7
1683734802 102.26 14.96 0 54432.1
1683734812 102.15 14.28 0.78 52942.1
1683734822 77.9 18.25 15099.8 131727
1683734832 98.34 14.83 0.39 59791
1683734842 102.74 18.31 0 51774.6
1683734852 95.51 14.28 1.17 49442
1683734862 54.3 18.04 15535.2 128903
1683734872 102.75 14 0.39 52462.6
1683734882 102.34 14.94 0.39 53200.8
1683734892 102.44 14.27 0 52903.2
1683734902 70.3 18.05 14136.7 122939
1683734912 102.34 14.83 0 52859.4
1683734922 97.96 15.06 1.17 50142.2
1683734932 8.21 18.75 13550.3 106003
1683734942 103.43 18.26 0.78 53110.8
1683734952 109.97 15.13 0 83621.5
1683734962 92.48 14.43 0.39 73940.2
1683734972 95.51 14.55 0.78 76320.7
1683734982 83.29 19.13 14861.8 161686
1683734992 66.81 14.28 0 55289.9
1683735002 96.68 14.42 0.39 77744.4
1683735012 110.84 15.43 0 85006
1683735022 68.47 19.67 1.17 62150.8
1683735032 78.19 19.31 15169.9 160479
1683735042 103.11 14.43 0 78446.6
1683735052 107.33 15.42 3.13 86318.6
1683735062 110.83 15.54 0 83532.5
1683735072 12.4 19.05 15387.5 136509
1683735082 110.76 18.4 0.39 82318.7
1683735092 110.57 18.54 0 88636.3
1683735102 61.2 14.45 0.39 53776.7
1683735112 104.22 15.4 0 78766.3
1683735122 47.01 19.2 15117.1 158994
1683735132 66.44 14.25 0.78 58529.6
1683735142 111.36 15.22 0 85758.1
1683735152 106.94 14.52 0 85237.5
1683735162 91.01 14.28 2651.02 637522
1683735172 79.37 18.07 14593.5 129026
1683735182 89.44 14.87 0.39 49416.2
1683735192 102.75 14.14 0 51813.7
1683735202 92.75 15.14 1.17 49230.1
1683735212 53.14 18.88 15144 124552
1683735222 103.14 14.84 0.39 53679.1
1683735232 102.44 14.13 0 51400.8
1683735242 101.17 14.26 0 53485.9
1683735252 6.5 17.73 15035.9 91307.1
1683735262 3.13 18.55 235.77 99.32

Execution duration: 00:22:17.17
