1683789763 52 19.05 169031 101156
1683789768 48.08 15.88 126557 120698
1683789773 42.84 18.62 103650 119384
1683789778 53.13 18.6 125809 143000
1683789783 33.34 19.24 74405.3 125710
1683789788 46.46 20.01 112053 134386
1683789793 41.31 22.53 85954.9 140416
1683789798 28.66 21.81 61603.8 121902
1683789803 47.62 24.29 113138 125757
1683789808 34.59 24.76 72993.9 137221
1683789813 30.93 24.9 73442.9 132662
1683789818 43.92 23.98 123285 118212
1683789823 38.49 23.68 105276 136433
1683789828 35.06 25.49 87941.3 138211
1683789833 32.76 23.78 82146.3 112000
1683789838 42.84 24.24 119883 128635
1683789843 34.49 23.92 86480 137399
1683789848 31.74 25.72 82104.2 137332
1683789853 41.34 24.02 111835 125451
1683789858 38.64 24.43 99005.3 140511
1683789863 38.11 24.13 108658 139270
1683789868 26.65 25.91 79164.5 115384
1683789873 50.76 25.98 170383 132903
1683789878 37.2 24.59 105401 137000
1683789883 34.16 24.33 94797.7 139300
1683789888 41.82 26.08 132694 115426
1683789893 41.63 26.08 118567 140252
1683789898 34.4 24.69 92444.1 140497
1683789903 33.45 24.33 93884.4 113789
1683789908 47.34 24.33 138747 142891
1683789913 34.73 24.34 104344 137368
1683789918 29.79 26.44 86674.8 128955
1683789923 43.16 26.08 134941 116160
1683789928 35.6 24.34 94520.4 135083
1683789933 29.46 24.35 82124.7 116224
1683789938 39.05 24.75 112443 128930
1683789943 40.77 26.85 80964.6 138782
1683789948 33.02 25.72 23142.3 135920
1683789953 30.22 28.01 20901.9 133078
1683789958 37.28 27.17 28997.4 115242
1683789963 31.88 26.81 23845.2 138743
1683789968 34.92 26.83 33416.3 144598
1683789973 30.36 26.97 71743.4 134315
1683789978 30.87 27.54 68354.5 143700
1683789983 35.11 29.19 75634.9 117715
1683789988 38.76 27.62 84588.3 161016
1683789993 39.73 29.54 90570.3 170221
1683789998 41.85 28.31 90738.6 181818
1683790003 38.82 29.82 84021.2 179327
1683790008 31.89 28.25 70197.7 137269
1683790013 25.65 28.51 54217.4 85114
1683790018 35.22 30.75 84467.4 120700
1683790023 41.02 28.78 90595.1 134656
1683790028 12.69 20.29 4.28608e+06 2.34674e+06

Execution duration: 00:04:30.30
