1683728013 102.84 1.16 131.11 46980.2
1683728023 103.34 1.22 16.09 46730.5
1683728033 103.24 14.11 1.96 46964.3
1683728043 45.19 14.2 14375.3 112096
1683728053 102.24 13.99 1.56 51748.4
1683728063 105.39 14.52 0 62225.9
1683728073 87.87 14.28 3.13 66786.7
1683728083 59.16 14.47 13981.2 148405
1683728093 96.67 13.83 1.17 77467.7
1683728103 72.59 14.07 42.14 142321
1683728113 102.75 14.1 0 53176.8
1683728123 94.52 14.33 3.13 57792.8
1683728133 91.86 14.27 15232.6 135976
1683728143 102.45 14.35 0.78 53672.9
1683728153 102.25 14.11 0 51341.8
1683728163 100.98 14.32 0.78 51703.8
1683728173 84.33 13.98 15276.8 136034
1683728183 104.62 14.48 0 61501.9
1683728193 100.19 14.24 0.39 78178.2
1683728203 110.19 14.81 0 83079.3
1683728213 38.3 14.16 15557.3 146671
1683728223 109.13 14.53 1.57 83760.4
1683728233 105.58 14.32 0 80747.5
1683728243 86.88 14.5 1.17 74629.4
1683728253 110.99 14.65 0 82049.4
1683728263 57.45 14.23 15803.1 351033
1683728273 73.73 13.59 2.35 47171.4
1683728283 101.86 14.38 0 52678.4
1683728293 95.49 14.15 1.96 61473.6
1683728303 9.01 13.86 15484.5 116681
1683728313 102.25 13.93 0.39 54291.1
1683728323 101.96 14.36 0 51426.6
1683728333 103.15 14.12 0.79 51452.8
1683728343 37.22 13.91 13918.5 116552
1683728353 102.46 13.92 0 52452.2
1683728363 102.07 14.53 2.75 60242
1683728373 110 14.4 0 86105.4
1683728383 17.15 14.05 15304.2 140587
1683728393 110.53 14.21 0 80458.8
1683728403 95.29 14.31 0 73000.6
1683728413 70.42 14.37 0.39 55857
1683728423 111.26 14.58 0 84390.2
1683728433 40.85 14.56 14998.2 149264
1683728443 70.48 14.61 1.96 58967.8
1683728453 109.01 14.08 0 83109.9
1683728463 98.13 14.92 1.57 84314.2
1683728473 100.5 14.59 1.18 349060
1683728483 61.57 13.95 15320 136527
1683728493 86.44 13.91 0.78 50829.3
1683728503 102.66 14.43 0 54107.2
1683728513 95.09 13.87 0.78 52687.5
1683728523 25.98 14.21 15763.1 123783
1683728533 97.18 13.98 1.56 52251.6
1683728543 102.16 14.09 0 53203.9
1683728553 102.04 14.17 0.78 54277.8
1683728563 26.35 14.23 15012.7 118843
1683728573 100.4 13.67 0 50360.8
1683728583 99.61 14.39 0 55441.3
1683728593 102.06 14.15 0 53371.8
1683728603 18.26 14.07 15358.6 126784
1683728613 109.6 13.84 0 83679.5
1683728623 86.47 14.62 1.17 68721.4
1683728633 110.78 14.09 0 80521.8
1683728643 99.82 14.62 0.78 81095.9
1683728653 97.45 14.62 14383.5 163792
1683728663 110.81 14.39 0 84085.7
1683728673 73.27 14.47 1.57 61129.9
1683728683 108.04 14.98 0.78 84160.4
1683728693 79.04 14.37 14083.4 167122
1683728703 70.55 14.75 1.17 59446.4
1683728713 110.39 14.54 0 85893.1
1683728723 106.95 14.77 0 86965.5
1683728733 32.26 14.76 14097.6 142347
1683728743 100.59 14.35 0 446289
1683728753 98.33 14.03 0.39 55156.9
1683728763 101.76 14.51 0 51666.1
1683728773 27.82 14.21 14284.8 117370
1683728783 101.96 14.04 0 51821.2
1683728793 99.8 14.02 1.18 53445.3
1683728803 102.35 14.54 0 51787.4
1683728813 40.14 13.93 14551.5 122272
1683728823 102.06 14.31 0 51299.4
1683728833 102.26 14.07 0 52725.5
1683728843 93.95 14.23 1.95 53408.8
1683728853 46.1 14.24 14620.4 122807
1683728863 98.24 14.01 0.39 52012.6
1683728873 102.26 14.05 0 52548.2
1683728883 102.06 14.25 0.78 50916.2
1683728893 45.89 14.26 15129.4 125324
1683728903 100.5 14.53 0.79 60190.4
1683728913 109.41 14.24 0 84805.5
1683728923 102.25 14.8 0 76446.3
1683728933 79.54 14.24 1.96 64977.9
1683728943 96.87 14.57 15580.8 168492
1683728953 87.64 13.99 0 72101.2
1683728963 83.15 14.76 1.17 66198.8
1683728973 110.23 14.6 0 84387.1
1683728983 36.33 14.65 14219 144984
1683728993 99.52 14.05 0 76169.6
1683729003 111.07 14.89 0 83568.3
1683729013 104.01 14.78 0 85381.2
1683729023 49.57 14.82 13577.3 149140
1683729033 85.42 14.47 0 66490
1683729043 86.69 15.02 0.78 69810.4
1683729053 111.07 14.79 0 85513
1683729063 77.01 15.33 1.17 70138.5
1683729073 61.38 14.98 14905.1 154150
1683729083 111.27 15.06 0 86905.4
1683729093 90.4 14.54 1.18 77013.1
1683729103 101.76 14.7 0 574258
1683729113 9.02 14.39 15172.1 118467
1683729123 102.16 14.62 0 52789
1683729133 100.68 14.26 0 51485.5
1683729143 102.54 14.32 0 52420.4
1683729153 102.45 14.49 0 54089.5
1683729163 98.74 14.45 15451.1 136861
1683729173 102.65 13.7 0 53053.9
1683729183 96.08 14.67 1.18 49818
1683729193 103.24 14.78 0 52233.7
1683729203 92.65 14.48 16754.5 138457
1683729213 102.15 14.5 1539.33 60354.6
1683729223 102.95 14.67 33.75 52058.1
1683729233 11.95 13.91 14657 115507
1683729243 95.78 14.43 1.18 53216.5
1683729253 102.36 14.14 0 50932.3
1683729263 99.13 14.27 1.17 52625.5
1683729273 102.75 14.38 -1 30081.4
1683729283 99.13 14.45 15146.8 136681
1683729293 102.65 13.69 0 51263.1
1683729303 102.85 14.21 0.39 51924.7
1683729313 2.55 14.1 14802 110803
1683729323 2.95 14.23 635.3 9254.89

Execution duration: 00:22:00.00
