1683748695 101.57 4.96 308.72 46030.9
1683748705 102.05 0.93 141.15 46141.9
1683748715 102.92 15.02 1.95 47383.4
1683748725 43.15 18.03 14481.8 111838
1683748735 102.15 17.79 15.26 50769.5
1683748745 102.54 15.3 27.42 52547.7
1683748755 97.19 13.89 2.33 49698.8
1683748765 74.94 19.41 13926.6 149106
1683748775 86.91 13.82 1.55 66157.1
1683748785 106.23 18.52 3.12 82285.4
1683748795 110.56 14.13 0 84913.5
1683748805 15.04 17.98 15199.2 231006
1683748815 101.85 18.93 0 51699.7
1683748825 109.49 14.27 0 80783.2
1683748835 109.59 14.08 0 82572.8
1683748845 90.31 15.74 0.39 69184.9
1683748855 64.62 18.31 15248.9 149602
1683748865 109.22 15.52 0 82263.4
1683748875 80.64 14.1 1.17 198131
1683748885 100.99 15.42 2.35 55128.1
1683748895 16.05 17.99 15542.5 124374
1683748905 100 18.11 1.96 52789
1683748915 101.36 13.73 0 52259.4
1683748925 96.48 15.38 1.57 51731.1
1683748935 101.97 18.14 0 51379.4
1683748945 83.6 18.25 15636.5 157050
1683748955 109.22 15.04 0 83293.2
1683748965 99.8 14.4 1.56 75013.7
1683748975 89.14 14.15 1.16 70110.6
1683748985 30.39 18.32 15469.4 151940
1683748995 101.66 19.26 1.17 87438.3
1683749005 110.65 14.43 0 82483.8
1683749015 89.44 14.18 1.17 249211
1683749025 7.15 19.09 13917.7 112366
1683749035 102.75 18.1 0 52737.3
1683749045 93.11 14.06 1.94 57947.2
1683749055 101.57 15 0 53164.2
1683749065 99.22 14.32 0.78 58119
1683749075 84.83 18.09 15288.5 131685
1683749085 99.51 15.22 0 50144.5
1683749095 100.1 13.81 0 51735.8
1683749105 101.95 18.47 0 52624.2
1683749115 76.49 18.07 15000.6 125660
1683749125 108.81 14.21 0 82821.9
1683749135 94.73 15.16 1.56 74985.7
1683749145 110.26 14.52 0 80846.1
1683749155 38.15 18.28 15171.3 145401
1683749165 101.96 18.45 0.39 79234.5
1683749175 110.26 18.23 0 84616.2
1683749185 73.32 15.69 0.78 58905.2
1683749195 96.09 14.33 1.57 75472
1683749205 55.14 18.44 15610.1 163526
1683749215 78.88 18.22 1.17 67263.3
1683749225 93.56 15.73 1.17 74750.4
1683749235 111.35 15.55 0 85678.3
1683749245 71.33 14.27 1.56 386744
1683749255 56.02 18.05 15014.7 127371
1683749265 103.33 14.01 1.17 61234.4
1683749275 102.24 14.97 0 53066.1
1683749285 102.64 14.27 0 53248.5
1683749295 46.23 18.04 15298.5 127454
1683749305 102.07 18.15 0 57827.2
1683749315 95.11 13.75 0.78 49365.9
1683749325 102.17 15.43 0 52727.3
1683749335 55.92 18.04 14328.4 122504
1683749345 101.96 14.01 0 50914
1683749355 95.5 13.77 1.56 51247.3
1683749365 109.2 15.62 0 80486.1
1683749375 77.01 18.26 13947.2 154326
1683749385 83.19 14.26 0 69123.8
1683749395 109.02 15.21 0 84640.9
1683749405 97.65 14.55 0 80053.2
1683749415 32.22 18.35 14041.8 140621
1683749425 111.73 18.46 0 83766.2
1683749435 94.03 15.3 0.78 78495.5
1683749445 109.89 14.61 0 83015.3
1683749455 92.5 14.42 14229.1 73504.4
1683749465 106.75 18.6 14270.4 162764
1683749475 110.66 15.44 0 82869.2
1683749485 62.95 14.68 1.56 62839.5
1683749495 97.56 18.41 0.39 418186
1683749505 58.62 19.23 14508.8 132285
1683749515 101.27 13.65 0.78 54568.5
1683749525 102.46 14.14 0 53173.8
1683749535 94.73 15.08 1.56 49650.8
1683749545 59.46 18.05 14634.7 128989
1683749555 94.04 13.64 0.78 50909.5
1683749565 102.16 15.32 0 51938.1
1683749575 101.96 13.9 0.78 51455.7
1683749585 55.35 18.04 15114.6 125131
1683749595 99.22 14.83 0.39 51840.1
1683749605 101.37 14.13 0 55840.8
1683749615 102.65 13.89 1.17 50492.3
1683749625 31.9 18.02 15565.6 124076
1683749635 101.96 18.97 0 54049.1
1683749645 102.55 14.11 1.17 52999.4
1683749655 102.05 13.88 0 53556.9
1683749665 51.72 19.22 14218.2 120724
1683749675 102.35 17.81 0 53004.1
1683749685 96.19 14.13 0.78 48050.1
1683749695 102.54 15.17 0 52203.3
1683749705 82.29 18.09 13564.4 122662
1683749715 102.26 14.91 0 51673.7
1683749725 103.82 14.41 0 80814.1
1683749735 108.92 15.39 0 81414.6
1683749745 85.43 18.3 14861 160374
1683749755 67.84 13.85 1.56 58016.8
1683749765 110.66 14.44 0 81980.1
1683749775 95.62 15.43 0 79971.1
1683749785 17.63 19.55 15109.5 149965
1683749795 110.95 19.36 0 82902.1
1683749805 64.31 15.62 0.78 52684.4
1683749815 93.94 18.34 0.39 74003.9
1683749825 111.34 15.87 0 88115.8
1683749835 70.57 14.38 1.56 62927.1
1683749845 100.6 18.4 15436.9 165875
1683749855 112.23 14 0 87872.4
1683749865 71.91 15.64 1.56 59616
1683749875 111.92 14.22 0 83191.4
1683749885 29.78 18.32 15129.3 141936
1683749895 100.19 19.27 0.78 78867.7
1683749905 110.86 14.42 0 82991.8
1683749915 67.33 14.12 0.78 56571.4
1683749925 105.19 14.6 0 79961.3
1683749935 79.76 19.6 14592.4 164619
1683749945 78.8 14.01 2730.4 653176
1683749955 101.96 13.77 0 51718
1683749965 93.98 15.44 0 51716.2
1683749975 33.95 18.02 15144 123669
1683749985 96.96 18.14 0 51947.5
1683749995 101.77 14.94 0 51720
1683750005 103.24 14.24 0 52583.7
1683750015 4.69 17.73 14936.1 102131
1683750025 5.97 17.73 472.27 333.21

Execution duration: 00:22:20.20
