1683792999 102.46 4.97 453.34 46329.4
1683793009 102.15 0.58 0 46908
1683793019 103.53 20.14 29.38 47036.6
1683793029 45.5 18.04 14551.1 112411
1683793039 103.04 18.17 31.7 51580.4
1683793049 101.74 15.54 0 52314.6
1683793059 96.96 14.39 2.35 49816.8
1683793069 76.03 18.25 13967.5 152417
1683793079 86.02 18.35 1.56 67107.7
1683793089 106.66 15.78 2.35 82011.8
1683793099 101.08 16.02 38.36 167957
1683793109 19.8 18 15220.8 120576
1683793119 103.03 18.27 0 54635.6
1683793129 105.28 15.69 1.56 83130
1683793139 110.18 14.46 0 81814.5
1683793149 93.2 14.21 0.78 70652.9
1683793159 78.96 18.34 15261.4 156398
1683793169 112.52 19.98 0 80748.3
1683793179 79.14 14.13 3.49 194070
1683793189 102.54 13.91 0 54248.1
1683793199 27.25 19.78 15513.3 126499
1683793209 102.85 17.79 0 51016.6
1683793219 103.13 14.12 0 52643.4
1683793229 98.73 13.87 0.39 52252.4
1683793239 8.5 19.85 15772.2 121566
1683793249 99.41 17.93 1.94 74585.6
1683793259 110.28 14.25 0 84525.3
1683793269 87.38 19.99 1.17 69187.9
1683793279 103.14 16.32 1.57 79133.5
1683793289 50 18.36 15364.3 156714
1683793299 99.71 18.47 1.17 85425.8
1683793309 111.25 16.01 0 80184.5
1683793319 79.87 14.21 1.56 244554
1683793329 23.1 19.78 13796.9 115225
1683793339 101.96 18.13 0 53538.9
1683793349 95.5 15.51 1.57 57123.2
1683793359 104.08 14.47 0 53391.1
1683793369 10.53 17.97 15259 121366
1683793379 103.15 18.13 0 51772.8
1683793389 98.34 15.49 1.57 50903.7
1683793399 101.86 14.22 0 51174.9
1683793409 96.48 13.98 1.17 48287
1683793419 97.37 20.03 14968.9 133180
1683793429 110.07 13.9 0 84837.5
1683793439 95.5 14.37 1.17 74285.3
1683793449 110.67 14.21 0 81859.1
1683793459 45.84 20.06 15275.1 142561
1683793469 108.51 18.13 0.39 82964.6
1683793479 110.96 14.46 0 85733.1
1683793489 68.75 15.94 0.78 60841.4
1683793499 94.62 14.71 1.17 74751.9
1683793509 64.52 18.46 15716.9 166187
1683793519 75.29 20.38 0.78 64525
1683793529 96.97 18.36 1.57 76381.6
1683793539 111.11 14.75 0 84552.3
1683793549 76.44 14.29 1.17 390118
1683793559 57.6 19.84 15013.5 124706
1683793569 102.94 19.6 0 59292.3
1683793579 99.9 14.16 1.56 56839
1683793589 103.23 18.07 0 53053.9
1683793599 52.35 20.07 15312.7 126963
1683793609 102.25 18.18 0 57646.1
1683793619 99.02 14.13 0.78 50750.3
1683793629 102.55 13.9 0 52389.4
1683793639 65.76 19.84 14342.1 123677
1683793649 102.05 17.83 0 52211.4
1683793659 95.7 18.39 0.78 50191.6
1683793669 108.32 15.88 0.39 82587.1
1683793679 91.8 18.29 14055.5 157034
1683793689 73.51 13.92 1.56 60473.9
1683793699 110.46 14.4 0 85363.8
1683793709 105.77 16 0.78 84809.4
1683793719 30.84 18.35 13987.5 134183
1683793729 110.94 18.12 0 83709.1
1683793739 102.43 14.51 0.39 83539.9
1683793749 75.91 15.99 1.96 64504.6
1683793759 110.46 14.78 0 80817.2
1683793769 83.9 20.34 14145.9 155033
1683793779 104.22 14.59 0.39 79853.7
1683793789 110.26 16.12 0 85108.9
1683793799 65.24 14.25 0 405946
1683793809 35.88 18.02 14494.2 121349
1683793819 102.84 19.93 0 58226.2
1683793829 94.38 13.75 1.16 52796.9
1683793839 103.43 14.5 0 54566.7
1683793849 41.32 19.8 14493.1 122878
1683793859 102.45 18.16 0 52975.5
1683793869 91.4 13.76 1.17 47566.3
1683793879 102.06 14.24 0 52465.8
1683793889 33.46 18.03 15101 118339
1683793899 104.9 20.17 0 51374.9
1683793909 102.44 18.29 0.39 59842.2
1683793919 102.16 14.24 0 50239.2
1683793929 15.66 18 15565.9 119948
1683793939 98.24 19.9 0.39 51633.7
1683793949 102.26 15.5 0 52547.7
1683793959 96.19 14.22 0.78 48710.8
1683793969 30.01 18.02 14190.4 115380
1683793979 102.35 19.92 0.39 50562.2
1683793989 102.05 13.75 0 53203.1
1683793999 99.42 16.12 1.57 50591.2
1683794009 65.27 19.85 13523.9 119645
1683794019 97.36 18.37 0.39 52147.3
1683794029 109.34 15.8 0 83987.5
1683794039 100.1 14.53 0 76166.6
1683794049 39.92 20.01 14876.3 145752
1683794059 110.86 18.4 0 83594.9
1683794069 79.48 15.81 0.39 66090.3
1683794079 108.48 14.54 0.39 84608
1683794089 111.24 16.14 0 91496.4
1683794099 45.49 20.22 15012.6 136630
1683794109 109.4 19.98 0 81621.9
1683794119 106.74 14.53 0 82478.2
1683794129 83.37 14.27 0.78 67228.6
1683794139 111.14 16.54 0 83878.8
1683794149 66.08 18.36 15398.6 147926
1683794159 102.24 14.32 0 78556.7
1683794169 111.04 15.88 0 83309.4
1683794179 68.38 14.53 0 61384.3
1683794189 110.36 16.07 0 81656.3
1683794199 103.33 18.43 15116.3 169080
1683794209 62.7 15.77 0.78 55413.3
1683794219 109.28 14.46 0 81186.7
1683794229 107.6 18.39 0.39 88547.6
1683794239 22.58 19.79 17204.7 708563
1683794249 101.38 19.57 0 54150.1
1683794259 93.44 15.87 0.39 56261.8
1683794269 102.46 13.87 0 52173.9
1683794279 3.72 19.52 15144.4 118418
1683794289 101.07 19.9 15099.7 137544
1683794299 101.96 18.25 0.39 50394.5
1683794309 95.11 13.84 0 51046.6
1683794319 3.23 17.74 14775 108905
1683794329 7.66 17.75 623.53 478.03

Execution duration: 00:22:22.22
