1683763474 101.96 4.97 453.57 46450.1
1683763484 102.64 0.59 0 46714.4
1683763494 102.94 15.61 18.75 46792.6
1683763504 44.58 18.03 14446.9 112363
1683763514 107.24 14.16 1.57 64019.6
1683763524 111.83 18.11 0 82888
1683763534 71.29 15.61 38.67 99025.4
1683763544 36.92 18.09 14634.4 174684
1683763554 103.52 18.15 0.78 57705.5
1683763564 91.4 15.14 2.74 51344
1683763574 105.86 18.54 0 65635.1
1683763584 94.92 14.16 1.17 73044.8
1683763594 106.06 19.76 15173 167019
1683763604 97.37 13.94 1.17 83138.3
1683763614 100.48 14.17 1.17 160066
1683763624 102.52 15.36 0 54565.1
1683763634 60.11 18.2 15247.3 142881
1683763644 109.68 15.25 0 83759.9
1683763654 84.85 14.36 0.78 67548
1683763664 97.17 15.53 2.73 77569.5
1683763674 11.13 18 0 65380.4
1683763684 90.84 18.08 15498.5 280507
1683763694 102.15 15.46 0 52484.4
1683763704 95.61 13.82 1.56 50913
1683763714 102.15 14.31 0 51684.2
1683763724 64 19.46 15774.2 132907
1683763734 102.54 14.02 0 51209.4
1683763744 103.03 13.79 0.39 53260.3
1683763754 105.66 20.02 0 63089.9
1683763764 61.62 18.23 15454.3 156737
1683763774 86.92 14.22 1.17 70836.3
1683763784 111.29 14.01 0 82842
1683763794 90.73 15.87 0.39 75419.5
1683763804 17.78 18.31 13892.1 133275
1683763814 110.15 18.46 0 83502.8
1683763824 83.88 18.2 0.39 241834
1683763834 96.68 15.58 1.56 54695.6
1683763844 103.81 13.94 0 57655.5
1683763854 69.41 18.06 15274.7 130170
1683763864 102.45 15.08 0 53191.4
1683763874 102.25 14.17 0 56380.5
1683763884 102.06 13.92 0 52767.1
1683763894 65.56 18.05 14985.1 129816
1683763904 102.06 15.08 0 53850.8
1683763914 102.74 14.15 0.39 51103.8
1683763924 101.36 13.93 0 51688.4
1683763934 54.63 19.62 15216.4 137152
1683763944 109.49 15.24 0 82955.2
1683763954 107.81 14.38 0.78 80111.7
1683763964 61.51 14.1 1.56 57331.4
1683763974 110.06 14.6 0 81576.6
1683763984 82.57 19.81 15580.6 172801
1683763994 88.17 14.34 1.57 74086.9
1683764004 110.55 14.19 0 83041.4
1683764014 91.91 16.05 1.17 76863.3
1683764024 26.21 18.41 14939.6 144494
1683764034 109.59 18.6 0 81507.1
1683764044 80.78 14.18 0.78 76121.8
1683764054 94.92 14.16 0.39 377631
1683764064 102.93 15.34 0 57127
1683764074 40.53 18.03 15209.7 124601
1683764084 102.35 13.63 0 52327.2
1683764094 99.62 15.52 0.78 52002.3
1683764104 102.25 15.3 0 51111.7
1683764114 54.23 18.04 14271.9 127596
1683764124 102.46 17.82 0 51123.2
1683764134 100.88 15.54 1.16 50907.5
1683764144 95.26 18.06 0 50378.3
1683764154 72.37 18.08 14041.8 123422
1683764164 97.45 15.07 1.17 49680.2
1683764174 101.36 14.15 0 53341.9
1683764184 102.25 13.93 0.78 50000.4
1683764194 91.19 19.5 14069.3 129241
1683764204 95.02 13.69 0.78 49526.1
1683764214 102.25 18.35 0 51930.4
1683764224 3.13 17.37 1.56 29925.3
1683764234 103.42 19.69 14256.1 142116
1683764244 103.51 13.91 0.39 77974.2
1683764254 99.02 14.43 0.39 74767.9
1683764264 111.03 15.62 0 82910.1
1683764274 70.51 18.33 14482 148071
1683764284 111.05 14 0 82156.8
1683764294 108.01 14.49 0 84271.9
1683764304 60.25 15.6 0.39 54966.8
1683764314 20.04 18.39 14464.7 142887
1683764324 106.74 18.16 0.39 85795.3
1683764334 70.61 15.92 1.56 58807
1683764344 109.1 14.29 0 85087.8
1683764354 101.76 14.81 1.56 82901.1
1683764364 42.43 18.57 15056 145317
1683764374 111.03 20.19 0 83044.5
1683764384 70.53 14.33 0.39 62424.9
1683764394 109.84 14.82 0 83890.1
1683764404 102.23 14.32 0 504391
1683764414 43.69 19.43 15551.9 125040
1683764424 101.45 13.63 0 52062.1
1683764434 100.88 15.52 1.56 60714
1683764444 102.44 15.3 0 50329.7
1683764454 60.29 18.05 14204.3 122637
1683764464 102.05 17.81 0 50374.2
1683764474 101.85 15.66 0 52393.8
1683764484 94.24 15.41 0.78 49627.8
1683764494 87.3 18.11 13537.1 124637
1683764504 95.5 13.73 0.78 49356
1683764514 102.45 15.63 0 54781.2
1683764524 102.64 14.02 0.78 50705.9
1683764534 87.89 19.52 15199.2 139308
1683764544 96.98 15.14 0.39 52897.8
1683764554 103.04 15.65 0 51406.7
1683764564 99.02 15.49 1.17 51667.6
1683764574 75.75 19.63 15128.5 131464
1683764584 102.43 13.8 0.39 51564.8
1683764594 102.93 14.28 0 52312.8
1683764604 102.55 15.5 0 51715.1
1683764614 64.58 18.05 15368.6 128737
1683764624 102.25 15.1 0 51853.8
1683764634 96.86 14.15 0.78 50124.5
1683764644 101.95 13.91 0 54064.8
1683764654 59.86 19.66 15102 136039
1683764664 111.06 15.3 0 81991.8
1683764674 96.19 14.32 0 72339.1
1683764684 90.93 14.08 0.78 72444.1
1683764694 37.3 19.67 14578.1 147946
1683764704 75.65 17.95 0 62601
1683764714 86.52 14.25 1.17 70006.3
1683764724 110.98 15.46 0 84407.8
1683764734 79.59 14.48 0.78 70725
1683764744 21.76 18.22 15099.7 145862
1683764754 111.23 19.79 0 82814.8
1683764764 73.66 13.92 1.17 64324.7
1683764774 99.61 14.39 0 76978.7
1683764784 111.73 18.34 0 86891.9
1683764794 13.38 19.42 14964.1 122886
1683764804 13.59 6.29 421.89 32402.7

Execution duration: 00:22:20.20
