1683773617 101.96 4.96 447.45 45940.4
1683773627 102.44 0.57 0 46667.7
1683773637 103.03 14.22 30.14 46289.2
1683773647 41.78 19.57 14564.4 111757
1683773657 106.36 18.31 14.87 64926
1683773667 110.62 13.95 0 83649.5
1683773677 70.45 15.74 39.53 95145.2
1683773687 30.26 18.01 13983.1 114273
1683773697 102.44 18.15 0.39 57222.6
1683773707 90.6 15.27 3.91 50374.9
1683773717 106.84 14.39 0 67510
1683773727 97.95 15.69 1.96 73132.8
1683773737 101.57 18.34 15173 164543
1683773747 95.51 18.09 0.78 81256.7
1683773757 102.06 15.71 0.78 159928
1683773767 102.64 13.94 0.39 51858.3
1683773777 55.78 18.2 15262.2 141740
1683773787 109.66 18 0 82868.3
1683773797 85.03 14.37 0.78 66574.6
1683773807 100.88 15.65 2.33 79434.8
1683773817 111.06 20.29 0 86033.8
1683773827 82.49 18.09 15452.5 274721
1683773837 102.34 14.05 0 52794.5
1683773847 97.07 13.81 1.96 50931.9
1683773857 101.96 14.31 0 51877.2
1683773867 52.16 19.58 15774.2 128973
1683773877 102.64 18.18 0 51319
1683773887 102.74 15.32 1.17 52901
1683773897 106.27 14.44 0 64450.5
1683773907 47.18 18.22 15454.7 152245
1683773917 72.54 19.84 1.95 60622.9
1683773927 111.03 13.98 0 81888.8
1683773937 94.53 15.97 0 74106.8
1683773947 87.81 14.23 2.34 70450.7
1683773957 89.14 18.42 13890.1 158160
1683773967 81.01 14.02 0.39 235169
1683773977 97.36 15.67 0.78 52444.6
1683773987 102.35 13.9 0 56521.3
1683773997 41.2 18.04 15288.5 126164
1683774007 101.47 19.33 0 51135.9
1683774017 99.51 14.12 0 54097.7
1683774027 102.64 13.89 0 52209
1683774037 24.44 18.01 14970.9 116656
1683774047 101.67 17.77 0 52029
1683774057 102.45 15.65 0.39 53300.5
1683774067 101.27 19.57 0 50011.3
1683774077 9.54 18.09 15217.1 130192
1683774087 106.38 19.83 0.78 79911.2
1683774097 109.99 14.36 0 81515.4
1683774107 72.43 14.05 1.17 60000
1683774117 89.81 14.52 0 70970
1683774127 27.66 19.88 15595 153024
1683774137 85.83 18.42 1.95 77397.5
1683774147 97.86 14.08 0.78 76559.4
1683774157 109.67 16.12 0 82998.2
1683774167 95.31 14.37 0.39 80862.5
1683774177 61.37 18.51 14954.1 154972
1683774187 96.47 18.28 0.78 78922.4
1683774197 80.47 14.09 0.39 370145
1683774207 102.35 15.4 0 52818.8
1683774217 92.54 14.32 2.35 61782
1683774227 87.51 18.1 15283.2 133352
1683774237 102.15 14.06 0.78 51988.3
1683774247 96.58 15.36 0.39 51296.3
1683774257 2.55 17.75 0 31336.7
1683774267 99.7 18.11 14341.7 131199
1683774277 101.77 14.07 0 51295.5
1683774287 91.56 15.38 1.55 47579.8
1683774297 13.22 17.99 14069.3 110756
1683774307 102.16 17.76 0.78 52392.6
1683774317 106.07 15.81 0 65539.7
1683774327 100 14.04 0.78 77622.7
1683774337 25.88 18.27 14042.6 142152
1683774347 111.43 19.58 0 82085.5
1683774357 78.3 14.32 0.78 63851.4
1683774367 110.84 14.15 0 82005.1
1683774377 96.58 16.16 1.17 76407.4
1683774387 78.89 18.48 14187.9 150863
1683774397 111.43 14.45 0 84491.1
1683774407 68.03 14.16 1.17 56483.3
1683774417 107.34 16.25 0 81259.8
1683774427 40.57 18.52 14494.2 156904
1683774437 75.95 18.66 0.39 63646.9
1683774447 108.6 15.8 0 82266.3
1683774457 97.95 18.95 1.17 81109.7
1683774467 87.67 14.28 0.78 461613
1683774477 70.58 18.08 14606.1 128457
1683774487 88.63 15.19 1.56 51756.1
1683774497 101.77 14.14 0 53066.9
1683774507 100 13.91 0.78 51527.2
1683774517 49.61 18.04 15099.8 123619
1683774527 92.85 19.34 0.78 47808.4
1683774537 99.9 15.67 0 52147.9
1683774547 101.96 13.89 0 51434.1
1683774557 18.89 18 15506 122013
1683774567 101.57 19.31 0 53625
1683774577 100.79 14.1 0.39 52891.3
1683774587 101.97 13.86 0 53414.3
1683774597 35.03 18.03 14204.7 118395
1683774607 102.36 19.33 0 51746.1
1683774617 97.66 14.12 1.57 50631.1
1683774627 101.17 15.52 0 51368.7
1683774637 66.78 19.62 13550.7 119724
1683774647 100.77 17.87 0 50212.2
1683774657 102.64 15.74 0 56104.1
1683774667 101.56 13.98 0 50038.7
1683774677 71.5 18.26 14890.1 144811
1683774687 94.54 19.59 0.78 74034.8
1683774697 110.56 14.38 0 82777.3
1683774707 87.87 18.29 0.39 68453.2
1683774717 96.49 16.21 0.39 74232.6
1683774727 104.8 19.98 15128.5 166966
1683774737 79.38 14.36 0.78 68384
1683774747 93 15.65 0 70957.8
1683774757 108.89 16.14 0 83589.4
1683774767 17.99 18.2 15413.7 153850
1683774777 111.35 19.9 0 82894.7
1683774787 95.3 13.94 0 73136.6
1683774797 77.29 14.39 0.78 64715.4
1683774807 111.04 15.72 0 82962.1
1683774817 29.31 18.26 15058.2 139587
1683774827 108.51 18.02 0 84394.5
1683774837 110.04 14.35 0.39 82595.7
1683774847 71.31 15.62 1.17 61283.3
1683774857 109.1 16.1 0 81874.5
1683774867 89.45 18.34 14592.4 162996
1683774877 71.94 14.26 0 60295.2
1683774887 102.25 15.67 3074.76 631740
1683774897 94.81 14.23 0.39 52964.1
1683774907 19.88 18.01 15158.9 117036
1683774917 102.16 18.13 0.39 50915.1
1683774927 101.36 13.74 0 50819.1
1683774937 102.55 15.79 0.78 51780
1683774947 4.71 19.29 14853.6 106210
1683774957 6.57 17.74 549.81 381.96

Execution duration: 00:22:31.31
