1683745776 102.15 4.97 148.24 45629
1683745786 102.74 0.94 16.44 46831.3
1683745796 102.74 14.97 1.96 46483.4
1683745806 42.77 18.02 14292 112171
1683745816 103.04 18.93 14.87 51744
1683745826 103.12 14.25 0 54974.6
1683745836 90.91 14.04 3.52 69148
1683745846 58.46 19.42 13953.9 147903
1683745856 98.15 19.16 0.39 77915.1
1683745866 72.9 14.07 43.84 145406
1683745876 102.46 13.84 0 52954.4
1683745886 93.65 15.44 4.31 57851.3
1683745896 85.13 18.08 15187.9 133081
1683745906 102.26 18.21 1.18 51145.2
1683745916 101.75 13.81 0 49631.5
1683745926 102.94 15.42 0.39 52324.8
1683745936 72.39 18.07 15278 132033
1683745946 103.72 14.17 0 55168.7
1683745956 97.46 15.1 1.56 73720.8
1683745966 110.51 14.51 0 83971.2
1683745976 32.75 18.26 15527.3 147598
1683745986 92.87 18.37 1.96 74650.2
1683745996 108.02 15.18 0 81197.6
1683746006 87.77 14.49 0.78 76699.9
1683746016 110.46 14.32 0 81323.2
1683746026 47.33 19.16 15634.5 344329
1683746036 81.79 18.9 1.96 46940.6
1683746046 101.95 14.09 0 54378.1
1683746056 97.16 13.85 1.18 55153.4
1683746066 5.98 19.05 15499.7 116913
1683746076 103.62 17.74 0.39 53293.3
1683746086 101.96 14.08 0 51173.4
1683746096 96.87 13.83 1.17 51090.4
1683746106 27.47 19.13 13890.1 116685
1683746116 102.64 17.78 0.78 52017.2
1683746126 102.15 14.24 0.39 55269.5
1683746136 108.61 15.17 0 83443.4
1683746146 91.9 14.52 1.56 73517.3
1683746156 104.89 18.35 15273.5 166953
1683746166 90.61 14.29 0.78 71376.1
1683746176 91.68 14.1 0.39 71651.7
1683746186 108.45 15.72 0 83161.2
1683746196 39.14 18.34 14984.7 151625
1683746206 110.19 18.54 0 82688.1
1683746216 103.24 15.26 0 80651.3
1683746226 85.83 18.82 1.95 73373.2
1683746236 101.86 14.3 0 350312
1683746246 68.32 19.44 15231.2 135306
1683746256 96.58 15.15 0.78 54775.7
1683746266 102.16 14.13 0 52418.4
1683746276 93.66 15.03 1.56 50951.3
1683746286 28.68 19.13 15732.3 122822
1683746296 96.59 17.76 1.56 50579.3
1683746306 101.96 14.1 0 53238.4
1683746316 101.85 14.99 0.78 51679.8
1683746326 25.27 18 15013.1 121218
1683746336 94.38 17.77 1.17 48933.6
1683746346 101.95 14.08 0 52755.4
1683746356 101.86 13.86 0.78 52429.8
1683746366 12.35 19.26 15327.3 119805
1683746376 109.68 17.94 0 83615.3
1683746386 92.37 14.25 0.78 72728.8
1683746396 111.34 15.22 0 82394.5
1683746406 87.09 14.54 1.17 71886.9
1683746416 70.55 18.37 14341.7 149406
1683746426 111.23 14.36 0 83767.7
1683746436 72.83 15.2 1.17 62715.2
1683746446 96.78 14.6 0.39 74467.8
1683746456 38.27 18.41 14041.8 147121
1683746466 74.43 19.7 1.17 62855.5
1683746476 108.89 15.3 0 83610.2
1683746486 111.44 14.66 0 90888
1683746496 100.29 15.61 0.78 76026.6
1683746506 104.01 18.64 14055.5 160305
1683746516 68.14 14.02 0.39 433250
1683746526 95.2 15.26 0 52376.5
1683746536 102.74 13.9 0 57976.1
1683746546 58.32 18.05 14271.6 121139
1683746556 102.36 17.81 0 52531.2
1683746566 99.7 15.26 0.78 51401.8
1683746576 102.36 13.91 0 54735.4
1683746586 71.04 18.06 14508.8 128158
1683746596 101.76 14.8 0 51373.9
1683746606 99.41 14.42 1.18 50592.9
1683746616 101.86 18.43 0 57180.1
1683746626 75.74 19.19 14620.7 127229
1683746636 99.32 13.68 0.39 52010.9
1683746646 101.17 14.18 0 52799.2
1683746656 102.25 13.92 0.39 51899.8
1683746666 76.65 18.21 15085.4 134780
1683746676 98.53 14.98 1.96 75297.4
1683746686 110.29 15.51 0 83336.6
1683746696 87.38 14.15 0.39 66742.1
1683746706 10.36 18.02 15550.7 140462
1683746716 110.05 18.44 15535.2 170330
1683746726 81.34 14.38 0.39 71456.5
1683746736 111.55 14.19 0 81477.1
1683746746 104.95 15.82 0.78 82589.3
1683746756 79.57 18.54 14190.4 156020
1683746766 110.76 14.51 0 84308.1
1683746776 78.87 14.24 1.56 63583.6
1683746786 97.67 16 0 74285.1
1683746796 68.62 19.75 13550.7 153149
1683746806 70.3 19.89 0.78 59528.4
1683746816 110.48 15.55 0 83991.4
1683746826 110.45 14.89 0 85921
1683746836 77.67 15.53 126.22 486013
1683746846 86.2 18.1 14890.1 133299
1683746856 102.07 14.88 0.78 53655.6
1683746866 102.56 19.58 0 51957.7
1683746876 99.61 15.23 0.78 51412.5
1683746886 84.06 19.37 15169.1 134110
1683746896 102.85 19.14 0.39 52084.6
1683746906 102.06 14.31 0 51591.4
1683746916 96.78 15.22 0.78 48243.4
1683746926 67.19 18.05 15338.3 130980
1683746936 102.56 19 0 51873.1
1683746946 99.32 14.15 1.96 51405.1
1683746956 101.87 15.09 0 55700.7
1683746966 66.92 18.2 17572.2 126450
1683746976 102.35 15.19 2441.1 57388.7
1683746986 100.78 14.15 0.39 52726.4
1683746996 102.16 15.08 0 51648.5
1683747006 63.24 18.05 14550.9 124218
1683747016 102.06 13.67 0 51596.5
1683747026 95.3 15.31 1.18 51441.3
1683747036 100.88 13.9 0 53910.8
1683747046 52.21 18.03 15159.2 126625
1683747056 102.06 18.98 0 51199.2
1683747066 102.26 14.14 0 51869.2
1683747076 95.53 13.89 0.39 50272.2
1683747086 7.53 19.06 15120.9 98405.5
1683747096 10.67 17.89 279.06 32759.7

Execution duration: 00:22:08.08
