1683750051 280.46 19.8 130870 81.23
1683750056 298.49 14.08 144554 79.7
1683750061 300.19 14.51 145782 81.36
1683750066 299.43 14.08 144932 79.55
1683750071 299.43 14.08 145950 79.7
1683750076 299.81 14.08 147117 79.55
1683750081 299.24 14.51 144249 90.39
1683750086 299.25 14.15 145520 79.7
1683750091 299.62 14.09 146008 235.03
1683750096 299.24 14.08 146031 382.67
1683750101 299.43 14.51 145968 376.65
1683750106 299.43 14.08 146634 381.17
1683750111 299.62 14.08 146130 382.67
1683750116 299.25 14.08 146008 382.67
1683750121 299.62 14.44 145985 382.67
1683750126 300 14.08 146080 382.67
1683750131 299.81 14.08 146412 374.44
1683750136 299.25 14.08 145829 381.95
1683750141 300.19 14.44 145839 382.67
1683750146 299.62 14.08 145339 379.74
1683750151 300 14.08 146152 381.17
1683750156 300 14.09 145646 381.17
1683750161 299.62 14.44 138371 115290
1683750166 300.19 14.08 137427 136050
1683750171 300 14.18 134476 133202
1683750176 298.68 14.23 133756 132472
1683750181 298.69 14.65 132224 131672
1683750186 298.69 14.36 128917 129277
1683750191 0.37 17.66 3.83972e+06 795555

Execution duration: 00:02:27.27
