1683741345 102.15 4.96 452.01 46693.3
1683741355 102.74 0.58 0 46988.6
1683741365 103.13 15.21 29.33 47223.8
1683741375 47.7 18.04 14437.9 111742
1683741385 104.11 18.3 15.26 55888.9
1683741395 113.1 14.95 0 84030.5
1683741405 81.5 14.42 4.29 62996.3
1683741415 45.07 18.02 13992.6 173032
1683741425 94.44 19.15 1.17 52079.8
1683741435 96.48 13.75 2.74 53976.1
1683741445 103.64 14.37 0 58484.6
1683741455 30.4 19.17 15175 146071
1683741465 110.36 18.38 0 84169.7
1683741475 88.56 13.96 2.35 76084.8
1683741485 102.25 14.18 0 164841
1683741495 94.51 19.1 0 53019.4
1683741505 55.27 18.18 15232.4 131089
1683741515 111.05 13.82 0 84645.8
1683741525 83.2 15.3 1.95 67697
1683741535 103.13 14.11 1.57 77691.7
1683741545 11.92 17.99 15526.9 151464
1683741555 89.05 19.48 15528 157570
1683741565 101.85 14.05 0 192231
1683741575 90.7 13.79 0.78 52241.1
1683741585 102.56 15.28 0 51062.9
1683741595 41.17 19.03 15758.4 127196
1683741605 102.84 18.15 0 52959.1
1683741615 102.44 14.76 0.78 53260.2
1683741625 103.33 14.39 0.39 55945.3
1683741635 41.75 18.21 15364.3 152965
1683741645 75.54 18.28 0.78 63172.6
1683741655 110.67 14.96 0 81346.4
1683741665 99.32 14.45 0.39 78172.4
1683741675 85.45 14.24 1.55 68225
1683741685 95.24 19.42 13822.6 156917
1683741695 84.07 14.67 1.17 50931.8
1683741705 101.17 14.15 0.39 244160
1683741715 102.06 13.92 0.78 56925
1683741725 58.19 18.05 15228.9 126557
1683741735 102.65 14.66 0 51839.4
1683741745 98.54 18.55 1.95 50663.5
1683741755 102.54 14.26 0 57879.7
1683741765 46.64 19.03 14970.1 120362
1683741775 102.65 17.8 0 53499.7
1683741785 102.65 14.12 0.78 51316.6
1683741795 102.25 14.89 0 52822.6
1683741805 34.49 18.17 15306.2 125769
1683741815 109.77 17.97 0 82670.6
1683741825 104.69 15.3 0.39 79072.5
1683741835 73.9 14.09 0.39 61997.3
1683741845 110.78 14.57 0 83523.3
1683741855 61.21 19.37 15596.1 156349
1683741865 111.89 14.35 1.17 84245.6
1683741875 111.93 14.17 0 85153.5
1683741885 82.06 15.62 1.17 68437.9
1683741895 25.31 18.4 14983.4 148271
1683741905 92.36 18.6 0.39 73934.2
1683741915 83.7 15.15 0.39 72133.6
1683741925 112.99 14.84 0 80000
1683741935 86.71 14.26 1.17 377666
1683741945 40.18 19.03 15298.1 127379
1683741955 102.93 18.79 0.78 55311
1683741965 96.78 14.11 0.39 51366.9
1683741975 101.66 14.89 0 52538.5
1683741985 50.85 19.31 14356.5 121090
1683741995 101.25 18.16 0 57798.6
1683742005 95.51 14.13 1.95 51050.9
1683742015 101.56 14.89 0 52166.4
1683742025 65.55 18.05 14070.1 121766
1683742035 101.07 13.66 0 51372.4
1683742045 102.27 15.16 0 53037.4
1683742055 101.95 13.92 0 51101.8
1683742065 86.11 18.09 14070.1 127725
1683742075 102.42 14.69 0 53347.8
1683742085 102.15 15.18 0.39 52451.5
1683742095 9.2 17.97 14270.4 108512
1683742105 102.82 18.26 0 57682.5
1683742115 111.74 14.91 0.39 81491.3
1683742125 110.81 14.4 0 83366.7
1683742135 77.62 18.37 1.56 61032.2
1683742145 73.19 19.32 14508.8 150952
1683742155 111.03 14 0 85528.1
1683742165 85.43 14.45 1.56 79006.1
1683742175 93.85 14.21 0 75057.5
1683742185 39.68 19.44 14493.1 149050
1683742195 87.78 18.16 1.95 77280.9
1683742205 111.13 14.55 0 84746.8
1683742215 105.08 15.34 0 84821.1
1683742225 80.86 14.84 0.39 65814.1
1683742235 70.2 18.61 15085 158999
1683742245 86.34 15.56 0 74735.6
1683742255 86.2 14.36 0.78 70385.5
1683742265 111.14 14.85 0 85035.8
1683742275 88.86 14.83 0.78 77242.6
1683742285 56.4 18.05 15550.7 588102
1683742295 102.35 14.65 0 52973
1683742305 98.43 14.13 0.78 57294.7
1683742315 101.66 13.9 0 51901.9
1683742325 72.47 19.07 14176.9 125219
1683742335 102.64 13.68 0 52645
1683742345 93.64 14.26 0.78 48870.5
1683742355 7.54 18.94 13576.9 108033
1683742365 102.65 18.13 0.78 53094.3
1683742375 102.36 14.76 0 51677.8
1683742385 102.65 18.42 0.78 55122.4
1683742395 15.39 18 14817.5 116240
1683742405 104.19 18.34 480.93 53111.3
1683742415 94.53 15.12 485.33 55305.7
1683742425 102.04 15.26 0 52921.9
1683742435 97.57 15.11 1.17 49819.2
1683742445 98.33 19.25 15158.1 137594
1683742455 102.25 19.02 0 51245
1683742465 102.66 15.35 0 52239.8
1683742475 94.62 14.07 0.78 48977.1
1683742485 83.49 19.11 15398.2 135602
1683742495 96.58 13.68 1.57 50733.8
1683742505 101.35 14.18 0 51016.9
1683742515 102.15 13.94 0.39 55428.6
1683742525 78.8 19.26 15115.9 132337
1683742535 109.6 13.88 0.39 81624.8
1683742545 80.5 15.38 1.16 65761.4
1683742555 110.85 15.13 0 82585.7
1683742565 48.38 18.23 14592.4 147129
1683742575 87.69 13.82 1.56 72111
1683742585 107.13 15.34 0 80683.5
1683742595 87.48 14.04 1.17 75492
1683742605 109.47 14.52 0 81947.7
1683742615 87.1 19.34 15129.6 163135
1683742625 74.98 14.22 0 64647.9
1683742635 110.22 14 0 82994.3
1683742645 99.03 14.47 0 83975.7
1683742655 11.42 17.97 14752.7 131442
1683742665 16.42 19.02 632.81 32538.7

Execution duration: 00:22:12.12
