1683787025 102.26 6.62 452.1 45881.3
1683787035 103.42 0.57 0 46643.4
1683787045 102.94 15.87 18.79 46442.7
1683787055 40.57 18.04 14536.5 110685
1683787065 103.33 18.17 42.23 51397.1
1683787075 102.94 15.43 0 52712.3
1683787085 102.36 16.07 2.35 72381.2
1683787095 66.5 18.24 13940.2 152073
1683787105 92.18 14.26 1.56 72087.6
1683787115 87 15.75 41.84 151437
1683787125 102.74 14.22 0 55132.7
1683787135 7.24 19.58 15176.5 122648
1683787145 110.79 18.31 0 78610.8
1683787155 99.8 13.9 1.17 78401.2
1683787165 110.18 16.1 0 79757.1
1683787175 104.95 14.2 0 79123.2
1683787185 34.73 18.4 15263 133972
1683787195 102.15 19.8 0 184012
1683787205 102.74 14.1 0.78 58614.3
1683787215 89.58 13.85 1.95 47243.6
1683787225 102.45 16.01 0 53812.9
1683787235 94.82 18.1 15528 137201
1683787245 102.65 14.08 0 52516.9
1683787255 95.5 17.98 2.35 49676.3
1683787265 109.48 20.32 0 77974.2
1683787275 57.36 18.23 15650.5 152367
1683787285 94.52 14.25 1.57 73769.1
1683787295 111.03 19.84 0 81948.4
1683787305 90.45 14.53 1.56 69821.4
1683787315 109.79 14.3 0 80687.5
1683787325 81.79 19.74 15335.7 313891
1683787335 102.44 13.7 0 52863.3
1683787345 102.94 14.18 0.78 53704.1
1683787355 5.48 17.91 13904.5 108077
1683787365 102.85 19.77 0 51642.7
1683787375 102.45 13.72 1.17 51095.1
1683787385 102.64 14.21 0 58084.1
1683787395 100 15.63 0.39 54289.7
1683787405 92.27 18.1 15288.5 135494
1683787415 96.3 13.71 1.95 49574.2
1683787425 101.94 15.84 0 51150.2
1683787435 100.68 13.95 1.17 50803.1
1683787445 88.45 18.27 14983.6 154910
1683787455 105.46 13.87 0.39 83057.8
1683787465 91.1 16.06 0.78 69616.8
1683787475 111.23 14.19 0 83546.9
1683787485 21.88 18.33 15260.9 143475
1683787495 111.91 18.09 0 81074.2
1683787505 108.51 20.31 0 80427
1683787515 83.52 14.21 2.73 69279.6
1683787525 110.77 14.69 0 84409.4
1683787535 41.5 18.5 15703.1 151579
1683787545 85.84 14.46 0.78 75942.6
1683787555 102.45 15.74 0 378190
1683787565 86.38 14.18 1.17 55103.6
1683787575 93.35 18.1 1.17 50216.2
1683787585 75.63 19.75 14998 130475
1683787595 93.5 13.67 0.78 53441.2
1683787605 102.15 15.82 0 52482.5
1683787615 95.89 13.92 0.78 47744.8
1683787625 51.95 19.72 15312.3 126336
1683787635 102.64 13.65 0.78 52021.1
1683787645 102.05 14.14 0 50354.6
1683787655 95.02 15.56 1.96 49475.9
1683787665 60.19 18.06 14229.9 119882
1683787675 102.34 13.67 0.39 50930.2
1683787685 108.12 15.99 0.39 78000.4
1683787695 109.66 14.11 0 84073.4
1683787705 53.25 18.31 13948 134641
1683787715 111.04 15.58 0 83759.5
1683787725 97.07 14.45 0 77763.3
1683787735 94.62 14.2 0.78 74490.8
1683787745 42.92 20.03 14055.5 149209
1683787755 81.45 18.15 0.39 65550.8
1683787765 85.31 14.46 1.18 69691.3
1683787775 111.05 14.3 0 83427.8
1683787785 86.05 16.41 1.56 76940.5
1683787795 60.97 18.53 14228.7 145984
1683787805 108.79 14.56 0 84032.1
1683787815 101.47 15.99 0.39 86678.8
1683787825 111.05 19.03 0 81336.4
1683787835 26.19 18.01 14494.6 532609
1683787845 84.33 15.64 0.78 48887.8
1683787855 102.44 13.73 0 53612.5
1683787865 92.38 14.19 0.39 55875.3
1683787875 8.16 19.63 14506.8 113036
1683787885 98.34 18.12 1.17 50522.9
1683787895 101.36 17.88 0 52970.9
1683787905 105.09 15.96 179.08 52927.1
1683787915 4.7 17.91 15085 113983
1683787925 101.48 18.11 0.39 55775.3
1683787935 97.86 15.37 0.39 54250.3
1683787945 102.44 14.21 0 53193.7
1683787955 98.24 13.97 0.39 51014.3
1683787965 83.47 18.09 15565.6 136369
1683787975 102.06 15.37 0.39 50523
1683787985 102.55 14.19 0 53490.3
1683787995 3.41 17.74 14192 110833
1683788005 101.97 19.78 14190.4 132717
1683788015 103.43 13.72 0.78 52875.2
1683788025 101.96 14.31 0 51313.5
1683788035 41.59 19.7 13564 114041
1683788045 108.72 20.04 0 77881
1683788055 103.03 15.68 0.78 78300.8
1683788065 82.38 14.53 0.78 66198.6
1683788075 11.45 19.69 14861 146263
1683788085 83.82 18.38 14817.5 152622
1683788095 81.29 13.96 1.57 67464.4
1683788105 110.46 14.46 0 83295.4
1683788115 86.62 15.91 0.39 72591.3
1683788125 84.44 16.4 0.78 66316.2
1683788135 92.37 20.18 15158.1 163614
1683788145 90.37 18.61 0.78 76189.1
1683788155 110.08 15.9 0.39 84039.1
1683788165 107.44 16.37 0 81956.2
1683788175 25.17 18.31 15368.2 141229
1683788185 111.04 18.44 0 82137.2
1683788195 85.36 15.69 0.78 66600
1683788205 74.05 14.47 0 60972
1683788215 111.14 18.4 0 84227.6
1683788225 35.84 20.02 15101.6 152477
1683788235 96.7 18.1 0.39 74250.4
1683788245 106.85 14.41 0 81327.1
1683788255 92.91 15.87 2561.95 627565
1683788265 2.22 17.74 14479.1 111939
1683788275 92.96 18.11 14592.4 132320
1683788285 102.15 15.75 0 53073.7
1683788295 96.67 13.83 0.39 51330.1
1683788305 101.76 14.31 0 49782.3
1683788315 81.11 19.77 15070.7 132097
1683788325 102.64 15.74 0 53333.1
1683788335 102.46 13.82 0 53039.8
1683788345 103.53 14.32 0.39 50910.9
1683788355 8.61 19.42 15369.3 86605.3
1683788365 0.1 17.67 1.17 87.67

Execution duration: 00:22:24.24
