1683745473 67.69 20.54 226859 139319
1683745478 37.87 16.17 93896 90142.3
1683745483 48.86 18.31 110803 140992
1683745488 35.25 18.37 76768.6 112642
1683745493 44.99 19.1 107337 133918
1683745498 31.55 19.76 65922.4 137317
1683745503 39.88 21.73 93000.8 121783
1683745508 43.36 21.97 96371.2 141518
1683745513 33.45 22.29 70254.8 136861
1683745518 36.49 23.1 82939.2 114497
1683745523 40.34 24.32 103443 139308
1683745528 37.25 23.97 93294.3 138482
1683745533 32.31 23.71 87946.8 113249
1683745538 49.92 23.81 131115 142618
1683745543 33.21 24.98 81270.2 136454
1683745548 33.83 24.26 88282.1 142027
1683745553 34.91 23.99 94119.9 111597
1683745558 47.73 25.18 133457 162214
1683745563 41.75 24.06 108093 160586
1683745568 37.95 24.46 102360 150462
1683745573 15.37 24.25 365403 1.31747e+06
1683745578 31.81 25.08 107808 91925.3
1683745583 32.64 24 104235 130505
1683745588 35.74 25.5 128608 133214
1683745593 29.92 24.02 91573.5 130742
1683745598 44.11 24.1 143116 128094
1683745603 35.81 25.23 103032 129804
1683745608 31.55 24.46 87523.9 132642
1683745613 37.26 24.1 109100 131556
1683745618 38.59 24.1 120905 130433
1683745623 30.29 24.1 93654.9 131358
1683745628 34.02 25.59 98114.1 131710
1683745633 47.25 24.1 145801 133050
1683745638 32.83 25.23 87489.2 131882
1683745643 27.42 24.12 85788.2 129580
1683745648 41.64 24.49 136058 128779
1683745653 34.29 25.68 81548.2 130201
1683745658 31.36 25.06 77619.8 131230
1683745663 46.39 25.94 129118 131319
1683745668 35.77 26.92 87706.4 130358
1683745673 30.36 27.71 83740.4 129597
1683745678 37.57 27.71 110222 126992
1683745683 32.57 26.58 22095.5 130942
1683745688 29.65 26.94 18419.8 130344
1683745693 34.4 26.58 23353.6 129921
1683745698 37.88 27.71 50134.8 145566
1683745703 36.59 26.58 87486.7 173653
1683745708 33.14 28.09 77140.9 158855
1683745713 23.54 26.59 54192 75336.6
1683745718 47.75 26.59 117078 178556
1683745723 43.27 26.59 92874.4 185391
1683745728 7.58 17.73 4.32882e+06 2.18812e+06

Execution duration: 00:04:20.20
