1683738594 102.45 4.96 148.24 46403.1
1683738604 102.75 1.83 27.42 47098.9
1683738614 103.23 18.89 1.96 47034.4
1683738624 48.64 18.02 14281.4 112814
1683738634 103.04 13.64 14.89 51922.4
1683738644 103.9 14.26 0 57239.1
1683738654 98.35 14.05 2.33 74123.3
1683738664 72.73 19.18 13953.9 150751
1683738674 90.04 13.88 1.17 73903.9
1683738684 89.45 14.11 41.06 149843
1683738694 103.23 13.85 0 55911.5
1683738704 22.01 19.02 15191.4 131471
1683738714 110.54 17.93 0 83172.7
1683738724 98.73 14.3 0.78 77495
1683738734 111.15 14.97 0 82367.2
1683738744 99.02 14.55 0 75548.4
1683738754 40.39 18.01 15218 244143
1683738764 104.4 15.03 0 59024
1683738774 104 13.91 0.39 88684.3
1683738784 94.72 14.4 1.17 73619.2
1683738794 100.88 15.21 0 117080
1683738804 92.47 18.08 15544.4 140637
1683738814 102.55 13.7 0 52370.6
1683738824 100.3 15.22 2.34 57865.6
1683738834 110.56 14.12 0 82083.3
1683738844 63.69 18.23 15696.6 154678
1683738854 99.03 14.77 0.78 77255.1
1683738864 100.88 19.17 0 163727
1683738874 101.56 13.87 1.17 54782.4
1683738884 30.99 18.26 15469.4 123857
1683738894 100 19.02 0.39 55925.3
1683738904 101.95 14.08 0 52063.7
1683738914 97.75 13.86 0.78 50844.6
1683738924 50.34 18.02 13890.1 119666
1683738934 102.24 18.68 0.78 54028.4
1683738944 104.02 14.28 0 57302.8
1683738954 104.58 14.07 0.39 80564.1
1683738964 45.49 18.2 15289.6 153784
1683738974 109.7 18.93 0 80945.9
1683738984 69.41 14.32 1.95 60680.4
1683738994 110.98 14.15 0 84425.9
1683739004 110.72 15.52 0 90855.4
1683739014 57.65 18.43 14940.5 142560
1683739024 90.62 14.38 2.74 77868.6
1683739034 103.03 14.98 0 294452
1683739044 80.21 14.2 1.57 57078.9
1683739054 101.95 13.95 0 52591.4
1683739064 94.82 19.24 15275.5 140820
1683739074 102.64 14.05 0 57818.9
1683739084 102.54 14.19 0 52897.8
1683739094 97.65 14.82 0.39 50989
1683739104 68.1 18.06 15732.3 132577
1683739114 97.74 14.54 1.17 49915.5
1683739124 102.14 14.14 0 54633.8
1683739134 102.54 13.92 0.78 50874.2
1683739144 68.1 18.94 14998 129119
1683739154 100.98 13.65 0.39 54047.8
1683739164 102.26 14.15 0 51686.6
1683739174 99.03 14.8 1.57 52310.7
1683739184 62.28 18.2 15297.4 132380
1683739194 105.37 13.83 0.78 79225
1683739204 102.06 15.2 0.78 78667.7
1683739214 108.43 14.15 0 81827.1
1683739224 41.83 18.27 14258.4 142447
1683739234 111.92 19 0 82804.3
1683739244 105.66 14.42 0 85727.5
1683739254 60.63 18.3 2.74 54619
1683739264 110.75 14.69 0 80704.7
1683739274 100.29 19.38 14000.8 166331
1683739284 71.7 14.49 1.17 61751.4
1683739294 110.75 14.25 0 86106.7
1683739304 103.72 15.68 0.78 86479.6
1683739314 57.96 18.58 14056.3 145810
1683739324 110.83 14.55 0 84993
1683739334 83.82 14.99 0.39 447842
1683739344 101.26 14.22 0 51818.4
1683739354 38.7 18.01 14285.2 120135
1683739364 102.16 18.14 0 52770.2
1683739374 97.94 14.62 0.78 52130.7
1683739384 102.06 14.22 0 51508.6
1683739394 47.85 18.03 14508.8 123358
1683739404 102.06 18.15 0 50791
1683739414 102.45 14.66 0 52324.5
1683739424 96.9 15.42 1.17 52758.8
1683739434 49.85 18.02 14549.2 127492
1683739444 95.89 13.98 1.17 48463.4
1683739454 102.46 14.64 0 52076.8
1683739464 102.93 14.25 0 51798.4
1683739474 43.75 18.02 15099.8 122173
1683739484 98.92 18.29 0.78 55557
1683739494 110.86 14.84 0 83991.4
1683739504 106.84 18.65 1.17 79651.2
1683739514 69.18 14.21 0.39 59453.2
1683739524 82.12 18.33 15550.3 161653
1683739534 102.16 14.88 0.39 81899.5
1683739544 96.69 14.46 0.39 77345.6
1683739554 111.35 15.19 0 83528.4
1683739564 32.23 18.41 14176.6 130154
1683739574 101.55 18.23 0 79659.4
1683739584 110.7 15.45 0 85963.8
1683739594 62.1 15.26 0.78 58638.3
1683739604 103.83 15.84 0.39 78657.4
1683739614 100.69 19.6 13537.1 165944
1683739624 75.18 15.52 1.56 66072.3
1683739634 106.12 14.37 0 81020.4
1683739644 110.56 14.87 0.78 88704.6
1683739654 23.88 18.01 14972 566487
1683739664 102.16 19.08 0 53241.1
1683739674 98.34 13.76 0.78 53513.2
1683739684 102.65 15.21 0 52745.2
1683739694 13.4 19.06 15156.2 118594
1683739704 101.46 19.19 0 53416.9
1683739714 102.65 13.84 0.39 51490.4
1683739724 101.95 14.32 0 51446.1
1683739734 3.03 18.69 15398.2 116954
1683739744 100.88 18.1 15428.4 135564
1683739754 101.65 14.67 0.78 51216.3
1683739764 97.56 14.18 0 51555.4
1683739774 102.55 14.93 0 52103.9
1683739784 98.25 18.22 17182 135309
1683739794 101.26 14.05 2047.67 59413.9
1683739804 102.84 15.15 0.39 51083.3
1683739814 9.38 17.95 14592.4 115806
1683739824 91.18 18.08 1.55 48586.6
1683739834 102.26 15.07 0 53144.8
1683739844 99.02 14.18 4.69 51438.7
1683739854 102.45 13.94 0 51039.4
1683739864 87.97 19.06 15011.8 132201
1683739874 102.55 13.69 0 51277.5
1683739884 102.64 14.17 0.78 51624.3
1683739894 96.78 18.34 14535.8 51695.9
1683739904 9.79 18.89 15386.9 88827

Execution duration: 00:22:03.03
