1683735477 102.15 4.96 156.32 45500.5
1683735487 102.25 0.95 27.4 46495.5
1683735497 102.94 17.99 2.35 47086.9
1683735507 42.89 18.85 14235.9 110767
1683735517 103.82 17.79 15.26 51679.8
1683735527 107.24 15.1 0 69872.9
1683735537 88.78 14.04 3.12 67400.8
1683735547 57.92 18.28 13940.2 147879
1683735557 92.09 18.96 44.57 141347
1683735567 71.59 14.06 3.52 45333.6
1683735577 101.65 13.83 0 52065.9
1683735587 93.5 14.31 3.11 56713.8
1683735597 90.41 18.91 15187.9 134447
1683735607 102.34 14.05 0.39 52844.5
1683735617 102.44 13.83 0 50922.7
1683735627 101.84 15.13 1.55 50954.3
1683735637 82.7 18.08 15246.5 134961
1683735647 106.75 14.2 0 68803.9
1683735657 94.43 14.8 2.35 72323
1683735667 110.27 18.69 0 82778.3
1683735677 36.95 18.27 15527.3 147818
1683735687 101.96 19.27 3.13 76932.3
1683735697 109.48 14.04 0 83637.9
1683735707 97.86 14.54 1.17 83607
1683735717 112.59 15.23 0 79669.1
1683735727 65.04 18.05 15742.6 345553
1683735737 88.35 17.79 0.78 53748.7
1683735747 102.34 14.12 0 54872
1683735757 93.54 14.71 2.35 55239.9
1683735767 35.43 18.18 15484.5 140604
1683735777 101.46 17.94 1.17 81223.4
1683735787 109.69 15.17 0 80909.4
1683735797 103.81 14.11 0 78961.7
1683735807 68.72 14.54 2.35 60204.9
1683735817 102.34 19.24 13836 158621
1683735827 100.88 14.36 0.78 86164.4
1683735837 90.51 14.15 1.17 248376
1683735847 100.2 15.09 0 55380.7
1683735857 59.84 18.05 15155.4 128855
1683735867 102.75 18.18 0 52360.4
1683735877 96.98 14.6 1.17 49194.1
1683735887 101.16 14.26 0 55339.7
1683735897 48.59 18.85 14969.7 124210
1683735907 102.16 18.15 0 53280.6
1683735917 103.14 13.77 0.78 54582.6
1683735927 102.26 15.08 0 50753.4
1683735937 41.79 18.03 15260.5 125814
1683735947 106.46 18.31 0 67625.8
1683735957 108.82 13.95 0 82786.8
1683735967 73.74 15.28 0.78 60393.8
1683735977 110.37 14.22 0 84768.7
1683735987 77.69 18.34 15595 160219
1683735997 87.31 13.96 1.17 71021.1
1683736007 111.24 14.45 0 85051
1683736017 93.45 15.09 0.78 76522.4
1683736027 89.44 15.56 0.39 72861.4
1683736037 106.44 18.57 14983.4 165672
1683736047 88.38 15.33 0 80946.9
1683736057 105.48 18.42 0 80871.2
1683736067 102.44 14.27 0 390390
1683736077 35.09 18.01 15254.2 462257
1683736087 102.25 18.96 0 53470.8
1683736097 97.36 13.73 0 52627.4
1683736107 101.85 14.23 0 51510.6
1683736117 48.4 18.85 14327.7 120615
1683736127 102.45 18.16 0 56996.7
1683736137 101.46 13.76 0.78 52277.1
1683736147 94.23 14.24 0.78 51222.3
1683736157 65.66 18.89 14069.3 122368
1683736168 98.46 18.18 1.16 50458.1
1683736177 101.95 13.78 0 54460.9
1683736187 102.55 15.11 0.39 50687.7
1683736197 87.56 18.07 14083.1 129385
1683736207 94.03 14.86 0.78 50958.9
1683736217 102.06 13.8 0 51672.8
1683736227 99.8 14.29 1.17 52470
1683736237 98.34 18.92 14256.1 129679
1683736247 105.1 14.24 0.78 68958.9
1683736257 110.85 14.02 0 81840.1
1683736267 19.07 18.23 14494.2 143866
1683736277 67.52 18.79 0.78 59113.4
1683736287 106.76 14.29 0.78 83426.8
1683736297 112.01 14.12 0 91824.2
1683736308 66.08 18.72 1.56 59337.6
1683736317 27.85 19.23 14606.1 145421
1683736327 111.92 18.52 0 90568.1
1683736337 71.56 14.1 1.17 66181.8
1683736347 111.72 15.47 0 81651.6
1683736357 107.14 14.4 0.39 84790.6
1683736367 58.01 18.58 15071.5 148218
1683736377 111.71 19.18 0 85209
1683736387 80.67 14.7 0.78 62478.9
1683736397 104.13 14.46 0.39 80914.4
1683736407 111.14 15.86 0 87278.9
1683736417 60.65 18.05 15536.3 599241
1683736427 102.16 14.01 0 52693.4
1683736437 94.72 14.59 1.57 52181.6
1683736447 102.34 14.25 0 51662.6
1683736457 72.69 18.07 14204.7 125049
1683736467 102.36 19.01 0 51024.1
1683736478 101.66 13.9 0.78 50717.8
1683736487 5.27 18.73 13524.3 106156
1683736497 102.26 18.96 0 52227
1683736507 98.44 14.12 1.17 50877.5
1683736517 102.05 13.88 0 54728.1
1683736527 7.83 17.94 14875.5 114700
1683736538 101.15 18.59 0 51728.4
1683736547 97.56 14.09 471.62 57260.7
1683736558 101.75 13.88 0 51263.1
1683736567 92.87 15.28 1.56 50679.2
1683736577 86.13 19.06 15139.5 132196
1683736587 102.36 15.02 1.17 52335.8
1683736598 101.25 13.93 0 50045.4
1683736607 102.55 15.28 0 51249.4
1683736617 76.26 18.07 15399 133406
1683736627 101.76 18.19 0 52126.7
1683736637 99.13 14.65 0.39 50447
1683736647 102.44 14.29 0 54268.6
1683736657 72.24 18.92 15116.7 126802
1683736667 106.66 18.39 0 69576.9
1683736677 92.47 14.83 0.39 73616
1683736687 111.14 14.46 0 83019.4
1683736698 65.43 18.26 14578.1 149932
1683736708 84.31 19.22 0.39 69580.5
1683736718 111.03 14.82 0 83053.1
1683736728 87.39 14.41 0.78 70585.5
1683736738 107.52 14.19 0.39 82364.5
1683736748 99.41 19.16 15129.2 165845
1683736758 69.22 13.87 0 60749.2
1683736768 109.47 14.35 0 84714
1683736778 111.53 14.12 0 94209.4
1683736788 12.06 18.84 14754.5 128459
1683736798 15.42 17.97 547.13 32364.5

Execution duration: 00:22:12.12
