1683732514 102.65 0.87 148.77 46951.9
1683732524 102.75 0.95 27.45 47574.9
1683732534 103.53 14.64 2.35 47025.9
1683732544 47.75 14.65 14371.8 112993
1683732554 102.25 13.7 15.26 51555.4
1683732564 105.69 14.27 0 61960.8
1683732574 90.6 14.76 3.52 68226.8
1683732584 60.48 14.17 13967.5 148068
1683732594 98.93 13.9 33.85 76906.6
1683732604 67.62 14.78 45.79 140303
1683732614 102.94 13.83 0 53019.6
1683732624 93.93 15.03 3.52 56830.6
1683732634 86.86 14.71 15217.6 134631
1683732644 102.26 14.04 0.78 52836
1683732654 102.75 13.82 0 51827.4
1683732664 102.64 14.3 0.39 50699.8
1683732674 78.77 13.97 15261.1 134773
1683732684 104.81 14.92 0 62399.2
1683732694 97.57 13.97 1.57 74701.7
1683732704 110.78 14.53 0 83973.4
1683732714 35.45 14.16 15557.7 147120
1683732724 102.06 15.01 1.18 79903.6
1683732734 105.07 14.04 0.39 79472.6
1683732744 77.99 14.5 2.35 66708.4
1683732754 110.3 15.05 0 80552
1683732764 47.9 13.93 15788.8 345285
1683732774 80.3 13.6 1.57 50390.6
1683732784 102.56 14.9 0 54114
1683732794 96.76 13.84 2.35 61195.7
1683732804 7.55 14.57 15499.7 116842
1683732814 102.26 13.65 0.39 54222
1683732824 102.06 14.06 0 51880
1683732834 97.26 13.83 0.78 50390.6
1683732844 34.03 14.64 13931 117956
1683732854 102.75 13.68 0.78 52191.4
1683732864 105.38 14.27 0.78 62943.2
1683732874 110.59 14.05 0 86515.2
1683732884 23.98 14.85 15289.6 144544
1683732894 110.7 13.92 0 82034.2
1683732904 83.38 15.03 0 65688.6
1683732914 91.95 14.11 0.39 71367.1
1683732924 111.76 15.33 0 84510.1
1683732934 42.67 14.26 14984.7 144122
1683732944 108.89 14.36 0.39 83528.4
1683732954 105.3 14.86 0 80593.1
1683732964 82.59 14.66 1.17 71900.2
1683732974 102.24 14.31 0 349790
1683732984 73.43 14.98 15321.2 139893
1683732994 100.78 14.01 0.78 57330.2
1683733004 99.42 14.14 0.78 52181.1
1683733014 94.23 14.63 1.18 50785.9
1683733024 43.34 13.93 15763.1 128363
1683733034 97.16 13.69 1.17 49893.2
1683733044 102.26 14.83 0 54874
1683733054 102.94 13.88 0.78 52449.8
1683733064 43.63 13.92 15027.5 123935
1683733074 95.39 13.68 1.57 50606.1
1683733084 102.45 14.11 0 53131.8
1683733094 99.91 14.6 1.17 51785.5
1683733104 33.53 14.08 15342.4 130666
1683733114 107.35 13.86 0.78 81828
1683733124 99.7 14.33 0.39 76013.7
1683733134 110.94 14.83 0 83468
1683733144 77.96 14.55 0.78 66476.1
1683733154 84.54 14.3 14244.1 152983
1683733164 111.27 14.35 0 89197.3
1683733174 60.04 14.87 1.57 55052.7
1683733184 106.48 15.36 0.39 81376.5
1683733194 52.94 14.33 14069.3 150674
1683733204 70.72 15.21 1.57 61403.3
1683733214 107.72 14.19 0 84886.1
1683733224 109.62 14.73 0.78 90823.7
1683733234 15.67 14.4 14083.1 142235
1683733244 111.56 15.3 0 83711.6
1683733254 78.76 14.03 0 439527
1683733264 97.55 14.15 0 53211.8
1683733274 103.23 13.93 0.39 60792.9
1683733284 83.74 13.98 14284.8 124685
1683733294 102.36 14.41 0 52555.5
1683733304 102.26 14.16 1.57 50988.8
1683733314 102.46 14.66 0 53818
1683733324 98.33 14.01 14522.6 133686
1683733334 101.47 13.69 0 51909.5
1683733344 95.4 14.9 1.18 53617.2
1683733354 6.46 13.84 14620.4 113515
1683733364 97.36 14 0.78 50769.4
1683733374 102.65 13.7 0 51413.3
1683733384 102.36 14.92 0.39 53494.9
1683733394 4.51 13.8 15144.3 113544
1683733404 105.59 14.17 0.39 60763.9
1683733414 95.2 14.62 1.18 74709.9
1683733424 109.98 14.49 0 82915.1
1683733434 82.7 14.89 0.78 65075.3
1683733444 45.75 14.19 15580.8 154604
1683733454 111.95 14.03 0.39 85415.1
1683733464 76.4 14.4 0.78 67386.5
1683733474 96.18 14.94 0.78 74686.3
1683733484 11.53 14.05 14190.4 151757
1683733494 79.48 14.38 14122.2 150855
1683733504 111.08 15.23 0 81889.9
1683733514 107.14 14.37 0.78 88089.2
1683733524 91.69 15.68 0.39 71445.8
1683733534 87.12 15.33 13523.9 157527
1683733544 76.23 15.38 0.78 62349.9
1683733554 110.87 14.36 0 84211.4
1683733564 105.92 14.88 0 81191.1
1683733574 9.4 14.98 14875.9 132031
1683733584 110.6 14.59 14904.7 169337
1683733594 91.39 14.09 0 570726
1683733604 85.98 14.99 0.39 568553
1683733614 102.35 14.83 0 53594.5
1683733624 55.99 14.87 15172.5 132116
1683733634 102.06 13.77 0 51854.9
1683733644 98.63 15.05 0.39 51081.7
1683733654 102.45 14.82 0 52656.6
1683733664 43.24 13.93 15365.5 126300
1683733674 102.06 13.69 0 50686
1683733684 102.85 14.92 0.39 51923.1
1683733694 92.37 13.87 0.78 50707.2
1683733704 35.4 13.93 16585.1 128876
1683733714 95.98 14.48 0.78 49078.4
1683733724 101.67 14.91 0 54743.5
1683733734 102.65 13.86 1.57 51380.4
1683733744 43.29 13.94 14621 122313
1683733754 91.68 14.49 0.78 50166.5
1683733764 101.36 14.1 0 50753.7
1683733774 93.93 14.67 1.17 51118.9
1683733784 23.97 13.91 15144 117805
1683733794 102.26 13.66 0.78 54214.9
1683733804 102.94 14.08 0 52476.4
1683733814 102.06 13.93 0 53083.6
1683733824 5.39 14.61 14981.2 112242
1683733834 8.14 13.8 423.14 32829.4

Execution duration: 00:22:08.08
