1683726650 102.16 0.87 129.66 45832.6
1683726660 102.45 1.16 27.45 46307.4
1683726670 103.43 14.06 2.35 47397.1
1683726681 44.78 13.94 14392.2 112254
1683726690 102.45 13.84 1.96 51931.9
1683726700 103.53 14.58 0 57011.6
1683726711 97.37 14.24 2.72 73525.7
1683726720 71.18 14.41 13994.9 151433
1683726730 85.29 14.07 1.57 72766.3
1683726740 89 14.31 42.79 152176
1683726750 102.66 14.09 0 55170.2
1683726760 20.97 14.23 15205.9 127951
1683726771 108.77 13.8 0 82149.2
1683726781 97.57 14.52 0.78 75974.3
1683726791 111.18 14.31 0 82964.7
1683726801 100.29 14.54 1.56 76018.8
1683726811 49.02 14.17 15173.2 254698
1683726820 103.62 14.35 0 57203.1
1683726831 100.1 13.89 1.17 85665.4
1683726840 96.76 14.63 2.75 75919.9
1683726851 5.18 13.79 15526.9 180361
1683726861 103.62 14.03 1.18 55158.5
1683726871 102.25 13.93 0 52472.9
1683726881 101.67 14.54 0 56205.9
1683726891 111.17 14.14 0 82926.3
1683726901 77.45 14.14 15804.7 156396
1683726911 97.75 14.12 0 77669.9
1683726921 114.07 14.81 0 81295.3
1683726931 80.9 14.46 1.56 166953
1683726941 26.79 14.16 15424.2 121423
1683726951 99.71 14.21 0.78 59657.2
1683726961 102.26 14.32 0 51787.4
1683726971 99.51 13.86 1.18 50508.4
1683726981 42.06 13.92 13932.9 118873
1683726991 102.55 13.85 0 51992.2
1683727001 95.23 14.48 1.56 52161.9
1683727011 109.59 14.27 0 85675.2
1683727021 20.86 14.31 15304.6 145596
1683727031 110.31 14.17 0 80685.6
1683727041 99.7 14.56 0.78 75753.7
1683727051 94.32 14.36 1.57 72885.4
1683727061 111.56 14.65 0 85652.5
1683727071 60.24 14.59 14999.4 147233
1683727081 85.41 14.61 0.39 79046
1683727091 102.06 14.17 0 287696
1683727101 90.69 14.46 1.18 61775.7
1683727111 5.11 14.04 15335 117367
1683727121 103.04 14.28 0 54130.7
1683727131 101.96 14.3 0 55920.4
1683727141 103.64 14.45 0.78 51891.8
1683727151 92.27 13.96 1.56 51151.5
1683727161 75 14.22 15763.1 134647
1683727171 93.72 13.89 1.57 48962.5
1683727181 102.26 14.41 0 54610.4
1683727191 102.65 14.14 0.78 51683.9
1683727201 67.49 14.23 15012.7 128796
1683727211 99.31 13.65 0.39 52580.4
1683727221 101.66 14.39 0 51027.5
1683727231 96.22 14.16 1.56 51280.2
1683727241 54.51 14.33 15342.4 129189
1683727251 109.01 14.06 0 81741
1683727261 92.39 14.57 0.78 73159.8
1683727271 110.58 14.12 0 82127.3
1683727281 31.71 14.42 14342.5 141110
1683727291 110.78 14.18 0 82115.6
1683727301 107.65 14.42 0 84581.2
1683727311 63.62 14.37 1.17 57150.6
1683727321 102.93 14.94 0.78 77675.5
1683727331 93.59 14.4 13987.2 168082
1683727341 73.8 14.79 1.56 64448.9
1683727351 110.98 14.47 0 85504.4
1683727361 106.65 14.79 0.39 87752.4
1683727371 51.96 14.51 14098.8 142345
1683727381 111.28 14.79 0 86159.2
1683727391 79.93 14.1 0.39 449311
1683727401 102.35 14.48 0 52828.2
1683727411 35.16 14.17 14285.2 118776
1683727421 99.9 13.99 0 55277.6
1683727431 102.84 13.97 0.39 53929.4
1683727441 97.47 14.49 0 50288.1
1683727451 42.74 13.94 14536.9 122651
1683727461 102.26 14.23 0 51960
1683727471 102.26 14.01 0 54267.4
1683727481 97.15 14.51 0 50165.9
1683727491 53.03 14.19 14620.4 131704
1683727501 95.39 14.25 0.79 50642
1683727511 102.36 13.75 0 54267.3
1683727521 102.85 14.49 0.79 53753.5
1683727531 49.95 14.21 15144.3 125739
1683727541 96.97 14.14 0.39 54425
1683727551 110.6 14.18 0 82175.1
1683727561 110.71 14.74 0.39 79263.9
1683727571 70.14 14.24 1.17 59913.6
1683727581 90.81 14.52 15580.8 165201
1683727591 107.25 14.24 0.78 86819.2
1683727601 93.29 14.72 0.39 74687.5
1683727611 110 14.55 0 81960.4
1683727621 49.95 14.35 14218.2 139859
1683727631 111.37 14.34 0 82023.5
1683727641 106.86 14.84 0.78 80949
1683727651 65.79 14.63 0.39 56763.5
1683727661 33.88 14.72 13497.6 141443
1683727671 106.18 14.42 0 88173.9
1683727681 77.01 14.94 0.39 66158.1
1683727691 109.91 14.48 0 83304.3
1683727701 97.76 15.29 0.78 81076
1683727711 61.7 14.23 14890.5 582212
1683727721 102.76 14.31 0 55516.8
1683727731 88.33 14.2 0.39 50185.1
1683727741 102.36 14.73 0 52022.8
1683727751 27.44 14.35 15158.5 120323
1683727761 101.86 14.48 0 52722.4
1683727771 99.81 14.13 0.78 51920.8
1683727781 101.47 14.34 0 50581.5
1683727791 17.57 13.93 15482.2 121149
1683727801 101.96 14.25 0 50945.9
1683727811 102.53 14.09 0.78 52557.2
1683727821 97.85 14.58 0.78 51280.6
1683727831 14.9 14.19 15160.4 118263
1683727841 102.25 14.48 1461.73 52031.9
1683727851 102.35 14.47 1471.37 58559.2
1683727861 102.55 14.5 0.39 51466.5
1683727871 27.24 14.2 14621 116772
1683727881 94.8 14.25 1.18 50542.8
1683727891 102.16 14.03 0 51679.2
1683727901 99.03 14.52 0.39 52052.1
1683727911 13.73 14.18 15070.3 115872
1683727921 102.45 14.33 0 52322.4
1683727931 102.26 14.44 0 51826.7
1683727941 102.75 14.5 0 51396.3
1683727951 2.26 13.93 14846.2 106603
1683727961 1.47 14.15 494.42 3182.76

Execution duration: 00:21:59.59
