1683775273 100 4.96 150.59 45410.2
1683775283 102.25 2.53 27.32 46305.6
1683775293 101.95 15.45 2.33 46513
1683775303 43.65 18.04 14371 121917
1683775313 102.55 15.25 15.28 51002.6
1683775323 110.13 14.3 0 82329.8
1683775333 79.67 15.64 3.91 61671.9
1683775343 34.13 18.03 13884 169821
1683775353 102.73 17.79 0.78 56164.7
1683775363 91.59 15.71 2.74 50600.4
1683775373 101.45 13.86 0 52915.7
1683775383 14.29 18.09 15189.8 142024
1683775393 111.63 19.54 0 85021.5
1683775403 90.91 14.32 0.78 73017.4
1683775413 91.31 18.32 2.34 163870
1683775423 101.46 15.89 0 166122
1683775433 52.72 18.05 15143.7 128991
1683775443 109.38 14.19 0 82182.6
1683775453 89.94 13.94 0.78 70597.1
1683775463 98.74 16.09 1.95 75801.6
1683775473 108.99 14.24 0 81767.3
1683775483 84.48 18.39 15408.3 159013
1683775493 102.15 15.65 0 194802
1683775503 102.64 14.17 1.57 61341.4
1683775513 102.06 13.94 0 51586.7
1683775523 56.55 18.06 15773.4 131378
1683775533 93.06 15.25 1.17 51725.2
1683775543 102.24 14.14 0 53410
1683775553 102.45 13.91 1.57 51487.3
1683775563 45.45 18.22 15499.7 156040
1683775573 99.82 15.41 0.39 76232.6
1683775583 110.62 14.37 0 80995.7
1683775593 91.01 14.12 0.39 68964.2
1683775603 10.36 19.67 13891.3 132779
1683775613 107.72 18.43 13876.6 163271
1683775623 91.5 16.11 1.56 78627.4
1683775633 100.97 14.17 0 245244
1683775643 103.82 15.89 0.39 57964
1683775653 65.76 18.06 15288.5 128088
1683775663 102.06 18.19 0 51843.3
1683775673 96.67 13.8 0 49311.9
1683775683 101.26 14.28 0 57262.5
1683775693 50.15 19.64 14941.3 119804
1683775703 102.25 14.02 0 53939.8
1683775713 102.35 13.78 1.17 51290.4
1683775723 101.55 15.88 0 51112.3
1683775733 42.47 18.03 15290 123828
1683775743 108.91 14.19 0 81135
1683775753 103.13 15.54 0.39 80493.2
1683775763 79.65 16.06 3.13 65511.9
1683775773 110.54 14.24 0 82841
1683775783 70.18 18.39 15717.7 156515
1683775793 103.42 13.98 0 80239.4
1683775803 110.93 16.13 0 82368.8
1683775813 63.72 14.25 1.16 54611.8
1683775823 11.16 18.15 0 62037.2
1683775833 108.98 20.18 14968.8 172487
1683775843 89.45 14.53 0.39 73429.5
1683775853 110.64 14.35 0 80873.5
1683775863 88.34 14.27 0.78 379262
1683775873 52.31 19.64 15327.3 129416
1683775883 98.64 14.02 1.17 53717.3
1683775893 101.95 13.77 0 51670.8
1683775903 101.38 15.86 0 53802.9
1683775913 67.75 18.07 14327.3 125699
1683775923 102.45 14.04 0 57343.5
1683775933 94.52 15.39 1.57 50331.8
1683775943 101.95 14.29 0 54730.1
1683775953 81.42 18.08 14056.3 126785
1683775963 102.16 15.65 0 51800.2
1683775973 101.85 13.83 0.39 53068.8
1683775983 7.45 17.95 14069.3 113147
1683775993 95 19.34 1.18 49751.6
1683776003 101.86 14.08 0 52563.6
1683776013 99.91 13.83 1.17 53597.6
1683776023 17.89 19.6 14256.1 110716
1683776033 100.88 17.77 0.39 52660.2
1683776043 109.54 14.28 0.39 80201
1683776053 110.46 19.82 0 83969.5
1683776063 67.02 14.56 1.55 56861.3
1683776073 87.88 18.36 14494.2 161320
1683776083 110.76 14.37 0 87737
1683776093 76.72 15.69 1.94 65869.2
1683776103 109.31 14.6 0 84280.4
1683776113 55.61 20.04 14606.4 157803
1683776123 95.69 14.39 0.78 75096.9
1683776133 111.05 14.24 0 84077.4
1683776143 87.89 16.29 0.39 71419
1683776153 106.74 14.51 0.39 81975.8
1683776163 103.13 18.64 15085.4 172402
1683776173 64.46 14.22 0.78 59605.5
1683776183 109.01 16.35 0 82958.9
1683776193 111.15 14.52 0 91111.6
1683776203 81.76 15.22 0.78 68330.9
1683776213 94.53 19.71 15550.3 599869
1683776223 92.77 14.07 0.39 52800.8
1683776233 101.86 13.82 0 51843.1
1683776243 93.45 14.31 0.39 49062.2
1683776253 90.01 19.69 14218.2 126080
1683776263 101.86 14.06 0 52025.1
1683776273 96.48 15.53 1.17 49266.9
1683776283 24.57 19.62 13563.6 109473
1683776293 101.85 19.41 0.78 50000
1683776303 102.06 18.31 0 52590
1683776313 100.79 15.54 0.78 51135.4
1683776323 25.98 19.62 14846.5 121135
1683776333 97.75 13.64 1.57 51534.2
1683776343 101.95 15.74 358.71 56663.7
1683776353 103.23 13.92 1.17 52785.9
1683776363 14.59 19.72 15184.7 113783
1683776373 101.97 19.49 0 52993.3
1683776383 101.76 14.21 0 50169.9
1683776393 102.16 13.98 0 51990.6
1683776403 94.43 16.06 1.56 49191.4
1683776413 92.67 18.11 15398.2 137548
1683776423 99.62 15.66 1.18 51388.8
1683776433 101.96 13.83 0 53437.8
1683776443 102.05 15.92 0.78 50694
1683776453 87.58 18.1 15115.9 133742
1683776463 95.12 14.23 1.17 72083.6
1683776473 105.96 15.6 0.78 82095.3
1683776483 110.87 14.5 0 83651.6
1683776493 39.11 19.83 14593.9 132964
1683776503 100.69 15.79 0 79055.7
1683776513 102.74 13.94 0 78511.8
1683776523 91.43 14.42 0.78 75711.3
1683776533 110.33 14.18 0 84586.4
1683776543 67.78 19.87 15114.8 152435
1683776553 94.62 13.87 0.39 72495.5
1683776563 110.8 14.36 0 83930.7
1683776573 75.17 15.68 1.17 66644.8
1683776583 94.33 14.55 0 73512.6
1683776593 17.62 17.99 15233.3 115439
1683776603 7.6 17.99 4.29 32812.9

Execution duration: 00:22:14.14
