1683731024 102.06 0.87 465.81 46177.5
1683731034 102.55 1.24 0 46609.4
1683731044 103.43 14.2 18.82 47143.9
1683731054 46.18 13.92 14650.6 113275
1683731064 106.57 14.84 15.31 62544.5
1683731074 111.47 13.94 0 84736.5
1683731084 81.8 15.15 38.74 54511.9
1683731094 36.69 13.91 14013.7 173578
1683731104 102.85 14.04 1.17 58059.6
1683731114 93.63 14.39 1.96 50497.9
1683731124 105.76 14.35 0 63820.3
1683731134 21.06 14.05 15204.7 142534
1683731144 110.18 14.91 0 84449.3
1683731154 88.15 13.93 0.78 74183
1683731164 102.94 14.81 1.18 163361
1683731174 103.83 13.93 0.79 55660.1
1683731184 64.84 14.11 15277.6 145556
1683731194 109.89 14.47 0 85478.1
1683731204 83.66 14.32 1.56 70270.1
1683731214 100.4 14.77 1.18 78908.5
1683731224 19.49 14.13 15557.3 152635
1683731234 79.28 14.62 2.74 189894
1683731244 102.55 14.03 0 53643.1
1683731254 100.59 13.81 0.39 59694.2
1683731264 102.14 14.94 0 50477.8
1683731274 66.93 13.95 15773.4 132094
1683731284 97.95 14.02 0.78 51499.3
1683731294 102.06 13.78 0 53550.6
1683731304 103.03 15.07 1.57 61840.8
1683731314 60.67 14.12 15484.5 158826
1683731324 90.66 14.2 0.78 69969.7
1683731334 110.57 14.65 0 81751.9
1683731344 90.89 14.45 0.78 71851.3
1683731354 11.97 14.11 13931.4 129672
1683731364 112.25 14.34 0 84345.9
1683731374 90.6 14.7 1.56 245063
1683731384 80.41 14.14 0.39 47986.7
1683731394 102.85 13.9 0 54004.7
1683731404 58.09 14.59 15304.6 134902
1683731414 102.36 14.29 0 53714.4
1683731424 102.65 14.14 0 56589.2
1683731434 102.45 13.91 0 51920.1
1683731444 55.34 14.59 14999 126980
1683731454 102.55 13.64 0 55138.4
1683731464 103.04 14.14 0.78 53316.3
1683731474 100.68 13.89 0.78 52575.2
1683731484 55.3 14.74 15320 137421
1683731494 110.49 13.83 0.39 82941.4
1683731504 110.47 14.45 0 83508.7
1683731514 71.9 14.75 1.96 57384.5
1683731524 102.55 14.58 1.17 80340.4
1683731534 91.87 14.31 15732.3 172219
1683731544 83.96 14.97 0 71133.5
1683731554 111.18 14.16 0 84880.7
1683731564 93.73 14.64 0 76316.6
1683731574 26.07 14.3 15027.8 141771
1683731584 111.64 15.15 0 82830.1
1683731594 81.12 14.17 0.78 71604.3
1683731604 100.09 14.16 0.39 379647
1683731614 103.44 14.58 0.39 59451
1683731624 57.79 13.95 15329.3 129426
1683731634 102.25 13.64 0 53651
1683731644 98.14 14.77 0.78 51166.3
1683731654 102.16 13.9 0 52058
1683731664 73.95 13.96 14355.7 130188
1683731674 102.36 13.66 0 51243.9
1683731684 95.7 14.8 1.57 51932.6
1683731694 102.75 14.56 0 52591.2
1683731704 92.75 13.99 14098 127182
1683731714 98.54 13.69 0.78 52185.7
1683731724 102.16 14.18 0 54966.8
1683731734 20.58 14.54 14097.6 112241
1683731744 102.55 14.03 0 53010.8
1683731754 94.03 13.78 1.57 51231.7
1683731764 102.75 14.2 0 53439.2
1683731774 30.83 14.57 14229.5 114539
1683731784 105.27 14.2 0 64021.9
1683731794 96.2 13.9 0.78 75790.2
1683731804 111.37 15.1 0 81919.7
1683731814 31.16 14.18 14522.6 147917
1683731824 78.16 14.26 0.78 67544.8
1683731834 110.56 14.67 0 82593.4
1683731844 95.5 14.49 0.78 81905.6
1683731854 66.71 14.87 0.39 59442.5
1683731864 48.29 14.33 14634.7 151790
1683731874 109.3 14.09 1.17 90668.8
1683731884 63.37 14.53 0.39 56200.6
1683731894 107.79 15.02 0 82263.8
1683731904 106.66 14.83 1.17 87714.8
1683731914 63.08 14.51 15115.4 149086
1683731924 110.78 14.61 0 85436.2
1683731934 81.2 14.99 0.78 67528.3
1683731944 110.77 14.85 0 83699.4
1683731954 5.08 13.8 15535.9 575786
1683731964 80.37 14.62 15612.2 135827
1683731974 102.06 13.67 0 53624.3
1683731984 95.88 14.16 0.39 58157.7
1683731994 102.06 14.57 0 52840
1683732004 94.71 13.99 14232.9 132019
1683732014 101.96 13.7 0 50867
1683732024 102.06 14.92 0 54289.3
1683732034 34.07 14.6 13497.6 112039
1683732044 102.65 14.79 0.39 51494.9
1683732054 94.51 13.78 0.78 50487.9
1683732064 101.86 14.27 0 52120.4
1683732074 29.58 14.63 14890.5 119960
1683732084 102.16 14.06 0 57930.2
1683732094 103.73 13.78 0.39 53865.4
1683732104 102.15 15 0 52984.7
1683732114 30.13 14.81 15188.6 120952
1683732124 102.36 14.93 9.41 53893.3
1683732134 103.24 14.98 8.23 52051
1683732144 102.85 14.44 0.78 52298.8
1683732154 22.93 13.9 15451 121624
1683732164 102.36 14.76 0 50827
1683732174 96.97 14.46 1.18 50471.3
1683732184 102.25 14.21 0 54570.8
1683732194 19.57 14.62 15131.1 117989
1683732204 104.79 14.2 0 61833.4
1683732214 110.41 13.99 0 84453.8
1683732224 91.39 14.39 0.78 70110.4
1683732234 16.37 14.79 14621 145126
1683732244 84.34 14.2 1.18 65215.3
1683732254 94.43 13.87 0.78 73808
1683732264 109.9 15.1 0 83642.7
1683732274 88.35 14.1 0.78 73059
1683732284 40.36 14.15 15158.9 154404
1683732294 103.33 13.91 0 81208.6
1683732304 77.26 14.28 1.17 65623.1
1683732314 110.28 14.78 0 85103.7
1683732324 96.28 14.51 0.39 82765.9
1683732334 9.72 13.88 15304.7 119609
1683732344 7.14 13.88 132.03 32714.1

Execution duration: 00:22:05.05
