1683723899 101.88 1 288.76 46523.9
1683723909 102.56 0.66 0 47733.9
1683723919 102.95 4.6 19.27 46967.6
1683723930 45.55 4.4 14325.7 110065
1683723939 102.56 4.47 29.53 51644.9
1683723949 102.46 4.13 0 53956.3
1683723959 94.39 4.84 1.57 49969.7
1683723969 77.31 4.6 14022.4 153632
1683723979 86.53 4.51 1.18 66852.3
1683723990 103.62 4.34 0.78 81114.1
1683724000 99.7 4.72 38.32 165530
1683724009 14.32 4.26 15235.3 118982
1683724019 102.45 4.4 0 57153.5
1683724030 107.82 4.35 0 84057.1
1683724040 108.51 4.92 0 81279.4
1683724049 91.76 4.64 0 70692.1
1683724059 68.02 4.67 15350.4 152623
1683724069 111.62 4.46 0 80212.6
1683724079 77.12 4.61 0 193272
1683724089 91.53 4.34 0 51846.3
1683724099 11.87 4.25 15587.8 123471
1683724109 96.66 4.08 0 54716
1683724119 102.17 4.56 0 53084.2
1683724129 94.59 4.17 0.39 49786.4
1683724140 102.46 4.98 0 54907
1683724149 74.04 4.62 15849.8 160097
1683724159 109.93 4.54 0 82555.8
1683724169 104.23 4.52 0 78097.9
1683724179 84.26 5.01 0 68211.2
1683724190 28.03 4.82 15454.3 149961
1683724199 97.44 5.08 0 84393.3
1683724210 100.98 5.1 0 250596
1683724219 93.51 5.33 0.39 49120.5
1683724230 80.45 5.13 -1 28032.8
1683724239 99.21 5.4 13985.8 135162
1683724249 92.42 5 0 53172.4
1683724259 103.74 6.05 0 52327.2
1683724270 102.06 6.07 0 58760.5
1683724280 85.79 5.8 15318.4 133713
1683724289 94.2 5.72 0 48191.9
1683724299 102.07 6.34 0 52813
1683724310 102.35 6.16 0 52133.9
1683724320 72.66 6.38 15057.6 128352
1683724330 108.3 6.41 0 85189.4
1683724340 94.3 6.81 0 74969.9
1683724350 109.47 7.01 0 80831.2
1683724360 24.56 7.09 15350.1 142567
1683724370 87.31 6.83 0 67772.3
1683724380 110.31 7.55 0 83626.3
1683724390 76.46 7.27 0 63906.3
1683724400 110.01 7.91 0 81644.8
1683724410 44.7 7.88 15794.1 159413
1683724420 68.86 7.84 0.39 58596.7
1683724430 108.26 7.67 0 85178.8
1683724440 103.63 8.62 0 86966
1683724450 82.63 8.22 0 384064
1683724460 63.81 8.01 14954.1 129664
1683724470 92.05 7.86 0.39 53563.9
1683724480 101.97 8.58 0 52395.7
1683724490 94.4 8.28 0 48321.4
1683724500 44.93 8.86 15387.6 125180
1683724510 99.51 8.8 0.39 59156.3
1683724520 101.77 9.02 0 50520.1
1683724530 99.52 9.06 0 50216.9
1683724540 49.26 9.15 14411.8 121445
1683724550 101.77 8.88 0 51449.4
1683724560 94.12 9.65 0 49286.3
1683724570 110.61 9.68 0 85108.8
1683724580 44.35 9.7 14110.7 136555
1683724590 110.4 9.71 0 81954.5
1683724600 108.35 10.41 0 85150.1
1683724610 90.38 10.11 0 70877.8
1683724620 44.32 10.52 14096.9 151455
1683724630 91.26 10.15 0 75317.4
1683724640 110.4 10.8 0 83106.7
1683724650 98.83 10.88 0 74749.4
1683724660 68.67 11.38 0 57286
1683724670 83.03 11.12 14214.4 157795
1683724680 96.37 11.51 0 82082
1683724690 81.65 11.08 0 407597
1683724700 101.96 11.29 0 52690.1
1683724710 45.53 11.26 14551.1 125089
1683724720 102.06 11.49 0 51684.4
1683724730 100.89 11.19 0 49726.9
1683724740 104.02 12.27 0 52312.9
1683724750 50.4 11.86 14649.4 126423
1683724760 101.57 11.88 0 49913.3
1683724770 100.1 11.94 0 53080.3
1683724780 101.17 12.51 0 48952.8
1683724790 42.3 12.39 15040.9 122867
1683724800 98.82 12.61 0 50899
1683724810 101.28 12.72 0 56959.9
1683724820 94.7 13.03 0 47739.6
1683724830 10.21 12.85 15611.4 117567
1683724840 102.06 13.06 0 53072
1683724850 101.77 12.99 0 50233.3
1683724860 94.32 13.43 0 49979.2
1683724870 20.64 13.43 14135.1 113794
1683724880 101.76 13.48 0 50712.3
1683724890 101.28 13.44 0 51910.9
1683724900 102.07 14.29 0 52865.9
1683724910 56.87 14 13590.2 115423
1683724920 102.56 14.29 0 54280.7
1683724930 98.44 14.1 0.39 78811.8
1683724940 109.31 14.57 0 83221.2
1683724950 32.46 14.33 14904.7 140418
1683724960 88.55 14.41 0 71343.6
1683724970 107.4 14.19 0 83670.5
1683724980 99.71 14.7 0 81846.3
1683724990 111.09 14.53 0 83486.3
1683725000 70.69 14.65 15177.6 152093
1683725010 92.41 14.68 0 71674.3
1683725020 111.07 14.74 12.55 83247.1
1683725030 72.58 14.24 0 60872.9
1683725040 106.18 14.96 0 82698.8
1683725050 90.51 14.3 15429.6 168333
1683725060 88.35 14.55 0 75521.2
1683725070 110.39 14.29 0 83854.9
1683725080 90.2 14.76 0 75243.9
1683725090 27.48 14.25 15270.3 148254
1683725100 111.18 14.57 0 84467.4
1683725110 74.81 14 0 66255.7
1683725120 96.08 14.47 0 75656.4
1683725130 110.01 14.45 0 84852.9
1683725140 41.31 14.16 16595.7 717339
1683725150 96.08 13.6 0 52248.9
1683725160 102.54 14.33 0 58098.3
1683725170 92.05 14.13 0 49712.2
1683725180 20.01 14.12 15173.7 121199
1683725190 98.64 13.81 0 52162.2
1683725200 102.75 14.08 0 52425.5
1683725210 98.13 13.83 0 49964.7
1683725220 2.05 13.88 14794.9 105826
1683725230 0.89 13.88 509.24 352.45

Execution duration: 00:22:19.19
