1683760241 61.11 20.64 206130 128188
1683760246 40.99 15.98 98436 99033.7
1683760251 50.48 17.46 118782 143812
1683760256 39.39 18.01 93544.2 112098
1683760261 43.63 19.01 101449 129687
1683760266 37.67 21.12 82240.2 130311
1683760271 45.55 22.59 112998 141898
1683760276 32.83 21.61 70387.8 134420
1683760281 36.57 22.4 81321.1 116946
1683760286 45.62 24.42 109142 141589
1683760291 32.64 24.95 78275.5 135532
1683760296 34.11 25.02 88503.6 129406
1683760301 42.32 25.14 120064 123771
1683760306 37.01 23.8 90571.5 143489
1683760311 39.97 24.22 107440 156017
1683760316 31.88 23.91 88312 129609
1683760321 37.63 23.99 110653 109177
1683760326 40.9 24.04 104509 150956
1683760331 17.04 25.55 347562 1.3173e+06
1683760336 31.93 23.84 73612.9 128414
1683760341 27.37 23.89 71737.6 134315
1683760346 40.12 23.95 121306 129609
1683760351 47.91 26.6 126577 138579
1683760356 33.9 24.37 124346 136023
1683760361 28.7 25.42 93892 125571
1683760366 47.91 24.1 150808 134429
1683760371 32.45 25.88 95315.4 133504
1683760376 29.46 25.51 82695.1 131808
1683760381 44 24.1 137599 132864
1683760386 32.2 24.1 95003.4 131789
1683760391 31.69 24.48 86174.6 131952
1683760396 39.36 24.1 123829 129457
1683760401 36.75 25.51 110966 127898
1683760406 30 24.11 80458.9 129719
1683760411 38.86 25.89 120283 129405
1683760416 37.95 24.12 112193 131973
1683760421 32.12 24.54 81238 131012
1683760426 36.31 25.16 98956.6 132057
1683760431 38.9 26.29 107608 129960
1683760436 31.74 27.94 81997 131308
1683760441 38.14 26.6 104376 133141
1683760446 38.98 26.59 105758 127733
1683760451 30.79 28.36 18313.3 128555
1683760456 31.57 26.59 17855.6 131046
1683760461 42.89 26.59 29575.7 133529
1683760466 36.47 28 50969.9 152908
1683760471 34.54 26.95 78160.1 173966
1683760476 25.71 26.59 63027.6 96754.6
1683760481 43.27 28 109908 159450
1683760486 37.81 28 89814.7 177564
1683760491 37.24 28.36 82522.5 160497
1683760496 5.69 17.73 4.35104e+06 2.17411e+06

Execution duration: 00:04:20.20
