1683744106 101.76 4.97 458.38 45278.8
1683744116 101.17 0.57 0 45983.3
1683744126 102.64 15.24 29.36 46928
1683744136 41.82 19.06 14479.9 111292
1683744146 105 18.31 14.89 58059.9
1683744156 111.34 13.93 0 84383.2
1683744166 78.78 14.44 3.52 60385.5
1683744176 34.12 19.06 13992.2 170587
1683744186 99.7 18.14 1.57 53654.8
1683744196 97.26 13.74 2.35 52834.4
1683744206 104.2 14.38 0 59701.8
1683744216 27.08 19.21 15175.4 146330
1683744226 109.2 18.36 0 83302.6
1683744236 93 13.96 1.17 78718.3
1683744246 102.16 15.22 0 162552
1683744256 93.93 13.93 1.17 50023.1
1683744266 61.84 19.24 15260.7 138438
1683744276 109.86 17.99 0 83284.5
1683744286 79.96 14.28 1.56 65916.7
1683744296 100.01 14.11 0.78 76418
1683744306 110.36 19.79 0 85096.4
1683744316 75.23 18.47 15499.7 153116
1683744326 101.85 14.02 0 193091
1683744336 103.03 13.79 1.57 61898.2
1683744346 101.36 15.31 0 49897.9
1683744356 46.2 18.04 15773.8 128634
1683744366 96.58 18.15 0.39 52288.5
1683744376 102.45 18.96 0 53817.8
1683744386 100.98 14.39 1.18 56265.6
1683744396 35.72 18.2 15364.3 152021
1683744406 93.08 18.31 0.39 75589.9
1683744416 110.56 15.01 0 81138.6
1683744426 97.07 14.46 0.39 75853.6
1683744436 80.8 19.43 1.18 66757.3
1683744446 98.15 18.42 13890.1 160739
1683744456 89.63 15.07 0.39 243217
1683744466 90.91 14.15 1.95 50462.6
1683744476 103.03 13.91 0 53908.6
1683744486 52.05 18.04 15290 130117
1683744496 100.78 18.84 0 51415.5
1683744506 103.8 14.4 0.39 56421.5
1683744516 101.86 14.27 0 57649.1
1683744526 42.85 18.02 14985.1 123925
1683744536 101.96 18.84 0 51889.1
1683744546 101.67 15.17 1.17 51721.1
1683744556 101.95 13.88 0 51081.7
1683744566 36.6 18.16 15290.4 130966
1683744576 109.29 17.97 0 82042.2
1683744586 110.16 15.4 0.39 82637.7
1683744596 70.87 14.1 1.17 59864.7
1683744606 109.27 14.57 0 83372.7
1683744616 76.75 18.38 15717.3 171255
1683744626 83.21 19.53 1.17 68135.9
1683744636 111.33 14.16 0 83935.2
1683744646 86.13 15.65 1.17 69525.7
1683744657 100.1 14.37 0 77570.5
1683744666 100.58 18.56 14983.4 163858
1683744676 84.85 15.18 0.78 74319.5
1683744686 101.66 14.17 0 375532
1683744696 98.63 18.06 0.39 56075.1
1683744706 34.32 19.05 15298.9 125161
1683744716 102.06 18.82 0 52969.9
1683744726 97.06 14.11 1.18 53578.8
1683744736 102.26 13.87 0 52656.6
1683744746 48.09 19.37 14355.7 122963
1683744756 101.96 18.16 0 56958.1
1683744767 92.82 14.12 0.39 50370.5
1683744776 101.37 13.87 0 49914.2
1683744787 56.84 18.04 13947.2 118545
1683744796 101.86 18.85 0 51646.4
1683744806 102.06 14.17 0 53551.4
1683744816 101.97 14.94 0.39 50218.6
1683744826 80.25 18.07 14069.3 127387
1683744836 96.48 14.72 1.18 50511.3
1683744846 101.86 14.16 0 52708.4
1683744856 98.14 13.92 1.56 50114.7
1683744866 90.5 18.25 14284 131721
1683744876 104.1 13.87 0.78 82969.7
1683744886 110.57 15.41 0 82207.5
1683744896 104.11 14.2 0.78 76584.9
1683744907 56.74 18.3 14382.2 144253
1683744916 110.75 19.16 0 80928.2
1683744926 106.65 15.51 0.39 91174.2
1683744937 52.53 14.16 0.39 49878.9
1683744946 108.92 18.87 0 81702.9
1683744957 98.34 19.53 14492.7 167518
1683744966 69.3 14.49 1.17 58521.2
1683744977 108.08 14.25 0 83899
1683744987 106.69 14.8 0.39 85148.4
1683744997 24.12 18.55 15071.9 141552
1683745007 111.32 19.78 0 83544.5
1683745017 83.6 18.48 0.39 69675.8
1683745027 102.61 14.79 0.39 81939.5
1683745037 102.05 14.29 0 508271
1683745047 22.99 19.03 15430.9 121695
1683745056 102.85 17.77 0 53672.1
1683745067 97.86 14.09 0.39 55271.2
1683745077 97.76 14.89 0.39 50974.6
1683745086 32.13 19.05 14218.2 118513
1683745096 102.06 17.78 0.39 50436.8
1683745107 102.05 15.16 0 52467.6
1683745117 91.99 15 1.17 48821.1
1683745126 58.38 18.07 13576.9 118733
1683745137 98.24 18.88 1.18 51411.2
1683745147 100.98 14.18 0 52236.1
1683745157 101.57 13.97 0.78 52585.3
1683745167 60.33 19.29 15039.8 128730
1683745177 96.38 18.19 296.77 54749.6
1683745187 95.7 15.21 0.39 51017.4
1683745197 102.35 15.04 0 52759.3
1683745207 36.11 19.18 15144.4 117629
1683745217 101.67 17.91 0 53006.7
1683745227 102.16 14.23 0.39 50932.3
1683745237 101.87 15.06 0 52368.7
1683745247 25.82 19.05 15398.2 120637
1683745257 101.96 17.77 0 51853.6
1683745267 94.25 18.26 0.78 50073
1683745277 100.97 14.91 0 52953.8
1683745287 17.62 18.15 15145.5 124138
1683745297 110.75 17.96 0 80570.1
1683745307 109.02 15.33 0 83897.6
1683745317 73.83 15.06 0 57878.9
1683745327 109.53 14.51 0 83067.7
1683745337 72.7 18.27 14609 150922
1683745347 72.24 14.19 0.39 61599.6
1683745357 110.54 15 0 82492.2
1683745367 94.73 14.44 0.78 81565.6
1683745377 79.29 14.16 0 64696.8
1683745387 73.22 19.34 15129.2 162509
1683745397 93.35 18.02 0.39 78350.7
1683745407 99.31 14.34 0 76830.5
1683745417 110.48 15.15 0 85705.7
1683745427 10.38 17.96 14634.7 132119
1683745437 16.54 17.97 634.05 32464.2

Execution duration: 00:22:23.23
