1683729378 102.85 1.29 138.31 46811
1683729388 102.54 0.95 27.79 46937.8
1683729398 103.34 14.25 1.96 47423.9
1683729408 45.73 14.36 14339.6 111124
1683729418 102.64 14.1 15.29 51723.9
1683729428 108.78 14.7 0 77606.2
1683729438 83.84 14.41 3.13 64711.8
1683729448 48.53 14.34 14036.5 183606
1683729458 92.06 14.11 1.96 50421.2
1683729468 95.1 14.09 3.53 52612.5
1683729478 102.55 14.27 0 54646.3
1683729488 25.98 14.46 15221.6 143302
1683729498 110.59 13.82 0 85548.7
1683729508 89.82 14.74 0 74424.3
1683729518 107.94 14.05 1.57 85055.8
1683729528 96.57 14.71 0 168731
1683729538 56.42 14.36 15277.6 125477
1683729548 108.64 14.25 0 78179.4
1683729558 87.46 14.33 0.78 69004.5
1683729568 105.4 14.91 1.96 81080.4
1683729578 24.06 14.56 15542.1 152841
1683729588 85.39 14.72 2.74 70685.9
1683729598 102.16 14.48 0 198245
1683729608 93.35 14.58 0 54888.2
1683729618 101.66 14.34 0 51365.9
1683729628 53.54 13.96 15804.3 127125
1683729638 101.08 14.12 0.39 51491.3
1683729648 102.85 14.15 0.79 52428.7
1683729658 102.65 14.38 0.78 51467.1
1683729668 54.27 14.55 15499.7 149816
1683729678 98.04 14.29 0.78 78037.2
1683729688 111.94 14.78 0 82181.4
1683729698 85.61 14.52 1.57 67073.1
1683729708 21.71 14.15 13837.6 136784
1683729718 107.63 14.39 0 81177.7
1683729728 94.42 14.4 1.96 85956.1
1683729738 102.26 14.66 0 249931
1683729748 100.39 14.3 0.39 54980.8
1683729758 79.41 14 15318.4 132662
1683729768 102.54 14.53 1.18 49500.4
1683729778 95.39 14.21 0.39 51566.3
1683729788 102.95 14.31 0 57786.1
1683729798 72.82 14.39 15028.9 126175
1683729808 102.16 14.1 0 54639.2
1683729818 101.77 14.23 0.39 50393.8
1683729828 101.36 14.29 0 51652.9
1683729838 60.91 14.37 15231.2 129934
1683729848 108.83 14.7 0 77308.2
1683729858 91.96 14.36 1.18 72797.6
1683729868 91.55 14.9 0.39 73185.5
1683729878 17.06 14.54 15747.7 154066
1683729888 74.44 14.74 1.18 63729.7
1683729898 106.46 14.4 0 83112.2
1683729908 111.24 14.55 0 89239.5
1683729918 74.15 14.68 0.39 65125.2
1683729928 35.6 14.76 15027.5 152153
1683729938 106.28 14.13 0 86296.5
1683729948 86.86 14.96 0.39 73008.6
1683729958 110.88 14.74 0 83724.2
1683729968 84.83 14.29 0.39 389267
1683729978 69.16 14.39 15223 131856
1683729988 101.17 14.53 0.78 52010.2
1683729998 93.19 13.77 0.39 49297
1683730008 100.59 14.69 0 53649.9
1683730018 80.87 14 14384.3 126510
1683730028 102.26 14.53 0 57424.1
1683730038 97.25 14.21 1.96 51158.4
1683730048 102.06 14.72 0 51576.9
1683730058 94.61 14 14097.6 128850
1683730068 102.36 14.08 0 52167.7
1683730078 102.84 14.25 0.39 53315
1683730088 21.22 14.32 14055.5 114666
1683730098 95.49 14.09 1.57 49992.9
1683730108 102.16 14.5 0 51383.4
1683730118 102.94 14.26 0.79 53136
1683730128 35 14.36 14298 116840
1683730138 100.89 14.1 0 53372.5
1683730148 109.21 14.29 0.39 76487.8
1683730158 110.69 14.08 0 84886.6
1683730168 17.39 14.57 14482 129904
1683730178 108.13 13.91 0.78 81394.3
1683730188 111.88 14.42 0.39 89226.5
1683730198 77.17 14.54 1.95 66356.3
1683730208 111.18 14.64 0 83653.3
1683730218 65.79 14.35 14606.4 146829
1683730228 100.1 14.47 0.78 77210.6
1683730238 110.96 14.65 0 84654.4
1683730248 73.54 15.12 0.78 62620.4
1683730258 104.81 14.45 0 80500.1
1683730268 107.39 14.99 14997.1 168241
1683730278 64.74 14.18 0.78 57602.8
1683730288 110.29 15.17 0 82522.2
1683730298 101.97 14.99 0 81283
1683730308 23.27 14.6 15612.2 145487
1683730318 101.96 14.44 0 521207
1683730328 79.55 14.05 1.17 47757.7
1683730338 102.65 14.23 0 53216.9
1683730348 12.06 13.91 14218.2 115751
1683730358 101.96 13.65 0 51379.6
1683730368 96.68 14.07 0.78 51722.9
1683730378 102.75 14.37 0 55028.2
1683730388 48.18 14.38 13604.3 116456
1683730398 99.51 14.14 0.39 52848.2
1683730408 102.06 14.61 0 52693.5
1683730418 91.61 14.35 0.39 49735.9
1683730428 41.63 13.96 14890.1 123149
1683730438 97.65 14.13 0.78 51079.3
1683730448 102.75 14.57 0 57505.1
1683730458 102.06 14.42 0.39 52255.9
1683730468 34.91 14.48 15171.8 119716
1683730478 101.37 13.8 0 53254.8
1683730488 102.15 14.67 0 51877.6
1683730498 96.95 13.98 0.39 52251.4
1683730508 23.7 14.41 15469.2 121091
1683730518 102.45 14.11 0.39 52834.1
1683730528 101.77 14.14 0.39 52564.7
1683730538 102.65 14.32 0 52809.4
1683730548 25.77 13.91 15145.9 117515
1683730558 101.96 14.11 0 52552.4
1683730568 100.88 14.74 0.78 71570.2
1683730578 110.67 14.48 0 84061.8
1683730588 83.15 14.51 14621.3 67286.2
1683730599 97.95 14.2 14564.7 157879
1683730608 111.56 14.72 0 85907.1
1683730618 69.93 14.49 0.39 64440.3
1683730628 100.77 14.46 0.78 79245.1
1683730639 43.45 14.18 15041 159448
1683730649 72.67 14.67 0.78 67358
1683730658 110.67 13.99 0 82348.3
1683730669 109.33 14.41 0 89460.7
1683730678 78.36 14.61 0 66468.2
1683730689 9.82 13.87 15293 123413
1683730698 6.87 14.31 48.63 32728.2

Execution duration: 00:22:04.04
