1683758869 102.45 4.97 165.1 46184.3
1683758879 102.14 2.23 16.72 46481.6
1683758889 103.24 14.2 29.36 47073.6
1683758899 43.46 18.03 14237.4 111129
1683758909 102.74 18.15 14.87 51122.9
1683758919 110.29 15.6 0 82379.8
1683758929 78.06 14.4 2.33 61758.8
1683758939 33.47 18.01 14005.9 170404
1683758949 98.83 19.43 1.17 52450.9
1683758959 91 14.09 2.74 51892
1683758969 102.54 14.23 0 53865.9
1683758979 15.82 19.39 15057.6 140485
1683758989 110.26 18.3 0 84517.7
1683758999 93.25 14.3 1.17 77821.5
1683759009 102.93 15.46 0.39 163872
1683759019 96.96 14.29 0 51495.9
1683759029 42.32 18.02 15278.3 125209
1683759039 110.16 19.62 0 83068.6
1683759049 91.98 14.28 0.39 71812.3
1683759059 91.17 14.45 3.88 70521.5
1683759069 111.06 15.88 0 82836.1
1683759079 64.12 18.36 15528.4 154535
1683759089 101.16 18.17 0 191351
1683759099 102.35 18.29 0 58711.9
1683759109 102.75 15.57 0 50194.9
1683759119 36.37 18.02 15757.2 127107
1683759129 96.18 17.78 1.17 51583.2
1683759139 102.65 15.4 0 53482.5
1683759149 99.23 14.23 1.18 50068.2
1683759159 27.6 18.18 15484.5 151513
1683759169 95.62 19.6 0.78 77628.9
1683759179 110.74 14.32 0 80675.8
1683759189 97.36 14.07 0 75831.9
1683759199 85.25 15.9 0.78 66816
1683759209 96.67 18.41 13890.1 161055
1683759219 84.46 14.03 0.78 241742
1683759229 92.66 14.13 2.74 50239.4
1683759239 101.65 15.56 0 54788.8
1683759249 46.79 18.04 15230 128873
1683759259 102.16 18.16 0 52428.2
1683759269 103.13 15.44 0.39 52309.2
1683759279 102.36 14.25 0 57388.2
1683759289 39.05 18.03 14985.9 122984
1683759299 102.16 18.15 0 52376.1
1683759309 102.54 13.76 1.17 53859.2
1683759319 102.75 15.55 0 51224.3
1683759329 34.93 18.01 15290.4 124495
1683759339 109.58 18.32 0 82448.1
1683759349 110.16 19.77 0 83489.8
1683759359 66.24 14.43 1.56 55446
1683759369 110.63 14.21 0 83371.5
1683759379 71.88 18.39 15701.6 167808
1683759389 96.68 19.78 2.73 76039.8
1683759399 111.14 15.83 0 85340.4
1683759409 82.43 14.61 1.17 68937.5
1683759419 17.26 19.66 14867.1 145996
1683759429 111.44 18.22 0 87435.4
1683759439 64.81 14.5 0.78 59615.3
1683759449 111.65 14.69 0.39 83239.9
1683759459 103.53 15.57 0 390575
1683759469 30.21 18 15299.3 124251
1683759479 101.67 18.13 0 51641.5
1683759489 96.19 15.04 1.56 55540.8
1683759499 102.26 14.22 0 51571.8
1683759509 39.54 18.02 14341.7 117112
1683759519 102.46 19.46 0 56441.5
1683759529 101.95 14.11 0.78 51809
1683759539 90.81 14.22 0.78 49539.7
1683759549 49.66 19.33 14083.1 120331
1683759559 98.55 18.17 0.78 50972
1683759569 102.05 14.12 0 53455.2
1683759579 101.75 14.25 1.17 50042.2
1683759589 69.18 19.37 14069.3 123743
1683759599 92.18 18.18 0.39 49042.2
1683759609 101.08 15.07 0 50139.8
1683759619 92.85 14.25 0.78 49171.4
1683759629 63.44 18.05 14214.4 123530
1683759639 110.55 19.68 0.39 82180.5
1683759649 99.5 14.33 0.78 77682.2
1683759659 109.41 14.53 0 81430.8
1683759669 41.52 18.28 14382.2 145510
1683759679 109.51 18.48 0.39 80174.6
1683759689 109.78 15.74 0.39 86221.7
1683759699 56.07 14.51 0.78 50219.2
1683759709 106.65 14.36 0.39 81079.2
1683759719 85.26 19.8 14591.8 165235
1683759729 63.15 18.26 0.78 53218.8
1683759739 111.24 18.74 0 85808.8
1683759749 111.43 14.42 0.39 87031.9
1683759759 84.85 16.17 0.78 68547
1683759769 101.36 18.7 15040.9 164510
1683759779 82.61 14.66 0 66833.2
1683759789 97.75 15.7 0 76929.8
1683759799 100.78 14.25 0 500381
1683759809 67.58 14.33 1.57 44978.7
1683759819 88.36 19.39 15580.8 139367
1683759829 102.34 13.69 0 54902.5
1683759839 93.83 14.18 1.18 50541
1683759849 2.64 18.67 0 30877
1683759859 99.71 18.1 14218.6 129728
1683759869 102.16 13.71 0 52618.2
1683759879 94.17 15.59 0.78 50974.8
1683759889 29.33 19.32 13510.7 112581
1683759899 98.14 18.15 1.17 51765.2
1683759909 103.04 13.79 0 51513.4
1683759919 102.26 15.58 0.39 54442.3
1683759929 28.08 18.03 14875.5 118443
1683759939 102.94 19.46 225.44 57772.2
1683759949 91.3 15.07 0.78 48487.6
1683759959 102.04 14.27 0 52709.7
1683759969 9.59 19.37 15155 112387
1683759979 102.75 19.54 0 53770.8
1683759989 102.16 18.36 0.39 49221.1
1683759999 101.74 15.64 0 51538.4
1683760009 95.05 15.75 1.17 47934
1683760019 88.68 18.09 15383.2 134660
1683760029 94.81 13.68 0.39 49292.9
1683760039 101.77 15.48 0 53358.1
1683760049 103.52 13.95 0.78 54324.1
1683760059 86.14 18.27 15087.2 158412
1683760069 110.96 19.36 0 83280.6
1683760079 69.67 14.32 0.78 57066.1
1683760089 109.48 15.4 0 83666.9
1683760099 50.83 18.25 14592.4 153195
1683760109 53.67 17.94 0.78 44878.2
1683760119 98.93 15.56 0.39 77024.5
1683760129 111.65 14.03 0 87639.1
1683760139 69.93 14.47 0.39 57855.1
1683760149 25.4 19.53 15114.5 148480
1683760159 111.93 18.36 0 87972.6
1683760169 86.71 13.92 0.39 69556.6
1683760179 110.09 14.41 0 83570.1
1683760189 76.73 15.44 0.39 62716.7
1683760199 14.38 17.97 15096.7 125220
1683760209 11.03 17.97 298.15 32436.7

Execution duration: 00:22:28.28
