1683776769 102.55 4.97 150.59 45920
1683776779 103.14 0.93 27.42 46793.3
1683776789 102.53 15.45 2.34 46741.8
1683776799 41.59 18.04 14365.6 109569
1683776809 101.45 17.8 15.13 51038.6
1683776819 106.75 15.89 0 67639.1
1683776829 93.17 14.05 3.13 72154.1
1683776839 58.02 18.3 13967.5 147439
1683776849 93.54 19.75 38.71 139841
1683776859 74.65 14.1 4.3 47909.2
1683776869 102.64 13.86 0 52179.9
1683776879 94.92 14.32 4.3 58590.8
1683776889 89.05 19.7 15187.9 134423
1683776899 101.56 14.06 0 52009.4
1683776909 101.85 13.83 0 50952.1
1683776919 103.82 15.93 0.78 52053.2
1683776929 83.91 18.09 15216.4 134928
1683776939 105.78 14.21 0 67888.1
1683776949 92.24 19.74 3.11 71121.6
1683776959 110.45 16.14 0 83439.9
1683776969 38.22 18.29 15527.3 147616
1683776979 96.96 18.4 1.17 76852.1
1683776989 108.2 14.06 0 81119.5
1683776999 98.06 16.14 1.55 84079.3
1683777009 109.88 14.35 0 81270.8
1683777019 63.35 18.06 15757.6 345463
1683777029 95.4 19.42 1.56 51328.4
1683777039 102.16 14.14 0 53485.6
1683777049 97.38 13.9 2.33 54609.3
1683777059 37.53 19.8 15469.4 137316
1683777069 99.51 17.96 0.39 80222.9
1683777079 110.45 14.35 0 80889.1
1683777089 101.17 14.11 0.39 77510.9
1683777099 20.36 19.87 13906.1 134890
1683777109 109 18.08 0 81765.2
1683777119 92.57 14.4 1.56 83538.6
1683777129 103.02 14.18 0 250680
1683777139 102.05 15.92 0.39 56605.5
1683777149 77.78 18.08 15155 129849
1683777159 100.87 18.22 0 50703.8
1683777169 95.21 15.4 2.35 48947.2
1683777179 102.25 14.29 0 57041.3
1683777189 65.85 18.06 14984.3 126572
1683777199 101.27 19.8 0 53221.7
1683777209 102.35 13.79 0.78 52412.5
1683777219 102.45 14.29 0 51011.3
1683777229 55.4 19.66 15290.4 128608
1683777239 104.66 18.34 0 65545.6
1683777249 101.17 13.96 0.78 77957.7
1683777259 81.01 16.07 0.78 67504
1683777269 110.06 18.42 0 84011
1683777279 72.44 18.34 15717.3 152870
1683777289 98.73 15.59 0.39 77557.3
1683777299 110.84 16.08 0 84796.9
1683777309 78.21 15.87 0.39 65955.8
1683777319 27.69 18.41 14998 150103
1683777329 102.73 18.24 0 83608.2
1683777339 95.51 20.3 0.78 76816
1683777349 110.84 14.32 0 84723.4
1683777359 77.63 14.96 0.78 64535.5
1683777369 45.28 19.64 15267.5 465661
1683777379 102.82 18.16 0.39 55479.2
1683777389 91.19 13.77 0.78 48980
1683777399 102.24 14.24 0 53142.9
1683777409 41.38 19.63 14272.6 115480
1683777419 101.37 18.17 0 56158.1
1683777429 94.72 13.75 1.17 50286.5
1683777439 101.86 14.24 0 51348.7
1683777449 57.18 19.66 13960 121255
1683777459 101.96 18.18 0 50918.2
1683777469 98.93 13.78 0 52665.5
1683777479 101.77 15.87 0 50734.2
1683777489 83.07 18.09 14084.6 126797
1683777499 95.8 18.21 0.78 49803.5
1683777509 101.27 15.41 0 52899.4
1683777519 101.67 14.31 0.78 50410.6
1683777529 95.6 18.1 14270.1 127988
1683777539 105.65 14.26 0 67764
1683777549 110.66 15.64 0 83571.5
1683777559 84.56 14.57 1.17 65614.9
1683777569 76.64 18.33 14495.4 157547
1683777579 110.45 18.46 0 84007.8
1683777589 82.83 19.86 1.55 71689.6
1683777599 109.89 14.59 0 84242.1
1683777609 36.36 18.41 14563.4 142699
1683777619 96.58 20.14 0.39 77359.4
1683777629 109.95 14.22 0 84512.8
1683777639 86.22 14.66 0.78 71720.4
1683777649 111.24 16.04 0 83431.5
1683777659 84.6 18.65 15040.9 161875
1683777669 79.05 14.2 1.96 66902.2
1683777679 109.44 16.35 0 81024.9
1683777689 87.61 14.49 0 72559.6
1683777699 104.22 15.04 0 80270.8
1683777709 96.09 19.71 15565.6 605315
1683777719 73.41 14.03 1.17 45501.5
1683777729 101.85 13.8 0 52280.9
1683777739 91.78 14.28 0.78 56880.6
1683777749 72.74 19.68 14190.4 126135
1683777759 102.06 18.2 0.78 51496.2
1683777769 94.23 15.49 0.39 49101.9
1683777779 2.83 19.34 13523.9 107498
1683777789 100.2 18.14 13511.5 126461
1683777799 101.36 14.11 0 52447.4
1683777809 91.97 15.48 1.18 50783.2
1683777819 101.77 14.39 0 51661.1
1683777829 86 19.71 14876.7 133850
1683777839 101.96 14.1 480.23 56841.5
1683777849 98.73 15.47 0.78 52767.9
1683777859 101.95 16.04 0 50723.4
1683777869 77.84 19.8 15066.7 127702
1683777879 100.2 19.94 0 51396.5
1683777889 101.67 13.93 0 50329.6
1683777899 95.44 16.01 1.16 47622.9
1683777909 59.39 18.05 15413.3 128184
1683777919 101.86 18.19 0.39 51485.7
1683777929 102.64 15.39 0 52511.4
1683777939 101.37 14.28 0 51067.2
1683777949 56.66 19.66 15130.7 127730
1683777959 95.5 18.33 0.78 60471.9
1683777969 108.73 15.57 0 82114.5
1683777979 109.68 18.61 0.39 82913.5
1683777989 22.58 18.2 14592.8 128834
1683777999 109.98 18.33 0 85128
1683778009 96.68 15.52 0.39 79925.7
1683778019 75.73 14.37 0.78 63796.1
1683778029 109.49 15.74 0 83018
1683778039 54.3 19.85 15114.8 162471
1683778049 93.65 17.99 0.39 74206.1
1683778059 109.58 14.32 0 82544
1683778069 73.91 14.04 1.16 64736.4
1683778079 110.19 16.14 0 83886.4
1683778089 16.67 17.97 15171.3 117439
1683778099 8.6 17.97 110.26 32885.6

Execution duration: 00:22:15.15
