1683764836 292.35 1.64 160590 31386.6
1683764841 308.25 5.44 171660 30746.7
1683764846 307.68 1.29 170858 30410.5
1683764851 309.38 1.65 171836 30883.3
1683764856 309.77 14.44 171324 30673.2
1683764861 305.99 1.39 166219 28052.4
1683764866 309.76 1.4 170195 30536.6
1683764871 308.64 1.78 171717 30784.2
1683764876 309.39 14.55 172145 30845
1683764881 307.86 14.59 170780 29051.2
1683764886 296.62 14.51 503583 1.24904e+06
1683764891 298.5 14.45 143396 439.1
1683764896 299.06 14.15 142298 439.77
1683764901 300 14.08 144171 445.78
1683764906 298.68 14.08 143275 438.27
1683764911 299.62 14.45 144500 393.25
1683764916 299.81 14.08 143482 438.95
1683764921 299.43 14.08 144263 438.27
1683764926 299.43 14.08 144266 439.77
1683764931 299.25 14.44 144571 438.95
1683764936 299.44 14.08 143995 439.1
1683764941 298.68 14.08 144608 438.27
1683764946 299.63 14.08 144048 440.6
1683764951 299.43 14.44 33961 438.27
1683764956 300 14.18 0 438.27
1683764961 300.19 14.24 38783.5 39014.2
1683764966 300.19 14.3 131880 132333
1683764971 299.26 14.73 132378 132837
1683764976 0.38 17.68 3.48119e+06 354134

Execution duration: 00:02:27.27
