1683765029 102.24 4.96 148.68 46501.5
1683765039 102.74 2.38 27.4 47086.5
1683765049 102.74 13.86 2.35 47496.8
1683765059 46.62 18.04 14278.9 112587
1683765069 102.93 19.25 15.26 51828.6
1683765079 110.77 14.33 0 81385.5
1683765089 82.72 15.49 3.52 65363.3
1683765099 47.46 18.04 14005.9 174174
1683765109 94.92 17.81 1.17 51593.7
1683765119 94.13 14.12 2.73 52508.2
1683765129 102.84 15.34 0 54418.8
1683765139 35.58 18.19 15175.4 147332
1683765149 111.34 17.97 0 84176.7
1683765159 82.42 15.76 2.73 71334.4
1683765169 112.11 14.12 1.95 84062.1
1683765179 94.34 14.31 0 168136
1683765189 57.52 19.49 15232.8 129898
1683765199 109.47 18.36 0 81593
1683765209 82.02 13.94 1.56 65132.4
1683765219 106.6 15.93 1.94 81477.4
1683765229 19.35 18.24 15526.9 152923
1683765239 89.48 18.41 3.12 71634.3
1683765249 101.06 14.06 0 194056
1683765259 92.78 14.18 1.56 54676.3
1683765269 102.85 15.38 0 51431.9
1683765279 51.9 18.04 15636.1 126746
1683765289 101.85 17.82 0.39 51414.3
1683765299 103.03 15.58 0.78 51800.4
1683765309 102.35 15.35 0.39 52368.8
1683765319 50.83 18.22 15469.4 150766
1683765329 92.96 17.98 0 75443.6
1683765339 111.15 14.36 0 81554.6
1683765349 86.05 15.56 1.55 69179.1
1683765359 21.32 18.32 13904.5 140256
1683765369 106.61 18.09 0 81840
1683765379 94.43 14.52 3.52 80873.4
1683765389 99.71 15.63 0 246797
1683765399 102.45 14.31 0.78 56109.6
1683765409 77.27 18.08 15243.7 130462
1683765419 98.54 19.65 0.39 49293.2
1683765429 95.71 17.96 1.17 52150.9
1683765439 101.86 14.29 0 57318.8
1683765449 58.95 19.49 14970.5 124454
1683765459 100.97 18.19 0 53536.4
1683765469 102.25 13.79 0.78 52419.1
1683765479 101.65 14.29 0 52244.1
1683765489 49.28 19.48 15275.5 125522
1683765499 109.11 18.37 0 79780.8
1683765509 96.67 13.96 0.78 73409.4
1683765519 92.87 14.48 1.17 71829.1
1683765529 109.79 14.27 0 82689.9
1683765539 67.38 19.82 15702.3 147694
1683765549 102.03 13.98 1.55 81675.2
1683765559 109.7 14.49 0 84978.3
1683765569 75.51 14.26 0.78 66408.5
1683765579 100.88 14.74 1.17 78973.4
1683765589 105.09 20.02 14968.8 167371
1683765599 70.81 15.95 0.78 67307
1683765609 108.79 14.26 0 82316.5
1683765619 102.62 14.27 0.39 388521
1683765629 33.33 18.02 15298.5 125201
1683765639 101.37 19.6 0 52533.6
1683765649 99.51 13.75 0.78 54773.1
1683765659 101.95 14.24 0 52457.1
1683765669 50.2 19.49 14341.7 119391
1683765679 101.96 18.17 0 58035.2
1683765689 94.15 15.21 1.17 49843
1683765699 101.86 14.27 0 50902.4
1683765709 66.74 18.07 14070.1 122004
1683765719 101.86 19.66 0 50601.6
1683765729 101.57 13.79 0.39 53531.2
1683765739 102.06 14.29 0 50358.9
1683765749 88.76 19.53 14069.3 129373
1683765759 96.88 18.21 1.17 50961.2
1683765769 101.46 13.82 0 52757.2
1683765779 3.42 19.19 1.17 30164.6
1683765789 99.03 18.11 14256.1 132423
1683765799 110.74 14.27 0.78 80623.4
1683765809 110.57 15.49 0 82545.1
1683765819 92.87 14.58 0.39 72028.9
1683765829 66.85 18.33 14409.7 148209
1683765839 110.66 18.52 0 80344.2
1683765849 101.17 15.55 1.17 89485.1
1683765859 72.54 14.56 0.39 62730.4
1683765869 23.13 18.41 14577.6 143515
1683765879 102.44 18.53 0.39 82546.1
1683765889 80.37 14.16 1.17 65885.9
1683765899 110.94 20.25 0 83661.3
1683765909 93.46 15.88 1.17 77052.3
1683765919 53.91 18.6 15070.3 153322
1683765929 104.99 18.38 0 78490.7
1683765939 56.56 16.13 0.39 51011.7
1683765949 109.88 14.46 0 83903.9
1683765959 106.73 15 0 88178.1
1683765969 35.18 18.03 15462 583154
1683765979 102.35 19.59 0 53953.8
1683765989 97.36 13.75 1.17 59488.6
1683765999 101.96 14.25 0 50136.2
1683766009 46.45 18.04 14080.3 119485
1683766019 101.57 19.61 0 50624.8
1683766029 103.13 13.88 0 53647
1683766039 96.78 15.79 1.17 48467.5
1683766049 75.57 19.54 13550.3 122299
1683766059 99.71 19.69 0.78 50817.2
1683766069 102.46 18.02 0 53285.8
1683766079 101.17 14.36 0.39 50064.5
1683766089 73.23 19.53 14861 129970
1683766099 95.11 19.67 321.33 54820
1683766109 101.76 13.85 0 51590.6
1683766119 97.85 15.83 0.78 50731.6
1683766129 56.6 19.63 15154.3 123252
1683766139 101.95 19.75 0 53456.2
1683766149 103.23 13.91 0.78 50914.3
1683766159 102.06 14.4 0 51451
1683766169 41.89 19.48 15413.7 124791
1683766179 102.55 18.17 0 51734.6
1683766189 96.9 15.21 0.78 49694.7
1683766199 102.25 14.25 0 53371.4
1683766209 31.97 18.03 15116.7 120425
1683766219 108.71 18.34 0 78752.2
1683766229 99.92 15.4 0.39 74711.7
1683766239 94.83 14.41 0.39 73761.7
1683766249 19.05 19.65 14578.1 144035
1683766259 76.85 18.3 0 60957
1683766269 97.86 15.33 0 76973.4
1683766279 110.54 14.38 0 84850.8
1683766289 82.8 14.1 1.56 72168
1683766299 25.21 19.68 15129.2 150149
1683766309 97.08 17.99 0 75389.9
1683766319 91.49 14.29 0 72558.7
1683766329 111.53 15.51 0 83993
1683766339 79.41 14.52 0 66151.2
1683766349 14.85 17.99 15066 126157
1683766359 11.29 17.99 317.12 32456.8

Execution duration: 00:22:18.18
