1683772237 102.06 4.96 447.85 45383.5
1683772247 102.45 2.08 0 46621.8
1683772257 102.64 14.21 30.17 46093.2
1683772267 40.91 18.04 14464.9 110289
1683772277 106.84 19.84 15.23 67138.3
1683772287 110.84 13.95 0 83257
1683772297 73.77 14.2 41.49 99592.6
1683772307 31.48 19.54 13956.2 113628
1683772317 100.89 19.66 1.17 55568.3
1683772327 91.19 13.74 2.74 51098.1
1683772337 106.85 14.39 0 68513.5
1683772347 96.68 15.68 3.12 73144.5
1683772357 97.28 18.34 15173 162590
1683772367 99.51 13.94 1.17 80671
1683772377 101.65 14.16 0 155202
1683772387 102.06 15.45 0.78 51982.8
1683772397 60.44 18.21 15276.8 146953
1683772407 108.44 18 0 82669.2
1683772417 75.25 14.36 0.78 60188.6
1683772427 109.38 15.64 1.95 83738.3
1683772437 108.44 14.62 0 88661.1
1683772447 87.19 18.1 15529.2 271956
1683772457 106.22 15.74 0 67508.3
1683772467 88.86 18.14 1.96 70725.7
1683772477 114.86 14.54 0 76393.4
1683772487 30.84 19.54 15726.8 187714
1683772497 96.29 18.14 0 50690.1
1683772507 102.14 13.74 0 54268.6
1683772517 106.23 15.92 1.17 66086.8
1683772527 19.11 18.17 15349.4 148570
1683772537 80.75 18.34 0.78 65958.2
1683772547 108.01 15.46 0.39 80641.2
1683772557 102.64 14.16 0 168976
1683772567 74.56 13.89 2.35 45127.2
1683772577 64.3 19.58 13903.7 124379
1683772587 96.11 17.83 2.34 55063.7
1683772597 102.16 14.14 0 50607.6
1683772607 100.5 15.42 0.39 53671.7
1683772617 47.66 18.05 15228.9 123072
1683772627 102.75 17.81 0 51557.3
1683772637 101.86 15.81 1.57 65487.3
1683772647 109.38 14.08 0 83664.5
1683772657 16.34 18.22 14984.3 134287
1683772667 110.1 18.02 0.39 83909.1
1683772677 104.89 15.91 0 79533.9
1683772687 90.22 14.14 1.96 73438.5
1683772697 110.19 14.64 0 84412
1683772707 52.45 19.95 15290.4 154882
1683772717 89.07 18.14 0.39 275198
1683772727 102.26 13.76 0 52641.7
1683772737 90.41 15.72 0.78 54981.6
1683772747 101.66 15.5 0 50368.8
1683772757 81.84 18.09 15610.9 133842
1683772767 102.36 15.2 0 52358.9
1683772777 102.74 14.18 0.78 54208.8
1683772787 102.94 18.11 0 50005.1
1683772797 79.57 18.08 14983.4 130507
1683772807 95.69 15.19 0.78 51182.7
1683772817 101.87 14.18 0 57652.4
1683772827 92.68 13.92 1.17 47354.9
1683772837 53.96 19.56 15297.4 125728
1683772847 102.26 17.82 0.39 51600.4
1683772857 101.86 18.3 0 50906.4
1683772867 96.01 15.41 0.78 49870.8
1683772877 68.11 19.75 14341.3 139247
1683772887 111.03 18.02 0.78 81018.8
1683772897 88.87 14.39 0 69433.4
1683772907 111.15 15.66 0 85123.3
1683772917 42.39 18.3 14042.2 140286
1683772927 89.33 18.1 1.56 72335.8
1683772937 111.53 14.42 0 86156
1683772947 90.71 15.74 0.39 78019.9
1683772957 84.63 14.68 0.78 65329.3
1683772967 83.2 18.5 14041.8 157933
1683772977 87.77 16 0.39 72363.2
1683772987 99.7 14.24 1.56 77565.6
1683772998 106.89 14.81 0 80235.9
1683773007 32.06 20.08 14257.7 140183
1683773017 112.8 18.92 0 81296.2
1683773027 92.4 14.1 0 439658
1683773037 84.64 15.71 1.57 46728.8
1683773048 2.24 17.38 0 31355
1683773057 97.07 18.1 14509.6 138481
1683773068 101.26 13.71 0 50396.9
1683773077 94.53 15.7 1.95 49629.7
1683773087 102.65 13.96 0 51898.9
1683773097 91.11 18.1 14593.4 128924
1683773107 97.56 19.37 0.39 50825
1683773117 101.67 14.2 0 58494.4
1683773127 101.67 13.95 0.39 50044.9
1683773137 85.44 18.09 15085 132581
1683773148 98.54 15.2 0.78 51575.4
1683773158 101.26 14.18 0 52283.2
1683773167 95.3 13.95 1.18 47353.6
1683773177 65.37 19.76 15565.6 145885
1683773187 96.97 18.01 0.78 73993.4
1683773197 106.66 14.43 0.39 80157.9
1683773207 111.07 15.67 0 84292
1683773218 16.85 18.27 14149.7 123643
1683773227 110.07 18.09 0 80663.8
1683773237 106.55 14.42 0 83696.1
1683773247 83.09 15.82 0.39 65442
1683773258 11.4 19.67 13510.7 137749
1683773267 84.56 18.57 13551.5 143114
1683773278 110.24 14.55 0 81459.9
1683773288 110.56 15.94 0 85353.5
1683773297 76.05 16.39 0 61634
1683773308 41.25 20.12 14788.7 151909
1683773317 90.52 18.71 0.39 74290.4
1683773327 99.9 15.84 0 77734.9
1683773338 99.5 15.79 576.17 492983
1683773347 94.24 15.59 1.96 52234.6
1683773358 77.37 19.74 15098.9 132729
1683773367 101.37 15.34 0.39 49365.9
1683773377 102.36 14.3 0 51755.5
1683773388 94.72 15.59 0.39 50016.1
1683773397 55.93 18.05 15428.4 127825
1683773407 101.47 17.82 1.17 51307.2
1683773418 98.25 15.69 0.39 50836.4
1683773428 101.46 18.07 0 53622.7
1683773437 46.23 19.58 15145.9 122249
1683773447 102.26 17.8 0 50381.2
1683773458 97.27 15.67 1.18 47811.9
1683773468 101.96 13.89 0 51074
1683773478 38.8 18.03 17160.5 121627
1683773488 101.35 19.34 0 51554.6
1683773498 103.13 19.82 0.78 52371.4
1683773508 101.96 13.89 0 49680.7
1683773518 27.23 19.55 15158.9 119718
1683773528 101.66 17.78 0 50417.6
1683773538 103.32 15.66 0 52028.2
1683773548 96.97 13.86 0.78 48386.7
1683773558 4.4 17.74 14910.4 104742
1683773568 5.98 19.29 486.19 337.71

Execution duration: 00:22:20.20
