1683766524 101.86 4.96 148.09 45932.2
1683766534 103.03 0.94 27.37 47313.4
1683766544 102.55 13.86 1.96 45910.1
1683766554 42.26 18.03 14278.3 110829
1683766564 102.64 19.25 15.25 51413.5
1683766574 106.25 14.3 0 65446.9
1683766584 97.66 14.06 2.73 72910.1
1683766594 60.76 19.75 13832.2 147084
1683766604 102.15 13.96 40.23 73778.1
1683766614 75.97 14.09 40.23 139859
1683766624 102.14 13.85 0 52710.1
1683766634 95.51 15.81 2.74 56488.8
1683766644 94.62 18.1 15173 135939
1683766654 102.65 14.07 0.78 52406.3
1683766664 102.16 13.85 0 51408.4
1683766674 95.11 14.32 1.17 50912.2
1683766684 85.97 19.55 15201.2 135818
1683766694 105.76 14.22 0.78 64051.2
1683766704 98.44 19.61 1.56 76264.9
1683766714 110.56 14.57 0 85254.7
1683766724 41.6 19.73 15439.9 148177
1683766734 112.1 14.28 1.56 84003.1
1683766744 101.07 14.07 0 79414
1683766754 86.73 14.53 1.95 70636.7
1683766764 111.82 15.81 0 82696.1
1683766774 55.08 18.06 15741.4 345617
1683766784 81.27 13.63 2.73 49882.9
1683766794 102.65 15.57 0 54276.2
1683766804 94.92 13.87 3.51 60741
1683766814 14.66 19.46 15454.3 119038
1683766824 102.54 17.76 0.39 54548.6
1683766834 102.35 14.1 0 51884.3
1683766844 97.67 15.32 1.17 51424.2
1683766854 42.42 18.03 13890.1 118163
1683766864 102.64 17.8 0.39 52973
1683766874 104.59 15.75 0 64394.1
1683766884 111.03 14.09 0 86162.5
1683766894 26.67 18.27 15259.4 141306
1683766904 111.91 19.48 0 83722.1
1683766914 84.76 14.33 0 65885.9
1683766924 94.14 14.15 0.39 73828.9
1683766934 110.94 14.64 0 85258.6
1683766944 44.46 19.82 14867.6 142997
1683766954 109.78 15.85 0 83602.7
1683766964 104.88 14.17 0 82703.8
1683766974 93 16.13 1.17 78475.8
1683766984 101.95 14.34 0 348008
1683766994 85.03 18.1 15290.4 142753
1683767004 102.26 15.15 0 51742.5
1683767014 93.88 14.18 1.55 51367
1683767024 101.36 18.1 0 52032.7
1683767034 62.21 18.07 15702.3 130147
1683767044 96.77 13.66 1.17 50563.4
1683767054 102.44 15.6 0 54709.8
1683767064 102.25 13.92 0.78 50154.4
1683767074 59.28 18.06 14968.8 127202
1683767084 95.8 15.11 1.17 50255.3
1683767094 102.25 18.31 0 52907.9
1683767104 100.49 13.91 1.56 49541.8
1683767114 51.71 19.66 15297.4 137305
1683767124 99.22 15.28 1.17 76950.6
1683767135 110.76 14.38 0 80108.5
1683767144 102.44 14.14 0.78 78121.1
1683767154 22.01 19.72 14342.9 138387
1683767164 110.73 18.09 0 81440.8
1683767174 102.74 14.41 1.17 87772.6
1683767184 63.4 14.18 1.17 56485.3
1683767194 108.48 16.14 0.39 83751.9
1683767204 81.53 18.48 14055.5 166876
1683767214 64.07 14.46 2.34 55603.9
1683767225 110.38 15.69 0 84482.9
1683767234 110.44 14.78 0.39 87004.1
1683767244 24.17 18.55 14015.6 133080
1683767254 111.45 20.15 0 85958.2
1683767264 81.25 14.06 1.17 442459
1683767274 101.76 14.19 0 52129.6
1683767284 10.46 17.99 14256.9 112187
1683767294 98.05 19.57 0 52718
1683767304 102.63 13.72 0 52998.8
1683767314 97.95 14.21 0.78 49636
1683767324 18.08 19.45 14494.2 116297
1683767334 102.35 18.13 0.39 50673.6
1683767344 102.44 17.91 0 53284.8
1683767354 93.25 14.21 1.56 55083.1
1683767364 22.19 19.47 14606.1 117189
1683767374 97.18 18.14 1.17 51621.1
1683767384 102.15 13.73 0 51621.5
1683767394 102.35 15.67 0.39 54837.1
1683767405 19.77 18.01 15026.3 117284
1683767414 104.01 18.31 1.56 61372.2
1683767425 106.21 15.38 0 82702.9
1683767434 110.84 14.5 0 82628.1
1683767444 67.48 14.21 1.95 55371.1
1683767455 60.47 19.77 15414.7 157121
1683767464 107.14 13.98 0.78 85129.2
1683767474 82.9 14.45 0.39 68768.7
1683767485 110.36 15.72 0 79985.2
1683767495 23.34 18.42 14121.4 142388
1683767505 111.51 18.24 0 80020.3
1683767515 111.81 16.03 0.78 83267.9
1683767525 64.1 14.44 1.17 55704.7
1683767535 111.32 16.39 0.39 85385.5
1683767545 105.3 20.16 13550.3 166484
1683767555 75.03 14.68 0.78 62990
1683767565 110.45 14.49 0 84927.3
1683767575 96.58 16.58 210.94 76670.3
1683767585 29.47 19.49 15043.5 563107
1683767594 101.28 19.64 0 53816.8
1683767605 101.56 13.81 0 51645.7
1683767615 103.13 14.33 0 53120.2
1683767625 26.64 19.6 15080.5 121987
1683767635 102.65 19.73 0 51776.9
1683767645 94.25 13.87 0.78 47374.1
1683767655 101.85 15.81 0 53576.6
1683767665 9.03 17.96 15308.8 117596
1683767675 102.35 19.59 0 51066.3
1683767685 99.9 13.72 0.78 51326.7
1683767695 99.03 15.66 0.78 52084.4
1683767705 2.73 17.38 0 30357.5
1683767715 100.31 19.58 17591 138303
1683767725 101.85 13.72 0 52278.6
1683767735 102.63 19.83 0 51772.8
1683767745 15.46 18.01 14592.4 113683
1683767755 95.16 18.12 1.55 48592.2
1683767765 102.06 15.18 0 53673.6
1683767775 100.59 14.22 0.78 53034
1683767785 5.2 17.92 15158.9 115855
1683767795 103.42 19.57 0 52559.9
1683767805 102.16 13.72 0 51066.3
1683767815 92.42 14.2 0.39 47604.7
1683767825 3.04 17.75 14762 110604
1683767835 10.58 19.36 634.05 12484.1

Execution duration: 00:22:02.02
