1683762051 103.33 6.37 442.7 46403.9
1683762061 102.24 0.59 0 46821.5
1683762071 103.23 14.21 29.38 47274.8
1683762081 47.19 19.44 14348.3 111890
1683762091 104.79 15.57 14.86 57214.5
1683762101 111.91 15.35 0 84037.5
1683762111 79.18 14.42 3.52 60285.4
1683762121 37.28 18.03 13964.9 170749
1683762131 100.49 15.4 1.56 55070.8
1683762141 95.02 13.74 3.13 52613.9
1683762151 103.1 14.38 0 59545.4
1683762161 22.27 18.16 15159.8 143268
1683762171 111.04 15.61 0 84500
1683762181 90.24 13.96 2.35 76962.7
1683762191 102.44 14.17 1.56 163618
1683762201 99.61 15.35 0 53745.6
1683762211 59.72 18.2 15217.6 133519
1683762221 109.34 17.99 0 82431.1
1683762231 83.59 14.29 1.56 66690.6
1683762241 107.14 15.53 1.17 80169.5
1683762251 17.69 18.23 15526.9 154188
1683762261 84.48 18.08 3.51 187551
1683762271 102.93 15.47 0 193182
1683762281 95.22 13.8 1.56 55224.2
1683762291 102.73 14.3 0 51778.5
1683762301 55.52 19.45 15758.8 127916
1683762311 101.96 14.02 0 51219.6
1683762321 102.93 13.78 0.39 53868.7
1683762331 103.72 15.82 0 55564.8
1683762341 52.61 18.22 15334.9 153825
1683762351 88.52 15.57 1.17 71823.7
1683762361 111.06 13.99 0 82082.3
1683762371 91.11 14.46 1.56 71835.1
1683762381 10.05 17.69 0.78 51669.1
1683762391 108.4 19.85 13890.1 164121
1683762401 80.18 14.04 1.95 243809
1683762411 97.55 14.15 1.95 53804.9
1683762421 101.76 15.33 0.39 59016.3
1683762431 62.43 18.06 15289.6 131222
1683762441 101.96 13.66 0 52130.6
1683762451 100.79 15.82 0 54152.1
1683762461 102.05 14.26 0 56871.9
1683762471 48.13 18.03 14985.1 123743
1683762481 101.96 13.65 0 53162.1
1683762491 101.96 15.54 0.78 52620
1683762501 102.25 15.31 0 50941.1
1683762511 43.15 18.17 15290 130046
1683762521 109.28 13.82 0 83050.4
1683762531 110.55 14.39 0.78 81754.8
1683762541 64.23 19.67 1.17 56754.6
1683762551 107.05 14.58 0.39 81628.5
1683762561 80.13 18.4 15580.2 172242
1683762571 80.89 14.33 2.33 67158.1
1683762581 110.86 15.57 0 83551.9
1683762591 92.77 14.61 0.78 75975.8
1683762601 20.6 18.4 14969.1 147146
1683762611 109.88 20 0 84053.9
1683762621 84.77 14.17 0 70345.7
1683762631 100.2 15.57 0 376186
1683762641 88.67 13.91 1.56 50680.5
1683762651 55.2 18.07 15312.3 130972
1683762661 102.84 13.65 0 52052.5
1683762671 97.47 14.13 0.39 51209.8
1683762681 102.55 15.32 0 54176.1
1683762691 74.71 19.75 14313.7 127942
1683762701 101.56 14.03 0 57191.4
1683762711 96.1 14.16 0.78 49224.2
1683762721 102.25 13.91 0 52560.7
1683762731 87.58 18.08 14056.7 128531
1683762741 102.46 15.11 0 52131.5
1683762751 102.06 15.59 0 53912.1
1683762761 18.21 18 14069.3 115068
1683762771 96.88 13.95 1.57 50861.1
1683762781 102.16 13.73 0 51182
1683762791 102.55 19.78 0.78 52343.2
1683762801 34.02 18.01 14256.1 116095
1683762811 103.82 14.15 0 57404.5
1683762821 110.55 13.93 0.39 81640.3
1683762831 111.24 15.89 0 83777.4
1683762841 70.99 14.21 14480.5 56973.4
1683762851 93.69 18.36 14395.7 154224
1683762861 111.83 18.18 0 85101.1
1683762871 76.28 15.88 1.17 69186
1683762881 100 15.63 0.78 78685.8
1683762891 49.81 18.45 14591.8 151939
1683762901 84.89 15.42 1.17 73682.3
1683762911 110.46 14.56 0 84051.6
1683762921 91 14.31 0 71429.1
1683762931 97.96 14.86 0.39 74664.6
1683762941 84.74 20.04 15085 162060
1683762951 70.31 14.54 0 59069.5
1683762961 110.08 14.38 0 84225.6
1683762971 111.53 14.87 0.39 88975
1683762981 80.3 18.97 0.39 64080.4
1683762991 83.1 19.49 15550.3 593212
1683763001 96.9 15.1 0.78 52306.2
1683763011 102.15 14.16 0 51532.8
1683763021 93.94 13.93 1.17 51949.1
1683763031 88.48 18.09 14162.7 126681
1683763041 101.75 13.71 0.39 52195.3
1683763051 96.3 15.68 0.39 50033.6
1683763061 22.22 19.42 13510.7 109338
1683763071 101.77 13.99 0.78 50806.6
1683763081 102.26 15.19 0 53056.5
1683763091 99.9 15.68 0 52456.1
1683763101 24.41 18.01 14846.5 119969
1683763111 99.9 15.57 337.76 53462.2
1683763121 102.15 14.14 335.94 57457
1683763131 102.45 15.68 0.78 52039.5
1683763141 15.96 19.53 15054.9 114571
1683763151 102.45 15.5 0.39 52778.5
1683763161 102.06 13.85 0 51247.7
1683763171 100.88 15.74 1.17 49983.6
1683763181 95.5 18.25 0 49255.1
1683763191 98.54 19.52 15368.2 137430
1683763201 101.84 13.71 0.78 50905.8
1683763211 101.57 15.61 0 51974.2
1683763221 101.06 15.37 0 52639.5
1683763231 98.05 18.27 15101.2 141382
1683763241 91.81 15.28 1.17 71611.7
1683763251 110.75 14.36 0 82298.3
1683763261 101.86 14.12 0.78 78214.8
1683763271 59.81 19.67 14493.6 142650
1683763281 109.92 13.85 0 84687.2
1683763291 79.58 14.3 0.77 65721.6
1683763301 106.25 15.47 0.39 81749.4
1683763311 18.41 18.19 14997.3 147846
1683763321 82.31 17.92 0 67399.4
1683763331 111.15 15.67 0 82644.8
1683763341 94.53 14 0.78 73418.7
1683763351 87.12 14.47 1.17 70531.1
1683763361 15.72 18.08 14971.3 132297
1683763371 13.31 17.96 376.15 32458.3

Execution duration: 00:22:10.10
