1683794549 102.36 6.74 441.57 46205.5
1683794559 102.55 0.93 16.85 46951.6
1683794569 103.43 14.22 19.18 47129.2
1683794579 45.55 18.05 14577.1 112231
1683794589 102.55 19.96 42.74 51561.6
1683794599 101.74 14.26 0 53234.9
1683794609 102.45 14.43 2.34 76807
1683794619 71.74 20.11 13953.9 150316
1683794629 85.34 18.43 1.17 72714.8
1683794639 89.83 14.11 41.84 149225
1683794649 102.54 16.02 0 54269.4
1683794659 16.46 18.01 15205.1 123585
1683794669 110.18 18.31 0 82211.4
1683794679 95.12 14.26 1.95 76663.9
1683794689 111.44 16.23 0 80070.4
1683794699 105.48 14.57 0 81447.5
1683794709 28.43 18.03 15293.7 247742
1683794719 102.94 19.95 1.96 56156.8
1683794729 108.32 14.31 0 91261.9
1683794739 92.07 14.41 2.74 72126.8
1683794749 100.98 14.34 0 117601
1683794759 85.19 19.88 15467.6 140249
1683794769 102.06 14.08 0 52634.1
1683794779 95.59 14.18 0.78 51987.9
1683794789 111.86 14.5 0 81940.8
1683794799 59.79 20.02 15772.2 156397
1683794809 100.59 18.42 1.17 76445.4
1683794819 101.27 14.14 0 163728
1683794829 99.23 16.03 1.16 53658.6
1683794839 21.04 18.02 15484.5 121190
1683794849 96.76 18.13 0.78 56233.5
1683794859 101.95 15.88 0 51090.2
1683794869 95.49 18.38 1.17 49856
1683794879 33.6 18.03 13917.3 114096
1683794889 103.73 19.95 1.57 53310.9
1683794899 101.96 14.13 0 51897.5
1683794909 110.87 14.43 0 84102.6
1683794919 25.41 19.99 15274.7 146844
1683794929 110.88 18.39 0 81086.6
1683794939 68.72 13.96 0.39 54450.8
1683794949 96.49 14.5 0.78 76108.5
1683794959 110.95 14.63 0 87526.5
1683794969 34.38 20.14 14954.3 145714
1683794979 98.24 18.18 1.57 78676.2
1683794989 103.03 14.1 0 292024
1683794999 79.53 13.83 2.34 56348.2
1683795009 102.06 16.1 0 52335.8
1683795019 73.03 18.09 15275.5 138303
1683795029 102.65 19.99 0 56996.1
1683795039 102.06 17.97 0 52508.8
1683795049 94.22 16.08 1.18 49183.5
1683795059 42.47 18.04 15732.3 127037
1683795069 96.97 18.16 0.78 49769.6
1683795079 102.84 15.92 0 52540.9
1683795089 102.05 14.26 0.78 51148.4
1683795099 40.78 18.04 14954.1 121138
1683795109 93.93 19.95 1.57 52795.7
1683795119 102.45 13.77 0 51604.3
1683795129 99.22 14.25 1.57 52962.2
1683795139 25.27 19.81 15327.3 120271
1683795149 109.5 18.32 0 83655.6
1683795159 92.96 13.93 1.57 73616.4
1683795169 110.35 14.49 0 83282.9
1683795179 81.13 15.99 0.39 67340
1683795189 97.85 18.44 14341.3 160822
1683795199 110.2 14.41 0 87057.1
1683795209 67.75 16.28 1.17 60326.1
1683795219 103.53 14.32 0.39 81890.3
1683795229 65.52 18.48 14042.2 160246
1683795239 74.49 20.04 0.78 66167.7
1683795249 110.29 14.58 0 82961
1683795259 110.11 18.95 0 89613.2
1683795269 28.28 20.36 14069.7 141805
1683795279 110.64 18.34 0 83316.5
1683795289 77.11 14.07 0.39 440668
1683795299 97.36 15.62 0 52717
1683795309 3.21 17.75 14214.4 115282
1683795319 85.01 18.11 14298.8 130537
1683795329 102.75 14.06 0 52627.6
1683795339 98.83 15.61 0.78 50803.9
1683795349 103.14 14.32 0 54248
1683795359 94.91 18.12 14523 133290
1683795369 102.65 15.89 0 51463.8
1683795379 95.1 13.84 1.57 51237.6
1683795389 101.95 14.32 -1 34414.7
1683795399 98.54 19.91 14620.7 132096
1683795409 95.6 14.07 0 50098.3
1683795419 102.34 15.62 0 54469.2
1683795429 101.76 14.34 0.78 51827.2
1683795439 90.78 18.12 14968 133347
1683795449 100.4 14.25 0.78 78020.2
1683795459 111.55 15.8 0 83342.5
1683795469 89.93 14.56 0 67557.7
1683795479 21.83 18.28 15582.4 139828
1683795489 110.86 20.25 0 84648.9
1683795499 93.55 14.06 0.78 80398.1
1683795509 93.74 18.76 0 74107.2
1683795519 107.11 16.13 0 83233.5
1683795529 86.61 18.53 14191.2 165628
1683795539 110.76 14.17 0 80702.2
1683795549 99.42 16.52 0.39 77263.7
1683795559 84.58 16.35 0 71464.4
1683795569 78.23 20.43 13537.1 152666
1683795579 92.62 18.48 0 81200
1683795589 81.9 14.79 1.17 68218.8
1683795599 110.09 16.4 0 81240.7
1683795609 84.57 16.2 138.41 500844
1683795619 86.29 19.9 14890.1 127279
1683795629 102.05 14.11 0 53890.1
1683795639 100.79 15.71 0.78 53423.7
1683795649 102.06 16.24 0 51538.9
1683795659 72.97 20 15159.6 129673
1683795669 101.96 14.17 0 51688.9
1683795679 96.97 15.73 1.57 49507.9
1683795689 102.26 16.21 0 52416.1
1683795699 56.07 18.06 15413.7 129243
1683795709 102.26 19.99 0 51842.7
1683795719 99.22 13.8 1.17 49347.4
1683795729 96.78 16.08 0.39 52199
1683795739 46.97 18.05 15160.4 126099
1683795749 95.5 18.18 1983.16 53894.2
1683795759 101.46 13.77 0 52685.1
1683795769 103.13 16.05 0.78 50741.7
1683795779 49.75 18.05 14592.4 120848
1683795789 94.13 18.18 1.57 50172.6
1683795799 102.25 13.78 0 51343.4
1683795809 97.09 16.05 0.39 50225.5
1683795819 32.5 18.04 15144 119980
1683795829 102.94 19.95 0.39 52729.5
1683795839 102.05 13.77 0 51185.5
1683795849 102.75 14.27 0 52062.7
1683795859 5.19 17.75 15015.6 98768.7
1683795869 12.46 19.71 390.19 31891.4

Execution duration: 00:22:09.09
