1683736971 102.35 4.96 423.9 46391.4
1683736981 102.75 1.45 0 47117
1683736991 102.93 14.2 29.72 46920.4
1683737001 46.88 18.02 14449.3 111710
1683737011 102.44 19.02 32.45 51627
1683737021 102.44 13.76 0 52944.7
1683737031 103.82 14.4 2.35 73996.9
1683737041 78.92 18.25 13940.2 153442
1683737051 84.07 14.24 1.56 69704.8
1683737061 94.34 14.95 46.09 154541
1683737071 103.32 14.23 0 57471
1683737081 21.82 17.98 15191 121499
1683737091 108.6 15 0 81389.8
1683737101 91.8 13.88 2.34 73623
1683737111 111.33 14.43 0 80701.6
1683737121 102.93 14.19 0 80380.1
1683737131 45.65 19.25 15115.5 139288
1683737141 102.15 13.97 0 187575
1683737151 91.67 14.08 0.78 56558.7
1683737161 98.04 14.71 1.96 51016.8
1683737171 10.47 18.82 15526.9 120460
1683737181 103.82 17.74 0.78 53302.2
1683737191 102.44 14.07 0 52538.3
1683737201 98.83 14.7 1.17 51778.1
1683737211 110.29 14.5 0 79360.6
1683737221 67.33 18.23 15726.8 152213
1683737231 112.02 14.26 0 84714
1683737241 109.18 14.89 0.39 86575.8
1683737251 75.07 14.48 0.78 65584.8
1683737261 106.35 18.46 0.78 80252.2
1683737271 101.27 19.41 15334.9 169088
1683737281 98.34 14.03 1.95 244414
1683737291 102.85 19.21 0 53223.5
1683737301 7.34 17.91 13890.9 108960
1683737311 103.72 18.1 0 52764.8
1683737321 99.02 13.71 1.18 52561
1683737331 102.35 19.2 0 58018.4
1683737341 102.43 13.96 0.78 52534.2
1683737351 97.65 18.09 15288.5 136160
1683737361 98.24 14.55 1.56 48972.8
1683737371 99.41 14.18 1.17 51365.6
1683737381 101.55 13.94 0 52578.9
1683737391 91.68 18.25 14999.4 152782
1683737401 108.73 13.87 0 84919.5
1683737411 79.84 15.24 0.78 63358.3
1683737421 110.07 15 0 82972.7
1683737431 49.31 18.35 15260.2 160971
1683737441 91.52 14.78 0.78 73758.4
1683737451 110.16 14.43 0 80989.1
1683737461 89.17 14.23 1.17 71015.8
1683737471 109.67 15.56 1.17 84870.3
1683737481 79.07 18.52 15655.7 163364
1683737491 64.43 14.45 1.56 57589.1
1683737501 103.91 14.28 1.17 82008.2
1683737511 102.93 14.21 0 387382
1683737521 76.27 14.8 1.17 46982
1683737531 87.58 18.93 14998 131781
1683737541 102.74 13.68 0.39 58437.5
1683737551 101.55 14.18 0 51241.5
1683737561 94.14 14.79 1.17 50769.9
1683737571 74.66 18.06 15312.3 131919
1683737581 102.25 17.83 0.78 50691.9
1683737591 100.5 15.01 0.78 53250.3
1683737601 101.77 13.92 0 54144
1683737611 94.53 18.09 14327.7 128771
1683737621 102.24 14.55 0 52527.1
1683737631 97.19 14.35 0.78 71270.6
1683737641 14.63 18.11 13919.5 139245
1683737651 94.34 19.2 0.39 71025.6
1683737661 91.22 13.93 0.78 74110.4
1683737671 110.75 14.49 0 84082.1
1683737681 82.51 14.21 0 71725.5
1683737691 49.75 19.21 14028.9 141159
1683737701 111.83 14.04 0 85183.2
1683737711 78.62 14.48 1.17 69888.3
1683737721 106.06 15.15 0.39 80738.3
1683737731 27.72 18.46 14242.2 149445
1683737741 76.64 14.02 0.39 67756.4
1683737751 109.79 15.45 0 81327.1
1683737761 92.58 14.14 0.39 411781
1683737771 85.91 14.25 0 49075.5
1683737781 68.02 18.06 14508.4 128136
1683737791 102.54 14.02 0.78 52628.3
1683737801 102.44 14.65 0 52760.1
1683737811 93.15 14.26 0.39 49463
1683737821 69.21 18.05 14606.1 125909
1683737831 97.36 14.88 1.17 50412.9
1683737841 102.25 13.78 0 51775.6
1683737851 103.32 14.27 1.17 53461.1
1683737861 64.97 18.9 15099.8 125925
1683737871 99.51 14.02 0 55139
1683737881 100.39 13.77 0.78 54652.1
1683737891 103.24 15.13 0 53375.9
1683737901 43.31 18.87 15551.9 123892
1683737911 102.14 13.98 0 52814.8
1683737921 103.53 13.76 0.39 51758.7
1683737931 102.26 15.1 0 52628.7
1683737941 64.09 18.04 14204.3 121032
1683737951 102.16 14.02 0 52027.4
1683737961 96.97 14.73 0.78 50385.9
1683737971 101.64 19.38 0 51033.9
1683737981 96.68 18.99 13564.4 125866
1683737991 109.46 14.29 0 77830
1683738001 112.11 14.95 0 83668.8
1683738011 89.28 15.49 0 69487.6
1683738021 80.06 18.36 14861 160832
1683738031 75.89 14.28 1.17 60289.1
1683738041 92.2 14.92 0 73491.1
1683738051 110.56 15.43 0 82482.9
1683738061 71.71 14.32 1.17 60341.1
1683738071 65.12 19.34 15158.1 155464
1683738081 111.19 14.06 0 84360.3
1683738091 78.91 15.43 3.91 68557.8
1683738101 110.25 14.26 0 83473.8
1683738111 90.91 15.63 0 72961.1
1683738121 82.79 19.26 15398.2 158023
1683738131 110.4 14.33 0 82989.9
1683738141 72.07 14.05 1.17 57623.4
1683738151 95.6 15.42 0 74863.3
1683738161 22.36 19.19 15101.2 147859
1683738171 63.71 18.37 0.39 58610.7
1683738181 111.25 14.86 0 81074.5
1683738191 111.83 14.5 0.39 82412.4
1683738201 60.64 14.28 501.95 58639.8
1683738211 17.48 18.92 17439.8 705970
1683738221 103.64 19.05 32.91 60655.8
1683738231 100.68 14.1 0.39 52402.7
1683738241 102.05 14.75 0 52971.1
1683738251 3.82 17.72 0.78 30361.2
1683738261 99.9 18.09 15176.1 138741
1683738271 101.96 14.96 0.78 51209.4
1683738281 102.26 13.84 0 51549.9
1683738291 3.32 17.72 14745.8 108329
1683738301 7.64 18.66 613.49 369.1

Execution duration: 00:22:22.22
