1683781270 102.06 4.97 148.48 46276.2
1683781280 102.54 2.55 16.41 46740.6
1683781290 103.03 13.85 1.17 46406.6
1683781300 42.55 18.03 14375.7 111628
1683781310 102.64 17.81 14.86 51374.4
1683781320 106.57 15.92 0 68210
1683781330 92.18 14.06 3.13 70763.6
1683781340 56.7 18.31 13953.9 147471
1683781350 93.26 19.77 38.71 140152
1683781360 71.53 14.08 3.13 44174.9
1683781370 101.95 13.84 0 52466.7
1683781380 93.07 15.95 3.13 55889.7
1683781390 86.3 18.09 15187.9 133157
1683781400 101.47 18.25 1.17 53780.2
1683781410 101.75 13.82 0 50557.8
1683781420 102.93 15.93 0.78 52526.8
1683781430 79.63 18.09 15127.8 133039
1683781440 105.47 18.38 0 66921.9
1683781450 92.67 15.6 2.35 72079.1
1683781460 110.26 14.55 0 83604.3
1683781470 32.1 18.27 15542.9 146595
1683781480 92.88 20 0 73403.1
1683781490 106.94 14.05 0 78870.8
1683781500 102.25 18.67 1.17 86394.5
1683781510 110.46 14.37 0 81161.3
1683781520 59.33 19.68 15726.4 346500
1683781530 85.53 17.81 3.88 47544.1
1683781540 102.64 14.12 0 53229
1683781550 96.98 15.5 1.56 54364.9
1683781560 24.16 19.8 15484.5 134364
1683781570 98.44 17.94 0.78 77787.7
1683781580 110.36 15.95 0 81184.8
1683781590 108.31 14.1 0.39 81014.5
1683781600 74.49 14.56 0.39 63249.1
1683781610 98.05 18.42 13890.1 157984
1683781620 96.19 18.53 1.56 81680.6
1683781630 93.06 14.16 1.95 251173
1683781640 102.05 15.9 0 53648.5
1683781650 52.33 18.04 15170.9 125231
1683781660 102.55 18.17 0 51810.4
1683781670 100.69 15.41 0.39 51052.7
1683781680 101.87 14.26 0 56372.6
1683781690 43.26 19.66 14985.5 124602
1683781700 101.86 18.16 0 52504.9
1683781710 102.05 15.38 0.78 52738.3
1683781720 102.26 14.26 0 49968.3
1683781730 33.37 18.02 15201.2 123026
1683781740 105.15 19.94 0 65214.8
1683781750 109.77 18.11 0 84009.4
1683781760 75 14.45 2.34 60975
1683781770 111.34 14.23 0 84189.2
1683781780 64.33 19.94 15717.7 157183
1683781790 80.65 18.11 1.96 67731.8
1683781800 110.87 14.45 0 85675.1
1683781810 99.22 14.26 0.78 83201.6
1683781820 88.67 20.5 0.39 72966
1683781830 87.98 18.56 14983.4 161427
1683781840 95.64 20.3 0.39 82275.8
1683781850 98.15 14.25 1.17 79200.8
1683781860 100.39 14.25 0 387862
1683781870 21.65 18.01 15194.2 458790
1683781880 101.77 18.14 0 51363.4
1683781890 94.13 15.34 1.18 51348.1
1683781900 101.95 14.21 0 51095.9
1683781910 28.49 19.64 14341.7 116084
1683781920 101.77 18.14 0 55557.3
1683781930 101.46 15.38 0 52422.5
1683781940 92.85 14.22 1.17 50191
1683781950 39.24 18.03 14069.3 117964
1683781960 95.54 19.78 1.94 50351.1
1683781970 101.48 15.37 0 53245.8
1683781980 100.69 14.25 0.39 49883.3
1683781990 54.9 18.05 13973.6 119421
1683782000 100.98 18.18 1.17 54599.6
1683782010 101.86 13.78 0 50630.1
1683782020 100.39 15.89 1.17 52430
1683782030 71.17 18.08 14256.1 127031
1683782040 105.39 18.37 0 66325.6
1683782050 96.9 15.6 1.17 74805.4
1683782060 109.98 14.54 0 82113
1683782070 52.93 18.3 14480.9 145804
1683782080 107.52 18.43 0 82468.8
1683782090 111.34 14.1 0 85970.3
1683782100 67.19 16.15 1.56 62146.1
1683782110 104.99 14.37 0.39 80420.4
1683782120 100.19 18.5 14606.1 168273
1683782130 67.87 19.85 0.78 59221
1683782140 110.57 18.79 0 82962
1683782150 106.95 14.37 0 84429.7
1683782160 21.73 18.55 14968.4 140133
1683782170 110.36 19.95 0 82793.4
1683782180 85.25 14.67 0 67710.2
1683782190 97.68 14.44 0.39 76875.6
1683782200 111.06 16.61 0 83148.3
1683782210 12.89 18 15535.5 579073
1683782220 94.13 18.12 0.39 53531.1
1683782230 102.25 15.34 0 55607.8
1683782240 94.96 14.2 1.94 50625
1683782250 16.42 19.62 14190.4 112654
1683782260 102.25 18.14 0.39 50365.5
1683782270 101.65 13.73 0 51916.4
1683782280 93.16 15.92 1.17 46432.1
1683782290 42.76 19.67 13563.6 114014
1683782300 98.05 19.8 1.56 50927.1
1683782310 101.57 13.8 0 49615.3
1683782320 103.04 15.96 0.39 54665.6
1683782330 40.67 18.05 14861 120286
1683782340 102.25 19.81 357.16 56176.1
1683782350 93.64 15.41 0.78 50927.2
1683782360 102.25 14.3 0 52502.6
1683782370 16.8 19.74 15062.8 115474
1683782380 101.87 19.86 0 52823.5
1683782390 102.66 19.64 0 52110.9
1683782400 102.36 14.34 0 51254.9
1683782410 2.54 17.74 15398.2 116698
1683782420 102.16 19.74 15413.3 138339
1683782430 102.75 13.71 0.78 49671.3
1683782440 96.68 14.19 0.78 52680.5
1683782450 101.38 15.59 0 50728.6
1683782460 90.99 18.27 15131.1 146748
1683782470 109.4 18.06 0 83928.6
1683782480 86.9 15.99 0.78 69686.9
1683782490 110.47 14.13 0 81733.1
1683782500 70.1 19.9 14592.8 155995
1683782510 52.84 19.59 0.78 48458.7
1683782520 107.53 14.29 0 82165.8
1683782530 112.52 14.07 0.39 89569.5
1683782540 64.81 14.5 0.78 54572
1683782550 51.18 19.89 15144 155420
1683782560 107.62 18.39 0 86901.3
1683782570 105.18 14 0 80394.9
1683782580 111.04 14.49 0 84061.8
1683782590 59.4 15.81 0.78 46709.2
1683782600 15.67 19.62 15258.4 117996
1683782610 9.33 18 172.21 32902.2

Execution duration: 00:22:26.26
