1683766390 160.57 16.23 269812 30611.8
1683766395 115.69 18.94 221312 29997.7
1683766400 70.83 14.42 220557 30604.6
1683766405 40.58 14.44 221916 30631.6
1683766410 38.23 14.45 221008 30401.5
1683766415 40.27 14.81 222666 30523.7
1683766420 40.05 14.54 220902 28021.2
1683766425 39.11 14.54 222364 30917.6
1683766430 38.84 14.54 221624 30845
1683766435 38.65 14.9 222120 30913.5
1683766440 38.27 14.6 221256 28000
1683766445 31.82 18.68 580690 1.27581e+06
1683766450 32.52 14.09 219863 418.25
1683766455 32.83 14.45 221509 425.95
1683766460 32.01 14.1 221368 425.14
1683766465 33.08 14.09 222105 419.12
1683766470 97.9 14.4 221878 151362
1683766475 0 17.67 3.52201e+06 351711
1683766480 0.19 17.67 3.50864e+06 350373

Execution duration: 00:01:34.34
