1683754718 102.16 4.96 466.61 46759.6
1683754728 103.23 0.58 0 46991
1683754738 103.04 15.48 18.01 46637.6
1683754748 46.09 18.03 14546.8 112153
1683754758 103.52 18.3 15.26 54195.7
1683754768 111.83 15.21 0 84396.5
1683754778 81.04 15.68 3.52 63955.4
1683754788 44.33 18.04 14005.9 173389
1683754798 93.24 18.14 1.96 52430.9
1683754808 98.14 15.02 2.75 54036.1
1683754818 103.62 14.37 0 56287.1
1683754828 31.67 18.18 15174.2 146548
1683754838 110.47 18.37 0 83955
1683754848 86.01 15.22 3.52 74997.3
1683754858 102.16 14.19 0 165273
1683754868 96.08 18.1 0 54206.7
1683754878 52.44 18.17 15262.6 128545
1683754888 110 19.26 0 83313.3
1683754898 88.85 14.29 1.17 71253.2
1683754908 98.93 14.1 1.17 76666.7
1683754918 110.96 14.59 0 82132.3
1683754928 78.78 19.73 15546.4 160445
1683754938 102.14 19.45 0 193685
1683754948 102.45 13.8 0.39 61678.3
1683754958 103.24 15.56 0 51557.7
1683754968 50.35 18.03 15788.4 131206
1683754978 99.42 18.16 0.78 53094
1683754988 101.94 13.76 0 51902.3
1683754998 101.48 15.67 1.18 54162.2
1683755008 43.79 18.19 15364.3 154070
1683755018 80.33 18.32 0.39 66321.3
1683755028 111.93 15.25 0.39 83120.2
1683755038 111.73 14.46 0 88155.6
1683755048 66.28 14.17 2.35 59076.8
1683755058 90.34 19.68 13890.1 154798
1683755068 113.31 14.15 0.39 88633.3
1683755078 73.41 14.12 2.35 237344
1683755088 102.45 15.17 0 54689.6
1683755098 39.73 18.02 15289.6 126083
1683755108 101.85 17.78 0 50346.9
1683755118 105.29 15.64 0.39 54645.2
1683755128 101.76 14.24 0 55441.4
1683755138 41.49 18.02 14983.9 122570
1683755148 93.86 19.06 1.56 52655.2
1683755158 102.16 14.1 0 52465.1
1683755168 101.67 13.88 0.78 50998.6
1683755178 26.97 19.42 15275.1 122191
1683755188 109.87 17.96 0.39 82865.7
1683755198 109.23 14.29 0 82898.8
1683755208 87.97 14.11 1.55 67036.9
1683755218 82.13 15.82 1.17 69111.6
1683755228 57.68 18.36 15716.9 159393
1683755238 92.87 18.48 1.95 81500.7
1683755248 101.07 14.15 0.39 78014.1
1683755258 110.75 20.06 0 82651.4
1683755268 84.26 14.36 1.95 71422.9
1683755278 92.87 19.83 14983.4 159539
1683755288 96.08 14.15 0.39 74339
1683755298 95.5 14.81 0.39 73993.4
1683755308 102.05 15.53 0 378876
1683755318 23.83 18.01 15284.4 126100
1683755328 102.25 17.76 0 52760.8
1683755338 95.92 15.35 1.17 51116.9
1683755348 101.57 13.86 0 50597.9
1683755358 39.72 18.27 14341.7 119344
1683755368 101.86 19.41 0 57105.1
1683755378 102.26 14.11 0 52773.4
1683755388 93.63 13.87 1.18 48180.2
1683755398 52.99 19.32 14083.1 120223
1683755408 98.04 17.8 0.78 50575.7
1683755418 102.46 14.14 0 54383.6
1683755428 101.56 15.18 0.39 50238.6
1683755438 75.67 18.07 14055.5 125949
1683755448 94.9 17.82 0.78 50576.3
1683755458 102.06 15.42 0 51019.8
1683755468 99.61 13.92 1.57 53139.3
1683755478 82.67 18.23 14284 126693
1683755488 110.76 13.87 0.78 82542.8
1683755498 98.44 15.62 0.78 77035.4
1683755508 111.05 18.35 0 82162.3
1683755518 53.47 18.3 14495.4 141073
1683755528 110.39 19.4 0.39 83329.4
1683755538 112.72 14.46 0.39 88706.1
1683755548 61.04 14.18 1.56 56307.8
1683755558 11.55 19.42 14620.4 144185
1683755568 109.09 18.52 14606.1 172689
1683755578 59.73 18.64 1.17 51451.8
1683755588 108.91 14.27 0.39 86525.8
1683755598 111.94 16.08 0 88089.6
1683755608 26.48 18.55 15027.5 141591
1683755618 110.08 18.7 0 82043.8
1683755628 85.73 14.32 0 68975.6
1683755638 100.2 16.06 0.39 79398.8
1683755648 114.17 14.84 0 80837.5
1683755658 25 18 15535.9 575240
1683755668 98.14 19.04 0 53890.8
1683755678 103.63 14.09 0.39 58261.3
1683755688 93.26 13.86 0.78 49412.3
1683755698 32.98 19.28 14204.3 118112
1683755708 102.15 17.78 0.39 51991
1683755718 102.34 14.12 0 53895.6
1683755728 90.8 15.23 0.78 47487.6
1683755738 63.54 18.07 13550.3 119528
1683755748 97.66 19.12 0 51138.1
1683755758 102.16 14.19 0 53313.7
1683755768 101.56 15.24 0.39 51551.1
1683755778 66.5 18.24 15067.2 125431
1683755788 99.61 19.48 309.29 54877
1683755798 96.78 15.47 0 53079.3
1683755808 102.35 15.29 0 52929.8
1683755818 49.77 19.45 15158.9 122773
1683755828 102.15 19.21 0 53263.4
1683755838 102.85 15.54 0.39 50957.9
1683755848 102.15 14.02 0 52100.2
1683755858 42.51 18.03 15428.8 124232
1683755868 102.26 19.08 0 52336.9
1683755878 94.23 14.12 0.78 51155.4
1683755888 102.06 15.17 0 53904.5
1683755898 37.25 18.17 15116.3 122252
1683755908 109.51 17.99 0 80744.9
1683755918 104.46 15.6 0 77241.5
1683755928 85.51 14.05 0.39 67491.5
1683755938 23.34 18.22 14521.4 144219
1683755948 79.55 19.23 0.39 64583.2
1683755958 82.31 14.23 0 67460.8
1683755968 111.11 15.29 0 84003.1
1683755978 83.08 14.46 0 71715.3
1683755988 94.9 14.2 0.78 74759.3
1683755998 105.47 19.63 15129.2 167480
1683756008 98.43 13.92 0 84093.2
1683756018 111.26 18.57 0 82258.3
1683756028 93.83 15.46 0 74178.5
1683756038 12.61 17.98 14978.7 121674
1683756048 12.92 17.98 401.18 32470.8

Execution duration: 00:22:19.19
