1683791586 102.26 4.96 311.28 46272.8
1683791596 102.35 0.94 141.29 46501.8
1683791606 103.04 13.85 1.96 46746.7
1683791616 44.24 19.79 14590.6 111430
1683791626 102.74 17.81 14.87 50576.9
1683791636 101.45 14.13 16.31 52118.1
1683791646 100.88 15.65 1.57 50657
1683791656 77.58 18.25 13981.2 147733
1683791666 88.17 17.99 2.74 68556.8
1683791676 108.22 16.15 1.96 82677.6
1683791686 108.35 18.31 0 85234.2
1683791696 27.25 18.01 15096 232814
1683791706 101.57 19.55 0 54296.6
1683791716 109.02 16.05 0.39 78081.1
1683791726 108.11 14.06 0 82691.7
1683791736 91.18 18.75 1.94 69939.5
1683791746 102.65 18.36 15245.4 167729
1683791756 107.33 16.15 1.56 79796.7
1683791766 78.09 14.16 1.96 197811
1683791776 101.37 14.28 0 55633.3
1683791786 48.89 19.8 15467.2 132881
1683791796 102.45 18.18 0 51216.4
1683791806 97.65 13.77 1.96 52845.4
1683791816 102.16 16.01 0 50788.2
1683791826 21.63 18.01 15773.4 120346
1683791836 109.02 18.32 0 80033.7
1683791846 110.86 13.92 0 82321.7
1683791856 82.06 16.2 2.33 66159.9
1683791866 111.36 18.37 0 82670.9
1683791876 64.89 18.39 15350.5 158647
1683791886 111.04 13.98 0.39 86041.8
1683791896 111.45 16.24 0.78 83883.5
1683791906 65.25 14.22 0.78 247625
1683791916 41.1 18.04 13903.7 118465
1683791926 99.12 17.79 1.57 59839
1683791936 102.64 15.89 0.78 51525.3
1683791946 101.08 13.89 0.39 54537.9
1683791956 29.55 18.02 15288.8 125225
1683791966 102.35 19.55 0 51552.2
1683791976 92.47 14.1 1.56 47569.1
1683791986 102.55 18.03 0 52733.4
1683791996 17.48 19.76 14868 113993
1683792006 101.58 17.77 0 52454.5
1683792016 109 14.27 0.39 80794.1
1683792026 111.73 15.82 0 82665.1
1683792036 105.08 14.59 0 77257.1
1683792046 66.55 18.34 15158.1 147275
1683792056 110.56 18.51 0 81044.2
1683792066 96.67 15.86 1.17 82172.4
1683792076 98.82 14.6 1.17 79733.6
1683792086 20.13 18.4 15716.9 151046
1683792096 70.54 20.24 1.95 61875.5
1683792106 111.06 14.14 0 82865
1683792116 103.33 14.17 0.78 334784
1683792126 84.07 15.66 0.39 47560.5
1683792136 47.41 18.05 15012.7 124742
1683792146 93.34 17.79 1.57 55213.3
1683792156 102.35 14.13 0 51844.2
1683792166 94.43 13.88 1.17 50091.9
1683792176 22.7 18.01 15312.3 118407
1683792186 102.64 19.55 0.78 52200.2
1683792196 102.74 14.1 0 56367.5
1683792206 101.75 13.88 0 52371.9
1683792216 36.51 19.78 14342.5 116977
1683792226 101.86 17.79 0 52220
1683792236 98.93 14.12 1.17 49361.4
1683792246 102.76 15.65 0 53060.4
1683792256 60.66 18.25 14070.5 143340
1683792266 112.31 13.85 0 82256.9
1683792276 92.22 16.14 0 72325.3
1683792286 88.06 14.13 0.78 71395.7
1683792296 41.9 18.36 14041.8 146298
1683792306 86.99 19.85 1.56 77490.4
1683792316 81.7 14.4 1.17 69649.3
1683792326 109.61 16 0 81387.4
1683792336 102.43 14.7 1.16 91879
1683792346 52.67 18.52 14146.3 135794
1683792356 108.49 14.49 0 83721.1
1683792366 100.98 16.01 0.78 86358.5
1683792376 87.16 18.93 0.39 74162.4
1683792386 20.35 18.56 14494.2 146402
1683792396 98.83 19.87 0 438852
1683792406 101.26 13.73 0 51449.3
1683792416 92.95 14.2 0.78 51830.4
1683792426 11.74 17.99 14606.1 112613
1683792436 102.94 19.88 0.78 53437.6
1683792446 95.32 13.73 0.78 50448.4
1683792456 101.95 15.97 0 54764.1
1683792466 6.85 17.93 15100.2 113101
1683792476 103.93 19.88 0 52324.7
1683792486 97.06 13.71 0.78 51793.7
1683792496 101.86 14.2 0 53514.7
1683792506 100 13.98 1.57 51235.2
1683792516 85.73 19.85 15565.6 135290
1683792526 102.75 13.71 1.18 52291.9
1683792536 102.05 14.19 0 51229.7
1683792546 3.53 19.5 14219.4 111937
1683792556 106.56 18.31 14218.2 156581
1683792566 109.85 13.93 0 80885.9
1683792576 76.71 16.29 1.56 63752.2
1683792586 11.03 19.78 13523.9 136898
1683792596 94.23 20.22 13563.6 152088
1683792606 80.33 14.05 0.78 66698.9
1683792616 110.85 16.3 0 84821.9
1683792626 94.38 18.46 0 80877.5
1683792636 10.36 19.85 14862.6 133688
1683792646 107.64 18.5 14890.1 165555
1683792656 87.3 14.43 0.39 72305
1683792666 107.71 14.23 0 82350.4
1683792676 109.48 16.55 0 81919.1
1683792686 26.69 20.26 15128.8 132483
1683792696 111.64 20.41 0 82367.2
1683792706 99.32 14.22 0.39 76377.4
1683792716 68.52 14.65 0.78 55813.5
1683792726 110.75 16.2 0 84976.7
1683792736 45.36 18.42 15399 157928
1683792746 73.97 18.12 1557.34 556628
1683792756 102.26 15.86 0 53212.1
1683792766 100.78 13.86 0 59156.2
1683792776 4.9 19.68 15160.4 117096
1683792786 97.75 19.88 0.78 50266
1683792796 102.06 14.11 0 53127.2
1683792806 101.46 13.85 0.78 51641.5
1683792816 11.74 19.76 14606.6 113194
1683792826 102.65 17.76 0 52333.5
1683792836 93.65 14.09 0 49708.8
1683792846 102.36 15.61 0 52286.8
1683792856 95.64 16.1 0.78 48207
1683792866 92.27 18.11 15144 132987
1683792876 103.14 14.07 0.78 52379.2
1683792886 102.35 15.61 0 51802.9
1683792896 2.74 17.74 14740.1 110555
1683792906 8.25 17.75 849.02 782.75

Execution duration: 00:22:13.13
