1683774984 74.37 19.64 240008 152441
1683774989 46.27 16.64 112583 132239
1683774994 46.85 19.7 105473 128822
1683774999 37.91 18.72 82066.3 131281
1683775004 44.22 19.94 108455 129420
1683775009 35.88 20.78 81345 130869
1683775014 39.31 26.22 89326 129185
1683775019 40.87 24.24 92350.6 130823
1683775024 30.67 24.53 71387.4 137329
1683775029 39.47 24.95 110521 122954
1683775034 34.98 23.83 102668 131282
1683775039 30.29 25.15 81382.1 129803
1683775044 35.55 23.62 94371.9 128207
1683775049 34.92 23.71 100190 130280
1683775054 30.93 24.12 74031.9 128232
1683775059 33.21 25.4 81246.8 126711
1683775064 40 23.85 112931 131934
1683775069 32.96 25.5 84551.6 133013
1683775074 29.63 24.32 92950.2 126175
1683775079 49.14 24.02 161272 130459
1683775084 36 25.62 101293 131512
1683775089 29.6 25.68 89595.4 131416
1683775094 46.77 24.47 158577 129940
1683775099 31.88 25.71 83685 130980
1683775104 34.21 24.11 99164.3 127459
1683775109 42.13 24.11 135105 131197
1683775114 30.79 24.48 89423.6 131953
1683775119 35.93 25.71 107753 129293
1683775124 42.7 24.11 138513 130071
1683775129 32.31 25.72 84954.4 133422
1683775134 37.53 26.09 106736 130523
1683775139 41.06 25.73 125749 132244
1683775144 32.33 26.15 81637.1 129397
1683775149 37.45 26.78 99186.3 130633
1683775154 41.63 26.35 118189 131259
1683775159 32.26 26.54 80443.3 132420
1683775164 36.53 26.6 112422 128366
1683775169 45.54 26.6 122627 185129
1683775174 36.31 28.56 85063.1 175536
1683775179 27.9 28.2 67935.5 119818
1683775184 30.74 26.61 76116.9 105406
1683775189 45.26 26.6 115315 191473
1683775194 37.88 28.56 91389.4 179839
1683775199 34.98 26.6 85688.2 172295
1683775204 27.97 26.6 68400 104322
1683775209 22.72 26.6 60383.3 86237.9
1683775214 21.86 28.56 56088.2 74004.6
1683775219 31.88 26.6 72580.6 105195
1683775224 39.58 26.6 92719.7 181156
1683775229 9.27 19.34 4.66602e+06 2.32943e+06

Execution duration: 00:04:09.09
