1683736828 157.25 14.73 264808 30874.8
1683736833 112.36 18.53 221760 30944.5
1683736838 79.74 14.37 220098 30489.4
1683736843 38.35 14.75 222549 30099.2
1683736848 38.27 14.74 221662 30281.1
1683736853 38.27 14.38 221429 30645.3
1683736858 37.32 14.38 220917 30595
1683736863 37.02 14.74 221688 30596.9
1683736868 39.11 14.48 221997 27906.9
1683736873 38.16 14.5 221900 30925.2
1683736878 37.66 14.5 221275 30786.3
1683736883 38.85 14.86 221843 30881.5
1683736888 38.72 14.5 220588 30615.6
1683736893 37.4 14.56 221755 27992.4
1683736898 45.91 15.56 221777 19180.2
1683736903 33.91 14.41 690114 1.30067e+06
1683736908 108.4 14.39 221571 115467
1683736913 56.39 14.42 221789 222240
1683736918 0.19 17.65 3.42912e+06 326162

Execution duration: 00:01:34.34
