1683760540 102.55 0.81 148.09 46765.9
1683760550 102.93 2.35 16.81 47499.1
1683760560 103.23 13.85 1.96 46971.3
1683760570 46.79 19.44 14182.9 112230
1683760580 103.04 15.05 14.87 52087.7
1683760590 104.21 14.28 0 58430.6
1683760600 105.77 15.47 1.56 78192.4
1683760610 77.06 18.31 13940.2 152105
1683760620 83.08 18.05 1.17 71237.5
1683760630 84.06 15.5 41.49 147252
1683760640 103.14 13.87 0 55172.6
1683760650 13.49 17.98 15176.1 122292
1683760660 102.45 13.59 0 53197.2
1683760670 102.06 15.5 0.78 53503.7
1683760680 102.54 13.84 0 51302.1
1683760690 96.87 17.74 15261.8 50925.2
1683760700 99.61 18.11 15260.3 137611
1683760710 100.4 15.61 0.39 52854.4
1683760720 104.29 14 0.39 80696.8
1683760730 111.55 15.97 0 83856.8
1683760740 59.3 18.3 15394.2 150638
1683760750 111.53 15.68 0 82530.2
1683760760 102.74 14.09 0 81971.5
1683760770 68.76 14.53 2.34 59663.7
1683760780 110.86 14.35 0 81824.7
1683760790 80.43 19.94 15772.2 171687
1683760800 61.2 13.97 4.69 265370
1683760810 102.45 14.1 0 53951.8
1683760820 100.49 15.28 1.17 61837.6
1683760830 7.73 17.93 15470.6 118751
1683760840 101.86 13.6 0 54269.3
1683760850 102.54 15.48 0.39 51189.4
1683760860 102.36 15.25 0 52970.8
1683760870 33.69 18.02 13878.1 114730
1683760880 102.06 13.62 0 51677.2
1683760890 95.44 15.66 1.16 53875.1
1683760900 109.97 14.05 0 84770.3
1683760910 92.39 14.52 0.39 72631.3
1683760920 98.24 19.75 15319.6 162131
1683760930 110.27 14.33 0 83860.8
1683760940 70.18 18.25 0.39 60670.2
1683760950 110.55 14.59 0 83893.6
1683760960 46.53 19.78 14969.3 157010
1683760970 69.53 14.35 0.78 59923.4
1683760980 110.16 14.12 0 82694
1683760990 100.88 20.22 1.17 85217.2
1683761000 85.9 14.27 0.78 344807
1683761010 57.73 18.32 15290 131430
1683761020 92.35 15.4 2.33 58608.3
1683761030 102.16 15.53 0 51240.7
1683761040 90.32 15.29 1.56 50078.2
1683761050 11.46 17.98 15747.7 120475
1683761060 101.37 15 1.17 51146
1683761070 99.62 14.08 0.39 50774.2
1683761080 101.36 13.84 0 52154.4
1683761090 10.87 19.39 14868.3 111679
1683761100 102.06 13.6 0 53258.3
1683761110 95.41 14.07 0.78 49534.3
1683761120 103.24 15.25 0 53063.3
1683761130 100.88 14.48 1.17 55267.7
1683761140 100.19 18.28 15223 164667
1683761150 91.99 14.25 0.39 71928.1
1683761160 99.52 15.46 0 75840.1
1683761170 109.27 14.54 0 84250
1683761180 69.49 18.39 14327.3 156276
1683761190 110.84 15.75 0 83973.4
1683761200 95.11 14.17 0.39 72434
1683761210 89.04 14.63 0.78 70932.7
1683761220 51.06 18.44 13933 147886
1683761230 82.91 15.84 0 71222.7
1683761240 90.18 14.18 1.95 75485.2
1683761250 110.85 14.73 0 83537
1683761260 84.26 20.04 0.39 80445
1683761270 83.57 18.78 14056.7 154514
1683761280 101.95 14.04 0 445550
1683761290 94.81 14.14 0 55265
1683761300 102.25 15.32 0 52018.8
1683761310 75.1 18.07 14243.8 125707
1683761320 102.25 15.1 0 53239.1
1683761330 100.69 18.32 0.78 52796.1
1683761340 101.85 13.94 0 51058.6
1683761350 90.03 19.5 14508.8 130315
1683761360 102.25 13.7 0 51567.6
1683761370 106.84 14.47 0.39 54518.2
1683761380 98.83 14.99 14577.9 58832
1683761390 98.55 18.1 14606.1 133477
1683761401 96.89 13.71 0.78 49461
1683761410 102.45 14.2 0 53275.9
1683761420 102.45 15.37 0.78 51436.6
1683761430 96.97 18.25 15070.3 138136
1683761440 97.07 15.29 0.39 77885.9
1683761450 110.07 14.38 0 83856.9
1683761460 92.58 14.18 0 69629.8
1683761470 18.87 19.67 15566.3 133445
1683761481 109.6 13.94 0 81265.6
1683761491 84.02 14.38 0.39 70076.8
1683761500 90 14.13 1.18 71991.4
1683761510 111.22 16.09 0 84200.8
1683761520 58.26 18.45 14191.2 140368
1683761530 108.03 14.49 0 82233.7
1683761540 110.95 15.66 0 88235
1683761551 82.85 16.28 0.39 68811.6
1683761560 56.98 20.01 13550.3 147429
1683761570 82.22 14.62 0 62891.4
1683761580 98.64 19.97 0.78 75464.6
1683761591 110.29 14.9 0 85939.7
1683761600 72.04 14.62 0.39 56775
1683761610 76.74 20.13 14861 157711
1683761620 104.11 15.73 0.39 85541.4
1683761630 79.16 14.16 490.8 562627
1683761640 102.04 13.97 0 53151.6
1683761650 27.86 19.54 15155.4 122387
1683761660 103.03 13.73 0 54322.5
1683761670 100.89 15.63 0.78 51888.8
1683761680 103.24 15.4 0 51373.2
1683761690 15.45 17.99 15398.2 120367
1683761700 101.85 13.6 0 50729.7
1683761710 100.11 18.25 1.17 49815.1
1683761720 94.52 15.25 0.78 50420.3
1683761730 7.35 17.95 15130.7 115297
1683761741 99.13 15 0.39 50777.1
1683761750 102.36 15.48 0 52381.2
1683761760 102.74 13.84 0.39 50759.3
1683761770 6.66 17.92 14606.6 113367
1683761781 103.58 15 0.39 51993
1683761790 105.48 14.22 3449.46 53474.9
1683761801 95.22 14.19 3447.26 55481.2
1683761810 102.84 14.34 0 52016.4
1683761821 88.83 19.5 15041.8 132881
1683761830 96.28 15.46 0 51757.2
1683761841 102.05 13.81 0 52639.7
1683761851 94.56 14.3 0.78 50374.8
1683761860 8.32 17.73 15349.5 86103.3
1683761870 0.89 17.74 24.68 101.47

Execution duration: 00:22:14.14
