1683784272 102.55 4.97 149.42 46323.1
1683784282 102.64 0.93 16.81 46014.5
1683784292 103.62 15.48 1.96 47500.5
1683784302 43.35 18.05 14389 110684
1683784312 102.94 13.65 14.5 51613.7
1683784322 108.22 15.93 0 72627.8
1683784332 85.33 15.68 3.52 65025.8
1683784342 54.02 18.3 13967.5 144431
1683784352 98.23 13.99 38.32 135189
1683784362 77.72 14.1 5.08 48921.2
1683784372 103.34 19.65 0 52873.7
1683784382 94.32 14.34 4.31 56726.7
1683784392 95.99 18.1 15217.6 135577
1683784402 102.64 15.7 0.39 51791
1683784412 102.24 13.84 0 51436.4
1683784422 102.85 14.33 1.57 50989.4
1683784432 87.19 18.09 15245.8 136155
1683784442 107.73 15.86 0 70479.8
1683784452 95.02 14 1.95 73115.2
1683784462 111.15 14.55 0 84007.1
1683784472 42.9 19.91 15528.8 150282
1683784482 96.98 14.29 0.39 74481.1
1683784492 109.1 14.07 0 82270.8
1683784502 103.59 14.55 1.16 86276.6
1683784512 101.17 15.96 0 261591
1683784522 67.64 18.07 15666.1 341468
1683784532 91.45 13.67 0.39 51217.1
1683784542 102.45 15.77 0 53451.9
1683784552 92.62 13.9 1.94 50770.5
1683784562 38.84 18.2 15484.5 143528
1683784572 98.45 15.43 1.17 79011.9
1683784582 110.18 15.99 0 80358.5
1683784592 97.17 14.1 0 74784.8
1683784602 10.78 18.02 0.78 51134.2
1683784612 104.68 18.43 13863 159558
1683784622 93.26 20.19 1.56 83115.5
1683784632 98.73 14.17 0 250775
1683784642 100.78 14.3 0 55741.9
1683784652 64.93 18.06 15304.2 130833
1683784662 102.75 14.03 0 52753.8
1683784672 91.7 15.42 1.56 48917.3
1683784682 102.64 14.28 0 56227.6
1683784692 44.96 18.04 14999.8 122188
1683784702 101.57 14 0 52494.4
1683784712 102.45 15.41 0.39 52493.2
1683784722 102.84 14.26 0 51324.6
1683784732 37.77 18.03 15290.4 122541
1683784742 106.46 14.17 0 70156.6
1683784752 109.49 15.59 0.39 83893.6
1683784762 72.56 14.46 1.95 60977
1683784772 110.16 14.23 0 82246.1
1683784782 67.19 20.01 15656.5 157260
1683784792 91.98 13.99 1.56 74569.1
1683784802 110.95 14.47 0 84477
1683784812 82.31 15.88 0.78 65394.3
1683784822 93.25 14.72 1.17 72820.7
1683784832 100.67 18.58 14983.4 164930
1683784842 86.61 14.51 1.17 75976.5
1683784852 111.26 15.91 0 82819.9
1683784862 90.03 15.9 0 385096
1683784872 35.03 18.02 15313.1 124263
1683784882 101.36 13.99 0 52040.4
1683784892 98.73 15.39 0.39 52173.9
1683784902 102.04 14.24 0 52714.1
1683784912 51.61 18.04 14328.1 121443
1683784922 102.35 14.02 0 57436.6
1683784932 94.52 15.4 0.78 49565.5
1683784942 102.16 18.41 0 52917.5
1683784952 62.62 18.06 14070.1 122717
1683784962 102.84 14.03 0 51342.6
1683784972 102.16 15.42 1.17 53144.9
1683784982 102.45 14.28 0 49984.7
1683784992 83.92 18.1 14097.2 127467
1683785002 98.05 15.69 0.39 52468.8
1683785012 102.26 19.6 0 51953.8
1683785022 2.55 17.74 1.18 29967.1
1683785032 100.21 18.12 14270.1 133316
1683785042 107.52 15.89 0.39 69103.5
1683785052 110.19 14.04 0 82650.5
1683785062 80.39 14.56 0.78 61906.8
1683785072 74.84 19.97 14523.8 153012
1683785082 111.24 14.3 0 84200.2
1683785092 80.09 14.09 0.78 68308.6
1683785102 111.22 14.58 0 83756.3
1683785112 43.89 20.06 14606.1 151160
1683785122 97.74 14.39 0.78 75104.6
1683785132 111.04 14.22 0 83850.6
1683785142 80.35 14.66 0.39 67830.3
1683785152 103.51 16.06 0 78085.2
1683785162 79.73 18.63 14968 164149
1683785172 71.27 15.81 0.78 62563.4
1683785182 110.55 14.74 0 81482.8
1683785192 103.71 16.12 0.78 82316.7
1683785202 102.94 15.04 0.39 76696
1683785212 89.64 18.1 15550.3 603103
1683785222 84.73 14.04 0.78 49506.9
1683785232 102.35 15.45 0 53582.8
1683785242 93.16 14.29 0.39 54167
1683785252 83.68 18.09 14190.4 130034
1683785262 93.83 18.21 0.78 48374.5
1683785272 101.47 15.55 0 53280.7
1683785282 19.07 19.64 13550.7 110830
1683785292 102.55 13.64 0.78 52951.1
1683785302 102.56 15.78 0 52463.1
1683785312 91.12 13.9 1.56 49152.8
1683785322 9.84 17.98 14803.1 116908
1683785332 100.59 17.79 0.39 52646.4
1683785342 102.65 15.75 418.81 57958.9
1683785352 102.84 15.53 0.39 52559.1
1683785362 2.65 19.38 15184.7 117064
1683785372 96.98 19.87 15158.1 138889
1683785382 102.16 14.2 0 49809
1683785392 102.74 15.62 1.18 50894.4
1683785402 95.41 14.44 0.39 49910.8
1683785412 80.55 18.09 15398.2 132628
1683785422 101.47 15.7 1.18 50450.2
1683785432 101.35 15.47 0 52370.1
1683785442 99.03 14.32 0 51300.3
1683785452 77.31 18.08 15130.7 130983
1683785462 101.96 14.22 1.96 67216.4
1683785472 108.42 15.67 0 81727.6
1683785482 96.51 14.48 0 74326.3
1683785492 57.85 19.91 14563.9 148782
1683785502 110.94 14.23 0 83469.9
1683785512 72.85 13.95 0.39 64139.1
1683785522 110.66 16.09 0 83241.8
1683785532 111.69 14.2 0 89026.1
1683785542 76.44 18.3 15129.2 152633
1683785552 110.09 15.57 0 82573.8
1683785562 86.61 14.37 0 70570.5
1683785572 110.07 15.78 0 82406.3
1683785582 14.25 17.99 15026.6 129036
1683785592 12.8 17.99 346.48 32427.7

Execution duration: 00:22:09.09
