1683779758 101.87 6.58 460.78 45393.7
1683779768 102.25 0.58 0 46868.5
1683779778 102.94 14.21 29.38 47665
1683779788 41.83 19.65 14578.2 111117
1683779798 105.78 18.33 14.89 62658.6
1683779808 110.64 13.94 0 83982
1683779818 70 14.21 3.89 38966.7
1683779828 31.99 19.64 14008.6 172246
1683779838 100.6 18.14 1.17 55680.7
1683779848 89.33 13.75 3.91 50504.1
1683779858 105.39 16 0 64223.3
1683779868 96.58 14.16 2.35 72957.6
1683779878 104.11 18.35 15173 165351
1683779888 94.14 13.96 1.17 81388.9
1683779898 102.75 19.95 0 159712
1683779908 102.93 13.94 0.39 51394.1
1683779918 60.58 19.84 15143.3 140925
1683779928 110.27 19.63 0 83211.8
1683779938 80.16 14.29 3.13 64438.7
1683779948 110.76 14.13 0 80482.9
1683779958 106.85 14.61 0.78 86358.6
1683779968 86.89 19.71 15543.6 274976
1683779978 102.85 14.06 0 53945.5
1683779988 92.56 13.82 1.57 51830.4
1683779998 102.26 15.92 0 51654.5
1683780008 44.03 18.04 15773.4 125645
1683780018 101.66 18.16 0 52673.2
1683780028 102.74 13.77 0.78 54193.1
1683780038 106.26 16.05 0 61853.6
1683780048 39.13 18.21 15484.5 151427
1683780058 75.93 18.29 1.56 65125.4
1683780068 110.66 13.97 0 82078.3
1683780078 97.56 16.07 0 79622.7
1683780088 84.98 14.24 1.56 70022.2
1683780098 84.75 18.41 13890.1 157387
1683780108 88.06 14.02 1.95 243454
1683780118 93.94 15.76 0.78 51143.7
1683780128 103.03 13.9 0 55876.3
1683780138 40.53 19.65 15259.4 126390
1683780148 101.47 19.43 0 51800.4
1683780158 90.61 14.12 1.96 52909.6
1683780168 102.25 13.88 0 52257.5
1683780178 17.53 18 14999.4 115488
1683780188 101.86 17.77 0 52067.3
1683780198 102.95 15.72 0.78 52588.4
1683780208 101.75 13.86 0 49415.2
1683780218 10.45 18.12 15275.1 127893
1683780228 107.53 17.94 0.78 82068.4
1683780238 110.31 15.95 0 81807.6
1683780248 80.06 14.07 1.56 64456
1683780258 87.38 14.53 0 69446.2
1683780268 32.44 19.97 15701.6 156660
1683780278 87.97 18.44 1.56 78948.6
1683780288 92.73 14.11 0.78 72555.6
1683780298 107.82 18.75 0 81576.6
1683780308 94.82 15.94 1.56 79892.9
1683780318 57.96 20.15 14954.1 152510
1683780328 98.73 18.27 0 79963.6
1683780338 78.97 14.09 0.78 369381
1683780348 102.07 15.49 0 53159.3
1683780358 94.13 14.33 1.17 59079.4
1683780368 90.46 18.1 15237.8 133142
1683780378 100.88 14.07 1.17 52250.8
1683780388 102.94 15.45 0 51241.5
1683780398 12.05 17.99 14356.1 112496
1683780408 101.96 17.76 0 50955.5
1683780418 102.25 15.72 0 53161.7
1683780428 96.58 13.85 1.57 49444.2
1683780438 32.32 18.02 14083.1 114281
1683780448 102.44 19.42 0 51679.1
1683780458 103.92 14.28 0 63290.1
1683780468 102.93 18.22 0 79944.1
1683780478 51.58 19.93 14069.3 150879
1683780488 99.31 18.06 0 75103.8
1683780498 75.32 14.35 1.17 62046
1683780508 111.05 15.79 0 82287.4
1683780518 85.83 14.63 1.17 72932.2
1683780528 81.02 18.49 14270.4 152093
1683780538 110.26 18.61 0 83543.3
1683780548 76.24 15.79 0.78 65164.4
1683780558 99.21 14.72 0.78 77585.5
1683780568 44.87 18.51 14494.2 154030
1683780578 77.71 18.65 1.56 72424.6
1683780588 110.67 15.9 0 82852.4
1683780598 107.27 14.81 0.39 85579.8
1683780608 79.94 14.73 0.78 70607.4
1683780618 68.71 19.7 14478.7 540326
1683780628 92.56 17.82 0.78 53547.6
1683780638 100.97 15.77 0 52383.7
1683780648 99.61 13.92 0.78 51609.7
1683780658 50.05 19.66 14968.4 123068
1683780668 101.46 17.81 0 51488.7
1683780678 100.89 14.14 0.39 53149.9
1683780688 102.36 13.91 0 52951.9
1683780698 25.45 19.63 15566.7 124355
1683780708 102.26 17.78 0 52291.5
1683780718 100.59 14.11 0.78 52999.8
1683780728 101.77 15.49 0 51602.4
1683780738 43.48 18.05 14218.6 120279
1683780748 101.96 17.81 0 51601.6
1683780758 98.44 15.75 1.57 51696.3
1683780768 101.48 15.62 0 49827.1
1683780778 75.47 18.1 13551.1 120712
1683780788 101.96 19.5 0 52492.9
1683780798 101.57 14.23 0 54785.5
1683780808 102.55 15.63 0 50277.1
1683780818 80.73 18.27 14861 142729
1683780828 91.4 15.52 0.78 72141.6
1683780838 109.9 14.42 0 81194.6
1683780848 92.86 15.77 0.39 71174.2
1683780858 10.29 19.58 15159.6 134137
1683780868 109.2 20.08 15128.5 167544
1683780878 92.56 14.39 0.39 75177.3
1683780888 74.12 15.74 1.56 59875.4
1683780898 110.46 16.24 0 84918.9
1683780908 23.57 18.23 15278.8 152100
1683780918 92.38 18.34 0.39 74274
1683780928 110.27 15.56 0 83863
1683780938 81.72 14.41 0 71228.9
1683780948 109.98 15.79 0 81783
1683780958 54.94 18.3 15115.9 152086
1683780968 89.85 19.66 1.17 71246.9
1683780978 110.65 14.37 0 84766.4
1683780988 82.31 14.09 0.78 63952.3
1683780998 91.39 14.56 0.39 70047.7
1683781008 87.29 18.35 14592.4 160303
1683781018 83.39 15.9 0.39 72885.2
1683781028 112.32 14.17 3001.76 80561.5
1683781038 96.8 14.25 2975.97 629686
1683781048 28.74 19.64 15085.4 121192
1683781058 102.25 19.77 0 51135
1683781068 95.21 13.74 0.78 50472.8
1683781078 102.05 14.24 0 53572.6
1683781088 4.2 17.74 14915.4 102886
1683781098 5.83 6.22 482.41 251.5

Execution duration: 00:22:30.30
