1683769484 102.06 6.43 147.41 45701.7
1683769494 102.84 0.93 27.76 46568.1
1683769504 103.33 15.33 1.96 46712.4
1683769514 42.63 18.03 14143.4 110505
1683769524 102.94 19.27 1.57 51063.8
1683769534 105.29 14.29 0 62346
1683769544 91.61 14.06 2.34 68964.1
1683769554 59.73 18.29 13953.9 148047
1683769564 94.18 15.38 29.08 74166.7
1683769574 83.32 14.1 42.53 145015
1683769584 103.03 18.02 0 53473.2
1683769594 4.27 17.75 3.5 38204.5
1683769604 98.63 19.58 15187.9 135437
1683769614 101.26 14.09 0.39 53590.7
1683769624 102.35 13.85 0 51742.5
1683769634 95.7 15.79 2.35 50880.6
1683769644 87.68 18.11 15127.1 133973
1683769654 104.78 18.38 0.39 62041.5
1683769664 106.24 15.48 0.78 82266.5
1683769674 111.04 14.58 0 82161.7
1683769684 56.12 18.3 15422.9 152677
1683769694 110.42 15.81 0 81290.8
1683769704 88.57 14.08 0.39 70668.2
1683769714 94.24 14.56 2.73 76348.5
1683769724 111.03 15.86 0 82312.5
1683769734 65.88 18.06 15758 356602
1683769744 80.12 13.64 1.95 48490.8
1683769754 102.25 14.13 0 53811.1
1683769764 95.11 15.36 2.74 63074
1683769774 22.61 18.01 15424.2 120938
1683769784 100.88 17.77 0.39 51988.4
1683769794 101.66 15.59 0 51381.8
1683769804 98.92 18.03 0.78 50854.3
1683769814 42.59 18.05 13877.3 118518
1683769824 102.54 15.11 0 52137
1683769834 99.02 14.29 1.16 59160
1683769844 110.65 14.09 0 85669.5
1683769854 17.66 19.64 15156.2 141122
1683769864 111.04 18.02 0 81008.8
1683769874 100.4 14.34 0 81370.1
1683769884 88.49 15.61 1.17 69804.5
1683769894 111.13 14.64 0 84463.3
1683769904 46.4 18.38 14926.7 145066
1683769914 99.14 15.86 1.56 79181.3
1683769924 107.57 14.16 0 84038
1683769934 89.38 14.7 1.17 78835.1
1683769944 102.25 15.8 0 349308
1683769954 81.52 19.55 15290.8 141927
1683769964 101.95 13.7 0 51408.8
1683769974 97.56 18.34 0 50086.1
1683769984 93.16 13.93 0.78 51496.4
1683769994 49.17 19.51 15747.7 129538
1683770004 97.95 13.66 1.17 49812.9
1683770014 102.24 14.13 0 53996.9
1683770024 102.65 15.37 0.78 52015.7
1683770034 46.53 18.05 14983.4 123820
1683770044 97.95 13.64 0.78 52204.7
1683770054 101.95 15.6 0 52418.7
1683770064 96.97 13.9 0.78 51079.6
1683770074 33.05 18.18 15297.4 129069
1683770084 102.54 19.44 0.78 80396.5
1683770094 100.1 14.36 0 75448.1
1683770104 110.09 14.14 0 82897.4
1683770114 78.52 14.57 0.78 67568.8
1683770124 103.42 18.43 14327.7 161809
1683770134 105.36 15.88 1.56 82201.4
1683770144 67.74 14.13 0.39 59530.4
1683770154 111.78 18.83 0 83324.6
1683770164 74.3 19.94 14055.5 167433
1683770174 73.66 14.48 1.17 61796.3
1683770184 110.83 14.24 0 85954.7
1683770194 100.98 16.24 0.78 82917.7
1683770204 23.75 18.57 14055.9 135739
1683770214 111.44 18.68 0 82367.9
1683770224 92.78 19.7 0.78 449730
1683770234 102.15 14.21 0 52439.5
1683770244 10.08 17.97 14271.2 114092
1683770254 102.14 18.12 0 52732.7
1683770264 101.96 15.21 1.17 53124.1
1683770274 102.16 15.69 0 50837.2
1683770284 26.68 18.01 14494.6 117905
1683770294 101.96 19.62 0 51082.2
1683770304 102.16 13.75 0 52968.9
1683770314 92.22 14.23 1.17 54725.6
1683770324 28.55 18.02 14563.4 117997
1683770334 94.76 18.14 1.17 48361.5
1683770344 102.45 15.22 0 54063.3
1683770354 101.75 14.23 0.39 51621.5
1683770364 24.08 18.02 15099.8 120499
1683770374 98.24 19.77 0.78 57243.1
1683770384 110.84 13.94 0 84212.5
1683770394 108.09 15.97 0 78091.5
1683770404 73.14 14.22 1.17 61973.4
1683770414 68.04 18.34 15550.3 160346
1683770424 97.58 15.47 0 78128.4
1683770434 103.21 14.46 0.39 79204.3
1683770444 111.04 14.31 0 83063.1
1683770454 23.24 18.42 14176.9 132725
1683770464 110.67 19.73 0 81422.5
1683770474 99.22 14.56 0 78258.5
1683770484 74.23 15.85 1.17 62792.6
1683770494 110.66 16.42 0 83927.3
1683770504 94.43 18.68 13537.9 160146
1683770514 80.58 16.15 0.39 65407.8
1683770524 107.56 14.46 0 81589.1
1683770534 95.89 15.01 0.78 82284.4
1683770544 39.58 18.04 15080.4 572316
1683770554 97.55 19.66 0.78 49896.7
1683770564 86.98 15.33 0.39 47823.7
1683770574 102.44 15.82 0 53610.9
1683770584 10.86 19.58 15155 114451
1683770594 102.26 19.77 0 53811.3
1683770604 102.75 13.85 0.39 50545.7
1683770614 101.85 20.01 0 51561
1683770624 96.09 15.59 0.39 51057.8
1683770634 89.96 18.1 15368.2 136288
1683770644 97.95 13.71 0.78 50905.2
1683770654 102.26 15.69 0 54288.9
1683770664 102.95 13.96 0 52627.2
1683770674 85.52 19.59 17454.8 137169
1683770684 102.26 15.57 2322.19 56760.9
1683770694 98.45 14.18 0.39 51136.4
1683770704 102.16 13.95 0 52426.6
1683770714 87.97 18.11 14607.8 127163
1683770724 102.15 15.21 0 53964
1683770734 102.34 14.19 1.17 51596.9
1683770744 102.06 13.97 0 51778.5
1683770754 85.32 19.59 15144.4 133875
1683770764 102.83 13.7 0 51641.8
1683770774 96 15.69 1.17 48773.4
1683770784 100.01 15.45 0 54526.7
1683770794 11.27 19.41 15393.1 94997.8
1683770804 7.54 17.91 48.53 32799.6

Execution duration: 00:22:04.04
