1683747274 102.25 4.96 451.32 46563
1683747284 102.94 0.57 0 46875.6
1683747294 103.23 15.37 18.4 47204.3
1683747304 44.25 18.03 14437.5 111118
1683747314 102.45 13.99 29.72 51419.8
1683747324 103.13 13.77 0 53896.2
1683747334 102.83 15.58 1.56 72619
1683747344 71.16 18.24 13953.9 151237
1683747354 88.86 15.42 1.17 72280
1683747364 87.38 14.09 41.1 153153
1683747374 101.18 14.23 0 53991.4
1683747384 17.81 17.99 15190.6 125285
1683747394 108.35 18.29 0 79419.8
1683747404 95.61 15.07 1.96 77658.6
1683747414 112.04 15.62 0 81038.4
1683747424 99.12 14.2 1.17 77030.2
1683747434 41.82 18.39 15278.3 134904
1683747444 101.37 19.31 0 186221
1683747454 95.99 14.1 1.56 59008.4
1683747464 97.25 13.86 1.96 51092
1683747474 11.75 17.97 15542.1 120735
1683747484 103.05 18.93 0.78 50956.6
1683747494 102.43 14.08 0 52939.3
1683747504 100.59 18 1.57 51781
1683747514 110.07 15.68 0 79314.9
1683747524 69.3 18.24 15758 150481
1683747534 109.78 14.27 1.17 82700.3
1683747544 112.32 15.2 0 86786.3
1683747554 73.33 14.48 1.55 64951.3
1683747564 104.22 15.47 0.39 82276.6
1683747574 109.74 18.57 15409.1 175730
1683747584 95.92 14.06 1.17 242355
1683747594 102.36 14.17 0 53184.7
1683747604 18.77 19.16 13890.5 110464
1683747614 102.64 18.13 0 52433.3
1683747624 94.42 13.72 1.57 51484.8
1683747634 102.55 15.37 0 58630.1
1683747644 8.59 17.95 15259 116295
1683747654 101.85 18.1 0 51398.2
1683747664 96.77 14.88 0.78 50484.1
1683747674 100.49 13.85 0.39 54589.8
1683747684 2.95 17.74 14999.4 116297
1683747694 99.72 19.26 14940.1 135279
1683747704 101.75 13.71 0 53688.7
1683747714 109.69 14.38 0 79132.3
1683747724 110.26 15.31 0 83002.1
1683747734 64.32 18.3 15275.1 143410
1683747744 105.48 15.08 0.39 82351.5
1683747754 112.32 14.46 0 88617
1683747764 74.83 14.19 1.95 66501.5
1683747774 108.42 15.84 0 80656.9
1683747784 95.51 18.48 15701.9 172278
1683747794 90.04 14.44 2.34 72305
1683747804 112.04 15.43 0 84366.3
1683747814 83.02 14.71 0.39 66916.3
1683747824 40.72 18.56 14968.8 149081
1683747834 106.42 18.69 0 81594.6
1683747844 72.73 15.22 1.17 407547
1683747854 102.74 14.19 0 53338
1683747864 89.81 13.93 0.78 56344.8
1683747874 72.41 19.23 15313.1 133293
1683747884 102.65 13.68 0.78 51502.2
1683747894 97.57 14.15 0.39 50339
1683747904 101.96 15.09 0 54869.7
1683747914 86.18 18.08 14355.7 125167
1683747924 102.75 13.7 0 53427.6
1683747934 94.91 15.34 1.57 51824.7
1683747944 8.73 17.96 14083.1 110559
1683747954 103.04 18.3 1.96 77001.4
1683747964 110.06 13.9 0 84167.2
1683747974 97.85 14.44 0.39 76027.4
1683747984 91.9 15.36 0 70803.5
1683747994 96.57 18.42 14055.5 160378
1683748004 84.16 13.99 0.78 72186.1
1683748014 89.72 15.63 0.39 73903.6
1683748024 110.3 14.29 0 84028
1683748034 38.14 18.42 14160.4 150244
1683748044 71.7 15.15 1.17 63558.5
1683748054 109.6 14.54 0 81352.7
1683748064 105.86 14.29 0.78 92164.2
1683748074 66.49 14.78 0.39 57778.8
1683748084 49.72 19.76 14367.8 150778
1683748094 99.62 19.31 0.39 447001
1683748104 80.82 15.25 1.17 438868
1683748114 102.06 15.37 0 53433.3
1683748124 21.44 17.99 14493.1 119692
1683748134 102.46 18.13 0 52038.4
1683748144 99.02 19.05 0.78 51684.2
1683748154 102.06 14.21 0 52926.8
1683748164 15.35 17.99 14998.2 115060
1683748174 101.87 19.29 0 49762
1683748184 101.47 13.73 0.39 54428.2
1683748194 101.17 14.2 0 55225
1683748204 101.85 13.97 0 51997.7
1683748214 93.16 19.27 15567.1 135822
1683748224 101.95 13.69 0 51879.7
1683748234 95.92 14.17 0.78 48013.6
1683748244 2.63 18.91 14176.6 107749
1683748254 100.78 18.1 14177.3 129067
1683748264 101.75 13.71 0 50641.2
1683748274 96.49 15.46 1.17 50883.8
1683748284 33.11 19.19 13537.1 111256
1683748294 102.64 18.17 0.39 49694.8
1683748304 96.39 13.79 0.39 50393
1683748314 109 19.8 0 80717.8
1683748324 22.98 19.37 14732.2 140117
1683748334 110.37 18.35 0 82982.6
1683748344 73.62 13.93 0 55528.4
1683748354 103.4 15.57 0 80808.6
1683748364 110.42 15.42 0 82956.2
1683748374 26.36 19.51 15114.1 133507
1683748384 102.04 19.28 0 79357.4
1683748394 110.58 15.61 0.39 88850.4
1683748404 68.59 14.14 1.17 58471.2
1683748414 110.94 14.62 0 84228.1
1683748424 53.95 18.27 15398.6 161089
1683748434 83.39 15.39 0.39 67742.7
1683748444 111.33 13.97 0 83819.5
1683748454 88.18 15.61 0.39 74243.2
1683748464 111.35 18.34 0 84608.6
1683748474 93.15 18.33 15115.9 163241
1683748484 67.51 13.88 0.78 59075.9
1683748494 109.21 15.55 0 81967.8
1683748504 104.98 14.25 0.78 87297.8
1683748514 12.71 17.98 17403.7 660381
1683748524 102.46 17.75 0 54479.2
1683748534 100.5 15.26 1.17 57963.2
1683748544 101.26 13.84 0 50756.8
1683748554 98.82 14.33 0.39 52177.7
1683748564 97.16 18.09 15144 134607
1683748574 102.85 15.25 0 51406.1
1683748584 99.41 13.83 0.78 49531.9
1683748594 3.03 18.91 14746 110277
1683748604 8.04 17.74 655.04 556.31

Execution duration: 00:22:23.23
