1683794356 279.23 14.45 131948 81.54
1683794361 299.44 14.45 146903 79.7
1683794366 299.81 14.16 145429 81.36
1683794371 299.81 14.09 147430 79.85
1683794376 299.05 14.09 146744 79.7
1683794381 301.14 16.31 146204 94.92
1683794386 298.51 14.09 146313 79.4
1683794391 300 14.09 147321 79.7
1683794396 299.43 14.09 146660 79.55
1683794401 299.81 14.52 147255 81.2
1683794406 300.38 14.09 146768 79.7
1683794411 300.19 14.09 147538 79.7
1683794416 300.19 14.09 147682 79.7
1683794421 300.19 14.45 147164 79.85
1683794426 298.87 14.09 146431 79.7
1683794431 300.19 14.1 147623 79.85
1683794436 299.24 14.09 146045 79.7
1683794441 299.62 14.45 146925 79.55
1683794446 300.95 14.1 147502 79.85
1683794451 300.38 14.16 147612 9.02
1683794456 299.62 0.94 146767 0
1683794461 299.81 1.31 146036 18355
1683794466 299.62 0.97 138390 136734
1683794471 298.31 0.98 134929 133229
1683794476 297.02 14.27 133808 132101
1683794481 299.25 14.68 135068 133373
1683794486 298.49 1.22 133731 133034
1683794491 297.19 1.3 130050 130005
1683794496 0.19 17.68 3.85414e+06 810222

Execution duration: 00:02:26.26
