1683782638 93.28 18.92 258111 30188.1
1683782643 53.32 18.57 220964 30506.7
1683782648 47.42 18.58 221689 30707.5
1683782653 43.7 14.41 221479 30555.7
1683782658 43.7 14.77 221866 30690.1
1683782663 44.57 14.51 221623 27951.2
1683782668 44.19 14.51 221234 30726.1
1683782673 42.75 14.52 221118 30760.3
1683782678 43.13 14.88 221297 30743.5
1683782683 43.51 14.52 221192 30709.9
1683782688 47.13 14.72 222037 21819.9
1683782693 38.47 14.43 577301 1274560
1683782698 39.99 14.14 220840 422.09
1683782703 39.19 14.07 222181 419.12
1683782708 39.7 14.14 221427 418.32
1683782713 39.7 14.07 221423 418.32
1683782718 115.65 14.68 220321 138811
1683782723 63.17 14.37 221904 222446
1683782728 224.95 18.69 2.33554e+06 242171
1683782733 202.68 13.86 0 423.71
1683782738 151.04 18.85 0 423.35
1683782743 298.87 14.33 0 415.82
1683782748 297.75 14.48 0 415.04
1683782753 222.45 14.7 0 415.09
1683782758 199.62 14.39 0 422.64
1683782763 182.45 18.94 0 424.15
1683782768 298.87 14.43 0 414.31
1683782773 140.19 18.94 0 424.15
1683782778 299.26 14.78 0 420.26
1683782783 299.81 14.52 0 422.64
1683782788 220.75 14.78 0 422.64
1683782793 197.17 14.12 0 416.6
1683782798 169.87 14.79 0 421.85
1683782803 299.06 14.45 0 422.56
1683782808 124.15 14.8 0 422.64
1683782813 298.31 14.44 0 419.55
1683782818 299.81 14.93 0 415.09
1683782823 215.28 18.96 0 424.15
1683782828 199.81 14.14 0 421.85
1683782833 6.98 17.67 1.18636e+06 114814

Execution duration: 00:03:23.23
