1683753097 87.95 18.63 258590 79.54
1683753102 51.72 18.63 222088 79.39
1683753107 41.98 18.35 221485 80.92
1683753112 40.27 14.11 221753 80.92
1683753117 39.81 14.47 221575 80.76
1683753122 46.08 14.62 221495 1069.21
1683753127 38.66 14.54 243749 9788.96
1683753132 39.57 14.11 221880 79.54
1683753137 38.9 15.72 222307 79.69
1683753142 39.77 14.47 221865 79.54
1683753147 39.58 14.18 221557 348.76
1683753152 39.13 14.12 221244 381.68
1683753157 40.14 14.47 221878 390.06
1683753162 38.81 14.47 221669 390.06
1683753167 52.85 14.11 221753 132698
1683753172 60.19 14.22 221102 218597
1683753177 62.02 14.64 221681 220330
1683753182 62.59 14.76 221675 221957
1683753187 210.3 18.7 2.59499e+06 575392
1683753192 298.68 14.18 0 387.19
1683753197 149.52 18.8 0 385.63
1683753202 297.18 14.64 0 383.46
1683753207 299.81 14.52 0 385.63
1683753212 272.13 14.64 0 384.18
1683753217 300 14.65 0 385.63
1683753222 165.6 18.96 0 378.07
1683753227 100.19 13.79 0 383.88
1683753232 100 13.79 0 383.88
1683753237 100.38 14.15 0 383.88
1683753242 100.38 14.19 0 383.88
1683753247 228.79 14.84 0 383.88
1683753252 200.38 14.17 0 385.63
1683753257 182.61 14.84 0 387.15
1683753262 299.25 14.84 0 386.42
1683753267 127.98 14.84 0 379.58
1683753272 298.13 14.48 0 375.94
1683753277 299.81 14.96 0 388.66
1683753282 261.32 14.84 0 386.42
1683753287 299.62 14.48 0 386.42
1683753292 187.93 19.01 0 384.91
1683753297 196.98 14.52 0 379.58
1683753302 200.19 14.78 0 386.42
1683753307 6.98 17.66 1.30206e+06 272484

Execution duration: 00:03:35.35
