1683751744 102.26 4.96 450.93 46103
1683751754 101.96 0.58 0 46862.5
1683751764 103.24 15.45 29.41 47226.3
1683751774 45.65 18.03 14577.9 112113
1683751784 103.33 14 32.13 51576.9
1683751794 102.35 15 0 53240.7
1683751804 101.47 14.42 1.96 69732.9
1683751814 75.84 18.24 13967.5 152503
1683751824 89.62 14.26 2.33 71804.3
1683751834 86.91 14.1 41.06 154774
1683751844 102.34 15.46 0 54603.1
1683751854 18.01 18 15190.6 124618
1683751864 107.84 18.28 0 74204.3
1683751874 95.92 15.13 0 76138
1683751884 110.96 14.46 0 81219.6
1683751894 104.99 14.21 0 80139.3
1683751904 54.1 18.36 15232.8 143603
1683751914 102.84 15.24 0 188211
1683751924 91.78 14.11 1.96 55623.9
1683751934 102.06 13.89 0 52832
1683751944 25.25 18.01 15543.2 125702
1683751954 103.14 19.01 0 51296.1
1683751964 103.32 14.1 0.39 52300.8
1683751974 94.92 13.86 0.39 49762.2
1683751984 108.82 18.68 0 75262.7
1683751994 86.44 19.5 15742.2 158904
1683752004 111.14 14.31 0 81637.5
1683752014 94.82 14.04 1.17 74489.9
1683752024 90.3 14.51 2.33 73201.2
1683752034 30.92 19.56 15484.5 152487
1683752044 100.49 18.55 1.17 84455.9
1683752054 102.94 19.47 0 244045
1683752064 95.3 14.19 1.18 48275.8
1683752074 17.98 19.24 13890.5 112420
1683752084 102.75 18.13 0 52345.5
1683752094 96.67 13.72 1.57 51712.4
1683752104 102.65 14.2 0 58814.5
1683752114 6.26 17.91 15303.4 115701
1683752124 103.54 19.35 0 52576.7
1683752134 94.33 13.71 1.56 50048.5
1683752144 102.26 14.19 0 51777.5
1683752154 97.66 15.19 1.56 51338.3
1683752164 99.43 19.54 14998.2 155329
1683752174 110.66 13.89 0.39 86313.2
1683752184 92.18 14.42 0.39 70946.6
1683752194 110.85 15.44 0 83584.8
1683752204 43.63 18.32 15292 147749
1683752214 111.54 13.96 0.39 81801
1683752224 103.14 15.68 0 79383.8
1683752234 78.41 14.22 1.96 67519.1
1683752244 110.65 14.72 0 82334.3
1683752254 64.01 19.76 15595.3 154334
1683752264 73.96 14.47 0.78 65491.5
1683752274 110.84 14.22 0 83179.7
1683752284 94.14 15.44 0 390310
1683752294 77.47 13.95 0.39 46061.5
1683752304 82.2 18.08 14998 132007
1683752314 103.23 14.92 0.39 60404.7
1683752324 101.76 14.18 0 51143.8
1683752334 100.2 13.94 1.18 51862.1
1683752344 74.51 18.07 15342.4 139947
1683752354 96.28 14.91 1.57 50520
1683752364 101.56 14.16 0.39 52132.9
1683752374 102.65 18.08 0.39 55405.3
1683752384 87.19 19.32 14341.3 127009
1683752394 102.05 13.7 0 51917.1
1683752404 104.89 14.35 1.57 71909.1
1683752414 14.44 19.35 14041.8 139631
1683752424 78.06 18.33 0.78 58439.2
1683752434 103.62 13.94 0.78 79251.2
1683752444 111.55 15.72 0 88673.3
1683752454 70.48 14.2 0.78 58402.4
1683752464 50.83 18.37 14055.5 148550
1683752474 109.69 19.43 0 88623.3
1683752484 86.41 14.49 1.17 69679.8
1683752494 107.05 14.32 0 78662
1683752504 13.8 19.63 14271.6 138380
1683752514 111.64 18.59 0.39 83971.5
1683752524 109.62 14.64 0.39 81885.7
1683752534 70.8 14.15 0 403644
1683752544 102.25 14.28 0 54315.5
1683752554 74.5 19.3 14495.8 135989
1683752564 100.1 14.04 0 51709.2
1683752574 102.95 17.96 0 52799.2
1683752584 94.03 15.51 1.17 54335.8
1683752594 75.76 19.32 14606.1 128941
1683752604 97.07 14.03 1.17 49891.1
1683752614 102.15 13.8 0 52235.7
1683752624 102.85 19.68 0.78 53081.3
1683752634 70.15 18.06 15055.6 127463
1683752644 96.77 14.03 1.57 57816.8
1683752654 102.15 13.79 0 51688.8
1683752664 95.11 15.51 1.18 50013.7
1683752674 46.94 18.04 15429.7 125732
1683752684 102.35 14 0.78 51270.4
1683752694 101.75 19.18 0 51050.7
1683752704 102.55 14.26 0 53160.8
1683752714 66.31 18.06 14176.9 125039
1683752724 103.04 15.27 0 52174.6
1683752734 96.38 13.88 0.78 47387.9
1683752744 102.15 15.61 0 51885.8
1683752754 95.89 19.37 13578.1 123663
1683752764 107.94 15.54 0 74172.6
1683752774 93.21 14.07 0.39 76429.9
1683752784 109.76 15.89 0 82463.2
1683752794 86.25 19.61 14818.3 160257
1683752804 51.7 15.52 1.17 45111.2
1683752814 106.26 14.05 0 80372.6
1683752824 112.62 14.58 0.39 87995.3
1683752834 72.47 15.56 1.95 60655.5
1683752844 74.11 19.71 15128.5 158583
1683752854 107.32 14.07 0.39 86501.6
1683752864 103.89 15.81 0.39 78354.2
1683752874 111.05 15.57 0 83957
1683752884 72.02 14.76 0.39 57234
1683752894 103.82 18.4 15383.2 169608
1683752904 104.11 15.62 0 80569.9
1683752914 86.34 14.11 0.78 68551.6
1683752924 107.72 14.59 0 83613.7
1683752934 48.58 19.61 15115.9 156767
1683752944 110.86 19.72 0 81713.4
1683752954 102.43 14.07 0.39 78422.5
1683752964 73.32 14.51 0.39 59863.1
1683752974 102.05 14.3 2763.99 643757
1683752984 82.09 19.32 14607.8 132771
1683752994 82.29 13.67 0 47563.4
1683753004 102.56 14.15 0 52973.2
1683753014 95.11 19.31 1.17 53953.9
1683753024 50.19 18.03 15026.4 126130
1683753034 100.98 13.65 0.39 52692.8
1683753044 101.46 15.39 0 52564.7
1683753054 101.57 13.89 0.78 53120.9
1683753064 6.07 17.74 15117.8 94505.7
1683753074 3.32 17.73 277.73 202.74

Execution duration: 00:22:17.17
