1683725278 102.85 1.07 131.63 47146.6
1683725288 102.15 1.12 27.45 46582
1683725298 103.25 14.04 2.36 47472.8
1683725308 46.82 14.11 14489.7 111367
1683725318 102.56 13.87 15.31 51329.5
1683725328 109.58 14.44 0 78701.1
1683725338 82.67 14.19 4.29 66297.2
1683725348 45.79 14.13 14033.3 175725
1683725358 95.88 13.66 1.18 53947
1683725368 95.69 14.09 3.14 53422.7
1683725378 103.04 14.13 0 54406.3
1683725388 25.27 14 15205.9 141256
1683725398 110.97 14.01 0 84644.1
1683725408 88.73 14.25 0.78 73278.4
1683725418 102.05 14.01 2.35 82672.2
1683725428 101.96 14.59 0 172143
1683725438 67.2 13.94 15187.1 133901
1683725448 108.73 14.21 0 78798.8
1683725458 86.19 14.11 1.57 68525.8
1683725468 107.54 14.67 0.78 81321.1
1683725478 33.21 14.13 15557.3 157922
1683725488 91.08 14.52 1.96 73156.1
1683725498 101.75 14.33 0 197504
1683725508 97.74 14.17 0.78 54409.4
1683725518 102.16 14.16 0 50838.8
1683725528 73.37 14.16 15789.6 135864
1683725538 102.75 13.72 0 51967
1683725548 102.74 14.37 0.78 51861.2
1683725558 102.36 14.11 0 50566.7
1683725568 71.92 14.12 15484.5 153525
1683725578 105.65 14.1 0 80616.3
1683725588 110.94 14.35 0 81937.1
1683725598 76.27 14.08 0.78 62282.5
1683725608 44.63 14.41 13876.9 147246
1683725618 107.2 14.19 0 84115.3
1683725628 96.48 14.61 2.35 85114.2
1683725638 101.48 14.39 0 253354
1683725648 4.61 13.99 15318.8 116802
1683725658 103.05 14.23 15318.4 137145
1683725668 101.77 14.26 0.39 53269.3
1683725678 103.14 14.1 0 50327.8
1683725688 103.14 14.53 0.78 55744.6
1683725698 91.29 13.99 14998.6 133788
1683725708 102.16 14.25 0 52336.5
1683725718 101.86 14.03 0.39 49601.6
1683725728 102.06 14.51 0 50588.1
1683725738 80.8 14.19 15305.4 134174
1683725748 108.73 14.5 0 76942
1683725758 92.13 14.16 1.17 71106.6
1683725768 92.98 14.7 0.78 73825.8
1683725778 27.05 14.38 15747.7 154893
1683725788 83.94 14.52 1.17 71935.7
1683725798 110.97 14.2 0 83961.6
1683725808 100.97 14.51 0.39 80188.3
1683725818 84.2 14.36 0.39 68057.2
1683725828 59.26 14.56 15012.7 157528
1683725838 91.5 14.17 1.17 75087.4
1683725848 90.31 14.76 0.39 72327.5
1683725858 107.67 14.58 0 79845.3
1683725868 81.88 14.28 2.35 393031
1683725878 67.55 14.19 15342.7 130139
1683725888 101.86 14.3 0.78 53924.7
1683725898 97.35 13.77 0.39 49438.4
1683725908 101.08 14.49 0 52290.7
1683725918 75.79 14.19 14258 122574
1683725928 102.16 14.12 0 56819.6
1683725938 94.84 13.98 1.17 48169.4
1683725948 101.66 14.5 0 52087.2
1683725958 84.9 14.01 14097.6 127132
1683725968 102.36 14.25 0 50963.1
1683725978 102.45 14.01 0.78 53620.7
1683725988 10.58 13.88 14083.1 111056
1683725998 102.75 13.86 0 51148.7
1683726008 95.59 14.29 0.78 53087.1
1683726018 101.95 13.84 0 52178.6
1683726028 19.41 14.13 14298.8 113118
1683726038 102.16 13.87 0 53333.3
1683726048 109.22 14.26 0.78 76485.1
1683726058 110.5 14.25 0 84389
1683726068 13.43 14.32 14523.8 135719
1683726078 93.52 13.89 1.18 72367.4
1683726088 110.9 14.58 0 83471.2
1683726098 81.1 14.31 0.78 71710.9
1683726108 96.97 14.6 0.78 76525
1683726118 55.87 14.34 14620.4 151339
1683726128 91.54 14.66 0.78 79021
1683726138 110.49 14.28 0 83600.4
1683726148 98.15 14.68 0.78 78417.9
1683726158 86.48 14.67 1.17 69524.7
1683726168 89.82 14.77 15114.6 163658
1683726178 87.66 14.47 0.39 78546.5
1683726188 92.17 14.94 0 72945.7
1683726198 111.16 14.7 0 84671.5
1683726208 79.75 15.24 0 73578.9
1683726218 82.35 14.22 15596.1 601828
1683726228 102.45 14.32 0 55909.8
1683726238 94.02 13.99 1.17 50545.6
1683726248 102.55 14.5 0 53540.4
1683726258 86.91 14.21 14191.6 126251
1683726268 102.54 14.28 0 50816.4
1683726278 94.72 14.17 1.17 51216.4
1683726288 12.18 14.14 13603.5 109551
1683726298 97.84 13.9 0.78 50966.3
1683726308 102.25 14.31 0 52004.7
1683726318 102.36 13.88 0 54145.1
1683726328 9.92 14.1 14919.7 114934
1683726338 102.26 13.89 0 52130.8
1683726348 94.72 14.33 1.18 54831.4
1683726358 102.26 14.08 0 52530.2
1683726368 99.41 14.65 0.78 50022.8
1683726378 92.22 14.38 15053.7 132028
1683726388 102.35 14.25 0 50646.1
1683726398 101.76 14.16 0 51735.2
1683726408 94.91 14.66 0.39 50874.6
1683726418 74.32 14.21 15466.7 133288
1683726428 103.34 14.36 0.39 52297.2
1683726438 96.87 13.78 0 50789.8
1683726448 101.27 14.52 0 54224.9
1683726458 70.59 14.23 15116.3 127557
1683726468 109.8 14.52 0 77792.9
1683726478 83.74 14.17 0.78 66512
1683726488 110.69 14.45 0 82947.4
1683726498 54.02 14.38 14635.3 150118
1683726508 82.55 14.47 0.39 68469
1683726518 110 14.17 0 83327.7
1683726528 91.17 14.62 0.39 76549
1683726538 110.29 14.39 0 81196.5
1683726548 94.8 14.44 15173.7 166928
1683726558 77.13 14.19 0 66388.3
1683726568 110.99 14.67 0 83745.9
1683726578 96.09 14.4 0 82523.8
1683726588 9.62 13.91 14905.1 130787
1683726598 8.64 14.13 466.34 32584.1

Execution duration: 00:22:09.09
