1683776629 65.06 15.38 268593 32168.9
1683776634 38.28 18.3 221016 31270.1
1683776639 39.96 14.14 221271 31675.7
1683776644 36.26 13.79 220825 32209.2
1683776649 37.23 13.79 222269 32258
1683776654 37.31 14.16 221720 32192.3
1683776659 38 13.9 222636 29472.5
1683776664 37.98 13.89 221387 31873.3
1683776669 37.19 13.89 220614 32063.8
1683776674 40.38 14.25 221558 31856.8
1683776679 36.83 13.96 220775 29184.7
1683776684 38.31 14.1 221791 29764
1683776689 32.57 13.89 627906 1.292e+06
1683776694 32.76 13.82 219627 79.24
1683776699 31.93 13.53 221358 81.07
1683776704 30.83 13.47 222762 326.78
1683776709 72.69 13.63 155911 66110.8
1683776714 56.15 14.14 241317 241685
1683776719 0.38 17.74 3.48837e+06 342327

Execution duration: 00:01:35.35
