1683788409 102.25 4.96 149.42 46058.8
1683788419 102.55 2.62 16.85 46168.8
1683788429 103.02 13.85 1.96 47104.9
1683788439 44.86 18.04 14402.4 112733
1683788449 102.84 17.81 14.87 51718.2
1683788459 104.5 15.97 0 60151.8
1683788469 102.34 18.23 3.91 76924.7
1683788479 72.79 18.32 13967.5 150227
1683788489 87.1 19.75 1.94 71812.8
1683788499 86.28 14.1 41.18 148631
1683788509 102.74 13.87 0 55247
1683788519 18.31 19.7 15191.8 125658
1683788529 102.06 17.77 0 53757.5
1683788539 102.74 18.26 0.39 53573
1683788549 102.55 15.55 0 51494.6
1683788559 8.14 17.94 15276.4 117098
1683788569 102.35 17.75 0 51948.3
1683788579 97.01 15.91 1.16 52314.3
1683788589 109.41 14.02 0.39 83104.4
1683788599 110.16 14.58 0 84044.5
1683788609 62 19.99 15437.1 151976
1683788619 110.29 18.43 0 81511.5
1683788629 95.8 14.09 0 75997.6
1683788639 72.19 14.54 1.96 63790.4
1683788649 110.94 16.03 0 81695.3
1683788659 76.54 18.57 15758.4 167016
1683788669 74.37 18.14 3.13 273887
1683788679 101.95 15.8 0 53274.1
1683788689 99.81 13.87 0.39 66360
1683788699 11.85 17.99 15500.1 118078
1683788709 102.06 19.45 0 53811.6
1683788719 102.24 14.09 0.39 51362
1683788729 101.55 13.85 0 52112.6
1683788739 31.68 19.71 13891.3 113609
1683788749 102.06 17.78 0 51958.6
1683788759 100.6 14.25 1.17 58709.1
1683788769 109.87 15.74 0 83881.5
1683788779 95.4 14.53 15288.5 76199.6
1683788789 97.17 18.35 15243.7 161382
1683788799 110.96 16.01 0 86859.5
1683788809 79.86 14.12 0.78 68139.3
1683788819 104.5 14.6 0.78 80862.6
1683788829 56.96 20.13 14983.6 163650
1683788839 66.44 18.52 0.78 60401.6
1683788849 105.68 14.12 1.96 80568.5
1683788859 111.36 20.51 0 88345.3
1683788869 67.93 14.27 1.96 344434
1683788879 50.4 18.35 15290 133023
1683788889 100.78 18.16 1.17 61778.3
1683788899 97.84 15.81 0.39 51193.7
1683788909 100.78 13.88 0 53740.1
1683788919 20.66 19.69 15732.3 120745
1683788929 101.85 17.78 0 52053.9
1683788939 96.39 14.11 1.96 49848.5
1683788949 102.46 15.54 0 53139.3
1683788959 13.2 17.99 14999.2 116234
1683788969 102.36 17.77 0 52086.2
1683788979 100.79 14.09 0.39 53296.9
1683788989 102.36 15.55 0 51690.5
1683788999 95.54 14.48 2.33 54520.4
1683789009 103.91 18.29 15297.4 167232
1683789019 110.87 14.33 0 81499
1683789029 66.05 15.73 2.74 56501
1683789039 110.85 14.54 0 83755.2
1683789049 69.51 18.38 14327.7 156064
1683789059 78.11 18.48 1.17 66028.6
1683789069 110.65 15.83 0 81639.1
1683789079 101.08 16.3 0.39 85173.4
1683789089 44.87 18.44 14055.5 147989
1683789099 105.68 18.63 0 77827.6
1683789109 59.02 20.02 0.78 53602
1683789119 110.38 14.72 0 82530.7
1683789129 109.08 14.49 0 91897.8
1683789139 64.16 20.29 14043.7 146069
1683789149 102.44 14.03 0 447449
1683789159 98.24 14.14 0.78 56878.3
1683789169 101.36 15.59 0 50535.9
1683789179 67.61 18.07 14270.4 122289
1683789189 95.5 17.82 0.39 51985.9
1683789199 102.15 15.83 0 52954.2
1683789209 94.32 13.91 0.78 48358.9
1683789219 67.15 18.07 14409.7 125572
1683789229 102.35 17.84 0 51575.7
1683789239 106.18 20.3 0 58281.6
1683789249 98.72 14.28 0.39 58418.8
1683789259 77.28 18.08 14563.4 130286
1683789269 96.09 19.53 0.78 49459.1
1683789279 102.45 14.16 0 52472.8
1683789289 102.45 13.93 0.39 53553.8
1683789299 72.97 18.24 15114.6 134304
1683789309 110.18 19.72 0 85533.5
1683789319 102.64 14.41 0 79576.5
1683789329 110.92 14.19 0 82848.8
1683789339 14.48 18.23 15551.5 135682
1683789349 111.05 19.78 0 81584.4
1683789359 100.28 14.4 0.39 76983
1683789369 91.01 14.22 1.17 71939.8
1683789379 111.84 14.71 0 87096.7
1683789389 68.72 18.54 14191.2 142343
1683789399 111.28 14.5 0 83852.6
1683789409 111.81 16.11 0 88628.1
1683789419 87.22 16.59 0.39 70606.6
1683789429 72.53 20.32 13550.3 153955
1683789439 85.37 20.49 0.78 69287.3
1683789449 111.53 14.44 0 83162.5
1683789459 110.46 16.61 0.39 83134.3
1683789469 66.56 16.33 0.78 53597.3
1683789479 95.01 18.75 14861 163081
1683789489 91.48 18.23 330.23 558515
1683789499 89.04 18.36 0.39 50719.7
1683789509 102.25 15.72 0 52965
1683789519 46.99 19.84 15140.6 128121
1683789529 102.06 17.92 0 53934.6
1683789539 100.88 14.26 1.56 52322.5
1683789549 102.06 14.02 0 51967.9
1683789559 37.87 19.72 15413.7 123640
1683789569 102.26 17.81 0 51458
1683789579 98.43 15.81 0.78 49734.6
1683789589 101.08 13.9 0.39 54479.8
1683789599 34.97 19.85 17350.4 125105
1683789609 97.37 18.14 2196.29 55182.1
1683789619 102.36 15.81 0 54507.3
1683789629 102.55 13.87 0.78 50831.3
1683789639 35.95 18.03 14621 120102
1683789649 93.15 19.47 1.57 50362.4
1683789659 102.14 14.11 0 51322.9
1683789669 97.76 13.88 0.39 51022.9
1683789679 17.44 19.7 15158.9 116510
1683789689 102.53 17.77 0.39 52618.1
1683789699 102.05 14.1 0 51612.9
1683789709 100.4 15.55 0.39 49842.9
1683789719 6.17 17.9 14861.9 111754
1683789729 15.07 17.92 536.46 32623.6

Execution duration: 00:22:11.11
