1683790077 102.06 4.96 177.46 46439.2
1683790087 102.64 2.68 27.4 46886.9
1683790097 102.82 15.96 18.27 46628.2
1683790107 47.36 18.04 14365.2 112707
1683790117 102.64 18.16 14.89 51372.4
1683790127 111.64 16.07 0 83353.4
1683790137 84.48 14.41 3.12 66237.9
1683790147 45.36 18.04 13992.2 173912
1683790157 95.6 19.92 1.17 51445.6
1683790167 93.65 14.11 1.96 51969.5
1683790177 102.65 13.89 0 53771.6
1683790187 27.53 18.18 15203.9 144812
1683790197 111.44 20.06 0 84122.8
1683790207 91.11 14.33 0.78 76371.1
1683790217 102.54 14.19 0 167352
1683790227 90.35 14.3 0.78 163662
1683790237 52.15 19.79 15262.2 129062
1683790247 110.17 20.11 0 82616
1683790257 85.42 13.93 1.57 69256.4
1683790267 99.61 14.47 1.56 77680.5
1683790277 111.76 16 0 82877.5
1683790287 74.07 18.39 15545.2 156510
1683790297 101.36 14.03 0 193408
1683790307 103.03 14.17 0 61726
1683790317 102.65 15.67 0 50571.6
1683790327 48.78 18.04 15788 128990
1683790337 97.74 17.8 1.17 52732.7
1683790347 102.25 14.13 0 52756.2
1683790357 100 15.65 1.57 48982
1683790367 39.32 19.94 15484.5 153158
1683790377 88.66 17.94 0.39 72592.8
1683790387 111.34 18.51 0 80503.6
1683790397 105.19 14.1 0 82009
1683790407 73.03 14.59 1.56 62674.9
1683790417 93.37 20.16 13876.6 157875
1683790427 105.23 16.27 1.16 83835.5
1683790437 81.48 14.15 0.39 240831
1683790447 102.26 14.27 0 53720
1683790457 41.05 19.79 15274.3 128656
1683790467 102.26 18.16 0 54208.8
1683790477 102.54 13.77 0.39 52947.8
1683790487 102.45 14.27 0 56525.8
1683790497 36.69 19.77 14985.9 122450
1683790507 102.35 18.15 0.78 54487.7
1683790517 101.65 13.76 0.39 52241.5
1683790527 100.59 16.01 1.17 50878.3
1683790537 28.67 18.01 15290 121043
1683790547 110.68 18.32 0 82367.9
1683790557 110.05 13.95 0 83096.9
1683790567 74.76 16.19 1.56 58052.4
1683790577 97.36 14.2 0.39 77127.7
1683790587 62.27 18.4 15595 161463
1683790597 81.18 20.21 1.17 73124.7
1683790607 110.76 14.48 0 84243.2
1683790617 95.02 14.26 0 75658.6
1683790627 96.18 16.48 0.78 75665.4
1683790637 97.09 18.56 14881.5 162512
1683790647 78.67 14.5 0.78 67482.6
1683790657 112.44 14.42 0.39 84095.6
1683790667 101.97 16.02 0 384404
1683790677 30.43 18.01 15313.5 124132
1683790687 101.76 19.9 0 53377.6
1683790697 91.87 13.74 1.96 51148.3
1683790707 103.43 20.15 0 52749.9
1683790717 39.93 18.03 14341.3 117553
1683790727 102.36 18.16 0 56375
1683790737 92.33 15.87 1.17 50004.7
1683790747 102.34 14.24 0 53879.7
1683790757 56.3 18.05 14056.3 119408
1683790767 99.51 18.18 0.78 51803.7
1683790777 102.16 19.7 0 53799.6
1683790787 101.46 14.27 0 50626.8
1683790797 78.56 18.09 14083.1 127705
1683790807 96.28 15.79 1.96 49311.9
1683790817 101.85 13.81 0 53061.5
1683790827 99.8 14.29 1.17 51456.8
1683790837 92.36 18.1 14284 127059
1683790847 105.19 16.01 0.78 81916.9
1683790857 110.66 14.03 0 82169.3
1683790867 102.03 14.57 0.39 76347.6
1683790877 54.71 18.33 14383.3 140012
1683790887 111.06 16.1 0 80090.7
1683790897 104.51 15.85 0 88146.8
1683790907 71.13 14.54 0.78 61332.3
1683790917 13.2 18.33 14606.1 141041
1683790927 100.4 20.27 0 83101.4
1683790937 88.74 14.15 0.78 71298.6
1683790947 110.38 14.64 0 84204.9
1683790957 78.3 14.38 1.17 67767.7
1683790967 42.92 20.33 15085 151167
1683790977 108.8 18.35 0.78 81283.3
1683790987 66.21 14.67 0.39 58924.6
1683790997 110.82 14.45 0 83731.8
1683791007 104.07 16.88 0 85580.2
1683791017 24.05 18.01 15551.9 578712
1683791027 102.65 18.15 0 52477.2
1683791037 95.4 15.48 1.17 56762.8
1683791047 101.96 14.22 0 51568.7
1683791057 38.09 18.03 14218.2 117727
1683791067 101.86 19.92 0 50500
1683791077 103.14 13.76 0.39 53158.1
1683791087 93.57 16.09 0.78 49380.7
1683791097 68.75 19.85 13577.3 122000
1683791107 97.27 14.07 0.39 49400.8
1683791117 102.06 15.6 0 53139.3
1683791127 102.15 16.1 0.39 51981.6
1683791137 69.71 18.09 14861 129048
1683791147 91.78 14.06 289.63 54149.5
1683791157 102.55 15.59 0 51649.4
1683791167 96.79 16.11 1.17 51639.4
1683791177 52.14 19.93 15140.2 122956
1683791187 101.86 18.29 0 53140.1
1683791197 101.87 15.67 0.39 51379.9
1683791207 102.16 14.39 0 51893.4
1683791217 34.65 18.02 15413.7 121290
1683791227 102.35 18.15 0 52344.4
1683791237 96.1 15.52 1.17 49055
1683791247 102.26 14.24 0 53531.8
1683791257 27.53 18.01 15145.5 119839
1683791267 111.18 20.09 0 81849.2
1683791277 94.34 13.94 0.39 72631.2
1683791287 99.12 16.17 0 74671.9
1683791297 15.72 18.14 14578.1 144201
1683791307 68.65 20.04 0.39 56925.8
1683791317 101.07 14.25 0 77969.8
1683791327 111.24 14.36 0 86236.6
1683791337 79.01 14.1 0.39 66277.7
1683791347 20.24 19.97 15129.2 150159
1683791357 97.85 17.97 0.39 78793.4
1683791367 104.61 14.3 0 79047.8
1683791377 111.06 14.06 0 83090.4
1683791387 70.52 16.26 0.78 59756.4
1683791397 13.7 17.98 15039.1 126292
1683791407 12.38 17.99 367.26 32620.3

Execution duration: 00:22:19.19
