1683797412 86.01 20.76 248592 30691.2
1683797417 54.19 18.6 221348 30317.9
1683797422 49.13 18.97 221617 29639.6
1683797427 43.81 14.44 221576 30389.3
1683797432 42.67 14.45 221331 30336
1683797437 43.59 14.45 221908 30620.3
1683797442 42.94 14.81 221983 30731.3
1683797447 44.38 14.49 221527 29741.7
1683797452 43.81 14.55 221183 28112.8
1683797457 43.81 14.56 221185 30738.3
1683797462 43.02 14.91 221867 30871.1
1683797467 43.78 14.56 221786 30779.3
1683797472 42.82 14.63 222054 28186.6
1683797477 46.4 16.55 221137 25560.5
1683797482 39.17 14.47 662987 1.29717e+06
1683797487 39.42 14.18 220770 443.42
1683797492 124.09 14.42 211959 93036.3
1683797497 63.67 14.41 222830 223234
1683797502 259.61 20.61 2.28961e+06 231959
1683797507 299.06 14.28 0 436.91
1683797513 199.43 20.72 0 440.76
1683797518 298.49 14.4 0 441.28
1683797523 145.01 14.8 0 438.42
1683797528 135.23 14.44 0 438.42
1683797532 100.38 13.82 0 436.08
1683797537 100.19 13.82 0 445.3
1683797542 100.19 14.21 0 443.59
1683797547 219.35 19 0 444.44
1683797553 299.43 14.48 0 436.91
1683797558 169.06 14.84 0 437.74
1683797563 206.58 14.84 0 436.09
1683797568 200 14.25 0 439.25
1683797573 209.03 14.87 0 436.91
1683797578 200 14.18 0 436.91
1683797583 144.14 14.84 0 440.75
1683797588 135.34 14.48 0 428.57
1683797592 100.38 13.86 0 435.25
1683797597 99.81 13.86 0 435.25
1683797603 98.87 18.38 0 428.68
1683797607 193.85 14.85 0 445.3
1683797613 197.17 14.17 0 430.19
1683797618 119.25 18.97 0 437.74
1683797623 239.06 19.01 0 430.19
1683797628 199.81 14.18 0 437.74
1683797633 6.79 17.68 1.16062e+06 106961

Execution duration: 00:03:47.47
