1683732369 62.38 13.76 249165 32305.6
1683732374 37.88 13.83 222375 32653.8
1683732379 40 13.77 221835 32238.5
1683732384 38.88 14.13 221297 31578.6
1683732389 38 13.78 221335 32368.5
1683732394 40.57 13.77 221687 31950.8
1683732399 38.62 13.77 220759 32186.6
1683732404 38.96 14.23 222226 29537
1683732409 39.92 13.87 220893 32024.6
1683732414 39.04 13.88 221859 32264.6
1683732419 37.5 13.88 222647 32586.1
1683732424 39.42 14.24 221416 32043.1
1683732429 38.19 13.95 221529 29311.3
1683732434 31.98 13.88 662704 1.30442e+06
1683732439 31.93 13.44 220454 397.71
1683732444 32.56 13.81 221622 406.94
1683732449 67.43 13.61 121343 12703.7
1683732454 64.74 13.83 265557 265816
1683732459 0.58 13.63 3.49508e+06 348389

Execution duration: 00:01:36.36
