1683739963 102.26 4.96 161.4 46239.4
1683739973 102.94 1.55 0 46895
1683739983 102.94 14.19 29.75 47424.3
1683739993 45.37 18.03 14252.6 111965
1683740003 103.34 15.08 16.06 52625.3
1683740013 112.03 13.93 0 85393.4
1683740023 82.78 14.4 2.74 64655.2
1683740033 43.7 18.98 13992.2 173120
1683740043 95.2 13.97 2.35 52829
1683740053 93.95 14.71 2.73 52145.3
1683740063 102.93 14.33 0 55239.9
1683740073 28.51 18.16 15160.2 145931
1683740083 111.54 19.29 0 85043.4
1683740093 85.83 13.94 2.35 72545.1
1683740103 101.75 14.17 0 165428
1683740113 91.66 15.26 0 164178
1683740123 55.02 18.15 15248.1 128439
1683740133 110.17 13.81 0 84211.9
1683740143 83.87 18.44 0.39 67125
1683740153 103.73 14.47 2.35 79367.7
1683740163 14.61 19.12 15481.5 151893
1683740173 84.07 19.35 3.91 69453.8
1683740183 101.56 14.03 0 192407
1683740193 101.17 13.79 0.78 59298.1
1683740203 102.55 15.25 0 52366.7
1683740213 53.73 18.04 15773 131974
1683740223 101.38 18.16 0.78 54622.3
1683740233 102.74 14.12 0.39 52772.6
1683740243 100.29 15.34 1.17 52016
1683740253 51.06 18.19 15334.5 155880
1683740263 82.27 14.14 0.78 67323.3
1683740273 110.95 15.31 0 81952.7
1683740283 103.91 14.45 0.39 83308.7
1683740293 80.26 14.58 0.78 66567.4
1683740303 107.72 18.42 13890.1 160300
1683740313 101.86 15.11 1.17 82672.9
1683740323 87.01 14.14 1.95 244018
1683740333 101.26 13.91 0 53535.6
1683740343 55.33 18.04 15275.1 130425
1683740353 102.65 14.97 0 51423.3
1683740363 104.39 14.35 0.39 52519.5
1683740373 101.76 14.25 0 56572.1
1683740383 48.19 18.99 14970.9 125545
1683740393 102.36 14 0 53920.2
1683740403 103.03 14.12 0.78 55055.3
1683740413 101.46 14.87 0 49554.9
1683740423 44.45 18.15 15201.2 125312
1683740433 108.34 13.81 0 82835.7
1683740443 110.36 15.29 0 84314.4
1683740453 71.26 14.46 0.39 58220.9
1683740463 100 18.73 0.78 78771
1683740473 82.03 19.35 15701.6 169864
1683740483 88.57 14.35 1.95 75370.5
1683740493 111.22 14.52 0 84010.1
1683740503 90.91 15.59 0.78 72681.1
1683740513 15.15 18.34 14984.2 139983
1683740523 110.52 18.57 0 84386.7
1683740533 84.37 19.63 1.17 70916.1
1683740543 110.38 15.66 0 81823.9
1683740553 98.63 14.28 1.17 384004
1683740563 51.91 18.03 15298.1 131069
1683740573 103.53 14.97 0 53473.9
1683740583 89.45 14.11 1.17 49957.4
1683740593 101.76 14.23 0 53738.6
1683740604 62.27 19.24 14216.5 122394
1683740613 102.15 14.01 0 57194.9
1683740623 91.98 14.12 0.78 48809.4
1683740633 99.52 15.23 0 53949.6
1683740643 74.88 18.06 14056.3 126195
1683740653 97.07 18.18 0.39 50254.8
1683740663 102.36 14.16 0 54958.9
1683740673 102.45 15.26 14069.7 50886.1
1683740683 99.22 18.09 14069.3 131428
1683740693 94.23 14.06 0.78 48659.1
1683740703 102.05 15.14 0 53364.6
1683740713 14.29 17.98 14270.8 110823
1683740723 103.53 18.24 0 55351.9
1683740733 108.04 15.24 1.18 83357.1
1683740743 111.07 14.4 0 82084.5
1683740753 23.43 18.25 14481.2 142814
1683740764 71.68 19.31 0.78 64574.6
1683740773 110.76 14.37 0 82195.1
1683740783 103.52 18.64 0 88902.4
1683740793 54.64 15.51 0.39 49584
1683740803 27.28 18.4 14606.1 145603
1683740813 109 18.52 0 89874.5
1683740823 63.05 14.49 0.78 56667.4
1683740833 110.76 15.6 0 83463.5
1683740843 107.52 14.82 0.78 88368.4
1683740854 51.59 18.56 14968.8 148080
1683740863 110.35 14.54 0 84473.8
1683740874 87.19 14.7 0.39 74885.7
1683740883 104.5 15.81 0.39 82461.8
1683740893 111.82 15.02 0 87898.4
1683740903 47.76 18.02 15535.5 583996
1683740913 98.84 14.96 0.39 53153.4
1683740923 102.94 14.12 0 59347.2
1683740933 92.87 14.23 1.17 50089.5
1683740943 57 19 14218.2 123142
1683740953 102.65 19.14 0.39 51036.4
1683740964 101.95 14.24 0 52745.4
1683740973 102.16 15.33 0 51962.5
1683740984 94.85 19.09 13484.4 127278
1683740993 92.95 14.08 1.18 50730.7
1683741003 102.06 14.22 0 53301
1683741014 101.65 14.36 0.78 52977.4
1683741023 91.98 19.08 14890.1 132047
1683741033 103.04 15.07 338.94 57378.9
1683741043 103.14 15.21 0 50915.1
1683741054 103.03 15.42 0.39 51808.4
1683741064 81.81 19.19 15081.3 130363
1683741073 103.24 15.15 0 53238.8
1683741083 102.35 15.29 0.78 50149.7
1683741094 101.46 14.42 0 53145.4
1683741103 75.22 18.08 15428.4 129944
1683741114 101.36 14.03 0 52566.2
1683741123 96.87 15.15 0.39 51049.6
1683741133 102.65 14.29 0 52436.9
1683741143 69.73 18.06 15146.3 129358
1683741153 110.39 15.22 0 82304.4
1683741164 100.88 15.34 0 78059.7
1683741174 93.25 18.61 0.39 71628.6
1683741184 58.58 18.24 14479.1 151604
1683741194 73.6 15.17 0.39 61833.8
1683741204 109.76 15.29 0 83777.3
1683741214 111.25 14.42 0 84656.9
1683741224 61.64 14.5 15.97 53267.4
1683741234 61.62 18.26 15128.9 158852
1683741244 108.1 15.23 0.39 83902.3
1683741254 65.46 14.3 1.17 56961.6
1683741264 110.51 14.44 0 84219.4
1683741274 11.84 17.97 0 68730.3
1683741284 17.72 18.98 15305.7 115207
1683741294 8.04 4.85 78.04 32626.7

Execution duration: 00:22:15.15
