1683779565 281.15 18.59 132429 81.54
1683779570 299.62 14.08 145180 79.7
1683779575 300 18.66 144875 347.36
1683779580 299.44 14.07 144404 381.24
1683779585 298.87 14.07 145059 381.95
1683779590 300.57 14.07 145492 381.95
1683779595 299.43 14.43 145307 383.46
1683779600 299.81 14.07 146851 384.18
1683779605 300 14.07 145284 382.67
1683779610 299.24 14.07 146598 383.46
1683779615 300.76 14.46 145694 384.18
1683779620 298.69 14.07 146372 382.74
1683779625 300.38 14.07 146586 384.18
1683779630 300.19 14.07 146325 382.74
1683779635 299.24 14.43 145589 383.46
1683779640 299.62 14.07 147044 385.69
1683779645 300.57 14.08 145660 383.46
1683779650 299.62 14.07 145748 382.74
1683779655 300 18.59 145604 383.46
1683779660 299.43 14.07 146045 383.46
1683779665 300.19 14.07 145092 384.18
1683779670 299.62 14.07 145757 383.46
1683779675 300.38 14.43 142802 45029
1683779680 298.87 14.07 136287 135023
1683779685 299.81 14.16 134440 133087
1683779690 299.62 14.23 134730 133342
1683779695 299.82 14.66 132120 131657
1683779700 297.39 14.37 129049 129324
1683779705 0.38 17.67 3.86092e+06 726183

Execution duration: 00:02:26.26
