1683756105 101.96 4.96 298.44 46390.6
1683756115 102.84 2.22 141.82 46508.1
1683756125 102.64 13.84 2.34 46730.1
1683756135 45.87 18.04 14464.4 112136
1683756145 102.83 19.09 15.26 51542.9
1683756155 102.74 14.12 16.44 53211.8
1683756165 100.4 13.89 1.57 48915.6
1683756175 81.3 19.52 13967.5 146605
1683756185 89.54 13.84 5.47 71441.6
1683756195 111.34 14.38 3.13 82499.3
1683756205 105.19 15.43 0 82667.5
1683756215 7.82 17.91 15215.2 233221
1683756225 103.05 17.74 0 54812.6
1683756235 101.97 15.55 2.74 80543.8
1683756245 109.88 14.02 0 83021.7
1683756255 105.37 14.57 0.78 78358.6
1683756265 65.26 18.3 15261.4 152570
1683756275 110.55 15.63 0 82479
1683756285 88.77 14.12 1.17 202316
1683756295 78.68 14.21 1.17 46958.1
1683756305 3.03 19.02 15557.3 118640
1683756315 93.93 18.1 15560.8 143580
1683756325 102.26 13.7 0 51064.4
1683756335 93.02 15.46 1.16 51127.8
1683756345 102.64 13.95 0 50991.2
1683756355 69.65 18.23 15788.4 151486
1683756365 98.73 15.12 1.96 75945.9
1683756375 111.24 14.4 0 83157
1683756385 71.82 14.11 1.57 59461.4
1683756395 111.63 15.89 0.39 82566.6
1683756405 102.84 18.43 15469.8 170823
1683756415 90.44 14.37 0.39 76523.7
1683756425 101.27 15.44 0 252120
1683756435 91 14.27 1.96 51460.3
1683756445 84.91 18.08 13917.3 128232
1683756455 93.3 15.33 1.17 51293.6
1683756465 102.35 17.98 0 51743.5
1683756475 102.05 14.29 0.39 59672.8
1683756485 72.77 19.36 15303.4 129902
1683756495 102.56 14.04 0 51840
1683756505 97.74 13.79 0.78 49433.9
1683756515 102.84 15.58 0 53120.1
1683756525 61.98 18.05 14970.1 119869
1683756535 108.71 18.35 0 78353
1683756545 98.45 15.26 0.78 76654.5
1683756555 109.59 14.52 0 80285.4
1683756565 37.77 18.28 15171.3 148463
1683756575 74.41 19.65 1.17 63857
1683756585 111.34 14.04 0 82544.7
1683756595 86.49 14.49 0.39 68997.5
1683756605 91.25 15.58 0 69966.5
1683756615 36.39 18.42 15732.3 157433
1683756625 77.8 18.21 0.78 62720.9
1683756635 99.51 15.82 0.78 80060.6
1683756645 112.32 14.31 0 87946.8
1683756655 72.57 14.25 2.34 388823
1683756665 46.3 19.32 14968.8 122803
1683756675 93.96 18.15 0.78 55116.7
1683756685 102.65 13.76 0 52708.4
1683756696 102.34 15.54 0 52498.6
1683756705 30.03 18.01 15313.1 120324
1683756715 101.95 18.15 0 57577.4
1683756725 99.71 13.74 0.78 50859.5
1683756735 102.26 15.51 0 52528.1
1683756746 44.9 19.32 14216.5 118665
1683756755 103.05 18.17 0 52147.3
1683756765 100.5 13.76 1.18 50233.9
1683756775 108.52 15.74 0 75533.5
1683756785 66.14 18.24 14069.3 143719
1683756795 93.65 14.26 2.35 72214.3
1683756805 109.28 14.02 0 84218.8
1683756815 88 15.78 0.39 75724.6
1683756825 42.98 18.35 14041.8 145612
1683756836 103.97 18.47 0.78 81251.3
1683756845 93.16 14.13 0.39 76234.6
1683756855 110.43 20.07 0 83614
1683756865 83.29 14.41 0.78 68456.7
1683756875 84.47 18.56 14243 150648
1683756885 110.95 15.52 0 83619.9
1683756895 81.51 14.68 0 78651.3
1683756906 69.73 14.2 0.78 406434
1683756915 23.09 19.3 14508.4 118318
1683756925 95.29 17.75 0.78 61055.4
1683756936 101.66 14.09 0 51200.8
1683756945 97.16 13.84 0.39 51489.9
1683756955 20.85 19.28 14620.7 119083
1683756965 103.33 19.05 0.78 51653.3
1683756975 95.9 14.09 1.56 48764.8
1683756985 102.45 13.85 0 54942
1683756995 18.12 19.28 15115.4 117125
1683757005 102.44 17.77 0 52330.3
1683757015 100.98 14.1 0 56900.2
1683757025 102.36 15.14 0 52881.5
1683757035 89.43 14.32 1.57 47319.1
1683757045 90.5 18.09 15580.8 137361
1683757055 99.62 15.34 1.17 51571.4
1683757065 102.35 13.82 0 51033.3
1683757075 8.41 17.95 14218.6 113771
1683757086 101.96 19.05 0 49589.1
1683757095 102.16 14.09 0 52632.5
1683757105 97.75 19.38 1.18 50650.7
1683757116 40.69 19.34 13523.9 114580
1683757125 98.14 17.82 1.17 50669.3
1683757135 108.82 15.63 0 77069.5
1683757145 86.6 14.11 0.39 71175.7
1683757156 23.54 18.28 14846.5 146863
1683757165 106.07 19.34 0.39 79052.1
1683757176 72.9 19.82 0 62735.8
1683757186 110.44 15.46 0 83509.4
1683757196 91.11 15.99 0.78 73287.2
1683757206 41.6 19.75 15143.2 150024
1683757215 111.07 19.89 0 83016.4
1683757226 77.42 15.47 0.78 61545.3
1683757236 111.04 14.64 0 83112.4
1683757246 98.27 14.4 0 74758.9
1683757256 55.79 19.68 15338.3 149115
1683757266 111.24 18.16 0 82805.1
1683757276 71 14.43 0.78 58390.6
1683757286 96.49 15.48 0 76023.5
1683757296 109.2 15.98 0 82390.6
1683757306 70.37 18.42 15117.1 154232
1683757316 111.36 14.38 0 84092.4
1683757326 96.02 15.43 0.39 75766.2
1683757336 84.54 14.6 0 67160.5
1683757346 35.9 18.38 14606.6 150261
1683757356 77.03 18.09 2606.84 645550
1683757366 86.48 14.98 0 50476
1683757376 102.36 15.48 0 53726
1683757386 95.6 13.94 0.39 54693.2
1683757396 73.31 18.06 15129.2 129776
1683757406 102.55 14.98 0 52513.2
1683757416 102.15 14.17 0 51327.5
1683757426 102.06 18.09 0.39 52825.9
1683757436 7.94 17.74 15363.5 89384.3
1683757446 1.28 17.73 89.81 116.46

Execution duration: 00:22:25.25
