1683750244 102.74 4.96 451.76 46254.1
1683750254 102.44 0.58 0 46856.7
1683750264 103.53 15.4 29.38 47173
1683750274 46.05 18.04 14549.8 112557
1683750284 102.84 14 32.09 52014.1
1683750294 102.83 14.97 0 53167.1
1683750304 105.87 14.42 1.96 74198.4
1683750314 81.57 18.25 13926.6 154460
1683750324 83.98 15.45 1.56 70952.1
1683750334 98.04 14.12 41.13 159032
1683750344 102.04 14.24 0.39 57396.9
1683750354 35.7 19.21 15059.6 124737
1683750364 108.53 18.34 0 77581.2
1683750374 94.29 13.93 1.94 75508.8
1683750384 111.06 19.83 0 80363.1
1683750394 86.48 14.21 0 66478.6
1683750404 68.7 18.37 15262.2 147672
1683750414 102.15 14.01 0 190406
1683750424 91.68 15.32 2.74 52794.5
1683750434 102.74 13.9 0 53800.4
1683750444 38.04 19.22 15573.3 124540
1683750454 102.45 18.99 0 52165.9
1683750464 98.14 14.11 1.17 51601.6
1683750474 103.33 13.89 0 52942.6
1683750484 24.06 19.37 15773.4 146807
1683750494 97.19 17.93 1.94 75856.9
1683750504 111.25 14.34 0 82726.4
1683750514 75.87 15.25 0.78 65379.5
1683750524 110.57 15.81 1.57 82648.1
1683750534 63.06 18.38 15469.4 165894
1683750544 86.32 14.4 0.39 74496.2
1683750554 101.45 15.31 0 243657
1683750564 91.69 14.21 1.17 51985.9
1683750574 41.35 18.03 13890.1 118728
1683750584 97.39 19.34 0.39 51332.7
1683750594 102.36 13.76 0 50883.4
1683750604 99.9 14.23 0 57982.9
1683750614 29.74 19.21 15184.5 119329
1683750624 103.33 18.14 0 51804.1
1683750634 96.31 13.75 0.78 50520.2
1683750644 102.26 15.42 0 53435.6
1683750654 27.77 18 14925.9 116103
1683750664 108.92 18.32 0 78237
1683750674 95.89 15.11 0.39 78189.6
1683750684 110.75 14.46 0 80867.3
1683750694 98.74 14.23 0.39 75020.3
1683750704 81.05 18.39 15261.3 156034
1683750714 111.14 15.2 0 84970.5
1683750724 87.77 14.47 0.39 74266.1
1683750734 84.08 14.27 2.73 68840.2
1683750744 11.93 18.15 15717.3 152538
1683750754 88.37 18.55 15703.5 165555
1683750764 78.28 15.69 1.55 67011
1683750774 111.54 18.4 0 84451.7
1683750784 96.87 14.24 1.17 399082
1683750794 12.06 19.18 15013.5 116201
1683750804 102.26 18.11 0 53154.2
1683750814 103.22 13.72 1.17 62901.9
1683750824 102.74 15.42 0 51956.2
1683750834 96.78 13.97 1.56 50912.2
1683750844 98.43 18.1 15327.3 144474
1683750854 96.22 14.91 1.17 49197.7
1683750864 101.47 14.19 0 53209
1683750874 16.66 17.99 14355.3 116544
1683750884 102.45 19.33 0.39 53185.5
1683750894 101.95 14.93 0 53761.2
1683750904 101.95 14.39 1.57 73848.1
1683750914 45.17 18.23 14028.1 148537
1683750924 82.87 19.58 0.78 63428.6
1683750934 105.77 13.97 0 82063.8
1683750944 111.83 14.52 0 86644
1683750954 77.83 14.26 1.56 67328.1
1683750964 85.24 19.62 14069.3 156243
1683750974 111.83 14.08 0.39 93031.5
1683750984 85.14 14.53 1.17 74760.5
1683750994 111.25 15.58 0 81214.5
1683751004 57.32 18.51 14242.6 150130
1683751014 95.9 14.1 0.39 77106.1
1683751024 110.35 18.82 0 83142.9
1683751034 68.13 14.2 1.56 402456
1683751044 10.58 19.18 14508.4 114556
1683751054 98.83 17.75 0.78 55263.1
1683751064 101.86 15.28 0 53549.1
1683751074 101.28 13.84 0 51904.4
1683751084 19.72 19.19 14592.2 119484
1683751094 102.15 17.77 0 52223.7
1683751104 93.74 14.08 0.78 48310
1683751114 102.94 15.06 0 55106.8
1683751124 14.28 17.98 15100.2 117259
1683751134 101.96 17.75 0 51725.8
1683751144 103.14 15.28 0 59471.2
1683751154 101.65 13.86 0 51207.8
1683751164 97.46 14.33 1.18 50314.2
1683751174 94.14 19.29 15550.3 138689
1683751184 98.44 14.07 0.39 51452
1683751194 102.06 13.82 0 51300.1
1683751204 16.15 19.2 14204.7 115755
1683751214 102.06 17.76 0 51534.2
1683751224 101.36 15.29 0 51730.7
1683751234 90.78 13.95 1.55 48011.7
1683751244 43.35 19.24 13563.6 114814
1683751254 99.42 19.03 0.39 51344.6
1683751264 107.7 14.36 0 79733.9
1683751274 92.96 15.33 0.39 73487.4
1683751284 34.68 18.3 14817.5 147559
1683751294 107.34 18.07 0.39 81691.5
1683751304 71.13 15.59 0 62524.9
1683751314 110.64 15.39 0 82124.5
1683751324 91.83 15.9 0.39 75377.3
1683751334 43.58 19.66 15158.9 147192
1683751344 109.58 19.8 0 81549.6
1683751354 92.34 14.15 0.78 73643.5
1683751364 111.63 15.87 0 84453.1
1683751374 96.08 14.38 0.78 72297.9
1683751384 58.28 19.58 15353.6 147152
1683751394 111.73 13.96 0 83787.3
1683751404 88.07 15.66 0.78 72312.8
1683751414 87.38 18.32 0.39 67915.5
1683751424 108.5 14.65 0 82203.1
1683751434 78.47 19.63 15131.5 156323
1683751444 107.64 14.36 0 83264.2
1683751454 111.44 14.12 0 89592.2
1683751464 70.15 15.8 0.78 62758.5
1683751474 40.68 18.47 16172 148197
1683751484 101.94 18.13 2719.3 655966
1683751494 90.61 13.72 0.39 50382.8
1683751504 101.85 15.45 0 52181.3
1683751514 94.43 15.22 1.17 50234.1
1683751524 97.67 18.1 15026.4 137708
1683751534 93.84 14.93 0.78 51801.8
1683751544 101.86 14.19 0 51696.6
1683751554 2.94 17.73 14754.5 111347
1683751564 8.14 18.98 663.27 492.06

Execution duration: 00:22:12.12
