1683767866 90.49 18.87 259397 30387.8
1683767871 55.22 18.88 221726 30174.5
1683767876 46.29 18.52 221233 31134.5
1683767881 41.22 13.76 220811 32024.4
1683767886 43.86 13.75 222113 31673.6
1683767891 43.04 14.13 222248 31030.8
1683767896 42.48 14.12 217687 31171.4
1683767901 44.25 13.76 222628 31865.1
1683767906 41.45 13.77 221932 32287.5
1683767911 42.09 14.13 220290 31869
1683767916 43.32 13.77 220947 31737.4
1683767921 39.93 13.78 221982 32448.7
1683767926 44.27 13.77 222877 32146.6
1683767931 40.34 14.13 220122 32063.6
1683767936 38.52 13.78 219714 31916.5
1683767941 98.09 13.78 137456 110191
1683767946 67.87 13.96 247035 245519
1683767951 65.46 14.45 223704 224397
1683767956 224.34 20.87 375172 88190.2
1683767961 306.02 14.9 0 31239.1
1683767966 150.65 19.41 0 31387.6
1683767971 305.8 15.25 0 31698.5
1683767976 306.2 15.02 0 31497.2
1683767981 266.92 15.31 0 32037.4
1683767986 305.83 14.97 0 31520.3
1683767991 190.6 20.97 0 32484.2
1683767996 208.08 14.68 0 32577.4
1683768001 205.27 14.87 0 31908.3
1683768006 265.92 16.88 0 32274.2
1683768011 305.26 15.41 0 32466.2
1683768016 209.21 15.42 0 32290.2
1683768021 305.64 15.13 0 32093.2
1683768026 149.62 15.5 0 31159.4
1683768031 302.99 15.5 0 31617.2
1683768036 305.83 15.28 0 32097.8
1683768041 266.3 14.92 515360 1.1541e+06
1683768046 299.62 14.49 0 384.18
1683768051 193.98 19.09 0 385.69
1683768056 200.76 14.19 0 379.66
1683768061 98.12 18.4 0 384.93
1683768066 6.78 17.67 3.04013e+06 582191

Execution duration: 00:03:24.24
