1683768109 102.45 6.43 148.09 46776.1
1683768119 103.03 0.94 27.79 46872.8
1683768129 102.32 13.86 1.94 46443.1
1683768139 45.05 19.51 14182.1 110589
1683768149 102.53 17.81 15.23 52237.5
1683768159 109.36 14.31 0 78175.2
1683768169 82.83 14.05 2.72 65012.6
1683768179 43.84 18.04 13978.5 173685
1683768189 93.11 19.25 1.94 52236.7
1683768199 90.92 14.12 4.3 52369.1
1683768209 102.84 13.88 0 53980.5
1683768219 22.87 19.64 15175.4 142436
1683768229 111.01 17.95 0 84407.8
1683768239 83.88 15.78 0.39 71555
1683768249 101.77 14.07 1.17 81144.1
1683768259 99.22 14.29 0 168256
1683768269 55.82 19.51 15248.5 133385
1683768279 109.18 18.37 0 79132.8
1683768289 91.69 13.95 1.17 71411.7
1683768299 100.68 14.49 1.17 77345.7
1683768309 19.66 19.7 15526.9 152167
1683768319 89.92 18.43 2.33 73111.6
1683768329 102.05 14.06 0 196513
1683768339 100.2 14.18 0 54875.2
1683768349 101.95 15.42 0 51879.9
1683768359 63.71 18.06 15773.4 132940
1683768369 102.35 17.83 0 53316.6
1683768379 102.33 19.79 0.78 54637.4
1683768389 102.16 13.93 0 50420.3
1683768399 62.31 18.25 15334.5 153277
1683768409 103.22 19.47 0.39 81149.7
1683768419 111.13 14.39 0 82312.5
1683768429 77.83 14.13 2.34 62462.5
1683768439 31.65 19.74 13877.3 143383
1683768449 109.19 19.58 0 85756.4
1683768459 90.14 14.41 1.95 84933.6
1683768469 100.88 14.19 0 251306
1683768479 102.74 14.33 0.39 58234.1
1683768489 85.81 19.55 15288.5 132840
1683768499 101.27 18.23 0.39 50138.3
1683768509 100.2 13.82 0 54071.4
1683768519 102.55 15.77 0 56752.2
1683768529 73.61 18.08 14911.4 126050
1683768539 102.15 18.22 0 54803.5
1683768549 102.35 13.81 0.39 52176.7
1683768559 102.14 14.3 0 52720.3
1683768569 69.89 19.54 15275.1 128497
1683768579 108.77 19.84 0 77291.2
1683768589 91.41 13.98 1.17 72276.6
1683768599 96.19 15.98 1.17 75805.9
1683768609 25.87 18.28 15686.2 153673
1683768619 68.55 18.42 1.56 58327.7
1683768629 109.52 18.17 0 84059.1
1683768639 107.47 15.96 0.39 82870.2
1683768649 78.46 14.31 0.78 64987.9
1683768659 46.79 18.44 14968.8 154413
1683768669 88.37 18.25 0 73345.1
1683768679 90.69 16.01 0.78 71634.5
1683768689 110.45 14.32 0 84521.1
1683768699 71.9 18.44 1.55 381640
1683768709 50.73 18.05 15327.3 127102
1683768719 100.2 19.63 0.39 53057
1683768729 95.22 13.78 0.39 51096.8
1683768739 101.36 14.26 0 52815.5
1683768749 49.22 19.5 14342.9 121378
1683768759 102.44 18.18 0 57197.7
1683768769 95.04 13.77 1.17 50757.5
1683768779 102.15 15.72 0 52021.1
1683768789 65.87 18.08 14070.5 121384
1683768799 102.16 18.19 0 51119.4
1683768809 100.4 15.26 0 52511.6
1683768819 101.86 14.3 0 51223.5
1683768829 85.72 18.1 14070.5 128073
1683768839 100.78 15.52 0 51959.3
1683768849 102.45 13.83 0.78 53482.6
1683768859 9.19 17.98 14242.2 108725
1683768869 100.98 17.77 0 53230.1
1683768879 109.55 15.74 0.39 76378.6
1683768889 110.94 14.06 0 83165.6
1683768899 78.69 16.03 2.35 60695.2
1683768909 79.1 18.34 14480.1 156575
1683768919 111.05 20 0 85334.5
1683768929 79.04 14.11 0.78 69932.5
1683768939 109.78 14.62 0 84030.2
1683768949 51.66 19.91 14592.6 155057
1683768959 95.12 18.55 0.39 74882
1683768969 111.33 14.24 0 84912.6
1683768979 75.37 14.67 0 62800.4
1683768989 109.67 15.96 0.39 82845.3
1683768999 90.03 18.65 15085 168928
1683769009 64.2 18.36 0.39 57153.4
1683769019 110.65 18.91 0 82273.3
1683769029 106.69 14.52 0 87030.9
1683769039 79.71 16.49 0.78 63119.6
1683769049 84.18 18.1 15535.2 597713
1683769059 95.31 18.2 0.78 56214.5
1683769069 102.15 13.81 0 52323.4
1683769079 92.49 14.3 1.17 52721.6
1683769089 85.35 19.55 14190.4 127634
1683769099 100.88 18.22 0.78 51547.9
1683769109 98.63 15.39 0 51454.2
1683769119 25.51 19.49 13550.3 110105
1683769129 102.61 17.82 0.39 51985.3
1683769139 102.04 14.15 0 52465.6
1683769149 92.17 15.38 1.96 49501
1683769159 20.06 19.49 14875.5 119034
1683769169 97.36 17.79 1.18 50011.4
1683769179 101.26 14.13 439.22 56647
1683769189 102.85 15.38 0.78 51971
1683769199 12.26 19.58 15183.9 114812
1683769209 101.47 19.35 0.39 53019.9
1683769219 102.35 14.22 0 50752.7
1683769229 100 15.44 0.39 49326.8
1683769239 96.48 15.94 0.39 49655.6
1683769249 94.43 18.1 15413.3 137369
1683769259 101.36 14.07 0.39 51983.7
1683769269 101.96 18.01 0 52465.8
1683769279 102.84 15.8 0 53077.6
1683769289 93.66 19.57 15086.4 135772
1683769299 101.66 14.26 1.96 72966.1
1683769309 110.48 19.66 0 81806.4
1683769319 92.21 14.5 0.39 70591.6
1683769329 53.94 18.26 14536.7 138298
1683769339 111.44 19.85 0 84871.6
1683769349 75 13.96 0.39 63414.9
1683769359 107.16 14.43 0 80928.5
1683769369 110.54 15.66 0 83693.3
1683769380 75.07 18.3 15012.6 150107
1683769389 109.38 13.89 0 81148.4
1683769399 95.8 14.36 0.39 74921.9
1683769409 96.98 18.28 0.78 77151.9
1683769419 13.29 19.43 14978.7 131650
1683769429 13.36 17.97 420.66 32304.9

Execution duration: 00:22:10.10
