1683747124 64.5 17.87 267056 32193.9
1683747129 39.12 14.08 221451 31775.6
1683747134 38.57 13.72 223103 32225.7
1683747139 38.36 13.73 221949 32372.5
1683747144 39.12 13.73 221163 31761.8
1683747149 38.43 14.11 221364 30819.1
1683747154 38.24 13.74 221198 31851.6
1683747159 38.7 13.74 221009 31776.2
1683747164 36.47 13.74 222490 32419.2
1683747169 38.93 15.27 221981 32099.2
1683747174 39.01 13.74 221859 32015.3
1683747179 39.36 13.74 220035 31461.6
1683747184 37.14 13.74 220673 31887.2
1683747189 38.85 14.11 222893 32047.7
1683747194 37.24 13.74 222858 32468.3
1683747199 92.75 13.86 150240 103591
1683747204 65.33 13.92 248856 247718
1683747209 60.31 14.42 218831 219711
1683747214 6.06 19.25 3.36034e+06 569931

Execution duration: 00:01:36.36
