1683770854 101.38 4.96 458.38 45775.5
1683770864 102.35 4.73 0 46255.8
1683770874 103.14 14.21 29.78 46793.7
1683770884 40.97 19.54 14454 114566
1683770894 104.59 18.32 15.25 59645
1683770904 111.83 13.95 0 83305.6
1683770914 83.04 15.97 1.55 59690.3
1683770924 32.55 18.02 13954 172961
1683770934 103.63 18.16 0.78 56465
1683770944 92.27 13.74 4.31 51587.5
1683770954 104.38 15.89 0 59847.3
1683770964 14.17 18.11 15057.2 140810
1683770974 110.42 18.37 0 82728.3
1683770984 91.31 15.45 0.39 79176.5
1683770994 97.26 14.17 2.35 161093
1683771004 102.65 15.44 0 53755.9
1683771014 51.22 18.2 15247.7 137738
1683771024 109.02 13.84 0 82557.1
1683771034 88.41 15.8 1.95 68683
1683771044 96.88 14.11 1.56 75086.3
1683771054 111.83 14.59 0 84147
1683771064 66.76 19.56 15484.2 271090
1683771074 102.54 14.04 0 52960
1683771084 102.15 13.8 1.18 60811.8
1683771094 102.16 14.28 0 50104.5
1683771104 46.58 19.55 15743 129302
1683771114 97.65 14 1.17 52635.6
1683771124 102.35 13.77 0 52865
1683771134 101.57 15.92 1.96 57771.7
1683771144 34.4 19.7 15424.2 151287
1683771154 83.88 18.3 0.39 69305.2
1683771164 111.13 13.99 0 82074.5
1683771174 111.35 14.46 0 85713.3
1683771184 62.08 18.4 1.17 57398
1683771194 71.81 19.91 13864.2 152265
1683771204 103.03 14.02 0 248631
1683771214 72.8 14.11 1.96 47871.6
1683771224 102.65 13.89 0 53786.5
1683771234 22.94 19.51 15259 127061
1683771244 102.44 17.78 0 51850.6
1683771254 102.84 18.27 0 55356.4
1683771264 101.67 15.73 0 55296.2
1683771274 24.59 18.01 14998.2 120612
1683771284 96.29 17.78 1.57 48578.5
1683771294 102.44 15.6 0 54197.3
1683771304 102.54 13.86 0.39 50452.4
1683771314 12.41 18.15 15275.1 124584
1683771324 104.4 19.45 0.39 81567.2
1683771334 109.41 14.34 0 81001.9
1683771344 98.83 14.1 0.39 75300.1
1683771354 66.99 16.05 1.17 57540.2
1683771364 34.6 19.84 15716.9 153484
1683771374 103.52 18.47 0.78 85984
1683771384 75.37 14.11 1.56 64258.9
1683771394 110.86 16.09 0 83034.8
1683771404 98.93 14.34 0.78 82971.9
1683771414 58.81 18.52 14925 149792
1683771424 110.17 15.64 0 85557.8
1683771434 83.38 14.11 0.78 375341
1683771444 97.29 13.87 0 53163.9
1683771454 16.05 19.51 15312.7 128840
1683771464 86.9 17.74 1.96 46668.2
1683771474 102.35 14.07 0 52955.9
1683771484 98.93 13.84 1.17 50312.3
1683771494 10.37 19.48 14327.3 111409
1683771504 102.55 17.76 0.39 52077.1
1683771514 101.86 14.1 0 51351.6
1683771524 96.28 15.35 1.17 52147.9
1683771534 30.3 18.02 14055.5 113936
1683771544 96.48 17.78 1.57 49855
1683771554 103.81 15.78 0 61033.7
1683771564 109.65 14.07 0 82883.1
1683771574 32.59 18.22 13947.2 133639
1683771584 110.65 19.54 0 81160.9
1683771594 90.81 14.34 0.39 74864.1
1683771604 110.83 14.17 0 82102.7
1683771614 23.46 18.34 14256.1 143261
1683771624 93.85 19.65 1.56 73669.6
1683771634 110.28 14.48 0 82509.4
1683771644 78 14.21 0.39 63143.4
1683771654 94.03 16.23 0.78 71656
1683771664 58.84 18.54 14494.2 155049
1683771674 81.72 14.52 0.78 69216
1683771684 105.47 15.78 0.39 80979.7
1683771694 110.28 14.84 0 85830.6
1683771704 94.52 14.75 0.39 77019.5
1683771714 94.74 19.61 14577.6 551388
1683771724 93.46 13.7 1.17 53331.5
1683771734 101.86 14.19 0 51726.3
1683771744 95.5 15.45 1.18 50534
1683771754 80.01 18.08 14968 128704
1683771764 101.95 13.69 0 54134.6
1683771774 102.45 15.68 0 50712.6
1683771784 102.04 13.96 0 52504.5
1683771794 68.55 18.38 15582.8 136239
1683771804 102.06 15.53 0 56836.8
1683771814 97.76 14.15 1.17 50387.1
1683771824 102.26 18.07 0 51915.5
1683771834 74.18 19.57 14204.7 125890
1683771844 102.06 13.69 0 51685.3
1683771854 96.09 14.27 1.17 50320.2
1683771864 8.23 19.47 13576.9 107327
1683771874 97.27 19.63 1.17 50132.3
1683771884 101.16 13.77 0 50479.9
1683771894 102.06 19.92 0.39 55708.8
1683771904 9.11 17.98 14890.1 114287
1683771914 103.1 18.31 0 58838
1683771924 95.55 15.44 0.39 73359.5
1683771934 111.04 14.45 0 84475.5
1683771944 87.31 15.76 1.17 67004.7
1683771954 55.12 19.89 15128.5 152160
1683771964 107.53 13.98 0 81620.3
1683771975 97.29 14.46 0.39 80623.3
1683771984 111.73 15.72 0 82186.5
1683771994 88.96 14.67 0.39 70124
1683772004 82.39 19.82 15413.7 158244
1683772014 109.58 14.26 0 80747.6
1683772025 92.73 15.53 0.78 74483.8
1683772034 111.04 14.51 0 83449.2
1683772044 31.16 18.26 15101.6 143843
1683772054 88.95 15.72 0 69876.1
1683772064 108.79 13.96 0 83690.6
1683772075 84.28 15.93 0 70922.2
1683772085 109.98 14.19 0 81513.9
1683772094 80.08 18.34 14578.1 155256
1683772104 92.69 15.43 0.39 75812.5
1683772114 110.66 14.41 0 83473.7
1683772124 82.61 14.25 3205.86 65895.6
1683772134 91.11 14.34 3205.47 640910
1683772144 97.37 19.62 15158.9 139761
1683772154 100.59 14.08 1.18 60709.9
1683772164 103.33 13.84 0 52756.1
1683772174 3.42 19.26 14521.6 111776
1683772184 8.52 17.74 15394.5 83552.3

Execution duration: 00:22:23.23
