1683781124 172.04 5.46 257458 0
1683781129 133.15 14.09 221455 195.45
1683781134 52.46 14.16 220219 378.79
1683781139 33.53 14.45 220439 379.43
1683781144 33.08 14.09 222153 379.35
1683781149 33.53 14.09 220819 379.43
1683781154 32.07 14.09 221044 387.79
1683781159 33 14.46 222743 382.34
1683781164 33.02 14.09 221973 380.15
1683781169 33.4 14.09 221523 380.15
1683781174 33.33 14.09 222701 381.61
1683781179 32.89 14.45 221125 380.88
1683781184 32.07 14.09 221473 380.15
1683781189 32.44 14.09 222910 390.02
1683781194 38.05 14.09 222789 39854.7
1683781199 52.94 14.54 221445 218953
1683781204 54.86 14.23 221511 219061
1683781209 55.89 14.43 220773 220570
1683781214 0.19 17.67 3.91941e+06 733773

Execution duration: 00:01:35.35
