1683751593 169.23 18.67 255915 386.16
1683751598 139.2 14.51 221375 377.27
1683751603 50.67 14.08 219908 376.47
1683751608 33.08 14.09 221737 380.88
1683751613 32.57 14.08 222554 381.61
1683751618 33.02 14.51 220704 392.37
1683751623 31.17 14.08 221224 380.88
1683751628 32.07 14.08 221387 380.15
1683751633 33.46 14.08 221859 380.88
1683751638 32.58 14.51 220973 379.42
1683751643 34.03 14.08 222300 388.53
1683751648 33.78 14.09 220822 380.15
1683751653 32.89 14.08 222226 379.35
1683751658 32.51 14.44 221541 380.88
1683751663 44.16 14.09 222203 125857
1683751668 51.8 14.18 220841 218364
1683751673 54.5 14.24 223506 221067
1683751678 57.05 14.75 221884 221644
1683751683 0.38 17.67 3.92008e+06 822410

Execution duration: 00:01:35.35
